

================================================================
== Vitis HLS Report for 'fc'
================================================================
* Date:           Sat Jun 27 09:58:21 2026

* Version:        2025.2 (Build 6295257 on Nov 14 2025)
* Project:        FP32_HLS
* Solution:       hls (Vivado IP Flow Target)
* Product family: zynq
* Target device:  xc7z045-ffg900-2


================================================================
== Performance Estimates
================================================================
+ Timing: 
    * Summary: 
    +--------+----------+----------+------------+
    |  Clock |  Target  | Estimated| Uncertainty|
    +--------+----------+----------+------------+
    |ap_clk  |  10.00 ns|  7.157 ns|     2.70 ns|
    +--------+----------+----------+------------+

+ Latency: 
    * Summary: 
    +---------+---------+-----------+-----------+------+------+---------+
    |  Latency (cycles) |   Latency (absolute)  |   Interval  | Pipeline|
    |   min   |   max   |    min    |    max    |  min |  max |   Type  |
    +---------+---------+-----------+-----------+------+------+---------+
    |     1576|     1576|  15.760 us|  15.760 us|  1576|  1576|       no|
    +---------+---------+-----------+-----------+------+------+---------+

    + Detail: 
        * Instance: 
        +----------------------------------+-----------------------+---------+---------+-----------+-----------+-----+-----+-------------------+
        |                                  |                       |  Latency (cycles) |   Latency (absolute)  |  Interval |      Pipeline     |
        |             Instance             |         Module        |   min   |   max   |    min    |    max    | min | max |        Type       |
        +----------------------------------+-----------------------+---------+---------+-----------+-----------+-----+-----+-------------------+
        |grp_fc_Pipeline_FC_BIAS_fu_114    |fc_Pipeline_FC_BIAS    |       12|       12|   0.120 us|   0.120 us|    0|    0|  loop pipeline stp|
        |grp_fc_Pipeline_FC_IC_fu_130      |fc_Pipeline_FC_IC      |     1547|     1547|  15.470 us|  15.470 us|    0|    0|  loop pipeline stp|
        |grp_fc_Pipeline_FC_OUTPUT_fu_176  |fc_Pipeline_FC_OUTPUT  |       12|       12|   0.120 us|   0.120 us|    0|    0|  loop pipeline stp|
        +----------------------------------+-----------------------+---------+---------+-----------+-----------+-----+-----+-------------------+

        * Loop: 
        N/A



================================================================
== Utilization Estimates
================================================================
* Summary: 
+-----------------+---------+-----+--------+--------+-----+
|       Name      | BRAM_18K| DSP |   FF   |   LUT  | URAM|
+-----------------+---------+-----+--------+--------+-----+
|DSP              |        -|    -|       -|       -|    -|
|Expression       |        -|    -|       -|       -|    -|
|FIFO             |        -|    -|       -|       -|    -|
|Instance         |       10|    -|    1447|     488|    -|
|Memory           |        -|    -|       -|       -|    -|
|Multiplexer      |        -|    -|       0|      65|    -|
|Register         |        -|    -|       9|       -|    -|
+-----------------+---------+-----+--------+--------+-----+
|Total            |       10|    0|    1456|     553|    0|
+-----------------+---------+-----+--------+--------+-----+
|Available        |     1090|  900|  437200|  218600|    0|
+-----------------+---------+-----+--------+--------+-----+
|Utilization (%)  |       ~0|    0|      ~0|      ~0|    0|
+-----------------+---------+-----+--------+--------+-----+

+ Detail: 
    * Instance: 
    +----------------------------------+-----------------------+---------+----+------+-----+-----+
    |             Instance             |         Module        | BRAM_18K| DSP|  FF  | LUT | URAM|
    +----------------------------------+-----------------------+---------+----+------+-----+-----+
    |grp_fc_Pipeline_FC_BIAS_fu_114    |fc_Pipeline_FC_BIAS    |        0|   0|   363|   55|    0|
    |grp_fc_Pipeline_FC_IC_fu_130      |fc_Pipeline_FC_IC      |       10|   0|  1078|  353|    0|
    |grp_fc_Pipeline_FC_OUTPUT_fu_176  |fc_Pipeline_FC_OUTPUT  |        0|   0|     6|   80|    0|
    +----------------------------------+-----------------------+---------+----+------+-----+-----+
    |Total                             |                       |       10|   0|  1447|  488|    0|
    +----------------------------------+-----------------------+---------+----+------+-----+-----+

    * DSP: 
    N/A

    * Memory: 
    N/A

    * FIFO: 
    N/A

    * Expression: 
    N/A

    * Multiplexer: 
    +---------------+----+-----------+-----+-----------+
    |      Name     | LUT| Input Size| Bits| Total Bits|
    +---------------+----+-----------+-----+-----------+
    |ap_NS_fsm      |  29|          7|    1|          7|
    |grp_fu_452_ce  |   9|          2|    1|          2|
    |grp_fu_456_ce  |   9|          2|    1|          2|
    |grp_fu_460_ce  |   9|          2|    1|          2|
    |grp_fu_464_ce  |   9|          2|    1|          2|
    +---------------+----+-----------+-----+-----------+
    |Total          |  65|         15|    5|         15|
    +---------------+----+-----------+-----+-----------+

    * Register: 
    +-----------------------------------------------+---+----+-----+-----------+
    |                      Name                     | FF| LUT| Bits| Const Bits|
    +-----------------------------------------------+---+----+-----+-----------+
    |ap_CS_fsm                                      |  6|   0|    6|          0|
    |grp_fc_Pipeline_FC_BIAS_fu_114_ap_start_reg    |  1|   0|    1|          0|
    |grp_fc_Pipeline_FC_IC_fu_130_ap_start_reg      |  1|   0|    1|          0|
    |grp_fc_Pipeline_FC_OUTPUT_fu_176_ap_start_reg  |  1|   0|    1|          0|
    +-----------------------------------------------+---+----+-----+-----------+
    |Total                                          |  9|   0|    9|          0|
    +-----------------------------------------------+---+----+-----+-----------+



================================================================
== Interface
================================================================
* Summary: 
+----------------------+-----+-----+------------+--------------+--------------+
|       RTL Ports      | Dir | Bits|  Protocol  | Source Object|    C Type    |
+----------------------+-----+-----+------------+--------------+--------------+
|ap_clk                |   in|    1|  ap_ctrl_hs|            fc|  return value|
|ap_rst                |   in|    1|  ap_ctrl_hs|            fc|  return value|
|ap_start              |   in|    1|  ap_ctrl_hs|            fc|  return value|
|ap_done               |  out|    1|  ap_ctrl_hs|            fc|  return value|
|ap_idle               |  out|    1|  ap_ctrl_hs|            fc|  return value|
|ap_ready              |  out|    1|  ap_ctrl_hs|            fc|  return value|
|grp_fu_2467_p_din0    |  out|   32|  ap_ctrl_hs|            fc|  return value|
|grp_fu_2467_p_din1    |  out|   32|  ap_ctrl_hs|            fc|  return value|
|grp_fu_2467_p_opcode  |  out|    2|  ap_ctrl_hs|            fc|  return value|
|grp_fu_2467_p_dout0   |   in|   32|  ap_ctrl_hs|            fc|  return value|
|grp_fu_2467_p_ce      |  out|    1|  ap_ctrl_hs|            fc|  return value|
|grp_fu_2471_p_din0    |  out|   32|  ap_ctrl_hs|            fc|  return value|
|grp_fu_2471_p_din1    |  out|   32|  ap_ctrl_hs|            fc|  return value|
|grp_fu_2471_p_opcode  |  out|    2|  ap_ctrl_hs|            fc|  return value|
|grp_fu_2471_p_dout0   |   in|   32|  ap_ctrl_hs|            fc|  return value|
|grp_fu_2471_p_ce      |  out|    1|  ap_ctrl_hs|            fc|  return value|
|grp_fu_2523_p_din0    |  out|   32|  ap_ctrl_hs|            fc|  return value|
|grp_fu_2523_p_din1    |  out|   32|  ap_ctrl_hs|            fc|  return value|
|grp_fu_2523_p_dout0   |   in|   32|  ap_ctrl_hs|            fc|  return value|
|grp_fu_2523_p_ce      |  out|    1|  ap_ctrl_hs|            fc|  return value|
|grp_fu_2527_p_din0    |  out|   32|  ap_ctrl_hs|            fc|  return value|
|grp_fu_2527_p_din1    |  out|   32|  ap_ctrl_hs|            fc|  return value|
|grp_fu_2527_p_dout0   |   in|   32|  ap_ctrl_hs|            fc|  return value|
|grp_fu_2527_p_ce      |  out|    1|  ap_ctrl_hs|            fc|  return value|
|ifmap_address0        |  out|    8|   ap_memory|         ifmap|         array|
|ifmap_ce0             |  out|    1|   ap_memory|         ifmap|         array|
|ifmap_q0              |   in|   32|   ap_memory|         ifmap|         array|
|ofmap_address0        |  out|    4|   ap_memory|         ofmap|         array|
|ofmap_ce0             |  out|    1|   ap_memory|         ofmap|         array|
|ofmap_we0             |  out|    1|   ap_memory|         ofmap|         array|
|ofmap_d0              |  out|   32|   ap_memory|         ofmap|         array|
+----------------------+-----+-----+------------+--------------+--------------+

============================================================
+ Verbose Summary: Synthesis Manager
============================================================
InlineROM: 1
ExposeGlobal: 0
============================================================
+ Verbose Summary: CDFG Model
============================================================
IsTopModel: 0
ResetActiveHigh: 1
IsCombinational: 2
IsDatapathOnly: 2
HasWiredReturn: 1
HasMFsm: 0
HasVarLatency: 1
IsPipeline: 0
IsRtlPipelined: 0
IsInstanceOverlapped: 0
IsDontTouch: 0
HasImplIP: 0
IsGatedGlobalClock: 0


============================================================
+ Verbose Summary: Schedule
============================================================
* Number of FSM states : 6
* Pipeline : 0
* Dataflow Pipeline: 0

* FSM state transitions: 
1 --> 2 
2 --> 3 
3 --> 4 
4 --> 5 
5 --> 6 
6 --> 

* FSM state operations: 

State 1 <SV = 0> <Delay = 0.00>
ST_1 : Operation 7 [1/1] (0.00ns)   --->   "%add8_loc = alloca i64 1"   --->   Operation 7 'alloca' 'add8_loc' <Predicate = true> <Delay = 0.00>
ST_1 : Operation 8 [1/1] (0.00ns)   --->   "%add_19_loc = alloca i64 1"   --->   Operation 8 'alloca' 'add_19_loc' <Predicate = true> <Delay = 0.00>
ST_1 : Operation 9 [1/1] (0.00ns)   --->   "%add_210_loc = alloca i64 1"   --->   Operation 9 'alloca' 'add_210_loc' <Predicate = true> <Delay = 0.00>
ST_1 : Operation 10 [1/1] (0.00ns)   --->   "%add_311_loc = alloca i64 1"   --->   Operation 10 'alloca' 'add_311_loc' <Predicate = true> <Delay = 0.00>
ST_1 : Operation 11 [1/1] (0.00ns)   --->   "%add_412_loc = alloca i64 1"   --->   Operation 11 'alloca' 'add_412_loc' <Predicate = true> <Delay = 0.00>
ST_1 : Operation 12 [1/1] (0.00ns)   --->   "%add_513_loc = alloca i64 1"   --->   Operation 12 'alloca' 'add_513_loc' <Predicate = true> <Delay = 0.00>
ST_1 : Operation 13 [1/1] (0.00ns)   --->   "%add_614_loc = alloca i64 1"   --->   Operation 13 'alloca' 'add_614_loc' <Predicate = true> <Delay = 0.00>
ST_1 : Operation 14 [1/1] (0.00ns)   --->   "%add_715_loc = alloca i64 1"   --->   Operation 14 'alloca' 'add_715_loc' <Predicate = true> <Delay = 0.00>
ST_1 : Operation 15 [1/1] (0.00ns)   --->   "%add_816_loc = alloca i64 1"   --->   Operation 15 'alloca' 'add_816_loc' <Predicate = true> <Delay = 0.00>
ST_1 : Operation 16 [1/1] (0.00ns)   --->   "%add_917_loc = alloca i64 1"   --->   Operation 16 'alloca' 'add_917_loc' <Predicate = true> <Delay = 0.00>
ST_1 : Operation 17 [1/1] (0.00ns)   --->   "%arrayidx19_promoted3_loc = alloca i64 1"   --->   Operation 17 'alloca' 'arrayidx19_promoted3_loc' <Predicate = true> <Delay = 0.00>
ST_1 : Operation 18 [1/1] (0.00ns)   --->   "%arrayidx19_1_promoted5_loc = alloca i64 1"   --->   Operation 18 'alloca' 'arrayidx19_1_promoted5_loc' <Predicate = true> <Delay = 0.00>
ST_1 : Operation 19 [1/1] (0.00ns)   --->   "%arrayidx19_2_promoted7_loc = alloca i64 1"   --->   Operation 19 'alloca' 'arrayidx19_2_promoted7_loc' <Predicate = true> <Delay = 0.00>
ST_1 : Operation 20 [1/1] (0.00ns)   --->   "%arrayidx19_3_promoted9_loc = alloca i64 1"   --->   Operation 20 'alloca' 'arrayidx19_3_promoted9_loc' <Predicate = true> <Delay = 0.00>
ST_1 : Operation 21 [1/1] (0.00ns)   --->   "%arrayidx19_4_promoted11_loc = alloca i64 1"   --->   Operation 21 'alloca' 'arrayidx19_4_promoted11_loc' <Predicate = true> <Delay = 0.00>
ST_1 : Operation 22 [1/1] (0.00ns)   --->   "%arrayidx19_5_promoted13_loc = alloca i64 1"   --->   Operation 22 'alloca' 'arrayidx19_5_promoted13_loc' <Predicate = true> <Delay = 0.00>
ST_1 : Operation 23 [1/1] (0.00ns)   --->   "%arrayidx19_6_promoted15_loc = alloca i64 1"   --->   Operation 23 'alloca' 'arrayidx19_6_promoted15_loc' <Predicate = true> <Delay = 0.00>
ST_1 : Operation 24 [1/1] (0.00ns)   --->   "%arrayidx19_7_promoted17_loc = alloca i64 1"   --->   Operation 24 'alloca' 'arrayidx19_7_promoted17_loc' <Predicate = true> <Delay = 0.00>
ST_1 : Operation 25 [1/1] (0.00ns)   --->   "%arrayidx19_8_promoted19_loc = alloca i64 1"   --->   Operation 25 'alloca' 'arrayidx19_8_promoted19_loc' <Predicate = true> <Delay = 0.00>
ST_1 : Operation 26 [1/1] (0.00ns)   --->   "%arrayidx19_9_promoted21_loc = alloca i64 1"   --->   Operation 26 'alloca' 'arrayidx19_9_promoted21_loc' <Predicate = true> <Delay = 0.00>
ST_1 : Operation 27 [2/2] (0.00ns)   --->   "%call_ln0 = call void @fc_Pipeline_FC_BIAS, i32 %arrayidx19_9_promoted21_loc, i32 %arrayidx19_8_promoted19_loc, i32 %arrayidx19_7_promoted17_loc, i32 %arrayidx19_6_promoted15_loc, i32 %arrayidx19_5_promoted13_loc, i32 %arrayidx19_4_promoted11_loc, i32 %arrayidx19_3_promoted9_loc, i32 %arrayidx19_2_promoted7_loc, i32 %arrayidx19_1_promoted5_loc, i32 %arrayidx19_promoted3_loc, i32 %fc_bias"   --->   Operation 27 'call' 'call_ln0' <Predicate = true> <Delay = 0.00> <CoreType = "Generic">   --->   Generic Core

State 2 <SV = 1> <Delay = 3.59>
ST_2 : Operation 28 [1/2] (3.59ns)   --->   "%call_ln0 = call void @fc_Pipeline_FC_BIAS, i32 %arrayidx19_9_promoted21_loc, i32 %arrayidx19_8_promoted19_loc, i32 %arrayidx19_7_promoted17_loc, i32 %arrayidx19_6_promoted15_loc, i32 %arrayidx19_5_promoted13_loc, i32 %arrayidx19_4_promoted11_loc, i32 %arrayidx19_3_promoted9_loc, i32 %arrayidx19_2_promoted7_loc, i32 %arrayidx19_1_promoted5_loc, i32 %arrayidx19_promoted3_loc, i32 %fc_bias"   --->   Operation 28 'call' 'call_ln0' <Predicate = true> <Delay = 3.59> <CoreType = "Generic">   --->   Generic Core

State 3 <SV = 2> <Delay = 1.29>
ST_3 : Operation 29 [1/1] (0.00ns)   --->   "%arrayidx19_9_promoted21_loc_load = load i32 %arrayidx19_9_promoted21_loc"   --->   Operation 29 'load' 'arrayidx19_9_promoted21_loc_load' <Predicate = true> <Delay = 0.00>
ST_3 : Operation 30 [1/1] (0.00ns)   --->   "%arrayidx19_8_promoted19_loc_load = load i32 %arrayidx19_8_promoted19_loc"   --->   Operation 30 'load' 'arrayidx19_8_promoted19_loc_load' <Predicate = true> <Delay = 0.00>
ST_3 : Operation 31 [1/1] (0.00ns)   --->   "%arrayidx19_7_promoted17_loc_load = load i32 %arrayidx19_7_promoted17_loc"   --->   Operation 31 'load' 'arrayidx19_7_promoted17_loc_load' <Predicate = true> <Delay = 0.00>
ST_3 : Operation 32 [1/1] (0.00ns)   --->   "%arrayidx19_6_promoted15_loc_load = load i32 %arrayidx19_6_promoted15_loc"   --->   Operation 32 'load' 'arrayidx19_6_promoted15_loc_load' <Predicate = true> <Delay = 0.00>
ST_3 : Operation 33 [1/1] (0.00ns)   --->   "%arrayidx19_5_promoted13_loc_load = load i32 %arrayidx19_5_promoted13_loc"   --->   Operation 33 'load' 'arrayidx19_5_promoted13_loc_load' <Predicate = true> <Delay = 0.00>
ST_3 : Operation 34 [1/1] (0.00ns)   --->   "%arrayidx19_4_promoted11_loc_load = load i32 %arrayidx19_4_promoted11_loc"   --->   Operation 34 'load' 'arrayidx19_4_promoted11_loc_load' <Predicate = true> <Delay = 0.00>
ST_3 : Operation 35 [1/1] (0.00ns)   --->   "%arrayidx19_3_promoted9_loc_load = load i32 %arrayidx19_3_promoted9_loc"   --->   Operation 35 'load' 'arrayidx19_3_promoted9_loc_load' <Predicate = true> <Delay = 0.00>
ST_3 : Operation 36 [1/1] (0.00ns)   --->   "%arrayidx19_2_promoted7_loc_load = load i32 %arrayidx19_2_promoted7_loc"   --->   Operation 36 'load' 'arrayidx19_2_promoted7_loc_load' <Predicate = true> <Delay = 0.00>
ST_3 : Operation 37 [1/1] (0.00ns)   --->   "%arrayidx19_1_promoted5_loc_load = load i32 %arrayidx19_1_promoted5_loc"   --->   Operation 37 'load' 'arrayidx19_1_promoted5_loc_load' <Predicate = true> <Delay = 0.00>
ST_3 : Operation 38 [1/1] (0.00ns)   --->   "%arrayidx19_promoted3_loc_load = load i32 %arrayidx19_promoted3_loc"   --->   Operation 38 'load' 'arrayidx19_promoted3_loc_load' <Predicate = true> <Delay = 0.00>
ST_3 : Operation 39 [2/2] (1.29ns)   --->   "%call_ln0 = call void @fc_Pipeline_FC_IC, i32 %arrayidx19_9_promoted21_loc_load, i32 %arrayidx19_8_promoted19_loc_load, i32 %arrayidx19_7_promoted17_loc_load, i32 %arrayidx19_6_promoted15_loc_load, i32 %arrayidx19_5_promoted13_loc_load, i32 %arrayidx19_4_promoted11_loc_load, i32 %arrayidx19_3_promoted9_loc_load, i32 %arrayidx19_2_promoted7_loc_load, i32 %arrayidx19_1_promoted5_loc_load, i32 %arrayidx19_promoted3_loc_load, i32 %ifmap, i32 %add_917_loc, i32 %add_816_loc, i32 %add_715_loc, i32 %add_614_loc, i32 %add_513_loc, i32 %add_412_loc, i32 %add_311_loc, i32 %add_210_loc, i32 %add_19_loc, i32 %add8_loc, i32 %p_ZL9fc_weight_0, i32 %p_ZL9fc_weight_1, i32 %p_ZL9fc_weight_2, i32 %p_ZL9fc_weight_3, i32 %p_ZL9fc_weight_4, i32 %p_ZL9fc_weight_5, i32 %p_ZL9fc_weight_6, i32 %p_ZL9fc_weight_7, i32 %p_ZL9fc_weight_8, i32 %p_ZL9fc_weight_9"   --->   Operation 39 'call' 'call_ln0' <Predicate = true> <Delay = 1.29> <CoreType = "Generic">   --->   Generic Core

State 4 <SV = 3> <Delay = 0.00>
ST_4 : Operation 40 [1/2] (0.00ns)   --->   "%call_ln0 = call void @fc_Pipeline_FC_IC, i32 %arrayidx19_9_promoted21_loc_load, i32 %arrayidx19_8_promoted19_loc_load, i32 %arrayidx19_7_promoted17_loc_load, i32 %arrayidx19_6_promoted15_loc_load, i32 %arrayidx19_5_promoted13_loc_load, i32 %arrayidx19_4_promoted11_loc_load, i32 %arrayidx19_3_promoted9_loc_load, i32 %arrayidx19_2_promoted7_loc_load, i32 %arrayidx19_1_promoted5_loc_load, i32 %arrayidx19_promoted3_loc_load, i32 %ifmap, i32 %add_917_loc, i32 %add_816_loc, i32 %add_715_loc, i32 %add_614_loc, i32 %add_513_loc, i32 %add_412_loc, i32 %add_311_loc, i32 %add_210_loc, i32 %add_19_loc, i32 %add8_loc, i32 %p_ZL9fc_weight_0, i32 %p_ZL9fc_weight_1, i32 %p_ZL9fc_weight_2, i32 %p_ZL9fc_weight_3, i32 %p_ZL9fc_weight_4, i32 %p_ZL9fc_weight_5, i32 %p_ZL9fc_weight_6, i32 %p_ZL9fc_weight_7, i32 %p_ZL9fc_weight_8, i32 %p_ZL9fc_weight_9"   --->   Operation 40 'call' 'call_ln0' <Predicate = true> <Delay = 0.00> <CoreType = "Generic">   --->   Generic Core

State 5 <SV = 4> <Delay = 3.26>
ST_5 : Operation 41 [1/1] (0.00ns)   --->   "%add_917_loc_load = load i32 %add_917_loc"   --->   Operation 41 'load' 'add_917_loc_load' <Predicate = true> <Delay = 0.00>
ST_5 : Operation 42 [1/1] (0.00ns)   --->   "%add_816_loc_load = load i32 %add_816_loc"   --->   Operation 42 'load' 'add_816_loc_load' <Predicate = true> <Delay = 0.00>
ST_5 : Operation 43 [1/1] (0.00ns)   --->   "%add_715_loc_load = load i32 %add_715_loc"   --->   Operation 43 'load' 'add_715_loc_load' <Predicate = true> <Delay = 0.00>
ST_5 : Operation 44 [1/1] (0.00ns)   --->   "%add_614_loc_load = load i32 %add_614_loc"   --->   Operation 44 'load' 'add_614_loc_load' <Predicate = true> <Delay = 0.00>
ST_5 : Operation 45 [1/1] (0.00ns)   --->   "%add_513_loc_load = load i32 %add_513_loc"   --->   Operation 45 'load' 'add_513_loc_load' <Predicate = true> <Delay = 0.00>
ST_5 : Operation 46 [1/1] (0.00ns)   --->   "%add_412_loc_load = load i32 %add_412_loc"   --->   Operation 46 'load' 'add_412_loc_load' <Predicate = true> <Delay = 0.00>
ST_5 : Operation 47 [1/1] (0.00ns)   --->   "%add_311_loc_load = load i32 %add_311_loc"   --->   Operation 47 'load' 'add_311_loc_load' <Predicate = true> <Delay = 0.00>
ST_5 : Operation 48 [1/1] (0.00ns)   --->   "%add_210_loc_load = load i32 %add_210_loc"   --->   Operation 48 'load' 'add_210_loc_load' <Predicate = true> <Delay = 0.00>
ST_5 : Operation 49 [1/1] (0.00ns)   --->   "%add_19_loc_load = load i32 %add_19_loc"   --->   Operation 49 'load' 'add_19_loc_load' <Predicate = true> <Delay = 0.00>
ST_5 : Operation 50 [1/1] (0.00ns)   --->   "%add8_loc_load = load i32 %add8_loc"   --->   Operation 50 'load' 'add8_loc_load' <Predicate = true> <Delay = 0.00>
ST_5 : Operation 51 [2/2] (3.26ns)   --->   "%call_ln0 = call void @fc_Pipeline_FC_OUTPUT, i32 %add8_loc_load, i32 %add_19_loc_load, i32 %add_210_loc_load, i32 %add_311_loc_load, i32 %add_412_loc_load, i32 %add_513_loc_load, i32 %add_614_loc_load, i32 %add_715_loc_load, i32 %add_816_loc_load, i32 %add_917_loc_load, i32 %ofmap"   --->   Operation 51 'call' 'call_ln0' <Predicate = true> <Delay = 3.26> <CoreType = "Generic">   --->   Generic Core

State 6 <SV = 5> <Delay = 3.59>
ST_6 : Operation 52 [1/2] (3.59ns)   --->   "%call_ln0 = call void @fc_Pipeline_FC_OUTPUT, i32 %add8_loc_load, i32 %add_19_loc_load, i32 %add_210_loc_load, i32 %add_311_loc_load, i32 %add_412_loc_load, i32 %add_513_loc_load, i32 %add_614_loc_load, i32 %add_715_loc_load, i32 %add_816_loc_load, i32 %add_917_loc_load, i32 %ofmap"   --->   Operation 52 'call' 'call_ln0' <Predicate = true> <Delay = 3.59> <CoreType = "Generic">   --->   Generic Core
ST_6 : Operation 53 [1/1] (0.00ns)   --->   "%ret_ln28 = ret" [../FP32-Model/fc.cpp:28]   --->   Operation 53 'ret' 'ret_ln28' <Predicate = true> <Delay = 0.00>


============================================================
+ Verbose Summary: Binding
============================================================
STG Binding: 
---------------- STG Properties BEGIN ----------------
- Is combinational: 0
- Is one-state seq: 0
- Is datapath-only: 0
- Is pipelined: 0
- Is top level: 0
Port [ Return ] is wired: 1; IO mode=ap_ctrl_hs:ce=0
Port [ ifmap]:  wired=1; compound=1; hidden=0; nouse=0; global=0; static=0; extern=0; dir=0; type=1; pingpong=0; private_global=0; MemPort=[13]; IO mode=ap_memory:ce=0
Port [ ofmap]:  wired=1; compound=1; hidden=0; nouse=0; global=0; static=0; extern=0; dir=1; type=1; pingpong=0; private_global=0; MemPort=[03]; IO mode=ap_memory:ce=0
Port [ fc_bias]:  wired=0; compound=1; hidden=1; nouse=1; global=1; static=1; extern=0; dir=0; type=1; pingpong=0; private_global=0; MemPort=[1]; IO mode=ap_memory:ce=0
Port [ p_ZL9fc_weight_0]:  wired=0; compound=1; hidden=1; nouse=1; global=1; static=1; extern=0; dir=0; type=1; pingpong=0; private_global=0; MemPort=[1]; IO mode=ap_memory:ce=0
Port [ p_ZL9fc_weight_1]:  wired=0; compound=1; hidden=1; nouse=1; global=1; static=1; extern=0; dir=0; type=1; pingpong=0; private_global=0; MemPort=[1]; IO mode=ap_memory:ce=0
Port [ p_ZL9fc_weight_2]:  wired=0; compound=1; hidden=1; nouse=1; global=1; static=1; extern=0; dir=0; type=1; pingpong=0; private_global=0; MemPort=[1]; IO mode=ap_memory:ce=0
Port [ p_ZL9fc_weight_3]:  wired=0; compound=1; hidden=1; nouse=1; global=1; static=1; extern=0; dir=0; type=1; pingpong=0; private_global=0; MemPort=[1]; IO mode=ap_memory:ce=0
Port [ p_ZL9fc_weight_4]:  wired=0; compound=1; hidden=1; nouse=1; global=1; static=1; extern=0; dir=0; type=1; pingpong=0; private_global=0; MemPort=[1]; IO mode=ap_memory:ce=0
Port [ p_ZL9fc_weight_5]:  wired=0; compound=1; hidden=1; nouse=1; global=1; static=1; extern=0; dir=0; type=1; pingpong=0; private_global=0; MemPort=[1]; IO mode=ap_memory:ce=0
Port [ p_ZL9fc_weight_6]:  wired=0; compound=1; hidden=1; nouse=1; global=1; static=1; extern=0; dir=0; type=1; pingpong=0; private_global=0; MemPort=[1]; IO mode=ap_memory:ce=0
Port [ p_ZL9fc_weight_7]:  wired=0; compound=1; hidden=1; nouse=1; global=1; static=1; extern=0; dir=0; type=1; pingpong=0; private_global=0; MemPort=[1]; IO mode=ap_memory:ce=0
Port [ p_ZL9fc_weight_8]:  wired=0; compound=1; hidden=1; nouse=1; global=1; static=1; extern=0; dir=0; type=1; pingpong=0; private_global=0; MemPort=[1]; IO mode=ap_memory:ce=0
Port [ p_ZL9fc_weight_9]:  wired=0; compound=1; hidden=1; nouse=1; global=1; static=1; extern=0; dir=0; type=1; pingpong=0; private_global=0; MemPort=[1]; IO mode=ap_memory:ce=0
---------------- STG Properties END ------------------

---------------- Datapath Model BEGIN ----------------

<LifeTime>
<method=bitvector/>
add8_loc                         (alloca) [ 0011110]
add_19_loc                       (alloca) [ 0011110]
add_210_loc                      (alloca) [ 0011110]
add_311_loc                      (alloca) [ 0011110]
add_412_loc                      (alloca) [ 0011110]
add_513_loc                      (alloca) [ 0011110]
add_614_loc                      (alloca) [ 0011110]
add_715_loc                      (alloca) [ 0011110]
add_816_loc                      (alloca) [ 0011110]
add_917_loc                      (alloca) [ 0011110]
arrayidx19_promoted3_loc         (alloca) [ 0111000]
arrayidx19_1_promoted5_loc       (alloca) [ 0111000]
arrayidx19_2_promoted7_loc       (alloca) [ 0111000]
arrayidx19_3_promoted9_loc       (alloca) [ 0111000]
arrayidx19_4_promoted11_loc      (alloca) [ 0111000]
arrayidx19_5_promoted13_loc      (alloca) [ 0111000]
arrayidx19_6_promoted15_loc      (alloca) [ 0111000]
arrayidx19_7_promoted17_loc      (alloca) [ 0111000]
arrayidx19_8_promoted19_loc      (alloca) [ 0111000]
arrayidx19_9_promoted21_loc      (alloca) [ 0111000]
call_ln0                         (call  ) [ 0000000]
arrayidx19_9_promoted21_loc_load (load  ) [ 0000100]
arrayidx19_8_promoted19_loc_load (load  ) [ 0000100]
arrayidx19_7_promoted17_loc_load (load  ) [ 0000100]
arrayidx19_6_promoted15_loc_load (load  ) [ 0000100]
arrayidx19_5_promoted13_loc_load (load  ) [ 0000100]
arrayidx19_4_promoted11_loc_load (load  ) [ 0000100]
arrayidx19_3_promoted9_loc_load  (load  ) [ 0000100]
arrayidx19_2_promoted7_loc_load  (load  ) [ 0000100]
arrayidx19_1_promoted5_loc_load  (load  ) [ 0000100]
arrayidx19_promoted3_loc_load    (load  ) [ 0000100]
call_ln0                         (call  ) [ 0000000]
add_917_loc_load                 (load  ) [ 0000001]
add_816_loc_load                 (load  ) [ 0000001]
add_715_loc_load                 (load  ) [ 0000001]
add_614_loc_load                 (load  ) [ 0000001]
add_513_loc_load                 (load  ) [ 0000001]
add_412_loc_load                 (load  ) [ 0000001]
add_311_loc_load                 (load  ) [ 0000001]
add_210_loc_load                 (load  ) [ 0000001]
add_19_loc_load                  (load  ) [ 0000001]
add8_loc_load                    (load  ) [ 0000001]
call_ln0                         (call  ) [ 0000000]
ret_ln28                         (ret   ) [ 0000000]
</LifeTime>

<model>

<comp_list>
<comp id="0" class="1000" name="ifmap">
<pin_list>
<pin id="1" dir="1" index="0" bw="1" slack="0"/>
</pin_list>
<bind>
<StgValue><ssdm name="ifmap"/><MemPortTyVec>1 3 </MemPortTyVec>
</StgValue>
</bind>
</comp>

<comp id="2" class="1000" name="ofmap">
<pin_list>
<pin id="3" dir="1" index="0" bw="1" slack="0"/>
</pin_list>
<bind>
<StgValue><ssdm name="ofmap"/><MemPortTyVec>0 3 </MemPortTyVec>
</StgValue>
</bind>
</comp>

<comp id="4" class="1000" name="fc_bias">
<pin_list>
<pin id="5" dir="1" index="0" bw="1" slack="0"/>
</pin_list>
<bind>
<StgValue><ssdm name="fc_bias"/><MemPortTyVec>1 </MemPortTyVec>
</StgValue>
</bind>
</comp>

<comp id="6" class="1000" name="p_ZL9fc_weight_0">
<pin_list>
<pin id="7" dir="1" index="0" bw="1" slack="0"/>
</pin_list>
<bind>
<StgValue><ssdm name="p_ZL9fc_weight_0"/><MemPortTyVec>1 </MemPortTyVec>
</StgValue>
</bind>
</comp>

<comp id="8" class="1000" name="p_ZL9fc_weight_1">
<pin_list>
<pin id="9" dir="1" index="0" bw="1" slack="0"/>
</pin_list>
<bind>
<StgValue><ssdm name="p_ZL9fc_weight_1"/><MemPortTyVec>1 </MemPortTyVec>
</StgValue>
</bind>
</comp>

<comp id="10" class="1000" name="p_ZL9fc_weight_2">
<pin_list>
<pin id="11" dir="1" index="0" bw="1" slack="0"/>
</pin_list>
<bind>
<StgValue><ssdm name="p_ZL9fc_weight_2"/><MemPortTyVec>1 </MemPortTyVec>
</StgValue>
</bind>
</comp>

<comp id="12" class="1000" name="p_ZL9fc_weight_3">
<pin_list>
<pin id="13" dir="1" index="0" bw="1" slack="0"/>
</pin_list>
<bind>
<StgValue><ssdm name="p_ZL9fc_weight_3"/><MemPortTyVec>1 </MemPortTyVec>
</StgValue>
</bind>
</comp>

<comp id="14" class="1000" name="p_ZL9fc_weight_4">
<pin_list>
<pin id="15" dir="1" index="0" bw="1" slack="0"/>
</pin_list>
<bind>
<StgValue><ssdm name="p_ZL9fc_weight_4"/><MemPortTyVec>1 </MemPortTyVec>
</StgValue>
</bind>
</comp>

<comp id="16" class="1000" name="p_ZL9fc_weight_5">
<pin_list>
<pin id="17" dir="1" index="0" bw="1" slack="0"/>
</pin_list>
<bind>
<StgValue><ssdm name="p_ZL9fc_weight_5"/><MemPortTyVec>1 </MemPortTyVec>
</StgValue>
</bind>
</comp>

<comp id="18" class="1000" name="p_ZL9fc_weight_6">
<pin_list>
<pin id="19" dir="1" index="0" bw="1" slack="0"/>
</pin_list>
<bind>
<StgValue><ssdm name="p_ZL9fc_weight_6"/><MemPortTyVec>1 </MemPortTyVec>
</StgValue>
</bind>
</comp>

<comp id="20" class="1000" name="p_ZL9fc_weight_7">
<pin_list>
<pin id="21" dir="1" index="0" bw="1" slack="0"/>
</pin_list>
<bind>
<StgValue><ssdm name="p_ZL9fc_weight_7"/><MemPortTyVec>1 </MemPortTyVec>
</StgValue>
</bind>
</comp>

<comp id="22" class="1000" name="p_ZL9fc_weight_8">
<pin_list>
<pin id="23" dir="1" index="0" bw="1" slack="0"/>
</pin_list>
<bind>
<StgValue><ssdm name="p_ZL9fc_weight_8"/><MemPortTyVec>1 </MemPortTyVec>
</StgValue>
</bind>
</comp>

<comp id="24" class="1000" name="p_ZL9fc_weight_9">
<pin_list>
<pin id="25" dir="1" index="0" bw="1" slack="0"/>
</pin_list>
<bind>
<StgValue><ssdm name="p_ZL9fc_weight_9"/><MemPortTyVec>1 </MemPortTyVec>
</StgValue>
</bind>
</comp>

<comp id="26" class="1001" name="const_26">
<pin_list>
<pin id="27" dir="1" index="0" bw="1" slack="0"/>
</pin_list>
<bind>
<StgValue><ssdm name=""/></StgValue>
</bind>
</comp>

<comp id="28" class="1001" name="const_28">
<pin_list>
<pin id="29" dir="1" index="0" bw="1" slack="0"/>
</pin_list>
<bind>
<StgValue><ssdm name="fc_Pipeline_FC_BIAS"/></StgValue>
</bind>
</comp>

<comp id="30" class="1001" name="const_30">
<pin_list>
<pin id="31" dir="1" index="0" bw="1" slack="0"/>
</pin_list>
<bind>
<StgValue><ssdm name="fc_Pipeline_FC_IC"/></StgValue>
</bind>
</comp>

<comp id="32" class="1001" name="const_32">
<pin_list>
<pin id="33" dir="1" index="0" bw="1" slack="0"/>
</pin_list>
<bind>
<StgValue><ssdm name="fc_Pipeline_FC_OUTPUT"/></StgValue>
</bind>
</comp>

<comp id="34" class="1004" name="add8_loc_fu_34">
<pin_list>
<pin id="35" dir="0" index="0" bw="1" slack="0"/>
<pin id="36" dir="1" index="1" bw="32" slack="2"/>
</pin_list>
<bind>
<opcode="alloca(26) " fcode="alloca"/>
<opset="add8_loc/1 "/>
</bind>
</comp>

<comp id="38" class="1004" name="add_19_loc_fu_38">
<pin_list>
<pin id="39" dir="0" index="0" bw="1" slack="0"/>
<pin id="40" dir="1" index="1" bw="32" slack="2"/>
</pin_list>
<bind>
<opcode="alloca(26) " fcode="alloca"/>
<opset="add_19_loc/1 "/>
</bind>
</comp>

<comp id="42" class="1004" name="add_210_loc_fu_42">
<pin_list>
<pin id="43" dir="0" index="0" bw="1" slack="0"/>
<pin id="44" dir="1" index="1" bw="32" slack="2"/>
</pin_list>
<bind>
<opcode="alloca(26) " fcode="alloca"/>
<opset="add_210_loc/1 "/>
</bind>
</comp>

<comp id="46" class="1004" name="add_311_loc_fu_46">
<pin_list>
<pin id="47" dir="0" index="0" bw="1" slack="0"/>
<pin id="48" dir="1" index="1" bw="32" slack="2"/>
</pin_list>
<bind>
<opcode="alloca(26) " fcode="alloca"/>
<opset="add_311_loc/1 "/>
</bind>
</comp>

<comp id="50" class="1004" name="add_412_loc_fu_50">
<pin_list>
<pin id="51" dir="0" index="0" bw="1" slack="0"/>
<pin id="52" dir="1" index="1" bw="32" slack="2"/>
</pin_list>
<bind>
<opcode="alloca(26) " fcode="alloca"/>
<opset="add_412_loc/1 "/>
</bind>
</comp>

<comp id="54" class="1004" name="add_513_loc_fu_54">
<pin_list>
<pin id="55" dir="0" index="0" bw="1" slack="0"/>
<pin id="56" dir="1" index="1" bw="32" slack="2"/>
</pin_list>
<bind>
<opcode="alloca(26) " fcode="alloca"/>
<opset="add_513_loc/1 "/>
</bind>
</comp>

<comp id="58" class="1004" name="add_614_loc_fu_58">
<pin_list>
<pin id="59" dir="0" index="0" bw="1" slack="0"/>
<pin id="60" dir="1" index="1" bw="32" slack="2"/>
</pin_list>
<bind>
<opcode="alloca(26) " fcode="alloca"/>
<opset="add_614_loc/1 "/>
</bind>
</comp>

<comp id="62" class="1004" name="add_715_loc_fu_62">
<pin_list>
<pin id="63" dir="0" index="0" bw="1" slack="0"/>
<pin id="64" dir="1" index="1" bw="32" slack="2"/>
</pin_list>
<bind>
<opcode="alloca(26) " fcode="alloca"/>
<opset="add_715_loc/1 "/>
</bind>
</comp>

<comp id="66" class="1004" name="add_816_loc_fu_66">
<pin_list>
<pin id="67" dir="0" index="0" bw="1" slack="0"/>
<pin id="68" dir="1" index="1" bw="32" slack="2"/>
</pin_list>
<bind>
<opcode="alloca(26) " fcode="alloca"/>
<opset="add_816_loc/1 "/>
</bind>
</comp>

<comp id="70" class="1004" name="add_917_loc_fu_70">
<pin_list>
<pin id="71" dir="0" index="0" bw="1" slack="0"/>
<pin id="72" dir="1" index="1" bw="32" slack="2"/>
</pin_list>
<bind>
<opcode="alloca(26) " fcode="alloca"/>
<opset="add_917_loc/1 "/>
</bind>
</comp>

<comp id="74" class="1004" name="arrayidx19_promoted3_loc_fu_74">
<pin_list>
<pin id="75" dir="0" index="0" bw="1" slack="0"/>
<pin id="76" dir="1" index="1" bw="32" slack="0"/>
</pin_list>
<bind>
<opcode="alloca(26) " fcode="alloca"/>
<opset="arrayidx19_promoted3_loc/1 "/>
</bind>
</comp>

<comp id="78" class="1004" name="arrayidx19_1_promoted5_loc_fu_78">
<pin_list>
<pin id="79" dir="0" index="0" bw="1" slack="0"/>
<pin id="80" dir="1" index="1" bw="32" slack="0"/>
</pin_list>
<bind>
<opcode="alloca(26) " fcode="alloca"/>
<opset="arrayidx19_1_promoted5_loc/1 "/>
</bind>
</comp>

<comp id="82" class="1004" name="arrayidx19_2_promoted7_loc_fu_82">
<pin_list>
<pin id="83" dir="0" index="0" bw="1" slack="0"/>
<pin id="84" dir="1" index="1" bw="32" slack="0"/>
</pin_list>
<bind>
<opcode="alloca(26) " fcode="alloca"/>
<opset="arrayidx19_2_promoted7_loc/1 "/>
</bind>
</comp>

<comp id="86" class="1004" name="arrayidx19_3_promoted9_loc_fu_86">
<pin_list>
<pin id="87" dir="0" index="0" bw="1" slack="0"/>
<pin id="88" dir="1" index="1" bw="32" slack="0"/>
</pin_list>
<bind>
<opcode="alloca(26) " fcode="alloca"/>
<opset="arrayidx19_3_promoted9_loc/1 "/>
</bind>
</comp>

<comp id="90" class="1004" name="arrayidx19_4_promoted11_loc_fu_90">
<pin_list>
<pin id="91" dir="0" index="0" bw="1" slack="0"/>
<pin id="92" dir="1" index="1" bw="32" slack="0"/>
</pin_list>
<bind>
<opcode="alloca(26) " fcode="alloca"/>
<opset="arrayidx19_4_promoted11_loc/1 "/>
</bind>
</comp>

<comp id="94" class="1004" name="arrayidx19_5_promoted13_loc_fu_94">
<pin_list>
<pin id="95" dir="0" index="0" bw="1" slack="0"/>
<pin id="96" dir="1" index="1" bw="32" slack="0"/>
</pin_list>
<bind>
<opcode="alloca(26) " fcode="alloca"/>
<opset="arrayidx19_5_promoted13_loc/1 "/>
</bind>
</comp>

<comp id="98" class="1004" name="arrayidx19_6_promoted15_loc_fu_98">
<pin_list>
<pin id="99" dir="0" index="0" bw="1" slack="0"/>
<pin id="100" dir="1" index="1" bw="32" slack="0"/>
</pin_list>
<bind>
<opcode="alloca(26) " fcode="alloca"/>
<opset="arrayidx19_6_promoted15_loc/1 "/>
</bind>
</comp>

<comp id="102" class="1004" name="arrayidx19_7_promoted17_loc_fu_102">
<pin_list>
<pin id="103" dir="0" index="0" bw="1" slack="0"/>
<pin id="104" dir="1" index="1" bw="32" slack="0"/>
</pin_list>
<bind>
<opcode="alloca(26) " fcode="alloca"/>
<opset="arrayidx19_7_promoted17_loc/1 "/>
</bind>
</comp>

<comp id="106" class="1004" name="arrayidx19_8_promoted19_loc_fu_106">
<pin_list>
<pin id="107" dir="0" index="0" bw="1" slack="0"/>
<pin id="108" dir="1" index="1" bw="32" slack="0"/>
</pin_list>
<bind>
<opcode="alloca(26) " fcode="alloca"/>
<opset="arrayidx19_8_promoted19_loc/1 "/>
</bind>
</comp>

<comp id="110" class="1004" name="arrayidx19_9_promoted21_loc_fu_110">
<pin_list>
<pin id="111" dir="0" index="0" bw="1" slack="0"/>
<pin id="112" dir="1" index="1" bw="32" slack="0"/>
</pin_list>
<bind>
<opcode="alloca(26) " fcode="alloca"/>
<opset="arrayidx19_9_promoted21_loc/1 "/>
</bind>
</comp>

<comp id="114" class="1004" name="grp_fc_Pipeline_FC_BIAS_fu_114">
<pin_list>
<pin id="115" dir="0" index="0" bw="0" slack="0"/>
<pin id="116" dir="0" index="1" bw="32" slack="0"/>
<pin id="117" dir="0" index="2" bw="32" slack="0"/>
<pin id="118" dir="0" index="3" bw="32" slack="0"/>
<pin id="119" dir="0" index="4" bw="32" slack="0"/>
<pin id="120" dir="0" index="5" bw="32" slack="0"/>
<pin id="121" dir="0" index="6" bw="32" slack="0"/>
<pin id="122" dir="0" index="7" bw="32" slack="0"/>
<pin id="123" dir="0" index="8" bw="32" slack="0"/>
<pin id="124" dir="0" index="9" bw="32" slack="0"/>
<pin id="125" dir="0" index="10" bw="32" slack="0"/>
<pin id="126" dir="0" index="11" bw="32" slack="0"/>
<pin id="127" dir="1" index="12" bw="0" slack="2147483647"/>
</pin_list>
<bind>
<opcode="call(48) " fcode="call"/>
<opset="call_ln0/1 "/>
</bind>
</comp>

<comp id="130" class="1004" name="grp_fc_Pipeline_FC_IC_fu_130">
<pin_list>
<pin id="131" dir="0" index="0" bw="0" slack="0"/>
<pin id="132" dir="0" index="1" bw="32" slack="0"/>
<pin id="133" dir="0" index="2" bw="32" slack="0"/>
<pin id="134" dir="0" index="3" bw="32" slack="0"/>
<pin id="135" dir="0" index="4" bw="32" slack="0"/>
<pin id="136" dir="0" index="5" bw="32" slack="0"/>
<pin id="137" dir="0" index="6" bw="32" slack="0"/>
<pin id="138" dir="0" index="7" bw="32" slack="0"/>
<pin id="139" dir="0" index="8" bw="32" slack="0"/>
<pin id="140" dir="0" index="9" bw="32" slack="0"/>
<pin id="141" dir="0" index="10" bw="32" slack="0"/>
<pin id="142" dir="0" index="11" bw="32" slack="0"/>
<pin id="143" dir="0" index="12" bw="32" slack="2"/>
<pin id="144" dir="0" index="13" bw="32" slack="2"/>
<pin id="145" dir="0" index="14" bw="32" slack="2"/>
<pin id="146" dir="0" index="15" bw="32" slack="2"/>
<pin id="147" dir="0" index="16" bw="32" slack="2"/>
<pin id="148" dir="0" index="17" bw="32" slack="2"/>
<pin id="149" dir="0" index="18" bw="32" slack="2"/>
<pin id="150" dir="0" index="19" bw="32" slack="2"/>
<pin id="151" dir="0" index="20" bw="32" slack="2"/>
<pin id="152" dir="0" index="21" bw="32" slack="2"/>
<pin id="153" dir="0" index="22" bw="32" slack="0"/>
<pin id="154" dir="0" index="23" bw="32" slack="0"/>
<pin id="155" dir="0" index="24" bw="32" slack="0"/>
<pin id="156" dir="0" index="25" bw="32" slack="0"/>
<pin id="157" dir="0" index="26" bw="32" slack="0"/>
<pin id="158" dir="0" index="27" bw="32" slack="0"/>
<pin id="159" dir="0" index="28" bw="32" slack="0"/>
<pin id="160" dir="0" index="29" bw="32" slack="0"/>
<pin id="161" dir="0" index="30" bw="32" slack="0"/>
<pin id="162" dir="0" index="31" bw="32" slack="0"/>
<pin id="163" dir="1" index="32" bw="0" slack="2147483647"/>
</pin_list>
<bind>
<opcode="call(48) " fcode="call"/>
<opset="call_ln0/3 "/>
</bind>
</comp>

<comp id="176" class="1004" name="grp_fc_Pipeline_FC_OUTPUT_fu_176">
<pin_list>
<pin id="177" dir="0" index="0" bw="0" slack="0"/>
<pin id="178" dir="0" index="1" bw="32" slack="0"/>
<pin id="179" dir="0" index="2" bw="32" slack="0"/>
<pin id="180" dir="0" index="3" bw="32" slack="0"/>
<pin id="181" dir="0" index="4" bw="32" slack="0"/>
<pin id="182" dir="0" index="5" bw="32" slack="0"/>
<pin id="183" dir="0" index="6" bw="32" slack="0"/>
<pin id="184" dir="0" index="7" bw="32" slack="0"/>
<pin id="185" dir="0" index="8" bw="32" slack="0"/>
<pin id="186" dir="0" index="9" bw="32" slack="0"/>
<pin id="187" dir="0" index="10" bw="32" slack="0"/>
<pin id="188" dir="0" index="11" bw="32" slack="0"/>
<pin id="189" dir="1" index="12" bw="0" slack="2147483647"/>
</pin_list>
<bind>
<opcode="call(48) " fcode="call"/>
<opset="call_ln0/5 "/>
</bind>
</comp>

<comp id="192" class="1004" name="arrayidx19_9_promoted21_loc_load_load_fu_192">
<pin_list>
<pin id="193" dir="0" index="0" bw="32" slack="2"/>
<pin id="194" dir="1" index="1" bw="32" slack="0"/>
</pin_list>
<bind>
<opcode="load(27) " fcode="load"/>
<opset="arrayidx19_9_promoted21_loc_load/3 "/>
</bind>
</comp>

<comp id="196" class="1004" name="arrayidx19_8_promoted19_loc_load_load_fu_196">
<pin_list>
<pin id="197" dir="0" index="0" bw="32" slack="2"/>
<pin id="198" dir="1" index="1" bw="32" slack="0"/>
</pin_list>
<bind>
<opcode="load(27) " fcode="load"/>
<opset="arrayidx19_8_promoted19_loc_load/3 "/>
</bind>
</comp>

<comp id="200" class="1004" name="arrayidx19_7_promoted17_loc_load_load_fu_200">
<pin_list>
<pin id="201" dir="0" index="0" bw="32" slack="2"/>
<pin id="202" dir="1" index="1" bw="32" slack="0"/>
</pin_list>
<bind>
<opcode="load(27) " fcode="load"/>
<opset="arrayidx19_7_promoted17_loc_load/3 "/>
</bind>
</comp>

<comp id="204" class="1004" name="arrayidx19_6_promoted15_loc_load_load_fu_204">
<pin_list>
<pin id="205" dir="0" index="0" bw="32" slack="2"/>
<pin id="206" dir="1" index="1" bw="32" slack="0"/>
</pin_list>
<bind>
<opcode="load(27) " fcode="load"/>
<opset="arrayidx19_6_promoted15_loc_load/3 "/>
</bind>
</comp>

<comp id="208" class="1004" name="arrayidx19_5_promoted13_loc_load_load_fu_208">
<pin_list>
<pin id="209" dir="0" index="0" bw="32" slack="2"/>
<pin id="210" dir="1" index="1" bw="32" slack="0"/>
</pin_list>
<bind>
<opcode="load(27) " fcode="load"/>
<opset="arrayidx19_5_promoted13_loc_load/3 "/>
</bind>
</comp>

<comp id="212" class="1004" name="arrayidx19_4_promoted11_loc_load_load_fu_212">
<pin_list>
<pin id="213" dir="0" index="0" bw="32" slack="2"/>
<pin id="214" dir="1" index="1" bw="32" slack="0"/>
</pin_list>
<bind>
<opcode="load(27) " fcode="load"/>
<opset="arrayidx19_4_promoted11_loc_load/3 "/>
</bind>
</comp>

<comp id="216" class="1004" name="arrayidx19_3_promoted9_loc_load_load_fu_216">
<pin_list>
<pin id="217" dir="0" index="0" bw="32" slack="2"/>
<pin id="218" dir="1" index="1" bw="32" slack="0"/>
</pin_list>
<bind>
<opcode="load(27) " fcode="load"/>
<opset="arrayidx19_3_promoted9_loc_load/3 "/>
</bind>
</comp>

<comp id="220" class="1004" name="arrayidx19_2_promoted7_loc_load_load_fu_220">
<pin_list>
<pin id="221" dir="0" index="0" bw="32" slack="2"/>
<pin id="222" dir="1" index="1" bw="32" slack="0"/>
</pin_list>
<bind>
<opcode="load(27) " fcode="load"/>
<opset="arrayidx19_2_promoted7_loc_load/3 "/>
</bind>
</comp>

<comp id="224" class="1004" name="arrayidx19_1_promoted5_loc_load_load_fu_224">
<pin_list>
<pin id="225" dir="0" index="0" bw="32" slack="2"/>
<pin id="226" dir="1" index="1" bw="32" slack="0"/>
</pin_list>
<bind>
<opcode="load(27) " fcode="load"/>
<opset="arrayidx19_1_promoted5_loc_load/3 "/>
</bind>
</comp>

<comp id="228" class="1004" name="arrayidx19_promoted3_loc_load_load_fu_228">
<pin_list>
<pin id="229" dir="0" index="0" bw="32" slack="2"/>
<pin id="230" dir="1" index="1" bw="32" slack="0"/>
</pin_list>
<bind>
<opcode="load(27) " fcode="load"/>
<opset="arrayidx19_promoted3_loc_load/3 "/>
</bind>
</comp>

<comp id="232" class="1004" name="add_917_loc_load_load_fu_232">
<pin_list>
<pin id="233" dir="0" index="0" bw="32" slack="4"/>
<pin id="234" dir="1" index="1" bw="32" slack="0"/>
</pin_list>
<bind>
<opcode="load(27) " fcode="load"/>
<opset="add_917_loc_load/5 "/>
</bind>
</comp>

<comp id="236" class="1004" name="add_816_loc_load_load_fu_236">
<pin_list>
<pin id="237" dir="0" index="0" bw="32" slack="4"/>
<pin id="238" dir="1" index="1" bw="32" slack="0"/>
</pin_list>
<bind>
<opcode="load(27) " fcode="load"/>
<opset="add_816_loc_load/5 "/>
</bind>
</comp>

<comp id="240" class="1004" name="add_715_loc_load_load_fu_240">
<pin_list>
<pin id="241" dir="0" index="0" bw="32" slack="4"/>
<pin id="242" dir="1" index="1" bw="32" slack="0"/>
</pin_list>
<bind>
<opcode="load(27) " fcode="load"/>
<opset="add_715_loc_load/5 "/>
</bind>
</comp>

<comp id="244" class="1004" name="add_614_loc_load_load_fu_244">
<pin_list>
<pin id="245" dir="0" index="0" bw="32" slack="4"/>
<pin id="246" dir="1" index="1" bw="32" slack="0"/>
</pin_list>
<bind>
<opcode="load(27) " fcode="load"/>
<opset="add_614_loc_load/5 "/>
</bind>
</comp>

<comp id="248" class="1004" name="add_513_loc_load_load_fu_248">
<pin_list>
<pin id="249" dir="0" index="0" bw="32" slack="4"/>
<pin id="250" dir="1" index="1" bw="32" slack="0"/>
</pin_list>
<bind>
<opcode="load(27) " fcode="load"/>
<opset="add_513_loc_load/5 "/>
</bind>
</comp>

<comp id="252" class="1004" name="add_412_loc_load_load_fu_252">
<pin_list>
<pin id="253" dir="0" index="0" bw="32" slack="4"/>
<pin id="254" dir="1" index="1" bw="32" slack="0"/>
</pin_list>
<bind>
<opcode="load(27) " fcode="load"/>
<opset="add_412_loc_load/5 "/>
</bind>
</comp>

<comp id="256" class="1004" name="add_311_loc_load_load_fu_256">
<pin_list>
<pin id="257" dir="0" index="0" bw="32" slack="4"/>
<pin id="258" dir="1" index="1" bw="32" slack="0"/>
</pin_list>
<bind>
<opcode="load(27) " fcode="load"/>
<opset="add_311_loc_load/5 "/>
</bind>
</comp>

<comp id="260" class="1004" name="add_210_loc_load_load_fu_260">
<pin_list>
<pin id="261" dir="0" index="0" bw="32" slack="4"/>
<pin id="262" dir="1" index="1" bw="32" slack="0"/>
</pin_list>
<bind>
<opcode="load(27) " fcode="load"/>
<opset="add_210_loc_load/5 "/>
</bind>
</comp>

<comp id="264" class="1004" name="add_19_loc_load_load_fu_264">
<pin_list>
<pin id="265" dir="0" index="0" bw="32" slack="4"/>
<pin id="266" dir="1" index="1" bw="32" slack="0"/>
</pin_list>
<bind>
<opcode="load(27) " fcode="load"/>
<opset="add_19_loc_load/5 "/>
</bind>
</comp>

<comp id="268" class="1004" name="add8_loc_load_load_fu_268">
<pin_list>
<pin id="269" dir="0" index="0" bw="32" slack="4"/>
<pin id="270" dir="1" index="1" bw="32" slack="0"/>
</pin_list>
<bind>
<opcode="load(27) " fcode="load"/>
<opset="add8_loc_load/5 "/>
</bind>
</comp>

<comp id="272" class="1005" name="add8_loc_reg_272">
<pin_list>
<pin id="273" dir="0" index="0" bw="32" slack="2"/>
<pin id="274" dir="1" index="1" bw="32" slack="2"/>
</pin_list>
<bind>
<opset="add8_loc "/>
</bind>
</comp>

<comp id="278" class="1005" name="add_19_loc_reg_278">
<pin_list>
<pin id="279" dir="0" index="0" bw="32" slack="2"/>
<pin id="280" dir="1" index="1" bw="32" slack="2"/>
</pin_list>
<bind>
<opset="add_19_loc "/>
</bind>
</comp>

<comp id="284" class="1005" name="add_210_loc_reg_284">
<pin_list>
<pin id="285" dir="0" index="0" bw="32" slack="2"/>
<pin id="286" dir="1" index="1" bw="32" slack="2"/>
</pin_list>
<bind>
<opset="add_210_loc "/>
</bind>
</comp>

<comp id="290" class="1005" name="add_311_loc_reg_290">
<pin_list>
<pin id="291" dir="0" index="0" bw="32" slack="2"/>
<pin id="292" dir="1" index="1" bw="32" slack="2"/>
</pin_list>
<bind>
<opset="add_311_loc "/>
</bind>
</comp>

<comp id="296" class="1005" name="add_412_loc_reg_296">
<pin_list>
<pin id="297" dir="0" index="0" bw="32" slack="2"/>
<pin id="298" dir="1" index="1" bw="32" slack="2"/>
</pin_list>
<bind>
<opset="add_412_loc "/>
</bind>
</comp>

<comp id="302" class="1005" name="add_513_loc_reg_302">
<pin_list>
<pin id="303" dir="0" index="0" bw="32" slack="2"/>
<pin id="304" dir="1" index="1" bw="32" slack="2"/>
</pin_list>
<bind>
<opset="add_513_loc "/>
</bind>
</comp>

<comp id="308" class="1005" name="add_614_loc_reg_308">
<pin_list>
<pin id="309" dir="0" index="0" bw="32" slack="2"/>
<pin id="310" dir="1" index="1" bw="32" slack="2"/>
</pin_list>
<bind>
<opset="add_614_loc "/>
</bind>
</comp>

<comp id="314" class="1005" name="add_715_loc_reg_314">
<pin_list>
<pin id="315" dir="0" index="0" bw="32" slack="2"/>
<pin id="316" dir="1" index="1" bw="32" slack="2"/>
</pin_list>
<bind>
<opset="add_715_loc "/>
</bind>
</comp>

<comp id="320" class="1005" name="add_816_loc_reg_320">
<pin_list>
<pin id="321" dir="0" index="0" bw="32" slack="2"/>
<pin id="322" dir="1" index="1" bw="32" slack="2"/>
</pin_list>
<bind>
<opset="add_816_loc "/>
</bind>
</comp>

<comp id="326" class="1005" name="add_917_loc_reg_326">
<pin_list>
<pin id="327" dir="0" index="0" bw="32" slack="2"/>
<pin id="328" dir="1" index="1" bw="32" slack="2"/>
</pin_list>
<bind>
<opset="add_917_loc "/>
</bind>
</comp>

<comp id="332" class="1005" name="arrayidx19_promoted3_loc_reg_332">
<pin_list>
<pin id="333" dir="0" index="0" bw="32" slack="0"/>
<pin id="334" dir="1" index="1" bw="32" slack="0"/>
</pin_list>
<bind>
<opset="arrayidx19_promoted3_loc "/>
</bind>
</comp>

<comp id="338" class="1005" name="arrayidx19_1_promoted5_loc_reg_338">
<pin_list>
<pin id="339" dir="0" index="0" bw="32" slack="0"/>
<pin id="340" dir="1" index="1" bw="32" slack="0"/>
</pin_list>
<bind>
<opset="arrayidx19_1_promoted5_loc "/>
</bind>
</comp>

<comp id="344" class="1005" name="arrayidx19_2_promoted7_loc_reg_344">
<pin_list>
<pin id="345" dir="0" index="0" bw="32" slack="0"/>
<pin id="346" dir="1" index="1" bw="32" slack="0"/>
</pin_list>
<bind>
<opset="arrayidx19_2_promoted7_loc "/>
</bind>
</comp>

<comp id="350" class="1005" name="arrayidx19_3_promoted9_loc_reg_350">
<pin_list>
<pin id="351" dir="0" index="0" bw="32" slack="0"/>
<pin id="352" dir="1" index="1" bw="32" slack="0"/>
</pin_list>
<bind>
<opset="arrayidx19_3_promoted9_loc "/>
</bind>
</comp>

<comp id="356" class="1005" name="arrayidx19_4_promoted11_loc_reg_356">
<pin_list>
<pin id="357" dir="0" index="0" bw="32" slack="0"/>
<pin id="358" dir="1" index="1" bw="32" slack="0"/>
</pin_list>
<bind>
<opset="arrayidx19_4_promoted11_loc "/>
</bind>
</comp>

<comp id="362" class="1005" name="arrayidx19_5_promoted13_loc_reg_362">
<pin_list>
<pin id="363" dir="0" index="0" bw="32" slack="0"/>
<pin id="364" dir="1" index="1" bw="32" slack="0"/>
</pin_list>
<bind>
<opset="arrayidx19_5_promoted13_loc "/>
</bind>
</comp>

<comp id="368" class="1005" name="arrayidx19_6_promoted15_loc_reg_368">
<pin_list>
<pin id="369" dir="0" index="0" bw="32" slack="0"/>
<pin id="370" dir="1" index="1" bw="32" slack="0"/>
</pin_list>
<bind>
<opset="arrayidx19_6_promoted15_loc "/>
</bind>
</comp>

<comp id="374" class="1005" name="arrayidx19_7_promoted17_loc_reg_374">
<pin_list>
<pin id="375" dir="0" index="0" bw="32" slack="0"/>
<pin id="376" dir="1" index="1" bw="32" slack="0"/>
</pin_list>
<bind>
<opset="arrayidx19_7_promoted17_loc "/>
</bind>
</comp>

<comp id="380" class="1005" name="arrayidx19_8_promoted19_loc_reg_380">
<pin_list>
<pin id="381" dir="0" index="0" bw="32" slack="0"/>
<pin id="382" dir="1" index="1" bw="32" slack="0"/>
</pin_list>
<bind>
<opset="arrayidx19_8_promoted19_loc "/>
</bind>
</comp>

<comp id="386" class="1005" name="arrayidx19_9_promoted21_loc_reg_386">
<pin_list>
<pin id="387" dir="0" index="0" bw="32" slack="0"/>
<pin id="388" dir="1" index="1" bw="32" slack="0"/>
</pin_list>
<bind>
<opset="arrayidx19_9_promoted21_loc "/>
</bind>
</comp>

<comp id="452" class="1004" name="grp_fu_452">
<pin_list>
<pin id="453" dir="0" index="0" bw="32" slack="2147483647"/>
<pin id="454" dir="0" index="1" bw="32" slack="2147483647"/>
<pin id="455" dir="1" index="2" bw="32" slack="2147483647"/>
</pin_list>
<bind>
<opcode="fadd(9) " fcode="fadd"/>
<opset="acc/7 acc_238/8 acc_240/9 acc_242/10 acc_244/11 "/>
</bind>
</comp>

<comp id="456" class="1004" name="grp_fu_456">
<pin_list>
<pin id="457" dir="0" index="0" bw="32" slack="2147483647"/>
<pin id="458" dir="0" index="1" bw="32" slack="2147483647"/>
<pin id="459" dir="1" index="2" bw="32" slack="2147483647"/>
</pin_list>
<bind>
<opcode="fadd(9) " fcode="fadd"/>
<opset="acc_237/7 acc_239/8 acc_241/9 acc_243/10 acc_245/11 "/>
</bind>
</comp>

<comp id="460" class="1004" name="grp_fu_460">
<pin_list>
<pin id="461" dir="0" index="0" bw="32" slack="2147483647"/>
<pin id="462" dir="0" index="1" bw="32" slack="2147483647"/>
<pin id="463" dir="1" index="2" bw="32" slack="2147483647"/>
</pin_list>
<bind>
<opcode="fmul(13) " fcode="fmul"/>
<opset="mul/3 mul_2/4 mul_4/5 mul_6/6 mul_8/7 "/>
</bind>
</comp>

<comp id="464" class="1004" name="grp_fu_464">
<pin_list>
<pin id="465" dir="0" index="0" bw="32" slack="2147483647"/>
<pin id="466" dir="0" index="1" bw="32" slack="2147483647"/>
<pin id="467" dir="1" index="2" bw="32" slack="2147483647"/>
</pin_list>
<bind>
<opcode="fmul(13) " fcode="fmul"/>
<opset="mul_1/3 mul_3/4 mul_5/5 mul_7/6 mul_9/7 "/>
</bind>
</comp>

</comp_list>

<net_list>
<net id="37"><net_src comp="26" pin="0"/><net_sink comp="34" pin=0"/></net>

<net id="41"><net_src comp="26" pin="0"/><net_sink comp="38" pin=0"/></net>

<net id="45"><net_src comp="26" pin="0"/><net_sink comp="42" pin=0"/></net>

<net id="49"><net_src comp="26" pin="0"/><net_sink comp="46" pin=0"/></net>

<net id="53"><net_src comp="26" pin="0"/><net_sink comp="50" pin=0"/></net>

<net id="57"><net_src comp="26" pin="0"/><net_sink comp="54" pin=0"/></net>

<net id="61"><net_src comp="26" pin="0"/><net_sink comp="58" pin=0"/></net>

<net id="65"><net_src comp="26" pin="0"/><net_sink comp="62" pin=0"/></net>

<net id="69"><net_src comp="26" pin="0"/><net_sink comp="66" pin=0"/></net>

<net id="73"><net_src comp="26" pin="0"/><net_sink comp="70" pin=0"/></net>

<net id="77"><net_src comp="26" pin="0"/><net_sink comp="74" pin=0"/></net>

<net id="81"><net_src comp="26" pin="0"/><net_sink comp="78" pin=0"/></net>

<net id="85"><net_src comp="26" pin="0"/><net_sink comp="82" pin=0"/></net>

<net id="89"><net_src comp="26" pin="0"/><net_sink comp="86" pin=0"/></net>

<net id="93"><net_src comp="26" pin="0"/><net_sink comp="90" pin=0"/></net>

<net id="97"><net_src comp="26" pin="0"/><net_sink comp="94" pin=0"/></net>

<net id="101"><net_src comp="26" pin="0"/><net_sink comp="98" pin=0"/></net>

<net id="105"><net_src comp="26" pin="0"/><net_sink comp="102" pin=0"/></net>

<net id="109"><net_src comp="26" pin="0"/><net_sink comp="106" pin=0"/></net>

<net id="113"><net_src comp="26" pin="0"/><net_sink comp="110" pin=0"/></net>

<net id="128"><net_src comp="28" pin="0"/><net_sink comp="114" pin=0"/></net>

<net id="129"><net_src comp="4" pin="0"/><net_sink comp="114" pin=11"/></net>

<net id="164"><net_src comp="30" pin="0"/><net_sink comp="130" pin=0"/></net>

<net id="165"><net_src comp="0" pin="0"/><net_sink comp="130" pin=11"/></net>

<net id="166"><net_src comp="6" pin="0"/><net_sink comp="130" pin=22"/></net>

<net id="167"><net_src comp="8" pin="0"/><net_sink comp="130" pin=23"/></net>

<net id="168"><net_src comp="10" pin="0"/><net_sink comp="130" pin=24"/></net>

<net id="169"><net_src comp="12" pin="0"/><net_sink comp="130" pin=25"/></net>

<net id="170"><net_src comp="14" pin="0"/><net_sink comp="130" pin=26"/></net>

<net id="171"><net_src comp="16" pin="0"/><net_sink comp="130" pin=27"/></net>

<net id="172"><net_src comp="18" pin="0"/><net_sink comp="130" pin=28"/></net>

<net id="173"><net_src comp="20" pin="0"/><net_sink comp="130" pin=29"/></net>

<net id="174"><net_src comp="22" pin="0"/><net_sink comp="130" pin=30"/></net>

<net id="175"><net_src comp="24" pin="0"/><net_sink comp="130" pin=31"/></net>

<net id="190"><net_src comp="32" pin="0"/><net_sink comp="176" pin=0"/></net>

<net id="191"><net_src comp="2" pin="0"/><net_sink comp="176" pin=11"/></net>

<net id="195"><net_src comp="192" pin="1"/><net_sink comp="130" pin=1"/></net>

<net id="199"><net_src comp="196" pin="1"/><net_sink comp="130" pin=2"/></net>

<net id="203"><net_src comp="200" pin="1"/><net_sink comp="130" pin=3"/></net>

<net id="207"><net_src comp="204" pin="1"/><net_sink comp="130" pin=4"/></net>

<net id="211"><net_src comp="208" pin="1"/><net_sink comp="130" pin=5"/></net>

<net id="215"><net_src comp="212" pin="1"/><net_sink comp="130" pin=6"/></net>

<net id="219"><net_src comp="216" pin="1"/><net_sink comp="130" pin=7"/></net>

<net id="223"><net_src comp="220" pin="1"/><net_sink comp="130" pin=8"/></net>

<net id="227"><net_src comp="224" pin="1"/><net_sink comp="130" pin=9"/></net>

<net id="231"><net_src comp="228" pin="1"/><net_sink comp="130" pin=10"/></net>

<net id="235"><net_src comp="232" pin="1"/><net_sink comp="176" pin=10"/></net>

<net id="239"><net_src comp="236" pin="1"/><net_sink comp="176" pin=9"/></net>

<net id="243"><net_src comp="240" pin="1"/><net_sink comp="176" pin=8"/></net>

<net id="247"><net_src comp="244" pin="1"/><net_sink comp="176" pin=7"/></net>

<net id="251"><net_src comp="248" pin="1"/><net_sink comp="176" pin=6"/></net>

<net id="255"><net_src comp="252" pin="1"/><net_sink comp="176" pin=5"/></net>

<net id="259"><net_src comp="256" pin="1"/><net_sink comp="176" pin=4"/></net>

<net id="263"><net_src comp="260" pin="1"/><net_sink comp="176" pin=3"/></net>

<net id="267"><net_src comp="264" pin="1"/><net_sink comp="176" pin=2"/></net>

<net id="271"><net_src comp="268" pin="1"/><net_sink comp="176" pin=1"/></net>

<net id="275"><net_src comp="34" pin="1"/><net_sink comp="272" pin=0"/></net>

<net id="276"><net_src comp="272" pin="1"/><net_sink comp="130" pin=21"/></net>

<net id="277"><net_src comp="272" pin="1"/><net_sink comp="268" pin=0"/></net>

<net id="281"><net_src comp="38" pin="1"/><net_sink comp="278" pin=0"/></net>

<net id="282"><net_src comp="278" pin="1"/><net_sink comp="130" pin=20"/></net>

<net id="283"><net_src comp="278" pin="1"/><net_sink comp="264" pin=0"/></net>

<net id="287"><net_src comp="42" pin="1"/><net_sink comp="284" pin=0"/></net>

<net id="288"><net_src comp="284" pin="1"/><net_sink comp="130" pin=19"/></net>

<net id="289"><net_src comp="284" pin="1"/><net_sink comp="260" pin=0"/></net>

<net id="293"><net_src comp="46" pin="1"/><net_sink comp="290" pin=0"/></net>

<net id="294"><net_src comp="290" pin="1"/><net_sink comp="130" pin=18"/></net>

<net id="295"><net_src comp="290" pin="1"/><net_sink comp="256" pin=0"/></net>

<net id="299"><net_src comp="50" pin="1"/><net_sink comp="296" pin=0"/></net>

<net id="300"><net_src comp="296" pin="1"/><net_sink comp="130" pin=17"/></net>

<net id="301"><net_src comp="296" pin="1"/><net_sink comp="252" pin=0"/></net>

<net id="305"><net_src comp="54" pin="1"/><net_sink comp="302" pin=0"/></net>

<net id="306"><net_src comp="302" pin="1"/><net_sink comp="130" pin=16"/></net>

<net id="307"><net_src comp="302" pin="1"/><net_sink comp="248" pin=0"/></net>

<net id="311"><net_src comp="58" pin="1"/><net_sink comp="308" pin=0"/></net>

<net id="312"><net_src comp="308" pin="1"/><net_sink comp="130" pin=15"/></net>

<net id="313"><net_src comp="308" pin="1"/><net_sink comp="244" pin=0"/></net>

<net id="317"><net_src comp="62" pin="1"/><net_sink comp="314" pin=0"/></net>

<net id="318"><net_src comp="314" pin="1"/><net_sink comp="130" pin=14"/></net>

<net id="319"><net_src comp="314" pin="1"/><net_sink comp="240" pin=0"/></net>

<net id="323"><net_src comp="66" pin="1"/><net_sink comp="320" pin=0"/></net>

<net id="324"><net_src comp="320" pin="1"/><net_sink comp="130" pin=13"/></net>

<net id="325"><net_src comp="320" pin="1"/><net_sink comp="236" pin=0"/></net>

<net id="329"><net_src comp="70" pin="1"/><net_sink comp="326" pin=0"/></net>

<net id="330"><net_src comp="326" pin="1"/><net_sink comp="130" pin=12"/></net>

<net id="331"><net_src comp="326" pin="1"/><net_sink comp="232" pin=0"/></net>

<net id="335"><net_src comp="74" pin="1"/><net_sink comp="332" pin=0"/></net>

<net id="336"><net_src comp="332" pin="1"/><net_sink comp="114" pin=10"/></net>

<net id="337"><net_src comp="332" pin="1"/><net_sink comp="228" pin=0"/></net>

<net id="341"><net_src comp="78" pin="1"/><net_sink comp="338" pin=0"/></net>

<net id="342"><net_src comp="338" pin="1"/><net_sink comp="114" pin=9"/></net>

<net id="343"><net_src comp="338" pin="1"/><net_sink comp="224" pin=0"/></net>

<net id="347"><net_src comp="82" pin="1"/><net_sink comp="344" pin=0"/></net>

<net id="348"><net_src comp="344" pin="1"/><net_sink comp="114" pin=8"/></net>

<net id="349"><net_src comp="344" pin="1"/><net_sink comp="220" pin=0"/></net>

<net id="353"><net_src comp="86" pin="1"/><net_sink comp="350" pin=0"/></net>

<net id="354"><net_src comp="350" pin="1"/><net_sink comp="114" pin=7"/></net>

<net id="355"><net_src comp="350" pin="1"/><net_sink comp="216" pin=0"/></net>

<net id="359"><net_src comp="90" pin="1"/><net_sink comp="356" pin=0"/></net>

<net id="360"><net_src comp="356" pin="1"/><net_sink comp="114" pin=6"/></net>

<net id="361"><net_src comp="356" pin="1"/><net_sink comp="212" pin=0"/></net>

<net id="365"><net_src comp="94" pin="1"/><net_sink comp="362" pin=0"/></net>

<net id="366"><net_src comp="362" pin="1"/><net_sink comp="114" pin=5"/></net>

<net id="367"><net_src comp="362" pin="1"/><net_sink comp="208" pin=0"/></net>

<net id="371"><net_src comp="98" pin="1"/><net_sink comp="368" pin=0"/></net>

<net id="372"><net_src comp="368" pin="1"/><net_sink comp="114" pin=4"/></net>

<net id="373"><net_src comp="368" pin="1"/><net_sink comp="204" pin=0"/></net>

<net id="377"><net_src comp="102" pin="1"/><net_sink comp="374" pin=0"/></net>

<net id="378"><net_src comp="374" pin="1"/><net_sink comp="114" pin=3"/></net>

<net id="379"><net_src comp="374" pin="1"/><net_sink comp="200" pin=0"/></net>

<net id="383"><net_src comp="106" pin="1"/><net_sink comp="380" pin=0"/></net>

<net id="384"><net_src comp="380" pin="1"/><net_sink comp="114" pin=2"/></net>

<net id="385"><net_src comp="380" pin="1"/><net_sink comp="196" pin=0"/></net>

<net id="389"><net_src comp="110" pin="1"/><net_sink comp="386" pin=0"/></net>

<net id="390"><net_src comp="386" pin="1"/><net_sink comp="114" pin=1"/></net>

<net id="391"><net_src comp="386" pin="1"/><net_sink comp="192" pin=0"/></net>

</net_list>

</model> 
---------------- Datapath Model END ------------------

* FSMD analyzer results:
  - Output states:
	Port: ofmap | {5 6 }
	Port: fc_bias | {}
	Port: p_ZL9fc_weight_0 | {}
	Port: p_ZL9fc_weight_1 | {}
	Port: p_ZL9fc_weight_2 | {}
	Port: p_ZL9fc_weight_3 | {}
	Port: p_ZL9fc_weight_4 | {}
	Port: p_ZL9fc_weight_5 | {}
	Port: p_ZL9fc_weight_6 | {}
	Port: p_ZL9fc_weight_7 | {}
	Port: p_ZL9fc_weight_8 | {}
	Port: p_ZL9fc_weight_9 | {}
 - Input state : 
	Port: fc : ifmap | {3 4 }
	Port: fc : fc_bias | {1 2 }
	Port: fc : p_ZL9fc_weight_0 | {3 4 }
	Port: fc : p_ZL9fc_weight_1 | {3 4 }
	Port: fc : p_ZL9fc_weight_2 | {3 4 }
	Port: fc : p_ZL9fc_weight_3 | {3 4 }
	Port: fc : p_ZL9fc_weight_4 | {3 4 }
	Port: fc : p_ZL9fc_weight_5 | {3 4 }
	Port: fc : p_ZL9fc_weight_6 | {3 4 }
	Port: fc : p_ZL9fc_weight_7 | {3 4 }
	Port: fc : p_ZL9fc_weight_8 | {3 4 }
	Port: fc : p_ZL9fc_weight_9 | {3 4 }
  - Chain level:
	State 1
		call_ln0 : 1
	State 2
	State 3
		call_ln0 : 1
	State 4
	State 5
		call_ln0 : 1
	State 6


============================================================
+ Verbose Summary: Datapath Resource usage 
============================================================

* Functional unit list:
|----------|----------------------------------|---------|---------|---------|---------|
| Operation|          Functional Unit         |   DSP   |  Delay  |    FF   |   LUT   |
|----------|----------------------------------|---------|---------|---------|---------|
|          |  grp_fc_Pipeline_FC_BIAS_fu_114  |    0    |  1.298  |   332   |    21   |
|   call   |   grp_fc_Pipeline_FC_IC_fu_130   |    10   |  22.824 |   2170  |   1709  |
|          | grp_fc_Pipeline_FC_OUTPUT_fu_176 |    0    |    0    |    4    |    53   |
|----------|----------------------------------|---------|---------|---------|---------|
|   fadd   |            grp_fu_452            |    2    |    0    |   205   |   391   |
|          |            grp_fu_456            |    2    |    0    |   205   |   391   |
|----------|----------------------------------|---------|---------|---------|---------|
|   fmul   |            grp_fu_460            |    3    |    0    |   143   |   322   |
|          |            grp_fu_464            |    3    |    0    |   143   |   322   |
|----------|----------------------------------|---------|---------|---------|---------|
|   Total  |                                  |    20   |  24.122 |   3202  |   3209  |
|----------|----------------------------------|---------|---------|---------|---------|

Memories:
N/A

* Register list:
+-----------------------------------+--------+
|                                   |   FF   |
+-----------------------------------+--------+
|          add8_loc_reg_272         |   32   |
|         add_19_loc_reg_278        |   32   |
|        add_210_loc_reg_284        |   32   |
|        add_311_loc_reg_290        |   32   |
|        add_412_loc_reg_296        |   32   |
|        add_513_loc_reg_302        |   32   |
|        add_614_loc_reg_308        |   32   |
|        add_715_loc_reg_314        |   32   |
|        add_816_loc_reg_320        |   32   |
|        add_917_loc_reg_326        |   32   |
| arrayidx19_1_promoted5_loc_reg_338|   32   |
| arrayidx19_2_promoted7_loc_reg_344|   32   |
| arrayidx19_3_promoted9_loc_reg_350|   32   |
|arrayidx19_4_promoted11_loc_reg_356|   32   |
|arrayidx19_5_promoted13_loc_reg_362|   32   |
|arrayidx19_6_promoted15_loc_reg_368|   32   |
|arrayidx19_7_promoted17_loc_reg_374|   32   |
|arrayidx19_8_promoted19_loc_reg_380|   32   |
|arrayidx19_9_promoted21_loc_reg_386|   32   |
|  arrayidx19_promoted3_loc_reg_332 |   32   |
+-----------------------------------+--------+
|               Total               |   640  |
+-----------------------------------+--------+

* Multiplexer (MUX) list: 
|--------|------|------|------|--------|
|  Comp  |  Pin | Size |  BW  | S x BW |
|--------|------|------|------|--------|
|  Total |      |      |      |    0   |
|--------|------|------|------|--------|



* Summary:
+-----------+--------+--------+--------+--------+
|           |   DSP  |  Delay |   FF   |   LUT  |
+-----------+--------+--------+--------+--------+
|  Function |   20   |   24   |  3202  |  3209  |
|   Memory  |    -   |    -   |    -   |    -   |
|Multiplexer|    -   |    -   |    -   |    -   |
|  Register |    -   |    -   |   640  |    -   |
+-----------+--------+--------+--------+--------+
|   Total   |   20   |   24   |  3842  |  3209  |
+-----------+--------+--------+--------+--------+
