

================================================================
== Vitis HLS Report for 'fc'
================================================================
* Date:           Sat Jun 27 09:58:14 2026

* Version:        2025.2 (Build 6295257 on Nov 14 2025)
* Project:        FP32_HLS
* Solution:       hls (Vivado IP Flow Target)
* Product family: zynq
* Target device:  xc7z045-ffg900-2


================================================================
== Performance Estimates
================================================================
+ Timing: 
    * Summary: 
    +--------+----------+----------+------------+
    |  Clock |  Target  | Estimated| Uncertainty|
    +--------+----------+----------+------------+
    |ap_clk  |  10.00 ns|  7.157 ns|     2.70 ns|
    +--------+----------+----------+------------+

+ Latency: 
    * Summary: 
    +---------+---------+-----------+-----------+------+------+---------+
    |  Latency (cycles) |   Latency (absolute)  |   Interval  | Pipeline|
    |   min   |   max   |    min    |    max    |  min |  max |   Type  |
    +---------+---------+-----------+-----------+------+------+---------+
    |     1576|     1576|  15.760 us|  15.760 us|  1576|  1576|       no|
    +---------+---------+-----------+-----------+------+------+---------+

    + Detail: 
        * Instance: 
        N/A

        * Loop: 
        N/A

============================================================
+ Verbose Summary: Synthesis Manager
============================================================
InlineROM: 1
ExposeGlobal: 0
============================================================
+ Verbose Summary: CDFG Model
============================================================
IsTopModel: 0
ResetActiveHigh: 1
IsCombinational: 0
IsDatapathOnly: 0
HasWiredReturn: 1
HasMFsm: 0
HasVarLatency: 1
IsPipeline: 0
IsRtlPipelined: 0
IsInstanceOverlapped: 0
IsDontTouch: 0
HasImplIP: 0
IsGatedGlobalClock: 0


============================================================
+ Verbose Summary: Schedule
============================================================
* Number of FSM states : 6
* Pipeline : 0
* Dataflow Pipeline: 0

* FSM state transitions: 
1 --> 2 
2 --> 3 
3 --> 4 
4 --> 5 
5 --> 6 
6 --> 

* FSM state operations: 

State 1 <SV = 0> <Delay = 0.00>
ST_1 : Operation 7 [1/1] (0.00ns)   --->   "%add8_loc = alloca i64 1"   --->   Operation 7 'alloca' 'add8_loc' <Predicate = true> <Delay = 0.00>
ST_1 : Operation 8 [1/1] (0.00ns)   --->   "%add_19_loc = alloca i64 1"   --->   Operation 8 'alloca' 'add_19_loc' <Predicate = true> <Delay = 0.00>
ST_1 : Operation 9 [1/1] (0.00ns)   --->   "%add_210_loc = alloca i64 1"   --->   Operation 9 'alloca' 'add_210_loc' <Predicate = true> <Delay = 0.00>
ST_1 : Operation 10 [1/1] (0.00ns)   --->   "%add_311_loc = alloca i64 1"   --->   Operation 10 'alloca' 'add_311_loc' <Predicate = true> <Delay = 0.00>
ST_1 : Operation 11 [1/1] (0.00ns)   --->   "%add_412_loc = alloca i64 1"   --->   Operation 11 'alloca' 'add_412_loc' <Predicate = true> <Delay = 0.00>
ST_1 : Operation 12 [1/1] (0.00ns)   --->   "%add_513_loc = alloca i64 1"   --->   Operation 12 'alloca' 'add_513_loc' <Predicate = true> <Delay = 0.00>
ST_1 : Operation 13 [1/1] (0.00ns)   --->   "%add_614_loc = alloca i64 1"   --->   Operation 13 'alloca' 'add_614_loc' <Predicate = true> <Delay = 0.00>
ST_1 : Operation 14 [1/1] (0.00ns)   --->   "%add_715_loc = alloca i64 1"   --->   Operation 14 'alloca' 'add_715_loc' <Predicate = true> <Delay = 0.00>
ST_1 : Operation 15 [1/1] (0.00ns)   --->   "%add_816_loc = alloca i64 1"   --->   Operation 15 'alloca' 'add_816_loc' <Predicate = true> <Delay = 0.00>
ST_1 : Operation 16 [1/1] (0.00ns)   --->   "%add_917_loc = alloca i64 1"   --->   Operation 16 'alloca' 'add_917_loc' <Predicate = true> <Delay = 0.00>
ST_1 : Operation 17 [1/1] (0.00ns)   --->   "%arrayidx19_promoted3_loc = alloca i64 1"   --->   Operation 17 'alloca' 'arrayidx19_promoted3_loc' <Predicate = true> <Delay = 0.00>
ST_1 : Operation 18 [1/1] (0.00ns)   --->   "%arrayidx19_1_promoted5_loc = alloca i64 1"   --->   Operation 18 'alloca' 'arrayidx19_1_promoted5_loc' <Predicate = true> <Delay = 0.00>
ST_1 : Operation 19 [1/1] (0.00ns)   --->   "%arrayidx19_2_promoted7_loc = alloca i64 1"   --->   Operation 19 'alloca' 'arrayidx19_2_promoted7_loc' <Predicate = true> <Delay = 0.00>
ST_1 : Operation 20 [1/1] (0.00ns)   --->   "%arrayidx19_3_promoted9_loc = alloca i64 1"   --->   Operation 20 'alloca' 'arrayidx19_3_promoted9_loc' <Predicate = true> <Delay = 0.00>
ST_1 : Operation 21 [1/1] (0.00ns)   --->   "%arrayidx19_4_promoted11_loc = alloca i64 1"   --->   Operation 21 'alloca' 'arrayidx19_4_promoted11_loc' <Predicate = true> <Delay = 0.00>
ST_1 : Operation 22 [1/1] (0.00ns)   --->   "%arrayidx19_5_promoted13_loc = alloca i64 1"   --->   Operation 22 'alloca' 'arrayidx19_5_promoted13_loc' <Predicate = true> <Delay = 0.00>
ST_1 : Operation 23 [1/1] (0.00ns)   --->   "%arrayidx19_6_promoted15_loc = alloca i64 1"   --->   Operation 23 'alloca' 'arrayidx19_6_promoted15_loc' <Predicate = true> <Delay = 0.00>
ST_1 : Operation 24 [1/1] (0.00ns)   --->   "%arrayidx19_7_promoted17_loc = alloca i64 1"   --->   Operation 24 'alloca' 'arrayidx19_7_promoted17_loc' <Predicate = true> <Delay = 0.00>
ST_1 : Operation 25 [1/1] (0.00ns)   --->   "%arrayidx19_8_promoted19_loc = alloca i64 1"   --->   Operation 25 'alloca' 'arrayidx19_8_promoted19_loc' <Predicate = true> <Delay = 0.00>
ST_1 : Operation 26 [1/1] (0.00ns)   --->   "%arrayidx19_9_promoted21_loc = alloca i64 1"   --->   Operation 26 'alloca' 'arrayidx19_9_promoted21_loc' <Predicate = true> <Delay = 0.00>
ST_1 : Operation 27 [2/2] (0.00ns)   --->   "%call_ln0 = call void @fc_Pipeline_FC_BIAS, i32 %arrayidx19_9_promoted21_loc, i32 %arrayidx19_8_promoted19_loc, i32 %arrayidx19_7_promoted17_loc, i32 %arrayidx19_6_promoted15_loc, i32 %arrayidx19_5_promoted13_loc, i32 %arrayidx19_4_promoted11_loc, i32 %arrayidx19_3_promoted9_loc, i32 %arrayidx19_2_promoted7_loc, i32 %arrayidx19_1_promoted5_loc, i32 %arrayidx19_promoted3_loc, i32 %fc_bias"   --->   Operation 27 'call' 'call_ln0' <Predicate = true> <Delay = 0.00> <CoreType = "Generic">   --->   Generic Core

State 2 <SV = 1> <Delay = 3.59>
ST_2 : Operation 28 [1/2] (3.59ns)   --->   "%call_ln0 = call void @fc_Pipeline_FC_BIAS, i32 %arrayidx19_9_promoted21_loc, i32 %arrayidx19_8_promoted19_loc, i32 %arrayidx19_7_promoted17_loc, i32 %arrayidx19_6_promoted15_loc, i32 %arrayidx19_5_promoted13_loc, i32 %arrayidx19_4_promoted11_loc, i32 %arrayidx19_3_promoted9_loc, i32 %arrayidx19_2_promoted7_loc, i32 %arrayidx19_1_promoted5_loc, i32 %arrayidx19_promoted3_loc, i32 %fc_bias"   --->   Operation 28 'call' 'call_ln0' <Predicate = true> <Delay = 3.59> <CoreType = "Generic">   --->   Generic Core

State 3 <SV = 2> <Delay = 1.29>
ST_3 : Operation 29 [1/1] (0.00ns)   --->   "%arrayidx19_9_promoted21_loc_load = load i32 %arrayidx19_9_promoted21_loc"   --->   Operation 29 'load' 'arrayidx19_9_promoted21_loc_load' <Predicate = true> <Delay = 0.00>
ST_3 : Operation 30 [1/1] (0.00ns)   --->   "%arrayidx19_8_promoted19_loc_load = load i32 %arrayidx19_8_promoted19_loc"   --->   Operation 30 'load' 'arrayidx19_8_promoted19_loc_load' <Predicate = true> <Delay = 0.00>
ST_3 : Operation 31 [1/1] (0.00ns)   --->   "%arrayidx19_7_promoted17_loc_load = load i32 %arrayidx19_7_promoted17_loc"   --->   Operation 31 'load' 'arrayidx19_7_promoted17_loc_load' <Predicate = true> <Delay = 0.00>
ST_3 : Operation 32 [1/1] (0.00ns)   --->   "%arrayidx19_6_promoted15_loc_load = load i32 %arrayidx19_6_promoted15_loc"   --->   Operation 32 'load' 'arrayidx19_6_promoted15_loc_load' <Predicate = true> <Delay = 0.00>
ST_3 : Operation 33 [1/1] (0.00ns)   --->   "%arrayidx19_5_promoted13_loc_load = load i32 %arrayidx19_5_promoted13_loc"   --->   Operation 33 'load' 'arrayidx19_5_promoted13_loc_load' <Predicate = true> <Delay = 0.00>
ST_3 : Operation 34 [1/1] (0.00ns)   --->   "%arrayidx19_4_promoted11_loc_load = load i32 %arrayidx19_4_promoted11_loc"   --->   Operation 34 'load' 'arrayidx19_4_promoted11_loc_load' <Predicate = true> <Delay = 0.00>
ST_3 : Operation 35 [1/1] (0.00ns)   --->   "%arrayidx19_3_promoted9_loc_load = load i32 %arrayidx19_3_promoted9_loc"   --->   Operation 35 'load' 'arrayidx19_3_promoted9_loc_load' <Predicate = true> <Delay = 0.00>
ST_3 : Operation 36 [1/1] (0.00ns)   --->   "%arrayidx19_2_promoted7_loc_load = load i32 %arrayidx19_2_promoted7_loc"   --->   Operation 36 'load' 'arrayidx19_2_promoted7_loc_load' <Predicate = true> <Delay = 0.00>
ST_3 : Operation 37 [1/1] (0.00ns)   --->   "%arrayidx19_1_promoted5_loc_load = load i32 %arrayidx19_1_promoted5_loc"   --->   Operation 37 'load' 'arrayidx19_1_promoted5_loc_load' <Predicate = true> <Delay = 0.00>
ST_3 : Operation 38 [1/1] (0.00ns)   --->   "%arrayidx19_promoted3_loc_load = load i32 %arrayidx19_promoted3_loc"   --->   Operation 38 'load' 'arrayidx19_promoted3_loc_load' <Predicate = true> <Delay = 0.00>
ST_3 : Operation 39 [2/2] (1.29ns)   --->   "%call_ln0 = call void @fc_Pipeline_FC_IC, i32 %arrayidx19_9_promoted21_loc_load, i32 %arrayidx19_8_promoted19_loc_load, i32 %arrayidx19_7_promoted17_loc_load, i32 %arrayidx19_6_promoted15_loc_load, i32 %arrayidx19_5_promoted13_loc_load, i32 %arrayidx19_4_promoted11_loc_load, i32 %arrayidx19_3_promoted9_loc_load, i32 %arrayidx19_2_promoted7_loc_load, i32 %arrayidx19_1_promoted5_loc_load, i32 %arrayidx19_promoted3_loc_load, i32 %ifmap, i32 %add_917_loc, i32 %add_816_loc, i32 %add_715_loc, i32 %add_614_loc, i32 %add_513_loc, i32 %add_412_loc, i32 %add_311_loc, i32 %add_210_loc, i32 %add_19_loc, i32 %add8_loc, i32 %p_ZL9fc_weight_0, i32 %p_ZL9fc_weight_1, i32 %p_ZL9fc_weight_2, i32 %p_ZL9fc_weight_3, i32 %p_ZL9fc_weight_4, i32 %p_ZL9fc_weight_5, i32 %p_ZL9fc_weight_6, i32 %p_ZL9fc_weight_7, i32 %p_ZL9fc_weight_8, i32 %p_ZL9fc_weight_9"   --->   Operation 39 'call' 'call_ln0' <Predicate = true> <Delay = 1.29> <CoreType = "Generic">   --->   Generic Core

State 4 <SV = 3> <Delay = 0.00>
ST_4 : Operation 40 [1/2] (0.00ns)   --->   "%call_ln0 = call void @fc_Pipeline_FC_IC, i32 %arrayidx19_9_promoted21_loc_load, i32 %arrayidx19_8_promoted19_loc_load, i32 %arrayidx19_7_promoted17_loc_load, i32 %arrayidx19_6_promoted15_loc_load, i32 %arrayidx19_5_promoted13_loc_load, i32 %arrayidx19_4_promoted11_loc_load, i32 %arrayidx19_3_promoted9_loc_load, i32 %arrayidx19_2_promoted7_loc_load, i32 %arrayidx19_1_promoted5_loc_load, i32 %arrayidx19_promoted3_loc_load, i32 %ifmap, i32 %add_917_loc, i32 %add_816_loc, i32 %add_715_loc, i32 %add_614_loc, i32 %add_513_loc, i32 %add_412_loc, i32 %add_311_loc, i32 %add_210_loc, i32 %add_19_loc, i32 %add8_loc, i32 %p_ZL9fc_weight_0, i32 %p_ZL9fc_weight_1, i32 %p_ZL9fc_weight_2, i32 %p_ZL9fc_weight_3, i32 %p_ZL9fc_weight_4, i32 %p_ZL9fc_weight_5, i32 %p_ZL9fc_weight_6, i32 %p_ZL9fc_weight_7, i32 %p_ZL9fc_weight_8, i32 %p_ZL9fc_weight_9"   --->   Operation 40 'call' 'call_ln0' <Predicate = true> <Delay = 0.00> <CoreType = "Generic">   --->   Generic Core

State 5 <SV = 4> <Delay = 3.26>
ST_5 : Operation 41 [1/1] (0.00ns)   --->   "%add_917_loc_load = load i32 %add_917_loc"   --->   Operation 41 'load' 'add_917_loc_load' <Predicate = true> <Delay = 0.00>
ST_5 : Operation 42 [1/1] (0.00ns)   --->   "%add_816_loc_load = load i32 %add_816_loc"   --->   Operation 42 'load' 'add_816_loc_load' <Predicate = true> <Delay = 0.00>
ST_5 : Operation 43 [1/1] (0.00ns)   --->   "%add_715_loc_load = load i32 %add_715_loc"   --->   Operation 43 'load' 'add_715_loc_load' <Predicate = true> <Delay = 0.00>
ST_5 : Operation 44 [1/1] (0.00ns)   --->   "%add_614_loc_load = load i32 %add_614_loc"   --->   Operation 44 'load' 'add_614_loc_load' <Predicate = true> <Delay = 0.00>
ST_5 : Operation 45 [1/1] (0.00ns)   --->   "%add_513_loc_load = load i32 %add_513_loc"   --->   Operation 45 'load' 'add_513_loc_load' <Predicate = true> <Delay = 0.00>
ST_5 : Operation 46 [1/1] (0.00ns)   --->   "%add_412_loc_load = load i32 %add_412_loc"   --->   Operation 46 'load' 'add_412_loc_load' <Predicate = true> <Delay = 0.00>
ST_5 : Operation 47 [1/1] (0.00ns)   --->   "%add_311_loc_load = load i32 %add_311_loc"   --->   Operation 47 'load' 'add_311_loc_load' <Predicate = true> <Delay = 0.00>
ST_5 : Operation 48 [1/1] (0.00ns)   --->   "%add_210_loc_load = load i32 %add_210_loc"   --->   Operation 48 'load' 'add_210_loc_load' <Predicate = true> <Delay = 0.00>
ST_5 : Operation 49 [1/1] (0.00ns)   --->   "%add_19_loc_load = load i32 %add_19_loc"   --->   Operation 49 'load' 'add_19_loc_load' <Predicate = true> <Delay = 0.00>
ST_5 : Operation 50 [1/1] (0.00ns)   --->   "%add8_loc_load = load i32 %add8_loc"   --->   Operation 50 'load' 'add8_loc_load' <Predicate = true> <Delay = 0.00>
ST_5 : Operation 51 [2/2] (3.26ns)   --->   "%call_ln0 = call void @fc_Pipeline_FC_OUTPUT, i32 %add8_loc_load, i32 %add_19_loc_load, i32 %add_210_loc_load, i32 %add_311_loc_load, i32 %add_412_loc_load, i32 %add_513_loc_load, i32 %add_614_loc_load, i32 %add_715_loc_load, i32 %add_816_loc_load, i32 %add_917_loc_load, i32 %ofmap"   --->   Operation 51 'call' 'call_ln0' <Predicate = true> <Delay = 3.26> <CoreType = "Generic">   --->   Generic Core

State 6 <SV = 5> <Delay = 3.59>
ST_6 : Operation 52 [1/2] (3.59ns)   --->   "%call_ln0 = call void @fc_Pipeline_FC_OUTPUT, i32 %add8_loc_load, i32 %add_19_loc_load, i32 %add_210_loc_load, i32 %add_311_loc_load, i32 %add_412_loc_load, i32 %add_513_loc_load, i32 %add_614_loc_load, i32 %add_715_loc_load, i32 %add_816_loc_load, i32 %add_917_loc_load, i32 %ofmap"   --->   Operation 52 'call' 'call_ln0' <Predicate = true> <Delay = 3.59> <CoreType = "Generic">   --->   Generic Core
ST_6 : Operation 53 [1/1] (0.00ns)   --->   "%ret_ln28 = ret" [../FP32-Model/fc.cpp:28]   --->   Operation 53 'ret' 'ret_ln28' <Predicate = true> <Delay = 0.00>


============================================================
+ Verbose Summary: Timing violations
============================================================
Target clock period: 10.000ns, clock uncertainty: 2.700ns.

 <State 1>: 0.000ns
The critical path consists of the following:

 <State 2>: 3.593ns
The critical path consists of the following:
	'call' operation ('call_ln0') to 'fc_Pipeline_FC_BIAS' [34]  (3.593 ns)

 <State 3>: 1.298ns
The critical path consists of the following:
	'load' operation 32 bit ('arrayidx19_9_promoted21_loc_load') on local variable 'arrayidx19_9_promoted21_loc' [35]  (0.000 ns)
	'call' operation ('call_ln0') to 'fc_Pipeline_FC_IC' [45]  (1.298 ns)

 <State 4>: 0.000ns
The critical path consists of the following:

 <State 5>: 3.270ns
The critical path consists of the following:
	'load' operation 32 bit ('add_917_loc_load') on local variable 'add_917_loc' [46]  (0.000 ns)
	'call' operation ('call_ln0') to 'fc_Pipeline_FC_OUTPUT' [56]  (3.270 ns)

 <State 6>: 3.593ns
The critical path consists of the following:
	'call' operation ('call_ln0') to 'fc_Pipeline_FC_OUTPUT' [56]  (3.593 ns)


============================================================
+ Verbose Summary: Binding
============================================================
N/A
* FSMD analyzer results:
  - Output states:
 - Input state : 
  - Chain level:
	State 1
	State 2
	State 3
	State 4
	State 5
	State 6


============================================================
+ Verbose Summary: Datapath Resource usage 
============================================================
N/A
