

================================================================
== Vitis HLS Report for 'fc_Pipeline_FC_OUTPUT'
================================================================
* Date:           Sat Jun 27 09:58:14 2026

* Version:        2025.2 (Build 6295257 on Nov 14 2025)
* Project:        FP32_HLS
* Solution:       hls (Vivado IP Flow Target)
* Product family: zynq
* Target device:  xc7z045-ffg900-2


================================================================
== Performance Estimates
================================================================
+ Timing: 
    * Summary: 
    +--------+----------+----------+------------+
    |  Clock |  Target  | Estimated| Uncertainty|
    +--------+----------+----------+------------+
    |ap_clk  |  10.00 ns|  4.568 ns|     2.70 ns|
    +--------+----------+----------+------------+

+ Latency: 
    * Summary: 
    +---------+---------+----------+----------+-----+-----+-------------------+
    |  Latency (cycles) |  Latency (absolute) |  Interval |      Pipeline     |
    |   min   |   max   |    min   |    max   | min | max |        Type       |
    +---------+---------+----------+----------+-----+-----+-------------------+
    |       12|       12|  0.120 us|  0.120 us|    0|    0|  loop pipeline stp|
    +---------+---------+----------+----------+-----+-----+-------------------+

    + Detail: 
        * Instance: 
        N/A

        * Loop: 
        +-------------+---------+---------+----------+-----------+-----------+------+----------+
        |             |  Latency (cycles) | Iteration|  Initiation Interval  | Trip |          |
        |  Loop Name  |   min   |   max   |  Latency |  achieved |   target  | Count| Pipelined|
        +-------------+---------+---------+----------+-----------+-----------+------+----------+
        |- FC_OUTPUT  |       10|       10|         1|          1|          1|    10|       yes|
        +-------------+---------+---------+----------+-----------+-----------+------+----------+

============================================================
+ Verbose Summary: Synthesis Manager
============================================================
InlineROM: 1
ExposeGlobal: 0
============================================================
+ Verbose Summary: CDFG Model
============================================================
IsTopModel: 0
ResetActiveHigh: 1
IsCombinational: 0
IsDatapathOnly: 0
HasWiredReturn: 1
HasMFsm: 2
HasVarLatency: 1
IsPipeline: 0
IsRtlPipelined: 0
IsInstanceOverlapped: 0
IsDontTouch: 0
HasImplIP: 0
IsGatedGlobalClock: 0

+ Individual pipeline summary: 
  * Pipeline-0: initiation interval (II) = 1, depth = 1


============================================================
+ Verbose Summary: Schedule
============================================================
* Number of FSM states : 1
* Pipeline : 1
  Pipeline-0 : II = 1, D = 1, States = { 1 }
* Dataflow Pipeline: 0

* FSM state transitions: 
1 --> 

* FSM state operations: 

State 1 <SV = 0> <Delay = 4.56>
ST_1 : Operation 4 [1/1] (0.00ns)   --->   "%oc = alloca i32 1" [../FP32-Model/fc.cpp:25]   --->   Operation 4 'alloca' 'oc' <Predicate = true> <Delay = 0.00>
ST_1 : Operation 5 [1/1] (0.00ns)   --->   "%add_917_reload_read = read i32 @_ssdm_op_Read.ap_auto.float, i32 %add_917_reload"   --->   Operation 5 'read' 'add_917_reload_read' <Predicate = true> <Delay = 0.00>
ST_1 : Operation 6 [1/1] (0.00ns)   --->   "%add_816_reload_read = read i32 @_ssdm_op_Read.ap_auto.float, i32 %add_816_reload"   --->   Operation 6 'read' 'add_816_reload_read' <Predicate = true> <Delay = 0.00>
ST_1 : Operation 7 [1/1] (0.00ns)   --->   "%add_715_reload_read = read i32 @_ssdm_op_Read.ap_auto.float, i32 %add_715_reload"   --->   Operation 7 'read' 'add_715_reload_read' <Predicate = true> <Delay = 0.00>
ST_1 : Operation 8 [1/1] (0.00ns)   --->   "%add_614_reload_read = read i32 @_ssdm_op_Read.ap_auto.float, i32 %add_614_reload"   --->   Operation 8 'read' 'add_614_reload_read' <Predicate = true> <Delay = 0.00>
ST_1 : Operation 9 [1/1] (0.00ns)   --->   "%add_513_reload_read = read i32 @_ssdm_op_Read.ap_auto.float, i32 %add_513_reload"   --->   Operation 9 'read' 'add_513_reload_read' <Predicate = true> <Delay = 0.00>
ST_1 : Operation 10 [1/1] (0.00ns)   --->   "%add_412_reload_read = read i32 @_ssdm_op_Read.ap_auto.float, i32 %add_412_reload"   --->   Operation 10 'read' 'add_412_reload_read' <Predicate = true> <Delay = 0.00>
ST_1 : Operation 11 [1/1] (0.00ns)   --->   "%add_311_reload_read = read i32 @_ssdm_op_Read.ap_auto.float, i32 %add_311_reload"   --->   Operation 11 'read' 'add_311_reload_read' <Predicate = true> <Delay = 0.00>
ST_1 : Operation 12 [1/1] (0.00ns)   --->   "%add_210_reload_read = read i32 @_ssdm_op_Read.ap_auto.float, i32 %add_210_reload"   --->   Operation 12 'read' 'add_210_reload_read' <Predicate = true> <Delay = 0.00>
ST_1 : Operation 13 [1/1] (0.00ns)   --->   "%add_19_reload_read = read i32 @_ssdm_op_Read.ap_auto.float, i32 %add_19_reload"   --->   Operation 13 'read' 'add_19_reload_read' <Predicate = true> <Delay = 0.00>
ST_1 : Operation 14 [1/1] (0.00ns)   --->   "%add8_reload_read = read i32 @_ssdm_op_Read.ap_auto.float, i32 %add8_reload"   --->   Operation 14 'read' 'add8_reload_read' <Predicate = true> <Delay = 0.00>
ST_1 : Operation 15 [1/1] (1.29ns)   --->   "%store_ln25 = store i4 0, i4 %oc" [../FP32-Model/fc.cpp:25]   --->   Operation 15 'store' 'store_ln25' <Predicate = true> <Delay = 1.29>
ST_1 : Operation 16 [1/1] (0.00ns)   --->   "%br_ln0 = br void %for.inc35"   --->   Operation 16 'br' 'br_ln0' <Predicate = true> <Delay = 0.00>
ST_1 : Operation 17 [1/1] (0.00ns)   --->   "%oc_1 = load i4 %oc" [../FP32-Model/fc.cpp:25]   --->   Operation 17 'load' 'oc_1' <Predicate = true> <Delay = 0.00>
ST_1 : Operation 18 [1/1] (0.99ns)   --->   "%icmp_ln25 = icmp_eq  i4 %oc_1, i4 10" [../FP32-Model/fc.cpp:25]   --->   Operation 18 'icmp' 'icmp_ln25' <Predicate = true> <Delay = 0.99> <CoreInst = "Cmp">   --->   Core 9 'Cmp' <Latency = 0> <II = 1> <Delay = 0.99> <FuncUnit> <Opcode : 'seteq' 'setne' 'setle' 'setge' 'setlt' 'setgt'> <InPorts = 2> <OutPorts = 1>
ST_1 : Operation 19 [1/1] (0.99ns)   --->   "%add_ln25 = add i4 %oc_1, i4 1" [../FP32-Model/fc.cpp:25]   --->   Operation 19 'add' 'add_ln25' <Predicate = true> <Delay = 0.99> <CoreInst = "Adder">   --->   Core 1 'Adder' <Latency = 0> <II = 1> <Delay = 0.99> <FuncUnit> <Opcode : 'add' 'sub'> <InPorts = 2> <OutPorts = 1>
ST_1 : Operation 20 [1/1] (0.00ns)   --->   "%br_ln25 = br i1 %icmp_ln25, void %for.inc35.split, void %for.end37.exitStub" [../FP32-Model/fc.cpp:25]   --->   Operation 20 'br' 'br_ln25' <Predicate = true> <Delay = 0.00>
ST_1 : Operation 21 [1/1] (0.00ns)   --->   "%zext_ln25 = zext i4 %oc_1" [../FP32-Model/fc.cpp:25]   --->   Operation 21 'zext' 'zext_ln25' <Predicate = (!icmp_ln25)> <Delay = 0.00>
ST_1 : Operation 22 [1/1] (0.00ns)   --->   "%specpipeline_ln25 = specpipeline void @_ssdm_op_SpecPipeline, i32 4294967295, i32 0, i32 0, i32 0, i32 4294967295, void @empty" [../FP32-Model/fc.cpp:25]   --->   Operation 22 'specpipeline' 'specpipeline_ln25' <Predicate = (!icmp_ln25)> <Delay = 0.00>
ST_1 : Operation 23 [1/1] (0.00ns)   --->   "%speclooptripcount_ln25 = speclooptripcount void @_ssdm_op_SpecLoopTripCount, i64 10, i64 10, i64 10" [../FP32-Model/fc.cpp:25]   --->   Operation 23 'speclooptripcount' 'speclooptripcount_ln25' <Predicate = (!icmp_ln25)> <Delay = 0.00>
ST_1 : Operation 24 [1/1] (0.00ns)   --->   "%specloopname_ln25 = specloopname void @_ssdm_op_SpecLoopName, void @empty_12" [../FP32-Model/fc.cpp:25]   --->   Operation 24 'specloopname' 'specloopname_ln25' <Predicate = (!icmp_ln25)> <Delay = 0.00>
ST_1 : Operation 25 [1/1] (1.51ns)   --->   "%tmp = sparsemux i32 @_ssdm_op_SparseMux.ap_auto.10float.float.i4, i4 0, i32 %add8_reload_read, i4 1, i32 %add_19_reload_read, i4 2, i32 %add_210_reload_read, i4 3, i32 %add_311_reload_read, i4 4, i32 %add_412_reload_read, i4 5, i32 %add_513_reload_read, i4 6, i32 %add_614_reload_read, i4 7, i32 %add_715_reload_read, i4 8, i32 %add_816_reload_read, i4 9, i32 %add_917_reload_read, i32 <undef>, i4 %oc_1" [../FP32-Model/fc.cpp:26]   --->   Operation 25 'sparsemux' 'tmp' <Predicate = (!icmp_ln25)> <Delay = 1.51> <CoreInst = "BinarySparseMux_DontCare">   --->   Core 137 'BinarySparseMux_DontCare' <Latency = 0> <II = 1> <Delay = 1.51> <FuncUnit> <Opcode : 'sparsemux'> <InPorts = 2> <OutPorts = 1>
ST_1 : Operation 26 [1/1] (0.00ns)   --->   "%ofmap_addr = getelementptr i32 %ofmap, i64 0, i64 %zext_ln25" [../FP32-Model/fc.cpp:26]   --->   Operation 26 'getelementptr' 'ofmap_addr' <Predicate = (!icmp_ln25)> <Delay = 0.00>
ST_1 : Operation 27 [1/1] ( I:1.75ns O:1.75ns )   --->   "%store_ln26 = store i32 %tmp, i4 %ofmap_addr" [../FP32-Model/fc.cpp:26]   --->   Operation 27 'store' 'store_ln26' <Predicate = (!icmp_ln25)> <Delay = 1.75> <CoreInst = "RAM">   --->   Core 81 'RAM' <Latency = 1> <II = 1> <Delay = 1.75> <Storage> <Opcode : 'load' 'store'> <Ports = 2> <Width = 32> <Depth = 10> <RAM>
ST_1 : Operation 28 [1/1] (1.29ns)   --->   "%store_ln25 = store i4 %add_ln25, i4 %oc" [../FP32-Model/fc.cpp:25]   --->   Operation 28 'store' 'store_ln25' <Predicate = (!icmp_ln25)> <Delay = 1.29>
ST_1 : Operation 29 [1/1] (0.00ns)   --->   "%br_ln25 = br void %for.inc35" [../FP32-Model/fc.cpp:25]   --->   Operation 29 'br' 'br_ln25' <Predicate = (!icmp_ln25)> <Delay = 0.00>
ST_1 : Operation 30 [1/1] (1.29ns)   --->   "%ret_ln0 = ret"   --->   Operation 30 'ret' 'ret_ln0' <Predicate = (icmp_ln25)> <Delay = 1.29>


============================================================
+ Verbose Summary: Timing violations
============================================================
Target clock period: 10.000ns, clock uncertainty: 2.700ns.

 <State 1>: 4.568ns
The critical path consists of the following:
	'store' operation ('store_ln25', ../FP32-Model/fc.cpp:25) of constant 0 4 bit on local variable 'oc', ../FP32-Model/fc.cpp:25 [23]  (1.298 ns)
	'load' operation 4 bit ('oc', ../FP32-Model/fc.cpp:25) on local variable 'oc', ../FP32-Model/fc.cpp:25 [26]  (0.000 ns)
	'sparsemux' operation 32 bit ('tmp', ../FP32-Model/fc.cpp:26) [35]  (1.515 ns)
	'store' operation ('store_ln26', ../FP32-Model/fc.cpp:26) of variable 'tmp', ../FP32-Model/fc.cpp:26 32 bit on array 'ofmap' [37]  (1.755 ns)


============================================================
+ Verbose Summary: Binding
============================================================
N/A
* FSMD analyzer results:
  - Output states:
 - Input state : 
  - Chain level:
	State 1


============================================================
+ Verbose Summary: Datapath Resource usage 
============================================================
N/A
