

================================================================
== Vitis HLS Report for 'fc_Pipeline_FC_OUTPUT'
================================================================
* Date:           Sat Jun 27 09:58:21 2026

* Version:        2025.2 (Build 6295257 on Nov 14 2025)
* Project:        FP32_HLS
* Solution:       hls (Vivado IP Flow Target)
* Product family: zynq
* Target device:  xc7z045-ffg900-2


================================================================
== Performance Estimates
================================================================
+ Timing: 
    * Summary: 
    +--------+----------+----------+------------+
    |  Clock |  Target  | Estimated| Uncertainty|
    +--------+----------+----------+------------+
    |ap_clk  |  10.00 ns|  4.568 ns|     2.70 ns|
    +--------+----------+----------+------------+

+ Latency: 
    * Summary: 
    +---------+---------+----------+----------+-----+-----+-------------------+
    |  Latency (cycles) |  Latency (absolute) |  Interval |      Pipeline     |
    |   min   |   max   |    min   |    max   | min | max |        Type       |
    +---------+---------+----------+----------+-----+-----+-------------------+
    |       12|       12|  0.120 us|  0.120 us|    0|    0|  loop pipeline stp|
    +---------+---------+----------+----------+-----+-----+-------------------+

    + Detail: 
        * Instance: 
        N/A

        * Loop: 
        +-------------+---------+---------+----------+-----------+-----------+------+----------+
        |             |  Latency (cycles) | Iteration|  Initiation Interval  | Trip |          |
        |  Loop Name  |   min   |   max   |  Latency |  achieved |   target  | Count| Pipelined|
        +-------------+---------+---------+----------+-----------+-----------+------+----------+
        |- FC_OUTPUT  |       10|       10|         1|          1|          1|    10|       yes|
        +-------------+---------+---------+----------+-----------+-----------+------+----------+



================================================================
== Utilization Estimates
================================================================
* Summary: 
+-----------------+---------+-----+--------+--------+-----+
|       Name      | BRAM_18K| DSP |   FF   |   LUT  | URAM|
+-----------------+---------+-----+--------+--------+-----+
|DSP              |        -|    -|       -|       -|    -|
|Expression       |        -|    -|       0|      12|    -|
|FIFO             |        -|    -|       -|       -|    -|
|Instance         |        -|    -|       0|      41|    -|
|Memory           |        -|    -|       -|       -|    -|
|Multiplexer      |        -|    -|       0|      27|    -|
|Register         |        -|    -|       6|       -|    -|
+-----------------+---------+-----+--------+--------+-----+
|Total            |        0|    0|       6|      80|    0|
+-----------------+---------+-----+--------+--------+-----+
|Available        |     1090|  900|  437200|  218600|    0|
+-----------------+---------+-----+--------+--------+-----+
|Utilization (%)  |        0|    0|      ~0|      ~0|    0|
+-----------------+---------+-----+--------+--------+-----+

+ Detail: 
    * Instance: 
    +-----------------------------+-----------------------+---------+----+---+----+-----+
    |           Instance          |         Module        | BRAM_18K| DSP| FF| LUT| URAM|
    +-----------------------------+-----------------------+---------+----+---+----+-----+
    |sparsemux_21_4_32_1_1_U1285  |sparsemux_21_4_32_1_1  |        0|   0|  0|  41|    0|
    +-----------------------------+-----------------------+---------+----+---+----+-----+
    |Total                        |                       |        0|   0|  0|  41|    0|
    +-----------------------------+-----------------------+---------+----+---+----+-----+

    * DSP: 
    N/A

    * Memory: 
    N/A

    * FIFO: 
    N/A

    * Expression: 
    +---------------------+----------+----+---+----+------------+------------+
    |    Variable Name    | Operation| DSP| FF| LUT| Bitwidth P0| Bitwidth P1|
    +---------------------+----------+----+---+----+------------+------------+
    |add_ln25_fu_161_p2   |         +|   0|  0|   6|           4|           1|
    |icmp_ln25_fu_155_p2  |      icmp|   0|  0|   6|           4|           4|
    +---------------------+----------+----+---+----+------------+------------+
    |Total                |          |   0|  0|  12|           8|           5|
    +---------------------+----------+----+---+----+------------+------------+

    * Multiplexer: 
    +-----------------------+----+-----------+-----+-----------+
    |          Name         | LUT| Input Size| Bits| Total Bits|
    +-----------------------+----+-----------+-----+-----------+
    |ap_done_int            |   9|          2|    1|          2|
    |ap_sig_allocacmp_oc_1  |   9|          2|    4|          8|
    |oc_fu_70               |   9|          2|    4|          8|
    +-----------------------+----+-----------+-----+-----------+
    |Total                  |  27|          6|    9|         18|
    +-----------------------+----+-----------+-----+-----------+

    * Register: 
    +-------------+---+----+-----+-----------+
    |     Name    | FF| LUT| Bits| Const Bits|
    +-------------+---+----+-----+-----------+
    |ap_CS_fsm    |  1|   0|    1|          0|
    |ap_done_reg  |  1|   0|    1|          0|
    |oc_fu_70     |  4|   0|    4|          0|
    +-------------+---+----+-----+-----------+
    |Total        |  6|   0|    6|          0|
    +-------------+---+----+-----+-----------+



================================================================
== Interface
================================================================
* Summary: 
+----------------+-----+-----+------------+-----------------------+--------------+
|    RTL Ports   | Dir | Bits|  Protocol  |     Source Object     |    C Type    |
+----------------+-----+-----+------------+-----------------------+--------------+
|ap_clk          |   in|    1|  ap_ctrl_hs|  fc_Pipeline_FC_OUTPUT|  return value|
|ap_rst          |   in|    1|  ap_ctrl_hs|  fc_Pipeline_FC_OUTPUT|  return value|
|ap_start        |   in|    1|  ap_ctrl_hs|  fc_Pipeline_FC_OUTPUT|  return value|
|ap_done         |  out|    1|  ap_ctrl_hs|  fc_Pipeline_FC_OUTPUT|  return value|
|ap_idle         |  out|    1|  ap_ctrl_hs|  fc_Pipeline_FC_OUTPUT|  return value|
|ap_ready        |  out|    1|  ap_ctrl_hs|  fc_Pipeline_FC_OUTPUT|  return value|
|add8_reload     |   in|   32|     ap_none|            add8_reload|        scalar|
|add_19_reload   |   in|   32|     ap_none|          add_19_reload|        scalar|
|add_210_reload  |   in|   32|     ap_none|         add_210_reload|        scalar|
|add_311_reload  |   in|   32|     ap_none|         add_311_reload|        scalar|
|add_412_reload  |   in|   32|     ap_none|         add_412_reload|        scalar|
|add_513_reload  |   in|   32|     ap_none|         add_513_reload|        scalar|
|add_614_reload  |   in|   32|     ap_none|         add_614_reload|        scalar|
|add_715_reload  |   in|   32|     ap_none|         add_715_reload|        scalar|
|add_816_reload  |   in|   32|     ap_none|         add_816_reload|        scalar|
|add_917_reload  |   in|   32|     ap_none|         add_917_reload|        scalar|
|ofmap_address0  |  out|    4|   ap_memory|                  ofmap|         array|
|ofmap_ce0       |  out|    1|   ap_memory|                  ofmap|         array|
|ofmap_we0       |  out|    1|   ap_memory|                  ofmap|         array|
|ofmap_d0        |  out|   32|   ap_memory|                  ofmap|         array|
+----------------+-----+-----+------------+-----------------------+--------------+

============================================================
+ Verbose Summary: Synthesis Manager
============================================================
InlineROM: 1
ExposeGlobal: 0
============================================================
+ Verbose Summary: CDFG Model
============================================================
IsTopModel: 0
ResetActiveHigh: 1
IsCombinational: 2
IsDatapathOnly: 2
HasWiredReturn: 1
HasMFsm: 2
HasVarLatency: 1
IsPipeline: 0
IsRtlPipelined: 0
IsInstanceOverlapped: 0
IsDontTouch: 0
HasImplIP: 0
IsGatedGlobalClock: 0

+ Individual pipeline summary: 
  * Pipeline-0: initiation interval (II) = 1, depth = 1


============================================================
+ Verbose Summary: Schedule
============================================================
* Number of FSM states : 1
* Pipeline : 1
  Pipeline-0 : II = 1, D = 1, States = { 1 }
* Dataflow Pipeline: 0

* FSM state transitions: 
1 --> 

* FSM state operations: 

State 1 <SV = 0> <Delay = 4.56>
ST_1 : Operation 4 [1/1] (0.00ns)   --->   "%oc = alloca i32 1" [../FP32-Model/fc.cpp:25]   --->   Operation 4 'alloca' 'oc' <Predicate = true> <Delay = 0.00>
ST_1 : Operation 5 [1/1] (0.00ns)   --->   "%add_917_reload_read = read i32 @_ssdm_op_Read.ap_auto.float, i32 %add_917_reload"   --->   Operation 5 'read' 'add_917_reload_read' <Predicate = true> <Delay = 0.00>
ST_1 : Operation 6 [1/1] (0.00ns)   --->   "%add_816_reload_read = read i32 @_ssdm_op_Read.ap_auto.float, i32 %add_816_reload"   --->   Operation 6 'read' 'add_816_reload_read' <Predicate = true> <Delay = 0.00>
ST_1 : Operation 7 [1/1] (0.00ns)   --->   "%add_715_reload_read = read i32 @_ssdm_op_Read.ap_auto.float, i32 %add_715_reload"   --->   Operation 7 'read' 'add_715_reload_read' <Predicate = true> <Delay = 0.00>
ST_1 : Operation 8 [1/1] (0.00ns)   --->   "%add_614_reload_read = read i32 @_ssdm_op_Read.ap_auto.float, i32 %add_614_reload"   --->   Operation 8 'read' 'add_614_reload_read' <Predicate = true> <Delay = 0.00>
ST_1 : Operation 9 [1/1] (0.00ns)   --->   "%add_513_reload_read = read i32 @_ssdm_op_Read.ap_auto.float, i32 %add_513_reload"   --->   Operation 9 'read' 'add_513_reload_read' <Predicate = true> <Delay = 0.00>
ST_1 : Operation 10 [1/1] (0.00ns)   --->   "%add_412_reload_read = read i32 @_ssdm_op_Read.ap_auto.float, i32 %add_412_reload"   --->   Operation 10 'read' 'add_412_reload_read' <Predicate = true> <Delay = 0.00>
ST_1 : Operation 11 [1/1] (0.00ns)   --->   "%add_311_reload_read = read i32 @_ssdm_op_Read.ap_auto.float, i32 %add_311_reload"   --->   Operation 11 'read' 'add_311_reload_read' <Predicate = true> <Delay = 0.00>
ST_1 : Operation 12 [1/1] (0.00ns)   --->   "%add_210_reload_read = read i32 @_ssdm_op_Read.ap_auto.float, i32 %add_210_reload"   --->   Operation 12 'read' 'add_210_reload_read' <Predicate = true> <Delay = 0.00>
ST_1 : Operation 13 [1/1] (0.00ns)   --->   "%add_19_reload_read = read i32 @_ssdm_op_Read.ap_auto.float, i32 %add_19_reload"   --->   Operation 13 'read' 'add_19_reload_read' <Predicate = true> <Delay = 0.00>
ST_1 : Operation 14 [1/1] (0.00ns)   --->   "%add8_reload_read = read i32 @_ssdm_op_Read.ap_auto.float, i32 %add8_reload"   --->   Operation 14 'read' 'add8_reload_read' <Predicate = true> <Delay = 0.00>
ST_1 : Operation 15 [1/1] (1.29ns)   --->   "%store_ln25 = store i4 0, i4 %oc" [../FP32-Model/fc.cpp:25]   --->   Operation 15 'store' 'store_ln25' <Predicate = true> <Delay = 1.29>
ST_1 : Operation 16 [1/1] (0.00ns)   --->   "%br_ln0 = br void %for.inc35"   --->   Operation 16 'br' 'br_ln0' <Predicate = true> <Delay = 0.00>
ST_1 : Operation 17 [1/1] (0.00ns)   --->   "%oc_1 = load i4 %oc" [../FP32-Model/fc.cpp:25]   --->   Operation 17 'load' 'oc_1' <Predicate = true> <Delay = 0.00>
ST_1 : Operation 18 [1/1] (0.99ns)   --->   "%icmp_ln25 = icmp_eq  i4 %oc_1, i4 10" [../FP32-Model/fc.cpp:25]   --->   Operation 18 'icmp' 'icmp_ln25' <Predicate = true> <Delay = 0.99> <CoreInst = "Cmp">   --->   Core 9 'Cmp' <Latency = 0> <II = 1> <Delay = 0.99> <FuncUnit> <Opcode : 'seteq' 'setne' 'setle' 'setge' 'setlt' 'setgt'> <InPorts = 2> <OutPorts = 1>
ST_1 : Operation 19 [1/1] (0.99ns)   --->   "%add_ln25 = add i4 %oc_1, i4 1" [../FP32-Model/fc.cpp:25]   --->   Operation 19 'add' 'add_ln25' <Predicate = true> <Delay = 0.99> <CoreInst = "Adder">   --->   Core 1 'Adder' <Latency = 0> <II = 1> <Delay = 0.99> <FuncUnit> <Opcode : 'add' 'sub'> <InPorts = 2> <OutPorts = 1>
ST_1 : Operation 20 [1/1] (0.00ns)   --->   "%br_ln25 = br i1 %icmp_ln25, void %for.inc35.split, void %for.end37.exitStub" [../FP32-Model/fc.cpp:25]   --->   Operation 20 'br' 'br_ln25' <Predicate = true> <Delay = 0.00>
ST_1 : Operation 21 [1/1] (0.00ns)   --->   "%zext_ln25 = zext i4 %oc_1" [../FP32-Model/fc.cpp:25]   --->   Operation 21 'zext' 'zext_ln25' <Predicate = (!icmp_ln25)> <Delay = 0.00>
ST_1 : Operation 22 [1/1] (0.00ns)   --->   "%specpipeline_ln25 = specpipeline void @_ssdm_op_SpecPipeline, i32 4294967295, i32 0, i32 0, i32 0, i32 4294967295, void @empty" [../FP32-Model/fc.cpp:25]   --->   Operation 22 'specpipeline' 'specpipeline_ln25' <Predicate = (!icmp_ln25)> <Delay = 0.00>
ST_1 : Operation 23 [1/1] (0.00ns)   --->   "%speclooptripcount_ln25 = speclooptripcount void @_ssdm_op_SpecLoopTripCount, i64 10, i64 10, i64 10" [../FP32-Model/fc.cpp:25]   --->   Operation 23 'speclooptripcount' 'speclooptripcount_ln25' <Predicate = (!icmp_ln25)> <Delay = 0.00>
ST_1 : Operation 24 [1/1] (0.00ns)   --->   "%specloopname_ln25 = specloopname void @_ssdm_op_SpecLoopName, void @empty_12" [../FP32-Model/fc.cpp:25]   --->   Operation 24 'specloopname' 'specloopname_ln25' <Predicate = (!icmp_ln25)> <Delay = 0.00>
ST_1 : Operation 25 [1/1] (1.51ns)   --->   "%tmp = sparsemux i32 @_ssdm_op_SparseMux.ap_auto.10float.float.i4, i4 0, i32 %add8_reload_read, i4 1, i32 %add_19_reload_read, i4 2, i32 %add_210_reload_read, i4 3, i32 %add_311_reload_read, i4 4, i32 %add_412_reload_read, i4 5, i32 %add_513_reload_read, i4 6, i32 %add_614_reload_read, i4 7, i32 %add_715_reload_read, i4 8, i32 %add_816_reload_read, i4 9, i32 %add_917_reload_read, i32 <undef>, i4 %oc_1" [../FP32-Model/fc.cpp:26]   --->   Operation 25 'sparsemux' 'tmp' <Predicate = (!icmp_ln25)> <Delay = 1.51> <CoreInst = "BinarySparseMux_DontCare">   --->   Core 137 'BinarySparseMux_DontCare' <Latency = 0> <II = 1> <Delay = 1.51> <FuncUnit> <Opcode : 'sparsemux'> <InPorts = 2> <OutPorts = 1>
ST_1 : Operation 26 [1/1] (0.00ns)   --->   "%ofmap_addr = getelementptr i32 %ofmap, i64 0, i64 %zext_ln25" [../FP32-Model/fc.cpp:26]   --->   Operation 26 'getelementptr' 'ofmap_addr' <Predicate = (!icmp_ln25)> <Delay = 0.00>
ST_1 : Operation 27 [1/1] ( I:1.75ns O:1.75ns )   --->   "%store_ln26 = store i32 %tmp, i4 %ofmap_addr" [../FP32-Model/fc.cpp:26]   --->   Operation 27 'store' 'store_ln26' <Predicate = (!icmp_ln25)> <Delay = 1.75> <CoreInst = "RAM">   --->   Core 81 'RAM' <Latency = 1> <II = 1> <Delay = 1.75> <Storage> <Opcode : 'load' 'store'> <Ports = 2> <Width = 32> <Depth = 10> <RAM>
ST_1 : Operation 28 [1/1] (1.29ns)   --->   "%store_ln25 = store i4 %add_ln25, i4 %oc" [../FP32-Model/fc.cpp:25]   --->   Operation 28 'store' 'store_ln25' <Predicate = (!icmp_ln25)> <Delay = 1.29>
ST_1 : Operation 29 [1/1] (0.00ns)   --->   "%br_ln25 = br void %for.inc35" [../FP32-Model/fc.cpp:25]   --->   Operation 29 'br' 'br_ln25' <Predicate = (!icmp_ln25)> <Delay = 0.00>
ST_1 : Operation 30 [1/1] (1.29ns)   --->   "%ret_ln0 = ret"   --->   Operation 30 'ret' 'ret_ln0' <Predicate = (icmp_ln25)> <Delay = 1.29>


============================================================
+ Verbose Summary: Binding
============================================================
STG Binding: 
---------------- STG Properties BEGIN ----------------
- Is combinational: 0
- Is one-state seq: 0
- Is datapath-only: 0
- Is pipelined: 0
- Is top level: 0
Port [ Return ] is wired: 1; IO mode=ap_ctrl_hs:ce=0
Port [ add8_reload]:  wired=1; compound=0; hidden=0; nouse=0; global=0; static=0; extern=0; dir=0; type=0; pingpong=0; private_global=0; IO mode=ap_none:ce=0
Port [ add_19_reload]:  wired=1; compound=0; hidden=0; nouse=0; global=0; static=0; extern=0; dir=0; type=0; pingpong=0; private_global=0; IO mode=ap_none:ce=0
Port [ add_210_reload]:  wired=1; compound=0; hidden=0; nouse=0; global=0; static=0; extern=0; dir=0; type=0; pingpong=0; private_global=0; IO mode=ap_none:ce=0
Port [ add_311_reload]:  wired=1; compound=0; hidden=0; nouse=0; global=0; static=0; extern=0; dir=0; type=0; pingpong=0; private_global=0; IO mode=ap_none:ce=0
Port [ add_412_reload]:  wired=1; compound=0; hidden=0; nouse=0; global=0; static=0; extern=0; dir=0; type=0; pingpong=0; private_global=0; IO mode=ap_none:ce=0
Port [ add_513_reload]:  wired=1; compound=0; hidden=0; nouse=0; global=0; static=0; extern=0; dir=0; type=0; pingpong=0; private_global=0; IO mode=ap_none:ce=0
Port [ add_614_reload]:  wired=1; compound=0; hidden=0; nouse=0; global=0; static=0; extern=0; dir=0; type=0; pingpong=0; private_global=0; IO mode=ap_none:ce=0
Port [ add_715_reload]:  wired=1; compound=0; hidden=0; nouse=0; global=0; static=0; extern=0; dir=0; type=0; pingpong=0; private_global=0; IO mode=ap_none:ce=0
Port [ add_816_reload]:  wired=1; compound=0; hidden=0; nouse=0; global=0; static=0; extern=0; dir=0; type=0; pingpong=0; private_global=0; IO mode=ap_none:ce=0
Port [ add_917_reload]:  wired=1; compound=0; hidden=0; nouse=0; global=0; static=0; extern=0; dir=0; type=0; pingpong=0; private_global=0; IO mode=ap_none:ce=0
Port [ ofmap]:  wired=1; compound=1; hidden=0; nouse=0; global=0; static=0; extern=0; dir=1; type=1; pingpong=0; private_global=0; MemPort=[03]; IO mode=ap_memory:ce=0
---------------- STG Properties END ------------------

---------------- Datapath Model BEGIN ----------------

<LifeTime>
<method=bitvector/>
oc                     (alloca           ) [ 01]
add_917_reload_read    (read             ) [ 00]
add_816_reload_read    (read             ) [ 00]
add_715_reload_read    (read             ) [ 00]
add_614_reload_read    (read             ) [ 00]
add_513_reload_read    (read             ) [ 00]
add_412_reload_read    (read             ) [ 00]
add_311_reload_read    (read             ) [ 00]
add_210_reload_read    (read             ) [ 00]
add_19_reload_read     (read             ) [ 00]
add8_reload_read       (read             ) [ 00]
store_ln25             (store            ) [ 00]
br_ln0                 (br               ) [ 00]
oc_1                   (load             ) [ 00]
icmp_ln25              (icmp             ) [ 01]
add_ln25               (add              ) [ 00]
br_ln25                (br               ) [ 00]
zext_ln25              (zext             ) [ 00]
specpipeline_ln25      (specpipeline     ) [ 00]
speclooptripcount_ln25 (speclooptripcount) [ 00]
specloopname_ln25      (specloopname     ) [ 00]
tmp                    (sparsemux        ) [ 00]
ofmap_addr             (getelementptr    ) [ 00]
store_ln26             (store            ) [ 00]
store_ln25             (store            ) [ 00]
br_ln25                (br               ) [ 00]
ret_ln0                (ret              ) [ 00]
</LifeTime>

<model>

<comp_list>
<comp id="0" class="1000" name="add8_reload">
<pin_list>
<pin id="1" dir="1" index="0" bw="1" slack="0"/>
</pin_list>
<bind>
<StgValue><ssdm name="add8_reload"/></StgValue>
</bind>
</comp>

<comp id="2" class="1000" name="add_19_reload">
<pin_list>
<pin id="3" dir="1" index="0" bw="1" slack="0"/>
</pin_list>
<bind>
<StgValue><ssdm name="add_19_reload"/></StgValue>
</bind>
</comp>

<comp id="4" class="1000" name="add_210_reload">
<pin_list>
<pin id="5" dir="1" index="0" bw="1" slack="0"/>
</pin_list>
<bind>
<StgValue><ssdm name="add_210_reload"/></StgValue>
</bind>
</comp>

<comp id="6" class="1000" name="add_311_reload">
<pin_list>
<pin id="7" dir="1" index="0" bw="1" slack="0"/>
</pin_list>
<bind>
<StgValue><ssdm name="add_311_reload"/></StgValue>
</bind>
</comp>

<comp id="8" class="1000" name="add_412_reload">
<pin_list>
<pin id="9" dir="1" index="0" bw="1" slack="0"/>
</pin_list>
<bind>
<StgValue><ssdm name="add_412_reload"/></StgValue>
</bind>
</comp>

<comp id="10" class="1000" name="add_513_reload">
<pin_list>
<pin id="11" dir="1" index="0" bw="1" slack="0"/>
</pin_list>
<bind>
<StgValue><ssdm name="add_513_reload"/></StgValue>
</bind>
</comp>

<comp id="12" class="1000" name="add_614_reload">
<pin_list>
<pin id="13" dir="1" index="0" bw="1" slack="0"/>
</pin_list>
<bind>
<StgValue><ssdm name="add_614_reload"/></StgValue>
</bind>
</comp>

<comp id="14" class="1000" name="add_715_reload">
<pin_list>
<pin id="15" dir="1" index="0" bw="1" slack="0"/>
</pin_list>
<bind>
<StgValue><ssdm name="add_715_reload"/></StgValue>
</bind>
</comp>

<comp id="16" class="1000" name="add_816_reload">
<pin_list>
<pin id="17" dir="1" index="0" bw="1" slack="0"/>
</pin_list>
<bind>
<StgValue><ssdm name="add_816_reload"/></StgValue>
</bind>
</comp>

<comp id="18" class="1000" name="add_917_reload">
<pin_list>
<pin id="19" dir="1" index="0" bw="1" slack="0"/>
</pin_list>
<bind>
<StgValue><ssdm name="add_917_reload"/></StgValue>
</bind>
</comp>

<comp id="20" class="1000" name="ofmap">
<pin_list>
<pin id="21" dir="1" index="0" bw="1" slack="0"/>
</pin_list>
<bind>
<StgValue><ssdm name="ofmap"/><MemPortTyVec>0 3 </MemPortTyVec>
</StgValue>
</bind>
</comp>

<comp id="22" class="1001" name="const_22">
<pin_list>
<pin id="23" dir="1" index="0" bw="1" slack="0"/>
</pin_list>
<bind>
<StgValue><ssdm name=""/></StgValue>
</bind>
</comp>

<comp id="24" class="1001" name="const_24">
<pin_list>
<pin id="25" dir="1" index="0" bw="1" slack="0"/>
</pin_list>
<bind>
<StgValue><ssdm name="_ssdm_op_Read.ap_auto.float"/></StgValue>
</bind>
</comp>

<comp id="26" class="1001" name="const_26">
<pin_list>
<pin id="27" dir="1" index="0" bw="1" slack="0"/>
</pin_list>
<bind>
<StgValue><ssdm name=""/></StgValue>
</bind>
</comp>

<comp id="28" class="1001" name="const_28">
<pin_list>
<pin id="29" dir="1" index="0" bw="1" slack="0"/>
</pin_list>
<bind>
<StgValue><ssdm name=""/></StgValue>
</bind>
</comp>

<comp id="30" class="1001" name="const_30">
<pin_list>
<pin id="31" dir="1" index="0" bw="1" slack="0"/>
</pin_list>
<bind>
<StgValue><ssdm name=""/></StgValue>
</bind>
</comp>

<comp id="32" class="1001" name="const_32">
<pin_list>
<pin id="33" dir="1" index="0" bw="1" slack="2147483647"/>
</pin_list>
<bind>
<StgValue><ssdm name="_ssdm_op_SpecPipeline"/></StgValue>
</bind>
</comp>

<comp id="34" class="1001" name="const_34">
<pin_list>
<pin id="35" dir="1" index="0" bw="1" slack="2147483647"/>
</pin_list>
<bind>
<StgValue><ssdm name=""/></StgValue>
</bind>
</comp>

<comp id="36" class="1001" name="const_36">
<pin_list>
<pin id="37" dir="1" index="0" bw="1" slack="2147483647"/>
</pin_list>
<bind>
<StgValue><ssdm name=""/></StgValue>
</bind>
</comp>

<comp id="38" class="1001" name="const_38">
<pin_list>
<pin id="39" dir="1" index="0" bw="1" slack="2147483647"/>
</pin_list>
<bind>
<StgValue><ssdm name="empty"/></StgValue>
</bind>
</comp>

<comp id="40" class="1001" name="const_40">
<pin_list>
<pin id="41" dir="1" index="0" bw="1" slack="2147483647"/>
</pin_list>
<bind>
<StgValue><ssdm name="_ssdm_op_SpecLoopTripCount"/></StgValue>
</bind>
</comp>

<comp id="42" class="1001" name="const_42">
<pin_list>
<pin id="43" dir="1" index="0" bw="1" slack="2147483647"/>
</pin_list>
<bind>
<StgValue><ssdm name=""/></StgValue>
</bind>
</comp>

<comp id="44" class="1001" name="const_44">
<pin_list>
<pin id="45" dir="1" index="0" bw="1" slack="2147483647"/>
</pin_list>
<bind>
<StgValue><ssdm name="_ssdm_op_SpecLoopName"/></StgValue>
</bind>
</comp>

<comp id="46" class="1001" name="const_46">
<pin_list>
<pin id="47" dir="1" index="0" bw="1" slack="2147483647"/>
</pin_list>
<bind>
<StgValue><ssdm name="empty_12"/></StgValue>
</bind>
</comp>

<comp id="48" class="1001" name="const_48">
<pin_list>
<pin id="49" dir="1" index="0" bw="1" slack="0"/>
</pin_list>
<bind>
<StgValue><ssdm name="_ssdm_op_SparseMux.ap_auto.10float.float.i4"/></StgValue>
</bind>
</comp>

<comp id="50" class="1001" name="const_50">
<pin_list>
<pin id="51" dir="1" index="0" bw="1" slack="0"/>
</pin_list>
<bind>
<StgValue><ssdm name=""/></StgValue>
</bind>
</comp>

<comp id="52" class="1001" name="const_52">
<pin_list>
<pin id="53" dir="1" index="0" bw="1" slack="0"/>
</pin_list>
<bind>
<StgValue><ssdm name=""/></StgValue>
</bind>
</comp>

<comp id="54" class="1001" name="const_54">
<pin_list>
<pin id="55" dir="1" index="0" bw="1" slack="0"/>
</pin_list>
<bind>
<StgValue><ssdm name=""/></StgValue>
</bind>
</comp>

<comp id="56" class="1001" name="const_56">
<pin_list>
<pin id="57" dir="1" index="0" bw="1" slack="0"/>
</pin_list>
<bind>
<StgValue><ssdm name=""/></StgValue>
</bind>
</comp>

<comp id="58" class="1001" name="const_58">
<pin_list>
<pin id="59" dir="1" index="0" bw="1" slack="0"/>
</pin_list>
<bind>
<StgValue><ssdm name=""/></StgValue>
</bind>
</comp>

<comp id="60" class="1001" name="const_60">
<pin_list>
<pin id="61" dir="1" index="0" bw="1" slack="0"/>
</pin_list>
<bind>
<StgValue><ssdm name=""/></StgValue>
</bind>
</comp>

<comp id="62" class="1001" name="const_62">
<pin_list>
<pin id="63" dir="1" index="0" bw="1" slack="0"/>
</pin_list>
<bind>
<StgValue><ssdm name=""/></StgValue>
</bind>
</comp>

<comp id="64" class="1001" name="const_64">
<pin_list>
<pin id="65" dir="1" index="0" bw="1" slack="0"/>
</pin_list>
<bind>
<StgValue><ssdm name=""/></StgValue>
</bind>
</comp>

<comp id="66" class="1001" name="const_66">
<pin_list>
<pin id="67" dir="1" index="0" bw="1" slack="0"/>
</pin_list>
<bind>
<StgValue><ssdm name=""/></StgValue>
</bind>
</comp>

<comp id="68" class="1001" name="const_68">
<pin_list>
<pin id="69" dir="1" index="0" bw="1" slack="0"/>
</pin_list>
<bind>
<StgValue><ssdm name=""/></StgValue>
</bind>
</comp>

<comp id="70" class="1004" name="oc_fu_70">
<pin_list>
<pin id="71" dir="0" index="0" bw="1" slack="0"/>
<pin id="72" dir="1" index="1" bw="4" slack="0"/>
</pin_list>
<bind>
<opcode="alloca(26) " fcode="alloca"/>
<opset="oc/1 "/>
</bind>
</comp>

<comp id="74" class="1004" name="add_917_reload_read_read_fu_74">
<pin_list>
<pin id="75" dir="0" index="0" bw="32" slack="0"/>
<pin id="76" dir="0" index="1" bw="32" slack="0"/>
<pin id="77" dir="1" index="2" bw="32" slack="0"/>
</pin_list>
<bind>
<opcode="read(1150) " fcode="read"/>
<opset="add_917_reload_read/1 "/>
</bind>
</comp>

<comp id="80" class="1004" name="add_816_reload_read_read_fu_80">
<pin_list>
<pin id="81" dir="0" index="0" bw="32" slack="0"/>
<pin id="82" dir="0" index="1" bw="32" slack="0"/>
<pin id="83" dir="1" index="2" bw="32" slack="0"/>
</pin_list>
<bind>
<opcode="read(1150) " fcode="read"/>
<opset="add_816_reload_read/1 "/>
</bind>
</comp>

<comp id="86" class="1004" name="add_715_reload_read_read_fu_86">
<pin_list>
<pin id="87" dir="0" index="0" bw="32" slack="0"/>
<pin id="88" dir="0" index="1" bw="32" slack="0"/>
<pin id="89" dir="1" index="2" bw="32" slack="0"/>
</pin_list>
<bind>
<opcode="read(1150) " fcode="read"/>
<opset="add_715_reload_read/1 "/>
</bind>
</comp>

<comp id="92" class="1004" name="add_614_reload_read_read_fu_92">
<pin_list>
<pin id="93" dir="0" index="0" bw="32" slack="0"/>
<pin id="94" dir="0" index="1" bw="32" slack="0"/>
<pin id="95" dir="1" index="2" bw="32" slack="0"/>
</pin_list>
<bind>
<opcode="read(1150) " fcode="read"/>
<opset="add_614_reload_read/1 "/>
</bind>
</comp>

<comp id="98" class="1004" name="add_513_reload_read_read_fu_98">
<pin_list>
<pin id="99" dir="0" index="0" bw="32" slack="0"/>
<pin id="100" dir="0" index="1" bw="32" slack="0"/>
<pin id="101" dir="1" index="2" bw="32" slack="0"/>
</pin_list>
<bind>
<opcode="read(1150) " fcode="read"/>
<opset="add_513_reload_read/1 "/>
</bind>
</comp>

<comp id="104" class="1004" name="add_412_reload_read_read_fu_104">
<pin_list>
<pin id="105" dir="0" index="0" bw="32" slack="0"/>
<pin id="106" dir="0" index="1" bw="32" slack="0"/>
<pin id="107" dir="1" index="2" bw="32" slack="0"/>
</pin_list>
<bind>
<opcode="read(1150) " fcode="read"/>
<opset="add_412_reload_read/1 "/>
</bind>
</comp>

<comp id="110" class="1004" name="add_311_reload_read_read_fu_110">
<pin_list>
<pin id="111" dir="0" index="0" bw="32" slack="0"/>
<pin id="112" dir="0" index="1" bw="32" slack="0"/>
<pin id="113" dir="1" index="2" bw="32" slack="0"/>
</pin_list>
<bind>
<opcode="read(1150) " fcode="read"/>
<opset="add_311_reload_read/1 "/>
</bind>
</comp>

<comp id="116" class="1004" name="add_210_reload_read_read_fu_116">
<pin_list>
<pin id="117" dir="0" index="0" bw="32" slack="0"/>
<pin id="118" dir="0" index="1" bw="32" slack="0"/>
<pin id="119" dir="1" index="2" bw="32" slack="0"/>
</pin_list>
<bind>
<opcode="read(1150) " fcode="read"/>
<opset="add_210_reload_read/1 "/>
</bind>
</comp>

<comp id="122" class="1004" name="add_19_reload_read_read_fu_122">
<pin_list>
<pin id="123" dir="0" index="0" bw="32" slack="0"/>
<pin id="124" dir="0" index="1" bw="32" slack="0"/>
<pin id="125" dir="1" index="2" bw="32" slack="0"/>
</pin_list>
<bind>
<opcode="read(1150) " fcode="read"/>
<opset="add_19_reload_read/1 "/>
</bind>
</comp>

<comp id="128" class="1004" name="add8_reload_read_read_fu_128">
<pin_list>
<pin id="129" dir="0" index="0" bw="32" slack="0"/>
<pin id="130" dir="0" index="1" bw="32" slack="0"/>
<pin id="131" dir="1" index="2" bw="32" slack="0"/>
</pin_list>
<bind>
<opcode="read(1150) " fcode="read"/>
<opset="add8_reload_read/1 "/>
</bind>
</comp>

<comp id="134" class="1004" name="ofmap_addr_gep_fu_134">
<pin_list>
<pin id="135" dir="0" index="0" bw="32" slack="0"/>
<pin id="136" dir="0" index="1" bw="1" slack="0"/>
<pin id="137" dir="0" index="2" bw="4" slack="0"/>
<pin id="138" dir="1" index="3" bw="4" slack="0"/>
</pin_list>
<bind>
<opcode="getelementptr(29) " fcode="getelementptr"/>
<opset="ofmap_addr/1 "/>
</bind>
</comp>

<comp id="141" class="1004" name="store_ln26_access_fu_141">
<pin_list>
<pin id="142" dir="0" index="0" bw="4" slack="0"/>
<pin id="143" dir="0" index="1" bw="32" slack="0"/>
<pin id="144" dir="0" index="2" bw="0" slack="2147483647"/>
<pin id="145" dir="1" index="3" bw="32" slack="2147483647"/>
</pin_list>
<bind>
<opcode="store(28) " fcode="store"/>
<opset="store_ln26/1 "/>
</bind>
</comp>

<comp id="147" class="1004" name="store_ln25_store_fu_147">
<pin_list>
<pin id="148" dir="0" index="0" bw="1" slack="0"/>
<pin id="149" dir="0" index="1" bw="4" slack="0"/>
<pin id="150" dir="1" index="2" bw="0" slack="2147483647"/>
</pin_list>
<bind>
<opcode="store(28) " fcode="store"/>
<opset="store_ln25/1 "/>
</bind>
</comp>

<comp id="152" class="1004" name="oc_1_load_fu_152">
<pin_list>
<pin id="153" dir="0" index="0" bw="4" slack="0"/>
<pin id="154" dir="1" index="1" bw="4" slack="0"/>
</pin_list>
<bind>
<opcode="load(27) " fcode="load"/>
<opset="oc_1/1 "/>
</bind>
</comp>

<comp id="155" class="1004" name="icmp_ln25_fu_155">
<pin_list>
<pin id="156" dir="0" index="0" bw="4" slack="0"/>
<pin id="157" dir="0" index="1" bw="4" slack="0"/>
<pin id="158" dir="1" index="2" bw="1" slack="2147483647"/>
</pin_list>
<bind>
<opcode="icmp(45) " fcode="icmp"/>
<opset="icmp_ln25/1 "/>
</bind>
</comp>

<comp id="161" class="1004" name="add_ln25_fu_161">
<pin_list>
<pin id="162" dir="0" index="0" bw="4" slack="0"/>
<pin id="163" dir="0" index="1" bw="1" slack="0"/>
<pin id="164" dir="1" index="2" bw="4" slack="0"/>
</pin_list>
<bind>
<opcode="add(8) " fcode="add"/>
<opset="add_ln25/1 "/>
</bind>
</comp>

<comp id="167" class="1004" name="zext_ln25_fu_167">
<pin_list>
<pin id="168" dir="0" index="0" bw="4" slack="0"/>
<pin id="169" dir="1" index="1" bw="64" slack="0"/>
</pin_list>
<bind>
<opcode="zext(34) " fcode="zext"/>
<opset="zext_ln25/1 "/>
</bind>
</comp>

<comp id="172" class="1004" name="tmp_fu_172">
<pin_list>
<pin id="173" dir="0" index="0" bw="32" slack="0"/>
<pin id="174" dir="0" index="1" bw="4" slack="0"/>
<pin id="175" dir="0" index="2" bw="32" slack="0"/>
<pin id="176" dir="0" index="3" bw="4" slack="0"/>
<pin id="177" dir="0" index="4" bw="32" slack="0"/>
<pin id="178" dir="0" index="5" bw="4" slack="0"/>
<pin id="179" dir="0" index="6" bw="32" slack="0"/>
<pin id="180" dir="0" index="7" bw="4" slack="0"/>
<pin id="181" dir="0" index="8" bw="32" slack="0"/>
<pin id="182" dir="0" index="9" bw="4" slack="0"/>
<pin id="183" dir="0" index="10" bw="32" slack="0"/>
<pin id="184" dir="0" index="11" bw="4" slack="0"/>
<pin id="185" dir="0" index="12" bw="32" slack="0"/>
<pin id="186" dir="0" index="13" bw="4" slack="0"/>
<pin id="187" dir="0" index="14" bw="32" slack="0"/>
<pin id="188" dir="0" index="15" bw="4" slack="0"/>
<pin id="189" dir="0" index="16" bw="32" slack="0"/>
<pin id="190" dir="0" index="17" bw="4" slack="0"/>
<pin id="191" dir="0" index="18" bw="32" slack="0"/>
<pin id="192" dir="0" index="19" bw="4" slack="0"/>
<pin id="193" dir="0" index="20" bw="32" slack="0"/>
<pin id="194" dir="0" index="21" bw="32" slack="0"/>
<pin id="195" dir="0" index="22" bw="4" slack="0"/>
<pin id="196" dir="1" index="23" bw="32" slack="0"/>
</pin_list>
<bind>
<opcode="sparsemux(1197) " fcode="sparsemux"/>
<opset="tmp/1 "/>
</bind>
</comp>

<comp id="221" class="1004" name="store_ln25_store_fu_221">
<pin_list>
<pin id="222" dir="0" index="0" bw="4" slack="0"/>
<pin id="223" dir="0" index="1" bw="4" slack="0"/>
<pin id="224" dir="1" index="2" bw="0" slack="2147483647"/>
</pin_list>
<bind>
<opcode="store(28) " fcode="store"/>
<opset="store_ln25/1 "/>
</bind>
</comp>

<comp id="226" class="1005" name="oc_reg_226">
<pin_list>
<pin id="227" dir="0" index="0" bw="4" slack="0"/>
<pin id="228" dir="1" index="1" bw="4" slack="0"/>
</pin_list>
<bind>
<opset="oc "/>
</bind>
</comp>

</comp_list>

<net_list>
<net id="73"><net_src comp="22" pin="0"/><net_sink comp="70" pin=0"/></net>

<net id="78"><net_src comp="24" pin="0"/><net_sink comp="74" pin=0"/></net>

<net id="79"><net_src comp="18" pin="0"/><net_sink comp="74" pin=1"/></net>

<net id="84"><net_src comp="24" pin="0"/><net_sink comp="80" pin=0"/></net>

<net id="85"><net_src comp="16" pin="0"/><net_sink comp="80" pin=1"/></net>

<net id="90"><net_src comp="24" pin="0"/><net_sink comp="86" pin=0"/></net>

<net id="91"><net_src comp="14" pin="0"/><net_sink comp="86" pin=1"/></net>

<net id="96"><net_src comp="24" pin="0"/><net_sink comp="92" pin=0"/></net>

<net id="97"><net_src comp="12" pin="0"/><net_sink comp="92" pin=1"/></net>

<net id="102"><net_src comp="24" pin="0"/><net_sink comp="98" pin=0"/></net>

<net id="103"><net_src comp="10" pin="0"/><net_sink comp="98" pin=1"/></net>

<net id="108"><net_src comp="24" pin="0"/><net_sink comp="104" pin=0"/></net>

<net id="109"><net_src comp="8" pin="0"/><net_sink comp="104" pin=1"/></net>

<net id="114"><net_src comp="24" pin="0"/><net_sink comp="110" pin=0"/></net>

<net id="115"><net_src comp="6" pin="0"/><net_sink comp="110" pin=1"/></net>

<net id="120"><net_src comp="24" pin="0"/><net_sink comp="116" pin=0"/></net>

<net id="121"><net_src comp="4" pin="0"/><net_sink comp="116" pin=1"/></net>

<net id="126"><net_src comp="24" pin="0"/><net_sink comp="122" pin=0"/></net>

<net id="127"><net_src comp="2" pin="0"/><net_sink comp="122" pin=1"/></net>

<net id="132"><net_src comp="24" pin="0"/><net_sink comp="128" pin=0"/></net>

<net id="133"><net_src comp="0" pin="0"/><net_sink comp="128" pin=1"/></net>

<net id="139"><net_src comp="20" pin="0"/><net_sink comp="134" pin=0"/></net>

<net id="140"><net_src comp="68" pin="0"/><net_sink comp="134" pin=1"/></net>

<net id="146"><net_src comp="134" pin="3"/><net_sink comp="141" pin=0"/></net>

<net id="151"><net_src comp="26" pin="0"/><net_sink comp="147" pin=0"/></net>

<net id="159"><net_src comp="152" pin="1"/><net_sink comp="155" pin=0"/></net>

<net id="160"><net_src comp="28" pin="0"/><net_sink comp="155" pin=1"/></net>

<net id="165"><net_src comp="152" pin="1"/><net_sink comp="161" pin=0"/></net>

<net id="166"><net_src comp="30" pin="0"/><net_sink comp="161" pin=1"/></net>

<net id="170"><net_src comp="152" pin="1"/><net_sink comp="167" pin=0"/></net>

<net id="171"><net_src comp="167" pin="1"/><net_sink comp="134" pin=2"/></net>

<net id="197"><net_src comp="48" pin="0"/><net_sink comp="172" pin=0"/></net>

<net id="198"><net_src comp="26" pin="0"/><net_sink comp="172" pin=1"/></net>

<net id="199"><net_src comp="128" pin="2"/><net_sink comp="172" pin=2"/></net>

<net id="200"><net_src comp="30" pin="0"/><net_sink comp="172" pin=3"/></net>

<net id="201"><net_src comp="122" pin="2"/><net_sink comp="172" pin=4"/></net>

<net id="202"><net_src comp="50" pin="0"/><net_sink comp="172" pin=5"/></net>

<net id="203"><net_src comp="116" pin="2"/><net_sink comp="172" pin=6"/></net>

<net id="204"><net_src comp="52" pin="0"/><net_sink comp="172" pin=7"/></net>

<net id="205"><net_src comp="110" pin="2"/><net_sink comp="172" pin=8"/></net>

<net id="206"><net_src comp="54" pin="0"/><net_sink comp="172" pin=9"/></net>

<net id="207"><net_src comp="104" pin="2"/><net_sink comp="172" pin=10"/></net>

<net id="208"><net_src comp="56" pin="0"/><net_sink comp="172" pin=11"/></net>

<net id="209"><net_src comp="98" pin="2"/><net_sink comp="172" pin=12"/></net>

<net id="210"><net_src comp="58" pin="0"/><net_sink comp="172" pin=13"/></net>

<net id="211"><net_src comp="92" pin="2"/><net_sink comp="172" pin=14"/></net>

<net id="212"><net_src comp="60" pin="0"/><net_sink comp="172" pin=15"/></net>

<net id="213"><net_src comp="86" pin="2"/><net_sink comp="172" pin=16"/></net>

<net id="214"><net_src comp="62" pin="0"/><net_sink comp="172" pin=17"/></net>

<net id="215"><net_src comp="80" pin="2"/><net_sink comp="172" pin=18"/></net>

<net id="216"><net_src comp="64" pin="0"/><net_sink comp="172" pin=19"/></net>

<net id="217"><net_src comp="74" pin="2"/><net_sink comp="172" pin=20"/></net>

<net id="218"><net_src comp="66" pin="0"/><net_sink comp="172" pin=21"/></net>

<net id="219"><net_src comp="152" pin="1"/><net_sink comp="172" pin=22"/></net>

<net id="220"><net_src comp="172" pin="23"/><net_sink comp="141" pin=1"/></net>

<net id="225"><net_src comp="161" pin="2"/><net_sink comp="221" pin=0"/></net>

<net id="229"><net_src comp="70" pin="1"/><net_sink comp="226" pin=0"/></net>

<net id="230"><net_src comp="226" pin="1"/><net_sink comp="147" pin=1"/></net>

<net id="231"><net_src comp="226" pin="1"/><net_sink comp="152" pin=0"/></net>

<net id="232"><net_src comp="226" pin="1"/><net_sink comp="221" pin=1"/></net>

</net_list>

</model> 
---------------- Datapath Model END ------------------

* FSMD analyzer results:
  - Output states:
	Port: ofmap | {1 }
 - Input state : 
	Port: fc_Pipeline_FC_OUTPUT : add8_reload | {1 }
	Port: fc_Pipeline_FC_OUTPUT : add_19_reload | {1 }
	Port: fc_Pipeline_FC_OUTPUT : add_210_reload | {1 }
	Port: fc_Pipeline_FC_OUTPUT : add_311_reload | {1 }
	Port: fc_Pipeline_FC_OUTPUT : add_412_reload | {1 }
	Port: fc_Pipeline_FC_OUTPUT : add_513_reload | {1 }
	Port: fc_Pipeline_FC_OUTPUT : add_614_reload | {1 }
	Port: fc_Pipeline_FC_OUTPUT : add_715_reload | {1 }
	Port: fc_Pipeline_FC_OUTPUT : add_816_reload | {1 }
	Port: fc_Pipeline_FC_OUTPUT : add_917_reload | {1 }
	Port: fc_Pipeline_FC_OUTPUT : ofmap | {}
  - Chain level:
	State 1
		store_ln25 : 1
		oc_1 : 1
		icmp_ln25 : 2
		add_ln25 : 2
		br_ln25 : 3
		zext_ln25 : 2
		tmp : 2
		ofmap_addr : 3
		store_ln26 : 4
		store_ln25 : 3


============================================================
+ Verbose Summary: Datapath Resource usage 
============================================================

* Functional unit list:
|----------|---------------------------------|---------|---------|
| Operation|         Functional Unit         |    FF   |   LUT   |
|----------|---------------------------------|---------|---------|
| sparsemux|            tmp_fu_172           |    0    |    41   |
|----------|---------------------------------|---------|---------|
|   icmp   |         icmp_ln25_fu_155        |    0    |    6    |
|----------|---------------------------------|---------|---------|
|    add   |         add_ln25_fu_161         |    0    |    6    |
|----------|---------------------------------|---------|---------|
|          |  add_917_reload_read_read_fu_74 |    0    |    0    |
|          |  add_816_reload_read_read_fu_80 |    0    |    0    |
|          |  add_715_reload_read_read_fu_86 |    0    |    0    |
|          |  add_614_reload_read_read_fu_92 |    0    |    0    |
|   read   |  add_513_reload_read_read_fu_98 |    0    |    0    |
|          | add_412_reload_read_read_fu_104 |    0    |    0    |
|          | add_311_reload_read_read_fu_110 |    0    |    0    |
|          | add_210_reload_read_read_fu_116 |    0    |    0    |
|          |  add_19_reload_read_read_fu_122 |    0    |    0    |
|          |   add8_reload_read_read_fu_128  |    0    |    0    |
|----------|---------------------------------|---------|---------|
|   zext   |         zext_ln25_fu_167        |    0    |    0    |
|----------|---------------------------------|---------|---------|
|   Total  |                                 |    0    |    53   |
|----------|---------------------------------|---------|---------|

Memories:
N/A

* Register list:
+----------+--------+
|          |   FF   |
+----------+--------+
|oc_reg_226|    4   |
+----------+--------+
|   Total  |    4   |
+----------+--------+

* Multiplexer (MUX) list: 
|--------|------|------|------|--------|
|  Comp  |  Pin | Size |  BW  | S x BW |
|--------|------|------|------|--------|
|  Total |      |      |      |    0   |
|--------|------|------|------|--------|



* Summary:
+-----------+--------+--------+
|           |   FF   |   LUT  |
+-----------+--------+--------+
|  Function |    0   |   53   |
|   Memory  |    -   |    -   |
|Multiplexer|    -   |    -   |
|  Register |    4   |    -   |
+-----------+--------+--------+
|   Total   |    4   |   53   |
+-----------+--------+--------+
