

================================================================
== Vitis HLS Report for 'fc_Pipeline_FC_BIAS'
================================================================
* Date:           Sat Jun 27 09:58:14 2026

* Version:        2025.2 (Build 6295257 on Nov 14 2025)
* Project:        FP32_HLS
* Solution:       hls (Vivado IP Flow Target)
* Product family: zynq
* Target device:  xc7z045-ffg900-2


================================================================
== Performance Estimates
================================================================
+ Timing: 
    * Summary: 
    +--------+----------+----------+------------+
    |  Clock |  Target  | Estimated| Uncertainty|
    +--------+----------+----------+------------+
    |ap_clk  |  10.00 ns|  3.593 ns|     2.70 ns|
    +--------+----------+----------+------------+

+ Latency: 
    * Summary: 
    +---------+---------+----------+----------+-----+-----+-------------------+
    |  Latency (cycles) |  Latency (absolute) |  Interval |      Pipeline     |
    |   min   |   max   |    min   |    max   | min | max |        Type       |
    +---------+---------+----------+----------+-----+-----+-------------------+
    |       12|       12|  0.120 us|  0.120 us|    0|    0|  loop pipeline stp|
    +---------+---------+----------+----------+-----+-----+-------------------+

    + Detail: 
        * Instance: 
        N/A

        * Loop: 
        +-----------+---------+---------+----------+-----------+-----------+------+----------+
        |           |  Latency (cycles) | Iteration|  Initiation Interval  | Trip |          |
        | Loop Name |   min   |   max   |  Latency |  achieved |   target  | Count| Pipelined|
        +-----------+---------+---------+----------+-----------+-----------+------+----------+
        |- FC_BIAS  |       10|       10|         2|          1|          1|    10|       yes|
        +-----------+---------+---------+----------+-----------+-----------+------+----------+

============================================================
+ Verbose Summary: Synthesis Manager
============================================================
InlineROM: 1
ExposeGlobal: 0
============================================================
+ Verbose Summary: CDFG Model
============================================================
IsTopModel: 0
ResetActiveHigh: 1
IsCombinational: 0
IsDatapathOnly: 0
HasWiredReturn: 1
HasMFsm: 2
HasVarLatency: 1
IsPipeline: 0
IsRtlPipelined: 0
IsInstanceOverlapped: 0
IsDontTouch: 0
HasImplIP: 0
IsGatedGlobalClock: 0

+ Individual pipeline summary: 
  * Pipeline-0: initiation interval (II) = 1, depth = 2


============================================================
+ Verbose Summary: Schedule
============================================================
* Number of FSM states : 2
* Pipeline : 1
  Pipeline-0 : II = 1, D = 2, States = { 1 2 }
* Dataflow Pipeline: 0

* FSM state transitions: 
1 --> 2 
2 --> 

* FSM state operations: 

State 1 <SV = 0> <Delay = 3.59>
ST_1 : Operation 5 [1/1] (0.00ns)   --->   "%oc = alloca i32 1" [../FP32-Model/fc.cpp:13]   --->   Operation 5 'alloca' 'oc' <Predicate = true> <Delay = 0.00>
ST_1 : Operation 6 [1/1] (0.00ns)   --->   "%arrayidx19_promoted3 = alloca i32 1"   --->   Operation 6 'alloca' 'arrayidx19_promoted3' <Predicate = true> <Delay = 0.00>
ST_1 : Operation 7 [1/1] (0.00ns)   --->   "%arrayidx19_1_promoted5 = alloca i32 1"   --->   Operation 7 'alloca' 'arrayidx19_1_promoted5' <Predicate = true> <Delay = 0.00>
ST_1 : Operation 8 [1/1] (0.00ns)   --->   "%arrayidx19_2_promoted7 = alloca i32 1"   --->   Operation 8 'alloca' 'arrayidx19_2_promoted7' <Predicate = true> <Delay = 0.00>
ST_1 : Operation 9 [1/1] (0.00ns)   --->   "%arrayidx19_3_promoted9 = alloca i32 1"   --->   Operation 9 'alloca' 'arrayidx19_3_promoted9' <Predicate = true> <Delay = 0.00>
ST_1 : Operation 10 [1/1] (0.00ns)   --->   "%arrayidx19_4_promoted11 = alloca i32 1"   --->   Operation 10 'alloca' 'arrayidx19_4_promoted11' <Predicate = true> <Delay = 0.00>
ST_1 : Operation 11 [1/1] (0.00ns)   --->   "%arrayidx19_5_promoted13 = alloca i32 1"   --->   Operation 11 'alloca' 'arrayidx19_5_promoted13' <Predicate = true> <Delay = 0.00>
ST_1 : Operation 12 [1/1] (0.00ns)   --->   "%arrayidx19_6_promoted15 = alloca i32 1"   --->   Operation 12 'alloca' 'arrayidx19_6_promoted15' <Predicate = true> <Delay = 0.00>
ST_1 : Operation 13 [1/1] (0.00ns)   --->   "%arrayidx19_7_promoted17 = alloca i32 1"   --->   Operation 13 'alloca' 'arrayidx19_7_promoted17' <Predicate = true> <Delay = 0.00>
ST_1 : Operation 14 [1/1] (0.00ns)   --->   "%arrayidx19_8_promoted19 = alloca i32 1"   --->   Operation 14 'alloca' 'arrayidx19_8_promoted19' <Predicate = true> <Delay = 0.00>
ST_1 : Operation 15 [1/1] (0.00ns)   --->   "%arrayidx19_9_promoted21 = alloca i32 1"   --->   Operation 15 'alloca' 'arrayidx19_9_promoted21' <Predicate = true> <Delay = 0.00>
ST_1 : Operation 16 [1/1] (1.29ns)   --->   "%store_ln13 = store i4 0, i4 %oc" [../FP32-Model/fc.cpp:13]   --->   Operation 16 'store' 'store_ln13' <Predicate = true> <Delay = 1.29>
ST_1 : Operation 17 [1/1] (0.00ns)   --->   "%br_ln0 = br void %for.inc"   --->   Operation 17 'br' 'br_ln0' <Predicate = true> <Delay = 0.00>
ST_1 : Operation 18 [1/1] (0.00ns)   --->   "%oc_2 = load i4 %oc" [../FP32-Model/fc.cpp:13]   --->   Operation 18 'load' 'oc_2' <Predicate = true> <Delay = 0.00>
ST_1 : Operation 19 [1/1] (0.99ns)   --->   "%icmp_ln13 = icmp_eq  i4 %oc_2, i4 10" [../FP32-Model/fc.cpp:13]   --->   Operation 19 'icmp' 'icmp_ln13' <Predicate = true> <Delay = 0.99> <CoreInst = "Cmp">   --->   Core 9 'Cmp' <Latency = 0> <II = 1> <Delay = 0.99> <FuncUnit> <Opcode : 'seteq' 'setne' 'setle' 'setge' 'setlt' 'setgt'> <InPorts = 2> <OutPorts = 1>
ST_1 : Operation 20 [1/1] (0.99ns)   --->   "%add_ln13 = add i4 %oc_2, i4 1" [../FP32-Model/fc.cpp:13]   --->   Operation 20 'add' 'add_ln13' <Predicate = true> <Delay = 0.99> <CoreInst = "Adder">   --->   Core 1 'Adder' <Latency = 0> <II = 1> <Delay = 0.99> <FuncUnit> <Opcode : 'add' 'sub'> <InPorts = 2> <OutPorts = 1>
ST_1 : Operation 21 [1/1] (0.00ns)   --->   "%br_ln13 = br i1 %icmp_ln13, void %for.inc.split, void %FC_OC.preheader.exitStub" [../FP32-Model/fc.cpp:13]   --->   Operation 21 'br' 'br_ln13' <Predicate = true> <Delay = 0.00>
ST_1 : Operation 22 [1/1] (0.00ns)   --->   "%zext_ln13 = zext i4 %oc_2" [../FP32-Model/fc.cpp:13]   --->   Operation 22 'zext' 'zext_ln13' <Predicate = (!icmp_ln13)> <Delay = 0.00>
ST_1 : Operation 23 [1/1] (0.00ns)   --->   "%fc_bias_addr = getelementptr i32 %fc_bias, i64 0, i64 %zext_ln13" [../FP32-Model/fc.cpp:14]   --->   Operation 23 'getelementptr' 'fc_bias_addr' <Predicate = (!icmp_ln13)> <Delay = 0.00>
ST_1 : Operation 24 [2/2] (1.75ns)   --->   "%acc = load i4 %fc_bias_addr" [../FP32-Model/fc.cpp:14]   --->   Operation 24 'load' 'acc' <Predicate = (!icmp_ln13)> <Delay = 1.75> <CoreInst = "ROM">   --->   Core 94 'ROM' <Latency = 1> <II = 1> <Delay = 1.75> <Storage> <Opcode : 'load'> <Ports = 0> <Width = 32> <Depth = 10> <ROM>
ST_1 : Operation 25 [1/1] (0.99ns)   --->   "%switch_ln14 = switch i4 %oc_2, void %arrayidx2.case.9, i4 0, void %for.inc.split.arrayidx2.exit_crit_edge, i4 1, void %arrayidx2.case.1, i4 2, void %arrayidx2.case.2, i4 3, void %arrayidx2.case.3, i4 4, void %arrayidx2.case.4, i4 5, void %arrayidx2.case.5, i4 6, void %arrayidx2.case.6, i4 7, void %arrayidx2.case.7, i4 8, void %arrayidx2.case.8" [../FP32-Model/fc.cpp:14]   --->   Operation 25 'switch' 'switch_ln14' <Predicate = (!icmp_ln13)> <Delay = 0.99>
ST_1 : Operation 26 [1/1] (1.29ns)   --->   "%store_ln13 = store i4 %add_ln13, i4 %oc" [../FP32-Model/fc.cpp:13]   --->   Operation 26 'store' 'store_ln13' <Predicate = (!icmp_ln13)> <Delay = 1.29>
ST_1 : Operation 27 [1/1] (0.00ns)   --->   "%br_ln13 = br void %for.inc" [../FP32-Model/fc.cpp:13]   --->   Operation 27 'br' 'br_ln13' <Predicate = (!icmp_ln13)> <Delay = 0.00>
ST_1 : Operation 52 [1/1] (0.00ns)   --->   "%arrayidx19_promoted3_load = load i32 %arrayidx19_promoted3"   --->   Operation 52 'load' 'arrayidx19_promoted3_load' <Predicate = (icmp_ln13)> <Delay = 0.00>
ST_1 : Operation 53 [1/1] (0.00ns)   --->   "%arrayidx19_1_promoted5_load = load i32 %arrayidx19_1_promoted5"   --->   Operation 53 'load' 'arrayidx19_1_promoted5_load' <Predicate = (icmp_ln13)> <Delay = 0.00>
ST_1 : Operation 54 [1/1] (0.00ns)   --->   "%arrayidx19_2_promoted7_load = load i32 %arrayidx19_2_promoted7"   --->   Operation 54 'load' 'arrayidx19_2_promoted7_load' <Predicate = (icmp_ln13)> <Delay = 0.00>
ST_1 : Operation 55 [1/1] (0.00ns)   --->   "%arrayidx19_3_promoted9_load = load i32 %arrayidx19_3_promoted9"   --->   Operation 55 'load' 'arrayidx19_3_promoted9_load' <Predicate = (icmp_ln13)> <Delay = 0.00>
ST_1 : Operation 56 [1/1] (0.00ns)   --->   "%arrayidx19_4_promoted11_load = load i32 %arrayidx19_4_promoted11"   --->   Operation 56 'load' 'arrayidx19_4_promoted11_load' <Predicate = (icmp_ln13)> <Delay = 0.00>
ST_1 : Operation 57 [1/1] (0.00ns)   --->   "%arrayidx19_5_promoted13_load = load i32 %arrayidx19_5_promoted13"   --->   Operation 57 'load' 'arrayidx19_5_promoted13_load' <Predicate = (icmp_ln13)> <Delay = 0.00>
ST_1 : Operation 58 [1/1] (0.00ns)   --->   "%arrayidx19_6_promoted15_load = load i32 %arrayidx19_6_promoted15"   --->   Operation 58 'load' 'arrayidx19_6_promoted15_load' <Predicate = (icmp_ln13)> <Delay = 0.00>
ST_1 : Operation 59 [1/1] (0.00ns)   --->   "%arrayidx19_7_promoted17_load = load i32 %arrayidx19_7_promoted17"   --->   Operation 59 'load' 'arrayidx19_7_promoted17_load' <Predicate = (icmp_ln13)> <Delay = 0.00>
ST_1 : Operation 60 [1/1] (0.00ns)   --->   "%arrayidx19_8_promoted19_load = load i32 %arrayidx19_8_promoted19"   --->   Operation 60 'load' 'arrayidx19_8_promoted19_load' <Predicate = (icmp_ln13)> <Delay = 0.00>
ST_1 : Operation 61 [1/1] (0.00ns)   --->   "%arrayidx19_9_promoted21_load = load i32 %arrayidx19_9_promoted21"   --->   Operation 61 'load' 'arrayidx19_9_promoted21_load' <Predicate = (icmp_ln13)> <Delay = 0.00>
ST_1 : Operation 62 [1/1] (0.00ns)   --->   "%write_ln0 = write void @_ssdm_op_Write.ap_auto.floatP0A, i32 %arrayidx19_9_promoted21_out, i32 %arrayidx19_9_promoted21_load"   --->   Operation 62 'write' 'write_ln0' <Predicate = (icmp_ln13)> <Delay = 0.00>
ST_1 : Operation 63 [1/1] (0.00ns)   --->   "%write_ln0 = write void @_ssdm_op_Write.ap_auto.floatP0A, i32 %arrayidx19_8_promoted19_out, i32 %arrayidx19_8_promoted19_load"   --->   Operation 63 'write' 'write_ln0' <Predicate = (icmp_ln13)> <Delay = 0.00>
ST_1 : Operation 64 [1/1] (0.00ns)   --->   "%write_ln0 = write void @_ssdm_op_Write.ap_auto.floatP0A, i32 %arrayidx19_7_promoted17_out, i32 %arrayidx19_7_promoted17_load"   --->   Operation 64 'write' 'write_ln0' <Predicate = (icmp_ln13)> <Delay = 0.00>
ST_1 : Operation 65 [1/1] (0.00ns)   --->   "%write_ln0 = write void @_ssdm_op_Write.ap_auto.floatP0A, i32 %arrayidx19_6_promoted15_out, i32 %arrayidx19_6_promoted15_load"   --->   Operation 65 'write' 'write_ln0' <Predicate = (icmp_ln13)> <Delay = 0.00>
ST_1 : Operation 66 [1/1] (0.00ns)   --->   "%write_ln0 = write void @_ssdm_op_Write.ap_auto.floatP0A, i32 %arrayidx19_5_promoted13_out, i32 %arrayidx19_5_promoted13_load"   --->   Operation 66 'write' 'write_ln0' <Predicate = (icmp_ln13)> <Delay = 0.00>
ST_1 : Operation 67 [1/1] (0.00ns)   --->   "%write_ln0 = write void @_ssdm_op_Write.ap_auto.floatP0A, i32 %arrayidx19_4_promoted11_out, i32 %arrayidx19_4_promoted11_load"   --->   Operation 67 'write' 'write_ln0' <Predicate = (icmp_ln13)> <Delay = 0.00>
ST_1 : Operation 68 [1/1] (0.00ns)   --->   "%write_ln0 = write void @_ssdm_op_Write.ap_auto.floatP0A, i32 %arrayidx19_3_promoted9_out, i32 %arrayidx19_3_promoted9_load"   --->   Operation 68 'write' 'write_ln0' <Predicate = (icmp_ln13)> <Delay = 0.00>
ST_1 : Operation 69 [1/1] (0.00ns)   --->   "%write_ln0 = write void @_ssdm_op_Write.ap_auto.floatP0A, i32 %arrayidx19_2_promoted7_out, i32 %arrayidx19_2_promoted7_load"   --->   Operation 69 'write' 'write_ln0' <Predicate = (icmp_ln13)> <Delay = 0.00>
ST_1 : Operation 70 [1/1] (0.00ns)   --->   "%write_ln0 = write void @_ssdm_op_Write.ap_auto.floatP0A, i32 %arrayidx19_1_promoted5_out, i32 %arrayidx19_1_promoted5_load"   --->   Operation 70 'write' 'write_ln0' <Predicate = (icmp_ln13)> <Delay = 0.00>
ST_1 : Operation 71 [1/1] (0.00ns)   --->   "%write_ln0 = write void @_ssdm_op_Write.ap_auto.floatP0A, i32 %arrayidx19_promoted3_out, i32 %arrayidx19_promoted3_load"   --->   Operation 71 'write' 'write_ln0' <Predicate = (icmp_ln13)> <Delay = 0.00>
ST_1 : Operation 72 [1/1] (1.29ns)   --->   "%ret_ln0 = ret"   --->   Operation 72 'ret' 'ret_ln0' <Predicate = (icmp_ln13)> <Delay = 1.29>

State 2 <SV = 1> <Delay = 1.75>
ST_2 : Operation 28 [1/1] (0.00ns)   --->   "%specpipeline_ln13 = specpipeline void @_ssdm_op_SpecPipeline, i32 4294967295, i32 0, i32 0, i32 0, i32 4294967295, void @empty" [../FP32-Model/fc.cpp:13]   --->   Operation 28 'specpipeline' 'specpipeline_ln13' <Predicate = true> <Delay = 0.00>
ST_2 : Operation 29 [1/1] (0.00ns)   --->   "%speclooptripcount_ln13 = speclooptripcount void @_ssdm_op_SpecLoopTripCount, i64 10, i64 10, i64 10" [../FP32-Model/fc.cpp:13]   --->   Operation 29 'speclooptripcount' 'speclooptripcount_ln13' <Predicate = true> <Delay = 0.00>
ST_2 : Operation 30 [1/1] (0.00ns)   --->   "%specloopname_ln13 = specloopname void @_ssdm_op_SpecLoopName, void @empty_1" [../FP32-Model/fc.cpp:13]   --->   Operation 30 'specloopname' 'specloopname_ln13' <Predicate = true> <Delay = 0.00>
ST_2 : Operation 31 [1/2] ( I:1.75ns O:1.75ns )   --->   "%acc = load i4 %fc_bias_addr" [../FP32-Model/fc.cpp:14]   --->   Operation 31 'load' 'acc' <Predicate = true> <Delay = 1.75> <CoreInst = "ROM">   --->   Core 94 'ROM' <Latency = 1> <II = 1> <Delay = 1.75> <Storage> <Opcode : 'load'> <Ports = 0> <Width = 32> <Depth = 10> <ROM>
ST_2 : Operation 32 [1/1] (0.00ns)   --->   "%store_ln14 = store i32 %acc, i32 %arrayidx19_8_promoted19" [../FP32-Model/fc.cpp:14]   --->   Operation 32 'store' 'store_ln14' <Predicate = (oc_2 == 8)> <Delay = 0.00>
ST_2 : Operation 33 [1/1] (0.00ns)   --->   "%br_ln14 = br void %arrayidx2.exit" [../FP32-Model/fc.cpp:14]   --->   Operation 33 'br' 'br_ln14' <Predicate = (oc_2 == 8)> <Delay = 0.00>
ST_2 : Operation 34 [1/1] (0.00ns)   --->   "%store_ln14 = store i32 %acc, i32 %arrayidx19_7_promoted17" [../FP32-Model/fc.cpp:14]   --->   Operation 34 'store' 'store_ln14' <Predicate = (oc_2 == 7)> <Delay = 0.00>
ST_2 : Operation 35 [1/1] (0.00ns)   --->   "%br_ln14 = br void %arrayidx2.exit" [../FP32-Model/fc.cpp:14]   --->   Operation 35 'br' 'br_ln14' <Predicate = (oc_2 == 7)> <Delay = 0.00>
ST_2 : Operation 36 [1/1] (0.00ns)   --->   "%store_ln14 = store i32 %acc, i32 %arrayidx19_6_promoted15" [../FP32-Model/fc.cpp:14]   --->   Operation 36 'store' 'store_ln14' <Predicate = (oc_2 == 6)> <Delay = 0.00>
ST_2 : Operation 37 [1/1] (0.00ns)   --->   "%br_ln14 = br void %arrayidx2.exit" [../FP32-Model/fc.cpp:14]   --->   Operation 37 'br' 'br_ln14' <Predicate = (oc_2 == 6)> <Delay = 0.00>
ST_2 : Operation 38 [1/1] (0.00ns)   --->   "%store_ln14 = store i32 %acc, i32 %arrayidx19_5_promoted13" [../FP32-Model/fc.cpp:14]   --->   Operation 38 'store' 'store_ln14' <Predicate = (oc_2 == 5)> <Delay = 0.00>
ST_2 : Operation 39 [1/1] (0.00ns)   --->   "%br_ln14 = br void %arrayidx2.exit" [../FP32-Model/fc.cpp:14]   --->   Operation 39 'br' 'br_ln14' <Predicate = (oc_2 == 5)> <Delay = 0.00>
ST_2 : Operation 40 [1/1] (0.00ns)   --->   "%store_ln14 = store i32 %acc, i32 %arrayidx19_4_promoted11" [../FP32-Model/fc.cpp:14]   --->   Operation 40 'store' 'store_ln14' <Predicate = (oc_2 == 4)> <Delay = 0.00>
ST_2 : Operation 41 [1/1] (0.00ns)   --->   "%br_ln14 = br void %arrayidx2.exit" [../FP32-Model/fc.cpp:14]   --->   Operation 41 'br' 'br_ln14' <Predicate = (oc_2 == 4)> <Delay = 0.00>
ST_2 : Operation 42 [1/1] (0.00ns)   --->   "%store_ln14 = store i32 %acc, i32 %arrayidx19_3_promoted9" [../FP32-Model/fc.cpp:14]   --->   Operation 42 'store' 'store_ln14' <Predicate = (oc_2 == 3)> <Delay = 0.00>
ST_2 : Operation 43 [1/1] (0.00ns)   --->   "%br_ln14 = br void %arrayidx2.exit" [../FP32-Model/fc.cpp:14]   --->   Operation 43 'br' 'br_ln14' <Predicate = (oc_2 == 3)> <Delay = 0.00>
ST_2 : Operation 44 [1/1] (0.00ns)   --->   "%store_ln14 = store i32 %acc, i32 %arrayidx19_2_promoted7" [../FP32-Model/fc.cpp:14]   --->   Operation 44 'store' 'store_ln14' <Predicate = (oc_2 == 2)> <Delay = 0.00>
ST_2 : Operation 45 [1/1] (0.00ns)   --->   "%br_ln14 = br void %arrayidx2.exit" [../FP32-Model/fc.cpp:14]   --->   Operation 45 'br' 'br_ln14' <Predicate = (oc_2 == 2)> <Delay = 0.00>
ST_2 : Operation 46 [1/1] (0.00ns)   --->   "%store_ln14 = store i32 %acc, i32 %arrayidx19_1_promoted5" [../FP32-Model/fc.cpp:14]   --->   Operation 46 'store' 'store_ln14' <Predicate = (oc_2 == 1)> <Delay = 0.00>
ST_2 : Operation 47 [1/1] (0.00ns)   --->   "%br_ln14 = br void %arrayidx2.exit" [../FP32-Model/fc.cpp:14]   --->   Operation 47 'br' 'br_ln14' <Predicate = (oc_2 == 1)> <Delay = 0.00>
ST_2 : Operation 48 [1/1] (0.00ns)   --->   "%store_ln14 = store i32 %acc, i32 %arrayidx19_promoted3" [../FP32-Model/fc.cpp:14]   --->   Operation 48 'store' 'store_ln14' <Predicate = (oc_2 == 0)> <Delay = 0.00>
ST_2 : Operation 49 [1/1] (0.00ns)   --->   "%br_ln14 = br void %arrayidx2.exit" [../FP32-Model/fc.cpp:14]   --->   Operation 49 'br' 'br_ln14' <Predicate = (oc_2 == 0)> <Delay = 0.00>
ST_2 : Operation 50 [1/1] (0.00ns)   --->   "%store_ln14 = store i32 %acc, i32 %arrayidx19_9_promoted21" [../FP32-Model/fc.cpp:14]   --->   Operation 50 'store' 'store_ln14' <Predicate = (oc_2 != 0 & oc_2 != 1 & oc_2 != 2 & oc_2 != 3 & oc_2 != 4 & oc_2 != 5 & oc_2 != 6 & oc_2 != 7 & oc_2 != 8)> <Delay = 0.00>
ST_2 : Operation 51 [1/1] (0.00ns)   --->   "%br_ln14 = br void %arrayidx2.exit" [../FP32-Model/fc.cpp:14]   --->   Operation 51 'br' 'br_ln14' <Predicate = (oc_2 != 0 & oc_2 != 1 & oc_2 != 2 & oc_2 != 3 & oc_2 != 4 & oc_2 != 5 & oc_2 != 6 & oc_2 != 7 & oc_2 != 8)> <Delay = 0.00>


============================================================
+ Verbose Summary: Timing violations
============================================================
Target clock period: 10.000ns, clock uncertainty: 2.700ns.

 <State 1>: 3.593ns
The critical path consists of the following:
	'store' operation ('store_ln13', ../FP32-Model/fc.cpp:13) of constant 0 4 bit on local variable 'oc', ../FP32-Model/fc.cpp:13 [23]  (1.298 ns)
	'load' operation 4 bit ('oc', ../FP32-Model/fc.cpp:13) on local variable 'oc', ../FP32-Model/fc.cpp:13 [26]  (0.000 ns)
	'icmp' operation 1 bit ('icmp_ln13', ../FP32-Model/fc.cpp:13) [27]  (0.997 ns)
	'store' operation ('store_ln13', ../FP32-Model/fc.cpp:13) of variable 'add_ln13', ../FP32-Model/fc.cpp:13 4 bit on local variable 'oc', ../FP32-Model/fc.cpp:13 [69]  (1.298 ns)

 <State 2>: 1.755ns
The critical path consists of the following:
	'load' operation 32 bit ('acc', ../FP32-Model/fc.cpp:14) on array 'fc_bias' [36]  (1.755 ns)
	'store' operation ('store_ln14', ../FP32-Model/fc.cpp:14) of variable 'acc', ../FP32-Model/fc.cpp:14 32 bit on local variable 'arrayidx19_3_promoted9' [54]  (0.000 ns)


============================================================
+ Verbose Summary: Binding
============================================================
N/A
* FSMD analyzer results:
  - Output states:
 - Input state : 
  - Chain level:
	State 1
	State 2


============================================================
+ Verbose Summary: Datapath Resource usage 
============================================================
N/A
