

================================================================
== Vitis HLS Report for 'mobilenet_v1_Pipeline_GAP_C'
================================================================
* Date:           Sat Jun 27 09:58:14 2026

* Version:        2025.2 (Build 6295257 on Nov 14 2025)
* Project:        FP32_HLS
* Solution:       hls (Vivado IP Flow Target)
* Product family: zynq
* Target device:  xc7z045-ffg900-2


================================================================
== Performance Estimates
================================================================
+ Timing: 
    * Summary: 
    +--------+----------+----------+------------+
    |  Clock |  Target  | Estimated| Uncertainty|
    +--------+----------+----------+------------+
    |ap_clk  |  10.00 ns|  6.329 ns|     2.70 ns|
    +--------+----------+----------+------------+

+ Latency: 
    * Summary: 
    +---------+---------+----------+----------+-----+-----+-------------------+
    |  Latency (cycles) |  Latency (absolute) |  Interval |      Pipeline     |
    |   min   |   max   |    min   |    max   | min | max |        Type       |
    +---------+---------+----------+----------+-----+-----+-------------------+
    |      283|      283|  2.830 us|  2.830 us|    0|    0|  loop pipeline stp|
    +---------+---------+----------+----------+-----+-----+-------------------+

    + Detail: 
        * Instance: 
        N/A

        * Loop: 
        +----------+---------+---------+----------+-----------+-----------+------+----------+
        |          |  Latency (cycles) | Iteration|  Initiation Interval  | Trip |          |
        | Loop Name|   min   |   max   |  Latency |  achieved |   target  | Count| Pipelined|
        +----------+---------+---------+----------+-----------+-----------+------+----------+
        |- GAP_C   |      281|      281|        27|          1|          1|   256|       yes|
        +----------+---------+---------+----------+-----------+-----------+------+----------+

============================================================
+ Verbose Summary: Synthesis Manager
============================================================
InlineROM: 1
ExposeGlobal: 0
============================================================
+ Verbose Summary: CDFG Model
============================================================
IsTopModel: 0
ResetActiveHigh: 1
IsCombinational: 0
IsDatapathOnly: 0
HasWiredReturn: 1
HasMFsm: 2
HasVarLatency: 1
IsPipeline: 0
IsRtlPipelined: 0
IsInstanceOverlapped: 0
IsDontTouch: 0
HasImplIP: 0
IsGatedGlobalClock: 0

+ Individual pipeline summary: 
  * Pipeline-0: initiation interval (II) = 1, depth = 27


============================================================
+ Verbose Summary: Schedule
============================================================
* Number of FSM states : 27
* Pipeline : 1
  Pipeline-0 : II = 1, D = 27, States = { 1 2 3 4 5 6 7 8 9 10 11 12 13 14 15 16 17 18 19 20 21 22 23 24 25 26 27 }
* Dataflow Pipeline: 0

* FSM state transitions: 
1 --> 2 
2 --> 3 
3 --> 4 
4 --> 5 
5 --> 6 
6 --> 7 
7 --> 8 
8 --> 9 
9 --> 10 
10 --> 11 
11 --> 12 
12 --> 13 
13 --> 14 
14 --> 15 
15 --> 16 
16 --> 17 
17 --> 18 
18 --> 19 
19 --> 20 
20 --> 21 
21 --> 22 
22 --> 23 
23 --> 24 
24 --> 25 
25 --> 26 
26 --> 27 
27 --> 

* FSM state operations: 

State 1 <SV = 0> <Delay = 4.06>
ST_1 : Operation 30 [1/1] (0.00ns)   --->   "%c = alloca i32 1" [../FP32-Model/gap.cpp:7->../FP32-Model/mobilenet_v1.cpp:75]   --->   Operation 30 'alloca' 'c' <Predicate = true> <Delay = 0.00>
ST_1 : Operation 31 [1/1] (1.29ns)   --->   "%store_ln7 = store i9 0, i9 %c" [../FP32-Model/gap.cpp:7->../FP32-Model/mobilenet_v1.cpp:75]   --->   Operation 31 'store' 'store_ln7' <Predicate = true> <Delay = 1.29>
ST_1 : Operation 32 [1/1] (0.00ns)   --->   "%br_ln0 = br void %GAP_H.i"   --->   Operation 32 'br' 'br_ln0' <Predicate = true> <Delay = 0.00>
ST_1 : Operation 33 [1/1] (0.00ns)   --->   "%c_1 = load i9 %c" [../FP32-Model/gap.cpp:7->../FP32-Model/mobilenet_v1.cpp:75]   --->   Operation 33 'load' 'c_1' <Predicate = true> <Delay = 0.00>
ST_1 : Operation 34 [1/1] (1.36ns)   --->   "%icmp_ln7 = icmp_eq  i9 %c_1, i9 256" [../FP32-Model/gap.cpp:7->../FP32-Model/mobilenet_v1.cpp:75]   --->   Operation 34 'icmp' 'icmp_ln7' <Predicate = true> <Delay = 1.36> <CoreInst = "Cmp">   --->   Core 9 'Cmp' <Latency = 0> <II = 1> <Delay = 1.36> <FuncUnit> <Opcode : 'seteq' 'setne' 'setle' 'setge' 'setlt' 'setgt'> <InPorts = 2> <OutPorts = 1>
ST_1 : Operation 35 [1/1] (1.36ns)   --->   "%add_ln7 = add i9 %c_1, i9 1" [../FP32-Model/gap.cpp:7->../FP32-Model/mobilenet_v1.cpp:75]   --->   Operation 35 'add' 'add_ln7' <Predicate = true> <Delay = 1.36> <CoreInst = "Adder">   --->   Core 1 'Adder' <Latency = 0> <II = 1> <Delay = 1.36> <FuncUnit> <Opcode : 'add' 'sub'> <InPorts = 2> <OutPorts = 1>
ST_1 : Operation 36 [1/1] (0.00ns)   --->   "%br_ln7 = br i1 %icmp_ln7, void %GAP_H.i.split, void %_Z15global_avg_poolPA2_A2_KfPf.exit.exitStub" [../FP32-Model/gap.cpp:7->../FP32-Model/mobilenet_v1.cpp:75]   --->   Operation 36 'br' 'br_ln7' <Predicate = true> <Delay = 0.00>
ST_1 : Operation 37 [1/1] (0.00ns)   --->   "%shl_ln11 = shl i9 %c_1, i9 1" [../FP32-Model/gap.cpp:11->../FP32-Model/mobilenet_v1.cpp:75]   --->   Operation 37 'shl' 'shl_ln11' <Predicate = (!icmp_ln7)> <Delay = 0.00>
ST_1 : Operation 38 [1/1] (0.00ns)   --->   "%zext_ln11 = zext i9 %shl_ln11" [../FP32-Model/gap.cpp:11->../FP32-Model/mobilenet_v1.cpp:75]   --->   Operation 38 'zext' 'zext_ln11' <Predicate = (!icmp_ln7)> <Delay = 0.00>
ST_1 : Operation 39 [1/1] (0.00ns)   --->   "%ifmap_gap_addr = getelementptr i32 %ifmap_gap, i64 0, i64 %zext_ln11" [../FP32-Model/gap.cpp:11->../FP32-Model/mobilenet_v1.cpp:75]   --->   Operation 39 'getelementptr' 'ifmap_gap_addr' <Predicate = (!icmp_ln7)> <Delay = 0.00>
ST_1 : Operation 40 [2/2] (2.77ns)   --->   "%ifmap_gap_load = load i9 %ifmap_gap_addr" [../FP32-Model/gap.cpp:11->../FP32-Model/mobilenet_v1.cpp:75]   --->   Operation 40 'load' 'ifmap_gap_load' <Predicate = (!icmp_ln7)> <Delay = 2.77> <CoreInst = "RAM">   --->   Core 81 'RAM' <Latency = 1> <II = 1> <Delay = 2.77> <Storage> <Opcode : 'load' 'store'> <Ports = 2> <Width = 32> <Depth = 512> <RAM>
ST_1 : Operation 41 [1/1] (1.29ns)   --->   "%store_ln7 = store i9 %add_ln7, i9 %c" [../FP32-Model/gap.cpp:7->../FP32-Model/mobilenet_v1.cpp:75]   --->   Operation 41 'store' 'store_ln7' <Predicate = (!icmp_ln7)> <Delay = 1.29>

State 2 <SV = 1> <Delay = 2.77>
ST_2 : Operation 42 [1/2] ( I:2.77ns O:2.77ns )   --->   "%ifmap_gap_load = load i9 %ifmap_gap_addr" [../FP32-Model/gap.cpp:11->../FP32-Model/mobilenet_v1.cpp:75]   --->   Operation 42 'load' 'ifmap_gap_load' <Predicate = true> <Delay = 2.77> <CoreInst = "RAM">   --->   Core 81 'RAM' <Latency = 1> <II = 1> <Delay = 2.77> <Storage> <Opcode : 'load' 'store'> <Ports = 2> <Width = 32> <Depth = 512> <RAM>

State 3 <SV = 2> <Delay = 6.32>
ST_3 : Operation 43 [5/5] (6.32ns)   --->   "%sum = fadd i32 %ifmap_gap_load, i32 0" [../FP32-Model/gap.cpp:11->../FP32-Model/mobilenet_v1.cpp:75]   --->   Operation 43 'fadd' 'sum' <Predicate = true> <Delay = 6.32> <CoreInst = "FAddSub_fulldsp">   --->   Core 18 'FAddSub_fulldsp' <Latency = 4> <II = 1> <Delay = 6.32> <FuncUnit> <Opcode : 'fadd' 'fsub'> <InPorts = 2> <OutPorts = 1>

State 4 <SV = 3> <Delay = 6.32>
ST_4 : Operation 44 [4/5] (6.32ns)   --->   "%sum = fadd i32 %ifmap_gap_load, i32 0" [../FP32-Model/gap.cpp:11->../FP32-Model/mobilenet_v1.cpp:75]   --->   Operation 44 'fadd' 'sum' <Predicate = true> <Delay = 6.32> <CoreInst = "FAddSub_fulldsp">   --->   Core 18 'FAddSub_fulldsp' <Latency = 4> <II = 1> <Delay = 6.32> <FuncUnit> <Opcode : 'fadd' 'fsub'> <InPorts = 2> <OutPorts = 1>

State 5 <SV = 4> <Delay = 6.32>
ST_5 : Operation 45 [3/5] (6.32ns)   --->   "%sum = fadd i32 %ifmap_gap_load, i32 0" [../FP32-Model/gap.cpp:11->../FP32-Model/mobilenet_v1.cpp:75]   --->   Operation 45 'fadd' 'sum' <Predicate = true> <Delay = 6.32> <CoreInst = "FAddSub_fulldsp">   --->   Core 18 'FAddSub_fulldsp' <Latency = 4> <II = 1> <Delay = 6.32> <FuncUnit> <Opcode : 'fadd' 'fsub'> <InPorts = 2> <OutPorts = 1>

State 6 <SV = 5> <Delay = 6.32>
ST_6 : Operation 46 [1/1] (0.00ns)   --->   "%ifmap_gap_2_addr = getelementptr i32 %ifmap_gap_2, i64 0, i64 %zext_ln11" [../FP32-Model/gap.cpp:11->../FP32-Model/mobilenet_v1.cpp:75]   --->   Operation 46 'getelementptr' 'ifmap_gap_2_addr' <Predicate = true> <Delay = 0.00>
ST_6 : Operation 47 [2/5] (6.32ns)   --->   "%sum = fadd i32 %ifmap_gap_load, i32 0" [../FP32-Model/gap.cpp:11->../FP32-Model/mobilenet_v1.cpp:75]   --->   Operation 47 'fadd' 'sum' <Predicate = true> <Delay = 6.32> <CoreInst = "FAddSub_fulldsp">   --->   Core 18 'FAddSub_fulldsp' <Latency = 4> <II = 1> <Delay = 6.32> <FuncUnit> <Opcode : 'fadd' 'fsub'> <InPorts = 2> <OutPorts = 1>
ST_6 : Operation 48 [2/2] (2.77ns)   --->   "%ifmap_gap_2_load = load i9 %ifmap_gap_2_addr" [../FP32-Model/gap.cpp:11->../FP32-Model/mobilenet_v1.cpp:75]   --->   Operation 48 'load' 'ifmap_gap_2_load' <Predicate = true> <Delay = 2.77> <CoreInst = "RAM">   --->   Core 81 'RAM' <Latency = 1> <II = 1> <Delay = 2.77> <Storage> <Opcode : 'load' 'store'> <Ports = 2> <Width = 32> <Depth = 512> <RAM>

State 7 <SV = 6> <Delay = 6.32>
ST_7 : Operation 49 [1/5] (6.32ns)   --->   "%sum = fadd i32 %ifmap_gap_load, i32 0" [../FP32-Model/gap.cpp:11->../FP32-Model/mobilenet_v1.cpp:75]   --->   Operation 49 'fadd' 'sum' <Predicate = true> <Delay = 6.32> <CoreInst = "FAddSub_fulldsp">   --->   Core 18 'FAddSub_fulldsp' <Latency = 4> <II = 1> <Delay = 6.32> <FuncUnit> <Opcode : 'fadd' 'fsub'> <InPorts = 2> <OutPorts = 1>
ST_7 : Operation 50 [1/2] ( I:2.77ns O:2.77ns )   --->   "%ifmap_gap_2_load = load i9 %ifmap_gap_2_addr" [../FP32-Model/gap.cpp:11->../FP32-Model/mobilenet_v1.cpp:75]   --->   Operation 50 'load' 'ifmap_gap_2_load' <Predicate = true> <Delay = 2.77> <CoreInst = "RAM">   --->   Core 81 'RAM' <Latency = 1> <II = 1> <Delay = 2.77> <Storage> <Opcode : 'load' 'store'> <Ports = 2> <Width = 32> <Depth = 512> <RAM>

State 8 <SV = 7> <Delay = 6.32>
ST_8 : Operation 51 [5/5] (6.32ns)   --->   "%sum_1 = fadd i32 %sum, i32 %ifmap_gap_2_load" [../FP32-Model/gap.cpp:11->../FP32-Model/mobilenet_v1.cpp:75]   --->   Operation 51 'fadd' 'sum_1' <Predicate = true> <Delay = 6.32> <CoreInst = "FAddSub_fulldsp">   --->   Core 18 'FAddSub_fulldsp' <Latency = 4> <II = 1> <Delay = 6.32> <FuncUnit> <Opcode : 'fadd' 'fsub'> <InPorts = 2> <OutPorts = 1>

State 9 <SV = 8> <Delay = 6.32>
ST_9 : Operation 52 [4/5] (6.32ns)   --->   "%sum_1 = fadd i32 %sum, i32 %ifmap_gap_2_load" [../FP32-Model/gap.cpp:11->../FP32-Model/mobilenet_v1.cpp:75]   --->   Operation 52 'fadd' 'sum_1' <Predicate = true> <Delay = 6.32> <CoreInst = "FAddSub_fulldsp">   --->   Core 18 'FAddSub_fulldsp' <Latency = 4> <II = 1> <Delay = 6.32> <FuncUnit> <Opcode : 'fadd' 'fsub'> <InPorts = 2> <OutPorts = 1>

State 10 <SV = 9> <Delay = 6.32>
ST_10 : Operation 53 [3/5] (6.32ns)   --->   "%sum_1 = fadd i32 %sum, i32 %ifmap_gap_2_load" [../FP32-Model/gap.cpp:11->../FP32-Model/mobilenet_v1.cpp:75]   --->   Operation 53 'fadd' 'sum_1' <Predicate = true> <Delay = 6.32> <CoreInst = "FAddSub_fulldsp">   --->   Core 18 'FAddSub_fulldsp' <Latency = 4> <II = 1> <Delay = 6.32> <FuncUnit> <Opcode : 'fadd' 'fsub'> <InPorts = 2> <OutPorts = 1>

State 11 <SV = 10> <Delay = 6.32>
ST_11 : Operation 54 [1/1] (0.00ns)   --->   "%trunc_ln7 = trunc i9 %c_1" [../FP32-Model/gap.cpp:7->../FP32-Model/mobilenet_v1.cpp:75]   --->   Operation 54 'trunc' 'trunc_ln7' <Predicate = true> <Delay = 0.00>
ST_11 : Operation 55 [1/1] (0.00ns)   --->   "%tmp_s = bitconcatenate i9 @_ssdm_op_BitConcatenate.i9.i8.i1, i8 %trunc_ln7, i1 1" [../FP32-Model/gap.cpp:11->../FP32-Model/mobilenet_v1.cpp:75]   --->   Operation 55 'bitconcatenate' 'tmp_s' <Predicate = true> <Delay = 0.00>
ST_11 : Operation 56 [1/1] (0.00ns)   --->   "%zext_ln11_1 = zext i9 %tmp_s" [../FP32-Model/gap.cpp:11->../FP32-Model/mobilenet_v1.cpp:75]   --->   Operation 56 'zext' 'zext_ln11_1' <Predicate = true> <Delay = 0.00>
ST_11 : Operation 57 [1/1] (0.00ns)   --->   "%ifmap_gap_addr_1 = getelementptr i32 %ifmap_gap, i64 0, i64 %zext_ln11_1" [../FP32-Model/gap.cpp:11->../FP32-Model/mobilenet_v1.cpp:75]   --->   Operation 57 'getelementptr' 'ifmap_gap_addr_1' <Predicate = true> <Delay = 0.00>
ST_11 : Operation 58 [2/5] (6.32ns)   --->   "%sum_1 = fadd i32 %sum, i32 %ifmap_gap_2_load" [../FP32-Model/gap.cpp:11->../FP32-Model/mobilenet_v1.cpp:75]   --->   Operation 58 'fadd' 'sum_1' <Predicate = true> <Delay = 6.32> <CoreInst = "FAddSub_fulldsp">   --->   Core 18 'FAddSub_fulldsp' <Latency = 4> <II = 1> <Delay = 6.32> <FuncUnit> <Opcode : 'fadd' 'fsub'> <InPorts = 2> <OutPorts = 1>
ST_11 : Operation 59 [2/2] (2.77ns)   --->   "%ifmap_gap_load_1 = load i9 %ifmap_gap_addr_1" [../FP32-Model/gap.cpp:11->../FP32-Model/mobilenet_v1.cpp:75]   --->   Operation 59 'load' 'ifmap_gap_load_1' <Predicate = true> <Delay = 2.77> <CoreInst = "RAM">   --->   Core 81 'RAM' <Latency = 1> <II = 1> <Delay = 2.77> <Storage> <Opcode : 'load' 'store'> <Ports = 2> <Width = 32> <Depth = 512> <RAM>

State 12 <SV = 11> <Delay = 6.32>
ST_12 : Operation 60 [1/5] (6.32ns)   --->   "%sum_1 = fadd i32 %sum, i32 %ifmap_gap_2_load" [../FP32-Model/gap.cpp:11->../FP32-Model/mobilenet_v1.cpp:75]   --->   Operation 60 'fadd' 'sum_1' <Predicate = true> <Delay = 6.32> <CoreInst = "FAddSub_fulldsp">   --->   Core 18 'FAddSub_fulldsp' <Latency = 4> <II = 1> <Delay = 6.32> <FuncUnit> <Opcode : 'fadd' 'fsub'> <InPorts = 2> <OutPorts = 1>
ST_12 : Operation 61 [1/2] ( I:2.77ns O:2.77ns )   --->   "%ifmap_gap_load_1 = load i9 %ifmap_gap_addr_1" [../FP32-Model/gap.cpp:11->../FP32-Model/mobilenet_v1.cpp:75]   --->   Operation 61 'load' 'ifmap_gap_load_1' <Predicate = true> <Delay = 2.77> <CoreInst = "RAM">   --->   Core 81 'RAM' <Latency = 1> <II = 1> <Delay = 2.77> <Storage> <Opcode : 'load' 'store'> <Ports = 2> <Width = 32> <Depth = 512> <RAM>

State 13 <SV = 12> <Delay = 6.32>
ST_13 : Operation 62 [5/5] (6.32ns)   --->   "%sum_2 = fadd i32 %sum_1, i32 %ifmap_gap_load_1" [../FP32-Model/gap.cpp:11->../FP32-Model/mobilenet_v1.cpp:75]   --->   Operation 62 'fadd' 'sum_2' <Predicate = true> <Delay = 6.32> <CoreInst = "FAddSub_fulldsp">   --->   Core 18 'FAddSub_fulldsp' <Latency = 4> <II = 1> <Delay = 6.32> <FuncUnit> <Opcode : 'fadd' 'fsub'> <InPorts = 2> <OutPorts = 1>

State 14 <SV = 13> <Delay = 6.32>
ST_14 : Operation 63 [4/5] (6.32ns)   --->   "%sum_2 = fadd i32 %sum_1, i32 %ifmap_gap_load_1" [../FP32-Model/gap.cpp:11->../FP32-Model/mobilenet_v1.cpp:75]   --->   Operation 63 'fadd' 'sum_2' <Predicate = true> <Delay = 6.32> <CoreInst = "FAddSub_fulldsp">   --->   Core 18 'FAddSub_fulldsp' <Latency = 4> <II = 1> <Delay = 6.32> <FuncUnit> <Opcode : 'fadd' 'fsub'> <InPorts = 2> <OutPorts = 1>

State 15 <SV = 14> <Delay = 6.32>
ST_15 : Operation 64 [3/5] (6.32ns)   --->   "%sum_2 = fadd i32 %sum_1, i32 %ifmap_gap_load_1" [../FP32-Model/gap.cpp:11->../FP32-Model/mobilenet_v1.cpp:75]   --->   Operation 64 'fadd' 'sum_2' <Predicate = true> <Delay = 6.32> <CoreInst = "FAddSub_fulldsp">   --->   Core 18 'FAddSub_fulldsp' <Latency = 4> <II = 1> <Delay = 6.32> <FuncUnit> <Opcode : 'fadd' 'fsub'> <InPorts = 2> <OutPorts = 1>

State 16 <SV = 15> <Delay = 6.32>
ST_16 : Operation 65 [1/1] (0.00ns)   --->   "%ifmap_gap_2_addr_1 = getelementptr i32 %ifmap_gap_2, i64 0, i64 %zext_ln11_1" [../FP32-Model/gap.cpp:11->../FP32-Model/mobilenet_v1.cpp:75]   --->   Operation 65 'getelementptr' 'ifmap_gap_2_addr_1' <Predicate = true> <Delay = 0.00>
ST_16 : Operation 66 [2/5] (6.32ns)   --->   "%sum_2 = fadd i32 %sum_1, i32 %ifmap_gap_load_1" [../FP32-Model/gap.cpp:11->../FP32-Model/mobilenet_v1.cpp:75]   --->   Operation 66 'fadd' 'sum_2' <Predicate = true> <Delay = 6.32> <CoreInst = "FAddSub_fulldsp">   --->   Core 18 'FAddSub_fulldsp' <Latency = 4> <II = 1> <Delay = 6.32> <FuncUnit> <Opcode : 'fadd' 'fsub'> <InPorts = 2> <OutPorts = 1>
ST_16 : Operation 67 [2/2] (2.77ns)   --->   "%ifmap_gap_2_load_1 = load i9 %ifmap_gap_2_addr_1" [../FP32-Model/gap.cpp:11->../FP32-Model/mobilenet_v1.cpp:75]   --->   Operation 67 'load' 'ifmap_gap_2_load_1' <Predicate = true> <Delay = 2.77> <CoreInst = "RAM">   --->   Core 81 'RAM' <Latency = 1> <II = 1> <Delay = 2.77> <Storage> <Opcode : 'load' 'store'> <Ports = 2> <Width = 32> <Depth = 512> <RAM>

State 17 <SV = 16> <Delay = 6.32>
ST_17 : Operation 68 [1/5] (6.32ns)   --->   "%sum_2 = fadd i32 %sum_1, i32 %ifmap_gap_load_1" [../FP32-Model/gap.cpp:11->../FP32-Model/mobilenet_v1.cpp:75]   --->   Operation 68 'fadd' 'sum_2' <Predicate = true> <Delay = 6.32> <CoreInst = "FAddSub_fulldsp">   --->   Core 18 'FAddSub_fulldsp' <Latency = 4> <II = 1> <Delay = 6.32> <FuncUnit> <Opcode : 'fadd' 'fsub'> <InPorts = 2> <OutPorts = 1>
ST_17 : Operation 69 [1/2] ( I:2.77ns O:2.77ns )   --->   "%ifmap_gap_2_load_1 = load i9 %ifmap_gap_2_addr_1" [../FP32-Model/gap.cpp:11->../FP32-Model/mobilenet_v1.cpp:75]   --->   Operation 69 'load' 'ifmap_gap_2_load_1' <Predicate = true> <Delay = 2.77> <CoreInst = "RAM">   --->   Core 81 'RAM' <Latency = 1> <II = 1> <Delay = 2.77> <Storage> <Opcode : 'load' 'store'> <Ports = 2> <Width = 32> <Depth = 512> <RAM>

State 18 <SV = 17> <Delay = 6.32>
ST_18 : Operation 70 [5/5] (6.32ns)   --->   "%sum_3 = fadd i32 %sum_2, i32 %ifmap_gap_2_load_1" [../FP32-Model/gap.cpp:11->../FP32-Model/mobilenet_v1.cpp:75]   --->   Operation 70 'fadd' 'sum_3' <Predicate = true> <Delay = 6.32> <CoreInst = "FAddSub_fulldsp">   --->   Core 18 'FAddSub_fulldsp' <Latency = 4> <II = 1> <Delay = 6.32> <FuncUnit> <Opcode : 'fadd' 'fsub'> <InPorts = 2> <OutPorts = 1>

State 19 <SV = 18> <Delay = 6.32>
ST_19 : Operation 71 [4/5] (6.32ns)   --->   "%sum_3 = fadd i32 %sum_2, i32 %ifmap_gap_2_load_1" [../FP32-Model/gap.cpp:11->../FP32-Model/mobilenet_v1.cpp:75]   --->   Operation 71 'fadd' 'sum_3' <Predicate = true> <Delay = 6.32> <CoreInst = "FAddSub_fulldsp">   --->   Core 18 'FAddSub_fulldsp' <Latency = 4> <II = 1> <Delay = 6.32> <FuncUnit> <Opcode : 'fadd' 'fsub'> <InPorts = 2> <OutPorts = 1>

State 20 <SV = 19> <Delay = 6.32>
ST_20 : Operation 72 [3/5] (6.32ns)   --->   "%sum_3 = fadd i32 %sum_2, i32 %ifmap_gap_2_load_1" [../FP32-Model/gap.cpp:11->../FP32-Model/mobilenet_v1.cpp:75]   --->   Operation 72 'fadd' 'sum_3' <Predicate = true> <Delay = 6.32> <CoreInst = "FAddSub_fulldsp">   --->   Core 18 'FAddSub_fulldsp' <Latency = 4> <II = 1> <Delay = 6.32> <FuncUnit> <Opcode : 'fadd' 'fsub'> <InPorts = 2> <OutPorts = 1>

State 21 <SV = 20> <Delay = 6.32>
ST_21 : Operation 73 [2/5] (6.32ns)   --->   "%sum_3 = fadd i32 %sum_2, i32 %ifmap_gap_2_load_1" [../FP32-Model/gap.cpp:11->../FP32-Model/mobilenet_v1.cpp:75]   --->   Operation 73 'fadd' 'sum_3' <Predicate = true> <Delay = 6.32> <CoreInst = "FAddSub_fulldsp">   --->   Core 18 'FAddSub_fulldsp' <Latency = 4> <II = 1> <Delay = 6.32> <FuncUnit> <Opcode : 'fadd' 'fsub'> <InPorts = 2> <OutPorts = 1>

State 22 <SV = 21> <Delay = 6.32>
ST_22 : Operation 74 [1/5] (6.32ns)   --->   "%sum_3 = fadd i32 %sum_2, i32 %ifmap_gap_2_load_1" [../FP32-Model/gap.cpp:11->../FP32-Model/mobilenet_v1.cpp:75]   --->   Operation 74 'fadd' 'sum_3' <Predicate = true> <Delay = 6.32> <CoreInst = "FAddSub_fulldsp">   --->   Core 18 'FAddSub_fulldsp' <Latency = 4> <II = 1> <Delay = 6.32> <FuncUnit> <Opcode : 'fadd' 'fsub'> <InPorts = 2> <OutPorts = 1>

State 23 <SV = 22> <Delay = 4.72>
ST_23 : Operation 75 [4/4] (4.72ns)   --->   "%div_i = fmul i32 %sum_3, i32 0.25" [../FP32-Model/gap.cpp:14->../FP32-Model/mobilenet_v1.cpp:75]   --->   Operation 75 'fmul' 'div_i' <Predicate = true> <Delay = 4.72> <CoreInst = "FMul_maxdsp">   --->   Core 30 'FMul_maxdsp' <Latency = 3> <II = 1> <Delay = 4.72> <FuncUnit> <Opcode : 'fmul'> <InPorts = 2> <OutPorts = 1>

State 24 <SV = 23> <Delay = 4.72>
ST_24 : Operation 76 [3/4] (4.72ns)   --->   "%div_i = fmul i32 %sum_3, i32 0.25" [../FP32-Model/gap.cpp:14->../FP32-Model/mobilenet_v1.cpp:75]   --->   Operation 76 'fmul' 'div_i' <Predicate = true> <Delay = 4.72> <CoreInst = "FMul_maxdsp">   --->   Core 30 'FMul_maxdsp' <Latency = 3> <II = 1> <Delay = 4.72> <FuncUnit> <Opcode : 'fmul'> <InPorts = 2> <OutPorts = 1>

State 25 <SV = 24> <Delay = 4.72>
ST_25 : Operation 77 [2/4] (4.72ns)   --->   "%div_i = fmul i32 %sum_3, i32 0.25" [../FP32-Model/gap.cpp:14->../FP32-Model/mobilenet_v1.cpp:75]   --->   Operation 77 'fmul' 'div_i' <Predicate = true> <Delay = 4.72> <CoreInst = "FMul_maxdsp">   --->   Core 30 'FMul_maxdsp' <Latency = 3> <II = 1> <Delay = 4.72> <FuncUnit> <Opcode : 'fmul'> <InPorts = 2> <OutPorts = 1>

State 26 <SV = 25> <Delay = 4.72>
ST_26 : Operation 78 [1/4] (4.72ns)   --->   "%div_i = fmul i32 %sum_3, i32 0.25" [../FP32-Model/gap.cpp:14->../FP32-Model/mobilenet_v1.cpp:75]   --->   Operation 78 'fmul' 'div_i' <Predicate = true> <Delay = 4.72> <CoreInst = "FMul_maxdsp">   --->   Core 30 'FMul_maxdsp' <Latency = 3> <II = 1> <Delay = 4.72> <FuncUnit> <Opcode : 'fmul'> <InPorts = 2> <OutPorts = 1>
ST_26 : Operation 86 [1/1] (1.29ns)   --->   "%ret_ln0 = ret"   --->   Operation 86 'ret' 'ret_ln0' <Predicate = (icmp_ln7)> <Delay = 1.29>

State 27 <SV = 26> <Delay = 2.77>
ST_27 : Operation 79 [1/1] (0.00ns)   --->   "%zext_ln7 = zext i9 %c_1" [../FP32-Model/gap.cpp:7->../FP32-Model/mobilenet_v1.cpp:75]   --->   Operation 79 'zext' 'zext_ln7' <Predicate = true> <Delay = 0.00>
ST_27 : Operation 80 [1/1] (0.00ns)   --->   "%specpipeline_ln7 = specpipeline void @_ssdm_op_SpecPipeline, i32 4294967295, i32 0, i32 0, i32 0, i32 4294967295, void @empty" [../FP32-Model/gap.cpp:7->../FP32-Model/mobilenet_v1.cpp:75]   --->   Operation 80 'specpipeline' 'specpipeline_ln7' <Predicate = true> <Delay = 0.00>
ST_27 : Operation 81 [1/1] (0.00ns)   --->   "%speclooptripcount_ln7 = speclooptripcount void @_ssdm_op_SpecLoopTripCount, i64 256, i64 256, i64 256" [../FP32-Model/gap.cpp:7->../FP32-Model/mobilenet_v1.cpp:75]   --->   Operation 81 'speclooptripcount' 'speclooptripcount_ln7' <Predicate = true> <Delay = 0.00>
ST_27 : Operation 82 [1/1] (0.00ns)   --->   "%specloopname_ln7 = specloopname void @_ssdm_op_SpecLoopName, void @empty_4" [../FP32-Model/gap.cpp:7->../FP32-Model/mobilenet_v1.cpp:75]   --->   Operation 82 'specloopname' 'specloopname_ln7' <Predicate = true> <Delay = 0.00>
ST_27 : Operation 83 [1/1] (0.00ns)   --->   "%ofmap_gap_addr = getelementptr i32 %ofmap_gap, i64 0, i64 %zext_ln7" [../FP32-Model/gap.cpp:14->../FP32-Model/mobilenet_v1.cpp:75]   --->   Operation 83 'getelementptr' 'ofmap_gap_addr' <Predicate = true> <Delay = 0.00>
ST_27 : Operation 84 [1/1] ( I:2.77ns O:2.77ns )   --->   "%store_ln14 = store i32 %div_i, i8 %ofmap_gap_addr" [../FP32-Model/gap.cpp:14->../FP32-Model/mobilenet_v1.cpp:75]   --->   Operation 84 'store' 'store_ln14' <Predicate = true> <Delay = 2.77> <CoreInst = "RAM">   --->   Core 81 'RAM' <Latency = 1> <II = 1> <Delay = 2.77> <Storage> <Opcode : 'load' 'store'> <Ports = 2> <Width = 32> <Depth = 256> <RAM>
ST_27 : Operation 85 [1/1] (0.00ns)   --->   "%br_ln7 = br void %GAP_H.i" [../FP32-Model/gap.cpp:7->../FP32-Model/mobilenet_v1.cpp:75]   --->   Operation 85 'br' 'br_ln7' <Predicate = true> <Delay = 0.00>


============================================================
+ Verbose Summary: Timing violations
============================================================
Target clock period: 10.000ns, clock uncertainty: 2.700ns.

 <State 1>: 4.069ns
The critical path consists of the following:
	'store' operation ('store_ln7', ../FP32-Model/gap.cpp:7->../FP32-Model/mobilenet_v1.cpp:75) of constant 0 9 bit on local variable 'c', ../FP32-Model/gap.cpp:7->../FP32-Model/mobilenet_v1.cpp:75 [5]  (1.298 ns)
	'load' operation 9 bit ('c', ../FP32-Model/gap.cpp:7->../FP32-Model/mobilenet_v1.cpp:75) on local variable 'c', ../FP32-Model/gap.cpp:7->../FP32-Model/mobilenet_v1.cpp:75 [8]  (0.000 ns)
	'shl' operation 9 bit ('shl_ln11', ../FP32-Model/gap.cpp:11->../FP32-Model/mobilenet_v1.cpp:75) [15]  (0.000 ns)
	'getelementptr' operation 9 bit ('ifmap_gap_addr', ../FP32-Model/gap.cpp:11->../FP32-Model/mobilenet_v1.cpp:75) [17]  (0.000 ns)
	'load' operation 32 bit ('ifmap_gap_load', ../FP32-Model/gap.cpp:11->../FP32-Model/mobilenet_v1.cpp:75) on array 'ifmap_gap' [26]  (2.771 ns)

 <State 2>: 2.771ns
The critical path consists of the following:
	'load' operation 32 bit ('ifmap_gap_load', ../FP32-Model/gap.cpp:11->../FP32-Model/mobilenet_v1.cpp:75) on array 'ifmap_gap' [26]  (2.771 ns)

 <State 3>: 6.329ns
The critical path consists of the following:
	'fadd' operation 32 bit ('sum', ../FP32-Model/gap.cpp:11->../FP32-Model/mobilenet_v1.cpp:75) [27]  (6.329 ns)

 <State 4>: 6.329ns
The critical path consists of the following:
	'fadd' operation 32 bit ('sum', ../FP32-Model/gap.cpp:11->../FP32-Model/mobilenet_v1.cpp:75) [27]  (6.329 ns)

 <State 5>: 6.329ns
The critical path consists of the following:
	'fadd' operation 32 bit ('sum', ../FP32-Model/gap.cpp:11->../FP32-Model/mobilenet_v1.cpp:75) [27]  (6.329 ns)

 <State 6>: 6.329ns
The critical path consists of the following:
	'fadd' operation 32 bit ('sum', ../FP32-Model/gap.cpp:11->../FP32-Model/mobilenet_v1.cpp:75) [27]  (6.329 ns)

 <State 7>: 6.329ns
The critical path consists of the following:
	'fadd' operation 32 bit ('sum', ../FP32-Model/gap.cpp:11->../FP32-Model/mobilenet_v1.cpp:75) [27]  (6.329 ns)

 <State 8>: 6.329ns
The critical path consists of the following:
	'fadd' operation 32 bit ('sum', ../FP32-Model/gap.cpp:11->../FP32-Model/mobilenet_v1.cpp:75) [29]  (6.329 ns)

 <State 9>: 6.329ns
The critical path consists of the following:
	'fadd' operation 32 bit ('sum', ../FP32-Model/gap.cpp:11->../FP32-Model/mobilenet_v1.cpp:75) [29]  (6.329 ns)

 <State 10>: 6.329ns
The critical path consists of the following:
	'fadd' operation 32 bit ('sum', ../FP32-Model/gap.cpp:11->../FP32-Model/mobilenet_v1.cpp:75) [29]  (6.329 ns)

 <State 11>: 6.329ns
The critical path consists of the following:
	'fadd' operation 32 bit ('sum', ../FP32-Model/gap.cpp:11->../FP32-Model/mobilenet_v1.cpp:75) [29]  (6.329 ns)

 <State 12>: 6.329ns
The critical path consists of the following:
	'fadd' operation 32 bit ('sum', ../FP32-Model/gap.cpp:11->../FP32-Model/mobilenet_v1.cpp:75) [29]  (6.329 ns)

 <State 13>: 6.329ns
The critical path consists of the following:
	'fadd' operation 32 bit ('sum', ../FP32-Model/gap.cpp:11->../FP32-Model/mobilenet_v1.cpp:75) [31]  (6.329 ns)

 <State 14>: 6.329ns
The critical path consists of the following:
	'fadd' operation 32 bit ('sum', ../FP32-Model/gap.cpp:11->../FP32-Model/mobilenet_v1.cpp:75) [31]  (6.329 ns)

 <State 15>: 6.329ns
The critical path consists of the following:
	'fadd' operation 32 bit ('sum', ../FP32-Model/gap.cpp:11->../FP32-Model/mobilenet_v1.cpp:75) [31]  (6.329 ns)

 <State 16>: 6.329ns
The critical path consists of the following:
	'fadd' operation 32 bit ('sum', ../FP32-Model/gap.cpp:11->../FP32-Model/mobilenet_v1.cpp:75) [31]  (6.329 ns)

 <State 17>: 6.329ns
The critical path consists of the following:
	'fadd' operation 32 bit ('sum', ../FP32-Model/gap.cpp:11->../FP32-Model/mobilenet_v1.cpp:75) [31]  (6.329 ns)

 <State 18>: 6.329ns
The critical path consists of the following:
	'fadd' operation 32 bit ('sum', ../FP32-Model/gap.cpp:11->../FP32-Model/mobilenet_v1.cpp:75) [33]  (6.329 ns)

 <State 19>: 6.329ns
The critical path consists of the following:
	'fadd' operation 32 bit ('sum', ../FP32-Model/gap.cpp:11->../FP32-Model/mobilenet_v1.cpp:75) [33]  (6.329 ns)

 <State 20>: 6.329ns
The critical path consists of the following:
	'fadd' operation 32 bit ('sum', ../FP32-Model/gap.cpp:11->../FP32-Model/mobilenet_v1.cpp:75) [33]  (6.329 ns)

 <State 21>: 6.329ns
The critical path consists of the following:
	'fadd' operation 32 bit ('sum', ../FP32-Model/gap.cpp:11->../FP32-Model/mobilenet_v1.cpp:75) [33]  (6.329 ns)

 <State 22>: 6.329ns
The critical path consists of the following:
	'fadd' operation 32 bit ('sum', ../FP32-Model/gap.cpp:11->../FP32-Model/mobilenet_v1.cpp:75) [33]  (6.329 ns)

 <State 23>: 4.729ns
The critical path consists of the following:
	'fmul' operation 32 bit ('div_i', ../FP32-Model/gap.cpp:14->../FP32-Model/mobilenet_v1.cpp:75) [34]  (4.729 ns)

 <State 24>: 4.729ns
The critical path consists of the following:
	'fmul' operation 32 bit ('div_i', ../FP32-Model/gap.cpp:14->../FP32-Model/mobilenet_v1.cpp:75) [34]  (4.729 ns)

 <State 25>: 4.729ns
The critical path consists of the following:
	'fmul' operation 32 bit ('div_i', ../FP32-Model/gap.cpp:14->../FP32-Model/mobilenet_v1.cpp:75) [34]  (4.729 ns)

 <State 26>: 4.729ns
The critical path consists of the following:
	'fmul' operation 32 bit ('div_i', ../FP32-Model/gap.cpp:14->../FP32-Model/mobilenet_v1.cpp:75) [34]  (4.729 ns)

 <State 27>: 2.771ns
The critical path consists of the following:
	'getelementptr' operation 8 bit ('ofmap_gap_addr', ../FP32-Model/gap.cpp:14->../FP32-Model/mobilenet_v1.cpp:75) [35]  (0.000 ns)
	'store' operation ('store_ln14', ../FP32-Model/gap.cpp:14->../FP32-Model/mobilenet_v1.cpp:75) of variable 'div_i', ../FP32-Model/gap.cpp:14->../FP32-Model/mobilenet_v1.cpp:75 32 bit on array 'ofmap_gap' [36]  (2.771 ns)


============================================================
+ Verbose Summary: Binding
============================================================
N/A
* FSMD analyzer results:
  - Output states:
 - Input state : 
  - Chain level:
	State 1
	State 2
	State 3
	State 4
	State 5
	State 6
	State 7
	State 8
	State 9
	State 10
	State 11
	State 12
	State 13
	State 14
	State 15
	State 16
	State 17
	State 18
	State 19
	State 20
	State 21
	State 22
	State 23
	State 24
	State 25
	State 26
	State 27


============================================================
+ Verbose Summary: Datapath Resource usage 
============================================================
N/A
