

================================================================
== Vitis HLS Report for 'mobilenet_v1_Pipeline_BN_DW2_C_BN_DW2_H'
================================================================
* Date:           Sat Jun 27 09:58:11 2026

* Version:        2025.2 (Build 6295257 on Nov 14 2025)
* Project:        FP32_HLS
* Solution:       hls (Vivado IP Flow Target)
* Product family: zynq
* Target device:  xc7z045-ffg900-2


================================================================
== Performance Estimates
================================================================
+ Timing: 
    * Summary: 
    +--------+----------+----------+------------+
    |  Clock |  Target  | Estimated| Uncertainty|
    +--------+----------+----------+------------+
    |ap_clk  |  10.00 ns|  7.260 ns|     2.70 ns|
    +--------+----------+----------+------------+

+ Latency: 
    * Summary: 
    +---------+---------+----------+----------+-----+-----+-------------------+
    |  Latency (cycles) |  Latency (absolute) |  Interval |      Pipeline     |
    |   min   |   max   |    min   |    max   | min | max |        Type       |
    +---------+---------+----------+----------+-----+-----+-------------------+
    |      271|      271|  2.710 us|  2.710 us|    0|    0|  loop pipeline stp|
    +---------+---------+----------+----------+-----+-----+-------------------+

    + Detail: 
        * Instance: 
        N/A

        * Loop: 
        +---------------------+---------+---------+----------+-----------+-----------+------+----------+
        |                     |  Latency (cycles) | Iteration|  Initiation Interval  | Trip |          |
        |      Loop Name      |   min   |   max   |  Latency |  achieved |   target  | Count| Pipelined|
        +---------------------+---------+---------+----------+-----------+-----------+------+----------+
        |- BN_DW2_C_BN_DW2_H  |      269|      269|        15|          1|          1|   256|       yes|
        +---------------------+---------+---------+----------+-----------+-----------+------+----------+

============================================================
+ Verbose Summary: Synthesis Manager
============================================================
InlineROM: 1
ExposeGlobal: 0
============================================================
+ Verbose Summary: CDFG Model
============================================================
IsTopModel: 0
ResetActiveHigh: 1
IsCombinational: 0
IsDatapathOnly: 0
HasWiredReturn: 1
HasMFsm: 2
HasVarLatency: 1
IsPipeline: 0
IsRtlPipelined: 0
IsInstanceOverlapped: 0
IsDontTouch: 0
HasImplIP: 0
IsGatedGlobalClock: 0

+ Individual pipeline summary: 
  * Pipeline-0: initiation interval (II) = 1, depth = 15


============================================================
+ Verbose Summary: Schedule
============================================================
* Number of FSM states : 15
* Pipeline : 1
  Pipeline-0 : II = 1, D = 15, States = { 1 2 3 4 5 6 7 8 9 10 11 12 13 14 15 }
* Dataflow Pipeline: 0

* FSM state transitions: 
1 --> 2 
2 --> 3 
3 --> 4 
4 --> 5 
5 --> 6 
6 --> 7 
7 --> 8 
8 --> 9 
9 --> 10 
10 --> 11 
11 --> 12 
12 --> 13 
13 --> 14 
14 --> 15 
15 --> 

* FSM state operations: 

State 1 <SV = 0> <Delay = 3.95>
ST_1 : Operation 18 [1/1] (0.00ns)   --->   "%h = alloca i32 1" [../FP32-Model/batchnorm.cpp:116->../FP32-Model/mobilenet_v1.cpp:64]   --->   Operation 18 'alloca' 'h' <Predicate = true> <Delay = 0.00>
ST_1 : Operation 19 [1/1] (0.00ns)   --->   "%c = alloca i32 1" [../FP32-Model/batchnorm.cpp:115->../FP32-Model/mobilenet_v1.cpp:64]   --->   Operation 19 'alloca' 'c' <Predicate = true> <Delay = 0.00>
ST_1 : Operation 20 [1/1] (0.00ns)   --->   "%indvar_flatten53 = alloca i32 1"   --->   Operation 20 'alloca' 'indvar_flatten53' <Predicate = true> <Delay = 0.00>
ST_1 : Operation 21 [1/1] (0.00ns)   --->   "%specmemcore_ln0 = specmemcore void @_ssdm_op_SpecMemCore, i32 %ifmap_pw2, i64 666, i64 22, i64 18446744073709551615, i1 0"   --->   Operation 21 'specmemcore' 'specmemcore_ln0' <Predicate = true> <Delay = 0.00>
ST_1 : Operation 22 [1/1] (0.00ns)   --->   "%specmemcore_ln0 = specmemcore void @_ssdm_op_SpecMemCore, i32 %ifmap_pw2_1, i64 666, i64 22, i64 18446744073709551615, i1 0"   --->   Operation 22 'specmemcore' 'specmemcore_ln0' <Predicate = true> <Delay = 0.00>
ST_1 : Operation 23 [1/1] (0.00ns)   --->   "%specmemcore_ln0 = specmemcore void @_ssdm_op_SpecMemCore, i32 %ifmap_pw2_2, i64 666, i64 22, i64 18446744073709551615, i1 0"   --->   Operation 23 'specmemcore' 'specmemcore_ln0' <Predicate = true> <Delay = 0.00>
ST_1 : Operation 24 [1/1] (0.00ns)   --->   "%specmemcore_ln0 = specmemcore void @_ssdm_op_SpecMemCore, i32 %ifmap_pw2_3, i64 666, i64 22, i64 18446744073709551615, i1 0"   --->   Operation 24 'specmemcore' 'specmemcore_ln0' <Predicate = true> <Delay = 0.00>
ST_1 : Operation 25 [1/1] (0.00ns)   --->   "%specmemcore_ln0 = specmemcore void @_ssdm_op_SpecMemCore, i32 %ifmap_pw2_4, i64 666, i64 22, i64 18446744073709551615, i1 0"   --->   Operation 25 'specmemcore' 'specmemcore_ln0' <Predicate = true> <Delay = 0.00>
ST_1 : Operation 26 [1/1] (0.00ns)   --->   "%specmemcore_ln0 = specmemcore void @_ssdm_op_SpecMemCore, i32 %ifmap_pw2_5, i64 666, i64 22, i64 18446744073709551615, i1 0"   --->   Operation 26 'specmemcore' 'specmemcore_ln0' <Predicate = true> <Delay = 0.00>
ST_1 : Operation 27 [1/1] (0.00ns)   --->   "%specmemcore_ln0 = specmemcore void @_ssdm_op_SpecMemCore, i32 %ifmap_pw2_6, i64 666, i64 22, i64 18446744073709551615, i1 0"   --->   Operation 27 'specmemcore' 'specmemcore_ln0' <Predicate = true> <Delay = 0.00>
ST_1 : Operation 28 [1/1] (0.00ns)   --->   "%specmemcore_ln0 = specmemcore void @_ssdm_op_SpecMemCore, i32 %ifmap_pw2_7, i64 666, i64 22, i64 18446744073709551615, i1 0"   --->   Operation 28 'specmemcore' 'specmemcore_ln0' <Predicate = true> <Delay = 0.00>
ST_1 : Operation 29 [1/1] (1.29ns)   --->   "%store_ln0 = store i9 0, i9 %indvar_flatten53"   --->   Operation 29 'store' 'store_ln0' <Predicate = true> <Delay = 1.29>
ST_1 : Operation 30 [1/1] (1.29ns)   --->   "%store_ln115 = store i7 0, i7 %c" [../FP32-Model/batchnorm.cpp:115->../FP32-Model/mobilenet_v1.cpp:64]   --->   Operation 30 'store' 'store_ln115' <Predicate = true> <Delay = 1.29>
ST_1 : Operation 31 [1/1] (1.29ns)   --->   "%store_ln116 = store i3 0, i3 %h" [../FP32-Model/batchnorm.cpp:116->../FP32-Model/mobilenet_v1.cpp:64]   --->   Operation 31 'store' 'store_ln116' <Predicate = true> <Delay = 1.29>
ST_1 : Operation 32 [1/1] (0.00ns)   --->   "%br_ln0 = br void %BN_DW2_W.i"   --->   Operation 32 'br' 'br_ln0' <Predicate = true> <Delay = 0.00>
ST_1 : Operation 33 [1/1] (0.00ns)   --->   "%indvar_flatten53_load = load i9 %indvar_flatten53" [../FP32-Model/batchnorm.cpp:115->../FP32-Model/mobilenet_v1.cpp:64]   --->   Operation 33 'load' 'indvar_flatten53_load' <Predicate = true> <Delay = 0.00>
ST_1 : Operation 34 [1/1] (1.36ns)   --->   "%icmp_ln115 = icmp_eq  i9 %indvar_flatten53_load, i9 256" [../FP32-Model/batchnorm.cpp:115->../FP32-Model/mobilenet_v1.cpp:64]   --->   Operation 34 'icmp' 'icmp_ln115' <Predicate = true> <Delay = 1.36> <CoreInst = "Cmp">   --->   Core 9 'Cmp' <Latency = 0> <II = 1> <Delay = 1.36> <FuncUnit> <Opcode : 'seteq' 'setne' 'setle' 'setge' 'setlt' 'setgt'> <InPorts = 2> <OutPorts = 1>
ST_1 : Operation 35 [1/1] (1.36ns)   --->   "%add_ln115_1 = add i9 %indvar_flatten53_load, i9 1" [../FP32-Model/batchnorm.cpp:115->../FP32-Model/mobilenet_v1.cpp:64]   --->   Operation 35 'add' 'add_ln115_1' <Predicate = true> <Delay = 1.36> <CoreInst = "Adder">   --->   Core 1 'Adder' <Latency = 0> <II = 1> <Delay = 1.36> <FuncUnit> <Opcode : 'add' 'sub'> <InPorts = 2> <OutPorts = 1>
ST_1 : Operation 36 [1/1] (0.00ns)   --->   "%br_ln115 = br i1 %icmp_ln115, void %for.inc26.i109, void %_Z13batchnorm_dw2PA4_A4_fPKfS3_S1_.exit.exitStub" [../FP32-Model/batchnorm.cpp:115->../FP32-Model/mobilenet_v1.cpp:64]   --->   Operation 36 'br' 'br_ln115' <Predicate = true> <Delay = 0.00>
ST_1 : Operation 37 [1/1] (1.29ns)   --->   "%store_ln115 = store i9 %add_ln115_1, i9 %indvar_flatten53" [../FP32-Model/batchnorm.cpp:115->../FP32-Model/mobilenet_v1.cpp:64]   --->   Operation 37 'store' 'store_ln115' <Predicate = (!icmp_ln115)> <Delay = 1.29>

State 2 <SV = 1> <Delay = 6.20>
ST_2 : Operation 38 [1/1] (0.00ns)   --->   "%h_load = load i3 %h" [../FP32-Model/batchnorm.cpp:116->../FP32-Model/mobilenet_v1.cpp:64]   --->   Operation 38 'load' 'h_load' <Predicate = true> <Delay = 0.00>
ST_2 : Operation 39 [1/1] (0.00ns)   --->   "%c_load = load i7 %c" [../FP32-Model/batchnorm.cpp:115->../FP32-Model/mobilenet_v1.cpp:64]   --->   Operation 39 'load' 'c_load' <Predicate = true> <Delay = 0.00>
ST_2 : Operation 40 [1/1] (1.31ns)   --->   "%add_ln115 = add i7 %c_load, i7 1" [../FP32-Model/batchnorm.cpp:115->../FP32-Model/mobilenet_v1.cpp:64]   --->   Operation 40 'add' 'add_ln115' <Predicate = true> <Delay = 1.31> <CoreInst = "Adder">   --->   Core 1 'Adder' <Latency = 0> <II = 1> <Delay = 1.31> <FuncUnit> <Opcode : 'add' 'sub'> <InPorts = 2> <OutPorts = 1>
ST_2 : Operation 41 [1/1] (0.76ns)   --->   "%icmp_ln116 = icmp_eq  i3 %h_load, i3 4" [../FP32-Model/batchnorm.cpp:116->../FP32-Model/mobilenet_v1.cpp:64]   --->   Operation 41 'icmp' 'icmp_ln116' <Predicate = true> <Delay = 0.76> <CoreInst = "Cmp">   --->   Core 9 'Cmp' <Latency = 0> <II = 1> <Delay = 0.76> <FuncUnit> <Opcode : 'seteq' 'setne' 'setle' 'setge' 'setlt' 'setgt'> <InPorts = 2> <OutPorts = 1>
ST_2 : Operation 42 [1/1] (0.79ns)   --->   "%select_ln115 = select i1 %icmp_ln116, i3 0, i3 %h_load" [../FP32-Model/batchnorm.cpp:115->../FP32-Model/mobilenet_v1.cpp:64]   --->   Operation 42 'select' 'select_ln115' <Predicate = true> <Delay = 0.79> <CoreInst = "Sel">   --->   Core 73 'Sel' <Latency = 0> <II = 1> <Delay = 0.79> <FuncUnit> <Opcode : 'select'> <InPorts = 3> <OutPorts = 1>
ST_2 : Operation 43 [1/1] (0.80ns)   --->   "%select_ln115_1 = select i1 %icmp_ln116, i7 %add_ln115, i7 %c_load" [../FP32-Model/batchnorm.cpp:115->../FP32-Model/mobilenet_v1.cpp:64]   --->   Operation 43 'select' 'select_ln115_1' <Predicate = true> <Delay = 0.80> <CoreInst = "Sel">   --->   Core 73 'Sel' <Latency = 0> <II = 1> <Delay = 0.80> <FuncUnit> <Opcode : 'select'> <InPorts = 3> <OutPorts = 1>
ST_2 : Operation 44 [1/1] (0.00ns)   --->   "%trunc_ln119 = trunc i7 %select_ln115_1" [../FP32-Model/batchnorm.cpp:119->../FP32-Model/mobilenet_v1.cpp:64]   --->   Operation 44 'trunc' 'trunc_ln119' <Predicate = true> <Delay = 0.00>
ST_2 : Operation 45 [1/1] (0.00ns)   --->   "%tmp_s = bitconcatenate i8 @_ssdm_op_BitConcatenate.i8.i6.i2, i6 %trunc_ln119, i2 0" [../FP32-Model/batchnorm.cpp:119->../FP32-Model/mobilenet_v1.cpp:64]   --->   Operation 45 'bitconcatenate' 'tmp_s' <Predicate = true> <Delay = 0.00>
ST_2 : Operation 46 [1/1] (0.00ns)   --->   "%trunc_ln115 = trunc i7 %select_ln115_1" [../FP32-Model/batchnorm.cpp:115->../FP32-Model/mobilenet_v1.cpp:64]   --->   Operation 46 'trunc' 'trunc_ln115' <Predicate = true> <Delay = 0.00>
ST_2 : Operation 47 [1/1] (0.00ns)   --->   "%lshr_ln2 = partselect i5 @_ssdm_op_PartSelect.i5.i7.i32.i32, i7 %select_ln115_1, i32 1, i32 5" [../FP32-Model/batchnorm.cpp:115->../FP32-Model/mobilenet_v1.cpp:64]   --->   Operation 47 'partselect' 'lshr_ln2' <Predicate = true> <Delay = 0.00>
ST_2 : Operation 48 [1/1] (0.00ns)   --->   "%tmp_122 = bitconcatenate i7 @_ssdm_op_BitConcatenate.i7.i5.i2, i5 %lshr_ln2, i2 0" [../FP32-Model/batchnorm.cpp:119->../FP32-Model/mobilenet_v1.cpp:64]   --->   Operation 48 'bitconcatenate' 'tmp_122' <Predicate = true> <Delay = 0.00>
ST_2 : Operation 49 [1/1] (0.00ns)   --->   "%zext_ln119 = zext i3 %select_ln115" [../FP32-Model/batchnorm.cpp:119->../FP32-Model/mobilenet_v1.cpp:64]   --->   Operation 49 'zext' 'zext_ln119' <Predicate = true> <Delay = 0.00>
ST_2 : Operation 50 [1/1] (0.00ns)   --->   "%zext_ln119_1 = zext i3 %select_ln115" [../FP32-Model/batchnorm.cpp:119->../FP32-Model/mobilenet_v1.cpp:64]   --->   Operation 50 'zext' 'zext_ln119_1' <Predicate = true> <Delay = 0.00>
ST_2 : Operation 51 [1/1] (1.30ns)   --->   "%add_ln119 = add i8 %tmp_s, i8 %zext_ln119_1" [../FP32-Model/batchnorm.cpp:119->../FP32-Model/mobilenet_v1.cpp:64]   --->   Operation 51 'add' 'add_ln119' <Predicate = true> <Delay = 1.30> <CoreInst = "Adder">   --->   Core 1 'Adder' <Latency = 0> <II = 1> <Delay = 1.30> <FuncUnit> <Opcode : 'add' 'sub'> <InPorts = 2> <OutPorts = 1>
ST_2 : Operation 52 [1/1] (0.00ns)   --->   "%zext_ln119_2 = zext i8 %add_ln119" [../FP32-Model/batchnorm.cpp:119->../FP32-Model/mobilenet_v1.cpp:64]   --->   Operation 52 'zext' 'zext_ln119_2' <Predicate = true> <Delay = 0.00>
ST_2 : Operation 53 [1/1] (0.00ns)   --->   "%ofmap_dw2_addr = getelementptr i32 %ofmap_dw2, i64 0, i64 %zext_ln119_2" [../FP32-Model/batchnorm.cpp:119->../FP32-Model/mobilenet_v1.cpp:64]   --->   Operation 53 'getelementptr' 'ofmap_dw2_addr' <Predicate = true> <Delay = 0.00>
ST_2 : Operation 54 [1/1] (0.00ns)   --->   "%ofmap_dw2_1_addr = getelementptr i32 %ofmap_dw2_1, i64 0, i64 %zext_ln119_2" [../FP32-Model/batchnorm.cpp:119->../FP32-Model/mobilenet_v1.cpp:64]   --->   Operation 54 'getelementptr' 'ofmap_dw2_1_addr' <Predicate = true> <Delay = 0.00>
ST_2 : Operation 55 [1/1] (0.00ns)   --->   "%ofmap_dw2_2_addr = getelementptr i32 %ofmap_dw2_2, i64 0, i64 %zext_ln119_2" [../FP32-Model/batchnorm.cpp:119->../FP32-Model/mobilenet_v1.cpp:64]   --->   Operation 55 'getelementptr' 'ofmap_dw2_2_addr' <Predicate = true> <Delay = 0.00>
ST_2 : Operation 56 [1/1] (0.00ns)   --->   "%ofmap_dw2_3_addr = getelementptr i32 %ofmap_dw2_3, i64 0, i64 %zext_ln119_2" [../FP32-Model/batchnorm.cpp:119->../FP32-Model/mobilenet_v1.cpp:64]   --->   Operation 56 'getelementptr' 'ofmap_dw2_3_addr' <Predicate = true> <Delay = 0.00>
ST_2 : Operation 57 [1/1] (1.31ns)   --->   "%add_ln119_1 = add i7 %tmp_122, i7 %zext_ln119" [../FP32-Model/batchnorm.cpp:119->../FP32-Model/mobilenet_v1.cpp:64]   --->   Operation 57 'add' 'add_ln119_1' <Predicate = true> <Delay = 1.31> <CoreInst = "Adder">   --->   Core 1 'Adder' <Latency = 0> <II = 1> <Delay = 1.31> <FuncUnit> <Opcode : 'add' 'sub'> <InPorts = 2> <OutPorts = 1>
ST_2 : Operation 58 [2/2] (2.77ns)   --->   "%ofmap_dw2_load = load i8 %ofmap_dw2_addr" [../FP32-Model/batchnorm.cpp:119->../FP32-Model/mobilenet_v1.cpp:64]   --->   Operation 58 'load' 'ofmap_dw2_load' <Predicate = true> <Delay = 2.77> <CoreInst = "RAM">   --->   Core 81 'RAM' <Latency = 1> <II = 1> <Delay = 2.77> <Storage> <Opcode : 'load' 'store'> <Ports = 2> <Width = 32> <Depth = 256> <RAM>
ST_2 : Operation 59 [2/2] (2.77ns)   --->   "%ofmap_dw2_1_load = load i8 %ofmap_dw2_1_addr" [../FP32-Model/batchnorm.cpp:119->../FP32-Model/mobilenet_v1.cpp:64]   --->   Operation 59 'load' 'ofmap_dw2_1_load' <Predicate = true> <Delay = 2.77> <CoreInst = "RAM">   --->   Core 81 'RAM' <Latency = 1> <II = 1> <Delay = 2.77> <Storage> <Opcode : 'load' 'store'> <Ports = 2> <Width = 32> <Depth = 256> <RAM>
ST_2 : Operation 60 [2/2] (2.77ns)   --->   "%ofmap_dw2_2_load = load i8 %ofmap_dw2_2_addr" [../FP32-Model/batchnorm.cpp:119->../FP32-Model/mobilenet_v1.cpp:64]   --->   Operation 60 'load' 'ofmap_dw2_2_load' <Predicate = true> <Delay = 2.77> <CoreInst = "RAM">   --->   Core 81 'RAM' <Latency = 1> <II = 1> <Delay = 2.77> <Storage> <Opcode : 'load' 'store'> <Ports = 2> <Width = 32> <Depth = 256> <RAM>
ST_2 : Operation 61 [2/2] (2.77ns)   --->   "%ofmap_dw2_3_load = load i8 %ofmap_dw2_3_addr" [../FP32-Model/batchnorm.cpp:119->../FP32-Model/mobilenet_v1.cpp:64]   --->   Operation 61 'load' 'ofmap_dw2_3_load' <Predicate = true> <Delay = 2.77> <CoreInst = "RAM">   --->   Core 81 'RAM' <Latency = 1> <II = 1> <Delay = 2.77> <Storage> <Opcode : 'load' 'store'> <Ports = 2> <Width = 32> <Depth = 256> <RAM>
ST_2 : Operation 62 [1/1] (0.00ns)   --->   "%br_ln119 = br i1 %trunc_ln115, void %arrayidx224.3.i104241.case.0, void %arrayidx224.3.i104241.case.1" [../FP32-Model/batchnorm.cpp:119->../FP32-Model/mobilenet_v1.cpp:64]   --->   Operation 62 'br' 'br_ln119' <Predicate = true> <Delay = 0.00>
ST_2 : Operation 63 [1/1] (0.76ns)   --->   "%add_ln116 = add i3 %select_ln115, i3 1" [../FP32-Model/batchnorm.cpp:116->../FP32-Model/mobilenet_v1.cpp:64]   --->   Operation 63 'add' 'add_ln116' <Predicate = true> <Delay = 0.76> <CoreInst = "Adder">   --->   Core 1 'Adder' <Latency = 0> <II = 1> <Delay = 0.76> <FuncUnit> <Opcode : 'add' 'sub'> <InPorts = 2> <OutPorts = 1>
ST_2 : Operation 64 [1/1] (1.29ns)   --->   "%store_ln115 = store i7 %select_ln115_1, i7 %c" [../FP32-Model/batchnorm.cpp:115->../FP32-Model/mobilenet_v1.cpp:64]   --->   Operation 64 'store' 'store_ln115' <Predicate = true> <Delay = 1.29>
ST_2 : Operation 65 [1/1] (1.29ns)   --->   "%store_ln116 = store i3 %add_ln116, i3 %h" [../FP32-Model/batchnorm.cpp:116->../FP32-Model/mobilenet_v1.cpp:64]   --->   Operation 65 'store' 'store_ln116' <Predicate = true> <Delay = 1.29>
ST_2 : Operation 66 [1/1] (0.00ns)   --->   "%br_ln116 = br void %BN_DW2_W.i" [../FP32-Model/batchnorm.cpp:116->../FP32-Model/mobilenet_v1.cpp:64]   --->   Operation 66 'br' 'br_ln116' <Predicate = true> <Delay = 0.00>

State 3 <SV = 2> <Delay = 2.77>
ST_3 : Operation 67 [1/2] ( I:2.77ns O:2.77ns )   --->   "%ofmap_dw2_load = load i8 %ofmap_dw2_addr" [../FP32-Model/batchnorm.cpp:119->../FP32-Model/mobilenet_v1.cpp:64]   --->   Operation 67 'load' 'ofmap_dw2_load' <Predicate = true> <Delay = 2.77> <CoreInst = "RAM">   --->   Core 81 'RAM' <Latency = 1> <II = 1> <Delay = 2.77> <Storage> <Opcode : 'load' 'store'> <Ports = 2> <Width = 32> <Depth = 256> <RAM>
ST_3 : Operation 68 [1/2] ( I:2.77ns O:2.77ns )   --->   "%ofmap_dw2_1_load = load i8 %ofmap_dw2_1_addr" [../FP32-Model/batchnorm.cpp:119->../FP32-Model/mobilenet_v1.cpp:64]   --->   Operation 68 'load' 'ofmap_dw2_1_load' <Predicate = true> <Delay = 2.77> <CoreInst = "RAM">   --->   Core 81 'RAM' <Latency = 1> <II = 1> <Delay = 2.77> <Storage> <Opcode : 'load' 'store'> <Ports = 2> <Width = 32> <Depth = 256> <RAM>
ST_3 : Operation 69 [1/2] ( I:2.77ns O:2.77ns )   --->   "%ofmap_dw2_2_load = load i8 %ofmap_dw2_2_addr" [../FP32-Model/batchnorm.cpp:119->../FP32-Model/mobilenet_v1.cpp:64]   --->   Operation 69 'load' 'ofmap_dw2_2_load' <Predicate = true> <Delay = 2.77> <CoreInst = "RAM">   --->   Core 81 'RAM' <Latency = 1> <II = 1> <Delay = 2.77> <Storage> <Opcode : 'load' 'store'> <Ports = 2> <Width = 32> <Depth = 256> <RAM>
ST_3 : Operation 70 [1/2] ( I:2.77ns O:2.77ns )   --->   "%ofmap_dw2_3_load = load i8 %ofmap_dw2_3_addr" [../FP32-Model/batchnorm.cpp:119->../FP32-Model/mobilenet_v1.cpp:64]   --->   Operation 70 'load' 'ofmap_dw2_3_load' <Predicate = true> <Delay = 2.77> <CoreInst = "RAM">   --->   Core 81 'RAM' <Latency = 1> <II = 1> <Delay = 2.77> <Storage> <Opcode : 'load' 'store'> <Ports = 2> <Width = 32> <Depth = 256> <RAM>

State 4 <SV = 3> <Delay = 7.26>
ST_4 : Operation 71 [1/1] (2.53ns)   --->   "%tmp_97 = sparsemux i32 @_ssdm_op_SparseMux.ap_auto.64float.float.i6, i6 0, i32 0.900075, i6 1, i32 0.611223, i6 2, i32 2.48483, i6 3, i32 1.48868, i6 4, i32 0.864516, i6 5, i32 1.5059, i6 6, i32 0.900642, i6 7, i32 0.925016, i6 8, i32 1.03505, i6 9, i32 2.9297, i6 10, i32 1.66896, i6 11, i32 1.54583, i6 12, i32 1.4382, i6 13, i32 1.42458, i6 14, i32 1.70121, i6 15, i32 0.72486, i6 16, i32 1.45572, i6 17, i32 2.65473, i6 18, i32 1.51339, i6 19, i32 1.55195, i6 20, i32 0.813698, i6 21, i32 0.923348, i6 22, i32 1.7153, i6 23, i32 2.96175, i6 24, i32 1.48019, i6 25, i32 1.04976, i6 26, i32 0.608704, i6 27, i32 1.09728, i6 28, i32 1.31259, i6 29, i32 1.08352, i6 30, i32 0.661969, i6 31, i32 1.79617, i6 32, i32 0.990913, i6 33, i32 3.1189, i6 34, i32 0.874043, i6 35, i32 1.27795, i6 36, i32 0.939695, i6 37, i32 1.04053, i6 38, i32 4.81775, i6 39, i32 1.67853, i6 40, i32 1.60691, i6 41, i32 1.12964, i6 42, i32 0.638214, i6 43, i32 0.862281, i6 44, i32 0.728137, i6 45, i32 0.941487, i6 46, i32 3.22342, i6 47, i32 1.29376, i6 48, i32 1.5365, i6 49, i32 1.30357, i6 50, i32 0.940111, i6 51, i32 1.78838, i6 52, i32 1.51359, i6 53, i32 0.859846, i6 54, i32 2.99231, i6 55, i32 1.3987, i6 56, i32 1.04657, i6 57, i32 2.28127, i6 58, i32 2.10113, i6 59, i32 1.55491, i6 60, i32 0.780621, i6 61, i32 1.28343, i6 62, i32 1.31012, i6 63, i32 3.11152, i32 <undef>, i6 %trunc_ln119" [../FP32-Model/batchnorm.cpp:119->../FP32-Model/mobilenet_v1.cpp:64]   --->   Operation 71 'sparsemux' 'tmp_97' <Predicate = true> <Delay = 2.53> <CoreInst = "BinarySparseMux_DontCare">   --->   Core 137 'BinarySparseMux_DontCare' <Latency = 0> <II = 1> <Delay = 2.53> <FuncUnit> <Opcode : 'sparsemux'> <InPorts = 2> <OutPorts = 1>
ST_4 : Operation 72 [4/4] (4.72ns)   --->   "%mul_i3 = fmul i32 %ofmap_dw2_load, i32 %tmp_97" [../FP32-Model/batchnorm.cpp:119->../FP32-Model/mobilenet_v1.cpp:64]   --->   Operation 72 'fmul' 'mul_i3' <Predicate = true> <Delay = 4.72> <CoreInst = "FMul_maxdsp">   --->   Core 30 'FMul_maxdsp' <Latency = 3> <II = 1> <Delay = 4.72> <FuncUnit> <Opcode : 'fmul'> <InPorts = 2> <OutPorts = 1>
ST_4 : Operation 73 [4/4] (4.72ns)   --->   "%mul_1_i2 = fmul i32 %ofmap_dw2_1_load, i32 %tmp_97" [../FP32-Model/batchnorm.cpp:119->../FP32-Model/mobilenet_v1.cpp:64]   --->   Operation 73 'fmul' 'mul_1_i2' <Predicate = true> <Delay = 4.72> <CoreInst = "FMul_maxdsp">   --->   Core 30 'FMul_maxdsp' <Latency = 3> <II = 1> <Delay = 4.72> <FuncUnit> <Opcode : 'fmul'> <InPorts = 2> <OutPorts = 1>
ST_4 : Operation 74 [4/4] (4.72ns)   --->   "%mul_2_i2 = fmul i32 %ofmap_dw2_2_load, i32 %tmp_97" [../FP32-Model/batchnorm.cpp:119->../FP32-Model/mobilenet_v1.cpp:64]   --->   Operation 74 'fmul' 'mul_2_i2' <Predicate = true> <Delay = 4.72> <CoreInst = "FMul_maxdsp">   --->   Core 30 'FMul_maxdsp' <Latency = 3> <II = 1> <Delay = 4.72> <FuncUnit> <Opcode : 'fmul'> <InPorts = 2> <OutPorts = 1>
ST_4 : Operation 75 [4/4] (4.72ns)   --->   "%mul_3_i2 = fmul i32 %ofmap_dw2_3_load, i32 %tmp_97" [../FP32-Model/batchnorm.cpp:119->../FP32-Model/mobilenet_v1.cpp:64]   --->   Operation 75 'fmul' 'mul_3_i2' <Predicate = true> <Delay = 4.72> <CoreInst = "FMul_maxdsp">   --->   Core 30 'FMul_maxdsp' <Latency = 3> <II = 1> <Delay = 4.72> <FuncUnit> <Opcode : 'fmul'> <InPorts = 2> <OutPorts = 1>

State 5 <SV = 4> <Delay = 4.72>
ST_5 : Operation 76 [3/4] (4.72ns)   --->   "%mul_i3 = fmul i32 %ofmap_dw2_load, i32 %tmp_97" [../FP32-Model/batchnorm.cpp:119->../FP32-Model/mobilenet_v1.cpp:64]   --->   Operation 76 'fmul' 'mul_i3' <Predicate = true> <Delay = 4.72> <CoreInst = "FMul_maxdsp">   --->   Core 30 'FMul_maxdsp' <Latency = 3> <II = 1> <Delay = 4.72> <FuncUnit> <Opcode : 'fmul'> <InPorts = 2> <OutPorts = 1>
ST_5 : Operation 77 [3/4] (4.72ns)   --->   "%mul_1_i2 = fmul i32 %ofmap_dw2_1_load, i32 %tmp_97" [../FP32-Model/batchnorm.cpp:119->../FP32-Model/mobilenet_v1.cpp:64]   --->   Operation 77 'fmul' 'mul_1_i2' <Predicate = true> <Delay = 4.72> <CoreInst = "FMul_maxdsp">   --->   Core 30 'FMul_maxdsp' <Latency = 3> <II = 1> <Delay = 4.72> <FuncUnit> <Opcode : 'fmul'> <InPorts = 2> <OutPorts = 1>
ST_5 : Operation 78 [3/4] (4.72ns)   --->   "%mul_2_i2 = fmul i32 %ofmap_dw2_2_load, i32 %tmp_97" [../FP32-Model/batchnorm.cpp:119->../FP32-Model/mobilenet_v1.cpp:64]   --->   Operation 78 'fmul' 'mul_2_i2' <Predicate = true> <Delay = 4.72> <CoreInst = "FMul_maxdsp">   --->   Core 30 'FMul_maxdsp' <Latency = 3> <II = 1> <Delay = 4.72> <FuncUnit> <Opcode : 'fmul'> <InPorts = 2> <OutPorts = 1>
ST_5 : Operation 79 [3/4] (4.72ns)   --->   "%mul_3_i2 = fmul i32 %ofmap_dw2_3_load, i32 %tmp_97" [../FP32-Model/batchnorm.cpp:119->../FP32-Model/mobilenet_v1.cpp:64]   --->   Operation 79 'fmul' 'mul_3_i2' <Predicate = true> <Delay = 4.72> <CoreInst = "FMul_maxdsp">   --->   Core 30 'FMul_maxdsp' <Latency = 3> <II = 1> <Delay = 4.72> <FuncUnit> <Opcode : 'fmul'> <InPorts = 2> <OutPorts = 1>

State 6 <SV = 5> <Delay = 4.72>
ST_6 : Operation 80 [2/4] (4.72ns)   --->   "%mul_i3 = fmul i32 %ofmap_dw2_load, i32 %tmp_97" [../FP32-Model/batchnorm.cpp:119->../FP32-Model/mobilenet_v1.cpp:64]   --->   Operation 80 'fmul' 'mul_i3' <Predicate = true> <Delay = 4.72> <CoreInst = "FMul_maxdsp">   --->   Core 30 'FMul_maxdsp' <Latency = 3> <II = 1> <Delay = 4.72> <FuncUnit> <Opcode : 'fmul'> <InPorts = 2> <OutPorts = 1>
ST_6 : Operation 81 [2/4] (4.72ns)   --->   "%mul_1_i2 = fmul i32 %ofmap_dw2_1_load, i32 %tmp_97" [../FP32-Model/batchnorm.cpp:119->../FP32-Model/mobilenet_v1.cpp:64]   --->   Operation 81 'fmul' 'mul_1_i2' <Predicate = true> <Delay = 4.72> <CoreInst = "FMul_maxdsp">   --->   Core 30 'FMul_maxdsp' <Latency = 3> <II = 1> <Delay = 4.72> <FuncUnit> <Opcode : 'fmul'> <InPorts = 2> <OutPorts = 1>
ST_6 : Operation 82 [2/4] (4.72ns)   --->   "%mul_2_i2 = fmul i32 %ofmap_dw2_2_load, i32 %tmp_97" [../FP32-Model/batchnorm.cpp:119->../FP32-Model/mobilenet_v1.cpp:64]   --->   Operation 82 'fmul' 'mul_2_i2' <Predicate = true> <Delay = 4.72> <CoreInst = "FMul_maxdsp">   --->   Core 30 'FMul_maxdsp' <Latency = 3> <II = 1> <Delay = 4.72> <FuncUnit> <Opcode : 'fmul'> <InPorts = 2> <OutPorts = 1>
ST_6 : Operation 83 [2/4] (4.72ns)   --->   "%mul_3_i2 = fmul i32 %ofmap_dw2_3_load, i32 %tmp_97" [../FP32-Model/batchnorm.cpp:119->../FP32-Model/mobilenet_v1.cpp:64]   --->   Operation 83 'fmul' 'mul_3_i2' <Predicate = true> <Delay = 4.72> <CoreInst = "FMul_maxdsp">   --->   Core 30 'FMul_maxdsp' <Latency = 3> <II = 1> <Delay = 4.72> <FuncUnit> <Opcode : 'fmul'> <InPorts = 2> <OutPorts = 1>

State 7 <SV = 6> <Delay = 4.72>
ST_7 : Operation 84 [1/1] (2.53ns)   --->   "%tmp_98 = sparsemux i32 @_ssdm_op_SparseMux.ap_auto.64float.float.i6, i6 0, i32 -0.183286, i6 1, i32 -0.283042, i6 2, i32 -0.0214641, i6 3, i32 0.170134, i6 4, i32 -0.0184561, i6 5, i32 1.16356, i6 6, i32 0.0781224, i6 7, i32 -0.0675816, i6 8, i32 1.66604, i6 9, i32 -0.13015, i6 10, i32 -0.267019, i6 11, i32 1.94671, i6 12, i32 -1.23673, i6 13, i32 0.622748, i6 14, i32 -0.257905, i6 15, i32 -0.0559989, i6 16, i32 1.38066, i6 17, i32 -0.157213, i6 18, i32 0.582302, i6 19, i32 1.51079, i6 20, i32 -0.0207383, i6 21, i32 -0.0344087, i6 22, i32 0.280272, i6 23, i32 -0.240562, i6 24, i32 -0.0445169, i6 25, i32 -0.177525, i6 26, i32 -0.0163965, i6 27, i32 2.30967, i6 28, i32 1.3701, i6 29, i32 -0.0592675, i6 30, i32 0.0169368, i6 31, i32 0.0306401, i6 32, i32 1.56626, i6 33, i32 0.334526, i6 34, i32 1.4695, i6 35, i32 0.15309, i6 36, i32 -0.244719, i6 37, i32 0.205301, i6 38, i32 -0.474006, i6 39, i32 -0.41885, i6 40, i32 -0.0385196, i6 41, i32 1.91853, i6 42, i32 -0.503042, i6 43, i32 1.63915, i6 44, i32 -0.072441, i6 45, i32 -0.505408, i6 46, i32 -0.234708, i6 47, i32 1.54802, i6 48, i32 0.302757, i6 49, i32 -0.80337, i6 50, i32 1.58475, i6 51, i32 -0.128643, i6 52, i32 -0.0933153, i6 53, i32 2.986e-05, i6 54, i32 -0.805332, i6 55, i32 2.17506, i6 56, i32 -0.47758, i6 57, i32 2.81021, i6 58, i32 -0.00695559, i6 59, i32 -0.222688, i6 60, i32 1.32209, i6 61, i32 -0.386497, i6 62, i32 0.0254263, i6 63, i32 -0.293001, i32 <undef>, i6 %trunc_ln119" [../FP32-Model/batchnorm.cpp:119->../FP32-Model/mobilenet_v1.cpp:64]   --->   Operation 84 'sparsemux' 'tmp_98' <Predicate = true> <Delay = 2.53> <CoreInst = "BinarySparseMux_DontCare">   --->   Core 137 'BinarySparseMux_DontCare' <Latency = 0> <II = 1> <Delay = 2.53> <FuncUnit> <Opcode : 'sparsemux'> <InPorts = 2> <OutPorts = 1>
ST_7 : Operation 85 [1/4] (4.72ns)   --->   "%mul_i3 = fmul i32 %ofmap_dw2_load, i32 %tmp_97" [../FP32-Model/batchnorm.cpp:119->../FP32-Model/mobilenet_v1.cpp:64]   --->   Operation 85 'fmul' 'mul_i3' <Predicate = true> <Delay = 4.72> <CoreInst = "FMul_maxdsp">   --->   Core 30 'FMul_maxdsp' <Latency = 3> <II = 1> <Delay = 4.72> <FuncUnit> <Opcode : 'fmul'> <InPorts = 2> <OutPorts = 1>
ST_7 : Operation 86 [1/4] (4.72ns)   --->   "%mul_1_i2 = fmul i32 %ofmap_dw2_1_load, i32 %tmp_97" [../FP32-Model/batchnorm.cpp:119->../FP32-Model/mobilenet_v1.cpp:64]   --->   Operation 86 'fmul' 'mul_1_i2' <Predicate = true> <Delay = 4.72> <CoreInst = "FMul_maxdsp">   --->   Core 30 'FMul_maxdsp' <Latency = 3> <II = 1> <Delay = 4.72> <FuncUnit> <Opcode : 'fmul'> <InPorts = 2> <OutPorts = 1>
ST_7 : Operation 87 [1/4] (4.72ns)   --->   "%mul_2_i2 = fmul i32 %ofmap_dw2_2_load, i32 %tmp_97" [../FP32-Model/batchnorm.cpp:119->../FP32-Model/mobilenet_v1.cpp:64]   --->   Operation 87 'fmul' 'mul_2_i2' <Predicate = true> <Delay = 4.72> <CoreInst = "FMul_maxdsp">   --->   Core 30 'FMul_maxdsp' <Latency = 3> <II = 1> <Delay = 4.72> <FuncUnit> <Opcode : 'fmul'> <InPorts = 2> <OutPorts = 1>
ST_7 : Operation 88 [1/4] (4.72ns)   --->   "%mul_3_i2 = fmul i32 %ofmap_dw2_3_load, i32 %tmp_97" [../FP32-Model/batchnorm.cpp:119->../FP32-Model/mobilenet_v1.cpp:64]   --->   Operation 88 'fmul' 'mul_3_i2' <Predicate = true> <Delay = 4.72> <CoreInst = "FMul_maxdsp">   --->   Core 30 'FMul_maxdsp' <Latency = 3> <II = 1> <Delay = 4.72> <FuncUnit> <Opcode : 'fmul'> <InPorts = 2> <OutPorts = 1>

State 8 <SV = 7> <Delay = 6.32>
ST_8 : Operation 89 [5/5] (6.32ns)   --->   "%x_assign_s = fadd i32 %mul_i3, i32 %tmp_98" [../FP32-Model/batchnorm.cpp:119->../FP32-Model/mobilenet_v1.cpp:64]   --->   Operation 89 'fadd' 'x_assign_s' <Predicate = true> <Delay = 6.32> <CoreInst = "FAddSub_fulldsp">   --->   Core 18 'FAddSub_fulldsp' <Latency = 4> <II = 1> <Delay = 6.32> <FuncUnit> <Opcode : 'fadd' 'fsub'> <InPorts = 2> <OutPorts = 1>
ST_8 : Operation 90 [5/5] (6.32ns)   --->   "%x_assign_13 = fadd i32 %mul_1_i2, i32 %tmp_98" [../FP32-Model/batchnorm.cpp:119->../FP32-Model/mobilenet_v1.cpp:64]   --->   Operation 90 'fadd' 'x_assign_13' <Predicate = true> <Delay = 6.32> <CoreInst = "FAddSub_fulldsp">   --->   Core 18 'FAddSub_fulldsp' <Latency = 4> <II = 1> <Delay = 6.32> <FuncUnit> <Opcode : 'fadd' 'fsub'> <InPorts = 2> <OutPorts = 1>
ST_8 : Operation 91 [5/5] (6.32ns)   --->   "%x_assign_14 = fadd i32 %mul_2_i2, i32 %tmp_98" [../FP32-Model/batchnorm.cpp:119->../FP32-Model/mobilenet_v1.cpp:64]   --->   Operation 91 'fadd' 'x_assign_14' <Predicate = true> <Delay = 6.32> <CoreInst = "FAddSub_fulldsp">   --->   Core 18 'FAddSub_fulldsp' <Latency = 4> <II = 1> <Delay = 6.32> <FuncUnit> <Opcode : 'fadd' 'fsub'> <InPorts = 2> <OutPorts = 1>
ST_8 : Operation 92 [5/5] (6.32ns)   --->   "%x_assign_15 = fadd i32 %mul_3_i2, i32 %tmp_98" [../FP32-Model/batchnorm.cpp:119->../FP32-Model/mobilenet_v1.cpp:64]   --->   Operation 92 'fadd' 'x_assign_15' <Predicate = true> <Delay = 6.32> <CoreInst = "FAddSub_fulldsp">   --->   Core 18 'FAddSub_fulldsp' <Latency = 4> <II = 1> <Delay = 6.32> <FuncUnit> <Opcode : 'fadd' 'fsub'> <InPorts = 2> <OutPorts = 1>

State 9 <SV = 8> <Delay = 6.32>
ST_9 : Operation 93 [4/5] (6.32ns)   --->   "%x_assign_s = fadd i32 %mul_i3, i32 %tmp_98" [../FP32-Model/batchnorm.cpp:119->../FP32-Model/mobilenet_v1.cpp:64]   --->   Operation 93 'fadd' 'x_assign_s' <Predicate = true> <Delay = 6.32> <CoreInst = "FAddSub_fulldsp">   --->   Core 18 'FAddSub_fulldsp' <Latency = 4> <II = 1> <Delay = 6.32> <FuncUnit> <Opcode : 'fadd' 'fsub'> <InPorts = 2> <OutPorts = 1>
ST_9 : Operation 94 [4/5] (6.32ns)   --->   "%x_assign_13 = fadd i32 %mul_1_i2, i32 %tmp_98" [../FP32-Model/batchnorm.cpp:119->../FP32-Model/mobilenet_v1.cpp:64]   --->   Operation 94 'fadd' 'x_assign_13' <Predicate = true> <Delay = 6.32> <CoreInst = "FAddSub_fulldsp">   --->   Core 18 'FAddSub_fulldsp' <Latency = 4> <II = 1> <Delay = 6.32> <FuncUnit> <Opcode : 'fadd' 'fsub'> <InPorts = 2> <OutPorts = 1>
ST_9 : Operation 95 [4/5] (6.32ns)   --->   "%x_assign_14 = fadd i32 %mul_2_i2, i32 %tmp_98" [../FP32-Model/batchnorm.cpp:119->../FP32-Model/mobilenet_v1.cpp:64]   --->   Operation 95 'fadd' 'x_assign_14' <Predicate = true> <Delay = 6.32> <CoreInst = "FAddSub_fulldsp">   --->   Core 18 'FAddSub_fulldsp' <Latency = 4> <II = 1> <Delay = 6.32> <FuncUnit> <Opcode : 'fadd' 'fsub'> <InPorts = 2> <OutPorts = 1>
ST_9 : Operation 96 [4/5] (6.32ns)   --->   "%x_assign_15 = fadd i32 %mul_3_i2, i32 %tmp_98" [../FP32-Model/batchnorm.cpp:119->../FP32-Model/mobilenet_v1.cpp:64]   --->   Operation 96 'fadd' 'x_assign_15' <Predicate = true> <Delay = 6.32> <CoreInst = "FAddSub_fulldsp">   --->   Core 18 'FAddSub_fulldsp' <Latency = 4> <II = 1> <Delay = 6.32> <FuncUnit> <Opcode : 'fadd' 'fsub'> <InPorts = 2> <OutPorts = 1>

State 10 <SV = 9> <Delay = 6.32>
ST_10 : Operation 97 [3/5] (6.32ns)   --->   "%x_assign_s = fadd i32 %mul_i3, i32 %tmp_98" [../FP32-Model/batchnorm.cpp:119->../FP32-Model/mobilenet_v1.cpp:64]   --->   Operation 97 'fadd' 'x_assign_s' <Predicate = true> <Delay = 6.32> <CoreInst = "FAddSub_fulldsp">   --->   Core 18 'FAddSub_fulldsp' <Latency = 4> <II = 1> <Delay = 6.32> <FuncUnit> <Opcode : 'fadd' 'fsub'> <InPorts = 2> <OutPorts = 1>
ST_10 : Operation 98 [3/5] (6.32ns)   --->   "%x_assign_13 = fadd i32 %mul_1_i2, i32 %tmp_98" [../FP32-Model/batchnorm.cpp:119->../FP32-Model/mobilenet_v1.cpp:64]   --->   Operation 98 'fadd' 'x_assign_13' <Predicate = true> <Delay = 6.32> <CoreInst = "FAddSub_fulldsp">   --->   Core 18 'FAddSub_fulldsp' <Latency = 4> <II = 1> <Delay = 6.32> <FuncUnit> <Opcode : 'fadd' 'fsub'> <InPorts = 2> <OutPorts = 1>
ST_10 : Operation 99 [3/5] (6.32ns)   --->   "%x_assign_14 = fadd i32 %mul_2_i2, i32 %tmp_98" [../FP32-Model/batchnorm.cpp:119->../FP32-Model/mobilenet_v1.cpp:64]   --->   Operation 99 'fadd' 'x_assign_14' <Predicate = true> <Delay = 6.32> <CoreInst = "FAddSub_fulldsp">   --->   Core 18 'FAddSub_fulldsp' <Latency = 4> <II = 1> <Delay = 6.32> <FuncUnit> <Opcode : 'fadd' 'fsub'> <InPorts = 2> <OutPorts = 1>
ST_10 : Operation 100 [3/5] (6.32ns)   --->   "%x_assign_15 = fadd i32 %mul_3_i2, i32 %tmp_98" [../FP32-Model/batchnorm.cpp:119->../FP32-Model/mobilenet_v1.cpp:64]   --->   Operation 100 'fadd' 'x_assign_15' <Predicate = true> <Delay = 6.32> <CoreInst = "FAddSub_fulldsp">   --->   Core 18 'FAddSub_fulldsp' <Latency = 4> <II = 1> <Delay = 6.32> <FuncUnit> <Opcode : 'fadd' 'fsub'> <InPorts = 2> <OutPorts = 1>

State 11 <SV = 10> <Delay = 6.32>
ST_11 : Operation 101 [2/5] (6.32ns)   --->   "%x_assign_s = fadd i32 %mul_i3, i32 %tmp_98" [../FP32-Model/batchnorm.cpp:119->../FP32-Model/mobilenet_v1.cpp:64]   --->   Operation 101 'fadd' 'x_assign_s' <Predicate = true> <Delay = 6.32> <CoreInst = "FAddSub_fulldsp">   --->   Core 18 'FAddSub_fulldsp' <Latency = 4> <II = 1> <Delay = 6.32> <FuncUnit> <Opcode : 'fadd' 'fsub'> <InPorts = 2> <OutPorts = 1>
ST_11 : Operation 102 [2/5] (6.32ns)   --->   "%x_assign_13 = fadd i32 %mul_1_i2, i32 %tmp_98" [../FP32-Model/batchnorm.cpp:119->../FP32-Model/mobilenet_v1.cpp:64]   --->   Operation 102 'fadd' 'x_assign_13' <Predicate = true> <Delay = 6.32> <CoreInst = "FAddSub_fulldsp">   --->   Core 18 'FAddSub_fulldsp' <Latency = 4> <II = 1> <Delay = 6.32> <FuncUnit> <Opcode : 'fadd' 'fsub'> <InPorts = 2> <OutPorts = 1>
ST_11 : Operation 103 [2/5] (6.32ns)   --->   "%x_assign_14 = fadd i32 %mul_2_i2, i32 %tmp_98" [../FP32-Model/batchnorm.cpp:119->../FP32-Model/mobilenet_v1.cpp:64]   --->   Operation 103 'fadd' 'x_assign_14' <Predicate = true> <Delay = 6.32> <CoreInst = "FAddSub_fulldsp">   --->   Core 18 'FAddSub_fulldsp' <Latency = 4> <II = 1> <Delay = 6.32> <FuncUnit> <Opcode : 'fadd' 'fsub'> <InPorts = 2> <OutPorts = 1>
ST_11 : Operation 104 [2/5] (6.32ns)   --->   "%x_assign_15 = fadd i32 %mul_3_i2, i32 %tmp_98" [../FP32-Model/batchnorm.cpp:119->../FP32-Model/mobilenet_v1.cpp:64]   --->   Operation 104 'fadd' 'x_assign_15' <Predicate = true> <Delay = 6.32> <CoreInst = "FAddSub_fulldsp">   --->   Core 18 'FAddSub_fulldsp' <Latency = 4> <II = 1> <Delay = 6.32> <FuncUnit> <Opcode : 'fadd' 'fsub'> <InPorts = 2> <OutPorts = 1>

State 12 <SV = 11> <Delay = 6.32>
ST_12 : Operation 105 [1/5] (6.32ns)   --->   "%x_assign_s = fadd i32 %mul_i3, i32 %tmp_98" [../FP32-Model/batchnorm.cpp:119->../FP32-Model/mobilenet_v1.cpp:64]   --->   Operation 105 'fadd' 'x_assign_s' <Predicate = true> <Delay = 6.32> <CoreInst = "FAddSub_fulldsp">   --->   Core 18 'FAddSub_fulldsp' <Latency = 4> <II = 1> <Delay = 6.32> <FuncUnit> <Opcode : 'fadd' 'fsub'> <InPorts = 2> <OutPorts = 1>
ST_12 : Operation 106 [1/5] (6.32ns)   --->   "%x_assign_13 = fadd i32 %mul_1_i2, i32 %tmp_98" [../FP32-Model/batchnorm.cpp:119->../FP32-Model/mobilenet_v1.cpp:64]   --->   Operation 106 'fadd' 'x_assign_13' <Predicate = true> <Delay = 6.32> <CoreInst = "FAddSub_fulldsp">   --->   Core 18 'FAddSub_fulldsp' <Latency = 4> <II = 1> <Delay = 6.32> <FuncUnit> <Opcode : 'fadd' 'fsub'> <InPorts = 2> <OutPorts = 1>
ST_12 : Operation 107 [1/5] (6.32ns)   --->   "%x_assign_14 = fadd i32 %mul_2_i2, i32 %tmp_98" [../FP32-Model/batchnorm.cpp:119->../FP32-Model/mobilenet_v1.cpp:64]   --->   Operation 107 'fadd' 'x_assign_14' <Predicate = true> <Delay = 6.32> <CoreInst = "FAddSub_fulldsp">   --->   Core 18 'FAddSub_fulldsp' <Latency = 4> <II = 1> <Delay = 6.32> <FuncUnit> <Opcode : 'fadd' 'fsub'> <InPorts = 2> <OutPorts = 1>
ST_12 : Operation 108 [1/5] (6.32ns)   --->   "%x_assign_15 = fadd i32 %mul_3_i2, i32 %tmp_98" [../FP32-Model/batchnorm.cpp:119->../FP32-Model/mobilenet_v1.cpp:64]   --->   Operation 108 'fadd' 'x_assign_15' <Predicate = true> <Delay = 6.32> <CoreInst = "FAddSub_fulldsp">   --->   Core 18 'FAddSub_fulldsp' <Latency = 4> <II = 1> <Delay = 6.32> <FuncUnit> <Opcode : 'fadd' 'fsub'> <InPorts = 2> <OutPorts = 1>

State 13 <SV = 12> <Delay = 4.19>
ST_13 : Operation 109 [2/2] (4.19ns)   --->   "%tmp_36 = fcmp_ogt  i32 %x_assign_s, i32 0" [../FP32-Model/batchnorm.cpp:4->../FP32-Model/batchnorm.cpp:119->../FP32-Model/mobilenet_v1.cpp:64]   --->   Operation 109 'fcmp' 'tmp_36' <Predicate = true> <Delay = 4.19> <CoreInst = "FCompare">   --->   Core 19 'FCompare' <Latency = 1> <II = 1> <Delay = 4.19> <FuncUnit> <Opcode : 'fcmp'> <InPorts = 2> <OutPorts = 1>
ST_13 : Operation 110 [2/2] (4.19ns)   --->   "%tmp_38 = fcmp_ogt  i32 %x_assign_13, i32 0" [../FP32-Model/batchnorm.cpp:4->../FP32-Model/batchnorm.cpp:119->../FP32-Model/mobilenet_v1.cpp:64]   --->   Operation 110 'fcmp' 'tmp_38' <Predicate = true> <Delay = 4.19> <CoreInst = "FCompare">   --->   Core 19 'FCompare' <Latency = 1> <II = 1> <Delay = 4.19> <FuncUnit> <Opcode : 'fcmp'> <InPorts = 2> <OutPorts = 1>
ST_13 : Operation 111 [2/2] (4.19ns)   --->   "%tmp_40 = fcmp_ogt  i32 %x_assign_14, i32 0" [../FP32-Model/batchnorm.cpp:4->../FP32-Model/batchnorm.cpp:119->../FP32-Model/mobilenet_v1.cpp:64]   --->   Operation 111 'fcmp' 'tmp_40' <Predicate = true> <Delay = 4.19> <CoreInst = "FCompare">   --->   Core 19 'FCompare' <Latency = 1> <II = 1> <Delay = 4.19> <FuncUnit> <Opcode : 'fcmp'> <InPorts = 2> <OutPorts = 1>
ST_13 : Operation 112 [2/2] (4.19ns)   --->   "%tmp_42 = fcmp_ogt  i32 %x_assign_15, i32 0" [../FP32-Model/batchnorm.cpp:4->../FP32-Model/batchnorm.cpp:119->../FP32-Model/mobilenet_v1.cpp:64]   --->   Operation 112 'fcmp' 'tmp_42' <Predicate = true> <Delay = 4.19> <CoreInst = "FCompare">   --->   Core 19 'FCompare' <Latency = 1> <II = 1> <Delay = 4.19> <FuncUnit> <Opcode : 'fcmp'> <InPorts = 2> <OutPorts = 1>

State 14 <SV = 13> <Delay = 4.99>
ST_14 : Operation 113 [1/1] (0.00ns)   --->   "%bitcast_ln4 = bitcast i32 %x_assign_s" [../FP32-Model/batchnorm.cpp:4->../FP32-Model/batchnorm.cpp:119->../FP32-Model/mobilenet_v1.cpp:64]   --->   Operation 113 'bitcast' 'bitcast_ln4' <Predicate = true> <Delay = 0.00>
ST_14 : Operation 114 [1/1] (0.00ns)   --->   "%tmp_35 = partselect i8 @_ssdm_op_PartSelect.i8.i32.i32.i32, i32 %bitcast_ln4, i32 23, i32 30" [../FP32-Model/batchnorm.cpp:4->../FP32-Model/batchnorm.cpp:119->../FP32-Model/mobilenet_v1.cpp:64]   --->   Operation 114 'partselect' 'tmp_35' <Predicate = true> <Delay = 0.00>
ST_14 : Operation 115 [1/1] (0.00ns)   --->   "%trunc_ln4 = trunc i32 %bitcast_ln4" [../FP32-Model/batchnorm.cpp:4->../FP32-Model/batchnorm.cpp:119->../FP32-Model/mobilenet_v1.cpp:64]   --->   Operation 115 'trunc' 'trunc_ln4' <Predicate = true> <Delay = 0.00>
ST_14 : Operation 116 [1/1] (1.30ns)   --->   "%icmp_ln4 = icmp_ne  i8 %tmp_35, i8 255" [../FP32-Model/batchnorm.cpp:4->../FP32-Model/batchnorm.cpp:119->../FP32-Model/mobilenet_v1.cpp:64]   --->   Operation 116 'icmp' 'icmp_ln4' <Predicate = true> <Delay = 1.30> <CoreInst = "Cmp">   --->   Core 9 'Cmp' <Latency = 0> <II = 1> <Delay = 1.30> <FuncUnit> <Opcode : 'seteq' 'setne' 'setle' 'setge' 'setlt' 'setgt'> <InPorts = 2> <OutPorts = 1>
ST_14 : Operation 117 [1/1] (1.66ns)   --->   "%icmp_ln4_29 = icmp_eq  i23 %trunc_ln4, i23 0" [../FP32-Model/batchnorm.cpp:4->../FP32-Model/batchnorm.cpp:119->../FP32-Model/mobilenet_v1.cpp:64]   --->   Operation 117 'icmp' 'icmp_ln4_29' <Predicate = true> <Delay = 1.66> <CoreInst = "Cmp">   --->   Core 9 'Cmp' <Latency = 0> <II = 1> <Delay = 1.66> <FuncUnit> <Opcode : 'seteq' 'setne' 'setle' 'setge' 'setlt' 'setgt'> <InPorts = 2> <OutPorts = 1>
ST_14 : Operation 118 [1/1] (0.00ns) (grouped into LUT with out node select_ln4)   --->   "%or_ln4 = or i1 %icmp_ln4_29, i1 %icmp_ln4" [../FP32-Model/batchnorm.cpp:4->../FP32-Model/batchnorm.cpp:119->../FP32-Model/mobilenet_v1.cpp:64]   --->   Operation 118 'or' 'or_ln4' <Predicate = true> <Delay = 0.00> <CoreInst = "LogicGate">   --->   Core 74 'LogicGate' <Latency = 0> <II = 1> <Delay = 0.80> <FuncUnit> <Opcode : 'and' 'or' 'xor'> <InPorts = 2> <OutPorts = 1>
ST_14 : Operation 119 [1/2] (4.19ns)   --->   "%tmp_36 = fcmp_ogt  i32 %x_assign_s, i32 0" [../FP32-Model/batchnorm.cpp:4->../FP32-Model/batchnorm.cpp:119->../FP32-Model/mobilenet_v1.cpp:64]   --->   Operation 119 'fcmp' 'tmp_36' <Predicate = true> <Delay = 4.19> <CoreInst = "FCompare">   --->   Core 19 'FCompare' <Latency = 1> <II = 1> <Delay = 4.19> <FuncUnit> <Opcode : 'fcmp'> <InPorts = 2> <OutPorts = 1>
ST_14 : Operation 120 [1/1] (0.00ns) (grouped into LUT with out node select_ln4)   --->   "%and_ln4 = and i1 %or_ln4, i1 %tmp_36" [../FP32-Model/batchnorm.cpp:4->../FP32-Model/batchnorm.cpp:119->../FP32-Model/mobilenet_v1.cpp:64]   --->   Operation 120 'and' 'and_ln4' <Predicate = true> <Delay = 0.00> <CoreInst = "LogicGate">   --->   Core 74 'LogicGate' <Latency = 0> <II = 1> <Delay = 0.80> <FuncUnit> <Opcode : 'and' 'or' 'xor'> <InPorts = 2> <OutPorts = 1>
ST_14 : Operation 121 [1/1] (0.80ns) (out node of the LUT)   --->   "%select_ln4 = select i1 %and_ln4, i32 %x_assign_s, i32 0" [../FP32-Model/batchnorm.cpp:4->../FP32-Model/batchnorm.cpp:119->../FP32-Model/mobilenet_v1.cpp:64]   --->   Operation 121 'select' 'select_ln4' <Predicate = true> <Delay = 0.80> <CoreInst = "Sel">   --->   Core 73 'Sel' <Latency = 0> <II = 1> <Delay = 0.70> <FuncUnit> <Opcode : 'select'> <InPorts = 3> <OutPorts = 1>
ST_14 : Operation 122 [1/1] (0.00ns)   --->   "%bitcast_ln4_13 = bitcast i32 %x_assign_13" [../FP32-Model/batchnorm.cpp:4->../FP32-Model/batchnorm.cpp:119->../FP32-Model/mobilenet_v1.cpp:64]   --->   Operation 122 'bitcast' 'bitcast_ln4_13' <Predicate = true> <Delay = 0.00>
ST_14 : Operation 123 [1/1] (0.00ns)   --->   "%tmp_37 = partselect i8 @_ssdm_op_PartSelect.i8.i32.i32.i32, i32 %bitcast_ln4_13, i32 23, i32 30" [../FP32-Model/batchnorm.cpp:4->../FP32-Model/batchnorm.cpp:119->../FP32-Model/mobilenet_v1.cpp:64]   --->   Operation 123 'partselect' 'tmp_37' <Predicate = true> <Delay = 0.00>
ST_14 : Operation 124 [1/1] (0.00ns)   --->   "%trunc_ln4_13 = trunc i32 %bitcast_ln4_13" [../FP32-Model/batchnorm.cpp:4->../FP32-Model/batchnorm.cpp:119->../FP32-Model/mobilenet_v1.cpp:64]   --->   Operation 124 'trunc' 'trunc_ln4_13' <Predicate = true> <Delay = 0.00>
ST_14 : Operation 125 [1/1] (1.30ns)   --->   "%icmp_ln4_30 = icmp_ne  i8 %tmp_37, i8 255" [../FP32-Model/batchnorm.cpp:4->../FP32-Model/batchnorm.cpp:119->../FP32-Model/mobilenet_v1.cpp:64]   --->   Operation 125 'icmp' 'icmp_ln4_30' <Predicate = true> <Delay = 1.30> <CoreInst = "Cmp">   --->   Core 9 'Cmp' <Latency = 0> <II = 1> <Delay = 1.30> <FuncUnit> <Opcode : 'seteq' 'setne' 'setle' 'setge' 'setlt' 'setgt'> <InPorts = 2> <OutPorts = 1>
ST_14 : Operation 126 [1/1] (1.66ns)   --->   "%icmp_ln4_31 = icmp_eq  i23 %trunc_ln4_13, i23 0" [../FP32-Model/batchnorm.cpp:4->../FP32-Model/batchnorm.cpp:119->../FP32-Model/mobilenet_v1.cpp:64]   --->   Operation 126 'icmp' 'icmp_ln4_31' <Predicate = true> <Delay = 1.66> <CoreInst = "Cmp">   --->   Core 9 'Cmp' <Latency = 0> <II = 1> <Delay = 1.66> <FuncUnit> <Opcode : 'seteq' 'setne' 'setle' 'setge' 'setlt' 'setgt'> <InPorts = 2> <OutPorts = 1>
ST_14 : Operation 127 [1/1] (0.00ns) (grouped into LUT with out node select_ln4_13)   --->   "%or_ln4_13 = or i1 %icmp_ln4_31, i1 %icmp_ln4_30" [../FP32-Model/batchnorm.cpp:4->../FP32-Model/batchnorm.cpp:119->../FP32-Model/mobilenet_v1.cpp:64]   --->   Operation 127 'or' 'or_ln4_13' <Predicate = true> <Delay = 0.00> <CoreInst = "LogicGate">   --->   Core 74 'LogicGate' <Latency = 0> <II = 1> <Delay = 0.80> <FuncUnit> <Opcode : 'and' 'or' 'xor'> <InPorts = 2> <OutPorts = 1>
ST_14 : Operation 128 [1/2] (4.19ns)   --->   "%tmp_38 = fcmp_ogt  i32 %x_assign_13, i32 0" [../FP32-Model/batchnorm.cpp:4->../FP32-Model/batchnorm.cpp:119->../FP32-Model/mobilenet_v1.cpp:64]   --->   Operation 128 'fcmp' 'tmp_38' <Predicate = true> <Delay = 4.19> <CoreInst = "FCompare">   --->   Core 19 'FCompare' <Latency = 1> <II = 1> <Delay = 4.19> <FuncUnit> <Opcode : 'fcmp'> <InPorts = 2> <OutPorts = 1>
ST_14 : Operation 129 [1/1] (0.00ns) (grouped into LUT with out node select_ln4_13)   --->   "%and_ln4_13 = and i1 %or_ln4_13, i1 %tmp_38" [../FP32-Model/batchnorm.cpp:4->../FP32-Model/batchnorm.cpp:119->../FP32-Model/mobilenet_v1.cpp:64]   --->   Operation 129 'and' 'and_ln4_13' <Predicate = true> <Delay = 0.00> <CoreInst = "LogicGate">   --->   Core 74 'LogicGate' <Latency = 0> <II = 1> <Delay = 0.80> <FuncUnit> <Opcode : 'and' 'or' 'xor'> <InPorts = 2> <OutPorts = 1>
ST_14 : Operation 130 [1/1] (0.80ns) (out node of the LUT)   --->   "%select_ln4_13 = select i1 %and_ln4_13, i32 %x_assign_13, i32 0" [../FP32-Model/batchnorm.cpp:4->../FP32-Model/batchnorm.cpp:119->../FP32-Model/mobilenet_v1.cpp:64]   --->   Operation 130 'select' 'select_ln4_13' <Predicate = true> <Delay = 0.80> <CoreInst = "Sel">   --->   Core 73 'Sel' <Latency = 0> <II = 1> <Delay = 0.70> <FuncUnit> <Opcode : 'select'> <InPorts = 3> <OutPorts = 1>
ST_14 : Operation 131 [1/1] (0.00ns)   --->   "%bitcast_ln4_14 = bitcast i32 %x_assign_14" [../FP32-Model/batchnorm.cpp:4->../FP32-Model/batchnorm.cpp:119->../FP32-Model/mobilenet_v1.cpp:64]   --->   Operation 131 'bitcast' 'bitcast_ln4_14' <Predicate = true> <Delay = 0.00>
ST_14 : Operation 132 [1/1] (0.00ns)   --->   "%tmp_39 = partselect i8 @_ssdm_op_PartSelect.i8.i32.i32.i32, i32 %bitcast_ln4_14, i32 23, i32 30" [../FP32-Model/batchnorm.cpp:4->../FP32-Model/batchnorm.cpp:119->../FP32-Model/mobilenet_v1.cpp:64]   --->   Operation 132 'partselect' 'tmp_39' <Predicate = true> <Delay = 0.00>
ST_14 : Operation 133 [1/1] (0.00ns)   --->   "%trunc_ln4_14 = trunc i32 %bitcast_ln4_14" [../FP32-Model/batchnorm.cpp:4->../FP32-Model/batchnorm.cpp:119->../FP32-Model/mobilenet_v1.cpp:64]   --->   Operation 133 'trunc' 'trunc_ln4_14' <Predicate = true> <Delay = 0.00>
ST_14 : Operation 134 [1/1] (1.30ns)   --->   "%icmp_ln4_32 = icmp_ne  i8 %tmp_39, i8 255" [../FP32-Model/batchnorm.cpp:4->../FP32-Model/batchnorm.cpp:119->../FP32-Model/mobilenet_v1.cpp:64]   --->   Operation 134 'icmp' 'icmp_ln4_32' <Predicate = true> <Delay = 1.30> <CoreInst = "Cmp">   --->   Core 9 'Cmp' <Latency = 0> <II = 1> <Delay = 1.30> <FuncUnit> <Opcode : 'seteq' 'setne' 'setle' 'setge' 'setlt' 'setgt'> <InPorts = 2> <OutPorts = 1>
ST_14 : Operation 135 [1/1] (1.66ns)   --->   "%icmp_ln4_33 = icmp_eq  i23 %trunc_ln4_14, i23 0" [../FP32-Model/batchnorm.cpp:4->../FP32-Model/batchnorm.cpp:119->../FP32-Model/mobilenet_v1.cpp:64]   --->   Operation 135 'icmp' 'icmp_ln4_33' <Predicate = true> <Delay = 1.66> <CoreInst = "Cmp">   --->   Core 9 'Cmp' <Latency = 0> <II = 1> <Delay = 1.66> <FuncUnit> <Opcode : 'seteq' 'setne' 'setle' 'setge' 'setlt' 'setgt'> <InPorts = 2> <OutPorts = 1>
ST_14 : Operation 136 [1/1] (0.00ns) (grouped into LUT with out node select_ln4_14)   --->   "%or_ln4_14 = or i1 %icmp_ln4_33, i1 %icmp_ln4_32" [../FP32-Model/batchnorm.cpp:4->../FP32-Model/batchnorm.cpp:119->../FP32-Model/mobilenet_v1.cpp:64]   --->   Operation 136 'or' 'or_ln4_14' <Predicate = true> <Delay = 0.00> <CoreInst = "LogicGate">   --->   Core 74 'LogicGate' <Latency = 0> <II = 1> <Delay = 0.80> <FuncUnit> <Opcode : 'and' 'or' 'xor'> <InPorts = 2> <OutPorts = 1>
ST_14 : Operation 137 [1/2] (4.19ns)   --->   "%tmp_40 = fcmp_ogt  i32 %x_assign_14, i32 0" [../FP32-Model/batchnorm.cpp:4->../FP32-Model/batchnorm.cpp:119->../FP32-Model/mobilenet_v1.cpp:64]   --->   Operation 137 'fcmp' 'tmp_40' <Predicate = true> <Delay = 4.19> <CoreInst = "FCompare">   --->   Core 19 'FCompare' <Latency = 1> <II = 1> <Delay = 4.19> <FuncUnit> <Opcode : 'fcmp'> <InPorts = 2> <OutPorts = 1>
ST_14 : Operation 138 [1/1] (0.00ns) (grouped into LUT with out node select_ln4_14)   --->   "%and_ln4_14 = and i1 %or_ln4_14, i1 %tmp_40" [../FP32-Model/batchnorm.cpp:4->../FP32-Model/batchnorm.cpp:119->../FP32-Model/mobilenet_v1.cpp:64]   --->   Operation 138 'and' 'and_ln4_14' <Predicate = true> <Delay = 0.00> <CoreInst = "LogicGate">   --->   Core 74 'LogicGate' <Latency = 0> <II = 1> <Delay = 0.80> <FuncUnit> <Opcode : 'and' 'or' 'xor'> <InPorts = 2> <OutPorts = 1>
ST_14 : Operation 139 [1/1] (0.80ns) (out node of the LUT)   --->   "%select_ln4_14 = select i1 %and_ln4_14, i32 %x_assign_14, i32 0" [../FP32-Model/batchnorm.cpp:4->../FP32-Model/batchnorm.cpp:119->../FP32-Model/mobilenet_v1.cpp:64]   --->   Operation 139 'select' 'select_ln4_14' <Predicate = true> <Delay = 0.80> <CoreInst = "Sel">   --->   Core 73 'Sel' <Latency = 0> <II = 1> <Delay = 0.70> <FuncUnit> <Opcode : 'select'> <InPorts = 3> <OutPorts = 1>
ST_14 : Operation 140 [1/1] (0.00ns)   --->   "%bitcast_ln4_15 = bitcast i32 %x_assign_15" [../FP32-Model/batchnorm.cpp:4->../FP32-Model/batchnorm.cpp:119->../FP32-Model/mobilenet_v1.cpp:64]   --->   Operation 140 'bitcast' 'bitcast_ln4_15' <Predicate = true> <Delay = 0.00>
ST_14 : Operation 141 [1/1] (0.00ns)   --->   "%tmp_41 = partselect i8 @_ssdm_op_PartSelect.i8.i32.i32.i32, i32 %bitcast_ln4_15, i32 23, i32 30" [../FP32-Model/batchnorm.cpp:4->../FP32-Model/batchnorm.cpp:119->../FP32-Model/mobilenet_v1.cpp:64]   --->   Operation 141 'partselect' 'tmp_41' <Predicate = true> <Delay = 0.00>
ST_14 : Operation 142 [1/1] (0.00ns)   --->   "%trunc_ln4_15 = trunc i32 %bitcast_ln4_15" [../FP32-Model/batchnorm.cpp:4->../FP32-Model/batchnorm.cpp:119->../FP32-Model/mobilenet_v1.cpp:64]   --->   Operation 142 'trunc' 'trunc_ln4_15' <Predicate = true> <Delay = 0.00>
ST_14 : Operation 143 [1/1] (1.30ns)   --->   "%icmp_ln4_34 = icmp_ne  i8 %tmp_41, i8 255" [../FP32-Model/batchnorm.cpp:4->../FP32-Model/batchnorm.cpp:119->../FP32-Model/mobilenet_v1.cpp:64]   --->   Operation 143 'icmp' 'icmp_ln4_34' <Predicate = true> <Delay = 1.30> <CoreInst = "Cmp">   --->   Core 9 'Cmp' <Latency = 0> <II = 1> <Delay = 1.30> <FuncUnit> <Opcode : 'seteq' 'setne' 'setle' 'setge' 'setlt' 'setgt'> <InPorts = 2> <OutPorts = 1>
ST_14 : Operation 144 [1/1] (1.66ns)   --->   "%icmp_ln4_35 = icmp_eq  i23 %trunc_ln4_15, i23 0" [../FP32-Model/batchnorm.cpp:4->../FP32-Model/batchnorm.cpp:119->../FP32-Model/mobilenet_v1.cpp:64]   --->   Operation 144 'icmp' 'icmp_ln4_35' <Predicate = true> <Delay = 1.66> <CoreInst = "Cmp">   --->   Core 9 'Cmp' <Latency = 0> <II = 1> <Delay = 1.66> <FuncUnit> <Opcode : 'seteq' 'setne' 'setle' 'setge' 'setlt' 'setgt'> <InPorts = 2> <OutPorts = 1>
ST_14 : Operation 145 [1/1] (0.00ns) (grouped into LUT with out node select_ln4_15)   --->   "%or_ln4_15 = or i1 %icmp_ln4_35, i1 %icmp_ln4_34" [../FP32-Model/batchnorm.cpp:4->../FP32-Model/batchnorm.cpp:119->../FP32-Model/mobilenet_v1.cpp:64]   --->   Operation 145 'or' 'or_ln4_15' <Predicate = true> <Delay = 0.00> <CoreInst = "LogicGate">   --->   Core 74 'LogicGate' <Latency = 0> <II = 1> <Delay = 0.80> <FuncUnit> <Opcode : 'and' 'or' 'xor'> <InPorts = 2> <OutPorts = 1>
ST_14 : Operation 146 [1/2] (4.19ns)   --->   "%tmp_42 = fcmp_ogt  i32 %x_assign_15, i32 0" [../FP32-Model/batchnorm.cpp:4->../FP32-Model/batchnorm.cpp:119->../FP32-Model/mobilenet_v1.cpp:64]   --->   Operation 146 'fcmp' 'tmp_42' <Predicate = true> <Delay = 4.19> <CoreInst = "FCompare">   --->   Core 19 'FCompare' <Latency = 1> <II = 1> <Delay = 4.19> <FuncUnit> <Opcode : 'fcmp'> <InPorts = 2> <OutPorts = 1>
ST_14 : Operation 147 [1/1] (0.00ns) (grouped into LUT with out node select_ln4_15)   --->   "%and_ln4_15 = and i1 %or_ln4_15, i1 %tmp_42" [../FP32-Model/batchnorm.cpp:4->../FP32-Model/batchnorm.cpp:119->../FP32-Model/mobilenet_v1.cpp:64]   --->   Operation 147 'and' 'and_ln4_15' <Predicate = true> <Delay = 0.00> <CoreInst = "LogicGate">   --->   Core 74 'LogicGate' <Latency = 0> <II = 1> <Delay = 0.80> <FuncUnit> <Opcode : 'and' 'or' 'xor'> <InPorts = 2> <OutPorts = 1>
ST_14 : Operation 148 [1/1] (0.80ns) (out node of the LUT)   --->   "%select_ln4_15 = select i1 %and_ln4_15, i32 %x_assign_15, i32 0" [../FP32-Model/batchnorm.cpp:4->../FP32-Model/batchnorm.cpp:119->../FP32-Model/mobilenet_v1.cpp:64]   --->   Operation 148 'select' 'select_ln4_15' <Predicate = true> <Delay = 0.80> <CoreInst = "Sel">   --->   Core 73 'Sel' <Latency = 0> <II = 1> <Delay = 0.70> <FuncUnit> <Opcode : 'select'> <InPorts = 3> <OutPorts = 1>
ST_14 : Operation 171 [1/1] (1.29ns)   --->   "%ret_ln0 = ret"   --->   Operation 171 'ret' 'ret_ln0' <Predicate = (icmp_ln115)> <Delay = 1.29>

State 15 <SV = 14> <Delay = 2.77>
ST_15 : Operation 149 [1/1] (0.00ns)   --->   "%specloopname_ln0 = specloopname void @_ssdm_op_SpecLoopName, void @BN_DW2_C_BN_DW2_H_str"   --->   Operation 149 'specloopname' 'specloopname_ln0' <Predicate = true> <Delay = 0.00>
ST_15 : Operation 150 [1/1] (0.00ns)   --->   "%speclooptripcount_ln0 = speclooptripcount void @_ssdm_op_SpecLoopTripCount, i64 256, i64 256, i64 256"   --->   Operation 150 'speclooptripcount' 'speclooptripcount_ln0' <Predicate = true> <Delay = 0.00>
ST_15 : Operation 151 [1/1] (0.00ns)   --->   "%zext_ln119_3 = zext i7 %add_ln119_1" [../FP32-Model/batchnorm.cpp:119->../FP32-Model/mobilenet_v1.cpp:64]   --->   Operation 151 'zext' 'zext_ln119_3' <Predicate = true> <Delay = 0.00>
ST_15 : Operation 152 [1/1] (0.00ns)   --->   "%ifmap_pw2_addr = getelementptr i32 %ifmap_pw2, i64 0, i64 %zext_ln119_3" [../FP32-Model/batchnorm.cpp:119->../FP32-Model/mobilenet_v1.cpp:64]   --->   Operation 152 'getelementptr' 'ifmap_pw2_addr' <Predicate = true> <Delay = 0.00>
ST_15 : Operation 153 [1/1] (0.00ns)   --->   "%ifmap_pw2_1_addr = getelementptr i32 %ifmap_pw2_1, i64 0, i64 %zext_ln119_3" [../FP32-Model/batchnorm.cpp:119->../FP32-Model/mobilenet_v1.cpp:64]   --->   Operation 153 'getelementptr' 'ifmap_pw2_1_addr' <Predicate = true> <Delay = 0.00>
ST_15 : Operation 154 [1/1] (0.00ns)   --->   "%ifmap_pw2_2_addr = getelementptr i32 %ifmap_pw2_2, i64 0, i64 %zext_ln119_3" [../FP32-Model/batchnorm.cpp:119->../FP32-Model/mobilenet_v1.cpp:64]   --->   Operation 154 'getelementptr' 'ifmap_pw2_2_addr' <Predicate = true> <Delay = 0.00>
ST_15 : Operation 155 [1/1] (0.00ns)   --->   "%ifmap_pw2_3_addr = getelementptr i32 %ifmap_pw2_3, i64 0, i64 %zext_ln119_3" [../FP32-Model/batchnorm.cpp:119->../FP32-Model/mobilenet_v1.cpp:64]   --->   Operation 155 'getelementptr' 'ifmap_pw2_3_addr' <Predicate = true> <Delay = 0.00>
ST_15 : Operation 156 [1/1] (0.00ns)   --->   "%ifmap_pw2_4_addr = getelementptr i32 %ifmap_pw2_4, i64 0, i64 %zext_ln119_3" [../FP32-Model/batchnorm.cpp:119->../FP32-Model/mobilenet_v1.cpp:64]   --->   Operation 156 'getelementptr' 'ifmap_pw2_4_addr' <Predicate = true> <Delay = 0.00>
ST_15 : Operation 157 [1/1] (0.00ns)   --->   "%ifmap_pw2_5_addr = getelementptr i32 %ifmap_pw2_5, i64 0, i64 %zext_ln119_3" [../FP32-Model/batchnorm.cpp:119->../FP32-Model/mobilenet_v1.cpp:64]   --->   Operation 157 'getelementptr' 'ifmap_pw2_5_addr' <Predicate = true> <Delay = 0.00>
ST_15 : Operation 158 [1/1] (0.00ns)   --->   "%ifmap_pw2_6_addr = getelementptr i32 %ifmap_pw2_6, i64 0, i64 %zext_ln119_3" [../FP32-Model/batchnorm.cpp:119->../FP32-Model/mobilenet_v1.cpp:64]   --->   Operation 158 'getelementptr' 'ifmap_pw2_6_addr' <Predicate = true> <Delay = 0.00>
ST_15 : Operation 159 [1/1] (0.00ns)   --->   "%ifmap_pw2_7_addr = getelementptr i32 %ifmap_pw2_7, i64 0, i64 %zext_ln119_3" [../FP32-Model/batchnorm.cpp:119->../FP32-Model/mobilenet_v1.cpp:64]   --->   Operation 159 'getelementptr' 'ifmap_pw2_7_addr' <Predicate = true> <Delay = 0.00>
ST_15 : Operation 160 [1/1] (0.00ns)   --->   "%specpipeline_ln117 = specpipeline void @_ssdm_op_SpecPipeline, i32 4294967295, i32 0, i32 0, i32 0, i32 4294967295, void @empty" [../FP32-Model/batchnorm.cpp:117->../FP32-Model/mobilenet_v1.cpp:64]   --->   Operation 160 'specpipeline' 'specpipeline_ln117' <Predicate = true> <Delay = 0.00>
ST_15 : Operation 161 [1/1] ( I:2.77ns O:2.77ns )   --->   "%store_ln119 = store i32 %select_ln4, i7 %ifmap_pw2_addr" [../FP32-Model/batchnorm.cpp:119->../FP32-Model/mobilenet_v1.cpp:64]   --->   Operation 161 'store' 'store_ln119' <Predicate = (!trunc_ln115)> <Delay = 2.77> <CoreInst = "RAM_2P_BRAM">   --->   Core 90 'RAM_2P_BRAM' <Latency = 1> <II = 1> <Delay = 2.77> <Storage> <Opcode : 'load' 'store'> <Ports = 2> <Width = 32> <Depth = 128> <RAM>
ST_15 : Operation 162 [1/1] ( I:2.77ns O:2.77ns )   --->   "%store_ln119 = store i32 %select_ln4_13, i7 %ifmap_pw2_1_addr" [../FP32-Model/batchnorm.cpp:119->../FP32-Model/mobilenet_v1.cpp:64]   --->   Operation 162 'store' 'store_ln119' <Predicate = (!trunc_ln115)> <Delay = 2.77> <CoreInst = "RAM_2P_BRAM">   --->   Core 90 'RAM_2P_BRAM' <Latency = 1> <II = 1> <Delay = 2.77> <Storage> <Opcode : 'load' 'store'> <Ports = 2> <Width = 32> <Depth = 128> <RAM>
ST_15 : Operation 163 [1/1] ( I:2.77ns O:2.77ns )   --->   "%store_ln119 = store i32 %select_ln4_14, i7 %ifmap_pw2_2_addr" [../FP32-Model/batchnorm.cpp:119->../FP32-Model/mobilenet_v1.cpp:64]   --->   Operation 163 'store' 'store_ln119' <Predicate = (!trunc_ln115)> <Delay = 2.77> <CoreInst = "RAM_2P_BRAM">   --->   Core 90 'RAM_2P_BRAM' <Latency = 1> <II = 1> <Delay = 2.77> <Storage> <Opcode : 'load' 'store'> <Ports = 2> <Width = 32> <Depth = 128> <RAM>
ST_15 : Operation 164 [1/1] ( I:2.77ns O:2.77ns )   --->   "%store_ln119 = store i32 %select_ln4_15, i7 %ifmap_pw2_3_addr" [../FP32-Model/batchnorm.cpp:119->../FP32-Model/mobilenet_v1.cpp:64]   --->   Operation 164 'store' 'store_ln119' <Predicate = (!trunc_ln115)> <Delay = 2.77> <CoreInst = "RAM_2P_BRAM">   --->   Core 90 'RAM_2P_BRAM' <Latency = 1> <II = 1> <Delay = 2.77> <Storage> <Opcode : 'load' 'store'> <Ports = 2> <Width = 32> <Depth = 128> <RAM>
ST_15 : Operation 165 [1/1] (0.00ns)   --->   "%br_ln119 = br void %arrayidx224.3.i104241.exit" [../FP32-Model/batchnorm.cpp:119->../FP32-Model/mobilenet_v1.cpp:64]   --->   Operation 165 'br' 'br_ln119' <Predicate = (!trunc_ln115)> <Delay = 0.00>
ST_15 : Operation 166 [1/1] ( I:2.77ns O:2.77ns )   --->   "%store_ln119 = store i32 %select_ln4, i7 %ifmap_pw2_4_addr" [../FP32-Model/batchnorm.cpp:119->../FP32-Model/mobilenet_v1.cpp:64]   --->   Operation 166 'store' 'store_ln119' <Predicate = (trunc_ln115)> <Delay = 2.77> <CoreInst = "RAM_2P_BRAM">   --->   Core 90 'RAM_2P_BRAM' <Latency = 1> <II = 1> <Delay = 2.77> <Storage> <Opcode : 'load' 'store'> <Ports = 2> <Width = 32> <Depth = 128> <RAM>
ST_15 : Operation 167 [1/1] ( I:2.77ns O:2.77ns )   --->   "%store_ln119 = store i32 %select_ln4_13, i7 %ifmap_pw2_5_addr" [../FP32-Model/batchnorm.cpp:119->../FP32-Model/mobilenet_v1.cpp:64]   --->   Operation 167 'store' 'store_ln119' <Predicate = (trunc_ln115)> <Delay = 2.77> <CoreInst = "RAM_2P_BRAM">   --->   Core 90 'RAM_2P_BRAM' <Latency = 1> <II = 1> <Delay = 2.77> <Storage> <Opcode : 'load' 'store'> <Ports = 2> <Width = 32> <Depth = 128> <RAM>
ST_15 : Operation 168 [1/1] ( I:2.77ns O:2.77ns )   --->   "%store_ln119 = store i32 %select_ln4_14, i7 %ifmap_pw2_6_addr" [../FP32-Model/batchnorm.cpp:119->../FP32-Model/mobilenet_v1.cpp:64]   --->   Operation 168 'store' 'store_ln119' <Predicate = (trunc_ln115)> <Delay = 2.77> <CoreInst = "RAM_2P_BRAM">   --->   Core 90 'RAM_2P_BRAM' <Latency = 1> <II = 1> <Delay = 2.77> <Storage> <Opcode : 'load' 'store'> <Ports = 2> <Width = 32> <Depth = 128> <RAM>
ST_15 : Operation 169 [1/1] ( I:2.77ns O:2.77ns )   --->   "%store_ln119 = store i32 %select_ln4_15, i7 %ifmap_pw2_7_addr" [../FP32-Model/batchnorm.cpp:119->../FP32-Model/mobilenet_v1.cpp:64]   --->   Operation 169 'store' 'store_ln119' <Predicate = (trunc_ln115)> <Delay = 2.77> <CoreInst = "RAM_2P_BRAM">   --->   Core 90 'RAM_2P_BRAM' <Latency = 1> <II = 1> <Delay = 2.77> <Storage> <Opcode : 'load' 'store'> <Ports = 2> <Width = 32> <Depth = 128> <RAM>
ST_15 : Operation 170 [1/1] (0.00ns)   --->   "%br_ln119 = br void %arrayidx224.3.i104241.exit" [../FP32-Model/batchnorm.cpp:119->../FP32-Model/mobilenet_v1.cpp:64]   --->   Operation 170 'br' 'br_ln119' <Predicate = (trunc_ln115)> <Delay = 0.00>


============================================================
+ Verbose Summary: Timing violations
============================================================
Target clock period: 10.000ns, clock uncertainty: 2.700ns.

 <State 1>: 3.958ns
The critical path consists of the following:
	'store' operation ('store_ln0') of constant 0 9 bit on local variable 'indvar_flatten53' [24]  (1.298 ns)
	'load' operation 9 bit ('indvar_flatten53_load', ../FP32-Model/batchnorm.cpp:115->../FP32-Model/mobilenet_v1.cpp:64) on local variable 'indvar_flatten53' [29]  (0.000 ns)
	'icmp' operation 1 bit ('icmp_ln115', ../FP32-Model/batchnorm.cpp:115->../FP32-Model/mobilenet_v1.cpp:64) [30]  (1.361 ns)
	'store' operation ('store_ln115', ../FP32-Model/batchnorm.cpp:115->../FP32-Model/mobilenet_v1.cpp:64) of variable 'add_ln115_1', ../FP32-Model/batchnorm.cpp:115->../FP32-Model/mobilenet_v1.cpp:64 9 bit on local variable 'indvar_flatten53' [131]  (1.298 ns)

 <State 2>: 6.201ns
The critical path consists of the following:
	'load' operation 7 bit ('c_load', ../FP32-Model/batchnorm.cpp:115->../FP32-Model/mobilenet_v1.cpp:64) on local variable 'c', ../FP32-Model/batchnorm.cpp:115->../FP32-Model/mobilenet_v1.cpp:64 [35]  (0.000 ns)
	'add' operation 7 bit ('add_ln115', ../FP32-Model/batchnorm.cpp:115->../FP32-Model/mobilenet_v1.cpp:64) [36]  (1.316 ns)
	'select' operation 7 bit ('select_ln115_1', ../FP32-Model/batchnorm.cpp:115->../FP32-Model/mobilenet_v1.cpp:64) [41]  (0.808 ns)
	'add' operation 8 bit ('add_ln119', ../FP32-Model/batchnorm.cpp:119->../FP32-Model/mobilenet_v1.cpp:64) [51]  (1.306 ns)
	'getelementptr' operation 8 bit ('ofmap_dw2_addr', ../FP32-Model/batchnorm.cpp:119->../FP32-Model/mobilenet_v1.cpp:64) [53]  (0.000 ns)
	'load' operation 32 bit ('ofmap_dw2_load', ../FP32-Model/batchnorm.cpp:119->../FP32-Model/mobilenet_v1.cpp:64) on array 'ofmap_dw2' [68]  (2.771 ns)

 <State 3>: 2.771ns
The critical path consists of the following:
	'load' operation 32 bit ('ofmap_dw2_load', ../FP32-Model/batchnorm.cpp:119->../FP32-Model/mobilenet_v1.cpp:64) on array 'ofmap_dw2' [68]  (2.771 ns)

 <State 4>: 7.260ns
The critical path consists of the following:
	'sparsemux' operation 32 bit ('tmp_97', ../FP32-Model/batchnorm.cpp:119->../FP32-Model/mobilenet_v1.cpp:64) [47]  (2.531 ns)
	'fmul' operation 32 bit ('mul_i3', ../FP32-Model/batchnorm.cpp:119->../FP32-Model/mobilenet_v1.cpp:64) [69]  (4.729 ns)

 <State 5>: 4.729ns
The critical path consists of the following:
	'fmul' operation 32 bit ('mul_i3', ../FP32-Model/batchnorm.cpp:119->../FP32-Model/mobilenet_v1.cpp:64) [69]  (4.729 ns)

 <State 6>: 4.729ns
The critical path consists of the following:
	'fmul' operation 32 bit ('mul_i3', ../FP32-Model/batchnorm.cpp:119->../FP32-Model/mobilenet_v1.cpp:64) [69]  (4.729 ns)

 <State 7>: 4.729ns
The critical path consists of the following:
	'fmul' operation 32 bit ('mul_i3', ../FP32-Model/batchnorm.cpp:119->../FP32-Model/mobilenet_v1.cpp:64) [69]  (4.729 ns)

 <State 8>: 6.329ns
The critical path consists of the following:
	'fadd' operation 32 bit ('x', ../FP32-Model/batchnorm.cpp:119->../FP32-Model/mobilenet_v1.cpp:64) [70]  (6.329 ns)

 <State 9>: 6.329ns
The critical path consists of the following:
	'fadd' operation 32 bit ('x', ../FP32-Model/batchnorm.cpp:119->../FP32-Model/mobilenet_v1.cpp:64) [70]  (6.329 ns)

 <State 10>: 6.329ns
The critical path consists of the following:
	'fadd' operation 32 bit ('x', ../FP32-Model/batchnorm.cpp:119->../FP32-Model/mobilenet_v1.cpp:64) [70]  (6.329 ns)

 <State 11>: 6.329ns
The critical path consists of the following:
	'fadd' operation 32 bit ('x', ../FP32-Model/batchnorm.cpp:119->../FP32-Model/mobilenet_v1.cpp:64) [70]  (6.329 ns)

 <State 12>: 6.329ns
The critical path consists of the following:
	'fadd' operation 32 bit ('x', ../FP32-Model/batchnorm.cpp:119->../FP32-Model/mobilenet_v1.cpp:64) [70]  (6.329 ns)

 <State 13>: 4.198ns
The critical path consists of the following:
	'fcmp' operation 1 bit ('tmp_36', ../FP32-Model/batchnorm.cpp:4->../FP32-Model/batchnorm.cpp:119->../FP32-Model/mobilenet_v1.cpp:64) [77]  (4.198 ns)

 <State 14>: 4.998ns
The critical path consists of the following:
	'fcmp' operation 1 bit ('tmp_36', ../FP32-Model/batchnorm.cpp:4->../FP32-Model/batchnorm.cpp:119->../FP32-Model/mobilenet_v1.cpp:64) [77]  (4.198 ns)
	'and' operation 1 bit ('and_ln4', ../FP32-Model/batchnorm.cpp:4->../FP32-Model/batchnorm.cpp:119->../FP32-Model/mobilenet_v1.cpp:64) [78]  (0.000 ns)
	'select' operation 32 bit ('select_ln4', ../FP32-Model/batchnorm.cpp:4->../FP32-Model/batchnorm.cpp:119->../FP32-Model/mobilenet_v1.cpp:64) [79]  (0.800 ns)

 <State 15>: 2.771ns
The critical path consists of the following:
	'getelementptr' operation 7 bit ('ifmap_pw2_addr', ../FP32-Model/batchnorm.cpp:119->../FP32-Model/mobilenet_v1.cpp:64) [59]  (0.000 ns)
	'store' operation ('store_ln119', ../FP32-Model/batchnorm.cpp:119->../FP32-Model/mobilenet_v1.cpp:64) of variable 'select_ln4', ../FP32-Model/batchnorm.cpp:4->../FP32-Model/batchnorm.cpp:119->../FP32-Model/mobilenet_v1.cpp:64 32 bit on array 'ifmap_pw2' [118]  (2.771 ns)


============================================================
+ Verbose Summary: Binding
============================================================
N/A
* FSMD analyzer results:
  - Output states:
 - Input state : 
  - Chain level:
	State 1
	State 2
	State 3
	State 4
	State 5
	State 6
	State 7
	State 8
	State 9
	State 10
	State 11
	State 12
	State 13
	State 14
	State 15


============================================================
+ Verbose Summary: Datapath Resource usage 
============================================================
N/A
