

================================================================
== Vitis HLS Report for 'mobilenet_v1_Pipeline_LOAD_INC_LOAD_INH_LOAD_INW'
================================================================
* Date:           Sat Jun 27 09:58:04 2026

* Version:        2025.2 (Build 6295257 on Nov 14 2025)
* Project:        FP32_HLS
* Solution:       hls (Vivado IP Flow Target)
* Product family: zynq
* Target device:  xc7z045-ffg900-2


================================================================
== Performance Estimates
================================================================
+ Timing: 
    * Summary: 
    +--------+----------+----------+------------+
    |  Clock |  Target  | Estimated| Uncertainty|
    +--------+----------+----------+------------+
    |ap_clk  |  10.00 ns|  7.300 ns|     2.70 ns|
    +--------+----------+----------+------------+

+ Latency: 
    * Summary: 
    +---------+---------+-----------+-----------+-----+-----+-------------------+
    |  Latency (cycles) |   Latency (absolute)  |  Interval |      Pipeline     |
    |   min   |   max   |    min    |    max    | min | max |        Type       |
    +---------+---------+-----------+-----------+-----+-----+-------------------+
    |     3083|     3083|  30.830 us|  30.830 us|    0|    0|  loop pipeline stp|
    +---------+---------+-----------+-----------+-----+-----+-------------------+

    + Detail: 
        * Instance: 
        N/A

        * Loop: 
        +------------------------------+---------+---------+----------+-----------+-----------+------+----------+
        |                              |  Latency (cycles) | Iteration|  Initiation Interval  | Trip |          |
        |           Loop Name          |   min   |   max   |  Latency |  achieved |   target  | Count| Pipelined|
        +------------------------------+---------+---------+----------+-----------+-----------+------+----------+
        |- LOAD_INC_LOAD_INH_LOAD_INW  |     3081|     3081|        11|          1|          1|  3072|       yes|
        +------------------------------+---------+---------+----------+-----------+-----------+------+----------+

============================================================
+ Verbose Summary: Synthesis Manager
============================================================
InlineROM: 1
ExposeGlobal: 0
============================================================
+ Verbose Summary: CDFG Model
============================================================
IsTopModel: 0
ResetActiveHigh: 1
IsCombinational: 0
IsDatapathOnly: 0
HasWiredReturn: 1
HasMFsm: 2
HasVarLatency: 1
IsPipeline: 0
IsRtlPipelined: 0
IsInstanceOverlapped: 0
IsDontTouch: 0
HasImplIP: 0
IsGatedGlobalClock: 0

+ Individual pipeline summary: 
  * Pipeline-0: initiation interval (II) = 1, depth = 11


============================================================
+ Verbose Summary: Schedule
============================================================
* Number of FSM states : 11
* Pipeline : 1
  Pipeline-0 : II = 1, D = 11, States = { 1 2 3 4 5 6 7 8 9 10 11 }
* Dataflow Pipeline: 0

* FSM state transitions: 
1 --> 2 
2 --> 3 
3 --> 4 
4 --> 5 
5 --> 6 
6 --> 7 
7 --> 8 
8 --> 9 
9 --> 10 
10 --> 11 
11 --> 

* FSM state operations: 

State 1 <SV = 0> <Delay = 4.73>
ST_1 : Operation 14 [1/1] (0.00ns)   --->   "%iw = alloca i32 1" [../FP32-Model/transfer.cpp:11->../FP32-Model/mobilenet_v1.cpp:46]   --->   Operation 14 'alloca' 'iw' <Predicate = true> <Delay = 0.00>
ST_1 : Operation 15 [1/1] (0.00ns)   --->   "%ih = alloca i32 1" [../FP32-Model/transfer.cpp:10->../FP32-Model/mobilenet_v1.cpp:46]   --->   Operation 15 'alloca' 'ih' <Predicate = true> <Delay = 0.00>
ST_1 : Operation 16 [1/1] (0.00ns)   --->   "%indvar_flatten = alloca i32 1"   --->   Operation 16 'alloca' 'indvar_flatten' <Predicate = true> <Delay = 0.00>
ST_1 : Operation 17 [1/1] (0.00ns)   --->   "%ic = alloca i32 1" [../FP32-Model/transfer.cpp:9->../FP32-Model/mobilenet_v1.cpp:46]   --->   Operation 17 'alloca' 'ic' <Predicate = true> <Delay = 0.00>
ST_1 : Operation 18 [1/1] (0.00ns)   --->   "%indvar_flatten12 = alloca i32 1"   --->   Operation 18 'alloca' 'indvar_flatten12' <Predicate = true> <Delay = 0.00>
ST_1 : Operation 19 [1/1] (0.00ns)   --->   "%sext_ln9_read = read i62 @_ssdm_op_Read.ap_auto.i62, i62 %sext_ln9"   --->   Operation 19 'read' 'sext_ln9_read' <Predicate = true> <Delay = 0.00>
ST_1 : Operation 20 [1/1] (0.00ns)   --->   "%sext_ln9_cast = sext i62 %sext_ln9_read"   --->   Operation 20 'sext' 'sext_ln9_cast' <Predicate = true> <Delay = 0.00>
ST_1 : Operation 21 [1/1] (0.00ns)   --->   "%specmemcore_ln0 = specmemcore void @_ssdm_op_SpecMemCore, i32 %in_buf, i64 666, i64 18, i64 18446744073709551615, i1 0"   --->   Operation 21 'specmemcore' 'specmemcore_ln0' <Predicate = true> <Delay = 0.00>
ST_1 : Operation 22 [1/1] (0.00ns)   --->   "%specmemcore_ln0 = specmemcore void @_ssdm_op_SpecMemCore, i32 %in_buf_1, i64 666, i64 18, i64 18446744073709551615, i1 0"   --->   Operation 22 'specmemcore' 'specmemcore_ln0' <Predicate = true> <Delay = 0.00>
ST_1 : Operation 23 [1/1] (0.00ns)   --->   "%specmemcore_ln0 = specmemcore void @_ssdm_op_SpecMemCore, i32 %in_buf_2, i64 666, i64 18, i64 18446744073709551615, i1 0"   --->   Operation 23 'specmemcore' 'specmemcore_ln0' <Predicate = true> <Delay = 0.00>
ST_1 : Operation 24 [1/1] (0.00ns)   --->   "%specmemcore_ln0 = specmemcore void @_ssdm_op_SpecMemCore, i32 %in_buf_3, i64 666, i64 18, i64 18446744073709551615, i1 0"   --->   Operation 24 'specmemcore' 'specmemcore_ln0' <Predicate = true> <Delay = 0.00>
ST_1 : Operation 25 [1/1] (0.00ns)   --->   "%specmemcore_ln0 = specmemcore void @_ssdm_op_SpecMemCore, i32 %in_buf_4, i64 666, i64 18, i64 18446744073709551615, i1 0"   --->   Operation 25 'specmemcore' 'specmemcore_ln0' <Predicate = true> <Delay = 0.00>
ST_1 : Operation 26 [1/1] (0.00ns)   --->   "%specmemcore_ln0 = specmemcore void @_ssdm_op_SpecMemCore, i32 %in_buf_5, i64 666, i64 18, i64 18446744073709551615, i1 0"   --->   Operation 26 'specmemcore' 'specmemcore_ln0' <Predicate = true> <Delay = 0.00>
ST_1 : Operation 27 [1/1] (0.00ns)   --->   "%specmemcore_ln0 = specmemcore void @_ssdm_op_SpecMemCore, i32 %in_buf_6, i64 666, i64 18, i64 18446744073709551615, i1 0"   --->   Operation 27 'specmemcore' 'specmemcore_ln0' <Predicate = true> <Delay = 0.00>
ST_1 : Operation 28 [1/1] (0.00ns)   --->   "%specmemcore_ln0 = specmemcore void @_ssdm_op_SpecMemCore, i32 %in_buf_7, i64 666, i64 18, i64 18446744073709551615, i1 0"   --->   Operation 28 'specmemcore' 'specmemcore_ln0' <Predicate = true> <Delay = 0.00>
ST_1 : Operation 29 [1/1] (0.00ns)   --->   "%specmemcore_ln0 = specmemcore void @_ssdm_op_SpecMemCore, i32 %in_buf_8, i64 666, i64 18, i64 18446744073709551615, i1 0"   --->   Operation 29 'specmemcore' 'specmemcore_ln0' <Predicate = true> <Delay = 0.00>
ST_1 : Operation 30 [1/1] (0.00ns)   --->   "%specmemcore_ln0 = specmemcore void @_ssdm_op_SpecMemCore, i32 %in_buf_9, i64 666, i64 18, i64 18446744073709551615, i1 0"   --->   Operation 30 'specmemcore' 'specmemcore_ln0' <Predicate = true> <Delay = 0.00>
ST_1 : Operation 31 [1/1] (0.00ns)   --->   "%specmemcore_ln0 = specmemcore void @_ssdm_op_SpecMemCore, i32 %in_buf_10, i64 666, i64 18, i64 18446744073709551615, i1 0"   --->   Operation 31 'specmemcore' 'specmemcore_ln0' <Predicate = true> <Delay = 0.00>
ST_1 : Operation 32 [1/1] (0.00ns)   --->   "%specmemcore_ln0 = specmemcore void @_ssdm_op_SpecMemCore, i32 %in_buf_11, i64 666, i64 18, i64 18446744073709551615, i1 0"   --->   Operation 32 'specmemcore' 'specmemcore_ln0' <Predicate = true> <Delay = 0.00>
ST_1 : Operation 33 [1/1] (0.00ns)   --->   "%specmemcore_ln0 = specmemcore void @_ssdm_op_SpecMemCore, i32 %in_buf_12, i64 666, i64 18, i64 18446744073709551615, i1 0"   --->   Operation 33 'specmemcore' 'specmemcore_ln0' <Predicate = true> <Delay = 0.00>
ST_1 : Operation 34 [1/1] (0.00ns)   --->   "%specmemcore_ln0 = specmemcore void @_ssdm_op_SpecMemCore, i32 %in_buf_13, i64 666, i64 18, i64 18446744073709551615, i1 0"   --->   Operation 34 'specmemcore' 'specmemcore_ln0' <Predicate = true> <Delay = 0.00>
ST_1 : Operation 35 [1/1] (0.00ns)   --->   "%specmemcore_ln0 = specmemcore void @_ssdm_op_SpecMemCore, i32 %in_buf_14, i64 666, i64 18, i64 18446744073709551615, i1 0"   --->   Operation 35 'specmemcore' 'specmemcore_ln0' <Predicate = true> <Delay = 0.00>
ST_1 : Operation 36 [1/1] (0.00ns)   --->   "%specmemcore_ln0 = specmemcore void @_ssdm_op_SpecMemCore, i32 %in_buf_15, i64 666, i64 18, i64 18446744073709551615, i1 0"   --->   Operation 36 'specmemcore' 'specmemcore_ln0' <Predicate = true> <Delay = 0.00>
ST_1 : Operation 37 [1/1] (0.00ns)   --->   "%specmemcore_ln0 = specmemcore void @_ssdm_op_SpecMemCore, i32 %in_buf_16, i64 666, i64 18, i64 18446744073709551615, i1 0"   --->   Operation 37 'specmemcore' 'specmemcore_ln0' <Predicate = true> <Delay = 0.00>
ST_1 : Operation 38 [1/1] (0.00ns)   --->   "%specmemcore_ln0 = specmemcore void @_ssdm_op_SpecMemCore, i32 %in_buf_17, i64 666, i64 18, i64 18446744073709551615, i1 0"   --->   Operation 38 'specmemcore' 'specmemcore_ln0' <Predicate = true> <Delay = 0.00>
ST_1 : Operation 39 [1/1] (0.00ns)   --->   "%specinterface_ln0 = specinterface void @_ssdm_op_SpecInterface, i32 %gmem, void @empty_5, i32 0, i32 0, void @empty, i32 0, i32 3072, void @empty_0, void @empty_6, void @empty, i32 16, i32 16, i32 16, i32 16, void @empty, void @empty, i32 4294967295, i32 0, i32 0, i32 4"   --->   Operation 39 'specinterface' 'specinterface_ln0' <Predicate = true> <Delay = 0.00>
ST_1 : Operation 40 [1/1] (1.29ns)   --->   "%store_ln0 = store i12 0, i12 %indvar_flatten12"   --->   Operation 40 'store' 'store_ln0' <Predicate = true> <Delay = 1.29>
ST_1 : Operation 41 [1/1] (1.29ns)   --->   "%store_ln9 = store i2 0, i2 %ic" [../FP32-Model/transfer.cpp:9->../FP32-Model/mobilenet_v1.cpp:46]   --->   Operation 41 'store' 'store_ln9' <Predicate = true> <Delay = 1.29>
ST_1 : Operation 42 [1/1] (1.29ns)   --->   "%store_ln0 = store i12 0, i12 %indvar_flatten"   --->   Operation 42 'store' 'store_ln0' <Predicate = true> <Delay = 1.29>
ST_1 : Operation 43 [1/1] (1.29ns)   --->   "%store_ln10 = store i6 0, i6 %ih" [../FP32-Model/transfer.cpp:10->../FP32-Model/mobilenet_v1.cpp:46]   --->   Operation 43 'store' 'store_ln10' <Predicate = true> <Delay = 1.29>
ST_1 : Operation 44 [1/1] (1.29ns)   --->   "%store_ln11 = store i6 0, i6 %iw" [../FP32-Model/transfer.cpp:11->../FP32-Model/mobilenet_v1.cpp:46]   --->   Operation 44 'store' 'store_ln11' <Predicate = true> <Delay = 1.29>
ST_1 : Operation 45 [1/1] (0.00ns)   --->   "%br_ln0 = br void %for.inc.i"   --->   Operation 45 'br' 'br_ln0' <Predicate = true> <Delay = 0.00>
ST_1 : Operation 46 [1/1] (0.00ns)   --->   "%indvar_flatten_load = load i12 %indvar_flatten" [../FP32-Model/transfer.cpp:10->../FP32-Model/mobilenet_v1.cpp:46]   --->   Operation 46 'load' 'indvar_flatten_load' <Predicate = true> <Delay = 0.00>
ST_1 : Operation 47 [1/1] (0.00ns)   --->   "%indvar_flatten12_load = load i12 %indvar_flatten12" [../FP32-Model/transfer.cpp:9->../FP32-Model/mobilenet_v1.cpp:46]   --->   Operation 47 'load' 'indvar_flatten12_load' <Predicate = true> <Delay = 0.00>
ST_1 : Operation 48 [1/1] (0.00ns)   --->   "%specbitsmap_ln0 = specbitsmap void @_ssdm_op_SpecBitsMap, i32 %gmem"   --->   Operation 48 'specbitsmap' 'specbitsmap_ln0' <Predicate = true> <Delay = 0.00>
ST_1 : Operation 49 [1/1] (1.54ns)   --->   "%icmp_ln9 = icmp_eq  i12 %indvar_flatten12_load, i12 3072" [../FP32-Model/transfer.cpp:9->../FP32-Model/mobilenet_v1.cpp:46]   --->   Operation 49 'icmp' 'icmp_ln9' <Predicate = true> <Delay = 1.54> <CoreInst = "Cmp">   --->   Core 9 'Cmp' <Latency = 0> <II = 1> <Delay = 1.54> <FuncUnit> <Opcode : 'seteq' 'setne' 'setle' 'setge' 'setlt' 'setgt'> <InPorts = 2> <OutPorts = 1>
ST_1 : Operation 50 [1/1] (1.54ns)   --->   "%add_ln9_1 = add i12 %indvar_flatten12_load, i12 1" [../FP32-Model/transfer.cpp:9->../FP32-Model/mobilenet_v1.cpp:46]   --->   Operation 50 'add' 'add_ln9_1' <Predicate = true> <Delay = 1.54> <CoreInst = "Adder">   --->   Core 1 'Adder' <Latency = 0> <II = 1> <Delay = 1.54> <FuncUnit> <Opcode : 'add' 'sub'> <InPorts = 2> <OutPorts = 1>
ST_1 : Operation 51 [1/1] (0.00ns)   --->   "%br_ln9 = br i1 %icmp_ln9, void %for.inc19.i, void %_Z10load_inputPfPA32_A32_f.exit.exitStub" [../FP32-Model/transfer.cpp:9->../FP32-Model/mobilenet_v1.cpp:46]   --->   Operation 51 'br' 'br_ln9' <Predicate = true> <Delay = 0.00>
ST_1 : Operation 52 [1/1] (1.54ns)   --->   "%icmp_ln10 = icmp_eq  i12 %indvar_flatten_load, i12 1024" [../FP32-Model/transfer.cpp:10->../FP32-Model/mobilenet_v1.cpp:46]   --->   Operation 52 'icmp' 'icmp_ln10' <Predicate = (!icmp_ln9)> <Delay = 1.54> <CoreInst = "Cmp">   --->   Core 9 'Cmp' <Latency = 0> <II = 1> <Delay = 1.54> <FuncUnit> <Opcode : 'seteq' 'setne' 'setle' 'setge' 'setlt' 'setgt'> <InPorts = 2> <OutPorts = 1>
ST_1 : Operation 53 [1/1] (1.54ns)   --->   "%add_ln10_1 = add i12 %indvar_flatten_load, i12 1" [../FP32-Model/transfer.cpp:10->../FP32-Model/mobilenet_v1.cpp:46]   --->   Operation 53 'add' 'add_ln10_1' <Predicate = (!icmp_ln9)> <Delay = 1.54> <CoreInst = "Adder">   --->   Core 1 'Adder' <Latency = 0> <II = 1> <Delay = 1.54> <FuncUnit> <Opcode : 'add' 'sub'> <InPorts = 2> <OutPorts = 1>
ST_1 : Operation 54 [1/1] (0.59ns)   --->   "%select_ln10_1 = select i1 %icmp_ln10, i12 1, i12 %add_ln10_1" [../FP32-Model/transfer.cpp:10->../FP32-Model/mobilenet_v1.cpp:46]   --->   Operation 54 'select' 'select_ln10_1' <Predicate = (!icmp_ln9)> <Delay = 0.59> <CoreInst = "Sel">   --->   Core 73 'Sel' <Latency = 0> <II = 1> <Delay = 0.59> <FuncUnit> <Opcode : 'select'> <InPorts = 3> <OutPorts = 1>
ST_1 : Operation 55 [1/1] (1.29ns)   --->   "%store_ln9 = store i12 %add_ln9_1, i12 %indvar_flatten12" [../FP32-Model/transfer.cpp:9->../FP32-Model/mobilenet_v1.cpp:46]   --->   Operation 55 'store' 'store_ln9' <Predicate = (!icmp_ln9)> <Delay = 1.29>
ST_1 : Operation 56 [1/1] (1.29ns)   --->   "%store_ln10 = store i12 %select_ln10_1, i12 %indvar_flatten" [../FP32-Model/transfer.cpp:10->../FP32-Model/mobilenet_v1.cpp:46]   --->   Operation 56 'store' 'store_ln10' <Predicate = (!icmp_ln9)> <Delay = 1.29>

State 2 <SV = 1> <Delay = 6.83>
ST_2 : Operation 57 [1/1] (0.00ns)   --->   "%iw_load = load i6 %iw" [../FP32-Model/transfer.cpp:11->../FP32-Model/mobilenet_v1.cpp:46]   --->   Operation 57 'load' 'iw_load' <Predicate = true> <Delay = 0.00>
ST_2 : Operation 58 [1/1] (0.00ns)   --->   "%ih_load = load i6 %ih" [../FP32-Model/transfer.cpp:9->../FP32-Model/mobilenet_v1.cpp:46]   --->   Operation 58 'load' 'ih_load' <Predicate = (!icmp_ln10)> <Delay = 0.00>
ST_2 : Operation 59 [1/1] (0.00ns)   --->   "%ic_load = load i2 %ic" [../FP32-Model/transfer.cpp:9->../FP32-Model/mobilenet_v1.cpp:46]   --->   Operation 59 'load' 'ic_load' <Predicate = true> <Delay = 0.00>
ST_2 : Operation 60 [1/1] (0.63ns)   --->   "%add_ln9 = add i2 %ic_load, i2 1" [../FP32-Model/transfer.cpp:9->../FP32-Model/mobilenet_v1.cpp:46]   --->   Operation 60 'add' 'add_ln9' <Predicate = (icmp_ln10)> <Delay = 0.63> <CoreInst = "Adder">   --->   Core 1 'Adder' <Latency = 0> <II = 1> <Delay = 0.63> <FuncUnit> <Opcode : 'add' 'sub'> <InPorts = 2> <OutPorts = 1>
ST_2 : Operation 61 [1/1] (0.97ns)   --->   "%select_ln9 = select i1 %icmp_ln10, i6 0, i6 %ih_load" [../FP32-Model/transfer.cpp:9->../FP32-Model/mobilenet_v1.cpp:46]   --->   Operation 61 'select' 'select_ln9' <Predicate = true> <Delay = 0.97> <CoreInst = "Sel">   --->   Core 73 'Sel' <Latency = 0> <II = 1> <Delay = 0.97> <FuncUnit> <Opcode : 'select'> <InPorts = 3> <OutPorts = 1>
ST_2 : Operation 62 [1/1] (0.00ns) (grouped into LUT with out node and_ln9)   --->   "%xor_ln9 = xor i1 %icmp_ln10, i1 1" [../FP32-Model/transfer.cpp:9->../FP32-Model/mobilenet_v1.cpp:46]   --->   Operation 62 'xor' 'xor_ln9' <Predicate = true> <Delay = 0.00> <CoreInst = "LogicGate">   --->   Core 74 'LogicGate' <Latency = 0> <II = 1> <Delay = 0.80> <FuncUnit> <Opcode : 'and' 'or' 'xor'> <InPorts = 2> <OutPorts = 1>
ST_2 : Operation 63 [1/1] (1.28ns)   --->   "%icmp_ln11 = icmp_eq  i6 %iw_load, i6 32" [../FP32-Model/transfer.cpp:11->../FP32-Model/mobilenet_v1.cpp:46]   --->   Operation 63 'icmp' 'icmp_ln11' <Predicate = true> <Delay = 1.28> <CoreInst = "Cmp">   --->   Core 9 'Cmp' <Latency = 0> <II = 1> <Delay = 1.28> <FuncUnit> <Opcode : 'seteq' 'setne' 'setle' 'setge' 'setlt' 'setgt'> <InPorts = 2> <OutPorts = 1>
ST_2 : Operation 64 [1/1] (0.80ns) (out node of the LUT)   --->   "%and_ln9 = and i1 %icmp_ln11, i1 %xor_ln9" [../FP32-Model/transfer.cpp:9->../FP32-Model/mobilenet_v1.cpp:46]   --->   Operation 64 'and' 'and_ln9' <Predicate = true> <Delay = 0.80> <CoreInst = "LogicGate">   --->   Core 74 'LogicGate' <Latency = 0> <II = 1> <Delay = 0.80> <FuncUnit> <Opcode : 'and' 'or' 'xor'> <InPorts = 2> <OutPorts = 1>
ST_2 : Operation 65 [1/1] (0.81ns)   --->   "%select_ln9_1 = select i1 %icmp_ln10, i2 %add_ln9, i2 %ic_load" [../FP32-Model/transfer.cpp:9->../FP32-Model/mobilenet_v1.cpp:46]   --->   Operation 65 'select' 'select_ln9_1' <Predicate = true> <Delay = 0.81> <CoreInst = "Sel">   --->   Core 73 'Sel' <Latency = 0> <II = 1> <Delay = 0.81> <FuncUnit> <Opcode : 'select'> <InPorts = 3> <OutPorts = 1>
ST_2 : Operation 66 [1/1] (1.28ns)   --->   "%add_ln10 = add i6 %select_ln9, i6 1" [../FP32-Model/transfer.cpp:10->../FP32-Model/mobilenet_v1.cpp:46]   --->   Operation 66 'add' 'add_ln10' <Predicate = true> <Delay = 1.28> <CoreInst = "Adder">   --->   Core 1 'Adder' <Latency = 0> <II = 1> <Delay = 1.28> <FuncUnit> <Opcode : 'add' 'sub'> <InPorts = 2> <OutPorts = 1>
ST_2 : Operation 67 [1/1] (0.00ns) (grouped into LUT with out node iw_mid2)   --->   "%empty = or i1 %and_ln9, i1 %icmp_ln10" [../FP32-Model/transfer.cpp:9->../FP32-Model/mobilenet_v1.cpp:46]   --->   Operation 67 'or' 'empty' <Predicate = true> <Delay = 0.00> <CoreInst = "LogicGate">   --->   Core 74 'LogicGate' <Latency = 0> <II = 1> <Delay = 0.80> <FuncUnit> <Opcode : 'and' 'or' 'xor'> <InPorts = 2> <OutPorts = 1>
ST_2 : Operation 68 [1/1] (0.97ns) (out node of the LUT)   --->   "%iw_mid2 = select i1 %empty, i6 0, i6 %iw_load" [../FP32-Model/transfer.cpp:9->../FP32-Model/mobilenet_v1.cpp:46]   --->   Operation 68 'select' 'iw_mid2' <Predicate = true> <Delay = 0.97> <CoreInst = "Sel">   --->   Core 73 'Sel' <Latency = 0> <II = 1> <Delay = 0.97> <FuncUnit> <Opcode : 'select'> <InPorts = 3> <OutPorts = 1>
ST_2 : Operation 69 [1/1] (0.97ns)   --->   "%select_ln10 = select i1 %and_ln9, i6 %add_ln10, i6 %select_ln9" [../FP32-Model/transfer.cpp:10->../FP32-Model/mobilenet_v1.cpp:46]   --->   Operation 69 'select' 'select_ln10' <Predicate = true> <Delay = 0.97> <CoreInst = "Sel">   --->   Core 73 'Sel' <Latency = 0> <II = 1> <Delay = 0.97> <FuncUnit> <Opcode : 'select'> <InPorts = 3> <OutPorts = 1>
ST_2 : Operation 70 [1/1] (0.00ns)   --->   "%trunc_ln9 = trunc i2 %select_ln9_1" [../FP32-Model/transfer.cpp:9->../FP32-Model/mobilenet_v1.cpp:46]   --->   Operation 70 'trunc' 'trunc_ln9' <Predicate = true> <Delay = 0.00>
ST_2 : Operation 71 [1/1] (0.00ns)   --->   "%tmp = bitselect i1 @_ssdm_op_BitSelect.i1.i2.i32, i2 %select_ln9_1, i32 1" [../FP32-Model/transfer.cpp:13->../FP32-Model/mobilenet_v1.cpp:46]   --->   Operation 71 'bitselect' 'tmp' <Predicate = true> <Delay = 0.00>
ST_2 : Operation 72 [1/1] (0.00ns)   --->   "%zext_ln8_1 = zext i6 %select_ln10" [../FP32-Model/transfer.cpp:8->../FP32-Model/mobilenet_v1.cpp:46]   --->   Operation 72 'zext' 'zext_ln8_1' <Predicate = true> <Delay = 0.00>
ST_2 : Operation 73 [1/1] (3.61ns)   --->   "%mul_ln8 = mul i13 %zext_ln8_1, i13 86" [../FP32-Model/transfer.cpp:8->../FP32-Model/mobilenet_v1.cpp:46]   --->   Operation 73 'mul' 'mul_ln8' <Predicate = true> <Delay = 3.61> <CoreInst = "Multiplier">   --->   Core 3 'Multiplier' <Latency = 0> <II = 1> <Delay = 3.61> <FuncUnit> <Opcode : 'mul'> <InPorts = 2> <OutPorts = 1>
ST_2 : Operation 74 [1/1] (0.00ns)   --->   "%tmp_64 = partselect i5 @_ssdm_op_PartSelect.i5.i13.i32.i32, i13 %mul_ln8, i32 8, i32 12" [../FP32-Model/transfer.cpp:8->../FP32-Model/mobilenet_v1.cpp:46]   --->   Operation 74 'partselect' 'tmp_64' <Predicate = true> <Delay = 0.00>
ST_2 : Operation 75 [10/10] (3.30ns)   --->   "%urem_ln8 = urem i6 %select_ln10, i6 3" [../FP32-Model/transfer.cpp:8->../FP32-Model/mobilenet_v1.cpp:46]   --->   Operation 75 'urem' 'urem_ln8' <Predicate = true> <Delay = 3.30> <CoreInst = "Divider">   --->   Core 6 'Divider' <Latency = 9> <II = 1> <Delay = 3.30> <FuncUnit> <Opcode : 'udiv' 'sdiv' 'urem' 'srem'> <InPorts = 2> <OutPorts = 1>
ST_2 : Operation 76 [1/1] (0.00ns)   --->   "%zext_ln8_4 = zext i6 %iw_mid2" [../FP32-Model/transfer.cpp:8->../FP32-Model/mobilenet_v1.cpp:46]   --->   Operation 76 'zext' 'zext_ln8_4' <Predicate = true> <Delay = 0.00>
ST_2 : Operation 77 [1/1] (3.61ns)   --->   "%mul_ln8_1 = mul i13 %zext_ln8_4, i13 86" [../FP32-Model/transfer.cpp:8->../FP32-Model/mobilenet_v1.cpp:46]   --->   Operation 77 'mul' 'mul_ln8_1' <Predicate = true> <Delay = 3.61> <CoreInst = "Multiplier">   --->   Core 3 'Multiplier' <Latency = 0> <II = 1> <Delay = 3.61> <FuncUnit> <Opcode : 'mul'> <InPorts = 2> <OutPorts = 1>
ST_2 : Operation 78 [1/1] (0.00ns)   --->   "%tmp_65 = partselect i5 @_ssdm_op_PartSelect.i5.i13.i32.i32, i13 %mul_ln8_1, i32 8, i32 12" [../FP32-Model/transfer.cpp:8->../FP32-Model/mobilenet_v1.cpp:46]   --->   Operation 78 'partselect' 'tmp_65' <Predicate = true> <Delay = 0.00>
ST_2 : Operation 79 [10/10] (3.30ns)   --->   "%urem_ln8_1 = urem i6 %iw_mid2, i6 3" [../FP32-Model/transfer.cpp:8->../FP32-Model/mobilenet_v1.cpp:46]   --->   Operation 79 'urem' 'urem_ln8_1' <Predicate = true> <Delay = 3.30> <CoreInst = "Divider">   --->   Core 6 'Divider' <Latency = 9> <II = 1> <Delay = 3.30> <FuncUnit> <Opcode : 'udiv' 'sdiv' 'urem' 'srem'> <InPorts = 2> <OutPorts = 1>
ST_2 : Operation 80 [1/1] (0.00ns)   --->   "%br_ln13 = br i1 %trunc_ln9, void %arrayidx142.i199.case.0, void %arrayidx142.i199.case.1" [../FP32-Model/transfer.cpp:13->../FP32-Model/mobilenet_v1.cpp:46]   --->   Operation 80 'br' 'br_ln13' <Predicate = true> <Delay = 0.00>
ST_2 : Operation 81 [1/1] (0.00ns)   --->   "%br_ln13 = br void %arrayidx142.i199.exit" [../FP32-Model/transfer.cpp:13->../FP32-Model/mobilenet_v1.cpp:46]   --->   Operation 81 'br' 'br_ln13' <Predicate = (!trunc_ln9)> <Delay = 0.00>
ST_2 : Operation 82 [1/1] (0.00ns)   --->   "%br_ln13 = br void %arrayidx142.i199.exit" [../FP32-Model/transfer.cpp:13->../FP32-Model/mobilenet_v1.cpp:46]   --->   Operation 82 'br' 'br_ln13' <Predicate = (trunc_ln9)> <Delay = 0.00>
ST_2 : Operation 83 [1/1] (1.28ns)   --->   "%add_ln11 = add i6 %iw_mid2, i6 1" [../FP32-Model/transfer.cpp:11->../FP32-Model/mobilenet_v1.cpp:46]   --->   Operation 83 'add' 'add_ln11' <Predicate = true> <Delay = 1.28> <CoreInst = "Adder">   --->   Core 1 'Adder' <Latency = 0> <II = 1> <Delay = 1.28> <FuncUnit> <Opcode : 'add' 'sub'> <InPorts = 2> <OutPorts = 1>
ST_2 : Operation 84 [1/1] (1.29ns)   --->   "%store_ln9 = store i2 %select_ln9_1, i2 %ic" [../FP32-Model/transfer.cpp:9->../FP32-Model/mobilenet_v1.cpp:46]   --->   Operation 84 'store' 'store_ln9' <Predicate = true> <Delay = 1.29>
ST_2 : Operation 85 [1/1] (1.29ns)   --->   "%store_ln10 = store i6 %select_ln10, i6 %ih" [../FP32-Model/transfer.cpp:10->../FP32-Model/mobilenet_v1.cpp:46]   --->   Operation 85 'store' 'store_ln10' <Predicate = true> <Delay = 1.29>
ST_2 : Operation 86 [1/1] (1.29ns)   --->   "%store_ln11 = store i6 %add_ln11, i6 %iw" [../FP32-Model/transfer.cpp:11->../FP32-Model/mobilenet_v1.cpp:46]   --->   Operation 86 'store' 'store_ln11' <Predicate = true> <Delay = 1.29>
ST_2 : Operation 87 [1/1] (0.00ns)   --->   "%br_ln11 = br void %for.inc.i" [../FP32-Model/transfer.cpp:11->../FP32-Model/mobilenet_v1.cpp:46]   --->   Operation 87 'br' 'br_ln11' <Predicate = true> <Delay = 0.00>

State 3 <SV = 2> <Delay = 3.37>
ST_3 : Operation 88 [1/1] (0.81ns)   --->   "%select_ln13 = select i1 %tmp, i2 3, i2 0" [../FP32-Model/transfer.cpp:13->../FP32-Model/mobilenet_v1.cpp:46]   --->   Operation 88 'select' 'select_ln13' <Predicate = true> <Delay = 0.81> <CoreInst = "Sel">   --->   Core 73 'Sel' <Latency = 0> <II = 1> <Delay = 0.81> <FuncUnit> <Opcode : 'select'> <InPorts = 3> <OutPorts = 1>
ST_3 : Operation 89 [1/1] (0.00ns)   --->   "%tmp_s = bitconcatenate i4 @_ssdm_op_BitConcatenate.i4.i1.i1.i2, i1 %tmp, i1 0, i2 %select_ln13" [../FP32-Model/transfer.cpp:13->../FP32-Model/mobilenet_v1.cpp:46]   --->   Operation 89 'bitconcatenate' 'tmp_s' <Predicate = true> <Delay = 0.00>
ST_3 : Operation 90 [1/1] (0.00ns)   --->   "%zext_ln8 = zext i4 %tmp_s" [../FP32-Model/transfer.cpp:8->../FP32-Model/mobilenet_v1.cpp:46]   --->   Operation 90 'zext' 'zext_ln8' <Predicate = true> <Delay = 0.00>
ST_3 : Operation 91 [1/1] (0.00ns)   --->   "%zext_ln8_2 = zext i5 %tmp_64" [../FP32-Model/transfer.cpp:8->../FP32-Model/mobilenet_v1.cpp:46]   --->   Operation 91 'zext' 'zext_ln8_2' <Predicate = true> <Delay = 0.00>
ST_3 : Operation 92 [1/1] (1.58ns) (grouped into DSP with root node add_ln13_2)   --->   "%add_ln13 = add i6 %zext_ln8, i6 %zext_ln8_2" [../FP32-Model/transfer.cpp:13->../FP32-Model/mobilenet_v1.cpp:46]   --->   Operation 92 'add' 'add_ln13' <Predicate = true> <Delay = 1.58> <CoreInst = "DSP48">   --->   Core 116 'DSP48' <Latency = 3> <II = 1> <Delay = 1.82> <IPBlock> <Opcode : 'add' 'sub' 'mul' 'select'> <InPorts = 0> <OutPorts = 1> <Sync> <CReg>
ST_3 : Operation 93 [1/1] (0.00ns) (grouped into DSP with root node add_ln13_2)   --->   "%zext_ln8_3 = zext i6 %add_ln13" [../FP32-Model/transfer.cpp:8->../FP32-Model/mobilenet_v1.cpp:46]   --->   Operation 93 'zext' 'zext_ln8_3' <Predicate = true> <Delay = 0.00>
ST_3 : Operation 94 [3/3] (0.98ns) (grouped into DSP with root node add_ln13_2)   --->   "%mul_ln8_2 = mul i8 %zext_ln8_3, i8 11" [../FP32-Model/transfer.cpp:8->../FP32-Model/mobilenet_v1.cpp:46]   --->   Operation 94 'mul' 'mul_ln8_2' <Predicate = true> <Delay = 0.98> <CoreInst = "DSP48">   --->   Core 116 'DSP48' <Latency = 3> <II = 1> <Delay = 1.82> <IPBlock> <Opcode : 'add' 'sub' 'mul' 'select'> <InPorts = 0> <OutPorts = 1> <Sync> <CReg>
ST_3 : Operation 95 [9/10] (3.30ns)   --->   "%urem_ln8 = urem i6 %select_ln10, i6 3" [../FP32-Model/transfer.cpp:8->../FP32-Model/mobilenet_v1.cpp:46]   --->   Operation 95 'urem' 'urem_ln8' <Predicate = true> <Delay = 3.30> <CoreInst = "Divider">   --->   Core 6 'Divider' <Latency = 9> <II = 1> <Delay = 3.30> <FuncUnit> <Opcode : 'udiv' 'sdiv' 'urem' 'srem'> <InPorts = 2> <OutPorts = 1>
ST_3 : Operation 96 [9/10] (3.30ns)   --->   "%urem_ln8_1 = urem i6 %iw_mid2, i6 3" [../FP32-Model/transfer.cpp:8->../FP32-Model/mobilenet_v1.cpp:46]   --->   Operation 96 'urem' 'urem_ln8_1' <Predicate = true> <Delay = 3.30> <CoreInst = "Divider">   --->   Core 6 'Divider' <Latency = 9> <II = 1> <Delay = 3.30> <FuncUnit> <Opcode : 'udiv' 'sdiv' 'urem' 'srem'> <InPorts = 2> <OutPorts = 1>

State 4 <SV = 3> <Delay = 3.30>
ST_4 : Operation 97 [2/3] (0.98ns) (grouped into DSP with root node add_ln13_2)   --->   "%mul_ln8_2 = mul i8 %zext_ln8_3, i8 11" [../FP32-Model/transfer.cpp:8->../FP32-Model/mobilenet_v1.cpp:46]   --->   Operation 97 'mul' 'mul_ln8_2' <Predicate = true> <Delay = 0.98> <CoreInst = "DSP48">   --->   Core 116 'DSP48' <Latency = 3> <II = 1> <Delay = 1.82> <IPBlock> <Opcode : 'add' 'sub' 'mul' 'select'> <InPorts = 0> <OutPorts = 1> <Sync> <CReg>
ST_4 : Operation 98 [8/10] (3.30ns)   --->   "%urem_ln8 = urem i6 %select_ln10, i6 3" [../FP32-Model/transfer.cpp:8->../FP32-Model/mobilenet_v1.cpp:46]   --->   Operation 98 'urem' 'urem_ln8' <Predicate = true> <Delay = 3.30> <CoreInst = "Divider">   --->   Core 6 'Divider' <Latency = 9> <II = 1> <Delay = 3.30> <FuncUnit> <Opcode : 'udiv' 'sdiv' 'urem' 'srem'> <InPorts = 2> <OutPorts = 1>
ST_4 : Operation 99 [8/10] (3.30ns)   --->   "%urem_ln8_1 = urem i6 %iw_mid2, i6 3" [../FP32-Model/transfer.cpp:8->../FP32-Model/mobilenet_v1.cpp:46]   --->   Operation 99 'urem' 'urem_ln8_1' <Predicate = true> <Delay = 3.30> <CoreInst = "Divider">   --->   Core 6 'Divider' <Latency = 9> <II = 1> <Delay = 3.30> <FuncUnit> <Opcode : 'udiv' 'sdiv' 'urem' 'srem'> <InPorts = 2> <OutPorts = 1>

State 5 <SV = 4> <Delay = 3.30>
ST_5 : Operation 100 [1/3] (0.00ns) (grouped into DSP with root node add_ln13_2)   --->   "%mul_ln8_2 = mul i8 %zext_ln8_3, i8 11" [../FP32-Model/transfer.cpp:8->../FP32-Model/mobilenet_v1.cpp:46]   --->   Operation 100 'mul' 'mul_ln8_2' <Predicate = true> <Delay = 0.00> <CoreInst = "DSP48">   --->   Core 116 'DSP48' <Latency = 3> <II = 1> <Delay = 1.82> <IPBlock> <Opcode : 'add' 'sub' 'mul' 'select'> <InPorts = 0> <OutPorts = 1> <Sync> <CReg>
ST_5 : Operation 101 [7/10] (3.30ns)   --->   "%urem_ln8 = urem i6 %select_ln10, i6 3" [../FP32-Model/transfer.cpp:8->../FP32-Model/mobilenet_v1.cpp:46]   --->   Operation 101 'urem' 'urem_ln8' <Predicate = true> <Delay = 3.30> <CoreInst = "Divider">   --->   Core 6 'Divider' <Latency = 9> <II = 1> <Delay = 3.30> <FuncUnit> <Opcode : 'udiv' 'sdiv' 'urem' 'srem'> <InPorts = 2> <OutPorts = 1>
ST_5 : Operation 102 [1/1] (0.00ns)   --->   "%zext_ln13 = zext i5 %tmp_65" [../FP32-Model/transfer.cpp:13->../FP32-Model/mobilenet_v1.cpp:46]   --->   Operation 102 'zext' 'zext_ln13' <Predicate = true> <Delay = 0.00>
ST_5 : Operation 103 [2/2] (1.76ns) (root node of the DSP)   --->   "%add_ln13_2 = add i8 %mul_ln8_2, i8 %zext_ln13" [../FP32-Model/transfer.cpp:13->../FP32-Model/mobilenet_v1.cpp:46]   --->   Operation 103 'add' 'add_ln13_2' <Predicate = true> <Delay = 1.76> <CoreInst = "DSP48">   --->   Core 116 'DSP48' <Latency = 3> <II = 1> <Delay = 1.82> <IPBlock> <Opcode : 'add' 'sub' 'mul' 'select'> <InPorts = 0> <OutPorts = 1> <Sync> <CReg>
ST_5 : Operation 104 [7/10] (3.30ns)   --->   "%urem_ln8_1 = urem i6 %iw_mid2, i6 3" [../FP32-Model/transfer.cpp:8->../FP32-Model/mobilenet_v1.cpp:46]   --->   Operation 104 'urem' 'urem_ln8_1' <Predicate = true> <Delay = 3.30> <CoreInst = "Divider">   --->   Core 6 'Divider' <Latency = 9> <II = 1> <Delay = 3.30> <FuncUnit> <Opcode : 'udiv' 'sdiv' 'urem' 'srem'> <InPorts = 2> <OutPorts = 1>

State 6 <SV = 5> <Delay = 3.30>
ST_6 : Operation 105 [6/10] (3.30ns)   --->   "%urem_ln8 = urem i6 %select_ln10, i6 3" [../FP32-Model/transfer.cpp:8->../FP32-Model/mobilenet_v1.cpp:46]   --->   Operation 105 'urem' 'urem_ln8' <Predicate = true> <Delay = 3.30> <CoreInst = "Divider">   --->   Core 6 'Divider' <Latency = 9> <II = 1> <Delay = 3.30> <FuncUnit> <Opcode : 'udiv' 'sdiv' 'urem' 'srem'> <InPorts = 2> <OutPorts = 1>
ST_6 : Operation 106 [1/2] (1.76ns) (root node of the DSP)   --->   "%add_ln13_2 = add i8 %mul_ln8_2, i8 %zext_ln13" [../FP32-Model/transfer.cpp:13->../FP32-Model/mobilenet_v1.cpp:46]   --->   Operation 106 'add' 'add_ln13_2' <Predicate = true> <Delay = 1.76> <CoreInst = "DSP48">   --->   Core 116 'DSP48' <Latency = 3> <II = 1> <Delay = 1.82> <IPBlock> <Opcode : 'add' 'sub' 'mul' 'select'> <InPorts = 0> <OutPorts = 1> <Sync> <CReg>
ST_6 : Operation 107 [6/10] (3.30ns)   --->   "%urem_ln8_1 = urem i6 %iw_mid2, i6 3" [../FP32-Model/transfer.cpp:8->../FP32-Model/mobilenet_v1.cpp:46]   --->   Operation 107 'urem' 'urem_ln8_1' <Predicate = true> <Delay = 3.30> <CoreInst = "Divider">   --->   Core 6 'Divider' <Latency = 9> <II = 1> <Delay = 3.30> <FuncUnit> <Opcode : 'udiv' 'sdiv' 'urem' 'srem'> <InPorts = 2> <OutPorts = 1>

State 7 <SV = 6> <Delay = 3.30>
ST_7 : Operation 108 [5/10] (3.30ns)   --->   "%urem_ln8 = urem i6 %select_ln10, i6 3" [../FP32-Model/transfer.cpp:8->../FP32-Model/mobilenet_v1.cpp:46]   --->   Operation 108 'urem' 'urem_ln8' <Predicate = true> <Delay = 3.30> <CoreInst = "Divider">   --->   Core 6 'Divider' <Latency = 9> <II = 1> <Delay = 3.30> <FuncUnit> <Opcode : 'udiv' 'sdiv' 'urem' 'srem'> <InPorts = 2> <OutPorts = 1>
ST_7 : Operation 109 [5/10] (3.30ns)   --->   "%urem_ln8_1 = urem i6 %iw_mid2, i6 3" [../FP32-Model/transfer.cpp:8->../FP32-Model/mobilenet_v1.cpp:46]   --->   Operation 109 'urem' 'urem_ln8_1' <Predicate = true> <Delay = 3.30> <CoreInst = "Divider">   --->   Core 6 'Divider' <Latency = 9> <II = 1> <Delay = 3.30> <FuncUnit> <Opcode : 'udiv' 'sdiv' 'urem' 'srem'> <InPorts = 2> <OutPorts = 1>

State 8 <SV = 7> <Delay = 3.30>
ST_8 : Operation 110 [4/10] (3.30ns)   --->   "%urem_ln8 = urem i6 %select_ln10, i6 3" [../FP32-Model/transfer.cpp:8->../FP32-Model/mobilenet_v1.cpp:46]   --->   Operation 110 'urem' 'urem_ln8' <Predicate = true> <Delay = 3.30> <CoreInst = "Divider">   --->   Core 6 'Divider' <Latency = 9> <II = 1> <Delay = 3.30> <FuncUnit> <Opcode : 'udiv' 'sdiv' 'urem' 'srem'> <InPorts = 2> <OutPorts = 1>
ST_8 : Operation 111 [4/10] (3.30ns)   --->   "%urem_ln8_1 = urem i6 %iw_mid2, i6 3" [../FP32-Model/transfer.cpp:8->../FP32-Model/mobilenet_v1.cpp:46]   --->   Operation 111 'urem' 'urem_ln8_1' <Predicate = true> <Delay = 3.30> <CoreInst = "Divider">   --->   Core 6 'Divider' <Latency = 9> <II = 1> <Delay = 3.30> <FuncUnit> <Opcode : 'udiv' 'sdiv' 'urem' 'srem'> <InPorts = 2> <OutPorts = 1>

State 9 <SV = 8> <Delay = 3.30>
ST_9 : Operation 112 [3/10] (3.30ns)   --->   "%urem_ln8 = urem i6 %select_ln10, i6 3" [../FP32-Model/transfer.cpp:8->../FP32-Model/mobilenet_v1.cpp:46]   --->   Operation 112 'urem' 'urem_ln8' <Predicate = true> <Delay = 3.30> <CoreInst = "Divider">   --->   Core 6 'Divider' <Latency = 9> <II = 1> <Delay = 3.30> <FuncUnit> <Opcode : 'udiv' 'sdiv' 'urem' 'srem'> <InPorts = 2> <OutPorts = 1>
ST_9 : Operation 113 [3/10] (3.30ns)   --->   "%urem_ln8_1 = urem i6 %iw_mid2, i6 3" [../FP32-Model/transfer.cpp:8->../FP32-Model/mobilenet_v1.cpp:46]   --->   Operation 113 'urem' 'urem_ln8_1' <Predicate = true> <Delay = 3.30> <CoreInst = "Divider">   --->   Core 6 'Divider' <Latency = 9> <II = 1> <Delay = 3.30> <FuncUnit> <Opcode : 'udiv' 'sdiv' 'urem' 'srem'> <InPorts = 2> <OutPorts = 1>

State 10 <SV = 9> <Delay = 7.30>
ST_10 : Operation 114 [1/1] (0.00ns)   --->   "%gmem_addr = getelementptr i32 %gmem, i64 %sext_ln9_cast" [../FP32-Model/transfer.cpp:9->../FP32-Model/mobilenet_v1.cpp:46]   --->   Operation 114 'getelementptr' 'gmem_addr' <Predicate = true> <Delay = 0.00>
ST_10 : Operation 115 [2/10] (3.30ns)   --->   "%urem_ln8 = urem i6 %select_ln10, i6 3" [../FP32-Model/transfer.cpp:8->../FP32-Model/mobilenet_v1.cpp:46]   --->   Operation 115 'urem' 'urem_ln8' <Predicate = true> <Delay = 3.30> <CoreInst = "Divider">   --->   Core 6 'Divider' <Latency = 9> <II = 1> <Delay = 3.30> <FuncUnit> <Opcode : 'udiv' 'sdiv' 'urem' 'srem'> <InPorts = 2> <OutPorts = 1>
ST_10 : Operation 116 [2/10] (3.30ns)   --->   "%urem_ln8_1 = urem i6 %iw_mid2, i6 3" [../FP32-Model/transfer.cpp:8->../FP32-Model/mobilenet_v1.cpp:46]   --->   Operation 116 'urem' 'urem_ln8_1' <Predicate = true> <Delay = 3.30> <CoreInst = "Divider">   --->   Core 6 'Divider' <Latency = 9> <II = 1> <Delay = 3.30> <FuncUnit> <Opcode : 'udiv' 'sdiv' 'urem' 'srem'> <InPorts = 2> <OutPorts = 1>
ST_10 : Operation 117 [1/1] ( I:7.30ns O:7.30ns )   --->   "%gmem_addr_read = read i32 @_ssdm_op_Read.m_axi.i32.p1i32, i32 %gmem_addr" [../FP32-Model/transfer.cpp:13->../FP32-Model/mobilenet_v1.cpp:46]   --->   Operation 117 'read' 'gmem_addr_read' <Predicate = true> <Delay = 7.30> <CoreInst = "m_axi">   --->   Core 111 'm_axi' <Latency = 3> <II = 1> <Delay = 1.00> <Adapter> <Opcode : 'readrequnaligned' 'writerequnaligned' 'read' 'write' 'readreq' 'writereq' 'writeresp'>
ST_10 : Operation 118 [1/1] (0.00ns)   --->   "%bitcast_ln13 = bitcast i32 %gmem_addr_read" [../FP32-Model/transfer.cpp:13->../FP32-Model/mobilenet_v1.cpp:46]   --->   Operation 118 'bitcast' 'bitcast_ln13' <Predicate = true> <Delay = 0.00>
ST_10 : Operation 195 [1/1] (1.29ns)   --->   "%ret_ln0 = ret"   --->   Operation 195 'ret' 'ret_ln0' <Predicate = (icmp_ln9)> <Delay = 1.29>

State 11 <SV = 10> <Delay = 6.70>
ST_11 : Operation 119 [1/1] (0.00ns)   --->   "%specloopname_ln0 = specloopname void @_ssdm_op_SpecLoopName, void @LOAD_INC_LOAD_INH_LOAD_INW_str"   --->   Operation 119 'specloopname' 'specloopname_ln0' <Predicate = true> <Delay = 0.00>
ST_11 : Operation 120 [1/1] (0.00ns)   --->   "%speclooptripcount_ln0 = speclooptripcount void @_ssdm_op_SpecLoopTripCount, i64 3072, i64 3072, i64 3072"   --->   Operation 120 'speclooptripcount' 'speclooptripcount_ln0' <Predicate = true> <Delay = 0.00>
ST_11 : Operation 121 [1/10] (3.30ns)   --->   "%urem_ln8 = urem i6 %select_ln10, i6 3" [../FP32-Model/transfer.cpp:8->../FP32-Model/mobilenet_v1.cpp:46]   --->   Operation 121 'urem' 'urem_ln8' <Predicate = true> <Delay = 3.30> <CoreInst = "Divider">   --->   Core 6 'Divider' <Latency = 9> <II = 1> <Delay = 3.30> <FuncUnit> <Opcode : 'udiv' 'sdiv' 'urem' 'srem'> <InPorts = 2> <OutPorts = 1>
ST_11 : Operation 122 [1/1] (0.00ns)   --->   "%trunc_ln8 = trunc i2 %urem_ln8" [../FP32-Model/transfer.cpp:8->../FP32-Model/mobilenet_v1.cpp:46]   --->   Operation 122 'trunc' 'trunc_ln8' <Predicate = true> <Delay = 0.00>
ST_11 : Operation 123 [1/1] (0.00ns)   --->   "%specpipeline_ln12 = specpipeline void @_ssdm_op_SpecPipeline, i32 4294967295, i32 0, i32 0, i32 0, i32 4294967295, void @empty" [../FP32-Model/transfer.cpp:12->../FP32-Model/mobilenet_v1.cpp:46]   --->   Operation 123 'specpipeline' 'specpipeline_ln12' <Predicate = true> <Delay = 0.00>
ST_11 : Operation 124 [1/1] (0.00ns)   --->   "%zext_ln13_1 = zext i8 %add_ln13_2" [../FP32-Model/transfer.cpp:13->../FP32-Model/mobilenet_v1.cpp:46]   --->   Operation 124 'zext' 'zext_ln13_1' <Predicate = true> <Delay = 0.00>
ST_11 : Operation 125 [1/1] (0.00ns)   --->   "%in_buf_addr = getelementptr i32 %in_buf, i64 0, i64 %zext_ln13_1" [../FP32-Model/transfer.cpp:13->../FP32-Model/mobilenet_v1.cpp:46]   --->   Operation 125 'getelementptr' 'in_buf_addr' <Predicate = true> <Delay = 0.00>
ST_11 : Operation 126 [1/1] (0.00ns)   --->   "%in_buf_1_addr = getelementptr i32 %in_buf_1, i64 0, i64 %zext_ln13_1" [../FP32-Model/transfer.cpp:13->../FP32-Model/mobilenet_v1.cpp:46]   --->   Operation 126 'getelementptr' 'in_buf_1_addr' <Predicate = true> <Delay = 0.00>
ST_11 : Operation 127 [1/1] (0.00ns)   --->   "%in_buf_2_addr = getelementptr i32 %in_buf_2, i64 0, i64 %zext_ln13_1" [../FP32-Model/transfer.cpp:13->../FP32-Model/mobilenet_v1.cpp:46]   --->   Operation 127 'getelementptr' 'in_buf_2_addr' <Predicate = true> <Delay = 0.00>
ST_11 : Operation 128 [1/1] (0.00ns)   --->   "%in_buf_3_addr = getelementptr i32 %in_buf_3, i64 0, i64 %zext_ln13_1" [../FP32-Model/transfer.cpp:13->../FP32-Model/mobilenet_v1.cpp:46]   --->   Operation 128 'getelementptr' 'in_buf_3_addr' <Predicate = true> <Delay = 0.00>
ST_11 : Operation 129 [1/1] (0.00ns)   --->   "%in_buf_4_addr = getelementptr i32 %in_buf_4, i64 0, i64 %zext_ln13_1" [../FP32-Model/transfer.cpp:13->../FP32-Model/mobilenet_v1.cpp:46]   --->   Operation 129 'getelementptr' 'in_buf_4_addr' <Predicate = true> <Delay = 0.00>
ST_11 : Operation 130 [1/1] (0.00ns)   --->   "%in_buf_5_addr = getelementptr i32 %in_buf_5, i64 0, i64 %zext_ln13_1" [../FP32-Model/transfer.cpp:13->../FP32-Model/mobilenet_v1.cpp:46]   --->   Operation 130 'getelementptr' 'in_buf_5_addr' <Predicate = true> <Delay = 0.00>
ST_11 : Operation 131 [1/1] (0.00ns)   --->   "%in_buf_6_addr = getelementptr i32 %in_buf_6, i64 0, i64 %zext_ln13_1" [../FP32-Model/transfer.cpp:13->../FP32-Model/mobilenet_v1.cpp:46]   --->   Operation 131 'getelementptr' 'in_buf_6_addr' <Predicate = true> <Delay = 0.00>
ST_11 : Operation 132 [1/1] (0.00ns)   --->   "%in_buf_7_addr = getelementptr i32 %in_buf_7, i64 0, i64 %zext_ln13_1" [../FP32-Model/transfer.cpp:13->../FP32-Model/mobilenet_v1.cpp:46]   --->   Operation 132 'getelementptr' 'in_buf_7_addr' <Predicate = true> <Delay = 0.00>
ST_11 : Operation 133 [1/1] (0.00ns)   --->   "%in_buf_8_addr = getelementptr i32 %in_buf_8, i64 0, i64 %zext_ln13_1" [../FP32-Model/transfer.cpp:13->../FP32-Model/mobilenet_v1.cpp:46]   --->   Operation 133 'getelementptr' 'in_buf_8_addr' <Predicate = true> <Delay = 0.00>
ST_11 : Operation 134 [1/1] (0.00ns)   --->   "%in_buf_9_addr = getelementptr i32 %in_buf_9, i64 0, i64 %zext_ln13_1" [../FP32-Model/transfer.cpp:13->../FP32-Model/mobilenet_v1.cpp:46]   --->   Operation 134 'getelementptr' 'in_buf_9_addr' <Predicate = true> <Delay = 0.00>
ST_11 : Operation 135 [1/1] (0.00ns)   --->   "%in_buf_10_addr = getelementptr i32 %in_buf_10, i64 0, i64 %zext_ln13_1" [../FP32-Model/transfer.cpp:13->../FP32-Model/mobilenet_v1.cpp:46]   --->   Operation 135 'getelementptr' 'in_buf_10_addr' <Predicate = true> <Delay = 0.00>
ST_11 : Operation 136 [1/1] (0.00ns)   --->   "%in_buf_11_addr = getelementptr i32 %in_buf_11, i64 0, i64 %zext_ln13_1" [../FP32-Model/transfer.cpp:13->../FP32-Model/mobilenet_v1.cpp:46]   --->   Operation 136 'getelementptr' 'in_buf_11_addr' <Predicate = true> <Delay = 0.00>
ST_11 : Operation 137 [1/1] (0.00ns)   --->   "%in_buf_12_addr = getelementptr i32 %in_buf_12, i64 0, i64 %zext_ln13_1" [../FP32-Model/transfer.cpp:13->../FP32-Model/mobilenet_v1.cpp:46]   --->   Operation 137 'getelementptr' 'in_buf_12_addr' <Predicate = true> <Delay = 0.00>
ST_11 : Operation 138 [1/1] (0.00ns)   --->   "%in_buf_13_addr = getelementptr i32 %in_buf_13, i64 0, i64 %zext_ln13_1" [../FP32-Model/transfer.cpp:13->../FP32-Model/mobilenet_v1.cpp:46]   --->   Operation 138 'getelementptr' 'in_buf_13_addr' <Predicate = true> <Delay = 0.00>
ST_11 : Operation 139 [1/1] (0.00ns)   --->   "%in_buf_14_addr = getelementptr i32 %in_buf_14, i64 0, i64 %zext_ln13_1" [../FP32-Model/transfer.cpp:13->../FP32-Model/mobilenet_v1.cpp:46]   --->   Operation 139 'getelementptr' 'in_buf_14_addr' <Predicate = true> <Delay = 0.00>
ST_11 : Operation 140 [1/1] (0.00ns)   --->   "%in_buf_15_addr = getelementptr i32 %in_buf_15, i64 0, i64 %zext_ln13_1" [../FP32-Model/transfer.cpp:13->../FP32-Model/mobilenet_v1.cpp:46]   --->   Operation 140 'getelementptr' 'in_buf_15_addr' <Predicate = true> <Delay = 0.00>
ST_11 : Operation 141 [1/1] (0.00ns)   --->   "%in_buf_16_addr = getelementptr i32 %in_buf_16, i64 0, i64 %zext_ln13_1" [../FP32-Model/transfer.cpp:13->../FP32-Model/mobilenet_v1.cpp:46]   --->   Operation 141 'getelementptr' 'in_buf_16_addr' <Predicate = true> <Delay = 0.00>
ST_11 : Operation 142 [1/1] (0.00ns)   --->   "%in_buf_17_addr = getelementptr i32 %in_buf_17, i64 0, i64 %zext_ln13_1" [../FP32-Model/transfer.cpp:13->../FP32-Model/mobilenet_v1.cpp:46]   --->   Operation 142 'getelementptr' 'in_buf_17_addr' <Predicate = true> <Delay = 0.00>
ST_11 : Operation 143 [1/10] (3.30ns)   --->   "%urem_ln8_1 = urem i6 %iw_mid2, i6 3" [../FP32-Model/transfer.cpp:8->../FP32-Model/mobilenet_v1.cpp:46]   --->   Operation 143 'urem' 'urem_ln8_1' <Predicate = true> <Delay = 3.30> <CoreInst = "Divider">   --->   Core 6 'Divider' <Latency = 9> <II = 1> <Delay = 3.30> <FuncUnit> <Opcode : 'udiv' 'sdiv' 'urem' 'srem'> <InPorts = 2> <OutPorts = 1>
ST_11 : Operation 144 [1/1] (0.00ns)   --->   "%trunc_ln8_1 = trunc i2 %urem_ln8_1" [../FP32-Model/transfer.cpp:8->../FP32-Model/mobilenet_v1.cpp:46]   --->   Operation 144 'trunc' 'trunc_ln8_1' <Predicate = true> <Delay = 0.00>
ST_11 : Operation 145 [1/1] (0.63ns)   --->   "%switch_ln13 = switch i2 %trunc_ln8, void %arrayidx142.i199_0.case.2, i2 0, void %arrayidx142.i199_0.case.0, i2 1, void %arrayidx142.i199_0.case.1" [../FP32-Model/transfer.cpp:13->../FP32-Model/mobilenet_v1.cpp:46]   --->   Operation 145 'switch' 'switch_ln13' <Predicate = (!trunc_ln9)> <Delay = 0.63>
ST_11 : Operation 146 [1/1] (0.63ns)   --->   "%switch_ln13 = switch i2 %trunc_ln8_1, void %arrayidx142.i199_0.case.21182, i2 0, void %arrayidx142.i199_0.case.01180, i2 1, void %arrayidx142.i199_0.case.11181" [../FP32-Model/transfer.cpp:13->../FP32-Model/mobilenet_v1.cpp:46]   --->   Operation 146 'switch' 'switch_ln13' <Predicate = (!trunc_ln9 & trunc_ln8 == 1)> <Delay = 0.63>
ST_11 : Operation 147 [1/1] ( I:2.77ns O:2.77ns )   --->   "%store_ln13 = store i32 %bitcast_ln13, i8 %in_buf_4_addr" [../FP32-Model/transfer.cpp:13->../FP32-Model/mobilenet_v1.cpp:46]   --->   Operation 147 'store' 'store_ln13' <Predicate = (!trunc_ln9 & trunc_ln8 == 1 & trunc_ln8_1 == 1)> <Delay = 2.77> <CoreInst = "RAM_1P_BRAM">   --->   Core 87 'RAM_1P_BRAM' <Latency = 1> <II = 1> <Delay = 2.77> <Storage> <Opcode : 'load' 'store'> <Ports = 1> <Width = 32> <Depth = 242> <RAM>
ST_11 : Operation 148 [1/1] (0.00ns)   --->   "%br_ln13 = br void %arrayidx142.i199_0.exit1179" [../FP32-Model/transfer.cpp:13->../FP32-Model/mobilenet_v1.cpp:46]   --->   Operation 148 'br' 'br_ln13' <Predicate = (!trunc_ln9 & trunc_ln8 == 1 & trunc_ln8_1 == 1)> <Delay = 0.00>
ST_11 : Operation 149 [1/1] ( I:2.77ns O:2.77ns )   --->   "%store_ln13 = store i32 %bitcast_ln13, i8 %in_buf_3_addr" [../FP32-Model/transfer.cpp:13->../FP32-Model/mobilenet_v1.cpp:46]   --->   Operation 149 'store' 'store_ln13' <Predicate = (!trunc_ln9 & trunc_ln8 == 1 & trunc_ln8_1 == 0)> <Delay = 2.77> <CoreInst = "RAM_1P_BRAM">   --->   Core 87 'RAM_1P_BRAM' <Latency = 1> <II = 1> <Delay = 2.77> <Storage> <Opcode : 'load' 'store'> <Ports = 1> <Width = 32> <Depth = 242> <RAM>
ST_11 : Operation 150 [1/1] (0.00ns)   --->   "%br_ln13 = br void %arrayidx142.i199_0.exit1179" [../FP32-Model/transfer.cpp:13->../FP32-Model/mobilenet_v1.cpp:46]   --->   Operation 150 'br' 'br_ln13' <Predicate = (!trunc_ln9 & trunc_ln8 == 1 & trunc_ln8_1 == 0)> <Delay = 0.00>
ST_11 : Operation 151 [1/1] ( I:2.77ns O:2.77ns )   --->   "%store_ln13 = store i32 %bitcast_ln13, i8 %in_buf_5_addr" [../FP32-Model/transfer.cpp:13->../FP32-Model/mobilenet_v1.cpp:46]   --->   Operation 151 'store' 'store_ln13' <Predicate = (!trunc_ln9 & trunc_ln8 == 1 & trunc_ln8_1 != 0 & trunc_ln8_1 != 1)> <Delay = 2.77> <CoreInst = "RAM_1P_BRAM">   --->   Core 87 'RAM_1P_BRAM' <Latency = 1> <II = 1> <Delay = 2.77> <Storage> <Opcode : 'load' 'store'> <Ports = 1> <Width = 32> <Depth = 242> <RAM>
ST_11 : Operation 152 [1/1] (0.00ns)   --->   "%br_ln13 = br void %arrayidx142.i199_0.exit1179" [../FP32-Model/transfer.cpp:13->../FP32-Model/mobilenet_v1.cpp:46]   --->   Operation 152 'br' 'br_ln13' <Predicate = (!trunc_ln9 & trunc_ln8 == 1 & trunc_ln8_1 != 0 & trunc_ln8_1 != 1)> <Delay = 0.00>
ST_11 : Operation 153 [1/1] (0.00ns)   --->   "%br_ln13 = br void %arrayidx142.i199_0.exit" [../FP32-Model/transfer.cpp:13->../FP32-Model/mobilenet_v1.cpp:46]   --->   Operation 153 'br' 'br_ln13' <Predicate = (!trunc_ln9 & trunc_ln8 == 1)> <Delay = 0.00>
ST_11 : Operation 154 [1/1] (0.63ns)   --->   "%switch_ln13 = switch i2 %trunc_ln8_1, void %arrayidx142.i199_0.case.21177, i2 0, void %arrayidx142.i199_0.case.01175, i2 1, void %arrayidx142.i199_0.case.11176" [../FP32-Model/transfer.cpp:13->../FP32-Model/mobilenet_v1.cpp:46]   --->   Operation 154 'switch' 'switch_ln13' <Predicate = (!trunc_ln9 & trunc_ln8 == 0)> <Delay = 0.63>
ST_11 : Operation 155 [1/1] ( I:2.77ns O:2.77ns )   --->   "%store_ln13 = store i32 %bitcast_ln13, i8 %in_buf_1_addr" [../FP32-Model/transfer.cpp:13->../FP32-Model/mobilenet_v1.cpp:46]   --->   Operation 155 'store' 'store_ln13' <Predicate = (!trunc_ln9 & trunc_ln8 == 0 & trunc_ln8_1 == 1)> <Delay = 2.77> <CoreInst = "RAM_1P_BRAM">   --->   Core 87 'RAM_1P_BRAM' <Latency = 1> <II = 1> <Delay = 2.77> <Storage> <Opcode : 'load' 'store'> <Ports = 1> <Width = 32> <Depth = 242> <RAM>
ST_11 : Operation 156 [1/1] (0.00ns)   --->   "%br_ln13 = br void %arrayidx142.i199_0.exit1174" [../FP32-Model/transfer.cpp:13->../FP32-Model/mobilenet_v1.cpp:46]   --->   Operation 156 'br' 'br_ln13' <Predicate = (!trunc_ln9 & trunc_ln8 == 0 & trunc_ln8_1 == 1)> <Delay = 0.00>
ST_11 : Operation 157 [1/1] ( I:2.77ns O:2.77ns )   --->   "%store_ln13 = store i32 %bitcast_ln13, i8 %in_buf_addr" [../FP32-Model/transfer.cpp:13->../FP32-Model/mobilenet_v1.cpp:46]   --->   Operation 157 'store' 'store_ln13' <Predicate = (!trunc_ln9 & trunc_ln8 == 0 & trunc_ln8_1 == 0)> <Delay = 2.77> <CoreInst = "RAM_1P_BRAM">   --->   Core 87 'RAM_1P_BRAM' <Latency = 1> <II = 1> <Delay = 2.77> <Storage> <Opcode : 'load' 'store'> <Ports = 1> <Width = 32> <Depth = 242> <RAM>
ST_11 : Operation 158 [1/1] (0.00ns)   --->   "%br_ln13 = br void %arrayidx142.i199_0.exit1174" [../FP32-Model/transfer.cpp:13->../FP32-Model/mobilenet_v1.cpp:46]   --->   Operation 158 'br' 'br_ln13' <Predicate = (!trunc_ln9 & trunc_ln8 == 0 & trunc_ln8_1 == 0)> <Delay = 0.00>
ST_11 : Operation 159 [1/1] ( I:2.77ns O:2.77ns )   --->   "%store_ln13 = store i32 %bitcast_ln13, i8 %in_buf_2_addr" [../FP32-Model/transfer.cpp:13->../FP32-Model/mobilenet_v1.cpp:46]   --->   Operation 159 'store' 'store_ln13' <Predicate = (!trunc_ln9 & trunc_ln8 == 0 & trunc_ln8_1 != 0 & trunc_ln8_1 != 1)> <Delay = 2.77> <CoreInst = "RAM_1P_BRAM">   --->   Core 87 'RAM_1P_BRAM' <Latency = 1> <II = 1> <Delay = 2.77> <Storage> <Opcode : 'load' 'store'> <Ports = 1> <Width = 32> <Depth = 242> <RAM>
ST_11 : Operation 160 [1/1] (0.00ns)   --->   "%br_ln13 = br void %arrayidx142.i199_0.exit1174" [../FP32-Model/transfer.cpp:13->../FP32-Model/mobilenet_v1.cpp:46]   --->   Operation 160 'br' 'br_ln13' <Predicate = (!trunc_ln9 & trunc_ln8 == 0 & trunc_ln8_1 != 0 & trunc_ln8_1 != 1)> <Delay = 0.00>
ST_11 : Operation 161 [1/1] (0.00ns)   --->   "%br_ln13 = br void %arrayidx142.i199_0.exit" [../FP32-Model/transfer.cpp:13->../FP32-Model/mobilenet_v1.cpp:46]   --->   Operation 161 'br' 'br_ln13' <Predicate = (!trunc_ln9 & trunc_ln8 == 0)> <Delay = 0.00>
ST_11 : Operation 162 [1/1] (0.63ns)   --->   "%switch_ln13 = switch i2 %trunc_ln8_1, void %arrayidx142.i199_0.case.21187, i2 0, void %arrayidx142.i199_0.case.01185, i2 1, void %arrayidx142.i199_0.case.11186" [../FP32-Model/transfer.cpp:13->../FP32-Model/mobilenet_v1.cpp:46]   --->   Operation 162 'switch' 'switch_ln13' <Predicate = (!trunc_ln9 & trunc_ln8 != 0 & trunc_ln8 != 1)> <Delay = 0.63>
ST_11 : Operation 163 [1/1] ( I:2.77ns O:2.77ns )   --->   "%store_ln13 = store i32 %bitcast_ln13, i8 %in_buf_7_addr" [../FP32-Model/transfer.cpp:13->../FP32-Model/mobilenet_v1.cpp:46]   --->   Operation 163 'store' 'store_ln13' <Predicate = (!trunc_ln9 & trunc_ln8 != 0 & trunc_ln8 != 1 & trunc_ln8_1 == 1)> <Delay = 2.77> <CoreInst = "RAM_1P_BRAM">   --->   Core 87 'RAM_1P_BRAM' <Latency = 1> <II = 1> <Delay = 2.77> <Storage> <Opcode : 'load' 'store'> <Ports = 1> <Width = 32> <Depth = 242> <RAM>
ST_11 : Operation 164 [1/1] (0.00ns)   --->   "%br_ln13 = br void %arrayidx142.i199_0.exit1184" [../FP32-Model/transfer.cpp:13->../FP32-Model/mobilenet_v1.cpp:46]   --->   Operation 164 'br' 'br_ln13' <Predicate = (!trunc_ln9 & trunc_ln8 != 0 & trunc_ln8 != 1 & trunc_ln8_1 == 1)> <Delay = 0.00>
ST_11 : Operation 165 [1/1] ( I:2.77ns O:2.77ns )   --->   "%store_ln13 = store i32 %bitcast_ln13, i8 %in_buf_6_addr" [../FP32-Model/transfer.cpp:13->../FP32-Model/mobilenet_v1.cpp:46]   --->   Operation 165 'store' 'store_ln13' <Predicate = (!trunc_ln9 & trunc_ln8 != 0 & trunc_ln8 != 1 & trunc_ln8_1 == 0)> <Delay = 2.77> <CoreInst = "RAM_1P_BRAM">   --->   Core 87 'RAM_1P_BRAM' <Latency = 1> <II = 1> <Delay = 2.77> <Storage> <Opcode : 'load' 'store'> <Ports = 1> <Width = 32> <Depth = 242> <RAM>
ST_11 : Operation 166 [1/1] (0.00ns)   --->   "%br_ln13 = br void %arrayidx142.i199_0.exit1184" [../FP32-Model/transfer.cpp:13->../FP32-Model/mobilenet_v1.cpp:46]   --->   Operation 166 'br' 'br_ln13' <Predicate = (!trunc_ln9 & trunc_ln8 != 0 & trunc_ln8 != 1 & trunc_ln8_1 == 0)> <Delay = 0.00>
ST_11 : Operation 167 [1/1] ( I:2.77ns O:2.77ns )   --->   "%store_ln13 = store i32 %bitcast_ln13, i8 %in_buf_8_addr" [../FP32-Model/transfer.cpp:13->../FP32-Model/mobilenet_v1.cpp:46]   --->   Operation 167 'store' 'store_ln13' <Predicate = (!trunc_ln9 & trunc_ln8 != 0 & trunc_ln8 != 1 & trunc_ln8_1 != 0 & trunc_ln8_1 != 1)> <Delay = 2.77> <CoreInst = "RAM_1P_BRAM">   --->   Core 87 'RAM_1P_BRAM' <Latency = 1> <II = 1> <Delay = 2.77> <Storage> <Opcode : 'load' 'store'> <Ports = 1> <Width = 32> <Depth = 242> <RAM>
ST_11 : Operation 168 [1/1] (0.00ns)   --->   "%br_ln13 = br void %arrayidx142.i199_0.exit1184" [../FP32-Model/transfer.cpp:13->../FP32-Model/mobilenet_v1.cpp:46]   --->   Operation 168 'br' 'br_ln13' <Predicate = (!trunc_ln9 & trunc_ln8 != 0 & trunc_ln8 != 1 & trunc_ln8_1 != 0 & trunc_ln8_1 != 1)> <Delay = 0.00>
ST_11 : Operation 169 [1/1] (0.00ns)   --->   "%br_ln13 = br void %arrayidx142.i199_0.exit" [../FP32-Model/transfer.cpp:13->../FP32-Model/mobilenet_v1.cpp:46]   --->   Operation 169 'br' 'br_ln13' <Predicate = (!trunc_ln9 & trunc_ln8 != 0 & trunc_ln8 != 1)> <Delay = 0.00>
ST_11 : Operation 170 [1/1] (0.63ns)   --->   "%switch_ln13 = switch i2 %trunc_ln8, void %arrayidx142.i199_1.case.2, i2 0, void %arrayidx142.i199_1.case.0, i2 1, void %arrayidx142.i199_1.case.1" [../FP32-Model/transfer.cpp:13->../FP32-Model/mobilenet_v1.cpp:46]   --->   Operation 170 'switch' 'switch_ln13' <Predicate = (trunc_ln9)> <Delay = 0.63>
ST_11 : Operation 171 [1/1] (0.63ns)   --->   "%switch_ln13 = switch i2 %trunc_ln8_1, void %arrayidx142.i199_1.case.21197, i2 0, void %arrayidx142.i199_1.case.01195, i2 1, void %arrayidx142.i199_1.case.11196" [../FP32-Model/transfer.cpp:13->../FP32-Model/mobilenet_v1.cpp:46]   --->   Operation 171 'switch' 'switch_ln13' <Predicate = (trunc_ln9 & trunc_ln8 == 1)> <Delay = 0.63>
ST_11 : Operation 172 [1/1] ( I:2.77ns O:2.77ns )   --->   "%store_ln13 = store i32 %bitcast_ln13, i8 %in_buf_13_addr" [../FP32-Model/transfer.cpp:13->../FP32-Model/mobilenet_v1.cpp:46]   --->   Operation 172 'store' 'store_ln13' <Predicate = (trunc_ln9 & trunc_ln8 == 1 & trunc_ln8_1 == 1)> <Delay = 2.77> <CoreInst = "RAM_1P_BRAM">   --->   Core 87 'RAM_1P_BRAM' <Latency = 1> <II = 1> <Delay = 2.77> <Storage> <Opcode : 'load' 'store'> <Ports = 1> <Width = 32> <Depth = 242> <RAM>
ST_11 : Operation 173 [1/1] (0.00ns)   --->   "%br_ln13 = br void %arrayidx142.i199_1.exit1194" [../FP32-Model/transfer.cpp:13->../FP32-Model/mobilenet_v1.cpp:46]   --->   Operation 173 'br' 'br_ln13' <Predicate = (trunc_ln9 & trunc_ln8 == 1 & trunc_ln8_1 == 1)> <Delay = 0.00>
ST_11 : Operation 174 [1/1] ( I:2.77ns O:2.77ns )   --->   "%store_ln13 = store i32 %bitcast_ln13, i8 %in_buf_12_addr" [../FP32-Model/transfer.cpp:13->../FP32-Model/mobilenet_v1.cpp:46]   --->   Operation 174 'store' 'store_ln13' <Predicate = (trunc_ln9 & trunc_ln8 == 1 & trunc_ln8_1 == 0)> <Delay = 2.77> <CoreInst = "RAM_1P_BRAM">   --->   Core 87 'RAM_1P_BRAM' <Latency = 1> <II = 1> <Delay = 2.77> <Storage> <Opcode : 'load' 'store'> <Ports = 1> <Width = 32> <Depth = 242> <RAM>
ST_11 : Operation 175 [1/1] (0.00ns)   --->   "%br_ln13 = br void %arrayidx142.i199_1.exit1194" [../FP32-Model/transfer.cpp:13->../FP32-Model/mobilenet_v1.cpp:46]   --->   Operation 175 'br' 'br_ln13' <Predicate = (trunc_ln9 & trunc_ln8 == 1 & trunc_ln8_1 == 0)> <Delay = 0.00>
ST_11 : Operation 176 [1/1] ( I:2.77ns O:2.77ns )   --->   "%store_ln13 = store i32 %bitcast_ln13, i8 %in_buf_14_addr" [../FP32-Model/transfer.cpp:13->../FP32-Model/mobilenet_v1.cpp:46]   --->   Operation 176 'store' 'store_ln13' <Predicate = (trunc_ln9 & trunc_ln8 == 1 & trunc_ln8_1 != 0 & trunc_ln8_1 != 1)> <Delay = 2.77> <CoreInst = "RAM_1P_BRAM">   --->   Core 87 'RAM_1P_BRAM' <Latency = 1> <II = 1> <Delay = 2.77> <Storage> <Opcode : 'load' 'store'> <Ports = 1> <Width = 32> <Depth = 242> <RAM>
ST_11 : Operation 177 [1/1] (0.00ns)   --->   "%br_ln13 = br void %arrayidx142.i199_1.exit1194" [../FP32-Model/transfer.cpp:13->../FP32-Model/mobilenet_v1.cpp:46]   --->   Operation 177 'br' 'br_ln13' <Predicate = (trunc_ln9 & trunc_ln8 == 1 & trunc_ln8_1 != 0 & trunc_ln8_1 != 1)> <Delay = 0.00>
ST_11 : Operation 178 [1/1] (0.00ns)   --->   "%br_ln13 = br void %arrayidx142.i199_1.exit" [../FP32-Model/transfer.cpp:13->../FP32-Model/mobilenet_v1.cpp:46]   --->   Operation 178 'br' 'br_ln13' <Predicate = (trunc_ln9 & trunc_ln8 == 1)> <Delay = 0.00>
ST_11 : Operation 179 [1/1] (0.63ns)   --->   "%switch_ln13 = switch i2 %trunc_ln8_1, void %arrayidx142.i199_1.case.21192, i2 0, void %arrayidx142.i199_1.case.01190, i2 1, void %arrayidx142.i199_1.case.11191" [../FP32-Model/transfer.cpp:13->../FP32-Model/mobilenet_v1.cpp:46]   --->   Operation 179 'switch' 'switch_ln13' <Predicate = (trunc_ln9 & trunc_ln8 == 0)> <Delay = 0.63>
ST_11 : Operation 180 [1/1] ( I:2.77ns O:2.77ns )   --->   "%store_ln13 = store i32 %bitcast_ln13, i8 %in_buf_10_addr" [../FP32-Model/transfer.cpp:13->../FP32-Model/mobilenet_v1.cpp:46]   --->   Operation 180 'store' 'store_ln13' <Predicate = (trunc_ln9 & trunc_ln8 == 0 & trunc_ln8_1 == 1)> <Delay = 2.77> <CoreInst = "RAM_1P_BRAM">   --->   Core 87 'RAM_1P_BRAM' <Latency = 1> <II = 1> <Delay = 2.77> <Storage> <Opcode : 'load' 'store'> <Ports = 1> <Width = 32> <Depth = 242> <RAM>
ST_11 : Operation 181 [1/1] (0.00ns)   --->   "%br_ln13 = br void %arrayidx142.i199_1.exit1189" [../FP32-Model/transfer.cpp:13->../FP32-Model/mobilenet_v1.cpp:46]   --->   Operation 181 'br' 'br_ln13' <Predicate = (trunc_ln9 & trunc_ln8 == 0 & trunc_ln8_1 == 1)> <Delay = 0.00>
ST_11 : Operation 182 [1/1] ( I:2.77ns O:2.77ns )   --->   "%store_ln13 = store i32 %bitcast_ln13, i8 %in_buf_9_addr" [../FP32-Model/transfer.cpp:13->../FP32-Model/mobilenet_v1.cpp:46]   --->   Operation 182 'store' 'store_ln13' <Predicate = (trunc_ln9 & trunc_ln8 == 0 & trunc_ln8_1 == 0)> <Delay = 2.77> <CoreInst = "RAM_1P_BRAM">   --->   Core 87 'RAM_1P_BRAM' <Latency = 1> <II = 1> <Delay = 2.77> <Storage> <Opcode : 'load' 'store'> <Ports = 1> <Width = 32> <Depth = 242> <RAM>
ST_11 : Operation 183 [1/1] (0.00ns)   --->   "%br_ln13 = br void %arrayidx142.i199_1.exit1189" [../FP32-Model/transfer.cpp:13->../FP32-Model/mobilenet_v1.cpp:46]   --->   Operation 183 'br' 'br_ln13' <Predicate = (trunc_ln9 & trunc_ln8 == 0 & trunc_ln8_1 == 0)> <Delay = 0.00>
ST_11 : Operation 184 [1/1] ( I:2.77ns O:2.77ns )   --->   "%store_ln13 = store i32 %bitcast_ln13, i8 %in_buf_11_addr" [../FP32-Model/transfer.cpp:13->../FP32-Model/mobilenet_v1.cpp:46]   --->   Operation 184 'store' 'store_ln13' <Predicate = (trunc_ln9 & trunc_ln8 == 0 & trunc_ln8_1 != 0 & trunc_ln8_1 != 1)> <Delay = 2.77> <CoreInst = "RAM_1P_BRAM">   --->   Core 87 'RAM_1P_BRAM' <Latency = 1> <II = 1> <Delay = 2.77> <Storage> <Opcode : 'load' 'store'> <Ports = 1> <Width = 32> <Depth = 242> <RAM>
ST_11 : Operation 185 [1/1] (0.00ns)   --->   "%br_ln13 = br void %arrayidx142.i199_1.exit1189" [../FP32-Model/transfer.cpp:13->../FP32-Model/mobilenet_v1.cpp:46]   --->   Operation 185 'br' 'br_ln13' <Predicate = (trunc_ln9 & trunc_ln8 == 0 & trunc_ln8_1 != 0 & trunc_ln8_1 != 1)> <Delay = 0.00>
ST_11 : Operation 186 [1/1] (0.00ns)   --->   "%br_ln13 = br void %arrayidx142.i199_1.exit" [../FP32-Model/transfer.cpp:13->../FP32-Model/mobilenet_v1.cpp:46]   --->   Operation 186 'br' 'br_ln13' <Predicate = (trunc_ln9 & trunc_ln8 == 0)> <Delay = 0.00>
ST_11 : Operation 187 [1/1] (0.63ns)   --->   "%switch_ln13 = switch i2 %trunc_ln8_1, void %arrayidx142.i199_1.case.21202, i2 0, void %arrayidx142.i199_1.case.01200, i2 1, void %arrayidx142.i199_1.case.11201" [../FP32-Model/transfer.cpp:13->../FP32-Model/mobilenet_v1.cpp:46]   --->   Operation 187 'switch' 'switch_ln13' <Predicate = (trunc_ln9 & trunc_ln8 != 0 & trunc_ln8 != 1)> <Delay = 0.63>
ST_11 : Operation 188 [1/1] ( I:2.77ns O:2.77ns )   --->   "%store_ln13 = store i32 %bitcast_ln13, i8 %in_buf_16_addr" [../FP32-Model/transfer.cpp:13->../FP32-Model/mobilenet_v1.cpp:46]   --->   Operation 188 'store' 'store_ln13' <Predicate = (trunc_ln9 & trunc_ln8 != 0 & trunc_ln8 != 1 & trunc_ln8_1 == 1)> <Delay = 2.77> <CoreInst = "RAM_1P_BRAM">   --->   Core 87 'RAM_1P_BRAM' <Latency = 1> <II = 1> <Delay = 2.77> <Storage> <Opcode : 'load' 'store'> <Ports = 1> <Width = 32> <Depth = 242> <RAM>
ST_11 : Operation 189 [1/1] (0.00ns)   --->   "%br_ln13 = br void %arrayidx142.i199_1.exit1199" [../FP32-Model/transfer.cpp:13->../FP32-Model/mobilenet_v1.cpp:46]   --->   Operation 189 'br' 'br_ln13' <Predicate = (trunc_ln9 & trunc_ln8 != 0 & trunc_ln8 != 1 & trunc_ln8_1 == 1)> <Delay = 0.00>
ST_11 : Operation 190 [1/1] ( I:2.77ns O:2.77ns )   --->   "%store_ln13 = store i32 %bitcast_ln13, i8 %in_buf_15_addr" [../FP32-Model/transfer.cpp:13->../FP32-Model/mobilenet_v1.cpp:46]   --->   Operation 190 'store' 'store_ln13' <Predicate = (trunc_ln9 & trunc_ln8 != 0 & trunc_ln8 != 1 & trunc_ln8_1 == 0)> <Delay = 2.77> <CoreInst = "RAM_1P_BRAM">   --->   Core 87 'RAM_1P_BRAM' <Latency = 1> <II = 1> <Delay = 2.77> <Storage> <Opcode : 'load' 'store'> <Ports = 1> <Width = 32> <Depth = 242> <RAM>
ST_11 : Operation 191 [1/1] (0.00ns)   --->   "%br_ln13 = br void %arrayidx142.i199_1.exit1199" [../FP32-Model/transfer.cpp:13->../FP32-Model/mobilenet_v1.cpp:46]   --->   Operation 191 'br' 'br_ln13' <Predicate = (trunc_ln9 & trunc_ln8 != 0 & trunc_ln8 != 1 & trunc_ln8_1 == 0)> <Delay = 0.00>
ST_11 : Operation 192 [1/1] ( I:2.77ns O:2.77ns )   --->   "%store_ln13 = store i32 %bitcast_ln13, i8 %in_buf_17_addr" [../FP32-Model/transfer.cpp:13->../FP32-Model/mobilenet_v1.cpp:46]   --->   Operation 192 'store' 'store_ln13' <Predicate = (trunc_ln9 & trunc_ln8 != 0 & trunc_ln8 != 1 & trunc_ln8_1 != 0 & trunc_ln8_1 != 1)> <Delay = 2.77> <CoreInst = "RAM_1P_BRAM">   --->   Core 87 'RAM_1P_BRAM' <Latency = 1> <II = 1> <Delay = 2.77> <Storage> <Opcode : 'load' 'store'> <Ports = 1> <Width = 32> <Depth = 242> <RAM>
ST_11 : Operation 193 [1/1] (0.00ns)   --->   "%br_ln13 = br void %arrayidx142.i199_1.exit1199" [../FP32-Model/transfer.cpp:13->../FP32-Model/mobilenet_v1.cpp:46]   --->   Operation 193 'br' 'br_ln13' <Predicate = (trunc_ln9 & trunc_ln8 != 0 & trunc_ln8 != 1 & trunc_ln8_1 != 0 & trunc_ln8_1 != 1)> <Delay = 0.00>
ST_11 : Operation 194 [1/1] (0.00ns)   --->   "%br_ln13 = br void %arrayidx142.i199_1.exit" [../FP32-Model/transfer.cpp:13->../FP32-Model/mobilenet_v1.cpp:46]   --->   Operation 194 'br' 'br_ln13' <Predicate = (trunc_ln9 & trunc_ln8 != 0 & trunc_ln8 != 1)> <Delay = 0.00>


============================================================
+ Verbose Summary: Timing violations
============================================================
Target clock period: 10.000ns, clock uncertainty: 2.700ns.

 <State 1>: 4.732ns
The critical path consists of the following:
	'store' operation ('store_ln0') of constant 0 12 bit on local variable 'indvar_flatten' [49]  (1.298 ns)
	'load' operation 12 bit ('indvar_flatten_load', ../FP32-Model/transfer.cpp:10->../FP32-Model/mobilenet_v1.cpp:46) on local variable 'indvar_flatten' [54]  (0.000 ns)
	'icmp' operation 1 bit ('icmp_ln10', ../FP32-Model/transfer.cpp:10->../FP32-Model/mobilenet_v1.cpp:46) [68]  (1.546 ns)
	'select' operation 12 bit ('select_ln10_1', ../FP32-Model/transfer.cpp:10->../FP32-Model/mobilenet_v1.cpp:46) [211]  (0.590 ns)
	'store' operation ('store_ln10', ../FP32-Model/transfer.cpp:10->../FP32-Model/mobilenet_v1.cpp:46) of variable 'select_ln10_1', ../FP32-Model/transfer.cpp:10->../FP32-Model/mobilenet_v1.cpp:46 12 bit on local variable 'indvar_flatten' [214]  (1.298 ns)

 <State 2>: 6.836ns
The critical path consists of the following:
	'load' operation 6 bit ('ih_load', ../FP32-Model/transfer.cpp:9->../FP32-Model/mobilenet_v1.cpp:46) on local variable 'ih', ../FP32-Model/transfer.cpp:10->../FP32-Model/mobilenet_v1.cpp:46 [62]  (0.000 ns)
	'select' operation 6 bit ('select_ln9', ../FP32-Model/transfer.cpp:9->../FP32-Model/mobilenet_v1.cpp:46) [69]  (0.972 ns)
	'add' operation 6 bit ('add_ln10', ../FP32-Model/transfer.cpp:10->../FP32-Model/mobilenet_v1.cpp:46) [74]  (1.282 ns)
	'select' operation 6 bit ('select_ln10', ../FP32-Model/transfer.cpp:10->../FP32-Model/mobilenet_v1.cpp:46) [77]  (0.972 ns)
	'mul' operation 13 bit ('mul_ln8', ../FP32-Model/transfer.cpp:8->../FP32-Model/mobilenet_v1.cpp:46) [84]  (3.610 ns)

 <State 3>: 3.373ns
The critical path consists of the following:
	'select' operation 2 bit ('select_ln13', ../FP32-Model/transfer.cpp:13->../FP32-Model/mobilenet_v1.cpp:46) [80]  (0.813 ns)
	'add' operation 6 bit of DSP[97] ('add_ln13', ../FP32-Model/transfer.cpp:13->../FP32-Model/mobilenet_v1.cpp:46) [87]  (1.580 ns)
	'mul' operation 8 bit of DSP[97] ('mul_ln8_2', ../FP32-Model/transfer.cpp:8->../FP32-Model/mobilenet_v1.cpp:46) [89]  (0.980 ns)

 <State 4>: 3.301ns
The critical path consists of the following:
	'urem' operation 2 bit ('urem_ln8', ../FP32-Model/transfer.cpp:8->../FP32-Model/mobilenet_v1.cpp:46) [90]  (3.301 ns)

 <State 5>: 3.301ns
The critical path consists of the following:
	'urem' operation 2 bit ('urem_ln8', ../FP32-Model/transfer.cpp:8->../FP32-Model/mobilenet_v1.cpp:46) [90]  (3.301 ns)

 <State 6>: 3.301ns
The critical path consists of the following:
	'urem' operation 2 bit ('urem_ln8', ../FP32-Model/transfer.cpp:8->../FP32-Model/mobilenet_v1.cpp:46) [90]  (3.301 ns)

 <State 7>: 3.301ns
The critical path consists of the following:
	'urem' operation 2 bit ('urem_ln8', ../FP32-Model/transfer.cpp:8->../FP32-Model/mobilenet_v1.cpp:46) [90]  (3.301 ns)

 <State 8>: 3.301ns
The critical path consists of the following:
	'urem' operation 2 bit ('urem_ln8', ../FP32-Model/transfer.cpp:8->../FP32-Model/mobilenet_v1.cpp:46) [90]  (3.301 ns)

 <State 9>: 3.301ns
The critical path consists of the following:
	'urem' operation 2 bit ('urem_ln8', ../FP32-Model/transfer.cpp:8->../FP32-Model/mobilenet_v1.cpp:46) [90]  (3.301 ns)

 <State 10>: 7.300ns
The critical path consists of the following:
	'getelementptr' operation 32 bit ('gmem_addr', ../FP32-Model/transfer.cpp:9->../FP32-Model/mobilenet_v1.cpp:46) [64]  (0.000 ns)
	bus read operation ('gmem_addr_read', ../FP32-Model/transfer.cpp:13->../FP32-Model/mobilenet_v1.cpp:46) on port 'gmem' (../FP32-Model/transfer.cpp:13->../FP32-Model/mobilenet_v1.cpp:46) [119]  (7.300 ns)

 <State 11>: 6.704ns
The critical path consists of the following:
	'urem' operation 2 bit ('urem_ln8', ../FP32-Model/transfer.cpp:8->../FP32-Model/mobilenet_v1.cpp:46) [90]  (3.301 ns)
	'store' operation ('store_ln13', ../FP32-Model/transfer.cpp:13->../FP32-Model/mobilenet_v1.cpp:46) of variable 'bitcast_ln13', ../FP32-Model/transfer.cpp:13->../FP32-Model/mobilenet_v1.cpp:46 32 bit on array 'in_buf_4' [127]  (2.771 ns)
	blocking operation 0.632 ns on control path)


============================================================
+ Verbose Summary: Binding
============================================================
N/A
* FSMD analyzer results:
  - Output states:
 - Input state : 
  - Chain level:
	State 1
	State 2
	State 3
	State 4
	State 5
	State 6
	State 7
	State 8
	State 9
	State 10
	State 11


============================================================
+ Verbose Summary: Datapath Resource usage 
============================================================
N/A
