

================================================================
== Vitis HLS Report for 'mobilenet_v1_Pipeline_BN_PW2_C_BN_PW2_H'
================================================================
* Date:           Sat Jun 27 09:58:12 2026

* Version:        2025.2 (Build 6295257 on Nov 14 2025)
* Project:        FP32_HLS
* Solution:       hls (Vivado IP Flow Target)
* Product family: zynq
* Target device:  xc7z045-ffg900-2


================================================================
== Performance Estimates
================================================================
+ Timing: 
    * Summary: 
    +--------+----------+----------+------------+
    |  Clock |  Target  | Estimated| Uncertainty|
    +--------+----------+----------+------------+
    |ap_clk  |  10.00 ns|  7.184 ns|     2.70 ns|
    +--------+----------+----------+------------+

+ Latency: 
    * Summary: 
    +---------+---------+----------+----------+-----+-----+-------------------+
    |  Latency (cycles) |  Latency (absolute) |  Interval |      Pipeline     |
    |   min   |   max   |    min   |    max   | min | max |        Type       |
    +---------+---------+----------+----------+-----+-----+-------------------+
    |      526|      526|  5.260 us|  5.260 us|    0|    0|  loop pipeline stp|
    +---------+---------+----------+----------+-----+-----+-------------------+

    + Detail: 
        * Instance: 
        N/A

        * Loop: 
        +---------------------+---------+---------+----------+-----------+-----------+------+----------+
        |                     |  Latency (cycles) | Iteration|  Initiation Interval  | Trip |          |
        |      Loop Name      |   min   |   max   |  Latency |  achieved |   target  | Count| Pipelined|
        +---------------------+---------+---------+----------+-----------+-----------+------+----------+
        |- BN_PW2_C_BN_PW2_H  |      524|      524|        14|          1|          1|   512|       yes|
        +---------------------+---------+---------+----------+-----------+-----------+------+----------+

============================================================
+ Verbose Summary: Synthesis Manager
============================================================
InlineROM: 1
ExposeGlobal: 0
============================================================
+ Verbose Summary: CDFG Model
============================================================
IsTopModel: 0
ResetActiveHigh: 1
IsCombinational: 0
IsDatapathOnly: 0
HasWiredReturn: 1
HasMFsm: 2
HasVarLatency: 1
IsPipeline: 0
IsRtlPipelined: 0
IsInstanceOverlapped: 0
IsDontTouch: 0
HasImplIP: 0
IsGatedGlobalClock: 0

+ Individual pipeline summary: 
  * Pipeline-0: initiation interval (II) = 1, depth = 14


============================================================
+ Verbose Summary: Schedule
============================================================
* Number of FSM states : 14
* Pipeline : 1
  Pipeline-0 : II = 1, D = 14, States = { 1 2 3 4 5 6 7 8 9 10 11 12 13 14 }
* Dataflow Pipeline: 0

* FSM state transitions: 
1 --> 2 
2 --> 3 
3 --> 4 
4 --> 5 
5 --> 6 
6 --> 7 
7 --> 8 
8 --> 9 
9 --> 10 
10 --> 11 
11 --> 12 
12 --> 13 
13 --> 14 
14 --> 

* FSM state operations: 

State 1 <SV = 0> <Delay = 7.18>
ST_1 : Operation 17 [1/1] (0.00ns)   --->   "%h = alloca i32 1" [../FP32-Model/batchnorm.cpp:136->../FP32-Model/mobilenet_v1.cpp:67]   --->   Operation 17 'alloca' 'h' <Predicate = true> <Delay = 0.00>
ST_1 : Operation 18 [1/1] (0.00ns)   --->   "%c = alloca i32 1" [../FP32-Model/batchnorm.cpp:135->../FP32-Model/mobilenet_v1.cpp:67]   --->   Operation 18 'alloca' 'c' <Predicate = true> <Delay = 0.00>
ST_1 : Operation 19 [1/1] (0.00ns)   --->   "%indvar_flatten60 = alloca i32 1"   --->   Operation 19 'alloca' 'indvar_flatten60' <Predicate = true> <Delay = 0.00>
ST_1 : Operation 20 [1/1] (1.29ns)   --->   "%store_ln0 = store i10 0, i10 %indvar_flatten60"   --->   Operation 20 'store' 'store_ln0' <Predicate = true> <Delay = 1.29>
ST_1 : Operation 21 [1/1] (1.29ns)   --->   "%store_ln135 = store i8 0, i8 %c" [../FP32-Model/batchnorm.cpp:135->../FP32-Model/mobilenet_v1.cpp:67]   --->   Operation 21 'store' 'store_ln135' <Predicate = true> <Delay = 1.29>
ST_1 : Operation 22 [1/1] (1.29ns)   --->   "%store_ln136 = store i3 0, i3 %h" [../FP32-Model/batchnorm.cpp:136->../FP32-Model/mobilenet_v1.cpp:67]   --->   Operation 22 'store' 'store_ln136' <Predicate = true> <Delay = 1.29>
ST_1 : Operation 23 [1/1] (0.00ns)   --->   "%br_ln0 = br void %BN_PW2_W.i"   --->   Operation 23 'br' 'br_ln0' <Predicate = true> <Delay = 0.00>
ST_1 : Operation 24 [1/1] (0.00ns)   --->   "%indvar_flatten60_load = load i10 %indvar_flatten60" [../FP32-Model/batchnorm.cpp:135->../FP32-Model/mobilenet_v1.cpp:67]   --->   Operation 24 'load' 'indvar_flatten60_load' <Predicate = true> <Delay = 0.00>
ST_1 : Operation 25 [1/1] (1.41ns)   --->   "%icmp_ln135 = icmp_eq  i10 %indvar_flatten60_load, i10 512" [../FP32-Model/batchnorm.cpp:135->../FP32-Model/mobilenet_v1.cpp:67]   --->   Operation 25 'icmp' 'icmp_ln135' <Predicate = true> <Delay = 1.41> <CoreInst = "Cmp">   --->   Core 9 'Cmp' <Latency = 0> <II = 1> <Delay = 1.41> <FuncUnit> <Opcode : 'seteq' 'setne' 'setle' 'setge' 'setlt' 'setgt'> <InPorts = 2> <OutPorts = 1>
ST_1 : Operation 26 [1/1] (1.41ns)   --->   "%add_ln135_1 = add i10 %indvar_flatten60_load, i10 1" [../FP32-Model/batchnorm.cpp:135->../FP32-Model/mobilenet_v1.cpp:67]   --->   Operation 26 'add' 'add_ln135_1' <Predicate = true> <Delay = 1.41> <CoreInst = "Adder">   --->   Core 1 'Adder' <Latency = 0> <II = 1> <Delay = 1.41> <FuncUnit> <Opcode : 'add' 'sub'> <InPorts = 2> <OutPorts = 1>
ST_1 : Operation 27 [1/1] (0.00ns)   --->   "%br_ln135 = br i1 %icmp_ln135, void %for.inc26.i142, void %_Z13batchnorm_pw2PA4_A4_fPKfS3_S1_.exit.exitStub" [../FP32-Model/batchnorm.cpp:135->../FP32-Model/mobilenet_v1.cpp:67]   --->   Operation 27 'br' 'br_ln135' <Predicate = true> <Delay = 0.00>
ST_1 : Operation 28 [1/1] (0.00ns)   --->   "%h_load = load i3 %h" [../FP32-Model/batchnorm.cpp:136->../FP32-Model/mobilenet_v1.cpp:67]   --->   Operation 28 'load' 'h_load' <Predicate = (!icmp_ln135)> <Delay = 0.00>
ST_1 : Operation 29 [1/1] (0.00ns)   --->   "%c_load = load i8 %c" [../FP32-Model/batchnorm.cpp:135->../FP32-Model/mobilenet_v1.cpp:67]   --->   Operation 29 'load' 'c_load' <Predicate = (!icmp_ln135)> <Delay = 0.00>
ST_1 : Operation 30 [1/1] (1.30ns)   --->   "%add_ln135 = add i8 %c_load, i8 1" [../FP32-Model/batchnorm.cpp:135->../FP32-Model/mobilenet_v1.cpp:67]   --->   Operation 30 'add' 'add_ln135' <Predicate = (!icmp_ln135)> <Delay = 1.30> <CoreInst = "Adder">   --->   Core 1 'Adder' <Latency = 0> <II = 1> <Delay = 1.30> <FuncUnit> <Opcode : 'add' 'sub'> <InPorts = 2> <OutPorts = 1>
ST_1 : Operation 31 [1/1] (0.76ns)   --->   "%icmp_ln136 = icmp_eq  i3 %h_load, i3 4" [../FP32-Model/batchnorm.cpp:136->../FP32-Model/mobilenet_v1.cpp:67]   --->   Operation 31 'icmp' 'icmp_ln136' <Predicate = (!icmp_ln135)> <Delay = 0.76> <CoreInst = "Cmp">   --->   Core 9 'Cmp' <Latency = 0> <II = 1> <Delay = 0.76> <FuncUnit> <Opcode : 'seteq' 'setne' 'setle' 'setge' 'setlt' 'setgt'> <InPorts = 2> <OutPorts = 1>
ST_1 : Operation 32 [1/1] (0.79ns)   --->   "%select_ln135 = select i1 %icmp_ln136, i3 0, i3 %h_load" [../FP32-Model/batchnorm.cpp:135->../FP32-Model/mobilenet_v1.cpp:67]   --->   Operation 32 'select' 'select_ln135' <Predicate = (!icmp_ln135)> <Delay = 0.79> <CoreInst = "Sel">   --->   Core 73 'Sel' <Latency = 0> <II = 1> <Delay = 0.79> <FuncUnit> <Opcode : 'select'> <InPorts = 3> <OutPorts = 1>
ST_1 : Operation 33 [1/1] (0.44ns)   --->   "%select_ln135_1 = select i1 %icmp_ln136, i8 %add_ln135, i8 %c_load" [../FP32-Model/batchnorm.cpp:135->../FP32-Model/mobilenet_v1.cpp:67]   --->   Operation 33 'select' 'select_ln135_1' <Predicate = (!icmp_ln135)> <Delay = 0.44> <CoreInst = "Sel">   --->   Core 73 'Sel' <Latency = 0> <II = 1> <Delay = 0.44> <FuncUnit> <Opcode : 'select'> <InPorts = 3> <OutPorts = 1>
ST_1 : Operation 34 [1/1] (0.00ns)   --->   "%trunc_ln135 = trunc i8 %select_ln135_1" [../FP32-Model/batchnorm.cpp:135->../FP32-Model/mobilenet_v1.cpp:67]   --->   Operation 34 'trunc' 'trunc_ln135' <Predicate = (!icmp_ln135)> <Delay = 0.00>
ST_1 : Operation 35 [1/1] (0.00ns)   --->   "%tmp_s = bitconcatenate i9 @_ssdm_op_BitConcatenate.i9.i7.i2, i7 %trunc_ln135, i2 0" [../FP32-Model/batchnorm.cpp:139->../FP32-Model/mobilenet_v1.cpp:67]   --->   Operation 35 'bitconcatenate' 'tmp_s' <Predicate = (!icmp_ln135)> <Delay = 0.00>
ST_1 : Operation 36 [1/1] (0.00ns)   --->   "%zext_ln139 = zext i3 %select_ln135" [../FP32-Model/batchnorm.cpp:139->../FP32-Model/mobilenet_v1.cpp:67]   --->   Operation 36 'zext' 'zext_ln139' <Predicate = (!icmp_ln135)> <Delay = 0.00>
ST_1 : Operation 37 [1/1] (1.36ns)   --->   "%add_ln139 = add i9 %tmp_s, i9 %zext_ln139" [../FP32-Model/batchnorm.cpp:139->../FP32-Model/mobilenet_v1.cpp:67]   --->   Operation 37 'add' 'add_ln139' <Predicate = (!icmp_ln135)> <Delay = 1.36> <CoreInst = "Adder">   --->   Core 1 'Adder' <Latency = 0> <II = 1> <Delay = 1.36> <FuncUnit> <Opcode : 'add' 'sub'> <InPorts = 2> <OutPorts = 1>
ST_1 : Operation 38 [1/1] (0.00ns)   --->   "%zext_ln139_1 = zext i9 %add_ln139" [../FP32-Model/batchnorm.cpp:139->../FP32-Model/mobilenet_v1.cpp:67]   --->   Operation 38 'zext' 'zext_ln139_1' <Predicate = (!icmp_ln135)> <Delay = 0.00>
ST_1 : Operation 39 [1/1] (0.00ns)   --->   "%ofmap_pw2_addr = getelementptr i32 %ofmap_pw2, i64 0, i64 %zext_ln139_1" [../FP32-Model/batchnorm.cpp:139->../FP32-Model/mobilenet_v1.cpp:67]   --->   Operation 39 'getelementptr' 'ofmap_pw2_addr' <Predicate = (!icmp_ln135)> <Delay = 0.00>
ST_1 : Operation 40 [1/1] (0.00ns)   --->   "%ofmap_pw2_1_addr = getelementptr i32 %ofmap_pw2_1, i64 0, i64 %zext_ln139_1" [../FP32-Model/batchnorm.cpp:139->../FP32-Model/mobilenet_v1.cpp:67]   --->   Operation 40 'getelementptr' 'ofmap_pw2_1_addr' <Predicate = (!icmp_ln135)> <Delay = 0.00>
ST_1 : Operation 41 [1/1] (0.00ns)   --->   "%ofmap_pw2_2_addr = getelementptr i32 %ofmap_pw2_2, i64 0, i64 %zext_ln139_1" [../FP32-Model/batchnorm.cpp:139->../FP32-Model/mobilenet_v1.cpp:67]   --->   Operation 41 'getelementptr' 'ofmap_pw2_2_addr' <Predicate = (!icmp_ln135)> <Delay = 0.00>
ST_1 : Operation 42 [1/1] (0.00ns)   --->   "%ofmap_pw2_3_addr = getelementptr i32 %ofmap_pw2_3, i64 0, i64 %zext_ln139_1" [../FP32-Model/batchnorm.cpp:139->../FP32-Model/mobilenet_v1.cpp:67]   --->   Operation 42 'getelementptr' 'ofmap_pw2_3_addr' <Predicate = (!icmp_ln135)> <Delay = 0.00>
ST_1 : Operation 43 [1/1] (0.00ns)   --->   "%trunc_ln136 = trunc i3 %select_ln135" [../FP32-Model/batchnorm.cpp:136->../FP32-Model/mobilenet_v1.cpp:67]   --->   Operation 43 'trunc' 'trunc_ln136' <Predicate = (!icmp_ln135)> <Delay = 0.00>
ST_1 : Operation 44 [2/2] (2.77ns)   --->   "%ofmap_pw2_load = load i9 %ofmap_pw2_addr" [../FP32-Model/batchnorm.cpp:139->../FP32-Model/mobilenet_v1.cpp:67]   --->   Operation 44 'load' 'ofmap_pw2_load' <Predicate = (!icmp_ln135)> <Delay = 2.77> <CoreInst = "RAM">   --->   Core 81 'RAM' <Latency = 1> <II = 1> <Delay = 2.77> <Storage> <Opcode : 'load' 'store'> <Ports = 2> <Width = 32> <Depth = 512> <RAM>
ST_1 : Operation 45 [2/2] (2.77ns)   --->   "%ofmap_pw2_1_load = load i9 %ofmap_pw2_1_addr" [../FP32-Model/batchnorm.cpp:139->../FP32-Model/mobilenet_v1.cpp:67]   --->   Operation 45 'load' 'ofmap_pw2_1_load' <Predicate = (!icmp_ln135)> <Delay = 2.77> <CoreInst = "RAM">   --->   Core 81 'RAM' <Latency = 1> <II = 1> <Delay = 2.77> <Storage> <Opcode : 'load' 'store'> <Ports = 2> <Width = 32> <Depth = 512> <RAM>
ST_1 : Operation 46 [2/2] (2.77ns)   --->   "%ofmap_pw2_2_load = load i9 %ofmap_pw2_2_addr" [../FP32-Model/batchnorm.cpp:139->../FP32-Model/mobilenet_v1.cpp:67]   --->   Operation 46 'load' 'ofmap_pw2_2_load' <Predicate = (!icmp_ln135)> <Delay = 2.77> <CoreInst = "RAM">   --->   Core 81 'RAM' <Latency = 1> <II = 1> <Delay = 2.77> <Storage> <Opcode : 'load' 'store'> <Ports = 2> <Width = 32> <Depth = 512> <RAM>
ST_1 : Operation 47 [2/2] (2.77ns)   --->   "%ofmap_pw2_3_load = load i9 %ofmap_pw2_3_addr" [../FP32-Model/batchnorm.cpp:139->../FP32-Model/mobilenet_v1.cpp:67]   --->   Operation 47 'load' 'ofmap_pw2_3_load' <Predicate = (!icmp_ln135)> <Delay = 2.77> <CoreInst = "RAM">   --->   Core 81 'RAM' <Latency = 1> <II = 1> <Delay = 2.77> <Storage> <Opcode : 'load' 'store'> <Ports = 2> <Width = 32> <Depth = 512> <RAM>
ST_1 : Operation 48 [1/1] (0.63ns)   --->   "%switch_ln139 = switch i2 %trunc_ln136, void %arrayidx224.3.i137249.case.3, i2 0, void %arrayidx224.3.i137249.case.0, i2 1, void %arrayidx224.3.i137249.case.1, i2 2, void %arrayidx224.3.i137249.case.2" [../FP32-Model/batchnorm.cpp:139->../FP32-Model/mobilenet_v1.cpp:67]   --->   Operation 48 'switch' 'switch_ln139' <Predicate = (!icmp_ln135)> <Delay = 0.63>
ST_1 : Operation 49 [1/1] (0.76ns)   --->   "%add_ln136 = add i3 %select_ln135, i3 1" [../FP32-Model/batchnorm.cpp:136->../FP32-Model/mobilenet_v1.cpp:67]   --->   Operation 49 'add' 'add_ln136' <Predicate = (!icmp_ln135)> <Delay = 0.76> <CoreInst = "Adder">   --->   Core 1 'Adder' <Latency = 0> <II = 1> <Delay = 0.76> <FuncUnit> <Opcode : 'add' 'sub'> <InPorts = 2> <OutPorts = 1>
ST_1 : Operation 50 [1/1] (1.29ns)   --->   "%store_ln135 = store i10 %add_ln135_1, i10 %indvar_flatten60" [../FP32-Model/batchnorm.cpp:135->../FP32-Model/mobilenet_v1.cpp:67]   --->   Operation 50 'store' 'store_ln135' <Predicate = (!icmp_ln135)> <Delay = 1.29>
ST_1 : Operation 51 [1/1] (1.29ns)   --->   "%store_ln135 = store i8 %select_ln135_1, i8 %c" [../FP32-Model/batchnorm.cpp:135->../FP32-Model/mobilenet_v1.cpp:67]   --->   Operation 51 'store' 'store_ln135' <Predicate = (!icmp_ln135)> <Delay = 1.29>
ST_1 : Operation 52 [1/1] (1.29ns)   --->   "%store_ln136 = store i3 %add_ln136, i3 %h" [../FP32-Model/batchnorm.cpp:136->../FP32-Model/mobilenet_v1.cpp:67]   --->   Operation 52 'store' 'store_ln136' <Predicate = (!icmp_ln135)> <Delay = 1.29>
ST_1 : Operation 53 [1/1] (0.00ns)   --->   "%br_ln136 = br void %BN_PW2_W.i" [../FP32-Model/batchnorm.cpp:136->../FP32-Model/mobilenet_v1.cpp:67]   --->   Operation 53 'br' 'br_ln136' <Predicate = (!icmp_ln135)> <Delay = 0.00>

State 2 <SV = 1> <Delay = 3.14>
ST_2 : Operation 54 [1/1] (3.14ns)   --->   "%tmp_99 = sparsemux i32 @_ssdm_op_SparseMux.ap_auto.128float.float.i7, i7 0, i32 0.773071, i7 1, i32 0.369857, i7 2, i32 0.353537, i7 3, i32 0.701836, i7 4, i32 0.151282, i7 5, i32 0.576803, i7 6, i32 0.387287, i7 7, i32 0.702734, i7 8, i32 0.310373, i7 9, i32 0.497438, i7 10, i32 0.413819, i7 11, i32 0.779142, i7 12, i32 0.515878, i7 13, i32 0.766972, i7 14, i32 0.371919, i7 15, i32 0.475095, i7 16, i32 0.214734, i7 17, i32 0.53447, i7 18, i32 0.327963, i7 19, i32 0.416992, i7 20, i32 0.565168, i7 21, i32 0.594624, i7 22, i32 0.456184, i7 23, i32 0.270516, i7 24, i32 0.5781, i7 25, i32 0.364489, i7 26, i32 0.706017, i7 27, i32 0.442864, i7 28, i32 0.730045, i7 29, i32 0.373755, i7 30, i32 0.275562, i7 31, i32 0.344108, i7 32, i32 0.766484, i7 33, i32 0.674299, i7 34, i32 0.292751, i7 35, i32 0.537889, i7 36, i32 0.355107, i7 37, i32 0.346665, i7 38, i32 0.541155, i7 39, i32 0.429609, i7 40, i32 0.385365, i7 41, i32 0.713309, i7 42, i32 0.304065, i7 43, i32 0.381879, i7 44, i32 0.841349, i7 45, i32 0.285242, i7 46, i32 0.371668, i7 47, i32 0.631523, i7 48, i32 0.982313, i7 49, i32 0.27654, i7 50, i32 0.933096, i7 51, i32 0.33521, i7 52, i32 0.638518, i7 53, i32 0.39351, i7 54, i32 0.329573, i7 55, i32 0.251547, i7 56, i32 0.489859, i7 57, i32 0.249977, i7 58, i32 0.590331, i7 59, i32 0.22735, i7 60, i32 0.864981, i7 61, i32 0.338225, i7 62, i32 0.290978, i7 63, i32 0.327916, i7 64, i32 0.322848, i7 65, i32 0.328327, i7 66, i32 0.305875, i7 67, i32 0.754836, i7 68, i32 0.252203, i7 69, i32 0.307577, i7 70, i32 0.26501, i7 71, i32 0.463383, i7 72, i32 0.436243, i7 73, i32 0.406425, i7 74, i32 0.608399, i7 75, i32 0.486311, i7 76, i32 0.542952, i7 77, i32 1.0289, i7 78, i32 0.555774, i7 79, i32 0.547984, i7 80, i32 0.870867, i7 81, i32 0.362284, i7 82, i32 0.125142, i7 83, i32 0.454713, i7 84, i32 0.485532, i7 85, i32 0.373514, i7 86, i32 0.323654, i7 87, i32 0.223486, i7 88, i32 0.447838, i7 89, i32 0.270454, i7 90, i32 0.39877, i7 91, i32 0.439042, i7 92, i32 0.840253, i7 93, i32 0.43377, i7 94, i32 0.419518, i7 95, i32 0.838231, i7 96, i32 0.511804, i7 97, i32 0.42289, i7 98, i32 0.338089, i7 99, i32 0.687016, i7 100, i32 0.532615, i7 101, i32 0.401142, i7 102, i32 0.273429, i7 103, i32 0.5483, i7 104, i32 0.212021, i7 105, i32 0.377254, i7 106, i32 0.237981, i7 107, i32 0.861691, i7 108, i32 0.500344, i7 109, i32 0.368648, i7 110, i32 1.03243, i7 111, i32 0.419178, i7 112, i32 0.612025, i7 113, i32 0.433523, i7 114, i32 0.431547, i7 115, i32 0.403377, i7 116, i32 0.759768, i7 117, i32 0.612927, i7 118, i32 0.284212, i7 119, i32 0.423715, i7 120, i32 0.321989, i7 121, i32 0.409796, i7 122, i32 0.266906, i7 123, i32 0.379298, i7 124, i32 0.281114, i7 125, i32 0.485951, i7 126, i32 0.800995, i7 127, i32 0.512322, i32 <undef>, i7 %trunc_ln135" [../FP32-Model/batchnorm.cpp:139->../FP32-Model/mobilenet_v1.cpp:67]   --->   Operation 54 'sparsemux' 'tmp_99' <Predicate = true> <Delay = 3.14> <CoreInst = "BinarySparseMux_DontCare">   --->   Core 137 'BinarySparseMux_DontCare' <Latency = 0> <II = 1> <Delay = 3.14> <FuncUnit> <Opcode : 'sparsemux'> <InPorts = 2> <OutPorts = 1>
ST_2 : Operation 55 [1/2] ( I:2.77ns O:2.77ns )   --->   "%ofmap_pw2_load = load i9 %ofmap_pw2_addr" [../FP32-Model/batchnorm.cpp:139->../FP32-Model/mobilenet_v1.cpp:67]   --->   Operation 55 'load' 'ofmap_pw2_load' <Predicate = true> <Delay = 2.77> <CoreInst = "RAM">   --->   Core 81 'RAM' <Latency = 1> <II = 1> <Delay = 2.77> <Storage> <Opcode : 'load' 'store'> <Ports = 2> <Width = 32> <Depth = 512> <RAM>
ST_2 : Operation 56 [1/2] ( I:2.77ns O:2.77ns )   --->   "%ofmap_pw2_1_load = load i9 %ofmap_pw2_1_addr" [../FP32-Model/batchnorm.cpp:139->../FP32-Model/mobilenet_v1.cpp:67]   --->   Operation 56 'load' 'ofmap_pw2_1_load' <Predicate = true> <Delay = 2.77> <CoreInst = "RAM">   --->   Core 81 'RAM' <Latency = 1> <II = 1> <Delay = 2.77> <Storage> <Opcode : 'load' 'store'> <Ports = 2> <Width = 32> <Depth = 512> <RAM>
ST_2 : Operation 57 [1/2] ( I:2.77ns O:2.77ns )   --->   "%ofmap_pw2_2_load = load i9 %ofmap_pw2_2_addr" [../FP32-Model/batchnorm.cpp:139->../FP32-Model/mobilenet_v1.cpp:67]   --->   Operation 57 'load' 'ofmap_pw2_2_load' <Predicate = true> <Delay = 2.77> <CoreInst = "RAM">   --->   Core 81 'RAM' <Latency = 1> <II = 1> <Delay = 2.77> <Storage> <Opcode : 'load' 'store'> <Ports = 2> <Width = 32> <Depth = 512> <RAM>
ST_2 : Operation 58 [1/2] ( I:2.77ns O:2.77ns )   --->   "%ofmap_pw2_3_load = load i9 %ofmap_pw2_3_addr" [../FP32-Model/batchnorm.cpp:139->../FP32-Model/mobilenet_v1.cpp:67]   --->   Operation 58 'load' 'ofmap_pw2_3_load' <Predicate = true> <Delay = 2.77> <CoreInst = "RAM">   --->   Core 81 'RAM' <Latency = 1> <II = 1> <Delay = 2.77> <Storage> <Opcode : 'load' 'store'> <Ports = 2> <Width = 32> <Depth = 512> <RAM>

State 3 <SV = 2> <Delay = 4.72>
ST_3 : Operation 59 [4/4] (4.72ns)   --->   "%mul_i4 = fmul i32 %ofmap_pw2_load, i32 %tmp_99" [../FP32-Model/batchnorm.cpp:139->../FP32-Model/mobilenet_v1.cpp:67]   --->   Operation 59 'fmul' 'mul_i4' <Predicate = true> <Delay = 4.72> <CoreInst = "FMul_maxdsp">   --->   Core 30 'FMul_maxdsp' <Latency = 3> <II = 1> <Delay = 4.72> <FuncUnit> <Opcode : 'fmul'> <InPorts = 2> <OutPorts = 1>
ST_3 : Operation 60 [4/4] (4.72ns)   --->   "%mul_1_i3 = fmul i32 %ofmap_pw2_1_load, i32 %tmp_99" [../FP32-Model/batchnorm.cpp:139->../FP32-Model/mobilenet_v1.cpp:67]   --->   Operation 60 'fmul' 'mul_1_i3' <Predicate = true> <Delay = 4.72> <CoreInst = "FMul_maxdsp">   --->   Core 30 'FMul_maxdsp' <Latency = 3> <II = 1> <Delay = 4.72> <FuncUnit> <Opcode : 'fmul'> <InPorts = 2> <OutPorts = 1>
ST_3 : Operation 61 [4/4] (4.72ns)   --->   "%mul_2_i3 = fmul i32 %ofmap_pw2_2_load, i32 %tmp_99" [../FP32-Model/batchnorm.cpp:139->../FP32-Model/mobilenet_v1.cpp:67]   --->   Operation 61 'fmul' 'mul_2_i3' <Predicate = true> <Delay = 4.72> <CoreInst = "FMul_maxdsp">   --->   Core 30 'FMul_maxdsp' <Latency = 3> <II = 1> <Delay = 4.72> <FuncUnit> <Opcode : 'fmul'> <InPorts = 2> <OutPorts = 1>
ST_3 : Operation 62 [4/4] (4.72ns)   --->   "%mul_3_i3 = fmul i32 %ofmap_pw2_3_load, i32 %tmp_99" [../FP32-Model/batchnorm.cpp:139->../FP32-Model/mobilenet_v1.cpp:67]   --->   Operation 62 'fmul' 'mul_3_i3' <Predicate = true> <Delay = 4.72> <CoreInst = "FMul_maxdsp">   --->   Core 30 'FMul_maxdsp' <Latency = 3> <II = 1> <Delay = 4.72> <FuncUnit> <Opcode : 'fmul'> <InPorts = 2> <OutPorts = 1>

State 4 <SV = 3> <Delay = 4.72>
ST_4 : Operation 63 [3/4] (4.72ns)   --->   "%mul_i4 = fmul i32 %ofmap_pw2_load, i32 %tmp_99" [../FP32-Model/batchnorm.cpp:139->../FP32-Model/mobilenet_v1.cpp:67]   --->   Operation 63 'fmul' 'mul_i4' <Predicate = true> <Delay = 4.72> <CoreInst = "FMul_maxdsp">   --->   Core 30 'FMul_maxdsp' <Latency = 3> <II = 1> <Delay = 4.72> <FuncUnit> <Opcode : 'fmul'> <InPorts = 2> <OutPorts = 1>
ST_4 : Operation 64 [3/4] (4.72ns)   --->   "%mul_1_i3 = fmul i32 %ofmap_pw2_1_load, i32 %tmp_99" [../FP32-Model/batchnorm.cpp:139->../FP32-Model/mobilenet_v1.cpp:67]   --->   Operation 64 'fmul' 'mul_1_i3' <Predicate = true> <Delay = 4.72> <CoreInst = "FMul_maxdsp">   --->   Core 30 'FMul_maxdsp' <Latency = 3> <II = 1> <Delay = 4.72> <FuncUnit> <Opcode : 'fmul'> <InPorts = 2> <OutPorts = 1>
ST_4 : Operation 65 [3/4] (4.72ns)   --->   "%mul_2_i3 = fmul i32 %ofmap_pw2_2_load, i32 %tmp_99" [../FP32-Model/batchnorm.cpp:139->../FP32-Model/mobilenet_v1.cpp:67]   --->   Operation 65 'fmul' 'mul_2_i3' <Predicate = true> <Delay = 4.72> <CoreInst = "FMul_maxdsp">   --->   Core 30 'FMul_maxdsp' <Latency = 3> <II = 1> <Delay = 4.72> <FuncUnit> <Opcode : 'fmul'> <InPorts = 2> <OutPorts = 1>
ST_4 : Operation 66 [3/4] (4.72ns)   --->   "%mul_3_i3 = fmul i32 %ofmap_pw2_3_load, i32 %tmp_99" [../FP32-Model/batchnorm.cpp:139->../FP32-Model/mobilenet_v1.cpp:67]   --->   Operation 66 'fmul' 'mul_3_i3' <Predicate = true> <Delay = 4.72> <CoreInst = "FMul_maxdsp">   --->   Core 30 'FMul_maxdsp' <Latency = 3> <II = 1> <Delay = 4.72> <FuncUnit> <Opcode : 'fmul'> <InPorts = 2> <OutPorts = 1>

State 5 <SV = 4> <Delay = 4.72>
ST_5 : Operation 67 [2/4] (4.72ns)   --->   "%mul_i4 = fmul i32 %ofmap_pw2_load, i32 %tmp_99" [../FP32-Model/batchnorm.cpp:139->../FP32-Model/mobilenet_v1.cpp:67]   --->   Operation 67 'fmul' 'mul_i4' <Predicate = true> <Delay = 4.72> <CoreInst = "FMul_maxdsp">   --->   Core 30 'FMul_maxdsp' <Latency = 3> <II = 1> <Delay = 4.72> <FuncUnit> <Opcode : 'fmul'> <InPorts = 2> <OutPorts = 1>
ST_5 : Operation 68 [2/4] (4.72ns)   --->   "%mul_1_i3 = fmul i32 %ofmap_pw2_1_load, i32 %tmp_99" [../FP32-Model/batchnorm.cpp:139->../FP32-Model/mobilenet_v1.cpp:67]   --->   Operation 68 'fmul' 'mul_1_i3' <Predicate = true> <Delay = 4.72> <CoreInst = "FMul_maxdsp">   --->   Core 30 'FMul_maxdsp' <Latency = 3> <II = 1> <Delay = 4.72> <FuncUnit> <Opcode : 'fmul'> <InPorts = 2> <OutPorts = 1>
ST_5 : Operation 69 [2/4] (4.72ns)   --->   "%mul_2_i3 = fmul i32 %ofmap_pw2_2_load, i32 %tmp_99" [../FP32-Model/batchnorm.cpp:139->../FP32-Model/mobilenet_v1.cpp:67]   --->   Operation 69 'fmul' 'mul_2_i3' <Predicate = true> <Delay = 4.72> <CoreInst = "FMul_maxdsp">   --->   Core 30 'FMul_maxdsp' <Latency = 3> <II = 1> <Delay = 4.72> <FuncUnit> <Opcode : 'fmul'> <InPorts = 2> <OutPorts = 1>
ST_5 : Operation 70 [2/4] (4.72ns)   --->   "%mul_3_i3 = fmul i32 %ofmap_pw2_3_load, i32 %tmp_99" [../FP32-Model/batchnorm.cpp:139->../FP32-Model/mobilenet_v1.cpp:67]   --->   Operation 70 'fmul' 'mul_3_i3' <Predicate = true> <Delay = 4.72> <CoreInst = "FMul_maxdsp">   --->   Core 30 'FMul_maxdsp' <Latency = 3> <II = 1> <Delay = 4.72> <FuncUnit> <Opcode : 'fmul'> <InPorts = 2> <OutPorts = 1>

State 6 <SV = 5> <Delay = 4.72>
ST_6 : Operation 71 [1/1] (3.14ns)   --->   "%tmp_100 = sparsemux i32 @_ssdm_op_SparseMux.ap_auto.128float.float.i7, i7 0, i32 -0.878316, i7 1, i32 0.391011, i7 2, i32 0.433953, i7 3, i32 1.06458, i7 4, i32 0.70385, i7 5, i32 0.884359, i7 6, i32 1.1754, i7 7, i32 1.21104, i7 8, i32 0.201951, i7 9, i32 0.54534, i7 10, i32 -0.544274, i7 11, i32 1.11649, i7 12, i32 1.54054, i7 13, i32 -1.23011, i7 14, i32 -1.11672, i7 15, i32 0.07992, i7 16, i32 -0.0520575, i7 17, i32 0.532385, i7 18, i32 0.371027, i7 19, i32 0.571546, i7 20, i32 -0.062245, i7 21, i32 0.467651, i7 22, i32 0.6226, i7 23, i32 0.899958, i7 24, i32 0.548293, i7 25, i32 0.780634, i7 26, i32 0.029693, i7 27, i32 -0.703181, i7 28, i32 -0.00300841, i7 29, i32 0.81158, i7 30, i32 0.372375, i7 31, i32 1.01629, i7 32, i32 1.23312, i7 33, i32 0.358834, i7 34, i32 0.698775, i7 35, i32 -0.11868, i7 36, i32 0.67148, i7 37, i32 -0.1102, i7 38, i32 1.27614, i7 39, i32 -0.364795, i7 40, i32 1.07178, i7 41, i32 0.453572, i7 42, i32 0.293914, i7 43, i32 0.64849, i7 44, i32 0.749427, i7 45, i32 1.47064, i7 46, i32 0.313695, i7 47, i32 0.671279, i7 48, i32 0.843322, i7 49, i32 1.13664, i7 50, i32 -0.164789, i7 51, i32 0.335526, i7 52, i32 -0.320213, i7 53, i32 0.211843, i7 54, i32 0.101397, i7 55, i32 0.72293, i7 56, i32 -0.688422, i7 57, i32 0.882707, i7 58, i32 -1.3553, i7 59, i32 0.697864, i7 60, i32 0.85598, i7 61, i32 0.0324267, i7 62, i32 0.309461, i7 63, i32 0.362849, i7 64, i32 0.547042, i7 65, i32 0.811946, i7 66, i32 0.78203, i7 67, i32 0.352207, i7 68, i32 0.886448, i7 69, i32 -0.0262943, i7 70, i32 -0.200958, i7 71, i32 -0.0825606, i7 72, i32 1.00292, i7 73, i32 0.097713, i7 74, i32 1.73668, i7 75, i32 0.0464927, i7 76, i32 1.80561, i7 77, i32 1.16044, i7 78, i32 0.52684, i7 79, i32 1.23865, i7 80, i32 1.25969, i7 81, i32 -0.34581, i7 82, i32 0.794086, i7 83, i32 0.444527, i7 84, i32 -0.0874257, i7 85, i32 -0.15814, i7 86, i32 0.288257, i7 87, i32 0.929288, i7 88, i32 1.06127, i7 89, i32 1.19537, i7 90, i32 -0.658437, i7 91, i32 1.06537, i7 92, i32 0.885839, i7 93, i32 0.560445, i7 94, i32 1.64555, i7 95, i32 -0.805073, i7 96, i32 -0.550973, i7 97, i32 1.02913, i7 98, i32 0.309704, i7 99, i32 0.564351, i7 100, i32 -0.0557651, i7 101, i32 -0.0213629, i7 102, i32 0.264863, i7 103, i32 0.529784, i7 104, i32 0.580725, i7 105, i32 0.0308049, i7 106, i32 0.358403, i7 107, i32 -0.81241, i7 108, i32 0.775199, i7 109, i32 0.302862, i7 110, i32 2.09672, i7 111, i32 0.394913, i7 112, i32 0.367983, i7 113, i32 1.26478, i7 114, i32 0.210381, i7 115, i32 -0.0265249, i7 116, i32 -0.0568549, i7 117, i32 1.46764, i7 118, i32 0.691037, i7 119, i32 0.0866642, i7 120, i32 0.741748, i7 121, i32 0.241115, i7 122, i32 0.767845, i7 123, i32 0.505803, i7 124, i32 0.574845, i7 125, i32 1.62383, i7 126, i32 -0.112573, i7 127, i32 -0.779397, i32 <undef>, i7 %trunc_ln135" [../FP32-Model/batchnorm.cpp:139->../FP32-Model/mobilenet_v1.cpp:67]   --->   Operation 71 'sparsemux' 'tmp_100' <Predicate = true> <Delay = 3.14> <CoreInst = "BinarySparseMux_DontCare">   --->   Core 137 'BinarySparseMux_DontCare' <Latency = 0> <II = 1> <Delay = 3.14> <FuncUnit> <Opcode : 'sparsemux'> <InPorts = 2> <OutPorts = 1>
ST_6 : Operation 72 [1/4] (4.72ns)   --->   "%mul_i4 = fmul i32 %ofmap_pw2_load, i32 %tmp_99" [../FP32-Model/batchnorm.cpp:139->../FP32-Model/mobilenet_v1.cpp:67]   --->   Operation 72 'fmul' 'mul_i4' <Predicate = true> <Delay = 4.72> <CoreInst = "FMul_maxdsp">   --->   Core 30 'FMul_maxdsp' <Latency = 3> <II = 1> <Delay = 4.72> <FuncUnit> <Opcode : 'fmul'> <InPorts = 2> <OutPorts = 1>
ST_6 : Operation 73 [1/4] (4.72ns)   --->   "%mul_1_i3 = fmul i32 %ofmap_pw2_1_load, i32 %tmp_99" [../FP32-Model/batchnorm.cpp:139->../FP32-Model/mobilenet_v1.cpp:67]   --->   Operation 73 'fmul' 'mul_1_i3' <Predicate = true> <Delay = 4.72> <CoreInst = "FMul_maxdsp">   --->   Core 30 'FMul_maxdsp' <Latency = 3> <II = 1> <Delay = 4.72> <FuncUnit> <Opcode : 'fmul'> <InPorts = 2> <OutPorts = 1>
ST_6 : Operation 74 [1/4] (4.72ns)   --->   "%mul_2_i3 = fmul i32 %ofmap_pw2_2_load, i32 %tmp_99" [../FP32-Model/batchnorm.cpp:139->../FP32-Model/mobilenet_v1.cpp:67]   --->   Operation 74 'fmul' 'mul_2_i3' <Predicate = true> <Delay = 4.72> <CoreInst = "FMul_maxdsp">   --->   Core 30 'FMul_maxdsp' <Latency = 3> <II = 1> <Delay = 4.72> <FuncUnit> <Opcode : 'fmul'> <InPorts = 2> <OutPorts = 1>
ST_6 : Operation 75 [1/4] (4.72ns)   --->   "%mul_3_i3 = fmul i32 %ofmap_pw2_3_load, i32 %tmp_99" [../FP32-Model/batchnorm.cpp:139->../FP32-Model/mobilenet_v1.cpp:67]   --->   Operation 75 'fmul' 'mul_3_i3' <Predicate = true> <Delay = 4.72> <CoreInst = "FMul_maxdsp">   --->   Core 30 'FMul_maxdsp' <Latency = 3> <II = 1> <Delay = 4.72> <FuncUnit> <Opcode : 'fmul'> <InPorts = 2> <OutPorts = 1>

State 7 <SV = 6> <Delay = 6.32>
ST_7 : Operation 76 [5/5] (6.32ns)   --->   "%x_assign_s = fadd i32 %mul_i4, i32 %tmp_100" [../FP32-Model/batchnorm.cpp:139->../FP32-Model/mobilenet_v1.cpp:67]   --->   Operation 76 'fadd' 'x_assign_s' <Predicate = true> <Delay = 6.32> <CoreInst = "FAddSub_fulldsp">   --->   Core 18 'FAddSub_fulldsp' <Latency = 4> <II = 1> <Delay = 6.32> <FuncUnit> <Opcode : 'fadd' 'fsub'> <InPorts = 2> <OutPorts = 1>
ST_7 : Operation 77 [5/5] (6.32ns)   --->   "%x_assign_2 = fadd i32 %mul_1_i3, i32 %tmp_100" [../FP32-Model/batchnorm.cpp:139->../FP32-Model/mobilenet_v1.cpp:67]   --->   Operation 77 'fadd' 'x_assign_2' <Predicate = true> <Delay = 6.32> <CoreInst = "FAddSub_fulldsp">   --->   Core 18 'FAddSub_fulldsp' <Latency = 4> <II = 1> <Delay = 6.32> <FuncUnit> <Opcode : 'fadd' 'fsub'> <InPorts = 2> <OutPorts = 1>
ST_7 : Operation 78 [5/5] (6.32ns)   --->   "%x_assign_3 = fadd i32 %mul_2_i3, i32 %tmp_100" [../FP32-Model/batchnorm.cpp:139->../FP32-Model/mobilenet_v1.cpp:67]   --->   Operation 78 'fadd' 'x_assign_3' <Predicate = true> <Delay = 6.32> <CoreInst = "FAddSub_fulldsp">   --->   Core 18 'FAddSub_fulldsp' <Latency = 4> <II = 1> <Delay = 6.32> <FuncUnit> <Opcode : 'fadd' 'fsub'> <InPorts = 2> <OutPorts = 1>
ST_7 : Operation 79 [5/5] (6.32ns)   --->   "%x_assign_4 = fadd i32 %mul_3_i3, i32 %tmp_100" [../FP32-Model/batchnorm.cpp:139->../FP32-Model/mobilenet_v1.cpp:67]   --->   Operation 79 'fadd' 'x_assign_4' <Predicate = true> <Delay = 6.32> <CoreInst = "FAddSub_fulldsp">   --->   Core 18 'FAddSub_fulldsp' <Latency = 4> <II = 1> <Delay = 6.32> <FuncUnit> <Opcode : 'fadd' 'fsub'> <InPorts = 2> <OutPorts = 1>

State 8 <SV = 7> <Delay = 6.32>
ST_8 : Operation 80 [4/5] (6.32ns)   --->   "%x_assign_s = fadd i32 %mul_i4, i32 %tmp_100" [../FP32-Model/batchnorm.cpp:139->../FP32-Model/mobilenet_v1.cpp:67]   --->   Operation 80 'fadd' 'x_assign_s' <Predicate = true> <Delay = 6.32> <CoreInst = "FAddSub_fulldsp">   --->   Core 18 'FAddSub_fulldsp' <Latency = 4> <II = 1> <Delay = 6.32> <FuncUnit> <Opcode : 'fadd' 'fsub'> <InPorts = 2> <OutPorts = 1>
ST_8 : Operation 81 [4/5] (6.32ns)   --->   "%x_assign_2 = fadd i32 %mul_1_i3, i32 %tmp_100" [../FP32-Model/batchnorm.cpp:139->../FP32-Model/mobilenet_v1.cpp:67]   --->   Operation 81 'fadd' 'x_assign_2' <Predicate = true> <Delay = 6.32> <CoreInst = "FAddSub_fulldsp">   --->   Core 18 'FAddSub_fulldsp' <Latency = 4> <II = 1> <Delay = 6.32> <FuncUnit> <Opcode : 'fadd' 'fsub'> <InPorts = 2> <OutPorts = 1>
ST_8 : Operation 82 [4/5] (6.32ns)   --->   "%x_assign_3 = fadd i32 %mul_2_i3, i32 %tmp_100" [../FP32-Model/batchnorm.cpp:139->../FP32-Model/mobilenet_v1.cpp:67]   --->   Operation 82 'fadd' 'x_assign_3' <Predicate = true> <Delay = 6.32> <CoreInst = "FAddSub_fulldsp">   --->   Core 18 'FAddSub_fulldsp' <Latency = 4> <II = 1> <Delay = 6.32> <FuncUnit> <Opcode : 'fadd' 'fsub'> <InPorts = 2> <OutPorts = 1>
ST_8 : Operation 83 [4/5] (6.32ns)   --->   "%x_assign_4 = fadd i32 %mul_3_i3, i32 %tmp_100" [../FP32-Model/batchnorm.cpp:139->../FP32-Model/mobilenet_v1.cpp:67]   --->   Operation 83 'fadd' 'x_assign_4' <Predicate = true> <Delay = 6.32> <CoreInst = "FAddSub_fulldsp">   --->   Core 18 'FAddSub_fulldsp' <Latency = 4> <II = 1> <Delay = 6.32> <FuncUnit> <Opcode : 'fadd' 'fsub'> <InPorts = 2> <OutPorts = 1>

State 9 <SV = 8> <Delay = 6.32>
ST_9 : Operation 84 [3/5] (6.32ns)   --->   "%x_assign_s = fadd i32 %mul_i4, i32 %tmp_100" [../FP32-Model/batchnorm.cpp:139->../FP32-Model/mobilenet_v1.cpp:67]   --->   Operation 84 'fadd' 'x_assign_s' <Predicate = true> <Delay = 6.32> <CoreInst = "FAddSub_fulldsp">   --->   Core 18 'FAddSub_fulldsp' <Latency = 4> <II = 1> <Delay = 6.32> <FuncUnit> <Opcode : 'fadd' 'fsub'> <InPorts = 2> <OutPorts = 1>
ST_9 : Operation 85 [3/5] (6.32ns)   --->   "%x_assign_2 = fadd i32 %mul_1_i3, i32 %tmp_100" [../FP32-Model/batchnorm.cpp:139->../FP32-Model/mobilenet_v1.cpp:67]   --->   Operation 85 'fadd' 'x_assign_2' <Predicate = true> <Delay = 6.32> <CoreInst = "FAddSub_fulldsp">   --->   Core 18 'FAddSub_fulldsp' <Latency = 4> <II = 1> <Delay = 6.32> <FuncUnit> <Opcode : 'fadd' 'fsub'> <InPorts = 2> <OutPorts = 1>
ST_9 : Operation 86 [3/5] (6.32ns)   --->   "%x_assign_3 = fadd i32 %mul_2_i3, i32 %tmp_100" [../FP32-Model/batchnorm.cpp:139->../FP32-Model/mobilenet_v1.cpp:67]   --->   Operation 86 'fadd' 'x_assign_3' <Predicate = true> <Delay = 6.32> <CoreInst = "FAddSub_fulldsp">   --->   Core 18 'FAddSub_fulldsp' <Latency = 4> <II = 1> <Delay = 6.32> <FuncUnit> <Opcode : 'fadd' 'fsub'> <InPorts = 2> <OutPorts = 1>
ST_9 : Operation 87 [3/5] (6.32ns)   --->   "%x_assign_4 = fadd i32 %mul_3_i3, i32 %tmp_100" [../FP32-Model/batchnorm.cpp:139->../FP32-Model/mobilenet_v1.cpp:67]   --->   Operation 87 'fadd' 'x_assign_4' <Predicate = true> <Delay = 6.32> <CoreInst = "FAddSub_fulldsp">   --->   Core 18 'FAddSub_fulldsp' <Latency = 4> <II = 1> <Delay = 6.32> <FuncUnit> <Opcode : 'fadd' 'fsub'> <InPorts = 2> <OutPorts = 1>

State 10 <SV = 9> <Delay = 6.32>
ST_10 : Operation 88 [2/5] (6.32ns)   --->   "%x_assign_s = fadd i32 %mul_i4, i32 %tmp_100" [../FP32-Model/batchnorm.cpp:139->../FP32-Model/mobilenet_v1.cpp:67]   --->   Operation 88 'fadd' 'x_assign_s' <Predicate = true> <Delay = 6.32> <CoreInst = "FAddSub_fulldsp">   --->   Core 18 'FAddSub_fulldsp' <Latency = 4> <II = 1> <Delay = 6.32> <FuncUnit> <Opcode : 'fadd' 'fsub'> <InPorts = 2> <OutPorts = 1>
ST_10 : Operation 89 [2/5] (6.32ns)   --->   "%x_assign_2 = fadd i32 %mul_1_i3, i32 %tmp_100" [../FP32-Model/batchnorm.cpp:139->../FP32-Model/mobilenet_v1.cpp:67]   --->   Operation 89 'fadd' 'x_assign_2' <Predicate = true> <Delay = 6.32> <CoreInst = "FAddSub_fulldsp">   --->   Core 18 'FAddSub_fulldsp' <Latency = 4> <II = 1> <Delay = 6.32> <FuncUnit> <Opcode : 'fadd' 'fsub'> <InPorts = 2> <OutPorts = 1>
ST_10 : Operation 90 [2/5] (6.32ns)   --->   "%x_assign_3 = fadd i32 %mul_2_i3, i32 %tmp_100" [../FP32-Model/batchnorm.cpp:139->../FP32-Model/mobilenet_v1.cpp:67]   --->   Operation 90 'fadd' 'x_assign_3' <Predicate = true> <Delay = 6.32> <CoreInst = "FAddSub_fulldsp">   --->   Core 18 'FAddSub_fulldsp' <Latency = 4> <II = 1> <Delay = 6.32> <FuncUnit> <Opcode : 'fadd' 'fsub'> <InPorts = 2> <OutPorts = 1>
ST_10 : Operation 91 [2/5] (6.32ns)   --->   "%x_assign_4 = fadd i32 %mul_3_i3, i32 %tmp_100" [../FP32-Model/batchnorm.cpp:139->../FP32-Model/mobilenet_v1.cpp:67]   --->   Operation 91 'fadd' 'x_assign_4' <Predicate = true> <Delay = 6.32> <CoreInst = "FAddSub_fulldsp">   --->   Core 18 'FAddSub_fulldsp' <Latency = 4> <II = 1> <Delay = 6.32> <FuncUnit> <Opcode : 'fadd' 'fsub'> <InPorts = 2> <OutPorts = 1>

State 11 <SV = 10> <Delay = 6.32>
ST_11 : Operation 92 [1/5] (6.32ns)   --->   "%x_assign_s = fadd i32 %mul_i4, i32 %tmp_100" [../FP32-Model/batchnorm.cpp:139->../FP32-Model/mobilenet_v1.cpp:67]   --->   Operation 92 'fadd' 'x_assign_s' <Predicate = true> <Delay = 6.32> <CoreInst = "FAddSub_fulldsp">   --->   Core 18 'FAddSub_fulldsp' <Latency = 4> <II = 1> <Delay = 6.32> <FuncUnit> <Opcode : 'fadd' 'fsub'> <InPorts = 2> <OutPorts = 1>
ST_11 : Operation 93 [1/5] (6.32ns)   --->   "%x_assign_2 = fadd i32 %mul_1_i3, i32 %tmp_100" [../FP32-Model/batchnorm.cpp:139->../FP32-Model/mobilenet_v1.cpp:67]   --->   Operation 93 'fadd' 'x_assign_2' <Predicate = true> <Delay = 6.32> <CoreInst = "FAddSub_fulldsp">   --->   Core 18 'FAddSub_fulldsp' <Latency = 4> <II = 1> <Delay = 6.32> <FuncUnit> <Opcode : 'fadd' 'fsub'> <InPorts = 2> <OutPorts = 1>
ST_11 : Operation 94 [1/5] (6.32ns)   --->   "%x_assign_3 = fadd i32 %mul_2_i3, i32 %tmp_100" [../FP32-Model/batchnorm.cpp:139->../FP32-Model/mobilenet_v1.cpp:67]   --->   Operation 94 'fadd' 'x_assign_3' <Predicate = true> <Delay = 6.32> <CoreInst = "FAddSub_fulldsp">   --->   Core 18 'FAddSub_fulldsp' <Latency = 4> <II = 1> <Delay = 6.32> <FuncUnit> <Opcode : 'fadd' 'fsub'> <InPorts = 2> <OutPorts = 1>
ST_11 : Operation 95 [1/5] (6.32ns)   --->   "%x_assign_4 = fadd i32 %mul_3_i3, i32 %tmp_100" [../FP32-Model/batchnorm.cpp:139->../FP32-Model/mobilenet_v1.cpp:67]   --->   Operation 95 'fadd' 'x_assign_4' <Predicate = true> <Delay = 6.32> <CoreInst = "FAddSub_fulldsp">   --->   Core 18 'FAddSub_fulldsp' <Latency = 4> <II = 1> <Delay = 6.32> <FuncUnit> <Opcode : 'fadd' 'fsub'> <InPorts = 2> <OutPorts = 1>

State 12 <SV = 11> <Delay = 4.19>
ST_12 : Operation 96 [2/2] (4.19ns)   --->   "%tmp_44 = fcmp_ogt  i32 %x_assign_s, i32 0" [../FP32-Model/batchnorm.cpp:4->../FP32-Model/batchnorm.cpp:139->../FP32-Model/mobilenet_v1.cpp:67]   --->   Operation 96 'fcmp' 'tmp_44' <Predicate = true> <Delay = 4.19> <CoreInst = "FCompare">   --->   Core 19 'FCompare' <Latency = 1> <II = 1> <Delay = 4.19> <FuncUnit> <Opcode : 'fcmp'> <InPorts = 2> <OutPorts = 1>
ST_12 : Operation 97 [2/2] (4.19ns)   --->   "%tmp_46 = fcmp_ogt  i32 %x_assign_2, i32 0" [../FP32-Model/batchnorm.cpp:4->../FP32-Model/batchnorm.cpp:139->../FP32-Model/mobilenet_v1.cpp:67]   --->   Operation 97 'fcmp' 'tmp_46' <Predicate = true> <Delay = 4.19> <CoreInst = "FCompare">   --->   Core 19 'FCompare' <Latency = 1> <II = 1> <Delay = 4.19> <FuncUnit> <Opcode : 'fcmp'> <InPorts = 2> <OutPorts = 1>
ST_12 : Operation 98 [2/2] (4.19ns)   --->   "%tmp_48 = fcmp_ogt  i32 %x_assign_3, i32 0" [../FP32-Model/batchnorm.cpp:4->../FP32-Model/batchnorm.cpp:139->../FP32-Model/mobilenet_v1.cpp:67]   --->   Operation 98 'fcmp' 'tmp_48' <Predicate = true> <Delay = 4.19> <CoreInst = "FCompare">   --->   Core 19 'FCompare' <Latency = 1> <II = 1> <Delay = 4.19> <FuncUnit> <Opcode : 'fcmp'> <InPorts = 2> <OutPorts = 1>
ST_12 : Operation 99 [2/2] (4.19ns)   --->   "%tmp_50 = fcmp_ogt  i32 %x_assign_4, i32 0" [../FP32-Model/batchnorm.cpp:4->../FP32-Model/batchnorm.cpp:139->../FP32-Model/mobilenet_v1.cpp:67]   --->   Operation 99 'fcmp' 'tmp_50' <Predicate = true> <Delay = 4.19> <CoreInst = "FCompare">   --->   Core 19 'FCompare' <Latency = 1> <II = 1> <Delay = 4.19> <FuncUnit> <Opcode : 'fcmp'> <InPorts = 2> <OutPorts = 1>

State 13 <SV = 12> <Delay = 4.99>
ST_13 : Operation 100 [1/1] (0.00ns)   --->   "%bitcast_ln4 = bitcast i32 %x_assign_s" [../FP32-Model/batchnorm.cpp:4->../FP32-Model/batchnorm.cpp:139->../FP32-Model/mobilenet_v1.cpp:67]   --->   Operation 100 'bitcast' 'bitcast_ln4' <Predicate = true> <Delay = 0.00>
ST_13 : Operation 101 [1/1] (0.00ns)   --->   "%tmp_43 = partselect i8 @_ssdm_op_PartSelect.i8.i32.i32.i32, i32 %bitcast_ln4, i32 23, i32 30" [../FP32-Model/batchnorm.cpp:4->../FP32-Model/batchnorm.cpp:139->../FP32-Model/mobilenet_v1.cpp:67]   --->   Operation 101 'partselect' 'tmp_43' <Predicate = true> <Delay = 0.00>
ST_13 : Operation 102 [1/1] (0.00ns)   --->   "%trunc_ln4 = trunc i32 %bitcast_ln4" [../FP32-Model/batchnorm.cpp:4->../FP32-Model/batchnorm.cpp:139->../FP32-Model/mobilenet_v1.cpp:67]   --->   Operation 102 'trunc' 'trunc_ln4' <Predicate = true> <Delay = 0.00>
ST_13 : Operation 103 [1/1] (1.30ns)   --->   "%icmp_ln4 = icmp_ne  i8 %tmp_43, i8 255" [../FP32-Model/batchnorm.cpp:4->../FP32-Model/batchnorm.cpp:139->../FP32-Model/mobilenet_v1.cpp:67]   --->   Operation 103 'icmp' 'icmp_ln4' <Predicate = true> <Delay = 1.30> <CoreInst = "Cmp">   --->   Core 9 'Cmp' <Latency = 0> <II = 1> <Delay = 1.30> <FuncUnit> <Opcode : 'seteq' 'setne' 'setle' 'setge' 'setlt' 'setgt'> <InPorts = 2> <OutPorts = 1>
ST_13 : Operation 104 [1/1] (1.66ns)   --->   "%icmp_ln4_4 = icmp_eq  i23 %trunc_ln4, i23 0" [../FP32-Model/batchnorm.cpp:4->../FP32-Model/batchnorm.cpp:139->../FP32-Model/mobilenet_v1.cpp:67]   --->   Operation 104 'icmp' 'icmp_ln4_4' <Predicate = true> <Delay = 1.66> <CoreInst = "Cmp">   --->   Core 9 'Cmp' <Latency = 0> <II = 1> <Delay = 1.66> <FuncUnit> <Opcode : 'seteq' 'setne' 'setle' 'setge' 'setlt' 'setgt'> <InPorts = 2> <OutPorts = 1>
ST_13 : Operation 105 [1/1] (0.00ns) (grouped into LUT with out node select_ln4)   --->   "%or_ln4 = or i1 %icmp_ln4_4, i1 %icmp_ln4" [../FP32-Model/batchnorm.cpp:4->../FP32-Model/batchnorm.cpp:139->../FP32-Model/mobilenet_v1.cpp:67]   --->   Operation 105 'or' 'or_ln4' <Predicate = true> <Delay = 0.00> <CoreInst = "LogicGate">   --->   Core 74 'LogicGate' <Latency = 0> <II = 1> <Delay = 0.80> <FuncUnit> <Opcode : 'and' 'or' 'xor'> <InPorts = 2> <OutPorts = 1>
ST_13 : Operation 106 [1/2] (4.19ns)   --->   "%tmp_44 = fcmp_ogt  i32 %x_assign_s, i32 0" [../FP32-Model/batchnorm.cpp:4->../FP32-Model/batchnorm.cpp:139->../FP32-Model/mobilenet_v1.cpp:67]   --->   Operation 106 'fcmp' 'tmp_44' <Predicate = true> <Delay = 4.19> <CoreInst = "FCompare">   --->   Core 19 'FCompare' <Latency = 1> <II = 1> <Delay = 4.19> <FuncUnit> <Opcode : 'fcmp'> <InPorts = 2> <OutPorts = 1>
ST_13 : Operation 107 [1/1] (0.00ns) (grouped into LUT with out node select_ln4)   --->   "%and_ln4 = and i1 %or_ln4, i1 %tmp_44" [../FP32-Model/batchnorm.cpp:4->../FP32-Model/batchnorm.cpp:139->../FP32-Model/mobilenet_v1.cpp:67]   --->   Operation 107 'and' 'and_ln4' <Predicate = true> <Delay = 0.00> <CoreInst = "LogicGate">   --->   Core 74 'LogicGate' <Latency = 0> <II = 1> <Delay = 0.80> <FuncUnit> <Opcode : 'and' 'or' 'xor'> <InPorts = 2> <OutPorts = 1>
ST_13 : Operation 108 [1/1] (0.80ns) (out node of the LUT)   --->   "%select_ln4 = select i1 %and_ln4, i32 %x_assign_s, i32 0" [../FP32-Model/batchnorm.cpp:4->../FP32-Model/batchnorm.cpp:139->../FP32-Model/mobilenet_v1.cpp:67]   --->   Operation 108 'select' 'select_ln4' <Predicate = true> <Delay = 0.80> <CoreInst = "Sel">   --->   Core 73 'Sel' <Latency = 0> <II = 1> <Delay = 0.70> <FuncUnit> <Opcode : 'select'> <InPorts = 3> <OutPorts = 1>
ST_13 : Operation 109 [1/1] (0.00ns)   --->   "%bitcast_ln4_2 = bitcast i32 %x_assign_2" [../FP32-Model/batchnorm.cpp:4->../FP32-Model/batchnorm.cpp:139->../FP32-Model/mobilenet_v1.cpp:67]   --->   Operation 109 'bitcast' 'bitcast_ln4_2' <Predicate = true> <Delay = 0.00>
ST_13 : Operation 110 [1/1] (0.00ns)   --->   "%tmp_45 = partselect i8 @_ssdm_op_PartSelect.i8.i32.i32.i32, i32 %bitcast_ln4_2, i32 23, i32 30" [../FP32-Model/batchnorm.cpp:4->../FP32-Model/batchnorm.cpp:139->../FP32-Model/mobilenet_v1.cpp:67]   --->   Operation 110 'partselect' 'tmp_45' <Predicate = true> <Delay = 0.00>
ST_13 : Operation 111 [1/1] (0.00ns)   --->   "%trunc_ln4_2 = trunc i32 %bitcast_ln4_2" [../FP32-Model/batchnorm.cpp:4->../FP32-Model/batchnorm.cpp:139->../FP32-Model/mobilenet_v1.cpp:67]   --->   Operation 111 'trunc' 'trunc_ln4_2' <Predicate = true> <Delay = 0.00>
ST_13 : Operation 112 [1/1] (1.30ns)   --->   "%icmp_ln4_5 = icmp_ne  i8 %tmp_45, i8 255" [../FP32-Model/batchnorm.cpp:4->../FP32-Model/batchnorm.cpp:139->../FP32-Model/mobilenet_v1.cpp:67]   --->   Operation 112 'icmp' 'icmp_ln4_5' <Predicate = true> <Delay = 1.30> <CoreInst = "Cmp">   --->   Core 9 'Cmp' <Latency = 0> <II = 1> <Delay = 1.30> <FuncUnit> <Opcode : 'seteq' 'setne' 'setle' 'setge' 'setlt' 'setgt'> <InPorts = 2> <OutPorts = 1>
ST_13 : Operation 113 [1/1] (1.66ns)   --->   "%icmp_ln4_6 = icmp_eq  i23 %trunc_ln4_2, i23 0" [../FP32-Model/batchnorm.cpp:4->../FP32-Model/batchnorm.cpp:139->../FP32-Model/mobilenet_v1.cpp:67]   --->   Operation 113 'icmp' 'icmp_ln4_6' <Predicate = true> <Delay = 1.66> <CoreInst = "Cmp">   --->   Core 9 'Cmp' <Latency = 0> <II = 1> <Delay = 1.66> <FuncUnit> <Opcode : 'seteq' 'setne' 'setle' 'setge' 'setlt' 'setgt'> <InPorts = 2> <OutPorts = 1>
ST_13 : Operation 114 [1/1] (0.00ns) (grouped into LUT with out node select_ln4_2)   --->   "%or_ln4_2 = or i1 %icmp_ln4_6, i1 %icmp_ln4_5" [../FP32-Model/batchnorm.cpp:4->../FP32-Model/batchnorm.cpp:139->../FP32-Model/mobilenet_v1.cpp:67]   --->   Operation 114 'or' 'or_ln4_2' <Predicate = true> <Delay = 0.00> <CoreInst = "LogicGate">   --->   Core 74 'LogicGate' <Latency = 0> <II = 1> <Delay = 0.80> <FuncUnit> <Opcode : 'and' 'or' 'xor'> <InPorts = 2> <OutPorts = 1>
ST_13 : Operation 115 [1/2] (4.19ns)   --->   "%tmp_46 = fcmp_ogt  i32 %x_assign_2, i32 0" [../FP32-Model/batchnorm.cpp:4->../FP32-Model/batchnorm.cpp:139->../FP32-Model/mobilenet_v1.cpp:67]   --->   Operation 115 'fcmp' 'tmp_46' <Predicate = true> <Delay = 4.19> <CoreInst = "FCompare">   --->   Core 19 'FCompare' <Latency = 1> <II = 1> <Delay = 4.19> <FuncUnit> <Opcode : 'fcmp'> <InPorts = 2> <OutPorts = 1>
ST_13 : Operation 116 [1/1] (0.00ns) (grouped into LUT with out node select_ln4_2)   --->   "%and_ln4_2 = and i1 %or_ln4_2, i1 %tmp_46" [../FP32-Model/batchnorm.cpp:4->../FP32-Model/batchnorm.cpp:139->../FP32-Model/mobilenet_v1.cpp:67]   --->   Operation 116 'and' 'and_ln4_2' <Predicate = true> <Delay = 0.00> <CoreInst = "LogicGate">   --->   Core 74 'LogicGate' <Latency = 0> <II = 1> <Delay = 0.80> <FuncUnit> <Opcode : 'and' 'or' 'xor'> <InPorts = 2> <OutPorts = 1>
ST_13 : Operation 117 [1/1] (0.80ns) (out node of the LUT)   --->   "%select_ln4_2 = select i1 %and_ln4_2, i32 %x_assign_2, i32 0" [../FP32-Model/batchnorm.cpp:4->../FP32-Model/batchnorm.cpp:139->../FP32-Model/mobilenet_v1.cpp:67]   --->   Operation 117 'select' 'select_ln4_2' <Predicate = true> <Delay = 0.80> <CoreInst = "Sel">   --->   Core 73 'Sel' <Latency = 0> <II = 1> <Delay = 0.70> <FuncUnit> <Opcode : 'select'> <InPorts = 3> <OutPorts = 1>
ST_13 : Operation 118 [1/1] (0.00ns)   --->   "%bitcast_ln4_3 = bitcast i32 %x_assign_3" [../FP32-Model/batchnorm.cpp:4->../FP32-Model/batchnorm.cpp:139->../FP32-Model/mobilenet_v1.cpp:67]   --->   Operation 118 'bitcast' 'bitcast_ln4_3' <Predicate = true> <Delay = 0.00>
ST_13 : Operation 119 [1/1] (0.00ns)   --->   "%tmp_47 = partselect i8 @_ssdm_op_PartSelect.i8.i32.i32.i32, i32 %bitcast_ln4_3, i32 23, i32 30" [../FP32-Model/batchnorm.cpp:4->../FP32-Model/batchnorm.cpp:139->../FP32-Model/mobilenet_v1.cpp:67]   --->   Operation 119 'partselect' 'tmp_47' <Predicate = true> <Delay = 0.00>
ST_13 : Operation 120 [1/1] (0.00ns)   --->   "%trunc_ln4_3 = trunc i32 %bitcast_ln4_3" [../FP32-Model/batchnorm.cpp:4->../FP32-Model/batchnorm.cpp:139->../FP32-Model/mobilenet_v1.cpp:67]   --->   Operation 120 'trunc' 'trunc_ln4_3' <Predicate = true> <Delay = 0.00>
ST_13 : Operation 121 [1/1] (1.30ns)   --->   "%icmp_ln4_7 = icmp_ne  i8 %tmp_47, i8 255" [../FP32-Model/batchnorm.cpp:4->../FP32-Model/batchnorm.cpp:139->../FP32-Model/mobilenet_v1.cpp:67]   --->   Operation 121 'icmp' 'icmp_ln4_7' <Predicate = true> <Delay = 1.30> <CoreInst = "Cmp">   --->   Core 9 'Cmp' <Latency = 0> <II = 1> <Delay = 1.30> <FuncUnit> <Opcode : 'seteq' 'setne' 'setle' 'setge' 'setlt' 'setgt'> <InPorts = 2> <OutPorts = 1>
ST_13 : Operation 122 [1/1] (1.66ns)   --->   "%icmp_ln4_8 = icmp_eq  i23 %trunc_ln4_3, i23 0" [../FP32-Model/batchnorm.cpp:4->../FP32-Model/batchnorm.cpp:139->../FP32-Model/mobilenet_v1.cpp:67]   --->   Operation 122 'icmp' 'icmp_ln4_8' <Predicate = true> <Delay = 1.66> <CoreInst = "Cmp">   --->   Core 9 'Cmp' <Latency = 0> <II = 1> <Delay = 1.66> <FuncUnit> <Opcode : 'seteq' 'setne' 'setle' 'setge' 'setlt' 'setgt'> <InPorts = 2> <OutPorts = 1>
ST_13 : Operation 123 [1/1] (0.00ns) (grouped into LUT with out node select_ln4_3)   --->   "%or_ln4_3 = or i1 %icmp_ln4_8, i1 %icmp_ln4_7" [../FP32-Model/batchnorm.cpp:4->../FP32-Model/batchnorm.cpp:139->../FP32-Model/mobilenet_v1.cpp:67]   --->   Operation 123 'or' 'or_ln4_3' <Predicate = true> <Delay = 0.00> <CoreInst = "LogicGate">   --->   Core 74 'LogicGate' <Latency = 0> <II = 1> <Delay = 0.80> <FuncUnit> <Opcode : 'and' 'or' 'xor'> <InPorts = 2> <OutPorts = 1>
ST_13 : Operation 124 [1/2] (4.19ns)   --->   "%tmp_48 = fcmp_ogt  i32 %x_assign_3, i32 0" [../FP32-Model/batchnorm.cpp:4->../FP32-Model/batchnorm.cpp:139->../FP32-Model/mobilenet_v1.cpp:67]   --->   Operation 124 'fcmp' 'tmp_48' <Predicate = true> <Delay = 4.19> <CoreInst = "FCompare">   --->   Core 19 'FCompare' <Latency = 1> <II = 1> <Delay = 4.19> <FuncUnit> <Opcode : 'fcmp'> <InPorts = 2> <OutPorts = 1>
ST_13 : Operation 125 [1/1] (0.00ns) (grouped into LUT with out node select_ln4_3)   --->   "%and_ln4_3 = and i1 %or_ln4_3, i1 %tmp_48" [../FP32-Model/batchnorm.cpp:4->../FP32-Model/batchnorm.cpp:139->../FP32-Model/mobilenet_v1.cpp:67]   --->   Operation 125 'and' 'and_ln4_3' <Predicate = true> <Delay = 0.00> <CoreInst = "LogicGate">   --->   Core 74 'LogicGate' <Latency = 0> <II = 1> <Delay = 0.80> <FuncUnit> <Opcode : 'and' 'or' 'xor'> <InPorts = 2> <OutPorts = 1>
ST_13 : Operation 126 [1/1] (0.80ns) (out node of the LUT)   --->   "%select_ln4_3 = select i1 %and_ln4_3, i32 %x_assign_3, i32 0" [../FP32-Model/batchnorm.cpp:4->../FP32-Model/batchnorm.cpp:139->../FP32-Model/mobilenet_v1.cpp:67]   --->   Operation 126 'select' 'select_ln4_3' <Predicate = true> <Delay = 0.80> <CoreInst = "Sel">   --->   Core 73 'Sel' <Latency = 0> <II = 1> <Delay = 0.70> <FuncUnit> <Opcode : 'select'> <InPorts = 3> <OutPorts = 1>
ST_13 : Operation 127 [1/1] (0.00ns)   --->   "%bitcast_ln4_4 = bitcast i32 %x_assign_4" [../FP32-Model/batchnorm.cpp:4->../FP32-Model/batchnorm.cpp:139->../FP32-Model/mobilenet_v1.cpp:67]   --->   Operation 127 'bitcast' 'bitcast_ln4_4' <Predicate = true> <Delay = 0.00>
ST_13 : Operation 128 [1/1] (0.00ns)   --->   "%tmp_49 = partselect i8 @_ssdm_op_PartSelect.i8.i32.i32.i32, i32 %bitcast_ln4_4, i32 23, i32 30" [../FP32-Model/batchnorm.cpp:4->../FP32-Model/batchnorm.cpp:139->../FP32-Model/mobilenet_v1.cpp:67]   --->   Operation 128 'partselect' 'tmp_49' <Predicate = true> <Delay = 0.00>
ST_13 : Operation 129 [1/1] (0.00ns)   --->   "%trunc_ln4_4 = trunc i32 %bitcast_ln4_4" [../FP32-Model/batchnorm.cpp:4->../FP32-Model/batchnorm.cpp:139->../FP32-Model/mobilenet_v1.cpp:67]   --->   Operation 129 'trunc' 'trunc_ln4_4' <Predicate = true> <Delay = 0.00>
ST_13 : Operation 130 [1/1] (1.30ns)   --->   "%icmp_ln4_9 = icmp_ne  i8 %tmp_49, i8 255" [../FP32-Model/batchnorm.cpp:4->../FP32-Model/batchnorm.cpp:139->../FP32-Model/mobilenet_v1.cpp:67]   --->   Operation 130 'icmp' 'icmp_ln4_9' <Predicate = true> <Delay = 1.30> <CoreInst = "Cmp">   --->   Core 9 'Cmp' <Latency = 0> <II = 1> <Delay = 1.30> <FuncUnit> <Opcode : 'seteq' 'setne' 'setle' 'setge' 'setlt' 'setgt'> <InPorts = 2> <OutPorts = 1>
ST_13 : Operation 131 [1/1] (1.66ns)   --->   "%icmp_ln4_10 = icmp_eq  i23 %trunc_ln4_4, i23 0" [../FP32-Model/batchnorm.cpp:4->../FP32-Model/batchnorm.cpp:139->../FP32-Model/mobilenet_v1.cpp:67]   --->   Operation 131 'icmp' 'icmp_ln4_10' <Predicate = true> <Delay = 1.66> <CoreInst = "Cmp">   --->   Core 9 'Cmp' <Latency = 0> <II = 1> <Delay = 1.66> <FuncUnit> <Opcode : 'seteq' 'setne' 'setle' 'setge' 'setlt' 'setgt'> <InPorts = 2> <OutPorts = 1>
ST_13 : Operation 132 [1/1] (0.00ns) (grouped into LUT with out node select_ln4_4)   --->   "%or_ln4_4 = or i1 %icmp_ln4_10, i1 %icmp_ln4_9" [../FP32-Model/batchnorm.cpp:4->../FP32-Model/batchnorm.cpp:139->../FP32-Model/mobilenet_v1.cpp:67]   --->   Operation 132 'or' 'or_ln4_4' <Predicate = true> <Delay = 0.00> <CoreInst = "LogicGate">   --->   Core 74 'LogicGate' <Latency = 0> <II = 1> <Delay = 0.80> <FuncUnit> <Opcode : 'and' 'or' 'xor'> <InPorts = 2> <OutPorts = 1>
ST_13 : Operation 133 [1/2] (4.19ns)   --->   "%tmp_50 = fcmp_ogt  i32 %x_assign_4, i32 0" [../FP32-Model/batchnorm.cpp:4->../FP32-Model/batchnorm.cpp:139->../FP32-Model/mobilenet_v1.cpp:67]   --->   Operation 133 'fcmp' 'tmp_50' <Predicate = true> <Delay = 4.19> <CoreInst = "FCompare">   --->   Core 19 'FCompare' <Latency = 1> <II = 1> <Delay = 4.19> <FuncUnit> <Opcode : 'fcmp'> <InPorts = 2> <OutPorts = 1>
ST_13 : Operation 134 [1/1] (0.00ns) (grouped into LUT with out node select_ln4_4)   --->   "%and_ln4_4 = and i1 %or_ln4_4, i1 %tmp_50" [../FP32-Model/batchnorm.cpp:4->../FP32-Model/batchnorm.cpp:139->../FP32-Model/mobilenet_v1.cpp:67]   --->   Operation 134 'and' 'and_ln4_4' <Predicate = true> <Delay = 0.00> <CoreInst = "LogicGate">   --->   Core 74 'LogicGate' <Latency = 0> <II = 1> <Delay = 0.80> <FuncUnit> <Opcode : 'and' 'or' 'xor'> <InPorts = 2> <OutPorts = 1>
ST_13 : Operation 135 [1/1] (0.80ns) (out node of the LUT)   --->   "%select_ln4_4 = select i1 %and_ln4_4, i32 %x_assign_4, i32 0" [../FP32-Model/batchnorm.cpp:4->../FP32-Model/batchnorm.cpp:139->../FP32-Model/mobilenet_v1.cpp:67]   --->   Operation 135 'select' 'select_ln4_4' <Predicate = true> <Delay = 0.80> <CoreInst = "Sel">   --->   Core 73 'Sel' <Latency = 0> <II = 1> <Delay = 0.70> <FuncUnit> <Opcode : 'select'> <InPorts = 3> <OutPorts = 1>
ST_13 : Operation 176 [1/1] (1.29ns)   --->   "%ret_ln0 = ret"   --->   Operation 176 'ret' 'ret_ln0' <Predicate = (icmp_ln135)> <Delay = 1.29>

State 14 <SV = 13> <Delay = 2.77>
ST_14 : Operation 136 [1/1] (0.00ns)   --->   "%specloopname_ln0 = specloopname void @_ssdm_op_SpecLoopName, void @BN_PW2_C_BN_PW2_H_str"   --->   Operation 136 'specloopname' 'specloopname_ln0' <Predicate = true> <Delay = 0.00>
ST_14 : Operation 137 [1/1] (0.00ns)   --->   "%speclooptripcount_ln0 = speclooptripcount void @_ssdm_op_SpecLoopTripCount, i64 512, i64 512, i64 512"   --->   Operation 137 'speclooptripcount' 'speclooptripcount_ln0' <Predicate = true> <Delay = 0.00>
ST_14 : Operation 138 [1/1] (0.00ns)   --->   "%zext_ln135 = zext i8 %select_ln135_1" [../FP32-Model/batchnorm.cpp:135->../FP32-Model/mobilenet_v1.cpp:67]   --->   Operation 138 'zext' 'zext_ln135' <Predicate = true> <Delay = 0.00>
ST_14 : Operation 139 [1/1] (0.00ns)   --->   "%ifmap_dw3_addr = getelementptr i32 %ifmap_dw3, i64 0, i64 %zext_ln135" [../FP32-Model/batchnorm.cpp:139->../FP32-Model/mobilenet_v1.cpp:67]   --->   Operation 139 'getelementptr' 'ifmap_dw3_addr' <Predicate = true> <Delay = 0.00>
ST_14 : Operation 140 [1/1] (0.00ns)   --->   "%ifmap_dw3_4_addr = getelementptr i32 %ifmap_dw3_4, i64 0, i64 %zext_ln135" [../FP32-Model/batchnorm.cpp:139->../FP32-Model/mobilenet_v1.cpp:67]   --->   Operation 140 'getelementptr' 'ifmap_dw3_4_addr' <Predicate = true> <Delay = 0.00>
ST_14 : Operation 141 [1/1] (0.00ns)   --->   "%ifmap_dw3_8_addr = getelementptr i32 %ifmap_dw3_8, i64 0, i64 %zext_ln135" [../FP32-Model/batchnorm.cpp:139->../FP32-Model/mobilenet_v1.cpp:67]   --->   Operation 141 'getelementptr' 'ifmap_dw3_8_addr' <Predicate = true> <Delay = 0.00>
ST_14 : Operation 142 [1/1] (0.00ns)   --->   "%ifmap_dw3_12_addr = getelementptr i32 %ifmap_dw3_12, i64 0, i64 %zext_ln135" [../FP32-Model/batchnorm.cpp:139->../FP32-Model/mobilenet_v1.cpp:67]   --->   Operation 142 'getelementptr' 'ifmap_dw3_12_addr' <Predicate = true> <Delay = 0.00>
ST_14 : Operation 143 [1/1] (0.00ns)   --->   "%ifmap_dw3_1_addr = getelementptr i32 %ifmap_dw3_1, i64 0, i64 %zext_ln135" [../FP32-Model/batchnorm.cpp:139->../FP32-Model/mobilenet_v1.cpp:67]   --->   Operation 143 'getelementptr' 'ifmap_dw3_1_addr' <Predicate = true> <Delay = 0.00>
ST_14 : Operation 144 [1/1] (0.00ns)   --->   "%ifmap_dw3_5_addr = getelementptr i32 %ifmap_dw3_5, i64 0, i64 %zext_ln135" [../FP32-Model/batchnorm.cpp:139->../FP32-Model/mobilenet_v1.cpp:67]   --->   Operation 144 'getelementptr' 'ifmap_dw3_5_addr' <Predicate = true> <Delay = 0.00>
ST_14 : Operation 145 [1/1] (0.00ns)   --->   "%ifmap_dw3_9_addr = getelementptr i32 %ifmap_dw3_9, i64 0, i64 %zext_ln135" [../FP32-Model/batchnorm.cpp:139->../FP32-Model/mobilenet_v1.cpp:67]   --->   Operation 145 'getelementptr' 'ifmap_dw3_9_addr' <Predicate = true> <Delay = 0.00>
ST_14 : Operation 146 [1/1] (0.00ns)   --->   "%ifmap_dw3_13_addr = getelementptr i32 %ifmap_dw3_13, i64 0, i64 %zext_ln135" [../FP32-Model/batchnorm.cpp:139->../FP32-Model/mobilenet_v1.cpp:67]   --->   Operation 146 'getelementptr' 'ifmap_dw3_13_addr' <Predicate = true> <Delay = 0.00>
ST_14 : Operation 147 [1/1] (0.00ns)   --->   "%ifmap_dw3_2_addr = getelementptr i32 %ifmap_dw3_2, i64 0, i64 %zext_ln135" [../FP32-Model/batchnorm.cpp:139->../FP32-Model/mobilenet_v1.cpp:67]   --->   Operation 147 'getelementptr' 'ifmap_dw3_2_addr' <Predicate = true> <Delay = 0.00>
ST_14 : Operation 148 [1/1] (0.00ns)   --->   "%ifmap_dw3_6_addr = getelementptr i32 %ifmap_dw3_6, i64 0, i64 %zext_ln135" [../FP32-Model/batchnorm.cpp:139->../FP32-Model/mobilenet_v1.cpp:67]   --->   Operation 148 'getelementptr' 'ifmap_dw3_6_addr' <Predicate = true> <Delay = 0.00>
ST_14 : Operation 149 [1/1] (0.00ns)   --->   "%ifmap_dw3_10_addr = getelementptr i32 %ifmap_dw3_10, i64 0, i64 %zext_ln135" [../FP32-Model/batchnorm.cpp:139->../FP32-Model/mobilenet_v1.cpp:67]   --->   Operation 149 'getelementptr' 'ifmap_dw3_10_addr' <Predicate = true> <Delay = 0.00>
ST_14 : Operation 150 [1/1] (0.00ns)   --->   "%ifmap_dw3_14_addr = getelementptr i32 %ifmap_dw3_14, i64 0, i64 %zext_ln135" [../FP32-Model/batchnorm.cpp:139->../FP32-Model/mobilenet_v1.cpp:67]   --->   Operation 150 'getelementptr' 'ifmap_dw3_14_addr' <Predicate = true> <Delay = 0.00>
ST_14 : Operation 151 [1/1] (0.00ns)   --->   "%ifmap_dw3_3_addr = getelementptr i32 %ifmap_dw3_3, i64 0, i64 %zext_ln135" [../FP32-Model/batchnorm.cpp:139->../FP32-Model/mobilenet_v1.cpp:67]   --->   Operation 151 'getelementptr' 'ifmap_dw3_3_addr' <Predicate = true> <Delay = 0.00>
ST_14 : Operation 152 [1/1] (0.00ns)   --->   "%ifmap_dw3_7_addr = getelementptr i32 %ifmap_dw3_7, i64 0, i64 %zext_ln135" [../FP32-Model/batchnorm.cpp:139->../FP32-Model/mobilenet_v1.cpp:67]   --->   Operation 152 'getelementptr' 'ifmap_dw3_7_addr' <Predicate = true> <Delay = 0.00>
ST_14 : Operation 153 [1/1] (0.00ns)   --->   "%ifmap_dw3_11_addr = getelementptr i32 %ifmap_dw3_11, i64 0, i64 %zext_ln135" [../FP32-Model/batchnorm.cpp:139->../FP32-Model/mobilenet_v1.cpp:67]   --->   Operation 153 'getelementptr' 'ifmap_dw3_11_addr' <Predicate = true> <Delay = 0.00>
ST_14 : Operation 154 [1/1] (0.00ns)   --->   "%ifmap_dw3_15_addr = getelementptr i32 %ifmap_dw3_15, i64 0, i64 %zext_ln135" [../FP32-Model/batchnorm.cpp:139->../FP32-Model/mobilenet_v1.cpp:67]   --->   Operation 154 'getelementptr' 'ifmap_dw3_15_addr' <Predicate = true> <Delay = 0.00>
ST_14 : Operation 155 [1/1] (0.00ns)   --->   "%specpipeline_ln137 = specpipeline void @_ssdm_op_SpecPipeline, i32 4294967295, i32 0, i32 0, i32 0, i32 4294967295, void @empty" [../FP32-Model/batchnorm.cpp:137->../FP32-Model/mobilenet_v1.cpp:67]   --->   Operation 155 'specpipeline' 'specpipeline_ln137' <Predicate = true> <Delay = 0.00>
ST_14 : Operation 156 [1/1] ( I:2.77ns O:2.77ns )   --->   "%store_ln139 = store i32 %select_ln4, i7 %ifmap_dw3_8_addr" [../FP32-Model/batchnorm.cpp:139->../FP32-Model/mobilenet_v1.cpp:67]   --->   Operation 156 'store' 'store_ln139' <Predicate = (trunc_ln136 == 2)> <Delay = 2.77> <CoreInst = "RAM">   --->   Core 81 'RAM' <Latency = 1> <II = 1> <Delay = 2.77> <Storage> <Opcode : 'load' 'store'> <Ports = 2> <Width = 32> <Depth = 128> <RAM>
ST_14 : Operation 157 [1/1] ( I:2.77ns O:2.77ns )   --->   "%store_ln139 = store i32 %select_ln4_2, i7 %ifmap_dw3_9_addr" [../FP32-Model/batchnorm.cpp:139->../FP32-Model/mobilenet_v1.cpp:67]   --->   Operation 157 'store' 'store_ln139' <Predicate = (trunc_ln136 == 2)> <Delay = 2.77> <CoreInst = "RAM">   --->   Core 81 'RAM' <Latency = 1> <II = 1> <Delay = 2.77> <Storage> <Opcode : 'load' 'store'> <Ports = 2> <Width = 32> <Depth = 128> <RAM>
ST_14 : Operation 158 [1/1] ( I:2.77ns O:2.77ns )   --->   "%store_ln139 = store i32 %select_ln4_3, i7 %ifmap_dw3_10_addr" [../FP32-Model/batchnorm.cpp:139->../FP32-Model/mobilenet_v1.cpp:67]   --->   Operation 158 'store' 'store_ln139' <Predicate = (trunc_ln136 == 2)> <Delay = 2.77> <CoreInst = "RAM">   --->   Core 81 'RAM' <Latency = 1> <II = 1> <Delay = 2.77> <Storage> <Opcode : 'load' 'store'> <Ports = 2> <Width = 32> <Depth = 128> <RAM>
ST_14 : Operation 159 [1/1] ( I:2.77ns O:2.77ns )   --->   "%store_ln139 = store i32 %select_ln4_4, i7 %ifmap_dw3_11_addr" [../FP32-Model/batchnorm.cpp:139->../FP32-Model/mobilenet_v1.cpp:67]   --->   Operation 159 'store' 'store_ln139' <Predicate = (trunc_ln136 == 2)> <Delay = 2.77> <CoreInst = "RAM">   --->   Core 81 'RAM' <Latency = 1> <II = 1> <Delay = 2.77> <Storage> <Opcode : 'load' 'store'> <Ports = 2> <Width = 32> <Depth = 128> <RAM>
ST_14 : Operation 160 [1/1] (0.00ns)   --->   "%br_ln139 = br void %arrayidx224.3.i137249.exit" [../FP32-Model/batchnorm.cpp:139->../FP32-Model/mobilenet_v1.cpp:67]   --->   Operation 160 'br' 'br_ln139' <Predicate = (trunc_ln136 == 2)> <Delay = 0.00>
ST_14 : Operation 161 [1/1] ( I:2.77ns O:2.77ns )   --->   "%store_ln139 = store i32 %select_ln4, i7 %ifmap_dw3_4_addr" [../FP32-Model/batchnorm.cpp:139->../FP32-Model/mobilenet_v1.cpp:67]   --->   Operation 161 'store' 'store_ln139' <Predicate = (trunc_ln136 == 1)> <Delay = 2.77> <CoreInst = "RAM">   --->   Core 81 'RAM' <Latency = 1> <II = 1> <Delay = 2.77> <Storage> <Opcode : 'load' 'store'> <Ports = 2> <Width = 32> <Depth = 128> <RAM>
ST_14 : Operation 162 [1/1] ( I:2.77ns O:2.77ns )   --->   "%store_ln139 = store i32 %select_ln4_2, i7 %ifmap_dw3_5_addr" [../FP32-Model/batchnorm.cpp:139->../FP32-Model/mobilenet_v1.cpp:67]   --->   Operation 162 'store' 'store_ln139' <Predicate = (trunc_ln136 == 1)> <Delay = 2.77> <CoreInst = "RAM">   --->   Core 81 'RAM' <Latency = 1> <II = 1> <Delay = 2.77> <Storage> <Opcode : 'load' 'store'> <Ports = 2> <Width = 32> <Depth = 128> <RAM>
ST_14 : Operation 163 [1/1] ( I:2.77ns O:2.77ns )   --->   "%store_ln139 = store i32 %select_ln4_3, i7 %ifmap_dw3_6_addr" [../FP32-Model/batchnorm.cpp:139->../FP32-Model/mobilenet_v1.cpp:67]   --->   Operation 163 'store' 'store_ln139' <Predicate = (trunc_ln136 == 1)> <Delay = 2.77> <CoreInst = "RAM">   --->   Core 81 'RAM' <Latency = 1> <II = 1> <Delay = 2.77> <Storage> <Opcode : 'load' 'store'> <Ports = 2> <Width = 32> <Depth = 128> <RAM>
ST_14 : Operation 164 [1/1] ( I:2.77ns O:2.77ns )   --->   "%store_ln139 = store i32 %select_ln4_4, i7 %ifmap_dw3_7_addr" [../FP32-Model/batchnorm.cpp:139->../FP32-Model/mobilenet_v1.cpp:67]   --->   Operation 164 'store' 'store_ln139' <Predicate = (trunc_ln136 == 1)> <Delay = 2.77> <CoreInst = "RAM">   --->   Core 81 'RAM' <Latency = 1> <II = 1> <Delay = 2.77> <Storage> <Opcode : 'load' 'store'> <Ports = 2> <Width = 32> <Depth = 128> <RAM>
ST_14 : Operation 165 [1/1] (0.00ns)   --->   "%br_ln139 = br void %arrayidx224.3.i137249.exit" [../FP32-Model/batchnorm.cpp:139->../FP32-Model/mobilenet_v1.cpp:67]   --->   Operation 165 'br' 'br_ln139' <Predicate = (trunc_ln136 == 1)> <Delay = 0.00>
ST_14 : Operation 166 [1/1] ( I:2.77ns O:2.77ns )   --->   "%store_ln139 = store i32 %select_ln4, i7 %ifmap_dw3_addr" [../FP32-Model/batchnorm.cpp:139->../FP32-Model/mobilenet_v1.cpp:67]   --->   Operation 166 'store' 'store_ln139' <Predicate = (trunc_ln136 == 0)> <Delay = 2.77> <CoreInst = "RAM">   --->   Core 81 'RAM' <Latency = 1> <II = 1> <Delay = 2.77> <Storage> <Opcode : 'load' 'store'> <Ports = 2> <Width = 32> <Depth = 128> <RAM>
ST_14 : Operation 167 [1/1] ( I:2.77ns O:2.77ns )   --->   "%store_ln139 = store i32 %select_ln4_2, i7 %ifmap_dw3_1_addr" [../FP32-Model/batchnorm.cpp:139->../FP32-Model/mobilenet_v1.cpp:67]   --->   Operation 167 'store' 'store_ln139' <Predicate = (trunc_ln136 == 0)> <Delay = 2.77> <CoreInst = "RAM">   --->   Core 81 'RAM' <Latency = 1> <II = 1> <Delay = 2.77> <Storage> <Opcode : 'load' 'store'> <Ports = 2> <Width = 32> <Depth = 128> <RAM>
ST_14 : Operation 168 [1/1] ( I:2.77ns O:2.77ns )   --->   "%store_ln139 = store i32 %select_ln4_3, i7 %ifmap_dw3_2_addr" [../FP32-Model/batchnorm.cpp:139->../FP32-Model/mobilenet_v1.cpp:67]   --->   Operation 168 'store' 'store_ln139' <Predicate = (trunc_ln136 == 0)> <Delay = 2.77> <CoreInst = "RAM">   --->   Core 81 'RAM' <Latency = 1> <II = 1> <Delay = 2.77> <Storage> <Opcode : 'load' 'store'> <Ports = 2> <Width = 32> <Depth = 128> <RAM>
ST_14 : Operation 169 [1/1] ( I:2.77ns O:2.77ns )   --->   "%store_ln139 = store i32 %select_ln4_4, i7 %ifmap_dw3_3_addr" [../FP32-Model/batchnorm.cpp:139->../FP32-Model/mobilenet_v1.cpp:67]   --->   Operation 169 'store' 'store_ln139' <Predicate = (trunc_ln136 == 0)> <Delay = 2.77> <CoreInst = "RAM">   --->   Core 81 'RAM' <Latency = 1> <II = 1> <Delay = 2.77> <Storage> <Opcode : 'load' 'store'> <Ports = 2> <Width = 32> <Depth = 128> <RAM>
ST_14 : Operation 170 [1/1] (0.00ns)   --->   "%br_ln139 = br void %arrayidx224.3.i137249.exit" [../FP32-Model/batchnorm.cpp:139->../FP32-Model/mobilenet_v1.cpp:67]   --->   Operation 170 'br' 'br_ln139' <Predicate = (trunc_ln136 == 0)> <Delay = 0.00>
ST_14 : Operation 171 [1/1] ( I:2.77ns O:2.77ns )   --->   "%store_ln139 = store i32 %select_ln4, i7 %ifmap_dw3_12_addr" [../FP32-Model/batchnorm.cpp:139->../FP32-Model/mobilenet_v1.cpp:67]   --->   Operation 171 'store' 'store_ln139' <Predicate = (trunc_ln136 == 3)> <Delay = 2.77> <CoreInst = "RAM">   --->   Core 81 'RAM' <Latency = 1> <II = 1> <Delay = 2.77> <Storage> <Opcode : 'load' 'store'> <Ports = 2> <Width = 32> <Depth = 128> <RAM>
ST_14 : Operation 172 [1/1] ( I:2.77ns O:2.77ns )   --->   "%store_ln139 = store i32 %select_ln4_2, i7 %ifmap_dw3_13_addr" [../FP32-Model/batchnorm.cpp:139->../FP32-Model/mobilenet_v1.cpp:67]   --->   Operation 172 'store' 'store_ln139' <Predicate = (trunc_ln136 == 3)> <Delay = 2.77> <CoreInst = "RAM">   --->   Core 81 'RAM' <Latency = 1> <II = 1> <Delay = 2.77> <Storage> <Opcode : 'load' 'store'> <Ports = 2> <Width = 32> <Depth = 128> <RAM>
ST_14 : Operation 173 [1/1] ( I:2.77ns O:2.77ns )   --->   "%store_ln139 = store i32 %select_ln4_3, i7 %ifmap_dw3_14_addr" [../FP32-Model/batchnorm.cpp:139->../FP32-Model/mobilenet_v1.cpp:67]   --->   Operation 173 'store' 'store_ln139' <Predicate = (trunc_ln136 == 3)> <Delay = 2.77> <CoreInst = "RAM">   --->   Core 81 'RAM' <Latency = 1> <II = 1> <Delay = 2.77> <Storage> <Opcode : 'load' 'store'> <Ports = 2> <Width = 32> <Depth = 128> <RAM>
ST_14 : Operation 174 [1/1] ( I:2.77ns O:2.77ns )   --->   "%store_ln139 = store i32 %select_ln4_4, i7 %ifmap_dw3_15_addr" [../FP32-Model/batchnorm.cpp:139->../FP32-Model/mobilenet_v1.cpp:67]   --->   Operation 174 'store' 'store_ln139' <Predicate = (trunc_ln136 == 3)> <Delay = 2.77> <CoreInst = "RAM">   --->   Core 81 'RAM' <Latency = 1> <II = 1> <Delay = 2.77> <Storage> <Opcode : 'load' 'store'> <Ports = 2> <Width = 32> <Depth = 128> <RAM>
ST_14 : Operation 175 [1/1] (0.00ns)   --->   "%br_ln139 = br void %arrayidx224.3.i137249.exit" [../FP32-Model/batchnorm.cpp:139->../FP32-Model/mobilenet_v1.cpp:67]   --->   Operation 175 'br' 'br_ln139' <Predicate = (trunc_ln136 == 3)> <Delay = 0.00>


============================================================
+ Verbose Summary: Timing violations
============================================================
Target clock period: 10.000ns, clock uncertainty: 2.700ns.

 <State 1>: 7.184ns
The critical path consists of the following:
	'store' operation ('store_ln135', ../FP32-Model/batchnorm.cpp:135->../FP32-Model/mobilenet_v1.cpp:67) of constant 0 8 bit on local variable 'c', ../FP32-Model/batchnorm.cpp:135->../FP32-Model/mobilenet_v1.cpp:67 [25]  (1.298 ns)
	'load' operation 8 bit ('c_load', ../FP32-Model/batchnorm.cpp:135->../FP32-Model/mobilenet_v1.cpp:67) on local variable 'c', ../FP32-Model/batchnorm.cpp:135->../FP32-Model/mobilenet_v1.cpp:67 [35]  (0.000 ns)
	'add' operation 8 bit ('add_ln135', ../FP32-Model/batchnorm.cpp:135->../FP32-Model/mobilenet_v1.cpp:67) [36]  (1.306 ns)
	'select' operation 8 bit ('select_ln135_1', ../FP32-Model/batchnorm.cpp:135->../FP32-Model/mobilenet_v1.cpp:67) [41]  (0.448 ns)
	'add' operation 9 bit ('add_ln139', ../FP32-Model/batchnorm.cpp:139->../FP32-Model/mobilenet_v1.cpp:67) [64]  (1.361 ns)
	'getelementptr' operation 9 bit ('ofmap_pw2_addr', ../FP32-Model/batchnorm.cpp:139->../FP32-Model/mobilenet_v1.cpp:67) [66]  (0.000 ns)
	'load' operation 32 bit ('ofmap_pw2_load', ../FP32-Model/batchnorm.cpp:139->../FP32-Model/mobilenet_v1.cpp:67) on array 'ofmap_pw2' [72]  (2.771 ns)

 <State 2>: 3.140ns
The critical path consists of the following:
	'sparsemux' operation 32 bit ('tmp_99', ../FP32-Model/batchnorm.cpp:139->../FP32-Model/mobilenet_v1.cpp:67) [45]  (3.140 ns)

 <State 3>: 4.729ns
The critical path consists of the following:
	'fmul' operation 32 bit ('mul_i4', ../FP32-Model/batchnorm.cpp:139->../FP32-Model/mobilenet_v1.cpp:67) [73]  (4.729 ns)

 <State 4>: 4.729ns
The critical path consists of the following:
	'fmul' operation 32 bit ('mul_i4', ../FP32-Model/batchnorm.cpp:139->../FP32-Model/mobilenet_v1.cpp:67) [73]  (4.729 ns)

 <State 5>: 4.729ns
The critical path consists of the following:
	'fmul' operation 32 bit ('mul_i4', ../FP32-Model/batchnorm.cpp:139->../FP32-Model/mobilenet_v1.cpp:67) [73]  (4.729 ns)

 <State 6>: 4.729ns
The critical path consists of the following:
	'fmul' operation 32 bit ('mul_i4', ../FP32-Model/batchnorm.cpp:139->../FP32-Model/mobilenet_v1.cpp:67) [73]  (4.729 ns)

 <State 7>: 6.329ns
The critical path consists of the following:
	'fadd' operation 32 bit ('x', ../FP32-Model/batchnorm.cpp:139->../FP32-Model/mobilenet_v1.cpp:67) [74]  (6.329 ns)

 <State 8>: 6.329ns
The critical path consists of the following:
	'fadd' operation 32 bit ('x', ../FP32-Model/batchnorm.cpp:139->../FP32-Model/mobilenet_v1.cpp:67) [74]  (6.329 ns)

 <State 9>: 6.329ns
The critical path consists of the following:
	'fadd' operation 32 bit ('x', ../FP32-Model/batchnorm.cpp:139->../FP32-Model/mobilenet_v1.cpp:67) [74]  (6.329 ns)

 <State 10>: 6.329ns
The critical path consists of the following:
	'fadd' operation 32 bit ('x', ../FP32-Model/batchnorm.cpp:139->../FP32-Model/mobilenet_v1.cpp:67) [74]  (6.329 ns)

 <State 11>: 6.329ns
The critical path consists of the following:
	'fadd' operation 32 bit ('x', ../FP32-Model/batchnorm.cpp:139->../FP32-Model/mobilenet_v1.cpp:67) [74]  (6.329 ns)

 <State 12>: 4.198ns
The critical path consists of the following:
	'fcmp' operation 1 bit ('tmp_44', ../FP32-Model/batchnorm.cpp:4->../FP32-Model/batchnorm.cpp:139->../FP32-Model/mobilenet_v1.cpp:67) [81]  (4.198 ns)

 <State 13>: 4.998ns
The critical path consists of the following:
	'fcmp' operation 1 bit ('tmp_44', ../FP32-Model/batchnorm.cpp:4->../FP32-Model/batchnorm.cpp:139->../FP32-Model/mobilenet_v1.cpp:67) [81]  (4.198 ns)
	'and' operation 1 bit ('and_ln4', ../FP32-Model/batchnorm.cpp:4->../FP32-Model/batchnorm.cpp:139->../FP32-Model/mobilenet_v1.cpp:67) [82]  (0.000 ns)
	'select' operation 32 bit ('select_ln4', ../FP32-Model/batchnorm.cpp:4->../FP32-Model/batchnorm.cpp:139->../FP32-Model/mobilenet_v1.cpp:67) [83]  (0.800 ns)

 <State 14>: 2.771ns
The critical path consists of the following:
	'getelementptr' operation 7 bit ('ifmap_dw3_8_addr', ../FP32-Model/batchnorm.cpp:139->../FP32-Model/mobilenet_v1.cpp:67) [49]  (0.000 ns)
	'store' operation ('store_ln139', ../FP32-Model/batchnorm.cpp:139->../FP32-Model/mobilenet_v1.cpp:67) of variable 'select_ln4', ../FP32-Model/batchnorm.cpp:4->../FP32-Model/batchnorm.cpp:139->../FP32-Model/mobilenet_v1.cpp:67 32 bit on array 'ifmap_dw3_8' [122]  (2.771 ns)


============================================================
+ Verbose Summary: Binding
============================================================
N/A
* FSMD analyzer results:
  - Output states:
 - Input state : 
  - Chain level:
	State 1
	State 2
	State 3
	State 4
	State 5
	State 6
	State 7
	State 8
	State 9
	State 10
	State 11
	State 12
	State 13
	State 14


============================================================
+ Verbose Summary: Datapath Resource usage 
============================================================
N/A
