

================================================================
== Vitis HLS Report for 'mobilenet_v1_Pipeline_VITIS_LOOP_23_1'
================================================================
* Date:           Sat Jun 27 09:58:14 2026

* Version:        2025.2 (Build 6295257 on Nov 14 2025)
* Project:        FP32_HLS
* Solution:       hls (Vivado IP Flow Target)
* Product family: zynq
* Target device:  xc7z045-ffg900-2


================================================================
== Performance Estimates
================================================================
+ Timing: 
    * Summary: 
    +--------+----------+----------+------------+
    |  Clock |  Target  | Estimated| Uncertainty|
    +--------+----------+----------+------------+
    |ap_clk  |  10.00 ns|  7.300 ns|     2.70 ns|
    +--------+----------+----------+------------+

+ Latency: 
    * Summary: 
    +---------+---------+----------+----------+-----+-----+-------------------+
    |  Latency (cycles) |  Latency (absolute) |  Interval |      Pipeline     |
    |   min   |   max   |    min   |    max   | min | max |        Type       |
    +---------+---------+----------+----------+-----+-----+-------------------+
    |       13|       13|  0.130 us|  0.130 us|    0|    0|  loop pipeline stp|
    +---------+---------+----------+----------+-----+-----+-------------------+

    + Detail: 
        * Instance: 
        N/A

        * Loop: 
        +-------------------+---------+---------+----------+-----------+-----------+------+----------+
        |                   |  Latency (cycles) | Iteration|  Initiation Interval  | Trip |          |
        |     Loop Name     |   min   |   max   |  Latency |  achieved |   target  | Count| Pipelined|
        +-------------------+---------+---------+----------+-----------+-----------+------+----------+
        |- VITIS_LOOP_23_1  |       11|       11|         3|          1|          1|    10|       yes|
        +-------------------+---------+---------+----------+-----------+-----------+------+----------+

============================================================
+ Verbose Summary: Synthesis Manager
============================================================
InlineROM: 1
ExposeGlobal: 0
============================================================
+ Verbose Summary: CDFG Model
============================================================
IsTopModel: 0
ResetActiveHigh: 1
IsCombinational: 0
IsDatapathOnly: 0
HasWiredReturn: 1
HasMFsm: 2
HasVarLatency: 1
IsPipeline: 0
IsRtlPipelined: 0
IsInstanceOverlapped: 0
IsDontTouch: 0
HasImplIP: 0
IsGatedGlobalClock: 0

+ Individual pipeline summary: 
  * Pipeline-0: initiation interval (II) = 1, depth = 3


============================================================
+ Verbose Summary: Schedule
============================================================
* Number of FSM states : 3
* Pipeline : 1
  Pipeline-0 : II = 1, D = 3, States = { 1 2 3 }
* Dataflow Pipeline: 0

* FSM state transitions: 
1 --> 2 
2 --> 3 
3 --> 

* FSM state operations: 

State 1 <SV = 0> <Delay = 3.59>
ST_1 : Operation 6 [1/1] (0.00ns)   --->   "%i = alloca i32 1" [../FP32-Model/transfer.cpp:23->../FP32-Model/mobilenet_v1.cpp:77]   --->   Operation 6 'alloca' 'i' <Predicate = true> <Delay = 0.00>
ST_1 : Operation 7 [1/1] (0.00ns)   --->   "%sext_ln23_read = read i62 @_ssdm_op_Read.ap_auto.i62, i62 %sext_ln23"   --->   Operation 7 'read' 'sext_ln23_read' <Predicate = true> <Delay = 0.00>
ST_1 : Operation 8 [1/1] (0.00ns)   --->   "%sext_ln23_cast = sext i62 %sext_ln23_read"   --->   Operation 8 'sext' 'sext_ln23_cast' <Predicate = true> <Delay = 0.00>
ST_1 : Operation 9 [1/1] (0.00ns)   --->   "%specinterface_ln0 = specinterface void @_ssdm_op_SpecInterface, i32 %gmem, void @empty_5, i32 0, i32 0, void @empty, i32 0, i32 3072, void @empty_0, void @empty_6, void @empty, i32 16, i32 16, i32 16, i32 16, void @empty, void @empty, i32 4294967295, i32 0, i32 0, i32 4"   --->   Operation 9 'specinterface' 'specinterface_ln0' <Predicate = true> <Delay = 0.00>
ST_1 : Operation 10 [1/1] (1.29ns)   --->   "%store_ln23 = store i4 0, i4 %i" [../FP32-Model/transfer.cpp:23->../FP32-Model/mobilenet_v1.cpp:77]   --->   Operation 10 'store' 'store_ln23' <Predicate = true> <Delay = 1.29>
ST_1 : Operation 11 [1/1] (0.00ns)   --->   "%br_ln0 = br void %for.inc.i198"   --->   Operation 11 'br' 'br_ln0' <Predicate = true> <Delay = 0.00>
ST_1 : Operation 12 [1/1] (0.00ns)   --->   "%i_1 = load i4 %i" [../FP32-Model/transfer.cpp:23->../FP32-Model/mobilenet_v1.cpp:77]   --->   Operation 12 'load' 'i_1' <Predicate = true> <Delay = 0.00>
ST_1 : Operation 13 [1/1] (0.00ns)   --->   "%specbitsmap_ln0 = specbitsmap void @_ssdm_op_SpecBitsMap, i32 %gmem"   --->   Operation 13 'specbitsmap' 'specbitsmap_ln0' <Predicate = true> <Delay = 0.00>
ST_1 : Operation 14 [1/1] (0.99ns)   --->   "%icmp_ln23 = icmp_eq  i4 %i_1, i4 10" [../FP32-Model/transfer.cpp:23->../FP32-Model/mobilenet_v1.cpp:77]   --->   Operation 14 'icmp' 'icmp_ln23' <Predicate = true> <Delay = 0.99> <CoreInst = "Cmp">   --->   Core 9 'Cmp' <Latency = 0> <II = 1> <Delay = 0.99> <FuncUnit> <Opcode : 'seteq' 'setne' 'setle' 'setge' 'setlt' 'setgt'> <InPorts = 2> <OutPorts = 1>
ST_1 : Operation 15 [1/1] (0.99ns)   --->   "%add_ln23 = add i4 %i_1, i4 1" [../FP32-Model/transfer.cpp:23->../FP32-Model/mobilenet_v1.cpp:77]   --->   Operation 15 'add' 'add_ln23' <Predicate = true> <Delay = 0.99> <CoreInst = "Adder">   --->   Core 1 'Adder' <Latency = 0> <II = 1> <Delay = 0.99> <FuncUnit> <Opcode : 'add' 'sub'> <InPorts = 2> <OutPorts = 1>
ST_1 : Operation 16 [1/1] (0.00ns)   --->   "%br_ln23 = br i1 %icmp_ln23, void %for.inc.i198.split, void %_Z12store_outputPfS_.exit.exitStub" [../FP32-Model/transfer.cpp:23->../FP32-Model/mobilenet_v1.cpp:77]   --->   Operation 16 'br' 'br_ln23' <Predicate = true> <Delay = 0.00>
ST_1 : Operation 17 [1/1] (0.00ns)   --->   "%zext_ln23 = zext i4 %i_1" [../FP32-Model/transfer.cpp:23->../FP32-Model/mobilenet_v1.cpp:77]   --->   Operation 17 'zext' 'zext_ln23' <Predicate = (!icmp_ln23)> <Delay = 0.00>
ST_1 : Operation 18 [1/1] (0.00ns)   --->   "%out_buf_addr = getelementptr i32 %out_buf, i64 0, i64 %zext_ln23" [../FP32-Model/transfer.cpp:25->../FP32-Model/mobilenet_v1.cpp:77]   --->   Operation 18 'getelementptr' 'out_buf_addr' <Predicate = (!icmp_ln23)> <Delay = 0.00>
ST_1 : Operation 19 [2/2] (1.75ns)   --->   "%out_buf_load = load i4 %out_buf_addr" [../FP32-Model/transfer.cpp:25->../FP32-Model/mobilenet_v1.cpp:77]   --->   Operation 19 'load' 'out_buf_load' <Predicate = (!icmp_ln23)> <Delay = 1.75> <CoreInst = "RAM">   --->   Core 81 'RAM' <Latency = 1> <II = 1> <Delay = 1.75> <Storage> <Opcode : 'load' 'store'> <Ports = 2> <Width = 32> <Depth = 10> <RAM>
ST_1 : Operation 20 [1/1] (1.29ns)   --->   "%store_ln23 = store i4 %add_ln23, i4 %i" [../FP32-Model/transfer.cpp:23->../FP32-Model/mobilenet_v1.cpp:77]   --->   Operation 20 'store' 'store_ln23' <Predicate = (!icmp_ln23)> <Delay = 1.29>

State 2 <SV = 1> <Delay = 1.75>
ST_2 : Operation 21 [1/2] ( I:1.75ns O:1.75ns )   --->   "%out_buf_load = load i4 %out_buf_addr" [../FP32-Model/transfer.cpp:25->../FP32-Model/mobilenet_v1.cpp:77]   --->   Operation 21 'load' 'out_buf_load' <Predicate = true> <Delay = 1.75> <CoreInst = "RAM">   --->   Core 81 'RAM' <Latency = 1> <II = 1> <Delay = 1.75> <Storage> <Opcode : 'load' 'store'> <Ports = 2> <Width = 32> <Depth = 10> <RAM>
ST_2 : Operation 29 [1/1] (1.29ns)   --->   "%ret_ln0 = ret"   --->   Operation 29 'ret' 'ret_ln0' <Predicate = (icmp_ln23)> <Delay = 1.29>

State 3 <SV = 2> <Delay = 7.30>
ST_3 : Operation 22 [1/1] (0.00ns)   --->   "%gmem_addr = getelementptr i32 %gmem, i64 %sext_ln23_cast" [../FP32-Model/transfer.cpp:23->../FP32-Model/mobilenet_v1.cpp:77]   --->   Operation 22 'getelementptr' 'gmem_addr' <Predicate = true> <Delay = 0.00>
ST_3 : Operation 23 [1/1] (0.00ns)   --->   "%specpipeline_ln24 = specpipeline void @_ssdm_op_SpecPipeline, i32 4294967295, i32 0, i32 0, i32 0, i32 4294967295, void @empty" [../FP32-Model/transfer.cpp:24->../FP32-Model/mobilenet_v1.cpp:77]   --->   Operation 23 'specpipeline' 'specpipeline_ln24' <Predicate = true> <Delay = 0.00>
ST_3 : Operation 24 [1/1] (0.00ns)   --->   "%speclooptripcount_ln23 = speclooptripcount void @_ssdm_op_SpecLoopTripCount, i64 10, i64 10, i64 10" [../FP32-Model/transfer.cpp:23->../FP32-Model/mobilenet_v1.cpp:77]   --->   Operation 24 'speclooptripcount' 'speclooptripcount_ln23' <Predicate = true> <Delay = 0.00>
ST_3 : Operation 25 [1/1] (0.00ns)   --->   "%specloopname_ln23 = specloopname void @_ssdm_op_SpecLoopName, void @empty_3" [../FP32-Model/transfer.cpp:23->../FP32-Model/mobilenet_v1.cpp:77]   --->   Operation 25 'specloopname' 'specloopname_ln23' <Predicate = true> <Delay = 0.00>
ST_3 : Operation 26 [1/1] (0.00ns)   --->   "%bitcast_ln25 = bitcast i32 %out_buf_load" [../FP32-Model/transfer.cpp:25->../FP32-Model/mobilenet_v1.cpp:77]   --->   Operation 26 'bitcast' 'bitcast_ln25' <Predicate = true> <Delay = 0.00>
ST_3 : Operation 27 [1/1] ( I:7.30ns O:7.30ns )   --->   "%write_ln25 = write void @_ssdm_op_Write.m_axi.p1i32.i32, i32 %gmem_addr, i32 %bitcast_ln25, i4 15" [../FP32-Model/transfer.cpp:25->../FP32-Model/mobilenet_v1.cpp:77]   --->   Operation 27 'write' 'write_ln25' <Predicate = true> <Delay = 7.30> <CoreInst = "m_axi">   --->   Core 111 'm_axi' <Latency = 5> <II = 1> <Delay = 1.00> <Adapter> <Opcode : 'readrequnaligned' 'writerequnaligned' 'read' 'write' 'readreq' 'writereq' 'writeresp'>
ST_3 : Operation 28 [1/1] (0.00ns)   --->   "%br_ln23 = br void %for.inc.i198" [../FP32-Model/transfer.cpp:23->../FP32-Model/mobilenet_v1.cpp:77]   --->   Operation 28 'br' 'br_ln23' <Predicate = true> <Delay = 0.00>


============================================================
+ Verbose Summary: Timing violations
============================================================
Target clock period: 10.000ns, clock uncertainty: 2.700ns.

 <State 1>: 3.593ns
The critical path consists of the following:
	'store' operation ('store_ln23', ../FP32-Model/transfer.cpp:23->../FP32-Model/mobilenet_v1.cpp:77) of constant 0 4 bit on local variable 'i', ../FP32-Model/transfer.cpp:23->../FP32-Model/mobilenet_v1.cpp:77 [8]  (1.298 ns)
	'load' operation 4 bit ('i', ../FP32-Model/transfer.cpp:23->../FP32-Model/mobilenet_v1.cpp:77) on local variable 'i', ../FP32-Model/transfer.cpp:23->../FP32-Model/mobilenet_v1.cpp:77 [11]  (0.000 ns)
	'icmp' operation 1 bit ('icmp_ln23', ../FP32-Model/transfer.cpp:23->../FP32-Model/mobilenet_v1.cpp:77) [13]  (0.997 ns)
	'store' operation ('store_ln23', ../FP32-Model/transfer.cpp:23->../FP32-Model/mobilenet_v1.cpp:77) of variable 'add_ln23', ../FP32-Model/transfer.cpp:23->../FP32-Model/mobilenet_v1.cpp:77 4 bit on local variable 'i', ../FP32-Model/transfer.cpp:23->../FP32-Model/mobilenet_v1.cpp:77 [26]  (1.298 ns)

 <State 2>: 1.755ns
The critical path consists of the following:
	'load' operation 32 bit ('out_buf_load', ../FP32-Model/transfer.cpp:25->../FP32-Model/mobilenet_v1.cpp:77) on array 'out_buf' [23]  (1.755 ns)

 <State 3>: 7.300ns
The critical path consists of the following:
	'getelementptr' operation 32 bit ('gmem_addr', ../FP32-Model/transfer.cpp:23->../FP32-Model/mobilenet_v1.cpp:77) [17]  (0.000 ns)
	bus write operation ('write_ln25', ../FP32-Model/transfer.cpp:25->../FP32-Model/mobilenet_v1.cpp:77) on port 'gmem' (../FP32-Model/transfer.cpp:25->../FP32-Model/mobilenet_v1.cpp:77) [25]  (7.300 ns)


============================================================
+ Verbose Summary: Binding
============================================================
N/A
* FSMD analyzer results:
  - Output states:
 - Input state : 
  - Chain level:
	State 1
	State 2
	State 3


============================================================
+ Verbose Summary: Datapath Resource usage 
============================================================
N/A
