

================================================================
== Vitis HLS Report for 'mobilenet_v1_Pipeline_GAP_C'
================================================================
* Date:           Sat Jun 27 09:58:21 2026

* Version:        2025.2 (Build 6295257 on Nov 14 2025)
* Project:        FP32_HLS
* Solution:       hls (Vivado IP Flow Target)
* Product family: zynq
* Target device:  xc7z045-ffg900-2


================================================================
== Performance Estimates
================================================================
+ Timing: 
    * Summary: 
    +--------+----------+----------+------------+
    |  Clock |  Target  | Estimated| Uncertainty|
    +--------+----------+----------+------------+
    |ap_clk  |  10.00 ns|  6.329 ns|     2.70 ns|
    +--------+----------+----------+------------+

+ Latency: 
    * Summary: 
    +---------+---------+----------+----------+-----+-----+-------------------+
    |  Latency (cycles) |  Latency (absolute) |  Interval |      Pipeline     |
    |   min   |   max   |    min   |    max   | min | max |        Type       |
    +---------+---------+----------+----------+-----+-----+-------------------+
    |      283|      283|  2.830 us|  2.830 us|    0|    0|  loop pipeline stp|
    +---------+---------+----------+----------+-----+-----+-------------------+

    + Detail: 
        * Instance: 
        N/A

        * Loop: 
        +----------+---------+---------+----------+-----------+-----------+------+----------+
        |          |  Latency (cycles) | Iteration|  Initiation Interval  | Trip |          |
        | Loop Name|   min   |   max   |  Latency |  achieved |   target  | Count| Pipelined|
        +----------+---------+---------+----------+-----------+-----------+------+----------+
        |- GAP_C   |      281|      281|        27|          1|          1|   256|       yes|
        +----------+---------+---------+----------+-----------+-----------+------+----------+



================================================================
== Utilization Estimates
================================================================
* Summary: 
+-----------------+---------+-----+--------+--------+-----+
|       Name      | BRAM_18K| DSP |   FF   |   LUT  | URAM|
+-----------------+---------+-----+--------+--------+-----+
|DSP              |        -|    -|       -|       -|    -|
|Expression       |        -|    -|       0|      21|    -|
|FIFO             |        -|    -|       -|       -|    -|
|Instance         |        -|    -|       -|       -|    -|
|Memory           |        -|    -|       -|       -|    -|
|Multiplexer      |        -|    -|       0|      36|    -|
|Register         |        -|    -|     568|      96|    -|
+-----------------+---------+-----+--------+--------+-----+
|Total            |        0|    0|     568|     153|    0|
+-----------------+---------+-----+--------+--------+-----+
|Available        |     1090|  900|  437200|  218600|    0|
+-----------------+---------+-----+--------+--------+-----+
|Utilization (%)  |        0|    0|      ~0|      ~0|    0|
+-----------------+---------+-----+--------+--------+-----+

+ Detail: 
    * Instance: 
    N/A

    * DSP: 
    N/A

    * Memory: 
    N/A

    * FIFO: 
    N/A

    * Expression: 
    +--------------------+----------+----+---+----+------------+------------+
    |    Variable Name   | Operation| DSP| FF| LUT| Bitwidth P0| Bitwidth P1|
    +--------------------+----------+----+---+----+------------+------------+
    |add_ln7_fu_143_p2   |         +|   0|  0|   9|           9|           1|
    |icmp_ln7_fu_137_p2  |      icmp|   0|  0|  10|           9|          10|
    |ap_enable_pp0       |       xor|   0|  0|   2|           1|           2|
    +--------------------+----------+----+---+----+------------+------------+
    |Total               |          |   0|  0|  21|          19|          13|
    +--------------------+----------+----+---+----+------------+------------+

    * Multiplexer: 
    +-------------------------+----+-----------+-----+-----------+
    |           Name          | LUT| Input Size| Bits| Total Bits|
    +-------------------------+----+-----------+-----+-----------+
    |ap_done_int              |   9|          2|    1|          2|
    |ap_enable_reg_pp0_iter1  |   9|          2|    1|          2|
    |ap_sig_allocacmp_c_1     |   9|          2|    9|         18|
    |c_fu_40                  |   9|          2|    9|         18|
    +-------------------------+----+-----------+-----+-----------+
    |Total                    |  36|          8|   20|         40|
    +-------------------------+----+-----------+-----+-----------+

    * Register: 
    +-----------------------------------+----+----+-----+-----------+
    |                Name               | FF | LUT| Bits| Const Bits|
    +-----------------------------------+----+----+-----+-----------+
    |ap_CS_fsm                          |   1|   0|    1|          0|
    |ap_done_reg                        |   1|   0|    1|          0|
    |ap_enable_reg_pp0_iter1            |   1|   0|    1|          0|
    |ap_enable_reg_pp0_iter10           |   1|   0|    1|          0|
    |ap_enable_reg_pp0_iter11           |   1|   0|    1|          0|
    |ap_enable_reg_pp0_iter12           |   1|   0|    1|          0|
    |ap_enable_reg_pp0_iter13           |   1|   0|    1|          0|
    |ap_enable_reg_pp0_iter14           |   1|   0|    1|          0|
    |ap_enable_reg_pp0_iter15           |   1|   0|    1|          0|
    |ap_enable_reg_pp0_iter16           |   1|   0|    1|          0|
    |ap_enable_reg_pp0_iter17           |   1|   0|    1|          0|
    |ap_enable_reg_pp0_iter18           |   1|   0|    1|          0|
    |ap_enable_reg_pp0_iter19           |   1|   0|    1|          0|
    |ap_enable_reg_pp0_iter2            |   1|   0|    1|          0|
    |ap_enable_reg_pp0_iter20           |   1|   0|    1|          0|
    |ap_enable_reg_pp0_iter21           |   1|   0|    1|          0|
    |ap_enable_reg_pp0_iter22           |   1|   0|    1|          0|
    |ap_enable_reg_pp0_iter23           |   1|   0|    1|          0|
    |ap_enable_reg_pp0_iter24           |   1|   0|    1|          0|
    |ap_enable_reg_pp0_iter25           |   1|   0|    1|          0|
    |ap_enable_reg_pp0_iter26           |   1|   0|    1|          0|
    |ap_enable_reg_pp0_iter3            |   1|   0|    1|          0|
    |ap_enable_reg_pp0_iter4            |   1|   0|    1|          0|
    |ap_enable_reg_pp0_iter5            |   1|   0|    1|          0|
    |ap_enable_reg_pp0_iter6            |   1|   0|    1|          0|
    |ap_enable_reg_pp0_iter7            |   1|   0|    1|          0|
    |ap_enable_reg_pp0_iter8            |   1|   0|    1|          0|
    |ap_enable_reg_pp0_iter9            |   1|   0|    1|          0|
    |ap_loop_exit_ready_pp0_iter10_reg  |   1|   0|    1|          0|
    |ap_loop_exit_ready_pp0_iter11_reg  |   1|   0|    1|          0|
    |ap_loop_exit_ready_pp0_iter12_reg  |   1|   0|    1|          0|
    |ap_loop_exit_ready_pp0_iter13_reg  |   1|   0|    1|          0|
    |ap_loop_exit_ready_pp0_iter14_reg  |   1|   0|    1|          0|
    |ap_loop_exit_ready_pp0_iter15_reg  |   1|   0|    1|          0|
    |ap_loop_exit_ready_pp0_iter16_reg  |   1|   0|    1|          0|
    |ap_loop_exit_ready_pp0_iter17_reg  |   1|   0|    1|          0|
    |ap_loop_exit_ready_pp0_iter18_reg  |   1|   0|    1|          0|
    |ap_loop_exit_ready_pp0_iter19_reg  |   1|   0|    1|          0|
    |ap_loop_exit_ready_pp0_iter1_reg   |   1|   0|    1|          0|
    |ap_loop_exit_ready_pp0_iter20_reg  |   1|   0|    1|          0|
    |ap_loop_exit_ready_pp0_iter21_reg  |   1|   0|    1|          0|
    |ap_loop_exit_ready_pp0_iter22_reg  |   1|   0|    1|          0|
    |ap_loop_exit_ready_pp0_iter23_reg  |   1|   0|    1|          0|
    |ap_loop_exit_ready_pp0_iter24_reg  |   1|   0|    1|          0|
    |ap_loop_exit_ready_pp0_iter25_reg  |   1|   0|    1|          0|
    |ap_loop_exit_ready_pp0_iter2_reg   |   1|   0|    1|          0|
    |ap_loop_exit_ready_pp0_iter3_reg   |   1|   0|    1|          0|
    |ap_loop_exit_ready_pp0_iter4_reg   |   1|   0|    1|          0|
    |ap_loop_exit_ready_pp0_iter5_reg   |   1|   0|    1|          0|
    |ap_loop_exit_ready_pp0_iter6_reg   |   1|   0|    1|          0|
    |ap_loop_exit_ready_pp0_iter7_reg   |   1|   0|    1|          0|
    |ap_loop_exit_ready_pp0_iter8_reg   |   1|   0|    1|          0|
    |ap_loop_exit_ready_pp0_iter9_reg   |   1|   0|    1|          0|
    |c_1_reg_192                        |   9|   0|    9|          0|
    |c_fu_40                            |   9|   0|    9|          0|
    |div_i_reg_272                      |  32|   0|   32|          0|
    |ifmap_gap_2_load_1_reg_262         |  32|   0|   32|          0|
    |ifmap_gap_2_load_reg_227           |  32|   0|   32|          0|
    |ifmap_gap_load_1_reg_247           |  32|   0|   32|          0|
    |ifmap_gap_load_reg_212             |  32|   0|   32|          0|
    |sum_1_reg_242                      |  32|   0|   32|          0|
    |sum_2_reg_257                      |  32|   0|   32|          0|
    |sum_3_reg_267                      |  32|   0|   32|          0|
    |sum_reg_222                        |  32|   0|   32|          0|
    |zext_ln11_1_reg_232                |   8|   0|   64|         56|
    |zext_ln11_reg_202                  |   9|   0|   64|         55|
    |c_1_reg_192                        |  64|  32|    9|          0|
    |zext_ln11_1_reg_232                |  64|  32|   64|         56|
    |zext_ln11_reg_202                  |  64|  32|   64|         55|
    +-----------------------------------+----+----+-----+-----------+
    |Total                              | 568|  96|  624|        222|
    +-----------------------------------+----+----+-----+-----------+



================================================================
== Interface
================================================================
* Summary: 
+----------------------+-----+-----+------------+-----------------------------+--------------+
|       RTL Ports      | Dir | Bits|  Protocol  |        Source Object        |    C Type    |
+----------------------+-----+-----+------------+-----------------------------+--------------+
|ap_clk                |   in|    1|  ap_ctrl_hs|  mobilenet_v1_Pipeline_GAP_C|  return value|
|ap_rst                |   in|    1|  ap_ctrl_hs|  mobilenet_v1_Pipeline_GAP_C|  return value|
|ap_start              |   in|    1|  ap_ctrl_hs|  mobilenet_v1_Pipeline_GAP_C|  return value|
|ap_done               |  out|    1|  ap_ctrl_hs|  mobilenet_v1_Pipeline_GAP_C|  return value|
|ap_idle               |  out|    1|  ap_ctrl_hs|  mobilenet_v1_Pipeline_GAP_C|  return value|
|ap_ready              |  out|    1|  ap_ctrl_hs|  mobilenet_v1_Pipeline_GAP_C|  return value|
|grp_fu_2467_p_din0    |  out|   32|  ap_ctrl_hs|  mobilenet_v1_Pipeline_GAP_C|  return value|
|grp_fu_2467_p_din1    |  out|   32|  ap_ctrl_hs|  mobilenet_v1_Pipeline_GAP_C|  return value|
|grp_fu_2467_p_opcode  |  out|    2|  ap_ctrl_hs|  mobilenet_v1_Pipeline_GAP_C|  return value|
|grp_fu_2467_p_dout0   |   in|   32|  ap_ctrl_hs|  mobilenet_v1_Pipeline_GAP_C|  return value|
|grp_fu_2467_p_ce      |  out|    1|  ap_ctrl_hs|  mobilenet_v1_Pipeline_GAP_C|  return value|
|grp_fu_2471_p_din0    |  out|   32|  ap_ctrl_hs|  mobilenet_v1_Pipeline_GAP_C|  return value|
|grp_fu_2471_p_din1    |  out|   32|  ap_ctrl_hs|  mobilenet_v1_Pipeline_GAP_C|  return value|
|grp_fu_2471_p_opcode  |  out|    2|  ap_ctrl_hs|  mobilenet_v1_Pipeline_GAP_C|  return value|
|grp_fu_2471_p_dout0   |   in|   32|  ap_ctrl_hs|  mobilenet_v1_Pipeline_GAP_C|  return value|
|grp_fu_2471_p_ce      |  out|    1|  ap_ctrl_hs|  mobilenet_v1_Pipeline_GAP_C|  return value|
|grp_fu_2475_p_din0    |  out|   32|  ap_ctrl_hs|  mobilenet_v1_Pipeline_GAP_C|  return value|
|grp_fu_2475_p_din1    |  out|   32|  ap_ctrl_hs|  mobilenet_v1_Pipeline_GAP_C|  return value|
|grp_fu_2475_p_opcode  |  out|    2|  ap_ctrl_hs|  mobilenet_v1_Pipeline_GAP_C|  return value|
|grp_fu_2475_p_dout0   |   in|   32|  ap_ctrl_hs|  mobilenet_v1_Pipeline_GAP_C|  return value|
|grp_fu_2475_p_ce      |  out|    1|  ap_ctrl_hs|  mobilenet_v1_Pipeline_GAP_C|  return value|
|grp_fu_2479_p_din0    |  out|   32|  ap_ctrl_hs|  mobilenet_v1_Pipeline_GAP_C|  return value|
|grp_fu_2479_p_din1    |  out|   32|  ap_ctrl_hs|  mobilenet_v1_Pipeline_GAP_C|  return value|
|grp_fu_2479_p_opcode  |  out|    2|  ap_ctrl_hs|  mobilenet_v1_Pipeline_GAP_C|  return value|
|grp_fu_2479_p_dout0   |   in|   32|  ap_ctrl_hs|  mobilenet_v1_Pipeline_GAP_C|  return value|
|grp_fu_2479_p_ce      |  out|    1|  ap_ctrl_hs|  mobilenet_v1_Pipeline_GAP_C|  return value|
|grp_fu_2523_p_din0    |  out|   32|  ap_ctrl_hs|  mobilenet_v1_Pipeline_GAP_C|  return value|
|grp_fu_2523_p_din1    |  out|   32|  ap_ctrl_hs|  mobilenet_v1_Pipeline_GAP_C|  return value|
|grp_fu_2523_p_dout0   |   in|   32|  ap_ctrl_hs|  mobilenet_v1_Pipeline_GAP_C|  return value|
|grp_fu_2523_p_ce      |  out|    1|  ap_ctrl_hs|  mobilenet_v1_Pipeline_GAP_C|  return value|
|ifmap_gap_address0    |  out|    9|   ap_memory|                    ifmap_gap|         array|
|ifmap_gap_ce0         |  out|    1|   ap_memory|                    ifmap_gap|         array|
|ifmap_gap_q0          |   in|   32|   ap_memory|                    ifmap_gap|         array|
|ifmap_gap_address1    |  out|    9|   ap_memory|                    ifmap_gap|         array|
|ifmap_gap_ce1         |  out|    1|   ap_memory|                    ifmap_gap|         array|
|ifmap_gap_q1          |   in|   32|   ap_memory|                    ifmap_gap|         array|
|ifmap_gap_2_address0  |  out|    9|   ap_memory|                  ifmap_gap_2|         array|
|ifmap_gap_2_ce0       |  out|    1|   ap_memory|                  ifmap_gap_2|         array|
|ifmap_gap_2_q0        |   in|   32|   ap_memory|                  ifmap_gap_2|         array|
|ifmap_gap_2_address1  |  out|    9|   ap_memory|                  ifmap_gap_2|         array|
|ifmap_gap_2_ce1       |  out|    1|   ap_memory|                  ifmap_gap_2|         array|
|ifmap_gap_2_q1        |   in|   32|   ap_memory|                  ifmap_gap_2|         array|
|ofmap_gap_address0    |  out|    8|   ap_memory|                    ofmap_gap|         array|
|ofmap_gap_ce0         |  out|    1|   ap_memory|                    ofmap_gap|         array|
|ofmap_gap_we0         |  out|    1|   ap_memory|                    ofmap_gap|         array|
|ofmap_gap_d0          |  out|   32|   ap_memory|                    ofmap_gap|         array|
+----------------------+-----+-----+------------+-----------------------------+--------------+

============================================================
+ Verbose Summary: Synthesis Manager
============================================================
InlineROM: 1
ExposeGlobal: 0
============================================================
+ Verbose Summary: CDFG Model
============================================================
IsTopModel: 0
ResetActiveHigh: 1
IsCombinational: 2
IsDatapathOnly: 2
HasWiredReturn: 1
HasMFsm: 2
HasVarLatency: 1
IsPipeline: 0
IsRtlPipelined: 0
IsInstanceOverlapped: 0
IsDontTouch: 0
HasImplIP: 0
IsGatedGlobalClock: 0

+ Individual pipeline summary: 
  * Pipeline-0: initiation interval (II) = 1, depth = 27


============================================================
+ Verbose Summary: Schedule
============================================================
* Number of FSM states : 27
* Pipeline : 1
  Pipeline-0 : II = 1, D = 27, States = { 1 2 3 4 5 6 7 8 9 10 11 12 13 14 15 16 17 18 19 20 21 22 23 24 25 26 27 }
* Dataflow Pipeline: 0

* FSM state transitions: 
1 --> 2 
2 --> 3 
3 --> 4 
4 --> 5 
5 --> 6 
6 --> 7 
7 --> 8 
8 --> 9 
9 --> 10 
10 --> 11 
11 --> 12 
12 --> 13 
13 --> 14 
14 --> 15 
15 --> 16 
16 --> 17 
17 --> 18 
18 --> 19 
19 --> 20 
20 --> 21 
21 --> 22 
22 --> 23 
23 --> 24 
24 --> 25 
25 --> 26 
26 --> 27 
27 --> 

* FSM state operations: 

State 1 <SV = 0> <Delay = 4.06>
ST_1 : Operation 30 [1/1] (0.00ns)   --->   "%c = alloca i32 1" [../FP32-Model/gap.cpp:7->../FP32-Model/mobilenet_v1.cpp:75]   --->   Operation 30 'alloca' 'c' <Predicate = true> <Delay = 0.00>
ST_1 : Operation 31 [1/1] (1.29ns)   --->   "%store_ln7 = store i9 0, i9 %c" [../FP32-Model/gap.cpp:7->../FP32-Model/mobilenet_v1.cpp:75]   --->   Operation 31 'store' 'store_ln7' <Predicate = true> <Delay = 1.29>
ST_1 : Operation 32 [1/1] (0.00ns)   --->   "%br_ln0 = br void %GAP_H.i"   --->   Operation 32 'br' 'br_ln0' <Predicate = true> <Delay = 0.00>
ST_1 : Operation 33 [1/1] (0.00ns)   --->   "%c_1 = load i9 %c" [../FP32-Model/gap.cpp:7->../FP32-Model/mobilenet_v1.cpp:75]   --->   Operation 33 'load' 'c_1' <Predicate = true> <Delay = 0.00>
ST_1 : Operation 34 [1/1] (1.36ns)   --->   "%icmp_ln7 = icmp_eq  i9 %c_1, i9 256" [../FP32-Model/gap.cpp:7->../FP32-Model/mobilenet_v1.cpp:75]   --->   Operation 34 'icmp' 'icmp_ln7' <Predicate = true> <Delay = 1.36> <CoreInst = "Cmp">   --->   Core 9 'Cmp' <Latency = 0> <II = 1> <Delay = 1.41> <FuncUnit> <Opcode : 'seteq' 'setne' 'setle' 'setge' 'setlt' 'setgt'> <InPorts = 2> <OutPorts = 1>
ST_1 : Operation 35 [1/1] (1.36ns)   --->   "%add_ln7 = add i9 %c_1, i9 1" [../FP32-Model/gap.cpp:7->../FP32-Model/mobilenet_v1.cpp:75]   --->   Operation 35 'add' 'add_ln7' <Predicate = true> <Delay = 1.36> <CoreInst = "Adder">   --->   Core 1 'Adder' <Latency = 0> <II = 1> <Delay = 1.36> <FuncUnit> <Opcode : 'add' 'sub'> <InPorts = 2> <OutPorts = 1>
ST_1 : Operation 36 [1/1] (0.00ns)   --->   "%br_ln7 = br i1 %icmp_ln7, void %GAP_H.i.split, void %_Z15global_avg_poolPA2_A2_KfPf.exit.exitStub" [../FP32-Model/gap.cpp:7->../FP32-Model/mobilenet_v1.cpp:75]   --->   Operation 36 'br' 'br_ln7' <Predicate = true> <Delay = 0.00>
ST_1 : Operation 37 [1/1] (0.00ns)   --->   "%shl_ln11 = shl i9 %c_1, i9 1" [../FP32-Model/gap.cpp:11->../FP32-Model/mobilenet_v1.cpp:75]   --->   Operation 37 'shl' 'shl_ln11' <Predicate = (!icmp_ln7)> <Delay = 0.00>
ST_1 : Operation 38 [1/1] (0.00ns)   --->   "%zext_ln11 = zext i9 %shl_ln11" [../FP32-Model/gap.cpp:11->../FP32-Model/mobilenet_v1.cpp:75]   --->   Operation 38 'zext' 'zext_ln11' <Predicate = (!icmp_ln7)> <Delay = 0.00>
ST_1 : Operation 39 [1/1] (0.00ns)   --->   "%ifmap_gap_addr = getelementptr i32 %ifmap_gap, i64 0, i64 %zext_ln11" [../FP32-Model/gap.cpp:11->../FP32-Model/mobilenet_v1.cpp:75]   --->   Operation 39 'getelementptr' 'ifmap_gap_addr' <Predicate = (!icmp_ln7)> <Delay = 0.00>
ST_1 : Operation 40 [2/2] (2.77ns)   --->   "%ifmap_gap_load = load i9 %ifmap_gap_addr" [../FP32-Model/gap.cpp:11->../FP32-Model/mobilenet_v1.cpp:75]   --->   Operation 40 'load' 'ifmap_gap_load' <Predicate = (!icmp_ln7)> <Delay = 2.77> <CoreInst = "RAM">   --->   Core 81 'RAM' <Latency = 1> <II = 1> <Delay = 2.77> <Storage> <Opcode : 'load' 'store'> <Ports = 2> <Width = 32> <Depth = 512> <RAM>
ST_1 : Operation 41 [1/1] (1.29ns)   --->   "%store_ln7 = store i9 %add_ln7, i9 %c" [../FP32-Model/gap.cpp:7->../FP32-Model/mobilenet_v1.cpp:75]   --->   Operation 41 'store' 'store_ln7' <Predicate = (!icmp_ln7)> <Delay = 1.29>

State 2 <SV = 1> <Delay = 2.77>
ST_2 : Operation 42 [1/2] ( I:2.77ns O:2.77ns )   --->   "%ifmap_gap_load = load i9 %ifmap_gap_addr" [../FP32-Model/gap.cpp:11->../FP32-Model/mobilenet_v1.cpp:75]   --->   Operation 42 'load' 'ifmap_gap_load' <Predicate = true> <Delay = 2.77> <CoreInst = "RAM">   --->   Core 81 'RAM' <Latency = 1> <II = 1> <Delay = 2.77> <Storage> <Opcode : 'load' 'store'> <Ports = 2> <Width = 32> <Depth = 512> <RAM>

State 3 <SV = 2> <Delay = 6.32>
ST_3 : Operation 43 [5/5] (6.32ns)   --->   "%sum = fadd i32 %ifmap_gap_load, i32 0" [../FP32-Model/gap.cpp:11->../FP32-Model/mobilenet_v1.cpp:75]   --->   Operation 43 'fadd' 'sum' <Predicate = true> <Delay = 6.32> <CoreInst = "FAddSub_fulldsp">   --->   Core 18 'FAddSub_fulldsp' <Latency = 4> <II = 1> <Delay = 6.32> <FuncUnit> <Opcode : 'fadd' 'fsub'> <InPorts = 2> <OutPorts = 1>

State 4 <SV = 3> <Delay = 6.32>
ST_4 : Operation 44 [4/5] (6.32ns)   --->   "%sum = fadd i32 %ifmap_gap_load, i32 0" [../FP32-Model/gap.cpp:11->../FP32-Model/mobilenet_v1.cpp:75]   --->   Operation 44 'fadd' 'sum' <Predicate = true> <Delay = 6.32> <CoreInst = "FAddSub_fulldsp">   --->   Core 18 'FAddSub_fulldsp' <Latency = 4> <II = 1> <Delay = 6.32> <FuncUnit> <Opcode : 'fadd' 'fsub'> <InPorts = 2> <OutPorts = 1>

State 5 <SV = 4> <Delay = 6.32>
ST_5 : Operation 45 [3/5] (6.32ns)   --->   "%sum = fadd i32 %ifmap_gap_load, i32 0" [../FP32-Model/gap.cpp:11->../FP32-Model/mobilenet_v1.cpp:75]   --->   Operation 45 'fadd' 'sum' <Predicate = true> <Delay = 6.32> <CoreInst = "FAddSub_fulldsp">   --->   Core 18 'FAddSub_fulldsp' <Latency = 4> <II = 1> <Delay = 6.32> <FuncUnit> <Opcode : 'fadd' 'fsub'> <InPorts = 2> <OutPorts = 1>

State 6 <SV = 5> <Delay = 6.32>
ST_6 : Operation 46 [1/1] (0.00ns)   --->   "%ifmap_gap_2_addr = getelementptr i32 %ifmap_gap_2, i64 0, i64 %zext_ln11" [../FP32-Model/gap.cpp:11->../FP32-Model/mobilenet_v1.cpp:75]   --->   Operation 46 'getelementptr' 'ifmap_gap_2_addr' <Predicate = true> <Delay = 0.00>
ST_6 : Operation 47 [2/5] (6.32ns)   --->   "%sum = fadd i32 %ifmap_gap_load, i32 0" [../FP32-Model/gap.cpp:11->../FP32-Model/mobilenet_v1.cpp:75]   --->   Operation 47 'fadd' 'sum' <Predicate = true> <Delay = 6.32> <CoreInst = "FAddSub_fulldsp">   --->   Core 18 'FAddSub_fulldsp' <Latency = 4> <II = 1> <Delay = 6.32> <FuncUnit> <Opcode : 'fadd' 'fsub'> <InPorts = 2> <OutPorts = 1>
ST_6 : Operation 48 [2/2] (2.77ns)   --->   "%ifmap_gap_2_load = load i9 %ifmap_gap_2_addr" [../FP32-Model/gap.cpp:11->../FP32-Model/mobilenet_v1.cpp:75]   --->   Operation 48 'load' 'ifmap_gap_2_load' <Predicate = true> <Delay = 2.77> <CoreInst = "RAM">   --->   Core 81 'RAM' <Latency = 1> <II = 1> <Delay = 2.77> <Storage> <Opcode : 'load' 'store'> <Ports = 2> <Width = 32> <Depth = 512> <RAM>

State 7 <SV = 6> <Delay = 6.32>
ST_7 : Operation 49 [1/5] (6.32ns)   --->   "%sum = fadd i32 %ifmap_gap_load, i32 0" [../FP32-Model/gap.cpp:11->../FP32-Model/mobilenet_v1.cpp:75]   --->   Operation 49 'fadd' 'sum' <Predicate = true> <Delay = 6.32> <CoreInst = "FAddSub_fulldsp">   --->   Core 18 'FAddSub_fulldsp' <Latency = 4> <II = 1> <Delay = 6.32> <FuncUnit> <Opcode : 'fadd' 'fsub'> <InPorts = 2> <OutPorts = 1>
ST_7 : Operation 50 [1/2] ( I:2.77ns O:2.77ns )   --->   "%ifmap_gap_2_load = load i9 %ifmap_gap_2_addr" [../FP32-Model/gap.cpp:11->../FP32-Model/mobilenet_v1.cpp:75]   --->   Operation 50 'load' 'ifmap_gap_2_load' <Predicate = true> <Delay = 2.77> <CoreInst = "RAM">   --->   Core 81 'RAM' <Latency = 1> <II = 1> <Delay = 2.77> <Storage> <Opcode : 'load' 'store'> <Ports = 2> <Width = 32> <Depth = 512> <RAM>

State 8 <SV = 7> <Delay = 6.32>
ST_8 : Operation 51 [5/5] (6.32ns)   --->   "%sum_1 = fadd i32 %sum, i32 %ifmap_gap_2_load" [../FP32-Model/gap.cpp:11->../FP32-Model/mobilenet_v1.cpp:75]   --->   Operation 51 'fadd' 'sum_1' <Predicate = true> <Delay = 6.32> <CoreInst = "FAddSub_fulldsp">   --->   Core 18 'FAddSub_fulldsp' <Latency = 4> <II = 1> <Delay = 6.32> <FuncUnit> <Opcode : 'fadd' 'fsub'> <InPorts = 2> <OutPorts = 1>

State 9 <SV = 8> <Delay = 6.32>
ST_9 : Operation 52 [4/5] (6.32ns)   --->   "%sum_1 = fadd i32 %sum, i32 %ifmap_gap_2_load" [../FP32-Model/gap.cpp:11->../FP32-Model/mobilenet_v1.cpp:75]   --->   Operation 52 'fadd' 'sum_1' <Predicate = true> <Delay = 6.32> <CoreInst = "FAddSub_fulldsp">   --->   Core 18 'FAddSub_fulldsp' <Latency = 4> <II = 1> <Delay = 6.32> <FuncUnit> <Opcode : 'fadd' 'fsub'> <InPorts = 2> <OutPorts = 1>

State 10 <SV = 9> <Delay = 6.32>
ST_10 : Operation 53 [3/5] (6.32ns)   --->   "%sum_1 = fadd i32 %sum, i32 %ifmap_gap_2_load" [../FP32-Model/gap.cpp:11->../FP32-Model/mobilenet_v1.cpp:75]   --->   Operation 53 'fadd' 'sum_1' <Predicate = true> <Delay = 6.32> <CoreInst = "FAddSub_fulldsp">   --->   Core 18 'FAddSub_fulldsp' <Latency = 4> <II = 1> <Delay = 6.32> <FuncUnit> <Opcode : 'fadd' 'fsub'> <InPorts = 2> <OutPorts = 1>

State 11 <SV = 10> <Delay = 6.32>
ST_11 : Operation 54 [1/1] (0.00ns)   --->   "%trunc_ln7 = trunc i9 %c_1" [../FP32-Model/gap.cpp:7->../FP32-Model/mobilenet_v1.cpp:75]   --->   Operation 54 'trunc' 'trunc_ln7' <Predicate = true> <Delay = 0.00>
ST_11 : Operation 55 [1/1] (0.00ns)   --->   "%tmp_s = bitconcatenate i9 @_ssdm_op_BitConcatenate.i9.i8.i1, i8 %trunc_ln7, i1 1" [../FP32-Model/gap.cpp:11->../FP32-Model/mobilenet_v1.cpp:75]   --->   Operation 55 'bitconcatenate' 'tmp_s' <Predicate = true> <Delay = 0.00>
ST_11 : Operation 56 [1/1] (0.00ns)   --->   "%zext_ln11_1 = zext i9 %tmp_s" [../FP32-Model/gap.cpp:11->../FP32-Model/mobilenet_v1.cpp:75]   --->   Operation 56 'zext' 'zext_ln11_1' <Predicate = true> <Delay = 0.00>
ST_11 : Operation 57 [1/1] (0.00ns)   --->   "%ifmap_gap_addr_1 = getelementptr i32 %ifmap_gap, i64 0, i64 %zext_ln11_1" [../FP32-Model/gap.cpp:11->../FP32-Model/mobilenet_v1.cpp:75]   --->   Operation 57 'getelementptr' 'ifmap_gap_addr_1' <Predicate = true> <Delay = 0.00>
ST_11 : Operation 58 [2/5] (6.32ns)   --->   "%sum_1 = fadd i32 %sum, i32 %ifmap_gap_2_load" [../FP32-Model/gap.cpp:11->../FP32-Model/mobilenet_v1.cpp:75]   --->   Operation 58 'fadd' 'sum_1' <Predicate = true> <Delay = 6.32> <CoreInst = "FAddSub_fulldsp">   --->   Core 18 'FAddSub_fulldsp' <Latency = 4> <II = 1> <Delay = 6.32> <FuncUnit> <Opcode : 'fadd' 'fsub'> <InPorts = 2> <OutPorts = 1>
ST_11 : Operation 59 [2/2] (2.77ns)   --->   "%ifmap_gap_load_1 = load i9 %ifmap_gap_addr_1" [../FP32-Model/gap.cpp:11->../FP32-Model/mobilenet_v1.cpp:75]   --->   Operation 59 'load' 'ifmap_gap_load_1' <Predicate = true> <Delay = 2.77> <CoreInst = "RAM">   --->   Core 81 'RAM' <Latency = 1> <II = 1> <Delay = 2.77> <Storage> <Opcode : 'load' 'store'> <Ports = 2> <Width = 32> <Depth = 512> <RAM>

State 12 <SV = 11> <Delay = 6.32>
ST_12 : Operation 60 [1/5] (6.32ns)   --->   "%sum_1 = fadd i32 %sum, i32 %ifmap_gap_2_load" [../FP32-Model/gap.cpp:11->../FP32-Model/mobilenet_v1.cpp:75]   --->   Operation 60 'fadd' 'sum_1' <Predicate = true> <Delay = 6.32> <CoreInst = "FAddSub_fulldsp">   --->   Core 18 'FAddSub_fulldsp' <Latency = 4> <II = 1> <Delay = 6.32> <FuncUnit> <Opcode : 'fadd' 'fsub'> <InPorts = 2> <OutPorts = 1>
ST_12 : Operation 61 [1/2] ( I:2.77ns O:2.77ns )   --->   "%ifmap_gap_load_1 = load i9 %ifmap_gap_addr_1" [../FP32-Model/gap.cpp:11->../FP32-Model/mobilenet_v1.cpp:75]   --->   Operation 61 'load' 'ifmap_gap_load_1' <Predicate = true> <Delay = 2.77> <CoreInst = "RAM">   --->   Core 81 'RAM' <Latency = 1> <II = 1> <Delay = 2.77> <Storage> <Opcode : 'load' 'store'> <Ports = 2> <Width = 32> <Depth = 512> <RAM>

State 13 <SV = 12> <Delay = 6.32>
ST_13 : Operation 62 [5/5] (6.32ns)   --->   "%sum_2 = fadd i32 %sum_1, i32 %ifmap_gap_load_1" [../FP32-Model/gap.cpp:11->../FP32-Model/mobilenet_v1.cpp:75]   --->   Operation 62 'fadd' 'sum_2' <Predicate = true> <Delay = 6.32> <CoreInst = "FAddSub_fulldsp">   --->   Core 18 'FAddSub_fulldsp' <Latency = 4> <II = 1> <Delay = 6.32> <FuncUnit> <Opcode : 'fadd' 'fsub'> <InPorts = 2> <OutPorts = 1>

State 14 <SV = 13> <Delay = 6.32>
ST_14 : Operation 63 [4/5] (6.32ns)   --->   "%sum_2 = fadd i32 %sum_1, i32 %ifmap_gap_load_1" [../FP32-Model/gap.cpp:11->../FP32-Model/mobilenet_v1.cpp:75]   --->   Operation 63 'fadd' 'sum_2' <Predicate = true> <Delay = 6.32> <CoreInst = "FAddSub_fulldsp">   --->   Core 18 'FAddSub_fulldsp' <Latency = 4> <II = 1> <Delay = 6.32> <FuncUnit> <Opcode : 'fadd' 'fsub'> <InPorts = 2> <OutPorts = 1>

State 15 <SV = 14> <Delay = 6.32>
ST_15 : Operation 64 [3/5] (6.32ns)   --->   "%sum_2 = fadd i32 %sum_1, i32 %ifmap_gap_load_1" [../FP32-Model/gap.cpp:11->../FP32-Model/mobilenet_v1.cpp:75]   --->   Operation 64 'fadd' 'sum_2' <Predicate = true> <Delay = 6.32> <CoreInst = "FAddSub_fulldsp">   --->   Core 18 'FAddSub_fulldsp' <Latency = 4> <II = 1> <Delay = 6.32> <FuncUnit> <Opcode : 'fadd' 'fsub'> <InPorts = 2> <OutPorts = 1>

State 16 <SV = 15> <Delay = 6.32>
ST_16 : Operation 65 [1/1] (0.00ns)   --->   "%ifmap_gap_2_addr_1 = getelementptr i32 %ifmap_gap_2, i64 0, i64 %zext_ln11_1" [../FP32-Model/gap.cpp:11->../FP32-Model/mobilenet_v1.cpp:75]   --->   Operation 65 'getelementptr' 'ifmap_gap_2_addr_1' <Predicate = true> <Delay = 0.00>
ST_16 : Operation 66 [2/5] (6.32ns)   --->   "%sum_2 = fadd i32 %sum_1, i32 %ifmap_gap_load_1" [../FP32-Model/gap.cpp:11->../FP32-Model/mobilenet_v1.cpp:75]   --->   Operation 66 'fadd' 'sum_2' <Predicate = true> <Delay = 6.32> <CoreInst = "FAddSub_fulldsp">   --->   Core 18 'FAddSub_fulldsp' <Latency = 4> <II = 1> <Delay = 6.32> <FuncUnit> <Opcode : 'fadd' 'fsub'> <InPorts = 2> <OutPorts = 1>
ST_16 : Operation 67 [2/2] (2.77ns)   --->   "%ifmap_gap_2_load_1 = load i9 %ifmap_gap_2_addr_1" [../FP32-Model/gap.cpp:11->../FP32-Model/mobilenet_v1.cpp:75]   --->   Operation 67 'load' 'ifmap_gap_2_load_1' <Predicate = true> <Delay = 2.77> <CoreInst = "RAM">   --->   Core 81 'RAM' <Latency = 1> <II = 1> <Delay = 2.77> <Storage> <Opcode : 'load' 'store'> <Ports = 2> <Width = 32> <Depth = 512> <RAM>

State 17 <SV = 16> <Delay = 6.32>
ST_17 : Operation 68 [1/5] (6.32ns)   --->   "%sum_2 = fadd i32 %sum_1, i32 %ifmap_gap_load_1" [../FP32-Model/gap.cpp:11->../FP32-Model/mobilenet_v1.cpp:75]   --->   Operation 68 'fadd' 'sum_2' <Predicate = true> <Delay = 6.32> <CoreInst = "FAddSub_fulldsp">   --->   Core 18 'FAddSub_fulldsp' <Latency = 4> <II = 1> <Delay = 6.32> <FuncUnit> <Opcode : 'fadd' 'fsub'> <InPorts = 2> <OutPorts = 1>
ST_17 : Operation 69 [1/2] ( I:2.77ns O:2.77ns )   --->   "%ifmap_gap_2_load_1 = load i9 %ifmap_gap_2_addr_1" [../FP32-Model/gap.cpp:11->../FP32-Model/mobilenet_v1.cpp:75]   --->   Operation 69 'load' 'ifmap_gap_2_load_1' <Predicate = true> <Delay = 2.77> <CoreInst = "RAM">   --->   Core 81 'RAM' <Latency = 1> <II = 1> <Delay = 2.77> <Storage> <Opcode : 'load' 'store'> <Ports = 2> <Width = 32> <Depth = 512> <RAM>

State 18 <SV = 17> <Delay = 6.32>
ST_18 : Operation 70 [5/5] (6.32ns)   --->   "%sum_3 = fadd i32 %sum_2, i32 %ifmap_gap_2_load_1" [../FP32-Model/gap.cpp:11->../FP32-Model/mobilenet_v1.cpp:75]   --->   Operation 70 'fadd' 'sum_3' <Predicate = true> <Delay = 6.32> <CoreInst = "FAddSub_fulldsp">   --->   Core 18 'FAddSub_fulldsp' <Latency = 4> <II = 1> <Delay = 6.32> <FuncUnit> <Opcode : 'fadd' 'fsub'> <InPorts = 2> <OutPorts = 1>

State 19 <SV = 18> <Delay = 6.32>
ST_19 : Operation 71 [4/5] (6.32ns)   --->   "%sum_3 = fadd i32 %sum_2, i32 %ifmap_gap_2_load_1" [../FP32-Model/gap.cpp:11->../FP32-Model/mobilenet_v1.cpp:75]   --->   Operation 71 'fadd' 'sum_3' <Predicate = true> <Delay = 6.32> <CoreInst = "FAddSub_fulldsp">   --->   Core 18 'FAddSub_fulldsp' <Latency = 4> <II = 1> <Delay = 6.32> <FuncUnit> <Opcode : 'fadd' 'fsub'> <InPorts = 2> <OutPorts = 1>

State 20 <SV = 19> <Delay = 6.32>
ST_20 : Operation 72 [3/5] (6.32ns)   --->   "%sum_3 = fadd i32 %sum_2, i32 %ifmap_gap_2_load_1" [../FP32-Model/gap.cpp:11->../FP32-Model/mobilenet_v1.cpp:75]   --->   Operation 72 'fadd' 'sum_3' <Predicate = true> <Delay = 6.32> <CoreInst = "FAddSub_fulldsp">   --->   Core 18 'FAddSub_fulldsp' <Latency = 4> <II = 1> <Delay = 6.32> <FuncUnit> <Opcode : 'fadd' 'fsub'> <InPorts = 2> <OutPorts = 1>

State 21 <SV = 20> <Delay = 6.32>
ST_21 : Operation 73 [2/5] (6.32ns)   --->   "%sum_3 = fadd i32 %sum_2, i32 %ifmap_gap_2_load_1" [../FP32-Model/gap.cpp:11->../FP32-Model/mobilenet_v1.cpp:75]   --->   Operation 73 'fadd' 'sum_3' <Predicate = true> <Delay = 6.32> <CoreInst = "FAddSub_fulldsp">   --->   Core 18 'FAddSub_fulldsp' <Latency = 4> <II = 1> <Delay = 6.32> <FuncUnit> <Opcode : 'fadd' 'fsub'> <InPorts = 2> <OutPorts = 1>

State 22 <SV = 21> <Delay = 6.32>
ST_22 : Operation 74 [1/5] (6.32ns)   --->   "%sum_3 = fadd i32 %sum_2, i32 %ifmap_gap_2_load_1" [../FP32-Model/gap.cpp:11->../FP32-Model/mobilenet_v1.cpp:75]   --->   Operation 74 'fadd' 'sum_3' <Predicate = true> <Delay = 6.32> <CoreInst = "FAddSub_fulldsp">   --->   Core 18 'FAddSub_fulldsp' <Latency = 4> <II = 1> <Delay = 6.32> <FuncUnit> <Opcode : 'fadd' 'fsub'> <InPorts = 2> <OutPorts = 1>

State 23 <SV = 22> <Delay = 4.72>
ST_23 : Operation 75 [4/4] (4.72ns)   --->   "%div_i = fmul i32 %sum_3, i32 0.25" [../FP32-Model/gap.cpp:14->../FP32-Model/mobilenet_v1.cpp:75]   --->   Operation 75 'fmul' 'div_i' <Predicate = true> <Delay = 4.72> <CoreInst = "FMul_maxdsp">   --->   Core 30 'FMul_maxdsp' <Latency = 3> <II = 1> <Delay = 4.72> <FuncUnit> <Opcode : 'fmul'> <InPorts = 2> <OutPorts = 1>

State 24 <SV = 23> <Delay = 4.72>
ST_24 : Operation 76 [3/4] (4.72ns)   --->   "%div_i = fmul i32 %sum_3, i32 0.25" [../FP32-Model/gap.cpp:14->../FP32-Model/mobilenet_v1.cpp:75]   --->   Operation 76 'fmul' 'div_i' <Predicate = true> <Delay = 4.72> <CoreInst = "FMul_maxdsp">   --->   Core 30 'FMul_maxdsp' <Latency = 3> <II = 1> <Delay = 4.72> <FuncUnit> <Opcode : 'fmul'> <InPorts = 2> <OutPorts = 1>

State 25 <SV = 24> <Delay = 4.72>
ST_25 : Operation 77 [2/4] (4.72ns)   --->   "%div_i = fmul i32 %sum_3, i32 0.25" [../FP32-Model/gap.cpp:14->../FP32-Model/mobilenet_v1.cpp:75]   --->   Operation 77 'fmul' 'div_i' <Predicate = true> <Delay = 4.72> <CoreInst = "FMul_maxdsp">   --->   Core 30 'FMul_maxdsp' <Latency = 3> <II = 1> <Delay = 4.72> <FuncUnit> <Opcode : 'fmul'> <InPorts = 2> <OutPorts = 1>

State 26 <SV = 25> <Delay = 4.72>
ST_26 : Operation 78 [1/4] (4.72ns)   --->   "%div_i = fmul i32 %sum_3, i32 0.25" [../FP32-Model/gap.cpp:14->../FP32-Model/mobilenet_v1.cpp:75]   --->   Operation 78 'fmul' 'div_i' <Predicate = true> <Delay = 4.72> <CoreInst = "FMul_maxdsp">   --->   Core 30 'FMul_maxdsp' <Latency = 3> <II = 1> <Delay = 4.72> <FuncUnit> <Opcode : 'fmul'> <InPorts = 2> <OutPorts = 1>
ST_26 : Operation 86 [1/1] (1.29ns)   --->   "%ret_ln0 = ret"   --->   Operation 86 'ret' 'ret_ln0' <Predicate = (icmp_ln7)> <Delay = 1.29>

State 27 <SV = 26> <Delay = 2.77>
ST_27 : Operation 79 [1/1] (0.00ns)   --->   "%zext_ln7 = zext i9 %c_1" [../FP32-Model/gap.cpp:7->../FP32-Model/mobilenet_v1.cpp:75]   --->   Operation 79 'zext' 'zext_ln7' <Predicate = true> <Delay = 0.00>
ST_27 : Operation 80 [1/1] (0.00ns)   --->   "%specpipeline_ln7 = specpipeline void @_ssdm_op_SpecPipeline, i32 4294967295, i32 0, i32 0, i32 0, i32 4294967295, void @empty" [../FP32-Model/gap.cpp:7->../FP32-Model/mobilenet_v1.cpp:75]   --->   Operation 80 'specpipeline' 'specpipeline_ln7' <Predicate = true> <Delay = 0.00>
ST_27 : Operation 81 [1/1] (0.00ns)   --->   "%speclooptripcount_ln7 = speclooptripcount void @_ssdm_op_SpecLoopTripCount, i64 256, i64 256, i64 256" [../FP32-Model/gap.cpp:7->../FP32-Model/mobilenet_v1.cpp:75]   --->   Operation 81 'speclooptripcount' 'speclooptripcount_ln7' <Predicate = true> <Delay = 0.00>
ST_27 : Operation 82 [1/1] (0.00ns)   --->   "%specloopname_ln7 = specloopname void @_ssdm_op_SpecLoopName, void @empty_4" [../FP32-Model/gap.cpp:7->../FP32-Model/mobilenet_v1.cpp:75]   --->   Operation 82 'specloopname' 'specloopname_ln7' <Predicate = true> <Delay = 0.00>
ST_27 : Operation 83 [1/1] (0.00ns)   --->   "%ofmap_gap_addr = getelementptr i32 %ofmap_gap, i64 0, i64 %zext_ln7" [../FP32-Model/gap.cpp:14->../FP32-Model/mobilenet_v1.cpp:75]   --->   Operation 83 'getelementptr' 'ofmap_gap_addr' <Predicate = true> <Delay = 0.00>
ST_27 : Operation 84 [1/1] ( I:2.77ns O:2.77ns )   --->   "%store_ln14 = store i32 %div_i, i8 %ofmap_gap_addr" [../FP32-Model/gap.cpp:14->../FP32-Model/mobilenet_v1.cpp:75]   --->   Operation 84 'store' 'store_ln14' <Predicate = true> <Delay = 2.77> <CoreInst = "RAM">   --->   Core 81 'RAM' <Latency = 1> <II = 1> <Delay = 2.77> <Storage> <Opcode : 'load' 'store'> <Ports = 2> <Width = 32> <Depth = 256> <RAM>
ST_27 : Operation 85 [1/1] (0.00ns)   --->   "%br_ln7 = br void %GAP_H.i" [../FP32-Model/gap.cpp:7->../FP32-Model/mobilenet_v1.cpp:75]   --->   Operation 85 'br' 'br_ln7' <Predicate = true> <Delay = 0.00>


============================================================
+ Verbose Summary: Binding
============================================================
STG Binding: 
---------------- STG Properties BEGIN ----------------
- Is combinational: 0
- Is one-state seq: 0
- Is datapath-only: 0
- Is pipelined: 0
- Is top level: 0
Port [ Return ] is wired: 1; IO mode=ap_ctrl_hs:ce=0
Port [ ifmap_gap]:  wired=1; compound=1; hidden=0; nouse=0; global=0; static=0; extern=0; dir=0; type=1; pingpong=0; private_global=0; MemPort=[11]; IO mode=ap_memory:ce=0
Port [ ifmap_gap_2]:  wired=1; compound=1; hidden=0; nouse=0; global=0; static=0; extern=0; dir=0; type=1; pingpong=0; private_global=0; MemPort=[11]; IO mode=ap_memory:ce=0
Port [ ofmap_gap]:  wired=1; compound=1; hidden=0; nouse=0; global=0; static=0; extern=0; dir=1; type=1; pingpong=0; private_global=0; MemPort=[03]; IO mode=ap_memory:ce=0
---------------- STG Properties END ------------------

---------------- Datapath Model BEGIN ----------------

<LifeTime>
<method=bitvector/>
c                     (alloca           ) [ 0100000000000000000000000000]
store_ln7             (store            ) [ 0000000000000000000000000000]
br_ln0                (br               ) [ 0000000000000000000000000000]
c_1                   (load             ) [ 0111111111111111111111111111]
icmp_ln7              (icmp             ) [ 0111111111111111111111111110]
add_ln7               (add              ) [ 0000000000000000000000000000]
br_ln7                (br               ) [ 0000000000000000000000000000]
shl_ln11              (shl              ) [ 0000000000000000000000000000]
zext_ln11             (zext             ) [ 0111111000000000000000000000]
ifmap_gap_addr        (getelementptr    ) [ 0110000000000000000000000000]
store_ln7             (store            ) [ 0000000000000000000000000000]
ifmap_gap_load        (load             ) [ 0101111100000000000000000000]
ifmap_gap_2_addr      (getelementptr    ) [ 0100000100000000000000000000]
sum                   (fadd             ) [ 0100000011111000000000000000]
ifmap_gap_2_load      (load             ) [ 0100000011111000000000000000]
trunc_ln7             (trunc            ) [ 0000000000000000000000000000]
tmp_s                 (bitconcatenate   ) [ 0000000000000000000000000000]
zext_ln11_1           (zext             ) [ 0100000000001111100000000000]
ifmap_gap_addr_1      (getelementptr    ) [ 0100000000001000000000000000]
sum_1                 (fadd             ) [ 0100000000000111110000000000]
ifmap_gap_load_1      (load             ) [ 0100000000000111110000000000]
ifmap_gap_2_addr_1    (getelementptr    ) [ 0100000000000000010000000000]
sum_2                 (fadd             ) [ 0100000000000000001111100000]
ifmap_gap_2_load_1    (load             ) [ 0100000000000000001111100000]
sum_3                 (fadd             ) [ 0100000000000000000000011110]
div_i                 (fmul             ) [ 0100000000000000000000000001]
zext_ln7              (zext             ) [ 0000000000000000000000000000]
specpipeline_ln7      (specpipeline     ) [ 0000000000000000000000000000]
speclooptripcount_ln7 (speclooptripcount) [ 0000000000000000000000000000]
specloopname_ln7      (specloopname     ) [ 0000000000000000000000000000]
ofmap_gap_addr        (getelementptr    ) [ 0000000000000000000000000000]
store_ln14            (store            ) [ 0000000000000000000000000000]
br_ln7                (br               ) [ 0000000000000000000000000000]
ret_ln0               (ret              ) [ 0000000000000000000000000000]
</LifeTime>

<model>

<comp_list>
<comp id="0" class="1000" name="ifmap_gap">
<pin_list>
<pin id="1" dir="1" index="0" bw="1" slack="0"/>
</pin_list>
<bind>
<StgValue><ssdm name="ifmap_gap"/><MemPortTyVec>1 1 </MemPortTyVec>
</StgValue>
</bind>
</comp>

<comp id="2" class="1000" name="ifmap_gap_2">
<pin_list>
<pin id="3" dir="1" index="0" bw="1" slack="0"/>
</pin_list>
<bind>
<StgValue><ssdm name="ifmap_gap_2"/><MemPortTyVec>1 1 </MemPortTyVec>
</StgValue>
</bind>
</comp>

<comp id="4" class="1000" name="ofmap_gap">
<pin_list>
<pin id="5" dir="1" index="0" bw="1" slack="0"/>
</pin_list>
<bind>
<StgValue><ssdm name="ofmap_gap"/><MemPortTyVec>0 3 </MemPortTyVec>
</StgValue>
</bind>
</comp>

<comp id="6" class="1001" name="const_6">
<pin_list>
<pin id="7" dir="1" index="0" bw="1" slack="0"/>
</pin_list>
<bind>
<StgValue><ssdm name=""/></StgValue>
</bind>
</comp>

<comp id="8" class="1001" name="const_8">
<pin_list>
<pin id="9" dir="1" index="0" bw="1" slack="0"/>
</pin_list>
<bind>
<StgValue><ssdm name=""/></StgValue>
</bind>
</comp>

<comp id="10" class="1001" name="const_10">
<pin_list>
<pin id="11" dir="1" index="0" bw="1" slack="0"/>
</pin_list>
<bind>
<StgValue><ssdm name=""/></StgValue>
</bind>
</comp>

<comp id="12" class="1001" name="const_12">
<pin_list>
<pin id="13" dir="1" index="0" bw="1" slack="0"/>
</pin_list>
<bind>
<StgValue><ssdm name=""/></StgValue>
</bind>
</comp>

<comp id="14" class="1001" name="const_14">
<pin_list>
<pin id="15" dir="1" index="0" bw="1" slack="0"/>
</pin_list>
<bind>
<StgValue><ssdm name=""/></StgValue>
</bind>
</comp>

<comp id="16" class="1001" name="const_16">
<pin_list>
<pin id="17" dir="1" index="0" bw="1" slack="0"/>
</pin_list>
<bind>
<StgValue><ssdm name=""/></StgValue>
</bind>
</comp>

<comp id="18" class="1001" name="const_18">
<pin_list>
<pin id="19" dir="1" index="0" bw="1" slack="0"/>
</pin_list>
<bind>
<StgValue><ssdm name="_ssdm_op_BitConcatenate.i9.i8.i1"/></StgValue>
</bind>
</comp>

<comp id="20" class="1001" name="const_20">
<pin_list>
<pin id="21" dir="1" index="0" bw="1" slack="0"/>
</pin_list>
<bind>
<StgValue><ssdm name=""/></StgValue>
</bind>
</comp>

<comp id="22" class="1001" name="const_22">
<pin_list>
<pin id="23" dir="1" index="0" bw="1" slack="0"/>
</pin_list>
<bind>
<StgValue><ssdm name=""/></StgValue>
</bind>
</comp>

<comp id="24" class="1001" name="const_24">
<pin_list>
<pin id="25" dir="1" index="0" bw="1" slack="2147483647"/>
</pin_list>
<bind>
<StgValue><ssdm name="_ssdm_op_SpecPipeline"/></StgValue>
</bind>
</comp>

<comp id="26" class="1001" name="const_26">
<pin_list>
<pin id="27" dir="1" index="0" bw="1" slack="2147483647"/>
</pin_list>
<bind>
<StgValue><ssdm name=""/></StgValue>
</bind>
</comp>

<comp id="28" class="1001" name="const_28">
<pin_list>
<pin id="29" dir="1" index="0" bw="1" slack="2147483647"/>
</pin_list>
<bind>
<StgValue><ssdm name=""/></StgValue>
</bind>
</comp>

<comp id="30" class="1001" name="const_30">
<pin_list>
<pin id="31" dir="1" index="0" bw="1" slack="2147483647"/>
</pin_list>
<bind>
<StgValue><ssdm name="empty"/></StgValue>
</bind>
</comp>

<comp id="32" class="1001" name="const_32">
<pin_list>
<pin id="33" dir="1" index="0" bw="1" slack="2147483647"/>
</pin_list>
<bind>
<StgValue><ssdm name="_ssdm_op_SpecLoopTripCount"/></StgValue>
</bind>
</comp>

<comp id="34" class="1001" name="const_34">
<pin_list>
<pin id="35" dir="1" index="0" bw="1" slack="2147483647"/>
</pin_list>
<bind>
<StgValue><ssdm name=""/></StgValue>
</bind>
</comp>

<comp id="36" class="1001" name="const_36">
<pin_list>
<pin id="37" dir="1" index="0" bw="1" slack="2147483647"/>
</pin_list>
<bind>
<StgValue><ssdm name="_ssdm_op_SpecLoopName"/></StgValue>
</bind>
</comp>

<comp id="38" class="1001" name="const_38">
<pin_list>
<pin id="39" dir="1" index="0" bw="1" slack="2147483647"/>
</pin_list>
<bind>
<StgValue><ssdm name="empty_4"/></StgValue>
</bind>
</comp>

<comp id="40" class="1004" name="c_fu_40">
<pin_list>
<pin id="41" dir="0" index="0" bw="1" slack="0"/>
<pin id="42" dir="1" index="1" bw="9" slack="0"/>
</pin_list>
<bind>
<opcode="alloca(26) " fcode="alloca"/>
<opset="c/1 "/>
</bind>
</comp>

<comp id="44" class="1004" name="ifmap_gap_addr_gep_fu_44">
<pin_list>
<pin id="45" dir="0" index="0" bw="32" slack="0"/>
<pin id="46" dir="0" index="1" bw="1" slack="0"/>
<pin id="47" dir="0" index="2" bw="9" slack="0"/>
<pin id="48" dir="1" index="3" bw="9" slack="0"/>
</pin_list>
<bind>
<opcode="getelementptr(29) " fcode="getelementptr"/>
<opset="ifmap_gap_addr/1 "/>
</bind>
</comp>

<comp id="51" class="1004" name="grp_access_fu_51">
<pin_list>
<pin id="52" dir="0" index="0" bw="9" slack="0"/>
<pin id="53" dir="0" index="1" bw="32" slack="2147483647"/>
<pin id="54" dir="0" index="2" bw="0" slack="0"/>
<pin id="56" dir="0" index="4" bw="9" slack="2147483647"/>
<pin id="57" dir="0" index="5" bw="32" slack="2147483647"/>
<pin id="58" dir="0" index="6" bw="0" slack="2147483647"/>
<pin id="55" dir="1" index="3" bw="32" slack="1"/>
<pin id="59" dir="1" index="7" bw="32" slack="1"/>
</pin_list>
<bind>
<opcode="load(27) " fcode="load"/>
<opset="ifmap_gap_load/1 ifmap_gap_load_1/11 "/>
</bind>
</comp>

<comp id="61" class="1004" name="ifmap_gap_2_addr_gep_fu_61">
<pin_list>
<pin id="62" dir="0" index="0" bw="32" slack="0"/>
<pin id="63" dir="0" index="1" bw="1" slack="0"/>
<pin id="64" dir="0" index="2" bw="9" slack="5"/>
<pin id="65" dir="1" index="3" bw="9" slack="0"/>
</pin_list>
<bind>
<opcode="getelementptr(29) " fcode="getelementptr"/>
<opset="ifmap_gap_2_addr/6 "/>
</bind>
</comp>

<comp id="68" class="1004" name="grp_access_fu_68">
<pin_list>
<pin id="69" dir="0" index="0" bw="9" slack="0"/>
<pin id="70" dir="0" index="1" bw="32" slack="2147483647"/>
<pin id="71" dir="0" index="2" bw="0" slack="0"/>
<pin id="73" dir="0" index="4" bw="9" slack="2147483647"/>
<pin id="74" dir="0" index="5" bw="32" slack="2147483647"/>
<pin id="75" dir="0" index="6" bw="0" slack="2147483647"/>
<pin id="72" dir="1" index="3" bw="32" slack="1"/>
<pin id="76" dir="1" index="7" bw="32" slack="1"/>
</pin_list>
<bind>
<opcode="load(27) " fcode="load"/>
<opset="ifmap_gap_2_load/6 ifmap_gap_2_load_1/16 "/>
</bind>
</comp>

<comp id="78" class="1004" name="ifmap_gap_addr_1_gep_fu_78">
<pin_list>
<pin id="79" dir="0" index="0" bw="32" slack="0"/>
<pin id="80" dir="0" index="1" bw="1" slack="0"/>
<pin id="81" dir="0" index="2" bw="9" slack="0"/>
<pin id="82" dir="1" index="3" bw="9" slack="0"/>
</pin_list>
<bind>
<opcode="getelementptr(29) " fcode="getelementptr"/>
<opset="ifmap_gap_addr_1/11 "/>
</bind>
</comp>

<comp id="86" class="1004" name="ifmap_gap_2_addr_1_gep_fu_86">
<pin_list>
<pin id="87" dir="0" index="0" bw="32" slack="0"/>
<pin id="88" dir="0" index="1" bw="1" slack="0"/>
<pin id="89" dir="0" index="2" bw="9" slack="5"/>
<pin id="90" dir="1" index="3" bw="9" slack="0"/>
</pin_list>
<bind>
<opcode="getelementptr(29) " fcode="getelementptr"/>
<opset="ifmap_gap_2_addr_1/16 "/>
</bind>
</comp>

<comp id="94" class="1004" name="ofmap_gap_addr_gep_fu_94">
<pin_list>
<pin id="95" dir="0" index="0" bw="32" slack="0"/>
<pin id="96" dir="0" index="1" bw="1" slack="0"/>
<pin id="97" dir="0" index="2" bw="9" slack="0"/>
<pin id="98" dir="1" index="3" bw="8" slack="0"/>
</pin_list>
<bind>
<opcode="getelementptr(29) " fcode="getelementptr"/>
<opset="ofmap_gap_addr/27 "/>
</bind>
</comp>

<comp id="101" class="1004" name="store_ln14_access_fu_101">
<pin_list>
<pin id="102" dir="0" index="0" bw="8" slack="0"/>
<pin id="103" dir="0" index="1" bw="32" slack="1"/>
<pin id="104" dir="0" index="2" bw="0" slack="2147483647"/>
<pin id="105" dir="1" index="3" bw="32" slack="2147483647"/>
</pin_list>
<bind>
<opcode="store(28) " fcode="store"/>
<opset="store_ln14/27 "/>
</bind>
</comp>

<comp id="107" class="1004" name="grp_fu_107">
<pin_list>
<pin id="108" dir="0" index="0" bw="32" slack="1"/>
<pin id="109" dir="0" index="1" bw="32" slack="0"/>
<pin id="110" dir="1" index="2" bw="32" slack="1"/>
</pin_list>
<bind>
<opcode="fadd(9) " fcode="fadd"/>
<opset="sum/3 "/>
</bind>
</comp>

<comp id="112" class="1004" name="grp_fu_112">
<pin_list>
<pin id="113" dir="0" index="0" bw="32" slack="1"/>
<pin id="114" dir="0" index="1" bw="32" slack="1"/>
<pin id="115" dir="1" index="2" bw="32" slack="1"/>
</pin_list>
<bind>
<opcode="fadd(9) " fcode="fadd"/>
<opset="sum_1/8 "/>
</bind>
</comp>

<comp id="116" class="1004" name="grp_fu_116">
<pin_list>
<pin id="117" dir="0" index="0" bw="32" slack="1"/>
<pin id="118" dir="0" index="1" bw="32" slack="1"/>
<pin id="119" dir="1" index="2" bw="32" slack="1"/>
</pin_list>
<bind>
<opcode="fadd(9) " fcode="fadd"/>
<opset="sum_2/13 "/>
</bind>
</comp>

<comp id="120" class="1004" name="grp_fu_120">
<pin_list>
<pin id="121" dir="0" index="0" bw="32" slack="1"/>
<pin id="122" dir="0" index="1" bw="32" slack="1"/>
<pin id="123" dir="1" index="2" bw="32" slack="1"/>
</pin_list>
<bind>
<opcode="fadd(9) " fcode="fadd"/>
<opset="sum_3/18 "/>
</bind>
</comp>

<comp id="124" class="1004" name="grp_fu_124">
<pin_list>
<pin id="125" dir="0" index="0" bw="32" slack="1"/>
<pin id="126" dir="0" index="1" bw="32" slack="0"/>
<pin id="127" dir="1" index="2" bw="32" slack="1"/>
</pin_list>
<bind>
<opcode="fmul(13) " fcode="fmul"/>
<opset="div_i/23 "/>
</bind>
</comp>

<comp id="129" class="1004" name="store_ln7_store_fu_129">
<pin_list>
<pin id="130" dir="0" index="0" bw="1" slack="0"/>
<pin id="131" dir="0" index="1" bw="9" slack="0"/>
<pin id="132" dir="1" index="2" bw="0" slack="2147483647"/>
</pin_list>
<bind>
<opcode="store(28) " fcode="store"/>
<opset="store_ln7/1 "/>
</bind>
</comp>

<comp id="134" class="1004" name="c_1_load_fu_134">
<pin_list>
<pin id="135" dir="0" index="0" bw="9" slack="0"/>
<pin id="136" dir="1" index="1" bw="9" slack="0"/>
</pin_list>
<bind>
<opcode="load(27) " fcode="load"/>
<opset="c_1/1 "/>
</bind>
</comp>

<comp id="137" class="1004" name="icmp_ln7_fu_137">
<pin_list>
<pin id="138" dir="0" index="0" bw="9" slack="0"/>
<pin id="139" dir="0" index="1" bw="9" slack="0"/>
<pin id="140" dir="1" index="2" bw="1" slack="25"/>
</pin_list>
<bind>
<opcode="icmp(45) " fcode="icmp"/>
<opset="icmp_ln7/1 "/>
</bind>
</comp>

<comp id="143" class="1004" name="add_ln7_fu_143">
<pin_list>
<pin id="144" dir="0" index="0" bw="9" slack="0"/>
<pin id="145" dir="0" index="1" bw="1" slack="0"/>
<pin id="146" dir="1" index="2" bw="9" slack="0"/>
</pin_list>
<bind>
<opcode="add(8) " fcode="add"/>
<opset="add_ln7/1 "/>
</bind>
</comp>

<comp id="149" class="1004" name="shl_ln11_fu_149">
<pin_list>
<pin id="150" dir="0" index="0" bw="9" slack="0"/>
<pin id="151" dir="0" index="1" bw="1" slack="0"/>
<pin id="152" dir="1" index="2" bw="9" slack="0"/>
</pin_list>
<bind>
<opcode="shl(20) " fcode="shl"/>
<opset="shl_ln11/1 "/>
</bind>
</comp>

<comp id="155" class="1004" name="zext_ln11_fu_155">
<pin_list>
<pin id="156" dir="0" index="0" bw="9" slack="0"/>
<pin id="157" dir="1" index="1" bw="64" slack="0"/>
</pin_list>
<bind>
<opcode="zext(34) " fcode="zext"/>
<opset="zext_ln11/1 "/>
</bind>
</comp>

<comp id="160" class="1004" name="store_ln7_store_fu_160">
<pin_list>
<pin id="161" dir="0" index="0" bw="9" slack="0"/>
<pin id="162" dir="0" index="1" bw="9" slack="0"/>
<pin id="163" dir="1" index="2" bw="0" slack="2147483647"/>
</pin_list>
<bind>
<opcode="store(28) " fcode="store"/>
<opset="store_ln7/1 "/>
</bind>
</comp>

<comp id="165" class="1004" name="trunc_ln7_fu_165">
<pin_list>
<pin id="166" dir="0" index="0" bw="9" slack="10"/>
<pin id="167" dir="1" index="1" bw="8" slack="0"/>
</pin_list>
<bind>
<opcode="trunc(33) " fcode="trunc"/>
<opset="trunc_ln7/11 "/>
</bind>
</comp>

<comp id="168" class="1004" name="tmp_s_fu_168">
<pin_list>
<pin id="169" dir="0" index="0" bw="9" slack="0"/>
<pin id="170" dir="0" index="1" bw="8" slack="0"/>
<pin id="171" dir="0" index="2" bw="1" slack="0"/>
<pin id="172" dir="1" index="3" bw="9" slack="0"/>
</pin_list>
<bind>
<opcode="bitconcatenate(1004) " fcode="bitconcatenate"/>
<opset="tmp_s/11 "/>
</bind>
</comp>

<comp id="176" class="1004" name="zext_ln11_1_fu_176">
<pin_list>
<pin id="177" dir="0" index="0" bw="9" slack="0"/>
<pin id="178" dir="1" index="1" bw="64" slack="0"/>
</pin_list>
<bind>
<opcode="zext(34) " fcode="zext"/>
<opset="zext_ln11_1/11 "/>
</bind>
</comp>

<comp id="181" class="1004" name="zext_ln7_fu_181">
<pin_list>
<pin id="182" dir="0" index="0" bw="9" slack="26"/>
<pin id="183" dir="1" index="1" bw="64" slack="0"/>
</pin_list>
<bind>
<opcode="zext(34) " fcode="zext"/>
<opset="zext_ln7/27 "/>
</bind>
</comp>

<comp id="185" class="1005" name="c_reg_185">
<pin_list>
<pin id="186" dir="0" index="0" bw="9" slack="0"/>
<pin id="187" dir="1" index="1" bw="9" slack="0"/>
</pin_list>
<bind>
<opset="c "/>
</bind>
</comp>

<comp id="192" class="1005" name="c_1_reg_192">
<pin_list>
<pin id="193" dir="0" index="0" bw="9" slack="10"/>
<pin id="194" dir="1" index="1" bw="9" slack="10"/>
</pin_list>
<bind>
<opset="c_1 "/>
</bind>
</comp>

<comp id="198" class="1005" name="icmp_ln7_reg_198">
<pin_list>
<pin id="199" dir="0" index="0" bw="1" slack="25"/>
<pin id="200" dir="1" index="1" bw="1" slack="2147483647"/>
</pin_list>
<bind>
<opset="icmp_ln7 "/>
</bind>
</comp>

<comp id="202" class="1005" name="zext_ln11_reg_202">
<pin_list>
<pin id="203" dir="0" index="0" bw="64" slack="5"/>
<pin id="204" dir="1" index="1" bw="64" slack="5"/>
</pin_list>
<bind>
<opset="zext_ln11 "/>
</bind>
</comp>

<comp id="207" class="1005" name="ifmap_gap_addr_reg_207">
<pin_list>
<pin id="208" dir="0" index="0" bw="9" slack="1"/>
<pin id="209" dir="1" index="1" bw="9" slack="1"/>
</pin_list>
<bind>
<opset="ifmap_gap_addr "/>
</bind>
</comp>

<comp id="212" class="1005" name="ifmap_gap_load_reg_212">
<pin_list>
<pin id="213" dir="0" index="0" bw="32" slack="1"/>
<pin id="214" dir="1" index="1" bw="32" slack="1"/>
</pin_list>
<bind>
<opset="ifmap_gap_load "/>
</bind>
</comp>

<comp id="217" class="1005" name="ifmap_gap_2_addr_reg_217">
<pin_list>
<pin id="218" dir="0" index="0" bw="9" slack="1"/>
<pin id="219" dir="1" index="1" bw="9" slack="1"/>
</pin_list>
<bind>
<opset="ifmap_gap_2_addr "/>
</bind>
</comp>

<comp id="222" class="1005" name="sum_reg_222">
<pin_list>
<pin id="223" dir="0" index="0" bw="32" slack="1"/>
<pin id="224" dir="1" index="1" bw="32" slack="1"/>
</pin_list>
<bind>
<opset="sum "/>
</bind>
</comp>

<comp id="227" class="1005" name="ifmap_gap_2_load_reg_227">
<pin_list>
<pin id="228" dir="0" index="0" bw="32" slack="1"/>
<pin id="229" dir="1" index="1" bw="32" slack="1"/>
</pin_list>
<bind>
<opset="ifmap_gap_2_load "/>
</bind>
</comp>

<comp id="232" class="1005" name="zext_ln11_1_reg_232">
<pin_list>
<pin id="233" dir="0" index="0" bw="64" slack="5"/>
<pin id="234" dir="1" index="1" bw="64" slack="5"/>
</pin_list>
<bind>
<opset="zext_ln11_1 "/>
</bind>
</comp>

<comp id="237" class="1005" name="ifmap_gap_addr_1_reg_237">
<pin_list>
<pin id="238" dir="0" index="0" bw="9" slack="1"/>
<pin id="239" dir="1" index="1" bw="9" slack="1"/>
</pin_list>
<bind>
<opset="ifmap_gap_addr_1 "/>
</bind>
</comp>

<comp id="242" class="1005" name="sum_1_reg_242">
<pin_list>
<pin id="243" dir="0" index="0" bw="32" slack="1"/>
<pin id="244" dir="1" index="1" bw="32" slack="1"/>
</pin_list>
<bind>
<opset="sum_1 "/>
</bind>
</comp>

<comp id="247" class="1005" name="ifmap_gap_load_1_reg_247">
<pin_list>
<pin id="248" dir="0" index="0" bw="32" slack="1"/>
<pin id="249" dir="1" index="1" bw="32" slack="1"/>
</pin_list>
<bind>
<opset="ifmap_gap_load_1 "/>
</bind>
</comp>

<comp id="252" class="1005" name="ifmap_gap_2_addr_1_reg_252">
<pin_list>
<pin id="253" dir="0" index="0" bw="9" slack="1"/>
<pin id="254" dir="1" index="1" bw="9" slack="1"/>
</pin_list>
<bind>
<opset="ifmap_gap_2_addr_1 "/>
</bind>
</comp>

<comp id="257" class="1005" name="sum_2_reg_257">
<pin_list>
<pin id="258" dir="0" index="0" bw="32" slack="1"/>
<pin id="259" dir="1" index="1" bw="32" slack="1"/>
</pin_list>
<bind>
<opset="sum_2 "/>
</bind>
</comp>

<comp id="262" class="1005" name="ifmap_gap_2_load_1_reg_262">
<pin_list>
<pin id="263" dir="0" index="0" bw="32" slack="1"/>
<pin id="264" dir="1" index="1" bw="32" slack="1"/>
</pin_list>
<bind>
<opset="ifmap_gap_2_load_1 "/>
</bind>
</comp>

<comp id="267" class="1005" name="sum_3_reg_267">
<pin_list>
<pin id="268" dir="0" index="0" bw="32" slack="1"/>
<pin id="269" dir="1" index="1" bw="32" slack="1"/>
</pin_list>
<bind>
<opset="sum_3 "/>
</bind>
</comp>

<comp id="272" class="1005" name="div_i_reg_272">
<pin_list>
<pin id="273" dir="0" index="0" bw="32" slack="1"/>
<pin id="274" dir="1" index="1" bw="32" slack="1"/>
</pin_list>
<bind>
<opset="div_i "/>
</bind>
</comp>

</comp_list>

<net_list>
<net id="43"><net_src comp="6" pin="0"/><net_sink comp="40" pin=0"/></net>

<net id="49"><net_src comp="0" pin="0"/><net_sink comp="44" pin=0"/></net>

<net id="50"><net_src comp="14" pin="0"/><net_sink comp="44" pin=1"/></net>

<net id="60"><net_src comp="44" pin="3"/><net_sink comp="51" pin=2"/></net>

<net id="66"><net_src comp="2" pin="0"/><net_sink comp="61" pin=0"/></net>

<net id="67"><net_src comp="14" pin="0"/><net_sink comp="61" pin=1"/></net>

<net id="77"><net_src comp="61" pin="3"/><net_sink comp="68" pin=2"/></net>

<net id="83"><net_src comp="0" pin="0"/><net_sink comp="78" pin=0"/></net>

<net id="84"><net_src comp="14" pin="0"/><net_sink comp="78" pin=1"/></net>

<net id="85"><net_src comp="78" pin="3"/><net_sink comp="51" pin=0"/></net>

<net id="91"><net_src comp="2" pin="0"/><net_sink comp="86" pin=0"/></net>

<net id="92"><net_src comp="14" pin="0"/><net_sink comp="86" pin=1"/></net>

<net id="93"><net_src comp="86" pin="3"/><net_sink comp="68" pin=0"/></net>

<net id="99"><net_src comp="4" pin="0"/><net_sink comp="94" pin=0"/></net>

<net id="100"><net_src comp="14" pin="0"/><net_sink comp="94" pin=1"/></net>

<net id="106"><net_src comp="94" pin="3"/><net_sink comp="101" pin=0"/></net>

<net id="111"><net_src comp="16" pin="0"/><net_sink comp="107" pin=1"/></net>

<net id="128"><net_src comp="22" pin="0"/><net_sink comp="124" pin=1"/></net>

<net id="133"><net_src comp="8" pin="0"/><net_sink comp="129" pin=0"/></net>

<net id="141"><net_src comp="134" pin="1"/><net_sink comp="137" pin=0"/></net>

<net id="142"><net_src comp="10" pin="0"/><net_sink comp="137" pin=1"/></net>

<net id="147"><net_src comp="134" pin="1"/><net_sink comp="143" pin=0"/></net>

<net id="148"><net_src comp="12" pin="0"/><net_sink comp="143" pin=1"/></net>

<net id="153"><net_src comp="134" pin="1"/><net_sink comp="149" pin=0"/></net>

<net id="154"><net_src comp="12" pin="0"/><net_sink comp="149" pin=1"/></net>

<net id="158"><net_src comp="149" pin="2"/><net_sink comp="155" pin=0"/></net>

<net id="159"><net_src comp="155" pin="1"/><net_sink comp="44" pin=2"/></net>

<net id="164"><net_src comp="143" pin="2"/><net_sink comp="160" pin=0"/></net>

<net id="173"><net_src comp="18" pin="0"/><net_sink comp="168" pin=0"/></net>

<net id="174"><net_src comp="165" pin="1"/><net_sink comp="168" pin=1"/></net>

<net id="175"><net_src comp="20" pin="0"/><net_sink comp="168" pin=2"/></net>

<net id="179"><net_src comp="168" pin="3"/><net_sink comp="176" pin=0"/></net>

<net id="180"><net_src comp="176" pin="1"/><net_sink comp="78" pin=2"/></net>

<net id="184"><net_src comp="181" pin="1"/><net_sink comp="94" pin=2"/></net>

<net id="188"><net_src comp="40" pin="1"/><net_sink comp="185" pin=0"/></net>

<net id="189"><net_src comp="185" pin="1"/><net_sink comp="129" pin=1"/></net>

<net id="190"><net_src comp="185" pin="1"/><net_sink comp="134" pin=0"/></net>

<net id="191"><net_src comp="185" pin="1"/><net_sink comp="160" pin=1"/></net>

<net id="195"><net_src comp="134" pin="1"/><net_sink comp="192" pin=0"/></net>

<net id="196"><net_src comp="192" pin="1"/><net_sink comp="165" pin=0"/></net>

<net id="197"><net_src comp="192" pin="1"/><net_sink comp="181" pin=0"/></net>

<net id="201"><net_src comp="137" pin="2"/><net_sink comp="198" pin=0"/></net>

<net id="205"><net_src comp="155" pin="1"/><net_sink comp="202" pin=0"/></net>

<net id="206"><net_src comp="202" pin="1"/><net_sink comp="61" pin=2"/></net>

<net id="210"><net_src comp="44" pin="3"/><net_sink comp="207" pin=0"/></net>

<net id="211"><net_src comp="207" pin="1"/><net_sink comp="51" pin=2"/></net>

<net id="215"><net_src comp="51" pin="7"/><net_sink comp="212" pin=0"/></net>

<net id="216"><net_src comp="212" pin="1"/><net_sink comp="107" pin=0"/></net>

<net id="220"><net_src comp="61" pin="3"/><net_sink comp="217" pin=0"/></net>

<net id="221"><net_src comp="217" pin="1"/><net_sink comp="68" pin=2"/></net>

<net id="225"><net_src comp="107" pin="2"/><net_sink comp="222" pin=0"/></net>

<net id="226"><net_src comp="222" pin="1"/><net_sink comp="112" pin=0"/></net>

<net id="230"><net_src comp="68" pin="7"/><net_sink comp="227" pin=0"/></net>

<net id="231"><net_src comp="227" pin="1"/><net_sink comp="112" pin=1"/></net>

<net id="235"><net_src comp="176" pin="1"/><net_sink comp="232" pin=0"/></net>

<net id="236"><net_src comp="232" pin="1"/><net_sink comp="86" pin=2"/></net>

<net id="240"><net_src comp="78" pin="3"/><net_sink comp="237" pin=0"/></net>

<net id="241"><net_src comp="237" pin="1"/><net_sink comp="51" pin=0"/></net>

<net id="245"><net_src comp="112" pin="2"/><net_sink comp="242" pin=0"/></net>

<net id="246"><net_src comp="242" pin="1"/><net_sink comp="116" pin=0"/></net>

<net id="250"><net_src comp="51" pin="3"/><net_sink comp="247" pin=0"/></net>

<net id="251"><net_src comp="247" pin="1"/><net_sink comp="116" pin=1"/></net>

<net id="255"><net_src comp="86" pin="3"/><net_sink comp="252" pin=0"/></net>

<net id="256"><net_src comp="252" pin="1"/><net_sink comp="68" pin=0"/></net>

<net id="260"><net_src comp="116" pin="2"/><net_sink comp="257" pin=0"/></net>

<net id="261"><net_src comp="257" pin="1"/><net_sink comp="120" pin=0"/></net>

<net id="265"><net_src comp="68" pin="3"/><net_sink comp="262" pin=0"/></net>

<net id="266"><net_src comp="262" pin="1"/><net_sink comp="120" pin=1"/></net>

<net id="270"><net_src comp="120" pin="2"/><net_sink comp="267" pin=0"/></net>

<net id="271"><net_src comp="267" pin="1"/><net_sink comp="124" pin=0"/></net>

<net id="275"><net_src comp="124" pin="2"/><net_sink comp="272" pin=0"/></net>

<net id="276"><net_src comp="272" pin="1"/><net_sink comp="101" pin=1"/></net>

</net_list>

</model> 
---------------- Datapath Model END ------------------

* FSMD analyzer results:
  - Output states:
	Port: ofmap_gap | {27 }
 - Input state : 
	Port: mobilenet_v1_Pipeline_GAP_C : ifmap_gap | {1 2 11 12 }
	Port: mobilenet_v1_Pipeline_GAP_C : ifmap_gap_2 | {6 7 16 17 }
  - Chain level:
	State 1
		store_ln7 : 1
		c_1 : 1
		icmp_ln7 : 2
		add_ln7 : 2
		br_ln7 : 3
		shl_ln11 : 2
		zext_ln11 : 2
		ifmap_gap_addr : 3
		ifmap_gap_load : 4
		store_ln7 : 3
	State 2
	State 3
	State 4
	State 5
	State 6
		ifmap_gap_2_load : 1
	State 7
	State 8
	State 9
	State 10
	State 11
		tmp_s : 1
		zext_ln11_1 : 2
		ifmap_gap_addr_1 : 3
		ifmap_gap_load_1 : 4
	State 12
	State 13
	State 14
	State 15
	State 16
		ifmap_gap_2_load_1 : 1
	State 17
	State 18
	State 19
	State 20
	State 21
	State 22
	State 23
	State 24
	State 25
	State 26
	State 27
		ofmap_gap_addr : 1
		store_ln14 : 2


============================================================
+ Verbose Summary: Datapath Resource usage 
============================================================

* Functional unit list:
|----------|--------------------|---------|---------|---------|
| Operation|   Functional Unit  |   DSP   |    FF   |   LUT   |
|----------|--------------------|---------|---------|---------|
|          |     grp_fu_107     |    2    |   205   |   391   |
|   fadd   |     grp_fu_112     |    2    |   205   |   391   |
|          |     grp_fu_116     |    2    |   205   |   391   |
|          |     grp_fu_120     |    2    |   205   |   391   |
|----------|--------------------|---------|---------|---------|
|   fmul   |     grp_fu_124     |    3    |   143   |   322   |
|----------|--------------------|---------|---------|---------|
|   icmp   |   icmp_ln7_fu_137  |    0    |    0    |    9    |
|----------|--------------------|---------|---------|---------|
|    add   |   add_ln7_fu_143   |    0    |    0    |    9    |
|----------|--------------------|---------|---------|---------|
|    shl   |   shl_ln11_fu_149  |    0    |    0    |    0    |
|----------|--------------------|---------|---------|---------|
|          |  zext_ln11_fu_155  |    0    |    0    |    0    |
|   zext   | zext_ln11_1_fu_176 |    0    |    0    |    0    |
|          |   zext_ln7_fu_181  |    0    |    0    |    0    |
|----------|--------------------|---------|---------|---------|
|   trunc  |  trunc_ln7_fu_165  |    0    |    0    |    0    |
|----------|--------------------|---------|---------|---------|
|bitconcatenate|    tmp_s_fu_168    |    0    |    0    |    0    |
|----------|--------------------|---------|---------|---------|
|   Total  |                    |    11   |   963   |   1904  |
|----------|--------------------|---------|---------|---------|

Memories:
N/A

* Register list:
+--------------------------+--------+
|                          |   FF   |
+--------------------------+--------+
|        c_1_reg_192       |    9   |
|         c_reg_185        |    9   |
|       div_i_reg_272      |   32   |
|     icmp_ln7_reg_198     |    1   |
|ifmap_gap_2_addr_1_reg_252|    9   |
| ifmap_gap_2_addr_reg_217 |    9   |
|ifmap_gap_2_load_1_reg_262|   32   |
| ifmap_gap_2_load_reg_227 |   32   |
| ifmap_gap_addr_1_reg_237 |    9   |
|  ifmap_gap_addr_reg_207  |    9   |
| ifmap_gap_load_1_reg_247 |   32   |
|  ifmap_gap_load_reg_212  |   32   |
|       sum_1_reg_242      |   32   |
|       sum_2_reg_257      |   32   |
|       sum_3_reg_267      |   32   |
|        sum_reg_222       |   32   |
|    zext_ln11_1_reg_232   |   64   |
|     zext_ln11_reg_202    |   64   |
+--------------------------+--------+
|           Total          |   471  |
+--------------------------+--------+

* Multiplexer (MUX) list: 
|------------------|------|------|------|--------||---------||---------||---------|
|       Comp       |  Pin | Size |  BW  | S x BW ||  Delay  ||    FF   ||   LUT   |
|------------------|------|------|------|--------||---------||---------||---------|
| grp_access_fu_51 |  p0  |   2  |   9  |   18   ||    0    ||    9    |
| grp_access_fu_51 |  p2  |   2  |   0  |    0   ||    0    ||    9    |
| grp_access_fu_68 |  p0  |   2  |   9  |   18   ||    0    ||    9    |
| grp_access_fu_68 |  p2  |   2  |   0  |    0   ||    0    ||    9    |
|------------------|------|------|------|--------||---------||---------||---------|
|       Total      |      |      |      |   36   ||  5.192  ||    0    ||    36   |
|------------------|------|------|------|--------||---------||---------||---------|



* Summary:
+-----------+--------+--------+--------+--------+
|           |   DSP  |  Delay |   FF   |   LUT  |
+-----------+--------+--------+--------+--------+
|  Function |   11   |    -   |   963  |  1904  |
|   Memory  |    -   |    -   |    -   |    -   |
|Multiplexer|    -   |    5   |    0   |   36   |
|  Register |    -   |    -   |   471  |    -   |
+-----------+--------+--------+--------+--------+
|   Total   |   11   |    5   |  1434  |  1940  |
+-----------+--------+--------+--------+--------+
