================================================================
== Vivado Place & Route Results
================================================================
+ General Information:
    * Date:            Sat Jun 27 11:20:32 +07 2026
    * Version:         2025.2 (Build 6295257 on Nov 14 2025)
    * Project:         QAT_HLS
    * Solution:        hls (Vivado IP Flow Target)
    * Product family:  zynq
    * Target device:   xc7z045-ffg900-2


================================================================
== Run Constraints & Options
================================================================
+ Design Constraints & Options:
    * Place & Route target clock:  10 ns
    * C-Synthesis uncertainty:     27%

+ RTL Synthesis Options:
    * config_export -vivado_synth_strategy:     default
    * config_export -vivado_synth_design_args:  -directive sdx_optimization_effort_high

+ Place & Route Options:
    * config_export -vivado_impl_strategy:  default
    * config_export -vivado_phys_opt:       auto

+ Reporting Options:
    * config_export -vivado_report_level:      2
    * config_export -vivado_max_timing_paths:  10


================================================================
== Place & Route Resource Summary
================================================================
LUT:              11114
FF:               8512
DSP:              266
BRAM:             166
URAM:             0
SRL:              542


================================================================
== Place & Route Timing Summary
================================================================
* Timing was met
+----------------+-------------+
| Timing         | Period (ns) |
+----------------+-------------+
| Target         | 10.000      |
| Post-Synthesis | 5.936       |
| Post-Route     | 8.750       |
+----------------+-------------+


================================================================
== Place & Route Resources
================================================================
+--------------------------------------------------------------------+-----+----+-----+------+------+-----+--------+------+---------+----------+--------+
| Name                                                               | LUT | FF | DSP | BRAM | URAM | SRL | Pragma | Impl | Latency | Variable | Source |
+--------------------------------------------------------------------+-----+----+-----+------+------+-----+--------+------+---------+----------+--------+
| inst                                                               |     |    |     |      |      | 542 |        |      |         |          |        |
|   (inst)                                                           |     |    |     |      |      | 1   |        |      |         |          |        |
|   CTRL_BUS_s_axi_U                                                 |     |    |     |      |      |     |        |      |         |          |        |
|   conv0_out_1_U                                                    |     |    |     |      |      |     |        |      |         |          |        |
|   conv0_out_2_U                                                    |     |    |     |      |      |     |        |      |         |          |        |
|   conv0_out_3_U                                                    |     |    |     |      |      |     |        |      |         |          |        |
|   conv0_out_4_U                                                    |     |    |     |      |      |     |        |      |         |          |        |
|   conv0_out_5_U                                                    |     |    |     |      |      |     |        |      |         |          |        |
|   conv0_out_6_U                                                    |     |    |     |      |      |     |        |      |         |          |        |
|   conv0_out_7_U                                                    |     |    |     |      |      |     |        |      |         |          |        |
|   conv0_out_8_U                                                    |     |    |     |      |      |     |        |      |         |          |        |
|   conv0_out_U                                                      |     |    |     |      |      |     |        |      |         |          |        |
|   dw0_out_1_U                                                      |     |    |     |      |      |     |        |      |         |          |        |
|   dw0_out_U                                                        |     |    |     |      |      |     |        |      |         |          |        |
|   dw1_out_1_U                                                      |     |    |     |      |      |     |        |      |         |          |        |
|   dw1_out_U                                                        |     |    |     |      |      |     |        |      |         |          |        |
|   dw2_out_1_U                                                      |     |    |     |      |      |     |        |      |         |          |        |
|   dw2_out_U                                                        |     |    |     |      |      |     |        |      |         |          |        |
|   dw3_out_1_U                                                      |     |    |     |      |      |     |        |      |         |          |        |
|   dw3_out_U                                                        |     |    |     |      |      |     |        |      |         |          |        |
|   fmul_32ns_32ns_32_4_max_dsp_1_U836                               |     |    |     |      |      |     |        |      |         |          |        |
|     (fmul_32ns_32ns_32_4_max_dsp_1_U836)                           |     |    |     |      |      |     |        |      |         |          |        |
|   gap_out_U                                                        |     |    |     |      |      |     |        |      |         |          |        |
|   gmem_m_axi_U                                                     |     |    |     |      |      | 142 |        |      |         |          |        |
|   grp_conv0_qat_fu_683                                             |     |    |     |      |      | 134 |        |      |         |          |        |
|     (grp_conv0_qat_fu_683)                                         |     |    |     |      |      | 122 |        |      |         |          |        |
|     conv_0_b_fold_U                                                |     |    |     |      |      |     |        |      |         |          |        |
|     flow_control_loop_pipe_sequential_init_U                       |     |    |     |      |      |     |        |      |         |          |        |
|     mac_muladd_19s_16ns_25ns_32_4_1_U137                           |     |    |     |      |      |     |        |      |         |          |        |
|     mac_muladd_5ns_4ns_5ns_9_4_1_U117                              |     |    |     |      |      |     |        |      |         |          |        |
|     mac_muladd_8s_6s_14s_14_4_1_U118                               |     |    |     |      |      |     |        |      |         |          |        |
|     mac_muladd_8s_6s_15s_15_4_1_U126                               |     |    |     |      |      |     |        |      |         |          |        |
|     mac_muladd_8s_7s_14s_15_4_1_U119                               |     |    |     |      |      |     |        |      |         |          |        |
|     mac_muladd_8s_7s_15s_15_4_1_U122                               |     |    |     |      |      |     |        |      |         |          |        |
|     mac_muladd_8s_7s_15s_15_4_1_U123                               |     |    |     |      |      |     |        |      |         |          |        |
|     mac_muladd_8s_7s_15s_15_4_1_U125                               |     |    |     |      |      |     |        |      |         |          |        |
|     mac_muladd_8s_7s_16s_16_4_1_U127                               |     |    |     |      |      |     |        |      |         |          |        |
|     mac_muladd_8s_7s_16s_16_4_1_U128                               |     |    |     |      |      |     |        |      |         |          |        |
|     mac_muladd_8s_7s_17s_18_4_1_U131                               |     |    |     |      |      |     |        |      |         |          |        |
|     mac_muladd_8s_8s_15s_15_4_1_U120                               |     |    |     |      |      |     |        |      |         |          |        |
|     mac_muladd_8s_8s_15s_15_4_1_U121                               |     |    |     |      |      |     |        |      |         |          |        |
|     mac_muladd_8s_8s_16s_16_4_1_U124                               |     |    |     |      |      |     |        |      |         |          |        |
|     mac_muladd_8s_8s_17s_17_4_1_U130                               |     |    |     |      |      |     |        |      |         |          |        |
|     mac_muladd_8s_8s_18s_18_4_1_U132                               |     |    |     |      |      |     |        |      |         |          |        |
|     mac_muladd_8s_8s_18s_18_4_1_U133                               |     |    |     |      |      |     |        |      |         |          |        |
|     mac_muladd_8s_8s_19s_19_4_1_U134                               |     |    |     |      |      |     |        |      |         |          |        |
|     mac_muladd_8s_8s_19s_19_4_1_U135                               |     |    |     |      |      |     |        |      |         |          |        |
|     mac_muladd_8s_8s_19s_19_4_1_U136                               |     |    |     |      |      |     |        |      |         |          |        |
|     mac_muladd_9ns_4ns_5ns_11_4_1_U129                             |     |    |     |      |      |     |        |      |         |          |        |
|     mul_5ns_5ns_7_1_1_U77                                          |     |    |     |      |      |     |        |      |         |          |        |
|     mul_5ns_5ns_7_1_1_U79                                          |     |    |     |      |      |     |        |      |         |          |        |
|     mul_6ns_8ns_13_1_1_U75                                         |     |    |     |      |      |     |        |      |         |          |        |
|     mul_6ns_8ns_13_1_1_U76                                         |     |    |     |      |      |     |        |      |         |          |        |
|     mul_6ns_8ns_13_1_1_U80                                         |     |    |     |      |      |     |        |      |         |          |        |
|     mul_7s_5ns_7_1_1_U78                                           |     |    |     |      |      |     |        |      |         |          |        |
|     mul_8s_6s_14_1_1_U109                                          |     |    |     |      |      |     |        |      |         |          |        |
|     mul_8s_7s_15_1_1_U110                                          |     |    |     |      |      |     |        |      |         |          |        |
|     mul_8s_7s_15_1_1_U111                                          |     |    |     |      |      |     |        |      |         |          |        |
|     mul_8s_7s_15_1_1_U112                                          |     |    |     |      |      |     |        |      |         |          |        |
|     mul_8s_7s_15_1_1_U114                                          |     |    |     |      |      |     |        |      |         |          |        |
|     mul_8s_7s_15_1_1_U115                                          |     |    |     |      |      |     |        |      |         |          |        |
|     mul_8s_8s_15_1_1_U108                                          |     |    |     |      |      |     |        |      |         |          |        |
|     mul_8s_8s_16_1_1_U113                                          |     |    |     |      |      |     |        |      |         |          |        |
|     mul_8s_8s_16_1_1_U116                                          |     |    |     |      |      |     |        |      |         |          |        |
|     p_ZL13conv_0_w_fold_0_0_0_U                                    |     |    |     |      |      |     |        |      |         |          |        |
|     p_ZL13conv_0_w_fold_0_0_1_U                                    |     |    |     |      |      |     |        |      |         |          |        |
|     p_ZL13conv_0_w_fold_0_0_2_U                                    |     |    |     |      |      |     |        |      |         |          |        |
|     p_ZL13conv_0_w_fold_0_1_0_U                                    |     |    |     |      |      |     |        |      |         |          |        |
|     p_ZL13conv_0_w_fold_0_1_1_U                                    |     |    |     |      |      |     |        |      |         |          |        |
|     p_ZL13conv_0_w_fold_0_1_2_U                                    |     |    |     |      |      |     |        |      |         |          |        |
|     p_ZL13conv_0_w_fold_0_2_0_U                                    |     |    |     |      |      |     |        |      |         |          |        |
|     p_ZL13conv_0_w_fold_0_2_1_U                                    |     |    |     |      |      |     |        |      |         |          |        |
|     p_ZL13conv_0_w_fold_0_2_2_U                                    |     |    |     |      |      |     |        |      |         |          |        |
|     p_ZL13conv_0_w_fold_1_0_0_U                                    |     |    |     |      |      |     |        |      |         |          |        |
|     p_ZL13conv_0_w_fold_1_0_1_U                                    |     |    |     |      |      |     |        |      |         |          |        |
|     p_ZL13conv_0_w_fold_1_0_2_U                                    |     |    |     |      |      |     |        |      |         |          |        |
|     p_ZL13conv_0_w_fold_1_1_0_U                                    |     |    |     |      |      |     |        |      |         |          |        |
|     p_ZL13conv_0_w_fold_1_1_1_U                                    |     |    |     |      |      |     |        |      |         |          |        |
|     p_ZL13conv_0_w_fold_1_1_2_U                                    |     |    |     |      |      |     |        |      |         |          |        |
|     p_ZL13conv_0_w_fold_1_2_0_U                                    |     |    |     |      |      |     |        |      |         |          |        |
|     p_ZL13conv_0_w_fold_1_2_1_U                                    |     |    |     |      |      |     |        |      |         |          |        |
|     p_ZL13conv_0_w_fold_1_2_2_U                                    |     |    |     |      |      |     |        |      |         |          |        |
|     p_ZL13conv_0_w_fold_2_0_0_U                                    |     |    |     |      |      |     |        |      |         |          |        |
|     p_ZL13conv_0_w_fold_2_0_1_U                                    |     |    |     |      |      |     |        |      |         |          |        |
|     p_ZL13conv_0_w_fold_2_0_2_U                                    |     |    |     |      |      |     |        |      |         |          |        |
|     p_ZL13conv_0_w_fold_2_1_0_U                                    |     |    |     |      |      |     |        |      |         |          |        |
|     p_ZL13conv_0_w_fold_2_1_1_U                                    |     |    |     |      |      |     |        |      |         |          |        |
|     p_ZL13conv_0_w_fold_2_1_2_U                                    |     |    |     |      |      |     |        |      |         |          |        |
|     p_ZL13conv_0_w_fold_2_2_0_U                                    |     |    |     |      |      |     |        |      |         |          |        |
|     p_ZL13conv_0_w_fold_2_2_1_U                                    |     |    |     |      |      |     |        |      |         |          |        |
|     p_ZL13conv_0_w_fold_2_2_2_U                                    |     |    |     |      |      |     |        |      |         |          |        |
|     urem_6ns_3ns_2_10_1_U72                                        |     |    |     |      |      |     |        |      |         |          |        |
|     urem_6ns_3ns_2_10_1_U73                                        |     |    |     |      |      |     |        |      |         |          |        |
|   grp_dw0_qat_fu_779                                               |     |    |     |      |      | 78  |        |      |         |          |        |
|     (grp_dw0_qat_fu_779)                                           |     |    |     |      |      | 68  |        |      |         |          |        |
|     ama_addmuladd_17s_14s_16ns_21ns_32_4_1_U264                    |     |    |     |      |      |     |        |      |         |          |        |
|     features_0_dw_b_fold_U                                         |     |    |     |      |      |     |        |      |         |          |        |
|     flow_control_loop_pipe_sequential_init_U                       |     |    |     |      |      |     |        |      |         |          |        |
|     mac_muladd_7s_6ns_15s_15_4_1_U258                              |     |    |     |      |      |     |        |      |         |          |        |
|     mac_muladd_8s_6ns_12s_14_4_1_U256                              |     |    |     |      |      |     |        |      |         |          |        |
|     mac_muladd_8s_6ns_14s_15_4_1_U257                              |     |    |     |      |      |     |        |      |         |          |        |
|     mac_muladd_8s_6ns_15s_16_4_1_U259                              |     |    |     |      |      |     |        |      |         |          |        |
|     mac_muladd_8s_6ns_16s_16_4_1_U260                              |     |    |     |      |      |     |        |      |         |          |        |
|     mac_muladd_8s_6ns_16s_17_4_1_U261                              |     |    |     |      |      |     |        |      |         |          |        |
|     mac_muladd_8s_6ns_17s_17_4_1_U262                              |     |    |     |      |      |     |        |      |         |          |        |
|     mac_muladd_8s_6ns_17s_17_4_1_U263                              |     |    |     |      |      |     |        |      |         |          |        |
|     mul_5ns_5ns_9_1_1_U240                                         |     |    |     |      |      |     |        |      |         |          |        |
|     mul_5ns_7ns_11_1_1_U238                                        |     |    |     |      |      |     |        |      |         |          |        |
|     mul_5ns_7ns_11_1_1_U239                                        |     |    |     |      |      |     |        |      |         |          |        |
|     mul_5ns_7ns_11_1_1_U241                                        |     |    |     |      |      |     |        |      |         |          |        |
|     mul_5ns_7ns_11_1_1_U245                                        |     |    |     |      |      |     |        |      |         |          |        |
|     mul_6ns_8s_14_1_1_U255                                         |     |    |     |      |      |     |        |      |         |          |        |
|     p_ZL20features_0_dw_w_fold_0_0_U                               |     |    |     |      |      |     |        |      |         |          |        |
|     p_ZL20features_0_dw_w_fold_0_1_U                               |     |    |     |      |      |     |        |      |         |          |        |
|     p_ZL20features_0_dw_w_fold_0_2_U                               |     |    |     |      |      |     |        |      |         |          |        |
|     p_ZL20features_0_dw_w_fold_1_0_U                               |     |    |     |      |      |     |        |      |         |          |        |
|     p_ZL20features_0_dw_w_fold_1_1_U                               |     |    |     |      |      |     |        |      |         |          |        |
|     p_ZL20features_0_dw_w_fold_1_2_U                               |     |    |     |      |      |     |        |      |         |          |        |
|     p_ZL20features_0_dw_w_fold_2_0_U                               |     |    |     |      |      |     |        |      |         |          |        |
|     p_ZL20features_0_dw_w_fold_2_1_U                               |     |    |     |      |      |     |        |      |         |          |        |
|     p_ZL20features_0_dw_w_fold_2_2_U                               |     |    |     |      |      |     |        |      |         |          |        |
|     urem_5ns_3ns_2_9_1_U236                                        |     |    |     |      |      |     |        |      |         |          |        |
|     urem_5ns_3ns_2_9_1_U237                                        |     |    |     |      |      |     |        |      |         |          |        |
|   grp_dw1_qat_fu_835                                               |     |    |     |      |      | 65  |        |      |         |          |        |
|     (grp_dw1_qat_fu_835)                                           |     |    |     |      |      | 59  |        |      |         |          |        |
|     ama_addmuladd_18s_15s_16ns_21ns_32_4_1_U378                    |     |    |     |      |      |     |        |      |         |          |        |
|     features_1_dw_b_fold_U                                         |     |    |     |      |      |     |        |      |         |          |        |
|     flow_control_loop_pipe_sequential_init_U                       |     |    |     |      |      |     |        |      |         |          |        |
|     mac_muladd_7ns_7s_16s_16_4_1_U372                              |     |    |     |      |      |     |        |      |         |          |        |
|     mac_muladd_8s_7ns_13s_15_4_1_U370                              |     |    |     |      |      |     |        |      |         |          |        |
|     mac_muladd_8s_7ns_15s_16_4_1_U371                              |     |    |     |      |      |     |        |      |         |          |        |
|     mac_muladd_8s_7ns_16s_17_4_1_U373                              |     |    |     |      |      |     |        |      |         |          |        |
|     mac_muladd_8s_7ns_17s_17_4_1_U374                              |     |    |     |      |      |     |        |      |         |          |        |
|     mac_muladd_8s_7ns_17s_17_4_1_U375                              |     |    |     |      |      |     |        |      |         |          |        |
|     mac_muladd_8s_7ns_17s_17_4_1_U376                              |     |    |     |      |      |     |        |      |         |          |        |
|     mac_muladd_8s_7ns_17s_18_4_1_U377                              |     |    |     |      |      |     |        |      |         |          |        |
|     mul_4ns_6ns_9_1_1_U356                                         |     |    |     |      |      |     |        |      |         |          |        |
|     mul_4ns_6ns_9_1_1_U357                                         |     |    |     |      |      |     |        |      |         |          |        |
|     mul_4ns_6ns_9_1_1_U358                                         |     |    |     |      |      |     |        |      |         |          |        |
|     mul_4ns_6ns_9_1_1_U359                                         |     |    |     |      |      |     |        |      |         |          |        |
|     mul_7ns_8s_15_1_1_U369                                         |     |    |     |      |      |     |        |      |         |          |        |
|     p_ZL20features_1_dw_w_fold_0_0_U                               |     |    |     |      |      |     |        |      |         |          |        |
|     p_ZL20features_1_dw_w_fold_0_1_U                               |     |    |     |      |      |     |        |      |         |          |        |
|     p_ZL20features_1_dw_w_fold_0_2_U                               |     |    |     |      |      |     |        |      |         |          |        |
|     p_ZL20features_1_dw_w_fold_1_0_U                               |     |    |     |      |      |     |        |      |         |          |        |
|     p_ZL20features_1_dw_w_fold_1_1_U                               |     |    |     |      |      |     |        |      |         |          |        |
|     p_ZL20features_1_dw_w_fold_1_2_U                               |     |    |     |      |      |     |        |      |         |          |        |
|     p_ZL20features_1_dw_w_fold_2_0_U                               |     |    |     |      |      |     |        |      |         |          |        |
|     p_ZL20features_1_dw_w_fold_2_1_U                               |     |    |     |      |      |     |        |      |         |          |        |
|     p_ZL20features_1_dw_w_fold_2_2_U                               |     |    |     |      |      |     |        |      |         |          |        |
|     urem_4ns_3ns_2_8_1_U354                                        |     |    |     |      |      |     |        |      |         |          |        |
|     urem_4ns_3ns_2_8_1_U355                                        |     |    |     |      |      |     |        |      |         |          |        |
|   grp_dw2_qat_fu_891                                               |     |    |     |      |      | 58  |        |      |         |          |        |
|     (grp_dw2_qat_fu_891)                                           |     |    |     |      |      | 54  |        |      |         |          |        |
|     ama_addmuladd_18s_15s_16ns_21ns_32_4_1_U498                    |     |    |     |      |      |     |        |      |         |          |        |
|     features_2_dw_b_fold_U                                         |     |    |     |      |      |     |        |      |         |          |        |
|     flow_control_loop_pipe_sequential_init_U                       |     |    |     |      |      |     |        |      |         |          |        |
|     mac_muladd_7ns_7s_18s_18_4_1_U496                              |     |    |     |      |      |     |        |      |         |          |        |
|     mac_muladd_8s_7ns_13s_15_4_1_U490                              |     |    |     |      |      |     |        |      |         |          |        |
|     mac_muladd_8s_7ns_15s_16_4_1_U491                              |     |    |     |      |      |     |        |      |         |          |        |
|     mac_muladd_8s_7ns_16s_16_4_1_U492                              |     |    |     |      |      |     |        |      |         |          |        |
|     mac_muladd_8s_7ns_16s_17_4_1_U493                              |     |    |     |      |      |     |        |      |         |          |        |
|     mac_muladd_8s_7ns_17s_17_4_1_U494                              |     |    |     |      |      |     |        |      |         |          |        |
|     mac_muladd_8s_7ns_17s_18_4_1_U495                              |     |    |     |      |      |     |        |      |         |          |        |
|     mac_muladd_8s_7ns_18s_18_4_1_U497                              |     |    |     |      |      |     |        |      |         |          |        |
|     mul_7ns_8s_15_1_1_U489                                         |     |    |     |      |      |     |        |      |         |          |        |
|     p_ZL20features_2_dw_w_fold_0_0_U                               |     |    |     |      |      |     |        |      |         |          |        |
|     p_ZL20features_2_dw_w_fold_0_1_U                               |     |    |     |      |      |     |        |      |         |          |        |
|     p_ZL20features_2_dw_w_fold_0_2_U                               |     |    |     |      |      |     |        |      |         |          |        |
|     p_ZL20features_2_dw_w_fold_1_0_U                               |     |    |     |      |      |     |        |      |         |          |        |
|     p_ZL20features_2_dw_w_fold_1_1_U                               |     |    |     |      |      |     |        |      |         |          |        |
|     p_ZL20features_2_dw_w_fold_1_2_U                               |     |    |     |      |      |     |        |      |         |          |        |
|     p_ZL20features_2_dw_w_fold_2_0_U                               |     |    |     |      |      |     |        |      |         |          |        |
|     p_ZL20features_2_dw_w_fold_2_1_U                               |     |    |     |      |      |     |        |      |         |          |        |
|     p_ZL20features_2_dw_w_fold_2_2_U                               |     |    |     |      |      |     |        |      |         |          |        |
|     urem_3ns_3ns_2_7_1_U474                                        |     |    |     |      |      |     |        |      |         |          |        |
|     urem_3ns_3ns_2_7_1_U475                                        |     |    |     |      |      |     |        |      |         |          |        |
|   grp_dw3_qat_fu_954                                               |     |    |     |      |      | 25  |        |      |         |          |        |
|     (grp_dw3_qat_fu_954)                                           |     |    |     |      |      | 25  |        |      |         |          |        |
|     ama_addmuladd_18s_15s_16ns_21ns_32_4_1_U622                    |     |    |     |      |      |     |        |      |         |          |        |
|     features_3_dw_b_fold_U                                         |     |    |     |      |      |     |        |      |         |          |        |
|     flow_control_loop_pipe_sequential_init_U                       |     |    |     |      |      |     |        |      |         |          |        |
|     mac_muladd_7ns_7s_16s_16_4_1_U616                              |     |    |     |      |      |     |        |      |         |          |        |
|     mac_muladd_7ns_7s_16s_17_4_1_U617                              |     |    |     |      |      |     |        |      |         |          |        |
|     mac_muladd_7ns_7s_17s_17_4_1_U618                              |     |    |     |      |      |     |        |      |         |          |        |
|     mac_muladd_7ns_7s_18s_18_4_1_U621                              |     |    |     |      |      |     |        |      |         |          |        |
|     mac_muladd_8s_7ns_12s_15_4_1_U614                              |     |    |     |      |      |     |        |      |         |          |        |
|     mac_muladd_8s_7ns_15s_16_4_1_U615                              |     |    |     |      |      |     |        |      |         |          |        |
|     mac_muladd_8s_7ns_17s_17_4_1_U619                              |     |    |     |      |      |     |        |      |         |          |        |
|     mac_muladd_8s_7ns_17s_18_4_1_U620                              |     |    |     |      |      |     |        |      |         |          |        |
|     mul_7ns_8s_15_1_1_U613                                         |     |    |     |      |      |     |        |      |         |          |        |
|     p_ZL20features_3_dw_w_fold_0_0_U                               |     |    |     |      |      |     |        |      |         |          |        |
|     p_ZL20features_3_dw_w_fold_0_1_U                               |     |    |     |      |      |     |        |      |         |          |        |
|     p_ZL20features_3_dw_w_fold_0_2_U                               |     |    |     |      |      |     |        |      |         |          |        |
|     p_ZL20features_3_dw_w_fold_1_0_U                               |     |    |     |      |      |     |        |      |         |          |        |
|     p_ZL20features_3_dw_w_fold_1_1_U                               |     |    |     |      |      |     |        |      |         |          |        |
|     p_ZL20features_3_dw_w_fold_1_2_U                               |     |    |     |      |      |     |        |      |         |          |        |
|     p_ZL20features_3_dw_w_fold_2_0_U                               |     |    |     |      |      |     |        |      |         |          |        |
|     p_ZL20features_3_dw_w_fold_2_1_U                               |     |    |     |      |      |     |        |      |         |          |        |
|     p_ZL20features_3_dw_w_fold_2_2_U                               |     |    |     |      |      |     |        |      |         |          |        |
|   grp_fc_qat_fu_1017                                               |     |    |     |      |      | 3   |        |      |         |          |        |
|     (grp_fc_qat_fu_1017)                                           |     |    |     |      |      |     |        |      |         |          |        |
|     fmul_32ns_32ns_32_4_max_dsp_1_U827                             |     |    |     |      |      |     |        |      |         |          |        |
|     grp_fc_qat_Pipeline_FC_IC_fu_197                               |     |    |     |      |      | 1   |        |      |         |          |        |
|       (grp_fc_qat_Pipeline_FC_IC_fu_197)                           |     |    |     |      |      | 1   |        |      |         |          |        |
|       flow_control_loop_pipe_sequential_init_U                     |     |    |     |      |      |     |        |      |         |          |        |
|       mac_muladd_8s_7ns_23s_23_4_1_U794                            |     |    |     |      |      |     |        |      |         |          |        |
|       mac_muladd_8s_7ns_23s_23_4_1_U795                            |     |    |     |      |      |     |        |      |         |          |        |
|       mac_muladd_8s_7ns_23s_23_4_1_U796                            |     |    |     |      |      |     |        |      |         |          |        |
|       mac_muladd_8s_7ns_23s_23_4_1_U797                            |     |    |     |      |      |     |        |      |         |          |        |
|       mac_muladd_8s_7ns_23s_23_4_1_U798                            |     |    |     |      |      |     |        |      |         |          |        |
|       mac_muladd_8s_7ns_23s_23_4_1_U799                            |     |    |     |      |      |     |        |      |         |          |        |
|       mac_muladd_8s_7ns_23s_23_4_1_U800                            |     |    |     |      |      |     |        |      |         |          |        |
|       mac_muladd_8s_7ns_23s_23_4_1_U801                            |     |    |     |      |      |     |        |      |         |          |        |
|       mac_muladd_8s_7ns_23s_23_4_1_U802                            |     |    |     |      |      |     |        |      |         |          |        |
|       mac_muladd_8s_7ns_23s_23_4_1_U803                            |     |    |     |      |      |     |        |      |         |          |        |
|       p_ZL9fc_w_fold_0_U                                           |     |    |     |      |      |     |        |      |         |          |        |
|       p_ZL9fc_w_fold_1_U                                           |     |    |     |      |      |     |        |      |         |          |        |
|       p_ZL9fc_w_fold_2_U                                           |     |    |     |      |      |     |        |      |         |          |        |
|       p_ZL9fc_w_fold_3_U                                           |     |    |     |      |      |     |        |      |         |          |        |
|       p_ZL9fc_w_fold_4_U                                           |     |    |     |      |      |     |        |      |         |          |        |
|       p_ZL9fc_w_fold_5_U                                           |     |    |     |      |      |     |        |      |         |          |        |
|       p_ZL9fc_w_fold_6_U                                           |     |    |     |      |      |     |        |      |         |          |        |
|       p_ZL9fc_w_fold_7_U                                           |     |    |     |      |      |     |        |      |         |          |        |
|       p_ZL9fc_w_fold_8_U                                           |     |    |     |      |      |     |        |      |         |          |        |
|       p_ZL9fc_w_fold_9_U                                           |     |    |     |      |      |     |        |      |         |          |        |
|     sitofp_32s_32_5_no_dsp_1_U828                                  |     |    |     |      |      | 1   |        |      |         |          |        |
|     sitofp_32s_32_5_no_dsp_1_U829                                  |     |    |     |      |      | 1   |        |      |         |          |        |
|   grp_mobilenet_v1_qat_Pipeline_GAP_C_fu_1010                      |     |    |     |      |      |     |        |      |         |          |        |
|     flow_control_loop_pipe_sequential_init_U                       |     |    |     |      |      |     |        |      |         |          |        |
|   grp_mobilenet_v1_qat_Pipeline_LOAD_IC_LOAD_IH_LOAD_IW_fu_645     |     |    |     |      |      | 19  |        |      |         |          |        |
|     (grp_mobilenet_v1_qat_Pipeline_LOAD_IC_LOAD_IH_LOAD_IW_fu_645) |     |    |     |      |      | 7   |        |      |         |          |        |
|     flow_control_loop_pipe_sequential_init_U                       |     |    |     |      |      |     |        |      |         |          |        |
|     mac_muladd_5ns_4ns_5ns_7_4_1_U7                                |     |    |     |      |      |     |        |      |         |          |        |
|     mask_table_U                                                   |     |    |     |      |      |     |        |      |         |          |        |
|     one_half_table_U                                               |     |    |     |      |      |     |        |      |         |          |        |
|     urem_6ns_3ns_2_10_1_U3                                         |     |    |     |      |      |     |        |      |         |          |        |
|     urem_6ns_3ns_2_10_1_U5                                         |     |    |     |      |      |     |        |      |         |          |        |
|   grp_mobilenet_v1_qat_Pipeline_STORE_O_fu_1043                    |     |    |     |      |      |     |        |      |         |          |        |
|     flow_control_loop_pipe_sequential_init_U                       |     |    |     |      |      |     |        |      |         |          |        |
|   grp_pw0_qat_fu_814                                               |     |    |     |      |      | 9   |        |      |         |          |        |
|     (grp_pw0_qat_fu_814)                                           |     |    |     |      |      | 1   |        |      |         |          |        |
|     ama_addmuladd_18s_18s_16ns_22ns_32_4_1_U323                    |     |    |     |      |      |     |        |      |         |          |        |
|     features_0_pw_b_fold_U                                         |     |    |     |      |      |     |        |      |         |          |        |
|     flow_control_loop_pipe_sequential_init_U                       |     |    |     |      |      |     |        |      |         |          |        |
|     mac_muladd_8s_7ns_12s_16_4_1_U314                              |     |    |     |      |      |     |        |      |         |          |        |
|     mac_muladd_8s_7ns_15s_16_4_1_U315                              |     |    |     |      |      |     |        |      |         |          |        |
|     mac_muladd_8s_7ns_15s_16_4_1_U316                              |     |    |     |      |      |     |        |      |         |          |        |
|     mac_muladd_8s_7ns_15s_16_4_1_U317                              |     |    |     |      |      |     |        |      |         |          |        |
|     mac_muladd_8s_7ns_15s_16_4_1_U318                              |     |    |     |      |      |     |        |      |         |          |        |
|     mac_muladd_8s_7ns_15s_16_4_1_U319                              |     |    |     |      |      |     |        |      |         |          |        |
|     mac_muladd_8s_7ns_15s_16_4_1_U320                              |     |    |     |      |      |     |        |      |         |          |        |
|     mac_muladd_8s_7ns_15s_16_4_1_U322                              |     |    |     |      |      |     |        |      |         |          |        |
|     mac_muladd_8s_7ns_16s_17_4_1_U321                              |     |    |     |      |      |     |        |      |         |          |        |
|     mul_5ns_7ns_11_1_1_U312                                        |     |    |     |      |      |     |        |      |         |          |        |
|     mul_5ns_7ns_11_1_1_U313                                        |     |    |     |      |      |     |        |      |         |          |        |
|     mul_7ns_8s_15_1_1_U305                                         |     |    |     |      |      |     |        |      |         |          |        |
|     mul_7ns_8s_15_1_1_U306                                         |     |    |     |      |      |     |        |      |         |          |        |
|     p_ZL20features_0_pw_w_fold_0_U                                 |     |    |     |      |      |     |        |      |         |          |        |
|     p_ZL20features_0_pw_w_fold_1_U                                 |     |    |     |      |      |     |        |      |         |          |        |
|     urem_5ns_3ns_2_9_1_U303                                        |     |    |     |      |      |     |        |      |         |          |        |
|     urem_5ns_3ns_2_9_1_U304                                        |     |    |     |      |      |     |        |      |         |          |        |
|   grp_pw1_qat_fu_870                                               |     |    |     |      |      | 8   |        |      |         |          |        |
|     (grp_pw1_qat_fu_870)                                           |     |    |     |      |      |     |        |      |         |          |        |
|     ama_addmuladd_19s_19s_16ns_22ns_32_4_1_U446                    |     |    |     |      |      |     |        |      |         |          |        |
|     features_1_pw_b_fold_U                                         |     |    |     |      |      |     |        |      |         |          |        |
|     flow_control_loop_pipe_sequential_init_U                       |     |    |     |      |      |     |        |      |         |          |        |
|     mac_muladd_8s_7ns_13s_16_4_1_U429                              |     |    |     |      |      |     |        |      |         |          |        |
|     mac_muladd_8s_7ns_15s_16_4_1_U430                              |     |    |     |      |      |     |        |      |         |          |        |
|     mac_muladd_8s_7ns_15s_16_4_1_U431                              |     |    |     |      |      |     |        |      |         |          |        |
|     mac_muladd_8s_7ns_15s_16_4_1_U432                              |     |    |     |      |      |     |        |      |         |          |        |
|     mac_muladd_8s_7ns_15s_16_4_1_U433                              |     |    |     |      |      |     |        |      |         |          |        |
|     mac_muladd_8s_7ns_15s_16_4_1_U434                              |     |    |     |      |      |     |        |      |         |          |        |
|     mac_muladd_8s_7ns_15s_16_4_1_U435                              |     |    |     |      |      |     |        |      |         |          |        |
|     mac_muladd_8s_7ns_15s_16_4_1_U436                              |     |    |     |      |      |     |        |      |         |          |        |
|     mac_muladd_8s_7ns_15s_16_4_1_U437                              |     |    |     |      |      |     |        |      |         |          |        |
|     mac_muladd_8s_7ns_15s_16_4_1_U438                              |     |    |     |      |      |     |        |      |         |          |        |
|     mac_muladd_8s_7ns_15s_16_4_1_U439                              |     |    |     |      |      |     |        |      |         |          |        |
|     mac_muladd_8s_7ns_15s_16_4_1_U440                              |     |    |     |      |      |     |        |      |         |          |        |
|     mac_muladd_8s_7ns_15s_16_4_1_U441                              |     |    |     |      |      |     |        |      |         |          |        |
|     mac_muladd_8s_7ns_15s_16_4_1_U442                              |     |    |     |      |      |     |        |      |         |          |        |
|     mac_muladd_8s_7ns_15s_16_4_1_U443                              |     |    |     |      |      |     |        |      |         |          |        |
|     mac_muladd_8s_7ns_15s_16_4_1_U445                              |     |    |     |      |      |     |        |      |         |          |        |
|     mac_muladd_8s_7ns_16s_17_4_1_U444                              |     |    |     |      |      |     |        |      |         |          |        |
|     mul_4ns_6ns_9_1_1_U427                                         |     |    |     |      |      |     |        |      |         |          |        |
|     mul_4ns_6ns_9_1_1_U428                                         |     |    |     |      |      |     |        |      |         |          |        |
|     mul_7ns_8s_15_1_1_U412                                         |     |    |     |      |      |     |        |      |         |          |        |
|     mul_7ns_8s_15_1_1_U413                                         |     |    |     |      |      |     |        |      |         |          |        |
|     p_ZL20features_1_pw_w_fold_0_U                                 |     |    |     |      |      |     |        |      |         |          |        |
|     p_ZL20features_1_pw_w_fold_1_U                                 |     |    |     |      |      |     |        |      |         |          |        |
|     urem_4ns_3ns_2_8_1_U410                                        |     |    |     |      |      |     |        |      |         |          |        |
|     urem_4ns_3ns_2_8_1_U411                                        |     |    |     |      |      |     |        |      |         |          |        |
|   grp_pw2_qat_fu_926                                               |     |    |     |      |      |     |        |      |         |          |        |
|     (grp_pw2_qat_fu_926)                                           |     |    |     |      |      |     |        |      |         |          |        |
|     ama_addmuladd_20s_20s_16ns_22ns_32_4_1_U589                    |     |    |     |      |      |     |        |      |         |          |        |
|     features_2_pw_b_fold_U                                         |     |    |     |      |      |     |        |      |         |          |        |
|     flow_control_loop_pipe_sequential_init_U                       |     |    |     |      |      |     |        |      |         |          |        |
|     mac_muladd_8s_7ns_14s_16_4_1_U556                              |     |    |     |      |      |     |        |      |         |          |        |
|     mac_muladd_8s_7ns_15s_16_4_1_U557                              |     |    |     |      |      |     |        |      |         |          |        |
|     mac_muladd_8s_7ns_15s_16_4_1_U558                              |     |    |     |      |      |     |        |      |         |          |        |
|     mac_muladd_8s_7ns_15s_16_4_1_U559                              |     |    |     |      |      |     |        |      |         |          |        |
|     mac_muladd_8s_7ns_15s_16_4_1_U560                              |     |    |     |      |      |     |        |      |         |          |        |
|     mac_muladd_8s_7ns_15s_16_4_1_U561                              |     |    |     |      |      |     |        |      |         |          |        |
|     mac_muladd_8s_7ns_15s_16_4_1_U562                              |     |    |     |      |      |     |        |      |         |          |        |
|     mac_muladd_8s_7ns_15s_16_4_1_U563                              |     |    |     |      |      |     |        |      |         |          |        |
|     mac_muladd_8s_7ns_15s_16_4_1_U564                              |     |    |     |      |      |     |        |      |         |          |        |
|     mac_muladd_8s_7ns_15s_16_4_1_U565                              |     |    |     |      |      |     |        |      |         |          |        |
|     mac_muladd_8s_7ns_15s_16_4_1_U566                              |     |    |     |      |      |     |        |      |         |          |        |
|     mac_muladd_8s_7ns_15s_16_4_1_U567                              |     |    |     |      |      |     |        |      |         |          |        |
|     mac_muladd_8s_7ns_15s_16_4_1_U568                              |     |    |     |      |      |     |        |      |         |          |        |
|     mac_muladd_8s_7ns_15s_16_4_1_U569                              |     |    |     |      |      |     |        |      |         |          |        |
|     mac_muladd_8s_7ns_15s_16_4_1_U570                              |     |    |     |      |      |     |        |      |         |          |        |
|     mac_muladd_8s_7ns_15s_16_4_1_U571                              |     |    |     |      |      |     |        |      |         |          |        |
|     mac_muladd_8s_7ns_15s_16_4_1_U572                              |     |    |     |      |      |     |        |      |         |          |        |
|     mac_muladd_8s_7ns_15s_16_4_1_U573                              |     |    |     |      |      |     |        |      |         |          |        |
|     mac_muladd_8s_7ns_15s_16_4_1_U574                              |     |    |     |      |      |     |        |      |         |          |        |
|     mac_muladd_8s_7ns_15s_16_4_1_U575                              |     |    |     |      |      |     |        |      |         |          |        |
|     mac_muladd_8s_7ns_15s_16_4_1_U576                              |     |    |     |      |      |     |        |      |         |          |        |
|     mac_muladd_8s_7ns_15s_16_4_1_U577                              |     |    |     |      |      |     |        |      |         |          |        |
|     mac_muladd_8s_7ns_15s_16_4_1_U578                              |     |    |     |      |      |     |        |      |         |          |        |
|     mac_muladd_8s_7ns_15s_16_4_1_U579                              |     |    |     |      |      |     |        |      |         |          |        |
|     mac_muladd_8s_7ns_15s_16_4_1_U580                              |     |    |     |      |      |     |        |      |         |          |        |
|     mac_muladd_8s_7ns_15s_16_4_1_U581                              |     |    |     |      |      |     |        |      |         |          |        |
|     mac_muladd_8s_7ns_15s_16_4_1_U582                              |     |    |     |      |      |     |        |      |         |          |        |
|     mac_muladd_8s_7ns_15s_16_4_1_U583                              |     |    |     |      |      |     |        |      |         |          |        |
|     mac_muladd_8s_7ns_15s_16_4_1_U584                              |     |    |     |      |      |     |        |      |         |          |        |
|     mac_muladd_8s_7ns_15s_16_4_1_U585                              |     |    |     |      |      |     |        |      |         |          |        |
|     mac_muladd_8s_7ns_15s_16_4_1_U586                              |     |    |     |      |      |     |        |      |         |          |        |
|     mac_muladd_8s_7ns_15s_16_4_1_U588                              |     |    |     |      |      |     |        |      |         |          |        |
|     mac_muladd_8s_7ns_16s_17_4_1_U587                              |     |    |     |      |      |     |        |      |         |          |        |
|     mul_7ns_8s_15_1_1_U525                                         |     |    |     |      |      |     |        |      |         |          |        |
|     mul_7ns_8s_15_1_1_U526                                         |     |    |     |      |      |     |        |      |         |          |        |
|     mul_7ns_8s_15_1_1_U555                                         |     |    |     |      |      |     |        |      |         |          |        |
|     p_ZL20features_2_pw_w_fold_0_U                                 |     |    |     |      |      |     |        |      |         |          |        |
|     p_ZL20features_2_pw_w_fold_1_U                                 |     |    |     |      |      |     |        |      |         |          |        |
|   grp_pw3_qat_fu_996                                               |     |    |     |      |      |     |        |      |         |          |        |
|     (grp_pw3_qat_fu_996)                                           |     |    |     |      |      |     |        |      |         |          |        |
|     ama_addmuladd_21s_21s_16ns_21ns_32_4_1_U782                    |     |    |     |      |      |     |        |      |         |          |        |
|     features_3_pw_b_fold_U                                         |     |    |     |      |      |     |        |      |         |          |        |
|     flow_control_loop_pipe_sequential_init_U                       |     |    |     |      |      |     |        |      |         |          |        |
|     mac_muladd_8s_7ns_14s_16_4_1_U721                              |     |    |     |      |      |     |        |      |         |          |        |
|     mac_muladd_8s_7ns_15s_16_4_1_U717                              |     |    |     |      |      |     |        |      |         |          |        |
|     mac_muladd_8s_7ns_15s_16_4_1_U718                              |     |    |     |      |      |     |        |      |         |          |        |
|     mac_muladd_8s_7ns_15s_16_4_1_U719                              |     |    |     |      |      |     |        |      |         |          |        |
|     mac_muladd_8s_7ns_15s_16_4_1_U720                              |     |    |     |      |      |     |        |      |         |          |        |
|     mac_muladd_8s_7ns_15s_16_4_1_U722                              |     |    |     |      |      |     |        |      |         |          |        |
|     mac_muladd_8s_7ns_15s_16_4_1_U723                              |     |    |     |      |      |     |        |      |         |          |        |
|     mac_muladd_8s_7ns_15s_16_4_1_U724                              |     |    |     |      |      |     |        |      |         |          |        |
|     mac_muladd_8s_7ns_15s_16_4_1_U725                              |     |    |     |      |      |     |        |      |         |          |        |
|     mac_muladd_8s_7ns_15s_16_4_1_U726                              |     |    |     |      |      |     |        |      |         |          |        |
|     mac_muladd_8s_7ns_15s_16_4_1_U727                              |     |    |     |      |      |     |        |      |         |          |        |
|     mac_muladd_8s_7ns_15s_16_4_1_U728                              |     |    |     |      |      |     |        |      |         |          |        |
|     mac_muladd_8s_7ns_15s_16_4_1_U729                              |     |    |     |      |      |     |        |      |         |          |        |
|     mac_muladd_8s_7ns_15s_16_4_1_U730                              |     |    |     |      |      |     |        |      |         |          |        |
|     mac_muladd_8s_7ns_15s_16_4_1_U731                              |     |    |     |      |      |     |        |      |         |          |        |
|     mac_muladd_8s_7ns_15s_16_4_1_U732                              |     |    |     |      |      |     |        |      |         |          |        |
|     mac_muladd_8s_7ns_15s_16_4_1_U733                              |     |    |     |      |      |     |        |      |         |          |        |
|     mac_muladd_8s_7ns_15s_16_4_1_U734                              |     |    |     |      |      |     |        |      |         |          |        |
|     mac_muladd_8s_7ns_15s_16_4_1_U735                              |     |    |     |      |      |     |        |      |         |          |        |
|     mac_muladd_8s_7ns_15s_16_4_1_U736                              |     |    |     |      |      |     |        |      |         |          |        |
|     mac_muladd_8s_7ns_15s_16_4_1_U737                              |     |    |     |      |      |     |        |      |         |          |        |
|     mac_muladd_8s_7ns_15s_16_4_1_U738                              |     |    |     |      |      |     |        |      |         |          |        |
|     mac_muladd_8s_7ns_15s_16_4_1_U739                              |     |    |     |      |      |     |        |      |         |          |        |
|     mac_muladd_8s_7ns_15s_16_4_1_U740                              |     |    |     |      |      |     |        |      |         |          |        |
|     mac_muladd_8s_7ns_15s_16_4_1_U741                              |     |    |     |      |      |     |        |      |         |          |        |
|     mac_muladd_8s_7ns_15s_16_4_1_U742                              |     |    |     |      |      |     |        |      |         |          |        |
|     mac_muladd_8s_7ns_15s_16_4_1_U743                              |     |    |     |      |      |     |        |      |         |          |        |
|     mac_muladd_8s_7ns_15s_16_4_1_U744                              |     |    |     |      |      |     |        |      |         |          |        |
|     mac_muladd_8s_7ns_15s_16_4_1_U745                              |     |    |     |      |      |     |        |      |         |          |        |
|     mac_muladd_8s_7ns_15s_16_4_1_U746                              |     |    |     |      |      |     |        |      |         |          |        |
|     mac_muladd_8s_7ns_15s_16_4_1_U747                              |     |    |     |      |      |     |        |      |         |          |        |
|     mac_muladd_8s_7ns_15s_16_4_1_U748                              |     |    |     |      |      |     |        |      |         |          |        |
|     mac_muladd_8s_7ns_15s_16_4_1_U749                              |     |    |     |      |      |     |        |      |         |          |        |
|     mac_muladd_8s_7ns_15s_16_4_1_U750                              |     |    |     |      |      |     |        |      |         |          |        |
|     mac_muladd_8s_7ns_15s_16_4_1_U751                              |     |    |     |      |      |     |        |      |         |          |        |
|     mac_muladd_8s_7ns_15s_16_4_1_U752                              |     |    |     |      |      |     |        |      |         |          |        |
|     mac_muladd_8s_7ns_15s_16_4_1_U753                              |     |    |     |      |      |     |        |      |         |          |        |
|     mac_muladd_8s_7ns_15s_16_4_1_U754                              |     |    |     |      |      |     |        |      |         |          |        |
|     mac_muladd_8s_7ns_15s_16_4_1_U755                              |     |    |     |      |      |     |        |      |         |          |        |
|     mac_muladd_8s_7ns_15s_16_4_1_U756                              |     |    |     |      |      |     |        |      |         |          |        |
|     mac_muladd_8s_7ns_15s_16_4_1_U757                              |     |    |     |      |      |     |        |      |         |          |        |
|     mac_muladd_8s_7ns_15s_16_4_1_U758                              |     |    |     |      |      |     |        |      |         |          |        |
|     mac_muladd_8s_7ns_15s_16_4_1_U759                              |     |    |     |      |      |     |        |      |         |          |        |
|     mac_muladd_8s_7ns_15s_16_4_1_U760                              |     |    |     |      |      |     |        |      |         |          |        |
|     mac_muladd_8s_7ns_15s_16_4_1_U761                              |     |    |     |      |      |     |        |      |         |          |        |
|     mac_muladd_8s_7ns_15s_16_4_1_U762                              |     |    |     |      |      |     |        |      |         |          |        |
|     mac_muladd_8s_7ns_15s_16_4_1_U763                              |     |    |     |      |      |     |        |      |         |          |        |
|     mac_muladd_8s_7ns_15s_16_4_1_U764                              |     |    |     |      |      |     |        |      |         |          |        |
|     mac_muladd_8s_7ns_15s_16_4_1_U765                              |     |    |     |      |      |     |        |      |         |          |        |
|     mac_muladd_8s_7ns_15s_16_4_1_U766                              |     |    |     |      |      |     |        |      |         |          |        |
|     mac_muladd_8s_7ns_15s_16_4_1_U767                              |     |    |     |      |      |     |        |      |         |          |        |
|     mac_muladd_8s_7ns_15s_16_4_1_U768                              |     |    |     |      |      |     |        |      |         |          |        |
|     mac_muladd_8s_7ns_15s_16_4_1_U769                              |     |    |     |      |      |     |        |      |         |          |        |
|     mac_muladd_8s_7ns_15s_16_4_1_U770                              |     |    |     |      |      |     |        |      |         |          |        |
|     mac_muladd_8s_7ns_15s_16_4_1_U771                              |     |    |     |      |      |     |        |      |         |          |        |
|     mac_muladd_8s_7ns_15s_16_4_1_U772                              |     |    |     |      |      |     |        |      |         |          |        |
|     mac_muladd_8s_7ns_15s_16_4_1_U773                              |     |    |     |      |      |     |        |      |         |          |        |
|     mac_muladd_8s_7ns_15s_16_4_1_U774                              |     |    |     |      |      |     |        |      |         |          |        |
|     mac_muladd_8s_7ns_15s_16_4_1_U775                              |     |    |     |      |      |     |        |      |         |          |        |
|     mac_muladd_8s_7ns_15s_16_4_1_U776                              |     |    |     |      |      |     |        |      |         |          |        |
|     mac_muladd_8s_7ns_15s_16_4_1_U777                              |     |    |     |      |      |     |        |      |         |          |        |
|     mac_muladd_8s_7ns_15s_16_4_1_U778                              |     |    |     |      |      |     |        |      |         |          |        |
|     mac_muladd_8s_7ns_15s_16_4_1_U779                              |     |    |     |      |      |     |        |      |         |          |        |
|     mac_muladd_8s_7ns_15s_16_4_1_U781                              |     |    |     |      |      |     |        |      |         |          |        |
|     mac_muladd_8s_7ns_16s_17_4_1_U780                              |     |    |     |      |      |     |        |      |         |          |        |
|     mul_7ns_8s_15_1_1_U654                                         |     |    |     |      |      |     |        |      |         |          |        |
|     mul_7ns_8s_15_1_1_U658                                         |     |    |     |      |      |     |        |      |         |          |        |
|     mul_7ns_8s_15_1_1_U716                                         |     |    |     |      |      |     |        |      |         |          |        |
|     p_ZL20features_3_pw_w_fold_0_U                                 |     |    |     |      |      |     |        |      |         |          |        |
|     p_ZL20features_3_pw_w_fold_1_U                                 |     |    |     |      |      |     |        |      |         |          |        |
|   in_buf_10_U                                                      |     |    |     |      |      |     |        |      |         |          |        |
|   in_buf_11_U                                                      |     |    |     |      |      |     |        |      |         |          |        |
|   in_buf_12_U                                                      |     |    |     |      |      |     |        |      |         |          |        |
|   in_buf_13_U                                                      |     |    |     |      |      |     |        |      |         |          |        |
|   in_buf_14_U                                                      |     |    |     |      |      |     |        |      |         |          |        |
|   in_buf_15_U                                                      |     |    |     |      |      |     |        |      |         |          |        |
|   in_buf_16_U                                                      |     |    |     |      |      |     |        |      |         |          |        |
|   in_buf_17_U                                                      |     |    |     |      |      |     |        |      |         |          |        |
|   in_buf_18_U                                                      |     |    |     |      |      |     |        |      |         |          |        |
|   in_buf_19_U                                                      |     |    |     |      |      |     |        |      |         |          |        |
|   in_buf_1_U                                                       |     |    |     |      |      |     |        |      |         |          |        |
|   in_buf_20_U                                                      |     |    |     |      |      |     |        |      |         |          |        |
|   in_buf_21_U                                                      |     |    |     |      |      |     |        |      |         |          |        |
|   in_buf_22_U                                                      |     |    |     |      |      |     |        |      |         |          |        |
|   in_buf_23_U                                                      |     |    |     |      |      |     |        |      |         |          |        |
|   in_buf_24_U                                                      |     |    |     |      |      |     |        |      |         |          |        |
|   in_buf_25_U                                                      |     |    |     |      |      |     |        |      |         |          |        |
|   in_buf_26_U                                                      |     |    |     |      |      |     |        |      |         |          |        |
|   in_buf_2_U                                                       |     |    |     |      |      |     |        |      |         |          |        |
|   in_buf_3_U                                                       |     |    |     |      |      |     |        |      |         |          |        |
|   in_buf_4_U                                                       |     |    |     |      |      |     |        |      |         |          |        |
|   in_buf_5_U                                                       |     |    |     |      |      |     |        |      |         |          |        |
|   in_buf_6_U                                                       |     |    |     |      |      |     |        |      |         |          |        |
|   in_buf_7_U                                                       |     |    |     |      |      |     |        |      |         |          |        |
|   in_buf_8_U                                                       |     |    |     |      |      |     |        |      |         |          |        |
|   in_buf_9_U                                                       |     |    |     |      |      |     |        |      |         |          |        |
|   in_buf_U                                                         |     |    |     |      |      |     |        |      |         |          |        |
|   logits_U                                                         |     |    |     |      |      |     |        |      |         |          |        |
|   mul_64ns_66ns_129_5_1_U837                                       |     |    |     |      |      |     |        |      |         |          |        |
|   mul_64ns_66ns_129_5_1_U838                                       |     |    |     |      |      |     |        |      |         |          |        |
|   pw0_out_1_U                                                      |     |    |     |      |      |     |        |      |         |          |        |
|   pw0_out_2_U                                                      |     |    |     |      |      |     |        |      |         |          |        |
|   pw0_out_3_U                                                      |     |    |     |      |      |     |        |      |         |          |        |
|   pw0_out_4_U                                                      |     |    |     |      |      |     |        |      |         |          |        |
|   pw0_out_5_U                                                      |     |    |     |      |      |     |        |      |         |          |        |
|   pw0_out_6_U                                                      |     |    |     |      |      |     |        |      |         |          |        |
|   pw0_out_7_U                                                      |     |    |     |      |      |     |        |      |         |          |        |
|   pw0_out_8_U                                                      |     |    |     |      |      |     |        |      |         |          |        |
|   pw0_out_U                                                        |     |    |     |      |      |     |        |      |         |          |        |
|   pw1_out_1_U                                                      |     |    |     |      |      |     |        |      |         |          |        |
|   pw1_out_2_U                                                      |     |    |     |      |      |     |        |      |         |          |        |
|   pw1_out_3_U                                                      |     |    |     |      |      |     |        |      |         |          |        |
|   pw1_out_4_U                                                      |     |    |     |      |      |     |        |      |         |          |        |
|   pw1_out_5_U                                                      |     |    |     |      |      |     |        |      |         |          |        |
|   pw1_out_6_U                                                      |     |    |     |      |      |     |        |      |         |          |        |
|   pw1_out_7_U                                                      |     |    |     |      |      |     |        |      |         |          |        |
|   pw1_out_8_U                                                      |     |    |     |      |      |     |        |      |         |          |        |
|   pw1_out_U                                                        |     |    |     |      |      |     |        |      |         |          |        |
|   pw2_out_10_U                                                     |     |    |     |      |      |     |        |      |         |          |        |
|   pw2_out_11_U                                                     |     |    |     |      |      |     |        |      |         |          |        |
|   pw2_out_12_U                                                     |     |    |     |      |      |     |        |      |         |          |        |
|   pw2_out_13_U                                                     |     |    |     |      |      |     |        |      |         |          |        |
|   pw2_out_14_U                                                     |     |    |     |      |      |     |        |      |         |          |        |
|   pw2_out_15_U                                                     |     |    |     |      |      |     |        |      |         |          |        |
|   pw2_out_1_U                                                      |     |    |     |      |      |     |        |      |         |          |        |
|   pw2_out_2_U                                                      |     |    |     |      |      |     |        |      |         |          |        |
|   pw2_out_3_U                                                      |     |    |     |      |      |     |        |      |         |          |        |
|   pw2_out_4_U                                                      |     |    |     |      |      |     |        |      |         |          |        |
|   pw2_out_5_U                                                      |     |    |     |      |      |     |        |      |         |          |        |
|   pw2_out_6_U                                                      |     |    |     |      |      |     |        |      |         |          |        |
|   pw2_out_7_U                                                      |     |    |     |      |      |     |        |      |         |          |        |
|   pw2_out_8_U                                                      |     |    |     |      |      |     |        |      |         |          |        |
|   pw2_out_9_U                                                      |     |    |     |      |      |     |        |      |         |          |        |
|   pw2_out_U                                                        |     |    |     |      |      |     |        |      |         |          |        |
|   pw3_out_1_U                                                      |     |    |     |      |      |     |        |      |         |          |        |
|   pw3_out_U                                                        |     |    |     |      |      |     |        |      |         |          |        |
+--------------------------------------------------------------------+-----+----+-----+------+------+-----+--------+------+---------+----------+--------+


================================================================
== Place & Route Fail Fast
================================================================
+-----------------------------------------------------------+-----------+--------+--------+
| Criteria                                                  | Guideline | Actual | Status |
+-----------------------------------------------------------+-----------+--------+--------+
| LUT                                                       | 70%       | 5.08%  | OK     |
| FD                                                        | 50%       | 1.95%  | OK     |
| LUTRAM+SRL                                                | 25%       | 1.09%  | OK     |
| MUXF7                                                     | 15%       | 0.13%  | OK     |
| DSP                                                       | 80%       | 29.56% | OK     |
| RAMB/FIFO                                                 | 80%       | 15.23% | OK     |
| DSP+RAMB+URAM (Avg)                                       | 70%       | 22.39% | OK     |
| BUFGCE* + BUFGCTRL                                        | 24        | 0      | OK     |
| DONT_TOUCH (cells/nets)                                   | 0         | 4      | REVIEW |
| MARK_DEBUG (nets)                                         | 0         | 0      | OK     |
| Control Sets                                              | 4099      | 242    | OK     |
| Average Fanout for modules > 100k cells                   | 4         | 2.87   | OK     |
| Max Average Fanout for modules > 100k cells               | 4         | 0      | OK     |
| Non-FD high fanout nets > 10k loads                       | 0         | 0      | OK     |
+-----------------------------------------------------------+-----------+--------+--------+
| TIMING-6 (No common primary clock between related clocks) | 0         | 0      | OK     |
| TIMING-7 (No common node between related clocks)          | 0         | 0      | OK     |
| TIMING-8 (No common period between related clocks)        | 0         | 0      | OK     |
| TIMING-14 (LUT on the clock tree)                         | 0         | 0      | OK     |
| TIMING-35 (No common node in paths with the same clock)   | 0         | 0      | OK     |
+-----------------------------------------------------------+-----------+--------+--------+
| Number of paths above max LUT budgeting (0.500ns)         | 0         | 0      | OK     |
| Number of paths above max Net budgeting (0.350ns)         | 0         | 0      | OK     |
+-----------------------------------------------------------+-----------+--------+--------+


================================================================
== Place & Route Timing Paths
================================================================
* Timing was met
+-------+---------------------+-------------------------------+------------------------------------------------------------------------------------------------------------------------------+--------------+------------+---------------------+---------------------+---------------------+
| Path  |               SLACK | STARTPOINT PIN                | ENDPOINT PIN                                                                                                                 | LOGIC LEVELS | MAX FANOUT |      DATAPATH DELAY |      DATAPATH LOGIC |        DATAPATH NET |
|       |                     |                               |                                                                                                                              |              |            |                     |               DELAY |               DELAY |
+-------+---------------------+-------------------------------+------------------------------------------------------------------------------------------------------------------------------+--------------+------------+---------------------+---------------------+---------------------+
| Path1 | 1.24970793724060059 | dw3_out_1_U/ram_reg/CLKBWRCLK | grp_pw3_qat_fu_996/mac_muladd_8s_7ns_15s_16_4_1_U758/mobilenet_v1_qat_mac_muladd_8s_7ns_15s_16_4_1_DSP48_0_U/p_reg_reg/C[22] |            1 |        952 | 8.52408599853515625 | 4.53700017929077148 | 3.98708629608154297 |
| Path2 | 1.24970793724060059 | dw3_out_1_U/ram_reg/CLKBWRCLK | grp_pw3_qat_fu_996/mac_muladd_8s_7ns_15s_16_4_1_U758/mobilenet_v1_qat_mac_muladd_8s_7ns_15s_16_4_1_DSP48_0_U/p_reg_reg/C[40] |            1 |        952 | 8.52408599853515625 | 4.53700017929077148 | 3.98708629608154297 |
| Path3 | 1.26250386238098145 | dw3_out_1_U/ram_reg/CLKBWRCLK | grp_pw3_qat_fu_996/mac_muladd_8s_7ns_15s_16_4_1_U758/mobilenet_v1_qat_mac_muladd_8s_7ns_15s_16_4_1_DSP48_0_U/p_reg_reg/C[43] |            1 |        952 | 8.51129055023193359 | 4.53700017929077148 | 3.97429013252258301 |
| Path4 | 1.26357853412628174 | dw3_out_1_U/ram_reg/CLKBWRCLK | grp_pw3_qat_fu_996/mac_muladd_8s_7ns_15s_16_4_1_U758/mobilenet_v1_qat_mac_muladd_8s_7ns_15s_16_4_1_DSP48_0_U/p_reg_reg/C[23] |            1 |        952 | 8.51021575927734375 | 4.53700017929077148 | 3.97321557998657227 |
| Path5 | 1.34126043319702148 | dw3_out_1_U/ram_reg/CLKBWRCLK | grp_pw3_qat_fu_996/mac_muladd_8s_7ns_15s_16_4_1_U758/mobilenet_v1_qat_mac_muladd_8s_7ns_15s_16_4_1_DSP48_0_U/p_reg_reg/C[41] |            1 |        952 | 8.43253421783447266 | 4.53700017929077148 | 3.89553332328796387 |
+-------+---------------------+-------------------------------+------------------------------------------------------------------------------------------------------------------------------+--------------+------------+---------------------+---------------------+---------------------+

    +------------------------------------------------------------------------------------------------------------------------+--------------------+
    | Path1 Cells                                                                                                            | Primitive Type     |
    +------------------------------------------------------------------------------------------------------------------------+--------------------+
    | dw3_out_1_U/ram_reg                                                                                                    | BMEM.bram.RAMB18E1 |
    | grp_pw3_qat_fu_996/mul_7ns_8s_15_1_1_U658/tmp_product                                                                  | MULT.dsp.DSP48E1   |
    | grp_pw3_qat_fu_996/mac_muladd_8s_7ns_15s_16_4_1_U758/mobilenet_v1_qat_mac_muladd_8s_7ns_15s_16_4_1_DSP48_0_U/p_reg_reg | MULT.dsp.DSP48E1   |
    +------------------------------------------------------------------------------------------------------------------------+--------------------+

    +------------------------------------------------------------------------------------------------------------------------+--------------------+
    | Path2 Cells                                                                                                            | Primitive Type     |
    +------------------------------------------------------------------------------------------------------------------------+--------------------+
    | dw3_out_1_U/ram_reg                                                                                                    | BMEM.bram.RAMB18E1 |
    | grp_pw3_qat_fu_996/mul_7ns_8s_15_1_1_U658/tmp_product                                                                  | MULT.dsp.DSP48E1   |
    | grp_pw3_qat_fu_996/mac_muladd_8s_7ns_15s_16_4_1_U758/mobilenet_v1_qat_mac_muladd_8s_7ns_15s_16_4_1_DSP48_0_U/p_reg_reg | MULT.dsp.DSP48E1   |
    +------------------------------------------------------------------------------------------------------------------------+--------------------+

    +------------------------------------------------------------------------------------------------------------------------+--------------------+
    | Path3 Cells                                                                                                            | Primitive Type     |
    +------------------------------------------------------------------------------------------------------------------------+--------------------+
    | dw3_out_1_U/ram_reg                                                                                                    | BMEM.bram.RAMB18E1 |
    | grp_pw3_qat_fu_996/mul_7ns_8s_15_1_1_U658/tmp_product                                                                  | MULT.dsp.DSP48E1   |
    | grp_pw3_qat_fu_996/mac_muladd_8s_7ns_15s_16_4_1_U758/mobilenet_v1_qat_mac_muladd_8s_7ns_15s_16_4_1_DSP48_0_U/p_reg_reg | MULT.dsp.DSP48E1   |
    +------------------------------------------------------------------------------------------------------------------------+--------------------+

    +------------------------------------------------------------------------------------------------------------------------+--------------------+
    | Path4 Cells                                                                                                            | Primitive Type     |
    +------------------------------------------------------------------------------------------------------------------------+--------------------+
    | dw3_out_1_U/ram_reg                                                                                                    | BMEM.bram.RAMB18E1 |
    | grp_pw3_qat_fu_996/mul_7ns_8s_15_1_1_U658/tmp_product                                                                  | MULT.dsp.DSP48E1   |
    | grp_pw3_qat_fu_996/mac_muladd_8s_7ns_15s_16_4_1_U758/mobilenet_v1_qat_mac_muladd_8s_7ns_15s_16_4_1_DSP48_0_U/p_reg_reg | MULT.dsp.DSP48E1   |
    +------------------------------------------------------------------------------------------------------------------------+--------------------+

    +------------------------------------------------------------------------------------------------------------------------+--------------------+
    | Path5 Cells                                                                                                            | Primitive Type     |
    +------------------------------------------------------------------------------------------------------------------------+--------------------+
    | dw3_out_1_U/ram_reg                                                                                                    | BMEM.bram.RAMB18E1 |
    | grp_pw3_qat_fu_996/mul_7ns_8s_15_1_1_U658/tmp_product                                                                  | MULT.dsp.DSP48E1   |
    | grp_pw3_qat_fu_996/mac_muladd_8s_7ns_15s_16_4_1_U758/mobilenet_v1_qat_mac_muladd_8s_7ns_15s_16_4_1_DSP48_0_U/p_reg_reg | MULT.dsp.DSP48E1   |
    +------------------------------------------------------------------------------------------------------------------------+--------------------+


================================================================
== Place & Route Vivado Reports
================================================================
+--------------------------+--------------------------------------------------------------------------+
| Report Type              | Report Location                                                          |
+--------------------------+--------------------------------------------------------------------------+
| design_analysis          | impl/verilog/report/mobilenet_v1_qat_design_analysis_routed.rpt          |
| failfast                 | impl/verilog/report/mobilenet_v1_qat_failfast_routed.rpt                 |
| power                    | impl/verilog/report/mobilenet_v1_qat_power_routed.rpt                    |
| status                   | impl/verilog/report/mobilenet_v1_qat_status_routed.rpt                   |
| timing                   | impl/verilog/report/mobilenet_v1_qat_timing_routed.rpt                   |
| timing_paths             | impl/verilog/report/mobilenet_v1_qat_timing_paths_routed.rpt             |
| utilization              | impl/verilog/report/mobilenet_v1_qat_utilization_routed.rpt              |
| utilization_hierarchical | impl/verilog/report/mobilenet_v1_qat_utilization_hierarchical_routed.rpt |
+--------------------------+--------------------------------------------------------------------------+


