

================================================================
== Vitis HLS Report for 'conv0'
================================================================
* Date:           Sat Jun 27 09:58:15 2026

* Version:        2025.2 (Build 6295257 on Nov 14 2025)
* Project:        FP32_HLS
* Solution:       hls (Vivado IP Flow Target)
* Product family: zynq
* Target device:  xc7z045-ffg900-2


================================================================
== Performance Estimates
================================================================
+ Timing: 
    * Summary: 
    +--------+----------+----------+------------+
    |  Clock |  Target  | Estimated| Uncertainty|
    +--------+----------+----------+------------+
    |ap_clk  |  10.00 ns|  7.124 ns|     2.70 ns|
    +--------+----------+----------+------------+

+ Latency: 
    * Summary: 
    +---------+---------+----------+----------+-----+-----+-------------------+
    |  Latency (cycles) |  Latency (absolute) |  Interval |      Pipeline     |
    |   min   |   max   |    min   |    max   | min | max |        Type       |
    +---------+---------+----------+----------+-----+-----+-------------------+
    |    32921|    32921|  0.329 ms|  0.329 ms|    0|    0|  loop pipeline stp|
    +---------+---------+----------+----------+-----+-----+-------------------+

    + Detail: 
        * Instance: 
        N/A

        * Loop: 
        +------------------------------+---------+---------+----------+-----------+-----------+-------+----------+
        |                              |  Latency (cycles) | Iteration|  Initiation Interval  |  Trip |          |
        |           Loop Name          |   min   |   max   |  Latency |  achieved |   target  | Count | Pipelined|
        +------------------------------+---------+---------+----------+-----------+-----------+-------+----------+
        |- CONV0_OC_CONV0_OH_CONV0_OW  |    32919|    32919|       154|          2|          1|  16384|       yes|
        +------------------------------+---------+---------+----------+-----------+-----------+-------+----------+



================================================================
== Utilization Estimates
================================================================
* Summary: 
+-----------------+---------+-----+--------+--------+-----+
|       Name      | BRAM_18K| DSP |   FF   |   LUT  | URAM|
+-----------------+---------+-----+--------+--------+-----+
|DSP              |        -|    -|       -|       -|    -|
|Expression       |        -|    -|       0|     652|    -|
|FIFO             |        -|    -|       -|       -|    -|
|Instance         |        -|   16|     701|     977|    -|
|Memory           |       18|    -|       0|       0|    -|
|Multiplexer      |        -|    -|       0|    2876|    -|
|Register         |        -|    -|    7208|    1632|    -|
+-----------------+---------+-----+--------+--------+-----+
|Total            |       18|   16|    7909|    6137|    0|
+-----------------+---------+-----+--------+--------+-----+
|Available        |     1090|  900|  437200|  218600|    0|
+-----------------+---------+-----+--------+--------+-----+
|Utilization (%)  |        1|    1|       1|       2|    0|
+-----------------+---------+-----+--------+--------+-----+

+ Detail: 
    * Instance: 
    +---------------------------+-----------------------+---------+----+-----+-----+-----+
    |          Instance         |         Module        | BRAM_18K| DSP|  FF | LUT | URAM|
    +---------------------------+-----------------------+---------+----+-----+-----+-----+
    |mul_5ns_5ns_8_1_1_U90      |mul_5ns_5ns_8_1_1      |        0|   0|    0|   17|    0|
    |mul_5ns_5ns_8_1_1_U92      |mul_5ns_5ns_8_1_1      |        0|   0|    0|   17|    0|
    |mul_64ns_66ns_129_5_1_U58  |mul_64ns_66ns_129_5_1  |        0|  16|  441|  256|    0|
    |mul_6ns_8ns_13_1_1_U89     |mul_6ns_8ns_13_1_1     |        0|   0|    0|   41|    0|
    |mul_6ns_8ns_13_1_1_U91     |mul_6ns_8ns_13_1_1     |        0|   0|    0|   41|    0|
    |mul_6ns_8ns_13_1_1_U93     |mul_6ns_8ns_13_1_1     |        0|   0|    0|   41|    0|
    |mul_6ns_8ns_13_1_1_U94     |mul_6ns_8ns_13_1_1     |        0|   0|    0|   41|    0|
    |mul_8s_5ns_8_1_1_U88       |mul_8s_5ns_8_1_1       |        0|   0|    0|   41|    0|
    |sparsemux_7_2_32_1_1_U59   |sparsemux_7_2_32_1_1   |        0|   0|    0|    9|    0|
    |sparsemux_7_2_32_1_1_U60   |sparsemux_7_2_32_1_1   |        0|   0|    0|    9|    0|
    |sparsemux_7_2_32_1_1_U61   |sparsemux_7_2_32_1_1   |        0|   0|    0|    9|    0|
    |sparsemux_7_2_32_1_1_U62   |sparsemux_7_2_32_1_1   |        0|   0|    0|    9|    0|
    |sparsemux_7_2_32_1_1_U63   |sparsemux_7_2_32_1_1   |        0|   0|    0|    9|    0|
    |sparsemux_7_2_32_1_1_U64   |sparsemux_7_2_32_1_1   |        0|   0|    0|    9|    0|
    |sparsemux_7_2_32_1_1_U65   |sparsemux_7_2_32_1_1   |        0|   0|    0|    9|    0|
    |sparsemux_7_2_32_1_1_U66   |sparsemux_7_2_32_1_1   |        0|   0|    0|    9|    0|
    |sparsemux_7_2_32_1_1_U67   |sparsemux_7_2_32_1_1   |        0|   0|    0|    9|    0|
    |sparsemux_7_2_32_1_1_U68   |sparsemux_7_2_32_1_1   |        0|   0|    0|    9|    0|
    |sparsemux_7_2_32_1_1_U69   |sparsemux_7_2_32_1_1   |        0|   0|    0|    9|    0|
    |sparsemux_7_2_32_1_1_U70   |sparsemux_7_2_32_1_1   |        0|   0|    0|    9|    0|
    |sparsemux_7_2_32_1_1_U71   |sparsemux_7_2_32_1_1   |        0|   0|    0|    9|    0|
    |sparsemux_7_2_32_1_1_U72   |sparsemux_7_2_32_1_1   |        0|   0|    0|    9|    0|
    |sparsemux_7_2_32_1_1_U73   |sparsemux_7_2_32_1_1   |        0|   0|    0|    9|    0|
    |sparsemux_7_2_32_1_1_U74   |sparsemux_7_2_32_1_1   |        0|   0|    0|    9|    0|
    |sparsemux_7_2_32_1_1_U75   |sparsemux_7_2_32_1_1   |        0|   0|    0|    9|    0|
    |sparsemux_7_2_32_1_1_U76   |sparsemux_7_2_32_1_1   |        0|   0|    0|    9|    0|
    |sparsemux_7_2_32_1_1_U77   |sparsemux_7_2_32_1_1   |        0|   0|    0|    9|    0|
    |sparsemux_7_2_32_1_1_U78   |sparsemux_7_2_32_1_1   |        0|   0|    0|    9|    0|
    |sparsemux_7_2_32_1_1_U79   |sparsemux_7_2_32_1_1   |        0|   0|    0|    9|    0|
    |sparsemux_7_2_32_1_1_U80   |sparsemux_7_2_32_1_1   |        0|   0|    0|    9|    0|
    |sparsemux_7_2_32_1_1_U81   |sparsemux_7_2_32_1_1   |        0|   0|    0|    9|    0|
    |sparsemux_7_2_32_1_1_U82   |sparsemux_7_2_32_1_1   |        0|   0|    0|    9|    0|
    |sparsemux_7_2_32_1_1_U83   |sparsemux_7_2_32_1_1   |        0|   0|    0|    9|    0|
    |sparsemux_7_2_32_1_1_U84   |sparsemux_7_2_32_1_1   |        0|   0|    0|    9|    0|
    |sparsemux_7_2_32_1_1_U85   |sparsemux_7_2_32_1_1   |        0|   0|    0|    9|    0|
    |sparsemux_7_2_32_1_1_U95   |sparsemux_7_2_32_1_1   |        0|   0|    0|    9|    0|
    |sparsemux_7_2_32_1_1_U96   |sparsemux_7_2_32_1_1   |        0|   0|    0|    9|    0|
    |sparsemux_7_2_32_1_1_U97   |sparsemux_7_2_32_1_1   |        0|   0|    0|    9|    0|
    |sparsemux_7_2_32_1_1_U98   |sparsemux_7_2_32_1_1   |        0|   0|    0|    9|    0|
    |sparsemux_7_2_32_1_1_U99   |sparsemux_7_2_32_1_1   |        0|   0|    0|    9|    0|
    |sparsemux_7_2_32_1_1_U100  |sparsemux_7_2_32_1_1   |        0|   0|    0|    9|    0|
    |sparsemux_7_2_32_1_1_U101  |sparsemux_7_2_32_1_1   |        0|   0|    0|    9|    0|
    |sparsemux_7_2_32_1_1_U102  |sparsemux_7_2_32_1_1   |        0|   0|    0|    9|    0|
    |sparsemux_7_2_32_1_1_U103  |sparsemux_7_2_32_1_1   |        0|   0|    0|    9|    0|
    |urem_6ns_3ns_2_10_1_U86    |urem_6ns_3ns_2_10_1    |        0|   0|  130|   79|    0|
    |urem_6ns_3ns_2_10_1_U87    |urem_6ns_3ns_2_10_1    |        0|   0|  130|   79|    0|
    +---------------------------+-----------------------+---------+----+-----+-----+-----+
    |Total                      |                       |        0|  16|  701|  977|    0|
    +---------------------------+-----------------------+---------+----+-----+-----+-----+

    * DSP: 
    N/A

    * Memory: 
    +-----------------------------+------------------------------------------------+---------+---+----+-----+------+-----+------+-------------+
    |            Memory           |                     Module                     | BRAM_18K| FF| LUT| URAM| Words| Bits| Banks| W*Bits*Banks|
    +-----------------------------+------------------------------------------------+---------+---+----+-----+------+-----+------+-------------+
    |p_ZL13conv_0_weight_0_0_0_U  |conv0_p_ZL13conv_0_weight_0_0_0_ROM_2P_BRAM_1R  |        1|  0|   0|    0|    32|   32|     1|         1024|
    |p_ZL13conv_0_weight_0_0_1_U  |conv0_p_ZL13conv_0_weight_0_0_1_ROM_2P_BRAM_1R  |        1|  0|   0|    0|    32|   32|     1|         1024|
    |p_ZL13conv_0_weight_0_0_2_U  |conv0_p_ZL13conv_0_weight_0_0_2_ROM_2P_BRAM_1R  |        1|  0|   0|    0|    32|   32|     1|         1024|
    |p_ZL13conv_0_weight_0_1_0_U  |conv0_p_ZL13conv_0_weight_0_1_0_ROM_2P_BRAM_1R  |        1|  0|   0|    0|    32|   32|     1|         1024|
    |p_ZL13conv_0_weight_0_1_1_U  |conv0_p_ZL13conv_0_weight_0_1_1_ROM_2P_BRAM_1R  |        1|  0|   0|    0|    32|   32|     1|         1024|
    |p_ZL13conv_0_weight_0_1_2_U  |conv0_p_ZL13conv_0_weight_0_1_2_ROM_2P_BRAM_1R  |        1|  0|   0|    0|    32|   32|     1|         1024|
    |p_ZL13conv_0_weight_0_2_0_U  |conv0_p_ZL13conv_0_weight_0_2_0_ROM_2P_BRAM_1R  |        1|  0|   0|    0|    32|   32|     1|         1024|
    |p_ZL13conv_0_weight_0_2_1_U  |conv0_p_ZL13conv_0_weight_0_2_1_ROM_2P_BRAM_1R  |        1|  0|   0|    0|    32|   32|     1|         1024|
    |p_ZL13conv_0_weight_0_2_2_U  |conv0_p_ZL13conv_0_weight_0_2_2_ROM_2P_BRAM_1R  |        1|  0|   0|    0|    32|   32|     1|         1024|
    |p_ZL13conv_0_weight_1_0_0_U  |conv0_p_ZL13conv_0_weight_1_0_0_ROM_2P_BRAM_1R  |        1|  0|   0|    0|    32|   32|     1|         1024|
    |p_ZL13conv_0_weight_1_0_1_U  |conv0_p_ZL13conv_0_weight_1_0_1_ROM_2P_BRAM_1R  |        1|  0|   0|    0|    32|   32|     1|         1024|
    |p_ZL13conv_0_weight_1_0_2_U  |conv0_p_ZL13conv_0_weight_1_0_2_ROM_2P_BRAM_1R  |        1|  0|   0|    0|    32|   32|     1|         1024|
    |p_ZL13conv_0_weight_1_1_0_U  |conv0_p_ZL13conv_0_weight_1_1_0_ROM_2P_BRAM_1R  |        1|  0|   0|    0|    32|   32|     1|         1024|
    |p_ZL13conv_0_weight_1_1_1_U  |conv0_p_ZL13conv_0_weight_1_1_1_ROM_2P_BRAM_1R  |        1|  0|   0|    0|    32|   32|     1|         1024|
    |p_ZL13conv_0_weight_1_1_2_U  |conv0_p_ZL13conv_0_weight_1_1_2_ROM_2P_BRAM_1R  |        1|  0|   0|    0|    32|   32|     1|         1024|
    |p_ZL13conv_0_weight_1_2_0_U  |conv0_p_ZL13conv_0_weight_1_2_0_ROM_2P_BRAM_1R  |        1|  0|   0|    0|    32|   32|     1|         1024|
    |p_ZL13conv_0_weight_1_2_1_U  |conv0_p_ZL13conv_0_weight_1_2_1_ROM_2P_BRAM_1R  |        1|  0|   0|    0|    32|   32|     1|         1024|
    |p_ZL13conv_0_weight_1_2_2_U  |conv0_p_ZL13conv_0_weight_1_2_2_ROM_2P_BRAM_1R  |        1|  0|   0|    0|    32|   32|     1|         1024|
    +-----------------------------+------------------------------------------------+---------+---+----+-----+------+-----+------+-------------+
    |Total                        |                                                |       18|  0|   0|    0|   576|  576|    18|        18432|
    +-----------------------------+------------------------------------------------+---------+---+----+-----+------+-----+------+-------------+

    * FIFO: 
    N/A

    * Expression: 
    +----------------------------+----------+----+---+----+------------+------------+
    |        Variable Name       | Operation| DSP| FF| LUT| Bitwidth P0| Bitwidth P1|
    +----------------------------+----------+----+---+----+------------+------------+
    |add_ln12_2_fu_3781_p2       |         +|   0|  0|  15|          15|           1|
    |add_ln12_fu_4182_p2         |         +|   0|  0|   7|           5|           1|
    |add_ln13_fu_3963_p2         |         +|   0|  0|  12|          12|           1|
    |add_ln23_1_fu_4035_p2       |         +|   0|  0|   6|           6|           1|
    |add_ln23_2_fu_3825_p2       |         +|   0|  0|   6|           6|           1|
    |add_ln23_3_fu_4047_p2       |         +|   0|  0|   6|           6|           2|
    |add_ln23_fu_3928_p2         |         +|   0|  0|   6|           6|           2|
    |add_ln24_1_fu_3950_p2       |         +|   0|  0|   6|           6|           1|
    |add_ln24_fu_4013_p2         |         +|   0|  0|   6|           6|           2|
    |add_ln26_10_fu_4349_p2      |         +|   0|  0|   8|           8|           8|
    |add_ln26_11_fu_4585_p2      |         +|   0|  0|   8|           8|           8|
    |add_ln26_12_fu_4375_p2      |         +|   0|  0|   8|           8|           8|
    |add_ln26_13_fu_4603_p2      |         +|   0|  0|   8|           8|           8|
    |add_ln26_14_fu_4401_p2      |         +|   0|  0|   8|           8|           8|
    |add_ln26_15_fu_4621_p2      |         +|   0|  0|   8|           8|           8|
    |add_ln26_16_fu_4430_p2      |         +|   0|  0|   8|           8|           8|
    |add_ln26_17_fu_4677_p2      |         +|   0|  0|   8|           8|           8|
    |add_ln26_18_fu_4457_p2      |         +|   0|  0|   8|           8|           8|
    |add_ln26_19_fu_4695_p2      |         +|   0|  0|   8|           8|           8|
    |add_ln26_20_fu_4484_p2      |         +|   0|  0|   8|           8|           8|
    |add_ln26_21_fu_4713_p2      |         +|   0|  0|   8|           8|           8|
    |add_ln26_2_fu_4521_p2       |         +|   0|  0|   8|           8|           7|
    |add_ln26_3_fu_4526_p2       |         +|   0|  0|   8|           8|           7|
    |add_ln26_4_fu_4268_p2       |         +|   0|  0|   8|           8|           8|
    |add_ln26_5_fu_4531_p2       |         +|   0|  0|   8|           8|           8|
    |add_ln26_6_fu_4295_p2       |         +|   0|  0|   8|           8|           8|
    |add_ln26_7_fu_4549_p2       |         +|   0|  0|   8|           8|           8|
    |add_ln26_8_fu_4322_p2       |         +|   0|  0|   8|           8|           8|
    |add_ln26_9_fu_4567_p2       |         +|   0|  0|   8|           8|           8|
    |add_ln26_fu_4516_p2         |         +|   0|  0|   8|           8|           7|
    |add_ln31_fu_4259_p2         |         +|   0|  0|   9|           9|           9|
    |and_ln12_fu_3819_p2         |       and|   0|  0|   1|           1|           1|
    |ap_condition_3525           |       and|   0|  0|   1|           1|           1|
    |ap_condition_3543           |       and|   0|  0|   1|           1|           1|
    |ap_condition_3554           |       and|   0|  0|   1|           1|           1|
    |ap_condition_3557           |       and|   0|  0|   1|           1|           1|
    |ap_condition_3562           |       and|   0|  0|   1|           1|           1|
    |ap_condition_3565           |       and|   0|  0|   1|           1|           1|
    |ap_condition_3570           |       and|   0|  0|   1|           1|           1|
    |ap_condition_3573           |       and|   0|  0|   1|           1|           1|
    |ap_condition_3577           |       and|   0|  0|   1|           1|           1|
    |ap_condition_3580           |       and|   0|  0|   1|           1|           1|
    |ap_condition_3584           |       and|   0|  0|   1|           1|           1|
    |ap_condition_3587           |       and|   0|  0|   1|           1|           1|
    |ap_condition_3591           |       and|   0|  0|   1|           1|           1|
    |ap_condition_3593           |       and|   0|  0|   1|           1|           1|
    |ap_condition_3598           |       and|   0|  0|   1|           1|           1|
    |ap_condition_3600           |       and|   0|  0|   1|           1|           1|
    |ap_condition_3604           |       and|   0|  0|   1|           1|           1|
    |ap_condition_3606           |       and|   0|  0|   1|           1|           1|
    |ap_condition_3610           |       and|   0|  0|   1|           1|           1|
    |ap_condition_3616           |       and|   0|  0|   1|           1|           1|
    |ap_condition_3620           |       and|   0|  0|   1|           1|           1|
    |ap_condition_3623           |       and|   0|  0|   1|           1|           1|
    |ap_condition_3626           |       and|   0|  0|   1|           1|           1|
    |ap_condition_3628           |       and|   0|  0|   1|           1|           1|
    |ap_condition_3630           |       and|   0|  0|   1|           1|           1|
    |ap_condition_3632           |       and|   0|  0|   1|           1|           1|
    |ap_condition_3634           |       and|   0|  0|   1|           1|           1|
    |ap_condition_3636           |       and|   0|  0|   1|           1|           1|
    |ap_condition_3642           |       and|   0|  0|   1|           1|           1|
    |ap_condition_3646           |       and|   0|  0|   1|           1|           1|
    |ap_condition_3649           |       and|   0|  0|   1|           1|           1|
    |ap_condition_3652           |       and|   0|  0|   1|           1|           1|
    |ap_condition_3654           |       and|   0|  0|   1|           1|           1|
    |ap_condition_3656           |       and|   0|  0|   1|           1|           1|
    |ap_condition_3658           |       and|   0|  0|   1|           1|           1|
    |ap_condition_3660           |       and|   0|  0|   1|           1|           1|
    |ap_condition_3662           |       and|   0|  0|   1|           1|           1|
    |icmp_ln12_fu_3775_p2        |      icmp|   0|  0|  16|          15|          16|
    |icmp_ln13_fu_3793_p2        |      icmp|   0|  0|  12|          12|          11|
    |icmp_ln14_fu_3813_p2        |      icmp|   0|  0|   7|           6|           7|
    |empty_fu_3831_p2            |        or|   0|  0|   1|           1|           1|
    |or_ln25_1_fu_4890_p2        |        or|   0|  0|   6|           6|           6|
    |or_ln25_2_fu_4921_p2        |        or|   0|  0|   6|           6|           6|
    |or_ln25_3_fu_4946_p2        |        or|   0|  0|   6|           6|           6|
    |or_ln25_fu_4864_p2          |        or|   0|  0|   6|           6|           6|
    |acc_296_fu_4876_p3          |    select|   0|  0|  32|           1|           1|
    |acc_300_fu_4884_p3          |    select|   0|  0|  32|           1|          32|
    |acc_304_fu_4902_p3          |    select|   0|  0|  32|           1|          32|
    |acc_308_fu_4909_p3          |    select|   0|  0|  32|           1|          32|
    |acc_315_fu_4915_p3          |    select|   0|  0|  32|           1|          32|
    |acc_319_fu_4933_p3          |    select|   0|  0|  32|           1|          32|
    |acc_323_fu_4940_p3          |    select|   0|  0|  32|           1|          32|
    |acc_327_fu_4958_p3          |    select|   0|  0|  32|           1|          32|
    |add_ln23_1_mid2_fu_4052_p3  |    select|   0|  0|   6|           1|           6|
    |ow_mid2_fu_3837_p3          |    select|   0|  0|   6|           1|           1|
    |select_ln12_2_fu_4040_p3    |    select|   0|  0|   6|           1|           1|
    |select_ln12_3_fu_4188_p3    |    select|   0|  0|   5|           1|           5|
    |select_ln12_fu_3799_p3      |    select|   0|  0|   6|           1|           1|
    |select_ln13_2_fu_3968_p3    |    select|   0|  0|  12|           1|           1|
    |select_ln13_fu_3845_p3      |    select|   0|  0|   6|           1|           6|
    |ap_enable_pp0               |       xor|   0|  0|   2|           1|           2|
    |xor_ln12_fu_3807_p2         |       xor|   0|  0|   2|           1|           2|
    +----------------------------+----------+----+---+----+------------+------------+
    |Total                       |          |   0|  0| 652|         358|         533|
    +----------------------------+----------+----+---+----+------------+------------+

    * Multiplexer: 
    +-----------------------------------+----+-----------+-----+-----------+
    |                Name               | LUT| Input Size| Bits| Total Bits|
    +-----------------------------------+----+-----------+-----+-----------+
    |ap_NS_fsm                          |  13|          3|    1|          3|
    |ap_done_int                        |   9|          2|    1|          2|
    |ap_enable_reg_pp0_iter0            |   9|          2|    1|          2|
    |ap_enable_reg_pp0_iter1            |   9|          2|    1|          2|
    |ap_enable_reg_pp0_iter77           |   9|          2|    1|          2|
    |ap_loop_exit_ready_pp0_iter10_reg  |   9|          2|    1|          2|
    |ap_loop_exit_ready_pp0_iter11_reg  |   9|          2|    1|          2|
    |ap_loop_exit_ready_pp0_iter12_reg  |   9|          2|    1|          2|
    |ap_loop_exit_ready_pp0_iter13_reg  |   9|          2|    1|          2|
    |ap_loop_exit_ready_pp0_iter14_reg  |   9|          2|    1|          2|
    |ap_loop_exit_ready_pp0_iter15_reg  |   9|          2|    1|          2|
    |ap_loop_exit_ready_pp0_iter16_reg  |   9|          2|    1|          2|
    |ap_loop_exit_ready_pp0_iter17_reg  |   9|          2|    1|          2|
    |ap_loop_exit_ready_pp0_iter18_reg  |   9|          2|    1|          2|
    |ap_loop_exit_ready_pp0_iter19_reg  |   9|          2|    1|          2|
    |ap_loop_exit_ready_pp0_iter1_reg   |   9|          2|    1|          2|
    |ap_loop_exit_ready_pp0_iter20_reg  |   9|          2|    1|          2|
    |ap_loop_exit_ready_pp0_iter21_reg  |   9|          2|    1|          2|
    |ap_loop_exit_ready_pp0_iter22_reg  |   9|          2|    1|          2|
    |ap_loop_exit_ready_pp0_iter23_reg  |   9|          2|    1|          2|
    |ap_loop_exit_ready_pp0_iter24_reg  |   9|          2|    1|          2|
    |ap_loop_exit_ready_pp0_iter25_reg  |   9|          2|    1|          2|
    |ap_loop_exit_ready_pp0_iter26_reg  |   9|          2|    1|          2|
    |ap_loop_exit_ready_pp0_iter27_reg  |   9|          2|    1|          2|
    |ap_loop_exit_ready_pp0_iter28_reg  |   9|          2|    1|          2|
    |ap_loop_exit_ready_pp0_iter29_reg  |   9|          2|    1|          2|
    |ap_loop_exit_ready_pp0_iter2_reg   |   9|          2|    1|          2|
    |ap_loop_exit_ready_pp0_iter30_reg  |   9|          2|    1|          2|
    |ap_loop_exit_ready_pp0_iter31_reg  |   9|          2|    1|          2|
    |ap_loop_exit_ready_pp0_iter32_reg  |   9|          2|    1|          2|
    |ap_loop_exit_ready_pp0_iter33_reg  |   9|          2|    1|          2|
    |ap_loop_exit_ready_pp0_iter34_reg  |   9|          2|    1|          2|
    |ap_loop_exit_ready_pp0_iter35_reg  |   9|          2|    1|          2|
    |ap_loop_exit_ready_pp0_iter36_reg  |   9|          2|    1|          2|
    |ap_loop_exit_ready_pp0_iter37_reg  |   9|          2|    1|          2|
    |ap_loop_exit_ready_pp0_iter38_reg  |   9|          2|    1|          2|
    |ap_loop_exit_ready_pp0_iter39_reg  |   9|          2|    1|          2|
    |ap_loop_exit_ready_pp0_iter3_reg   |   9|          2|    1|          2|
    |ap_loop_exit_ready_pp0_iter40_reg  |   9|          2|    1|          2|
    |ap_loop_exit_ready_pp0_iter41_reg  |   9|          2|    1|          2|
    |ap_loop_exit_ready_pp0_iter42_reg  |   9|          2|    1|          2|
    |ap_loop_exit_ready_pp0_iter43_reg  |   9|          2|    1|          2|
    |ap_loop_exit_ready_pp0_iter44_reg  |   9|          2|    1|          2|
    |ap_loop_exit_ready_pp0_iter45_reg  |   9|          2|    1|          2|
    |ap_loop_exit_ready_pp0_iter46_reg  |   9|          2|    1|          2|
    |ap_loop_exit_ready_pp0_iter47_reg  |   9|          2|    1|          2|
    |ap_loop_exit_ready_pp0_iter48_reg  |   9|          2|    1|          2|
    |ap_loop_exit_ready_pp0_iter49_reg  |   9|          2|    1|          2|
    |ap_loop_exit_ready_pp0_iter4_reg   |   9|          2|    1|          2|
    |ap_loop_exit_ready_pp0_iter50_reg  |   9|          2|    1|          2|
    |ap_loop_exit_ready_pp0_iter51_reg  |   9|          2|    1|          2|
    |ap_loop_exit_ready_pp0_iter52_reg  |   9|          2|    1|          2|
    |ap_loop_exit_ready_pp0_iter53_reg  |   9|          2|    1|          2|
    |ap_loop_exit_ready_pp0_iter54_reg  |   9|          2|    1|          2|
    |ap_loop_exit_ready_pp0_iter55_reg  |   9|          2|    1|          2|
    |ap_loop_exit_ready_pp0_iter56_reg  |   9|          2|    1|          2|
    |ap_loop_exit_ready_pp0_iter57_reg  |   9|          2|    1|          2|
    |ap_loop_exit_ready_pp0_iter58_reg  |   9|          2|    1|          2|
    |ap_loop_exit_ready_pp0_iter59_reg  |   9|          2|    1|          2|
    |ap_loop_exit_ready_pp0_iter5_reg   |   9|          2|    1|          2|
    |ap_loop_exit_ready_pp0_iter60_reg  |   9|          2|    1|          2|
    |ap_loop_exit_ready_pp0_iter61_reg  |   9|          2|    1|          2|
    |ap_loop_exit_ready_pp0_iter62_reg  |   9|          2|    1|          2|
    |ap_loop_exit_ready_pp0_iter63_reg  |   9|          2|    1|          2|
    |ap_loop_exit_ready_pp0_iter64_reg  |   9|          2|    1|          2|
    |ap_loop_exit_ready_pp0_iter65_reg  |   9|          2|    1|          2|
    |ap_loop_exit_ready_pp0_iter66_reg  |   9|          2|    1|          2|
    |ap_loop_exit_ready_pp0_iter67_reg  |   9|          2|    1|          2|
    |ap_loop_exit_ready_pp0_iter68_reg  |   9|          2|    1|          2|
    |ap_loop_exit_ready_pp0_iter69_reg  |   9|          2|    1|          2|
    |ap_loop_exit_ready_pp0_iter6_reg   |   9|          2|    1|          2|
    |ap_loop_exit_ready_pp0_iter70_reg  |   9|          2|    1|          2|
    |ap_loop_exit_ready_pp0_iter71_reg  |   9|          2|    1|          2|
    |ap_loop_exit_ready_pp0_iter72_reg  |   9|          2|    1|          2|
    |ap_loop_exit_ready_pp0_iter73_reg  |   9|          2|    1|          2|
    |ap_loop_exit_ready_pp0_iter74_reg  |   9|          2|    1|          2|
    |ap_loop_exit_ready_pp0_iter75_reg  |   9|          2|    1|          2|
    |ap_loop_exit_ready_pp0_iter76_reg  |   9|          2|    1|          2|
    |ap_loop_exit_ready_pp0_iter7_reg   |   9|          2|    1|          2|
    |ap_loop_exit_ready_pp0_iter8_reg   |   9|          2|    1|          2|
    |ap_loop_exit_ready_pp0_iter9_reg   |   9|          2|    1|          2|
    |grp_fu_3108_p0                     |  13|          3|   32|         96|
    |grp_fu_3108_p1                     |  13|          3|   32|         96|
    |grp_fu_3113_p0                     |  13|          3|   32|         96|
    |grp_fu_3113_p1                     |  13|          3|   32|         96|
    |grp_fu_3117_p0                     |  13|          3|   32|         96|
    |grp_fu_3117_p1                     |  13|          3|   32|         96|
    |grp_fu_3121_p0                     |  13|          3|   32|         96|
    |grp_fu_3121_p1                     |  13|          3|   32|         96|
    |grp_fu_3125_p0                     |  13|          3|   32|         96|
    |grp_fu_3125_p1                     |  13|          3|   32|         96|
    |grp_fu_3129_p0                     |  13|          3|   32|         96|
    |grp_fu_3129_p1                     |  13|          3|   32|         96|
    |grp_fu_3133_p0                     |  13|          3|   32|         96|
    |grp_fu_3133_p1                     |  13|          3|   32|         96|
    |grp_fu_3137_p0                     |  13|          3|   32|         96|
    |grp_fu_3137_p1                     |  13|          3|   32|         96|
    |grp_fu_3141_p0                     |  13|          3|   32|         96|
    |grp_fu_3141_p1                     |  13|          3|   32|         96|
    |grp_fu_3145_p0                     |  13|          3|   32|         96|
    |grp_fu_3145_p1                     |  13|          3|   32|         96|
    |grp_fu_3149_p0                     |  13|          3|   32|         96|
    |grp_fu_3149_p1                     |  13|          3|   32|         96|
    |grp_fu_3153_p0                     |  13|          3|   32|         96|
    |grp_fu_3153_p1                     |  13|          3|   32|         96|
    |grp_fu_3157_p0                     |  13|          3|   32|         96|
    |grp_fu_3157_p1                     |  13|          3|   32|         96|
    |grp_fu_3165_p0                     |  13|          3|   32|         96|
    |grp_fu_3165_p1                     |  13|          3|   32|         96|
    |grp_fu_3169_p0                     |  13|          3|   32|         96|
    |grp_fu_3169_p1                     |  13|          3|   32|         96|
    |grp_fu_3173_p0                     |  13|          3|   32|         96|
    |grp_fu_3173_p1                     |  13|          3|   32|         96|
    |grp_fu_3177_p0                     |  13|          3|   32|         96|
    |grp_fu_3177_p1                     |  13|          3|   32|         96|
    |grp_fu_3181_p0                     |  13|          3|   32|         96|
    |grp_fu_3181_p1                     |  13|          3|   32|         96|
    |grp_fu_3185_p0                     |  13|          3|   32|         96|
    |grp_fu_3185_p1                     |  13|          3|   32|         96|
    |grp_fu_3189_p0                     |  13|          3|   32|         96|
    |grp_fu_3189_p1                     |  13|          3|   32|         96|
    |grp_fu_3193_p0                     |  13|          3|   32|         96|
    |grp_fu_3193_p1                     |  13|          3|   32|         96|
    |grp_fu_3197_p0                     |  13|          3|   32|         96|
    |grp_fu_3197_p1                     |  13|          3|   32|         96|
    |grp_fu_3201_p0                     |  13|          3|   32|         96|
    |grp_fu_3201_p1                     |  13|          3|   32|         96|
    |grp_fu_3205_p0                     |  13|          3|   32|         96|
    |grp_fu_3205_p1                     |  13|          3|   32|         96|
    |grp_fu_3209_p0                     |  13|          3|   32|         96|
    |grp_fu_3209_p1                     |  13|          3|   32|         96|
    |grp_fu_3213_p0                     |  13|          3|   32|         96|
    |grp_fu_3213_p1                     |  13|          3|   32|         96|
    |grp_fu_3231_p8                     |  13|          3|    2|          6|
    |grp_fu_3250_p8                     |  13|          3|    2|          6|
    |grp_fu_3269_p8                     |  13|          3|    2|          6|
    |grp_fu_3288_p8                     |  13|          3|    2|          6|
    |grp_fu_3364_p8                     |  13|          3|    2|          6|
    |grp_fu_3383_p8                     |  13|          3|    2|          6|
    |grp_fu_3402_p8                     |  13|          3|    2|          6|
    |grp_fu_3421_p8                     |  13|          3|    2|          6|
    |grp_fu_3497_p8                     |  13|          3|    2|          6|
    |grp_fu_3516_p8                     |  13|          3|    2|          6|
    |grp_fu_3535_p8                     |  13|          3|    2|          6|
    |grp_fu_3554_p8                     |  13|          3|    2|          6|
    |grp_fu_3630_p8                     |  13|          3|    2|          6|
    |grp_fu_3649_p8                     |  13|          3|    2|          6|
    |grp_fu_3668_p8                     |  13|          3|    2|          6|
    |grp_fu_3687_p8                     |  13|          3|    2|          6|
    |grp_fu_3706_p8                     |  13|          3|    2|          6|
    |grp_fu_3725_p8                     |  13|          3|    2|          6|
    |ifmap_0_0_0_address0_local         |  91|         19|    8|        152|
    |ifmap_0_0_1_address0_local         |  91|         19|    8|        152|
    |ifmap_0_0_2_address0_local         |  91|         19|    8|        152|
    |ifmap_0_1_0_address0_local         |  91|         19|    8|        152|
    |ifmap_0_1_1_address0_local         |  91|         19|    8|        152|
    |ifmap_0_1_2_address0_local         |  91|         19|    8|        152|
    |ifmap_0_2_0_address0_local         |  91|         19|    8|        152|
    |ifmap_0_2_1_address0_local         |  91|         19|    8|        152|
    |ifmap_0_2_2_address0_local         |  91|         19|    8|        152|
    |ifmap_1_0_0_address0_local         |  41|         10|    8|         80|
    |ifmap_1_0_1_address0_local         |  41|         10|    8|         80|
    |ifmap_1_0_2_address0_local         |  41|         10|    8|         80|
    |ifmap_1_1_0_address0_local         |  41|         10|    8|         80|
    |ifmap_1_1_1_address0_local         |  41|         10|    8|         80|
    |ifmap_1_1_2_address0_local         |  41|         10|    8|         80|
    |ifmap_1_2_0_address0_local         |  41|         10|    8|         80|
    |ifmap_1_2_1_address0_local         |  41|         10|    8|         80|
    |ifmap_1_2_2_address0_local         |  41|         10|    8|         80|
    |indvar_flatten14_fu_312            |   9|          2|   15|         30|
    |indvar_flatten_fu_304              |   9|          2|   12|         24|
    |iw_fu_296                          |   9|          2|    6|         12|
    |oc_fu_308                          |   9|          2|    5|         10|
    |oh_fu_300                          |   9|          2|    6|         12|
    +-----------------------------------+----+-----------+-----+-----------+
    |Total                              |2876|        644| 1969|       7439|
    +-----------------------------------+----+-----------+-----+-----------+

    * Register: 
    +-------------------------------------------+----+----+-----+-----------+
    |                    Name                   | FF | LUT| Bits| Const Bits|
    +-------------------------------------------+----+----+-----+-----------+
    |acc_294_reg_7030                           |  32|   0|   32|          0|
    |acc_295_reg_7035                           |  32|   0|   32|          0|
    |acc_296_reg_7040                           |  32|   0|   32|          0|
    |acc_297_reg_7046                           |  32|   0|   32|          0|
    |acc_298_reg_7051                           |  32|   0|   32|          0|
    |acc_300_reg_7056                           |  32|   0|   32|          0|
    |acc_301_reg_7062                           |  32|   0|   32|          0|
    |acc_302_reg_7067                           |  32|   0|   32|          0|
    |acc_304_reg_7072                           |  32|   0|   32|          0|
    |acc_305_reg_7078                           |  32|   0|   32|          0|
    |acc_306_reg_7083                           |  32|   0|   32|          0|
    |acc_308_reg_7088                           |  32|   0|   32|          0|
    |acc_309_reg_7093                           |  32|   0|   32|          0|
    |acc_310_reg_7098                           |  32|   0|   32|          0|
    |acc_311_reg_7103                           |  32|   0|   32|          0|
    |acc_312_reg_7109                           |  32|   0|   32|          0|
    |acc_313_reg_7114                           |  32|   0|   32|          0|
    |acc_315_reg_7119                           |  32|   0|   32|          0|
    |acc_316_reg_7125                           |  32|   0|   32|          0|
    |acc_317_reg_7130                           |  32|   0|   32|          0|
    |acc_319_reg_7135                           |  32|   0|   32|          0|
    |acc_320_reg_7141                           |  32|   0|   32|          0|
    |acc_321_reg_7146                           |  32|   0|   32|          0|
    |acc_323_reg_7151                           |  32|   0|   32|          0|
    |acc_324_reg_7157                           |  32|   0|   32|          0|
    |acc_325_reg_7162                           |  32|   0|   32|          0|
    |acc_327_reg_7167                           |  32|   0|   32|          0|
    |acc_reg_7025                               |  32|   0|   32|          0|
    |add_ln12_2_reg_5044                        |  15|   0|   15|          0|
    |add_ln23_1_mid2_reg_5149                   |   6|   0|    6|          0|
    |add_ln23_reg_5092                          |   6|   0|    6|          0|
    |add_ln24_1_reg_5108                        |   6|   0|    6|          0|
    |add_ln24_reg_5133                          |   6|   0|    6|          0|
    |add_ln31_reg_5386                          |   9|   0|    9|          0|
    |and_ln12_reg_5066                          |   1|   0|    1|          0|
    |ap_CS_fsm                                  |   2|   0|    2|          0|
    |ap_done_reg                                |   1|   0|    1|          0|
    |ap_enable_reg_pp0_iter0_reg                |   1|   0|    1|          0|
    |ap_enable_reg_pp0_iter1                    |   1|   0|    1|          0|
    |ap_enable_reg_pp0_iter10                   |   1|   0|    1|          0|
    |ap_enable_reg_pp0_iter11                   |   1|   0|    1|          0|
    |ap_enable_reg_pp0_iter12                   |   1|   0|    1|          0|
    |ap_enable_reg_pp0_iter13                   |   1|   0|    1|          0|
    |ap_enable_reg_pp0_iter14                   |   1|   0|    1|          0|
    |ap_enable_reg_pp0_iter15                   |   1|   0|    1|          0|
    |ap_enable_reg_pp0_iter16                   |   1|   0|    1|          0|
    |ap_enable_reg_pp0_iter17                   |   1|   0|    1|          0|
    |ap_enable_reg_pp0_iter18                   |   1|   0|    1|          0|
    |ap_enable_reg_pp0_iter19                   |   1|   0|    1|          0|
    |ap_enable_reg_pp0_iter2                    |   1|   0|    1|          0|
    |ap_enable_reg_pp0_iter20                   |   1|   0|    1|          0|
    |ap_enable_reg_pp0_iter21                   |   1|   0|    1|          0|
    |ap_enable_reg_pp0_iter22                   |   1|   0|    1|          0|
    |ap_enable_reg_pp0_iter23                   |   1|   0|    1|          0|
    |ap_enable_reg_pp0_iter24                   |   1|   0|    1|          0|
    |ap_enable_reg_pp0_iter25                   |   1|   0|    1|          0|
    |ap_enable_reg_pp0_iter26                   |   1|   0|    1|          0|
    |ap_enable_reg_pp0_iter27                   |   1|   0|    1|          0|
    |ap_enable_reg_pp0_iter28                   |   1|   0|    1|          0|
    |ap_enable_reg_pp0_iter29                   |   1|   0|    1|          0|
    |ap_enable_reg_pp0_iter3                    |   1|   0|    1|          0|
    |ap_enable_reg_pp0_iter30                   |   1|   0|    1|          0|
    |ap_enable_reg_pp0_iter31                   |   1|   0|    1|          0|
    |ap_enable_reg_pp0_iter32                   |   1|   0|    1|          0|
    |ap_enable_reg_pp0_iter33                   |   1|   0|    1|          0|
    |ap_enable_reg_pp0_iter34                   |   1|   0|    1|          0|
    |ap_enable_reg_pp0_iter35                   |   1|   0|    1|          0|
    |ap_enable_reg_pp0_iter36                   |   1|   0|    1|          0|
    |ap_enable_reg_pp0_iter37                   |   1|   0|    1|          0|
    |ap_enable_reg_pp0_iter38                   |   1|   0|    1|          0|
    |ap_enable_reg_pp0_iter39                   |   1|   0|    1|          0|
    |ap_enable_reg_pp0_iter4                    |   1|   0|    1|          0|
    |ap_enable_reg_pp0_iter40                   |   1|   0|    1|          0|
    |ap_enable_reg_pp0_iter41                   |   1|   0|    1|          0|
    |ap_enable_reg_pp0_iter42                   |   1|   0|    1|          0|
    |ap_enable_reg_pp0_iter43                   |   1|   0|    1|          0|
    |ap_enable_reg_pp0_iter44                   |   1|   0|    1|          0|
    |ap_enable_reg_pp0_iter45                   |   1|   0|    1|          0|
    |ap_enable_reg_pp0_iter46                   |   1|   0|    1|          0|
    |ap_enable_reg_pp0_iter47                   |   1|   0|    1|          0|
    |ap_enable_reg_pp0_iter48                   |   1|   0|    1|          0|
    |ap_enable_reg_pp0_iter49                   |   1|   0|    1|          0|
    |ap_enable_reg_pp0_iter5                    |   1|   0|    1|          0|
    |ap_enable_reg_pp0_iter50                   |   1|   0|    1|          0|
    |ap_enable_reg_pp0_iter51                   |   1|   0|    1|          0|
    |ap_enable_reg_pp0_iter52                   |   1|   0|    1|          0|
    |ap_enable_reg_pp0_iter53                   |   1|   0|    1|          0|
    |ap_enable_reg_pp0_iter54                   |   1|   0|    1|          0|
    |ap_enable_reg_pp0_iter55                   |   1|   0|    1|          0|
    |ap_enable_reg_pp0_iter56                   |   1|   0|    1|          0|
    |ap_enable_reg_pp0_iter57                   |   1|   0|    1|          0|
    |ap_enable_reg_pp0_iter58                   |   1|   0|    1|          0|
    |ap_enable_reg_pp0_iter59                   |   1|   0|    1|          0|
    |ap_enable_reg_pp0_iter6                    |   1|   0|    1|          0|
    |ap_enable_reg_pp0_iter60                   |   1|   0|    1|          0|
    |ap_enable_reg_pp0_iter61                   |   1|   0|    1|          0|
    |ap_enable_reg_pp0_iter62                   |   1|   0|    1|          0|
    |ap_enable_reg_pp0_iter63                   |   1|   0|    1|          0|
    |ap_enable_reg_pp0_iter64                   |   1|   0|    1|          0|
    |ap_enable_reg_pp0_iter65                   |   1|   0|    1|          0|
    |ap_enable_reg_pp0_iter66                   |   1|   0|    1|          0|
    |ap_enable_reg_pp0_iter67                   |   1|   0|    1|          0|
    |ap_enable_reg_pp0_iter68                   |   1|   0|    1|          0|
    |ap_enable_reg_pp0_iter69                   |   1|   0|    1|          0|
    |ap_enable_reg_pp0_iter7                    |   1|   0|    1|          0|
    |ap_enable_reg_pp0_iter70                   |   1|   0|    1|          0|
    |ap_enable_reg_pp0_iter71                   |   1|   0|    1|          0|
    |ap_enable_reg_pp0_iter72                   |   1|   0|    1|          0|
    |ap_enable_reg_pp0_iter73                   |   1|   0|    1|          0|
    |ap_enable_reg_pp0_iter74                   |   1|   0|    1|          0|
    |ap_enable_reg_pp0_iter75                   |   1|   0|    1|          0|
    |ap_enable_reg_pp0_iter76                   |   1|   0|    1|          0|
    |ap_enable_reg_pp0_iter77                   |   1|   0|    1|          0|
    |ap_enable_reg_pp0_iter8                    |   1|   0|    1|          0|
    |ap_enable_reg_pp0_iter9                    |   1|   0|    1|          0|
    |ap_loop_exit_ready_pp0_iter10_reg          |   1|   0|    1|          0|
    |ap_loop_exit_ready_pp0_iter11_reg          |   1|   0|    1|          0|
    |ap_loop_exit_ready_pp0_iter12_reg          |   1|   0|    1|          0|
    |ap_loop_exit_ready_pp0_iter13_reg          |   1|   0|    1|          0|
    |ap_loop_exit_ready_pp0_iter14_reg          |   1|   0|    1|          0|
    |ap_loop_exit_ready_pp0_iter15_reg          |   1|   0|    1|          0|
    |ap_loop_exit_ready_pp0_iter16_reg          |   1|   0|    1|          0|
    |ap_loop_exit_ready_pp0_iter17_reg          |   1|   0|    1|          0|
    |ap_loop_exit_ready_pp0_iter18_reg          |   1|   0|    1|          0|
    |ap_loop_exit_ready_pp0_iter19_reg          |   1|   0|    1|          0|
    |ap_loop_exit_ready_pp0_iter1_reg           |   1|   0|    1|          0|
    |ap_loop_exit_ready_pp0_iter20_reg          |   1|   0|    1|          0|
    |ap_loop_exit_ready_pp0_iter21_reg          |   1|   0|    1|          0|
    |ap_loop_exit_ready_pp0_iter22_reg          |   1|   0|    1|          0|
    |ap_loop_exit_ready_pp0_iter23_reg          |   1|   0|    1|          0|
    |ap_loop_exit_ready_pp0_iter24_reg          |   1|   0|    1|          0|
    |ap_loop_exit_ready_pp0_iter25_reg          |   1|   0|    1|          0|
    |ap_loop_exit_ready_pp0_iter26_reg          |   1|   0|    1|          0|
    |ap_loop_exit_ready_pp0_iter27_reg          |   1|   0|    1|          0|
    |ap_loop_exit_ready_pp0_iter28_reg          |   1|   0|    1|          0|
    |ap_loop_exit_ready_pp0_iter29_reg          |   1|   0|    1|          0|
    |ap_loop_exit_ready_pp0_iter2_reg           |   1|   0|    1|          0|
    |ap_loop_exit_ready_pp0_iter30_reg          |   1|   0|    1|          0|
    |ap_loop_exit_ready_pp0_iter31_reg          |   1|   0|    1|          0|
    |ap_loop_exit_ready_pp0_iter32_reg          |   1|   0|    1|          0|
    |ap_loop_exit_ready_pp0_iter33_reg          |   1|   0|    1|          0|
    |ap_loop_exit_ready_pp0_iter34_reg          |   1|   0|    1|          0|
    |ap_loop_exit_ready_pp0_iter35_reg          |   1|   0|    1|          0|
    |ap_loop_exit_ready_pp0_iter36_reg          |   1|   0|    1|          0|
    |ap_loop_exit_ready_pp0_iter37_reg          |   1|   0|    1|          0|
    |ap_loop_exit_ready_pp0_iter38_reg          |   1|   0|    1|          0|
    |ap_loop_exit_ready_pp0_iter39_reg          |   1|   0|    1|          0|
    |ap_loop_exit_ready_pp0_iter3_reg           |   1|   0|    1|          0|
    |ap_loop_exit_ready_pp0_iter40_reg          |   1|   0|    1|          0|
    |ap_loop_exit_ready_pp0_iter41_reg          |   1|   0|    1|          0|
    |ap_loop_exit_ready_pp0_iter42_reg          |   1|   0|    1|          0|
    |ap_loop_exit_ready_pp0_iter43_reg          |   1|   0|    1|          0|
    |ap_loop_exit_ready_pp0_iter44_reg          |   1|   0|    1|          0|
    |ap_loop_exit_ready_pp0_iter45_reg          |   1|   0|    1|          0|
    |ap_loop_exit_ready_pp0_iter46_reg          |   1|   0|    1|          0|
    |ap_loop_exit_ready_pp0_iter47_reg          |   1|   0|    1|          0|
    |ap_loop_exit_ready_pp0_iter48_reg          |   1|   0|    1|          0|
    |ap_loop_exit_ready_pp0_iter49_reg          |   1|   0|    1|          0|
    |ap_loop_exit_ready_pp0_iter4_reg           |   1|   0|    1|          0|
    |ap_loop_exit_ready_pp0_iter50_reg          |   1|   0|    1|          0|
    |ap_loop_exit_ready_pp0_iter51_reg          |   1|   0|    1|          0|
    |ap_loop_exit_ready_pp0_iter52_reg          |   1|   0|    1|          0|
    |ap_loop_exit_ready_pp0_iter53_reg          |   1|   0|    1|          0|
    |ap_loop_exit_ready_pp0_iter54_reg          |   1|   0|    1|          0|
    |ap_loop_exit_ready_pp0_iter55_reg          |   1|   0|    1|          0|
    |ap_loop_exit_ready_pp0_iter56_reg          |   1|   0|    1|          0|
    |ap_loop_exit_ready_pp0_iter57_reg          |   1|   0|    1|          0|
    |ap_loop_exit_ready_pp0_iter58_reg          |   1|   0|    1|          0|
    |ap_loop_exit_ready_pp0_iter59_reg          |   1|   0|    1|          0|
    |ap_loop_exit_ready_pp0_iter5_reg           |   1|   0|    1|          0|
    |ap_loop_exit_ready_pp0_iter60_reg          |   1|   0|    1|          0|
    |ap_loop_exit_ready_pp0_iter61_reg          |   1|   0|    1|          0|
    |ap_loop_exit_ready_pp0_iter62_reg          |   1|   0|    1|          0|
    |ap_loop_exit_ready_pp0_iter63_reg          |   1|   0|    1|          0|
    |ap_loop_exit_ready_pp0_iter64_reg          |   1|   0|    1|          0|
    |ap_loop_exit_ready_pp0_iter65_reg          |   1|   0|    1|          0|
    |ap_loop_exit_ready_pp0_iter66_reg          |   1|   0|    1|          0|
    |ap_loop_exit_ready_pp0_iter67_reg          |   1|   0|    1|          0|
    |ap_loop_exit_ready_pp0_iter68_reg          |   1|   0|    1|          0|
    |ap_loop_exit_ready_pp0_iter69_reg          |   1|   0|    1|          0|
    |ap_loop_exit_ready_pp0_iter6_reg           |   1|   0|    1|          0|
    |ap_loop_exit_ready_pp0_iter70_reg          |   1|   0|    1|          0|
    |ap_loop_exit_ready_pp0_iter71_reg          |   1|   0|    1|          0|
    |ap_loop_exit_ready_pp0_iter72_reg          |   1|   0|    1|          0|
    |ap_loop_exit_ready_pp0_iter73_reg          |   1|   0|    1|          0|
    |ap_loop_exit_ready_pp0_iter74_reg          |   1|   0|    1|          0|
    |ap_loop_exit_ready_pp0_iter75_reg          |   1|   0|    1|          0|
    |ap_loop_exit_ready_pp0_iter76_reg          |   1|   0|    1|          0|
    |ap_loop_exit_ready_pp0_iter7_reg           |   1|   0|    1|          0|
    |ap_loop_exit_ready_pp0_iter8_reg           |   1|   0|    1|          0|
    |ap_loop_exit_ready_pp0_iter9_reg           |   1|   0|    1|          0|
    |ap_predicate_pred3543_state15              |   1|   0|    1|          0|
    |ap_predicate_pred3554_state15              |   1|   0|    1|          0|
    |ap_predicate_pred3557_state15              |   1|   0|    1|          0|
    |ap_predicate_pred3562_state15              |   1|   0|    1|          0|
    |ap_predicate_pred3565_state15              |   1|   0|    1|          0|
    |ap_predicate_pred3570_state15              |   1|   0|    1|          0|
    |ap_predicate_pred3573_state15              |   1|   0|    1|          0|
    |ap_predicate_pred3577_state15              |   1|   0|    1|          0|
    |ap_predicate_pred3580_state15              |   1|   0|    1|          0|
    |ap_predicate_pred3584_state15              |   1|   0|    1|          0|
    |ap_predicate_pred3587_state15              |   1|   0|    1|          0|
    |ap_predicate_pred3591_state15              |   1|   0|    1|          0|
    |ap_predicate_pred3593_state15              |   1|   0|    1|          0|
    |ap_predicate_pred3598_state15              |   1|   0|    1|          0|
    |ap_predicate_pred3600_state15              |   1|   0|    1|          0|
    |ap_predicate_pred3604_state15              |   1|   0|    1|          0|
    |ap_predicate_pred3606_state15              |   1|   0|    1|          0|
    |ap_predicate_pred3610_state15              |   1|   0|    1|          0|
    |ap_predicate_pred3616_state15              |   1|   0|    1|          0|
    |ap_predicate_pred3620_state15              |   1|   0|    1|          0|
    |ap_predicate_pred3623_state15              |   1|   0|    1|          0|
    |ap_predicate_pred3626_state15              |   1|   0|    1|          0|
    |ap_predicate_pred3628_state15              |   1|   0|    1|          0|
    |ap_predicate_pred3630_state15              |   1|   0|    1|          0|
    |ap_predicate_pred3632_state15              |   1|   0|    1|          0|
    |ap_predicate_pred3634_state15              |   1|   0|    1|          0|
    |ap_predicate_pred3636_state15              |   1|   0|    1|          0|
    |ap_predicate_pred3642_state15              |   1|   0|    1|          0|
    |ap_predicate_pred3646_state15              |   1|   0|    1|          0|
    |ap_predicate_pred3649_state15              |   1|   0|    1|          0|
    |ap_predicate_pred3652_state15              |   1|   0|    1|          0|
    |ap_predicate_pred3654_state15              |   1|   0|    1|          0|
    |ap_predicate_pred3656_state15              |   1|   0|    1|          0|
    |ap_predicate_pred3658_state15              |   1|   0|    1|          0|
    |ap_predicate_pred3660_state15              |   1|   0|    1|          0|
    |ap_predicate_pred3662_state15              |   1|   0|    1|          0|
    |ap_predicate_pred4352_state155             |   1|   0|    1|          0|
    |ap_predicate_pred4365_state155             |   1|   0|    1|          0|
    |ap_predicate_pred4378_state155             |   1|   0|    1|          0|
    |ap_predicate_pred4391_state155             |   1|   0|    1|          0|
    |ap_predicate_pred4404_state155             |   1|   0|    1|          0|
    |ap_predicate_pred4417_state155             |   1|   0|    1|          0|
    |ap_predicate_pred4430_state155             |   1|   0|    1|          0|
    |ap_predicate_pred4443_state155             |   1|   0|    1|          0|
    |ap_predicate_pred4456_state155             |   1|   0|    1|          0|
    |ap_predicate_pred4469_state155             |   1|   0|    1|          0|
    |ap_predicate_pred4482_state155             |   1|   0|    1|          0|
    |ap_predicate_pred4495_state155             |   1|   0|    1|          0|
    |ap_predicate_pred4508_state155             |   1|   0|    1|          0|
    |ap_predicate_pred4521_state155             |   1|   0|    1|          0|
    |ap_predicate_pred4534_state155             |   1|   0|    1|          0|
    |ap_predicate_pred4547_state155             |   1|   0|    1|          0|
    |ap_predicate_pred4560_state155             |   1|   0|    1|          0|
    |ap_predicate_pred4573_state155             |   1|   0|    1|          0|
    |ap_predicate_pred4586_state155             |   1|   0|    1|          0|
    |ap_predicate_pred4599_state155             |   1|   0|    1|          0|
    |ap_predicate_pred4612_state155             |   1|   0|    1|          0|
    |ap_predicate_pred4625_state155             |   1|   0|    1|          0|
    |ap_predicate_pred4638_state155             |   1|   0|    1|          0|
    |ap_predicate_pred4651_state155             |   1|   0|    1|          0|
    |ap_predicate_pred4664_state155             |   1|   0|    1|          0|
    |ap_predicate_pred4677_state155             |   1|   0|    1|          0|
    |ap_predicate_pred4690_state155             |   1|   0|    1|          0|
    |ap_predicate_pred4703_state155             |   1|   0|    1|          0|
    |ap_predicate_pred4716_state155             |   1|   0|    1|          0|
    |ap_predicate_pred4729_state155             |   1|   0|    1|          0|
    |ap_predicate_pred4741_state155             |   1|   0|    1|          0|
    |ap_predicate_pred4754_state155             |   1|   0|    1|          0|
    |icmp_ln12_reg_5040                         |   1|   0|    1|          0|
    |icmp_ln13_reg_5054                         |   1|   0|    1|          0|
    |indvar_flatten14_fu_312                    |  15|   0|   15|          0|
    |indvar_flatten_fu_304                      |  12|   0|   12|          0|
    |indvar_flatten_load_reg_5035               |  12|   0|   12|          0|
    |iw_fu_296                                  |   6|   0|    6|          0|
    |mul42_173_1_reg_6905                       |  32|   0|   32|          0|
    |mul42_173_2_reg_6965                       |  32|   0|   32|          0|
    |mul42_1_1_1_reg_6935                       |  32|   0|   32|          0|
    |mul42_1_1_2_reg_6980                       |  32|   0|   32|          0|
    |mul42_1_1_reg_6930                         |  32|   0|   32|          0|
    |mul42_1_2_1_reg_6945                       |  32|   0|   32|          0|
    |mul42_1_2_2_reg_6985                       |  32|   0|   32|          0|
    |mul42_1_2_reg_6940                         |  32|   0|   32|          0|
    |mul42_1_3_reg_6975                         |  32|   0|   32|          0|
    |mul42_1_reg_6920                           |  32|   0|   32|          0|
    |mul42_1_s_reg_6925                         |  32|   0|   32|          0|
    |mul42_289_1_reg_6915                       |  32|   0|   32|          0|
    |mul42_289_2_reg_6970                       |  32|   0|   32|          0|
    |mul42_2_1_1_reg_7000                       |  32|   0|   32|          0|
    |mul42_2_1_2_reg_7005                       |  32|   0|   32|          0|
    |mul42_2_1_reg_6995                         |  32|   0|   32|          0|
    |mul42_2_2_1_reg_7015                       |  32|   0|   32|          0|
    |mul42_2_2_2_reg_7020                       |  32|   0|   32|          0|
    |mul42_2_2_reg_7010                         |  32|   0|   32|          0|
    |mul42_2_3_reg_6990                         |  32|   0|   32|          0|
    |mul42_2_reg_6950                           |  32|   0|   32|          0|
    |mul42_2_s_reg_6955                         |  32|   0|   32|          0|
    |mul42_3_reg_6960                           |  32|   0|   32|          0|
    |mul42_4_reg_6900                           |  32|   0|   32|          0|
    |mul42_5_reg_6910                           |  32|   0|   32|          0|
    |mul42_s_reg_6895                           |  32|   0|   32|          0|
    |mul_ln26_1_reg_5125                        |   8|   0|    8|          0|
    |mul_ln26_2_reg_5179                        |   8|   0|    8|          0|
    |mul_ln26_2_reg_5179_pp0_iter6_reg          |   8|   0|    8|          0|
    |mul_ln26_reg_5166                          |   8|   0|    8|          0|
    |mul_ln26_reg_5166_pp0_iter6_reg            |   8|   0|    8|          0|
    |mul_reg_6890                               |  32|   0|   32|          0|
    |oc_fu_308                                  |   5|   0|    5|          0|
    |oh_fu_300                                  |   6|   0|    6|          0|
    |oh_load_reg_5049                           |   6|   0|    6|          0|
    |ow_mid2_reg_5071                           |   6|   0|    6|          0|
    |p_ZL13conv_0_weight_0_0_0_load_1_reg_6345  |  32|   0|   32|          0|
    |p_ZL13conv_0_weight_0_0_0_load_reg_6335    |  32|   0|   32|          0|
    |p_ZL13conv_0_weight_0_0_1_load_1_reg_6330  |  32|   0|   32|          0|
    |p_ZL13conv_0_weight_0_0_1_load_reg_6320    |  32|   0|   32|          0|
    |p_ZL13conv_0_weight_0_0_2_load_1_reg_6315  |  32|   0|   32|          0|
    |p_ZL13conv_0_weight_0_0_2_load_reg_6305    |  32|   0|   32|          0|
    |p_ZL13conv_0_weight_0_1_0_load_1_reg_6300  |  32|   0|   32|          0|
    |p_ZL13conv_0_weight_0_1_0_load_reg_6290    |  32|   0|   32|          0|
    |p_ZL13conv_0_weight_0_1_1_load_1_reg_6225  |  32|   0|   32|          0|
    |p_ZL13conv_0_weight_0_1_1_load_reg_6215    |  32|   0|   32|          0|
    |p_ZL13conv_0_weight_0_1_2_load_1_reg_6285  |  32|   0|   32|          0|
    |p_ZL13conv_0_weight_0_1_2_load_reg_6275    |  32|   0|   32|          0|
    |p_ZL13conv_0_weight_0_2_0_load_1_reg_6270  |  32|   0|   32|          0|
    |p_ZL13conv_0_weight_0_2_0_load_reg_6260    |  32|   0|   32|          0|
    |p_ZL13conv_0_weight_0_2_1_load_1_reg_6255  |  32|   0|   32|          0|
    |p_ZL13conv_0_weight_0_2_1_load_reg_6245    |  32|   0|   32|          0|
    |p_ZL13conv_0_weight_0_2_2_load_1_reg_6240  |  32|   0|   32|          0|
    |p_ZL13conv_0_weight_0_2_2_load_reg_6230    |  32|   0|   32|          0|
    |p_ZL13conv_0_weight_1_0_0_load_reg_6340    |  32|   0|   32|          0|
    |p_ZL13conv_0_weight_1_0_1_load_reg_6325    |  32|   0|   32|          0|
    |p_ZL13conv_0_weight_1_0_2_load_reg_6310    |  32|   0|   32|          0|
    |p_ZL13conv_0_weight_1_1_0_load_reg_6295    |  32|   0|   32|          0|
    |p_ZL13conv_0_weight_1_1_1_load_reg_6220    |  32|   0|   32|          0|
    |p_ZL13conv_0_weight_1_1_2_load_reg_6280    |  32|   0|   32|          0|
    |p_ZL13conv_0_weight_1_2_0_load_reg_6265    |  32|   0|   32|          0|
    |p_ZL13conv_0_weight_1_2_1_load_reg_6250    |  32|   0|   32|          0|
    |p_ZL13conv_0_weight_1_2_2_load_reg_6235    |  32|   0|   32|          0|
    |select_ln12_reg_5061                       |   6|   0|    6|          0|
    |select_ln13_reg_5079                       |   6|   0|    6|          0|
    |tmp_208_reg_6620                           |  32|   0|   32|          0|
    |tmp_212_reg_6625                           |  32|   0|   32|          0|
    |tmp_216_reg_6845                           |  32|   0|   32|          0|
    |tmp_220_reg_6630                           |  32|   0|   32|          0|
    |tmp_224_reg_6635                           |  32|   0|   32|          0|
    |tmp_228_reg_6850                           |  32|   0|   32|          0|
    |tmp_232_reg_6775                           |  32|   0|   32|          0|
    |tmp_236_reg_6780                           |  32|   0|   32|          0|
    |tmp_240_reg_6855                           |  32|   0|   32|          0|
    |tmp_244_reg_6785                           |  32|   0|   32|          0|
    |tmp_248_reg_6790                           |  32|   0|   32|          0|
    |tmp_252_reg_6860                           |  32|   0|   32|          0|
    |tmp_256_reg_6795                           |  32|   0|   32|          0|
    |tmp_260_reg_6800                           |  32|   0|   32|          0|
    |tmp_264_reg_6865                           |  32|   0|   32|          0|
    |tmp_268_reg_6805                           |  32|   0|   32|          0|
    |tmp_272_reg_6810                           |  32|   0|   32|          0|
    |tmp_276_reg_6870                           |  32|   0|   32|          0|
    |tmp_280_reg_6815                           |  32|   0|   32|          0|
    |tmp_284_reg_6820                           |  32|   0|   32|          0|
    |tmp_288_reg_6875                           |  32|   0|   32|          0|
    |tmp_292_reg_6825                           |  32|   0|   32|          0|
    |tmp_296_reg_6830                           |  32|   0|   32|          0|
    |tmp_300_reg_6880                           |  32|   0|   32|          0|
    |tmp_304_reg_6835                           |  32|   0|   32|          0|
    |tmp_308_reg_6840                           |  32|   0|   32|          0|
    |tmp_312_reg_6885                           |  32|   0|   32|          0|
    |tmp_85_reg_5156                            |   5|   0|    5|          0|
    |tmp_86_reg_5103                            |   1|   0|    1|          0|
    |tmp_88_reg_5161                            |   1|   0|    1|          0|
    |tmp_89_reg_5209                            |   5|   0|    5|          0|
    |tmp_90_reg_5144                            |   1|   0|    1|          0|
    |tmp_92_reg_5246                            |   5|   0|    5|          0|
    |tmp_93_reg_5115                            |   1|   0|    1|          0|
    |trunc_ln13_reg_5187                        |   2|   0|    2|          0|
    |trunc_ln13_reg_5187_pp0_iter7_reg          |   2|   0|    2|          0|
    |trunc_ln14_1_reg_5214                      |   2|   0|    2|          0|
    |trunc_ln14_1_reg_5214_pp0_iter7_reg        |   2|   0|    2|          0|
    |trunc_ln14_reg_5088                        |   5|   0|    5|          0|
    |udiv_ln25_2_cast_reg_5236                  |   8|   0|    8|          0|
    |udiv_ln7_cast_reg_5120                     |   8|   0|    8|          0|
    |urem_ln13_reg_5174                         |   2|   0|    2|          0|
    |zext_ln26_19_reg_5938                      |   5|   0|    8|          3|
    |zext_ln26_6_reg_5391                       |   5|   0|    8|          3|
    |acc_296_reg_7040                           |  64|  32|   32|          0|
    |acc_300_reg_7056                           |  64|  32|   32|          0|
    |acc_304_reg_7072                           |  64|  32|   32|          0|
    |acc_311_reg_7103                           |  64|  32|   32|          0|
    |acc_315_reg_7119                           |  64|  32|   32|          0|
    |acc_319_reg_7135                           |  64|  32|   32|          0|
    |acc_323_reg_7151                           |  64|  32|   32|          0|
    |add_ln23_1_mid2_reg_5149                   |  64|  32|    6|          0|
    |add_ln23_reg_5092                          |  64|  32|    6|          0|
    |add_ln24_1_reg_5108                        |  64|  32|    6|          0|
    |add_ln24_reg_5133                          |  64|  32|    6|          0|
    |add_ln31_reg_5386                          |  64|  32|    9|          0|
    |and_ln12_reg_5066                          |  64|  32|    1|          0|
    |icmp_ln12_reg_5040                         |  64|  32|    1|          0|
    |icmp_ln13_reg_5054                         |  64|  32|    1|          0|
    |mul42_173_1_reg_6905                       |  64|  32|   32|          0|
    |mul42_173_2_reg_6965                       |  64|  32|   32|          0|
    |mul42_1_1_1_reg_6935                       |  64|  32|   32|          0|
    |mul42_1_1_2_reg_6980                       |  64|  32|   32|          0|
    |mul42_1_1_reg_6930                         |  64|  32|   32|          0|
    |mul42_1_2_1_reg_6945                       |  64|  32|   32|          0|
    |mul42_1_2_2_reg_6985                       |  64|  32|   32|          0|
    |mul42_1_2_reg_6940                         |  64|  32|   32|          0|
    |mul42_1_3_reg_6975                         |  64|  32|   32|          0|
    |mul42_1_reg_6920                           |  64|  32|   32|          0|
    |mul42_1_s_reg_6925                         |  64|  32|   32|          0|
    |mul42_289_1_reg_6915                       |  64|  32|   32|          0|
    |mul42_289_2_reg_6970                       |  64|  32|   32|          0|
    |mul42_2_1_1_reg_7000                       |  64|  32|   32|          0|
    |mul42_2_1_2_reg_7005                       |  64|  32|   32|          0|
    |mul42_2_1_reg_6995                         |  64|  32|   32|          0|
    |mul42_2_2_1_reg_7015                       |  64|  32|   32|          0|
    |mul42_2_2_2_reg_7020                       |  64|  32|   32|          0|
    |mul42_2_2_reg_7010                         |  64|  32|   32|          0|
    |mul42_2_3_reg_6990                         |  64|  32|   32|          0|
    |mul42_2_reg_6950                           |  64|  32|   32|          0|
    |mul42_2_s_reg_6955                         |  64|  32|   32|          0|
    |mul42_3_reg_6960                           |  64|  32|   32|          0|
    |mul42_4_reg_6900                           |  64|  32|   32|          0|
    |mul42_5_reg_6910                           |  64|  32|   32|          0|
    |mul42_s_reg_6895                           |  64|  32|   32|          0|
    |mul_ln26_1_reg_5125                        |  64|  32|    8|          0|
    |oh_load_reg_5049                           |  64|  32|    6|          0|
    |ow_mid2_reg_5071                           |  64|  32|    6|          0|
    |select_ln12_reg_5061                       |  64|  32|    6|          0|
    |select_ln13_reg_5079                       |  64|  32|    6|          0|
    |tmp_86_reg_5103                            |  64|  32|    1|          0|
    |tmp_88_reg_5161                            |  64|  32|    1|          0|
    |tmp_90_reg_5144                            |  64|  32|    1|          0|
    |tmp_93_reg_5115                            |  64|  32|    1|          0|
    |trunc_ln14_reg_5088                        |  64|  32|    5|          0|
    +-------------------------------------------+----+----+-----+-----------+
    |Total                                      |7208|1632| 5083|          6|
    +-------------------------------------------+----+----+-----+-----------+



================================================================
== Interface
================================================================
* Summary: 
+----------------------+-----+-----+------------+--------------+--------------+
|       RTL Ports      | Dir | Bits|  Protocol  | Source Object|    C Type    |
+----------------------+-----+-----+------------+--------------+--------------+
|ap_clk                |   in|    1|  ap_ctrl_hs|         conv0|  return value|
|ap_rst                |   in|    1|  ap_ctrl_hs|         conv0|  return value|
|ap_start              |   in|    1|  ap_ctrl_hs|         conv0|  return value|
|ap_done               |  out|    1|  ap_ctrl_hs|         conv0|  return value|
|ap_idle               |  out|    1|  ap_ctrl_hs|         conv0|  return value|
|ap_ready              |  out|    1|  ap_ctrl_hs|         conv0|  return value|
|grp_fu_2467_p_din0    |  out|   32|  ap_ctrl_hs|         conv0|  return value|
|grp_fu_2467_p_din1    |  out|   32|  ap_ctrl_hs|         conv0|  return value|
|grp_fu_2467_p_opcode  |  out|    2|  ap_ctrl_hs|         conv0|  return value|
|grp_fu_2467_p_dout0   |   in|   32|  ap_ctrl_hs|         conv0|  return value|
|grp_fu_2467_p_ce      |  out|    1|  ap_ctrl_hs|         conv0|  return value|
|grp_fu_2471_p_din0    |  out|   32|  ap_ctrl_hs|         conv0|  return value|
|grp_fu_2471_p_din1    |  out|   32|  ap_ctrl_hs|         conv0|  return value|
|grp_fu_2471_p_opcode  |  out|    2|  ap_ctrl_hs|         conv0|  return value|
|grp_fu_2471_p_dout0   |   in|   32|  ap_ctrl_hs|         conv0|  return value|
|grp_fu_2471_p_ce      |  out|    1|  ap_ctrl_hs|         conv0|  return value|
|grp_fu_2475_p_din0    |  out|   32|  ap_ctrl_hs|         conv0|  return value|
|grp_fu_2475_p_din1    |  out|   32|  ap_ctrl_hs|         conv0|  return value|
|grp_fu_2475_p_opcode  |  out|    2|  ap_ctrl_hs|         conv0|  return value|
|grp_fu_2475_p_dout0   |   in|   32|  ap_ctrl_hs|         conv0|  return value|
|grp_fu_2475_p_ce      |  out|    1|  ap_ctrl_hs|         conv0|  return value|
|grp_fu_2479_p_din0    |  out|   32|  ap_ctrl_hs|         conv0|  return value|
|grp_fu_2479_p_din1    |  out|   32|  ap_ctrl_hs|         conv0|  return value|
|grp_fu_2479_p_opcode  |  out|    2|  ap_ctrl_hs|         conv0|  return value|
|grp_fu_2479_p_dout0   |   in|   32|  ap_ctrl_hs|         conv0|  return value|
|grp_fu_2479_p_ce      |  out|    1|  ap_ctrl_hs|         conv0|  return value|
|grp_fu_2483_p_din0    |  out|   32|  ap_ctrl_hs|         conv0|  return value|
|grp_fu_2483_p_din1    |  out|   32|  ap_ctrl_hs|         conv0|  return value|
|grp_fu_2483_p_opcode  |  out|    2|  ap_ctrl_hs|         conv0|  return value|
|grp_fu_2483_p_dout0   |   in|   32|  ap_ctrl_hs|         conv0|  return value|
|grp_fu_2483_p_ce      |  out|    1|  ap_ctrl_hs|         conv0|  return value|
|grp_fu_2487_p_din0    |  out|   32|  ap_ctrl_hs|         conv0|  return value|
|grp_fu_2487_p_din1    |  out|   32|  ap_ctrl_hs|         conv0|  return value|
|grp_fu_2487_p_opcode  |  out|    2|  ap_ctrl_hs|         conv0|  return value|
|grp_fu_2487_p_dout0   |   in|   32|  ap_ctrl_hs|         conv0|  return value|
|grp_fu_2487_p_ce      |  out|    1|  ap_ctrl_hs|         conv0|  return value|
|grp_fu_2491_p_din0    |  out|   32|  ap_ctrl_hs|         conv0|  return value|
|grp_fu_2491_p_din1    |  out|   32|  ap_ctrl_hs|         conv0|  return value|
|grp_fu_2491_p_opcode  |  out|    2|  ap_ctrl_hs|         conv0|  return value|
|grp_fu_2491_p_dout0   |   in|   32|  ap_ctrl_hs|         conv0|  return value|
|grp_fu_2491_p_ce      |  out|    1|  ap_ctrl_hs|         conv0|  return value|
|grp_fu_2495_p_din0    |  out|   32|  ap_ctrl_hs|         conv0|  return value|
|grp_fu_2495_p_din1    |  out|   32|  ap_ctrl_hs|         conv0|  return value|
|grp_fu_2495_p_opcode  |  out|    2|  ap_ctrl_hs|         conv0|  return value|
|grp_fu_2495_p_dout0   |   in|   32|  ap_ctrl_hs|         conv0|  return value|
|grp_fu_2495_p_ce      |  out|    1|  ap_ctrl_hs|         conv0|  return value|
|grp_fu_2499_p_din0    |  out|   32|  ap_ctrl_hs|         conv0|  return value|
|grp_fu_2499_p_din1    |  out|   32|  ap_ctrl_hs|         conv0|  return value|
|grp_fu_2499_p_opcode  |  out|    2|  ap_ctrl_hs|         conv0|  return value|
|grp_fu_2499_p_dout0   |   in|   32|  ap_ctrl_hs|         conv0|  return value|
|grp_fu_2499_p_ce      |  out|    1|  ap_ctrl_hs|         conv0|  return value|
|grp_fu_2503_p_din0    |  out|   32|  ap_ctrl_hs|         conv0|  return value|
|grp_fu_2503_p_din1    |  out|   32|  ap_ctrl_hs|         conv0|  return value|
|grp_fu_2503_p_opcode  |  out|    2|  ap_ctrl_hs|         conv0|  return value|
|grp_fu_2503_p_dout0   |   in|   32|  ap_ctrl_hs|         conv0|  return value|
|grp_fu_2503_p_ce      |  out|    1|  ap_ctrl_hs|         conv0|  return value|
|grp_fu_2507_p_din0    |  out|   32|  ap_ctrl_hs|         conv0|  return value|
|grp_fu_2507_p_din1    |  out|   32|  ap_ctrl_hs|         conv0|  return value|
|grp_fu_2507_p_opcode  |  out|    2|  ap_ctrl_hs|         conv0|  return value|
|grp_fu_2507_p_dout0   |   in|   32|  ap_ctrl_hs|         conv0|  return value|
|grp_fu_2507_p_ce      |  out|    1|  ap_ctrl_hs|         conv0|  return value|
|grp_fu_2511_p_din0    |  out|   32|  ap_ctrl_hs|         conv0|  return value|
|grp_fu_2511_p_din1    |  out|   32|  ap_ctrl_hs|         conv0|  return value|
|grp_fu_2511_p_opcode  |  out|    2|  ap_ctrl_hs|         conv0|  return value|
|grp_fu_2511_p_dout0   |   in|   32|  ap_ctrl_hs|         conv0|  return value|
|grp_fu_2511_p_ce      |  out|    1|  ap_ctrl_hs|         conv0|  return value|
|grp_fu_2515_p_din0    |  out|   32|  ap_ctrl_hs|         conv0|  return value|
|grp_fu_2515_p_din1    |  out|   32|  ap_ctrl_hs|         conv0|  return value|
|grp_fu_2515_p_opcode  |  out|    2|  ap_ctrl_hs|         conv0|  return value|
|grp_fu_2515_p_dout0   |   in|   32|  ap_ctrl_hs|         conv0|  return value|
|grp_fu_2515_p_ce      |  out|    1|  ap_ctrl_hs|         conv0|  return value|
|grp_fu_2519_p_din0    |  out|   32|  ap_ctrl_hs|         conv0|  return value|
|grp_fu_2519_p_din1    |  out|   32|  ap_ctrl_hs|         conv0|  return value|
|grp_fu_2519_p_opcode  |  out|    2|  ap_ctrl_hs|         conv0|  return value|
|grp_fu_2519_p_dout0   |   in|   32|  ap_ctrl_hs|         conv0|  return value|
|grp_fu_2519_p_ce      |  out|    1|  ap_ctrl_hs|         conv0|  return value|
|grp_fu_2523_p_din0    |  out|   32|  ap_ctrl_hs|         conv0|  return value|
|grp_fu_2523_p_din1    |  out|   32|  ap_ctrl_hs|         conv0|  return value|
|grp_fu_2523_p_dout0   |   in|   32|  ap_ctrl_hs|         conv0|  return value|
|grp_fu_2523_p_ce      |  out|    1|  ap_ctrl_hs|         conv0|  return value|
|grp_fu_2527_p_din0    |  out|   32|  ap_ctrl_hs|         conv0|  return value|
|grp_fu_2527_p_din1    |  out|   32|  ap_ctrl_hs|         conv0|  return value|
|grp_fu_2527_p_dout0   |   in|   32|  ap_ctrl_hs|         conv0|  return value|
|grp_fu_2527_p_ce      |  out|    1|  ap_ctrl_hs|         conv0|  return value|
|grp_fu_2531_p_din0    |  out|   32|  ap_ctrl_hs|         conv0|  return value|
|grp_fu_2531_p_din1    |  out|   32|  ap_ctrl_hs|         conv0|  return value|
|grp_fu_2531_p_dout0   |   in|   32|  ap_ctrl_hs|         conv0|  return value|
|grp_fu_2531_p_ce      |  out|    1|  ap_ctrl_hs|         conv0|  return value|
|grp_fu_2535_p_din0    |  out|   32|  ap_ctrl_hs|         conv0|  return value|
|grp_fu_2535_p_din1    |  out|   32|  ap_ctrl_hs|         conv0|  return value|
|grp_fu_2535_p_dout0   |   in|   32|  ap_ctrl_hs|         conv0|  return value|
|grp_fu_2535_p_ce      |  out|    1|  ap_ctrl_hs|         conv0|  return value|
|grp_fu_2539_p_din0    |  out|   32|  ap_ctrl_hs|         conv0|  return value|
|grp_fu_2539_p_din1    |  out|   32|  ap_ctrl_hs|         conv0|  return value|
|grp_fu_2539_p_dout0   |   in|   32|  ap_ctrl_hs|         conv0|  return value|
|grp_fu_2539_p_ce      |  out|    1|  ap_ctrl_hs|         conv0|  return value|
|grp_fu_2543_p_din0    |  out|   32|  ap_ctrl_hs|         conv0|  return value|
|grp_fu_2543_p_din1    |  out|   32|  ap_ctrl_hs|         conv0|  return value|
|grp_fu_2543_p_dout0   |   in|   32|  ap_ctrl_hs|         conv0|  return value|
|grp_fu_2543_p_ce      |  out|    1|  ap_ctrl_hs|         conv0|  return value|
|grp_fu_2547_p_din0    |  out|   32|  ap_ctrl_hs|         conv0|  return value|
|grp_fu_2547_p_din1    |  out|   32|  ap_ctrl_hs|         conv0|  return value|
|grp_fu_2547_p_dout0   |   in|   32|  ap_ctrl_hs|         conv0|  return value|
|grp_fu_2547_p_ce      |  out|    1|  ap_ctrl_hs|         conv0|  return value|
|grp_fu_2551_p_din0    |  out|   32|  ap_ctrl_hs|         conv0|  return value|
|grp_fu_2551_p_din1    |  out|   32|  ap_ctrl_hs|         conv0|  return value|
|grp_fu_2551_p_dout0   |   in|   32|  ap_ctrl_hs|         conv0|  return value|
|grp_fu_2551_p_ce      |  out|    1|  ap_ctrl_hs|         conv0|  return value|
|grp_fu_2555_p_din0    |  out|   32|  ap_ctrl_hs|         conv0|  return value|
|grp_fu_2555_p_din1    |  out|   32|  ap_ctrl_hs|         conv0|  return value|
|grp_fu_2555_p_dout0   |   in|   32|  ap_ctrl_hs|         conv0|  return value|
|grp_fu_2555_p_ce      |  out|    1|  ap_ctrl_hs|         conv0|  return value|
|grp_fu_2559_p_din0    |  out|   32|  ap_ctrl_hs|         conv0|  return value|
|grp_fu_2559_p_din1    |  out|   32|  ap_ctrl_hs|         conv0|  return value|
|grp_fu_2559_p_dout0   |   in|   32|  ap_ctrl_hs|         conv0|  return value|
|grp_fu_2559_p_ce      |  out|    1|  ap_ctrl_hs|         conv0|  return value|
|grp_fu_2563_p_din0    |  out|   32|  ap_ctrl_hs|         conv0|  return value|
|grp_fu_2563_p_din1    |  out|   32|  ap_ctrl_hs|         conv0|  return value|
|grp_fu_2563_p_dout0   |   in|   32|  ap_ctrl_hs|         conv0|  return value|
|grp_fu_2563_p_ce      |  out|    1|  ap_ctrl_hs|         conv0|  return value|
|grp_fu_2567_p_din0    |  out|   32|  ap_ctrl_hs|         conv0|  return value|
|grp_fu_2567_p_din1    |  out|   32|  ap_ctrl_hs|         conv0|  return value|
|grp_fu_2567_p_dout0   |   in|   32|  ap_ctrl_hs|         conv0|  return value|
|grp_fu_2567_p_ce      |  out|    1|  ap_ctrl_hs|         conv0|  return value|
|grp_fu_2571_p_din0    |  out|   32|  ap_ctrl_hs|         conv0|  return value|
|grp_fu_2571_p_din1    |  out|   32|  ap_ctrl_hs|         conv0|  return value|
|grp_fu_2571_p_dout0   |   in|   32|  ap_ctrl_hs|         conv0|  return value|
|grp_fu_2571_p_ce      |  out|    1|  ap_ctrl_hs|         conv0|  return value|
|grp_fu_2575_p_din0    |  out|   32|  ap_ctrl_hs|         conv0|  return value|
|grp_fu_2575_p_din1    |  out|   32|  ap_ctrl_hs|         conv0|  return value|
|grp_fu_2575_p_dout0   |   in|   32|  ap_ctrl_hs|         conv0|  return value|
|grp_fu_2575_p_ce      |  out|    1|  ap_ctrl_hs|         conv0|  return value|
|grp_fu_2579_p_din0    |  out|   64|  ap_ctrl_hs|         conv0|  return value|
|grp_fu_2579_p_din1    |  out|   66|  ap_ctrl_hs|         conv0|  return value|
|grp_fu_2579_p_dout0   |   in|  129|  ap_ctrl_hs|         conv0|  return value|
|grp_fu_2579_p_ce      |  out|    1|  ap_ctrl_hs|         conv0|  return value|
|ifmap_0_0_0_address0  |  out|    8|   ap_memory|   ifmap_0_0_0|         array|
|ifmap_0_0_0_ce0       |  out|    1|   ap_memory|   ifmap_0_0_0|         array|
|ifmap_0_0_0_q0        |   in|   32|   ap_memory|   ifmap_0_0_0|         array|
|ifmap_0_0_1_address0  |  out|    8|   ap_memory|   ifmap_0_0_1|         array|
|ifmap_0_0_1_ce0       |  out|    1|   ap_memory|   ifmap_0_0_1|         array|
|ifmap_0_0_1_q0        |   in|   32|   ap_memory|   ifmap_0_0_1|         array|
|ifmap_0_0_2_address0  |  out|    8|   ap_memory|   ifmap_0_0_2|         array|
|ifmap_0_0_2_ce0       |  out|    1|   ap_memory|   ifmap_0_0_2|         array|
|ifmap_0_0_2_q0        |   in|   32|   ap_memory|   ifmap_0_0_2|         array|
|ifmap_0_1_0_address0  |  out|    8|   ap_memory|   ifmap_0_1_0|         array|
|ifmap_0_1_0_ce0       |  out|    1|   ap_memory|   ifmap_0_1_0|         array|
|ifmap_0_1_0_q0        |   in|   32|   ap_memory|   ifmap_0_1_0|         array|
|ifmap_0_1_1_address0  |  out|    8|   ap_memory|   ifmap_0_1_1|         array|
|ifmap_0_1_1_ce0       |  out|    1|   ap_memory|   ifmap_0_1_1|         array|
|ifmap_0_1_1_q0        |   in|   32|   ap_memory|   ifmap_0_1_1|         array|
|ifmap_0_1_2_address0  |  out|    8|   ap_memory|   ifmap_0_1_2|         array|
|ifmap_0_1_2_ce0       |  out|    1|   ap_memory|   ifmap_0_1_2|         array|
|ifmap_0_1_2_q0        |   in|   32|   ap_memory|   ifmap_0_1_2|         array|
|ifmap_0_2_0_address0  |  out|    8|   ap_memory|   ifmap_0_2_0|         array|
|ifmap_0_2_0_ce0       |  out|    1|   ap_memory|   ifmap_0_2_0|         array|
|ifmap_0_2_0_q0        |   in|   32|   ap_memory|   ifmap_0_2_0|         array|
|ifmap_0_2_1_address0  |  out|    8|   ap_memory|   ifmap_0_2_1|         array|
|ifmap_0_2_1_ce0       |  out|    1|   ap_memory|   ifmap_0_2_1|         array|
|ifmap_0_2_1_q0        |   in|   32|   ap_memory|   ifmap_0_2_1|         array|
|ifmap_0_2_2_address0  |  out|    8|   ap_memory|   ifmap_0_2_2|         array|
|ifmap_0_2_2_ce0       |  out|    1|   ap_memory|   ifmap_0_2_2|         array|
|ifmap_0_2_2_q0        |   in|   32|   ap_memory|   ifmap_0_2_2|         array|
|ifmap_1_0_0_address0  |  out|    8|   ap_memory|   ifmap_1_0_0|         array|
|ifmap_1_0_0_ce0       |  out|    1|   ap_memory|   ifmap_1_0_0|         array|
|ifmap_1_0_0_q0        |   in|   32|   ap_memory|   ifmap_1_0_0|         array|
|ifmap_1_0_1_address0  |  out|    8|   ap_memory|   ifmap_1_0_1|         array|
|ifmap_1_0_1_ce0       |  out|    1|   ap_memory|   ifmap_1_0_1|         array|
|ifmap_1_0_1_q0        |   in|   32|   ap_memory|   ifmap_1_0_1|         array|
|ifmap_1_0_2_address0  |  out|    8|   ap_memory|   ifmap_1_0_2|         array|
|ifmap_1_0_2_ce0       |  out|    1|   ap_memory|   ifmap_1_0_2|         array|
|ifmap_1_0_2_q0        |   in|   32|   ap_memory|   ifmap_1_0_2|         array|
|ifmap_1_1_0_address0  |  out|    8|   ap_memory|   ifmap_1_1_0|         array|
|ifmap_1_1_0_ce0       |  out|    1|   ap_memory|   ifmap_1_1_0|         array|
|ifmap_1_1_0_q0        |   in|   32|   ap_memory|   ifmap_1_1_0|         array|
|ifmap_1_1_1_address0  |  out|    8|   ap_memory|   ifmap_1_1_1|         array|
|ifmap_1_1_1_ce0       |  out|    1|   ap_memory|   ifmap_1_1_1|         array|
|ifmap_1_1_1_q0        |   in|   32|   ap_memory|   ifmap_1_1_1|         array|
|ifmap_1_1_2_address0  |  out|    8|   ap_memory|   ifmap_1_1_2|         array|
|ifmap_1_1_2_ce0       |  out|    1|   ap_memory|   ifmap_1_1_2|         array|
|ifmap_1_1_2_q0        |   in|   32|   ap_memory|   ifmap_1_1_2|         array|
|ifmap_1_2_0_address0  |  out|    8|   ap_memory|   ifmap_1_2_0|         array|
|ifmap_1_2_0_ce0       |  out|    1|   ap_memory|   ifmap_1_2_0|         array|
|ifmap_1_2_0_q0        |   in|   32|   ap_memory|   ifmap_1_2_0|         array|
|ifmap_1_2_1_address0  |  out|    8|   ap_memory|   ifmap_1_2_1|         array|
|ifmap_1_2_1_ce0       |  out|    1|   ap_memory|   ifmap_1_2_1|         array|
|ifmap_1_2_1_q0        |   in|   32|   ap_memory|   ifmap_1_2_1|         array|
|ifmap_1_2_2_address0  |  out|    8|   ap_memory|   ifmap_1_2_2|         array|
|ifmap_1_2_2_ce0       |  out|    1|   ap_memory|   ifmap_1_2_2|         array|
|ifmap_1_2_2_q0        |   in|   32|   ap_memory|   ifmap_1_2_2|         array|
|ofmap_0_address0      |  out|    9|   ap_memory|       ofmap_0|         array|
|ofmap_0_ce0           |  out|    1|   ap_memory|       ofmap_0|         array|
|ofmap_0_we0           |  out|    1|   ap_memory|       ofmap_0|         array|
|ofmap_0_d0            |  out|   32|   ap_memory|       ofmap_0|         array|
|ofmap_1_address0      |  out|    9|   ap_memory|       ofmap_1|         array|
|ofmap_1_ce0           |  out|    1|   ap_memory|       ofmap_1|         array|
|ofmap_1_we0           |  out|    1|   ap_memory|       ofmap_1|         array|
|ofmap_1_d0            |  out|   32|   ap_memory|       ofmap_1|         array|
|ofmap_2_address0      |  out|    9|   ap_memory|       ofmap_2|         array|
|ofmap_2_ce0           |  out|    1|   ap_memory|       ofmap_2|         array|
|ofmap_2_we0           |  out|    1|   ap_memory|       ofmap_2|         array|
|ofmap_2_d0            |  out|   32|   ap_memory|       ofmap_2|         array|
|ofmap_3_address0      |  out|    9|   ap_memory|       ofmap_3|         array|
|ofmap_3_ce0           |  out|    1|   ap_memory|       ofmap_3|         array|
|ofmap_3_we0           |  out|    1|   ap_memory|       ofmap_3|         array|
|ofmap_3_d0            |  out|   32|   ap_memory|       ofmap_3|         array|
|ofmap_4_address0      |  out|    9|   ap_memory|       ofmap_4|         array|
|ofmap_4_ce0           |  out|    1|   ap_memory|       ofmap_4|         array|
|ofmap_4_we0           |  out|    1|   ap_memory|       ofmap_4|         array|
|ofmap_4_d0            |  out|   32|   ap_memory|       ofmap_4|         array|
|ofmap_5_address0      |  out|    9|   ap_memory|       ofmap_5|         array|
|ofmap_5_ce0           |  out|    1|   ap_memory|       ofmap_5|         array|
|ofmap_5_we0           |  out|    1|   ap_memory|       ofmap_5|         array|
|ofmap_5_d0            |  out|   32|   ap_memory|       ofmap_5|         array|
|ofmap_6_address0      |  out|    9|   ap_memory|       ofmap_6|         array|
|ofmap_6_ce0           |  out|    1|   ap_memory|       ofmap_6|         array|
|ofmap_6_we0           |  out|    1|   ap_memory|       ofmap_6|         array|
|ofmap_6_d0            |  out|   32|   ap_memory|       ofmap_6|         array|
|ofmap_7_address0      |  out|    9|   ap_memory|       ofmap_7|         array|
|ofmap_7_ce0           |  out|    1|   ap_memory|       ofmap_7|         array|
|ofmap_7_we0           |  out|    1|   ap_memory|       ofmap_7|         array|
|ofmap_7_d0            |  out|   32|   ap_memory|       ofmap_7|         array|
|ofmap_8_address0      |  out|    9|   ap_memory|       ofmap_8|         array|
|ofmap_8_ce0           |  out|    1|   ap_memory|       ofmap_8|         array|
|ofmap_8_we0           |  out|    1|   ap_memory|       ofmap_8|         array|
|ofmap_8_d0            |  out|   32|   ap_memory|       ofmap_8|         array|
|ofmap_9_address0      |  out|    9|   ap_memory|       ofmap_9|         array|
|ofmap_9_ce0           |  out|    1|   ap_memory|       ofmap_9|         array|
|ofmap_9_we0           |  out|    1|   ap_memory|       ofmap_9|         array|
|ofmap_9_d0            |  out|   32|   ap_memory|       ofmap_9|         array|
|ofmap_10_address0     |  out|    9|   ap_memory|      ofmap_10|         array|
|ofmap_10_ce0          |  out|    1|   ap_memory|      ofmap_10|         array|
|ofmap_10_we0          |  out|    1|   ap_memory|      ofmap_10|         array|
|ofmap_10_d0           |  out|   32|   ap_memory|      ofmap_10|         array|
|ofmap_11_address0     |  out|    9|   ap_memory|      ofmap_11|         array|
|ofmap_11_ce0          |  out|    1|   ap_memory|      ofmap_11|         array|
|ofmap_11_we0          |  out|    1|   ap_memory|      ofmap_11|         array|
|ofmap_11_d0           |  out|   32|   ap_memory|      ofmap_11|         array|
|ofmap_12_address0     |  out|    9|   ap_memory|      ofmap_12|         array|
|ofmap_12_ce0          |  out|    1|   ap_memory|      ofmap_12|         array|
|ofmap_12_we0          |  out|    1|   ap_memory|      ofmap_12|         array|
|ofmap_12_d0           |  out|   32|   ap_memory|      ofmap_12|         array|
|ofmap_13_address0     |  out|    9|   ap_memory|      ofmap_13|         array|
|ofmap_13_ce0          |  out|    1|   ap_memory|      ofmap_13|         array|
|ofmap_13_we0          |  out|    1|   ap_memory|      ofmap_13|         array|
|ofmap_13_d0           |  out|   32|   ap_memory|      ofmap_13|         array|
|ofmap_14_address0     |  out|    9|   ap_memory|      ofmap_14|         array|
|ofmap_14_ce0          |  out|    1|   ap_memory|      ofmap_14|         array|
|ofmap_14_we0          |  out|    1|   ap_memory|      ofmap_14|         array|
|ofmap_14_d0           |  out|   32|   ap_memory|      ofmap_14|         array|
|ofmap_15_address0     |  out|    9|   ap_memory|      ofmap_15|         array|
|ofmap_15_ce0          |  out|    1|   ap_memory|      ofmap_15|         array|
|ofmap_15_we0          |  out|    1|   ap_memory|      ofmap_15|         array|
|ofmap_15_d0           |  out|   32|   ap_memory|      ofmap_15|         array|
|ofmap_16_address0     |  out|    9|   ap_memory|      ofmap_16|         array|
|ofmap_16_ce0          |  out|    1|   ap_memory|      ofmap_16|         array|
|ofmap_16_we0          |  out|    1|   ap_memory|      ofmap_16|         array|
|ofmap_16_d0           |  out|   32|   ap_memory|      ofmap_16|         array|
|ofmap_17_address0     |  out|    9|   ap_memory|      ofmap_17|         array|
|ofmap_17_ce0          |  out|    1|   ap_memory|      ofmap_17|         array|
|ofmap_17_we0          |  out|    1|   ap_memory|      ofmap_17|         array|
|ofmap_17_d0           |  out|   32|   ap_memory|      ofmap_17|         array|
|ofmap_18_address0     |  out|    9|   ap_memory|      ofmap_18|         array|
|ofmap_18_ce0          |  out|    1|   ap_memory|      ofmap_18|         array|
|ofmap_18_we0          |  out|    1|   ap_memory|      ofmap_18|         array|
|ofmap_18_d0           |  out|   32|   ap_memory|      ofmap_18|         array|
|ofmap_19_address0     |  out|    9|   ap_memory|      ofmap_19|         array|
|ofmap_19_ce0          |  out|    1|   ap_memory|      ofmap_19|         array|
|ofmap_19_we0          |  out|    1|   ap_memory|      ofmap_19|         array|
|ofmap_19_d0           |  out|   32|   ap_memory|      ofmap_19|         array|
|ofmap_20_address0     |  out|    9|   ap_memory|      ofmap_20|         array|
|ofmap_20_ce0          |  out|    1|   ap_memory|      ofmap_20|         array|
|ofmap_20_we0          |  out|    1|   ap_memory|      ofmap_20|         array|
|ofmap_20_d0           |  out|   32|   ap_memory|      ofmap_20|         array|
|ofmap_21_address0     |  out|    9|   ap_memory|      ofmap_21|         array|
|ofmap_21_ce0          |  out|    1|   ap_memory|      ofmap_21|         array|
|ofmap_21_we0          |  out|    1|   ap_memory|      ofmap_21|         array|
|ofmap_21_d0           |  out|   32|   ap_memory|      ofmap_21|         array|
|ofmap_22_address0     |  out|    9|   ap_memory|      ofmap_22|         array|
|ofmap_22_ce0          |  out|    1|   ap_memory|      ofmap_22|         array|
|ofmap_22_we0          |  out|    1|   ap_memory|      ofmap_22|         array|
|ofmap_22_d0           |  out|   32|   ap_memory|      ofmap_22|         array|
|ofmap_23_address0     |  out|    9|   ap_memory|      ofmap_23|         array|
|ofmap_23_ce0          |  out|    1|   ap_memory|      ofmap_23|         array|
|ofmap_23_we0          |  out|    1|   ap_memory|      ofmap_23|         array|
|ofmap_23_d0           |  out|   32|   ap_memory|      ofmap_23|         array|
|ofmap_24_address0     |  out|    9|   ap_memory|      ofmap_24|         array|
|ofmap_24_ce0          |  out|    1|   ap_memory|      ofmap_24|         array|
|ofmap_24_we0          |  out|    1|   ap_memory|      ofmap_24|         array|
|ofmap_24_d0           |  out|   32|   ap_memory|      ofmap_24|         array|
|ofmap_25_address0     |  out|    9|   ap_memory|      ofmap_25|         array|
|ofmap_25_ce0          |  out|    1|   ap_memory|      ofmap_25|         array|
|ofmap_25_we0          |  out|    1|   ap_memory|      ofmap_25|         array|
|ofmap_25_d0           |  out|   32|   ap_memory|      ofmap_25|         array|
|ofmap_26_address0     |  out|    9|   ap_memory|      ofmap_26|         array|
|ofmap_26_ce0          |  out|    1|   ap_memory|      ofmap_26|         array|
|ofmap_26_we0          |  out|    1|   ap_memory|      ofmap_26|         array|
|ofmap_26_d0           |  out|   32|   ap_memory|      ofmap_26|         array|
|ofmap_27_address0     |  out|    9|   ap_memory|      ofmap_27|         array|
|ofmap_27_ce0          |  out|    1|   ap_memory|      ofmap_27|         array|
|ofmap_27_we0          |  out|    1|   ap_memory|      ofmap_27|         array|
|ofmap_27_d0           |  out|   32|   ap_memory|      ofmap_27|         array|
|ofmap_28_address0     |  out|    9|   ap_memory|      ofmap_28|         array|
|ofmap_28_ce0          |  out|    1|   ap_memory|      ofmap_28|         array|
|ofmap_28_we0          |  out|    1|   ap_memory|      ofmap_28|         array|
|ofmap_28_d0           |  out|   32|   ap_memory|      ofmap_28|         array|
|ofmap_29_address0     |  out|    9|   ap_memory|      ofmap_29|         array|
|ofmap_29_ce0          |  out|    1|   ap_memory|      ofmap_29|         array|
|ofmap_29_we0          |  out|    1|   ap_memory|      ofmap_29|         array|
|ofmap_29_d0           |  out|   32|   ap_memory|      ofmap_29|         array|
|ofmap_30_address0     |  out|    9|   ap_memory|      ofmap_30|         array|
|ofmap_30_ce0          |  out|    1|   ap_memory|      ofmap_30|         array|
|ofmap_30_we0          |  out|    1|   ap_memory|      ofmap_30|         array|
|ofmap_30_d0           |  out|   32|   ap_memory|      ofmap_30|         array|
|ofmap_31_address0     |  out|    9|   ap_memory|      ofmap_31|         array|
|ofmap_31_ce0          |  out|    1|   ap_memory|      ofmap_31|         array|
|ofmap_31_we0          |  out|    1|   ap_memory|      ofmap_31|         array|
|ofmap_31_d0           |  out|   32|   ap_memory|      ofmap_31|         array|
+----------------------+-----+-----+------------+--------------+--------------+

