

================================================================
== Vitis HLS Report for 'dw2'
================================================================
* Date:           Sat Jun 27 09:58:18 2026

* Version:        2025.2 (Build 6295257 on Nov 14 2025)
* Project:        FP32_HLS
* Solution:       hls (Vivado IP Flow Target)
* Product family: zynq
* Target device:  xc7z045-ffg900-2


================================================================
== Performance Estimates
================================================================
+ Timing: 
    * Summary: 
    +--------+----------+----------+------------+
    |  Clock |  Target  | Estimated| Uncertainty|
    +--------+----------+----------+------------+
    |ap_clk  |  10.00 ns|  7.118 ns|     2.70 ns|
    +--------+----------+----------+------------+

+ Latency: 
    * Summary: 
    +---------+---------+-----------+-----------+-----+-----+-------------------+
    |  Latency (cycles) |   Latency (absolute)  |  Interval |      Pipeline     |
    |   min   |   max   |    min    |    max    | min | max |        Type       |
    +---------+---------+-----------+-----------+-----+-----+-------------------+
    |     1083|     1083|  10.830 us|  10.830 us|    0|    0|  loop pipeline stp|
    +---------+---------+-----------+-----------+-----+-----+-------------------+

    + Detail: 
        * Instance: 
        N/A

        * Loop: 
        +-----------------------+---------+---------+----------+-----------+-----------+------+----------+
        |                       |  Latency (cycles) | Iteration|  Initiation Interval  | Trip |          |
        |       Loop Name       |   min   |   max   |  Latency |  achieved |   target  | Count| Pipelined|
        +-----------------------+---------+---------+----------+-----------+-----------+------+----------+
        |- DW2_C_DW2_OH_DW2_OW  |     1081|     1081|        59|          1|          1|  1024|       yes|
        +-----------------------+---------+---------+----------+-----------+-----------+------+----------+



================================================================
== Utilization Estimates
================================================================
* Summary: 
+-----------------+---------+-----+--------+--------+-----+
|       Name      | BRAM_18K| DSP |   FF   |   LUT  | URAM|
+-----------------+---------+-----+--------+--------+-----+
|DSP              |        -|    -|       -|       -|    -|
|Expression       |        -|    -|       0|     326|    -|
|FIFO             |        -|    -|       -|       -|    -|
|Instance         |        -|    0|      50|     278|    -|
|Memory           |        9|    -|       0|       0|    -|
|Multiplexer      |        -|    -|       0|     507|    -|
|Register         |        -|    -|    2765|     704|    -|
+-----------------+---------+-----+--------+--------+-----+
|Total            |        9|    0|    2815|    1815|    0|
+-----------------+---------+-----+--------+--------+-----+
|Available        |     1090|  900|  437200|  218600|    0|
+-----------------+---------+-----+--------+--------+-----+
|Utilization (%)  |       ~0|    0|      ~0|      ~0|    0|
+-----------------+---------+-----+--------+--------+-----+

+ Detail: 
    * Instance: 
    +-----------------------------+------------------------+---------+----+----+----+-----+
    |           Instance          |         Module         | BRAM_18K| DSP| FF | LUT| URAM|
    +-----------------------------+------------------------+---------+----+----+----+-----+
    |mul_3ns_5ns_7_1_1_U1004      |mul_3ns_5ns_7_1_1       |        0|   0|   0|  17|    0|
    |mul_3ns_5ns_7_1_1_U1005      |mul_3ns_5ns_7_1_1       |        0|   0|   0|  17|    0|
    |sparsemux_7_2_32_1_1_U1006   |sparsemux_7_2_32_1_1    |        0|   0|   0|   9|    0|
    |sparsemux_7_2_32_1_1_U1007   |sparsemux_7_2_32_1_1    |        0|   0|   0|   9|    0|
    |sparsemux_7_2_32_1_1_U1008   |sparsemux_7_2_32_1_1    |        0|   0|   0|   9|    0|
    |sparsemux_7_2_32_1_1_U1009   |sparsemux_7_2_32_1_1    |        0|   0|   0|   9|    0|
    |sparsemux_7_2_32_1_1_U1010   |sparsemux_7_2_32_1_1    |        0|   0|   0|   9|    0|
    |sparsemux_7_2_32_1_1_U1011   |sparsemux_7_2_32_1_1    |        0|   0|   0|   9|    0|
    |sparsemux_7_2_32_1_1_U1012   |sparsemux_7_2_32_1_1    |        0|   0|   0|   9|    0|
    |sparsemux_7_2_32_1_1_U1013   |sparsemux_7_2_32_1_1    |        0|   0|   0|   9|    0|
    |sparsemux_7_2_32_1_1_U1014   |sparsemux_7_2_32_1_1    |        0|   0|   0|   9|    0|
    |sparsemux_7_2_32_1_1_x_U994  |sparsemux_7_2_32_1_1_x  |        0|   0|   0|  13|    0|
    |sparsemux_7_2_32_1_1_x_U995  |sparsemux_7_2_32_1_1_x  |        0|   0|   0|  13|    0|
    |sparsemux_7_2_32_1_1_x_U996  |sparsemux_7_2_32_1_1_x  |        0|   0|   0|  13|    0|
    |sparsemux_9_2_32_1_1_U997    |sparsemux_9_2_32_1_1    |        0|   0|   0|  17|    0|
    |sparsemux_9_2_32_1_1_U998    |sparsemux_9_2_32_1_1    |        0|   0|   0|  17|    0|
    |sparsemux_9_2_32_1_1_U999    |sparsemux_9_2_32_1_1    |        0|   0|   0|  17|    0|
    |sparsemux_9_2_32_1_1_U1000   |sparsemux_9_2_32_1_1    |        0|   0|   0|  17|    0|
    |sparsemux_9_2_32_1_1_U1001   |sparsemux_9_2_32_1_1    |        0|   0|   0|  17|    0|
    |sparsemux_9_2_32_1_1_U1002   |sparsemux_9_2_32_1_1    |        0|   0|   0|  17|    0|
    |urem_3ns_3ns_2_7_1_U1003     |urem_3ns_3ns_2_7_1      |        0|   0|  50|  22|    0|
    +-----------------------------+------------------------+---------+----+----+----+-----+
    |Total                        |                        |        0|   0|  50| 278|    0|
    +-----------------------------+------------------------+---------+----+----+----+-----+

    * DSP: 
    N/A

    * Memory: 
    +----------------------------------------+---------------------------------------------------------+---------+---+----+-----+------+-----+------+-------------+
    |                 Memory                 |                          Module                         | BRAM_18K| FF| LUT| URAM| Words| Bits| Banks| W*Bits*Banks|
    +----------------------------------------+---------------------------------------------------------+---------+---+----+-----+------+-----+------+-------------+
    |p_ZL26features_2_deepwise_weight_0_0_U  |dw2_p_ZL26features_2_deepwise_weight_0_0_ROM_2P_BRAM_1R  |        1|  0|   0|    0|    64|   32|     1|         2048|
    |p_ZL26features_2_deepwise_weight_0_1_U  |dw2_p_ZL26features_2_deepwise_weight_0_1_ROM_2P_BRAM_1R  |        1|  0|   0|    0|    64|   32|     1|         2048|
    |p_ZL26features_2_deepwise_weight_0_2_U  |dw2_p_ZL26features_2_deepwise_weight_0_2_ROM_2P_BRAM_1R  |        1|  0|   0|    0|    64|   32|     1|         2048|
    |p_ZL26features_2_deepwise_weight_1_0_U  |dw2_p_ZL26features_2_deepwise_weight_1_0_ROM_2P_BRAM_1R  |        1|  0|   0|    0|    64|   32|     1|         2048|
    |p_ZL26features_2_deepwise_weight_1_1_U  |dw2_p_ZL26features_2_deepwise_weight_1_1_ROM_2P_BRAM_1R  |        1|  0|   0|    0|    64|   32|     1|         2048|
    |p_ZL26features_2_deepwise_weight_1_2_U  |dw2_p_ZL26features_2_deepwise_weight_1_2_ROM_2P_BRAM_1R  |        1|  0|   0|    0|    64|   32|     1|         2048|
    |p_ZL26features_2_deepwise_weight_2_0_U  |dw2_p_ZL26features_2_deepwise_weight_2_0_ROM_2P_BRAM_1R  |        1|  0|   0|    0|    64|   32|     1|         2048|
    |p_ZL26features_2_deepwise_weight_2_1_U  |dw2_p_ZL26features_2_deepwise_weight_2_1_ROM_2P_BRAM_1R  |        1|  0|   0|    0|    64|   32|     1|         2048|
    |p_ZL26features_2_deepwise_weight_2_2_U  |dw2_p_ZL26features_2_deepwise_weight_2_2_ROM_2P_BRAM_1R  |        1|  0|   0|    0|    64|   32|     1|         2048|
    +----------------------------------------+---------------------------------------------------------+---------+---+----+-----+------+-----+------+-------------+
    |Total                                   |                                                         |        9|  0|   0|    0|   576|  288|     9|        18432|
    +----------------------------------------+---------------------------------------------------------+---------+---+----+-----+------+-----+------+-------------+

    * FIFO: 
    N/A

    * Expression: 
    +--------------------------+----------+----+---+----+------------+------------+
    |       Variable Name      | Operation| DSP| FF| LUT| Bitwidth P0| Bitwidth P1|
    +--------------------------+----------+----+---+----+------------+------------+
    |add_ln68_1_fu_1367_p2     |         +|   0|  0|  11|          11|           1|
    |add_ln68_fu_1550_p2       |         +|   0|  0|   7|           7|           1|
    |add_ln69_1_fu_1469_p2     |         +|   0|  0|   6|           6|           1|
    |add_ln69_fu_1411_p2       |         +|   0|  0|   4|           3|           1|
    |add_ln70_fu_1463_p2       |         +|   0|  0|   4|           3|           1|
    |add_ln77_fu_1532_p2       |         +|   0|  0|   6|           4|           2|
    |add_ln79_fu_1643_p2       |         +|   0|  0|   6|           4|           2|
    |add_ln80_1_fu_1727_p2     |         +|   0|  0|   8|           8|           8|
    |add_ln80_2_fu_1763_p2     |         +|   0|  0|   8|           8|           8|
    |add_ln80_fu_1693_p2       |         +|   0|  0|   8|           8|           8|
    |add_ln84_fu_1582_p2       |         +|   0|  0|   8|           8|           8|
    |sub_ln84_fu_1684_p2       |         -|   0|  0|   8|           8|           8|
    |and_ln68_fu_1405_p2       |       and|   0|  0|   1|           1|           1|
    |ap_condition_2624         |       and|   0|  0|   1|           1|           1|
    |ap_condition_2634         |       and|   0|  0|   1|           1|           1|
    |ap_condition_2643         |       and|   0|  0|   1|           1|           1|
    |ap_condition_2652         |       and|   0|  0|   1|           1|           1|
    |icmp_ln68_fu_1361_p2      |      icmp|   0|  0|  12|          11|          12|
    |icmp_ln69_fu_1379_p2      |      icmp|   0|  0|   6|           6|           5|
    |icmp_ln70_fu_1399_p2      |      icmp|   0|  0|   6|           3|           4|
    |icmp_ln79_fu_1602_p2      |      icmp|   0|  0|   4|           3|           1|
    |ap_condition_1547         |        or|   0|  0|   1|           1|           1|
    |ap_condition_1554         |        or|   0|  0|   1|           1|           1|
    |ap_condition_1559         |        or|   0|  0|   1|           1|           1|
    |ap_condition_1567         |        or|   0|  0|   1|           1|           1|
    |ap_condition_1574         |        or|   0|  0|   1|           1|           1|
    |ap_condition_1579         |        or|   0|  0|   1|           1|           1|
    |ap_condition_1587         |        or|   0|  0|   1|           1|           1|
    |ap_condition_1594         |        or|   0|  0|   1|           1|           1|
    |ap_condition_1599         |        or|   0|  0|   1|           1|           1|
    |ap_condition_1606         |        or|   0|  0|   1|           1|           1|
    |ap_condition_1613         |        or|   0|  0|   1|           1|           1|
    |ap_condition_1621         |        or|   0|  0|   1|           1|           1|
    |ap_condition_1628         |        or|   0|  0|   1|           1|           1|
    |ap_condition_1636         |        or|   0|  0|   1|           1|           1|
    |ap_condition_1643         |        or|   0|  0|   1|           1|           1|
    |ap_condition_1654         |        or|   0|  0|   1|           1|           1|
    |ap_condition_1665         |        or|   0|  0|   1|           1|           1|
    |ap_condition_1676         |        or|   0|  0|   1|           1|           1|
    |empty_fu_1417_p2          |        or|   0|  0|   1|           1|           1|
    |or_ln79_fu_1968_p2        |        or|   0|  0|   4|           4|           4|
    |acc_259_fu_1988_p3        |    select|   0|  0|  32|           1|          32|
    |acc_261_fu_1994_p3        |    select|   0|  0|  32|           1|          32|
    |acc_263_fu_2000_p3        |    select|   0|  0|  32|           1|          32|
    |acc_267_fu_2006_p3        |    select|   0|  0|  32|           1|          32|
    |acc_2_fu_1980_p3          |    select|   0|  0|  32|           1|           1|
    |ow_mid2_fu_1423_p3        |    select|   0|  0|   3|           1|           1|
    |select_ln68_1_fu_1556_p3  |    select|   0|  0|   7|           1|           7|
    |select_ln68_fu_1385_p3    |    select|   0|  0|   3|           1|           1|
    |select_ln69_1_fu_1475_p3  |    select|   0|  0|   6|           1|           1|
    |select_ln69_fu_1431_p3    |    select|   0|  0|   3|           1|           3|
    |ap_enable_pp0             |       xor|   0|  0|   2|           1|           2|
    |xor_ln68_fu_1393_p2       |       xor|   0|  0|   2|           1|           2|
    +--------------------------+----------+----+---+----+------------+------------+
    |Total                     |          |   0|  0| 326|         141|         245|
    +--------------------------+----------+----+---+----+------------+------------+

    * Multiplexer: 
    +----------------------------------------+----+-----------+-----+-----------+
    |                  Name                  | LUT| Input Size| Bits| Total Bits|
    +----------------------------------------+----+-----------+-----+-----------+
    |ap_done_int                             |   9|          2|    1|          2|
    |ap_enable_reg_pp0_iter1                 |   9|          2|    1|          2|
    |ap_sig_allocacmp_indvar_flatten12_load  |   9|          2|   11|         22|
    |ap_sig_allocacmp_indvar_flatten_load    |   9|          2|    6|         12|
    |ap_sig_allocacmp_oh_load                |   9|          2|    3|          6|
    |ap_sig_allocacmp_ow_load                |   9|          2|    3|          6|
    |c_fu_184                                |   9|          2|    7|         14|
    |ifmap_0_0_address0_local                |  17|          4|    8|         32|
    |ifmap_0_1_address0_local                |  17|          4|    8|         32|
    |ifmap_0_2_address0_local                |  17|          4|    8|         32|
    |ifmap_0_3_address0_local                |  17|          4|    8|         32|
    |ifmap_0_4_address0_local                |  17|          4|    8|         32|
    |ifmap_0_5_address0_local                |  17|          4|    8|         32|
    |ifmap_0_6_address0_local                |  17|          4|    8|         32|
    |ifmap_0_7_address0_local                |  17|          4|    8|         32|
    |ifmap_1_0_address0_local                |  17|          4|    8|         32|
    |ifmap_1_1_address0_local                |  17|          4|    8|         32|
    |ifmap_1_2_address0_local                |  17|          4|    8|         32|
    |ifmap_1_3_address0_local                |  17|          4|    8|         32|
    |ifmap_1_4_address0_local                |  17|          4|    8|         32|
    |ifmap_1_5_address0_local                |  17|          4|    8|         32|
    |ifmap_1_6_address0_local                |  17|          4|    8|         32|
    |ifmap_1_7_address0_local                |  17|          4|    8|         32|
    |ifmap_2_0_address0_local                |  17|          4|    8|         32|
    |ifmap_2_1_address0_local                |  17|          4|    8|         32|
    |ifmap_2_2_address0_local                |  17|          4|    8|         32|
    |ifmap_2_3_address0_local                |  17|          4|    8|         32|
    |ifmap_2_4_address0_local                |  17|          4|    8|         32|
    |ifmap_2_5_address0_local                |  17|          4|    8|         32|
    |ifmap_2_6_address0_local                |  17|          4|    8|         32|
    |ifmap_2_7_address0_local                |  17|          4|    8|         32|
    |indvar_flatten12_fu_188                 |   9|          2|   11|         22|
    |indvar_flatten_fu_180                   |   9|          2|    6|         12|
    |oh_fu_176                               |   9|          2|    3|          6|
    |ow_fu_172                               |   9|          2|    3|          6|
    +----------------------------------------+----+-----------+-----+-----------+
    |Total                                   | 507|        118|  247|        878|
    +----------------------------------------+----+-----------+-----+-----------+

    * Register: 
    +----------------------------------------------------+----+----+-----+-----------+
    |                        Name                        | FF | LUT| Bits| Const Bits|
    +----------------------------------------------------+----+----+-----+-----------+
    |acc_258_reg_2712                                    |  32|   0|   32|          0|
    |acc_261_reg_2722                                    |  32|   0|   32|          0|
    |acc_263_reg_2728                                    |  32|   0|   32|          0|
    |acc_264_reg_2733                                    |  32|   0|   32|          0|
    |acc_265_reg_2738                                    |  32|   0|   32|          0|
    |acc_267_reg_2744                                    |  32|   0|   32|          0|
    |acc_268_reg_2749                                    |  32|   0|   32|          0|
    |acc_269_reg_2754                                    |  32|   0|   32|          0|
    |acc_2_reg_2705                                      |  32|   0|   32|          0|
    |add_ln77_reg_2099                                   |   4|   0|    4|          0|
    |add_ln79_reg_2154                                   |   4|   0|    4|          0|
    |add_ln84_reg_2120                                   |   8|   0|    8|          0|
    |ap_CS_fsm                                           |   1|   0|    1|          0|
    |ap_done_reg                                         |   1|   0|    1|          0|
    |ap_enable_reg_pp0_iter1                             |   1|   0|    1|          0|
    |ap_enable_reg_pp0_iter10                            |   1|   0|    1|          0|
    |ap_enable_reg_pp0_iter11                            |   1|   0|    1|          0|
    |ap_enable_reg_pp0_iter12                            |   1|   0|    1|          0|
    |ap_enable_reg_pp0_iter13                            |   1|   0|    1|          0|
    |ap_enable_reg_pp0_iter14                            |   1|   0|    1|          0|
    |ap_enable_reg_pp0_iter15                            |   1|   0|    1|          0|
    |ap_enable_reg_pp0_iter16                            |   1|   0|    1|          0|
    |ap_enable_reg_pp0_iter17                            |   1|   0|    1|          0|
    |ap_enable_reg_pp0_iter18                            |   1|   0|    1|          0|
    |ap_enable_reg_pp0_iter19                            |   1|   0|    1|          0|
    |ap_enable_reg_pp0_iter2                             |   1|   0|    1|          0|
    |ap_enable_reg_pp0_iter20                            |   1|   0|    1|          0|
    |ap_enable_reg_pp0_iter21                            |   1|   0|    1|          0|
    |ap_enable_reg_pp0_iter22                            |   1|   0|    1|          0|
    |ap_enable_reg_pp0_iter23                            |   1|   0|    1|          0|
    |ap_enable_reg_pp0_iter24                            |   1|   0|    1|          0|
    |ap_enable_reg_pp0_iter25                            |   1|   0|    1|          0|
    |ap_enable_reg_pp0_iter26                            |   1|   0|    1|          0|
    |ap_enable_reg_pp0_iter27                            |   1|   0|    1|          0|
    |ap_enable_reg_pp0_iter28                            |   1|   0|    1|          0|
    |ap_enable_reg_pp0_iter29                            |   1|   0|    1|          0|
    |ap_enable_reg_pp0_iter3                             |   1|   0|    1|          0|
    |ap_enable_reg_pp0_iter30                            |   1|   0|    1|          0|
    |ap_enable_reg_pp0_iter31                            |   1|   0|    1|          0|
    |ap_enable_reg_pp0_iter32                            |   1|   0|    1|          0|
    |ap_enable_reg_pp0_iter33                            |   1|   0|    1|          0|
    |ap_enable_reg_pp0_iter34                            |   1|   0|    1|          0|
    |ap_enable_reg_pp0_iter35                            |   1|   0|    1|          0|
    |ap_enable_reg_pp0_iter36                            |   1|   0|    1|          0|
    |ap_enable_reg_pp0_iter37                            |   1|   0|    1|          0|
    |ap_enable_reg_pp0_iter38                            |   1|   0|    1|          0|
    |ap_enable_reg_pp0_iter39                            |   1|   0|    1|          0|
    |ap_enable_reg_pp0_iter4                             |   1|   0|    1|          0|
    |ap_enable_reg_pp0_iter40                            |   1|   0|    1|          0|
    |ap_enable_reg_pp0_iter41                            |   1|   0|    1|          0|
    |ap_enable_reg_pp0_iter42                            |   1|   0|    1|          0|
    |ap_enable_reg_pp0_iter43                            |   1|   0|    1|          0|
    |ap_enable_reg_pp0_iter44                            |   1|   0|    1|          0|
    |ap_enable_reg_pp0_iter45                            |   1|   0|    1|          0|
    |ap_enable_reg_pp0_iter46                            |   1|   0|    1|          0|
    |ap_enable_reg_pp0_iter47                            |   1|   0|    1|          0|
    |ap_enable_reg_pp0_iter48                            |   1|   0|    1|          0|
    |ap_enable_reg_pp0_iter49                            |   1|   0|    1|          0|
    |ap_enable_reg_pp0_iter5                             |   1|   0|    1|          0|
    |ap_enable_reg_pp0_iter50                            |   1|   0|    1|          0|
    |ap_enable_reg_pp0_iter51                            |   1|   0|    1|          0|
    |ap_enable_reg_pp0_iter52                            |   1|   0|    1|          0|
    |ap_enable_reg_pp0_iter53                            |   1|   0|    1|          0|
    |ap_enable_reg_pp0_iter54                            |   1|   0|    1|          0|
    |ap_enable_reg_pp0_iter55                            |   1|   0|    1|          0|
    |ap_enable_reg_pp0_iter56                            |   1|   0|    1|          0|
    |ap_enable_reg_pp0_iter57                            |   1|   0|    1|          0|
    |ap_enable_reg_pp0_iter58                            |   1|   0|    1|          0|
    |ap_enable_reg_pp0_iter6                             |   1|   0|    1|          0|
    |ap_enable_reg_pp0_iter7                             |   1|   0|    1|          0|
    |ap_enable_reg_pp0_iter8                             |   1|   0|    1|          0|
    |ap_enable_reg_pp0_iter9                             |   1|   0|    1|          0|
    |ap_loop_exit_ready_pp0_iter10_reg                   |   1|   0|    1|          0|
    |ap_loop_exit_ready_pp0_iter11_reg                   |   1|   0|    1|          0|
    |ap_loop_exit_ready_pp0_iter12_reg                   |   1|   0|    1|          0|
    |ap_loop_exit_ready_pp0_iter13_reg                   |   1|   0|    1|          0|
    |ap_loop_exit_ready_pp0_iter14_reg                   |   1|   0|    1|          0|
    |ap_loop_exit_ready_pp0_iter15_reg                   |   1|   0|    1|          0|
    |ap_loop_exit_ready_pp0_iter16_reg                   |   1|   0|    1|          0|
    |ap_loop_exit_ready_pp0_iter17_reg                   |   1|   0|    1|          0|
    |ap_loop_exit_ready_pp0_iter18_reg                   |   1|   0|    1|          0|
    |ap_loop_exit_ready_pp0_iter19_reg                   |   1|   0|    1|          0|
    |ap_loop_exit_ready_pp0_iter1_reg                    |   1|   0|    1|          0|
    |ap_loop_exit_ready_pp0_iter20_reg                   |   1|   0|    1|          0|
    |ap_loop_exit_ready_pp0_iter21_reg                   |   1|   0|    1|          0|
    |ap_loop_exit_ready_pp0_iter22_reg                   |   1|   0|    1|          0|
    |ap_loop_exit_ready_pp0_iter23_reg                   |   1|   0|    1|          0|
    |ap_loop_exit_ready_pp0_iter24_reg                   |   1|   0|    1|          0|
    |ap_loop_exit_ready_pp0_iter25_reg                   |   1|   0|    1|          0|
    |ap_loop_exit_ready_pp0_iter26_reg                   |   1|   0|    1|          0|
    |ap_loop_exit_ready_pp0_iter27_reg                   |   1|   0|    1|          0|
    |ap_loop_exit_ready_pp0_iter28_reg                   |   1|   0|    1|          0|
    |ap_loop_exit_ready_pp0_iter29_reg                   |   1|   0|    1|          0|
    |ap_loop_exit_ready_pp0_iter2_reg                    |   1|   0|    1|          0|
    |ap_loop_exit_ready_pp0_iter30_reg                   |   1|   0|    1|          0|
    |ap_loop_exit_ready_pp0_iter31_reg                   |   1|   0|    1|          0|
    |ap_loop_exit_ready_pp0_iter32_reg                   |   1|   0|    1|          0|
    |ap_loop_exit_ready_pp0_iter33_reg                   |   1|   0|    1|          0|
    |ap_loop_exit_ready_pp0_iter34_reg                   |   1|   0|    1|          0|
    |ap_loop_exit_ready_pp0_iter35_reg                   |   1|   0|    1|          0|
    |ap_loop_exit_ready_pp0_iter36_reg                   |   1|   0|    1|          0|
    |ap_loop_exit_ready_pp0_iter37_reg                   |   1|   0|    1|          0|
    |ap_loop_exit_ready_pp0_iter38_reg                   |   1|   0|    1|          0|
    |ap_loop_exit_ready_pp0_iter39_reg                   |   1|   0|    1|          0|
    |ap_loop_exit_ready_pp0_iter3_reg                    |   1|   0|    1|          0|
    |ap_loop_exit_ready_pp0_iter40_reg                   |   1|   0|    1|          0|
    |ap_loop_exit_ready_pp0_iter41_reg                   |   1|   0|    1|          0|
    |ap_loop_exit_ready_pp0_iter42_reg                   |   1|   0|    1|          0|
    |ap_loop_exit_ready_pp0_iter43_reg                   |   1|   0|    1|          0|
    |ap_loop_exit_ready_pp0_iter44_reg                   |   1|   0|    1|          0|
    |ap_loop_exit_ready_pp0_iter45_reg                   |   1|   0|    1|          0|
    |ap_loop_exit_ready_pp0_iter46_reg                   |   1|   0|    1|          0|
    |ap_loop_exit_ready_pp0_iter47_reg                   |   1|   0|    1|          0|
    |ap_loop_exit_ready_pp0_iter48_reg                   |   1|   0|    1|          0|
    |ap_loop_exit_ready_pp0_iter49_reg                   |   1|   0|    1|          0|
    |ap_loop_exit_ready_pp0_iter4_reg                    |   1|   0|    1|          0|
    |ap_loop_exit_ready_pp0_iter50_reg                   |   1|   0|    1|          0|
    |ap_loop_exit_ready_pp0_iter51_reg                   |   1|   0|    1|          0|
    |ap_loop_exit_ready_pp0_iter52_reg                   |   1|   0|    1|          0|
    |ap_loop_exit_ready_pp0_iter53_reg                   |   1|   0|    1|          0|
    |ap_loop_exit_ready_pp0_iter54_reg                   |   1|   0|    1|          0|
    |ap_loop_exit_ready_pp0_iter55_reg                   |   1|   0|    1|          0|
    |ap_loop_exit_ready_pp0_iter56_reg                   |   1|   0|    1|          0|
    |ap_loop_exit_ready_pp0_iter57_reg                   |   1|   0|    1|          0|
    |ap_loop_exit_ready_pp0_iter5_reg                    |   1|   0|    1|          0|
    |ap_loop_exit_ready_pp0_iter6_reg                    |   1|   0|    1|          0|
    |ap_loop_exit_ready_pp0_iter7_reg                    |   1|   0|    1|          0|
    |ap_loop_exit_ready_pp0_iter8_reg                    |   1|   0|    1|          0|
    |ap_loop_exit_ready_pp0_iter9_reg                    |   1|   0|    1|          0|
    |c_fu_184                                            |   7|   0|    7|          0|
    |icmp_ln69_reg_2058                                  |   1|   0|    1|          0|
    |icmp_ln79_reg_2143                                  |   1|   0|    1|          0|
    |indvar_flatten12_fu_188                             |  11|   0|   11|          0|
    |indvar_flatten_fu_180                               |   6|   0|    6|          0|
    |mul36_1_1_reg_2680                                  |  32|   0|   32|          0|
    |mul36_1_2_reg_2685                                  |  32|   0|   32|          0|
    |mul36_1_reg_2675                                    |  32|   0|   32|          0|
    |mul36_2_1_reg_2695                                  |  32|   0|   32|          0|
    |mul36_2_2_reg_2700                                  |  32|   0|   32|          0|
    |mul36_2_reg_2690                                    |  32|   0|   32|          0|
    |mul36_4_reg_2670                                    |  32|   0|   32|          0|
    |mul36_s_reg_2665                                    |  32|   0|   32|          0|
    |mul_reg_2660                                        |  32|   0|   32|          0|
    |oh_fu_176                                           |   3|   0|    3|          0|
    |ow_fu_172                                           |   3|   0|    3|          0|
    |ow_mid2_reg_2063                                    |   3|   0|    3|          0|
    |p_ZL26features_2_deepwise_weight_0_0_load_reg_2585  |  32|   0|   32|          0|
    |p_ZL26features_2_deepwise_weight_0_1_load_reg_2590  |  32|   0|   32|          0|
    |p_ZL26features_2_deepwise_weight_0_2_load_reg_2595  |  32|   0|   32|          0|
    |p_ZL26features_2_deepwise_weight_1_0_load_reg_2600  |  32|   0|   32|          0|
    |p_ZL26features_2_deepwise_weight_1_1_load_reg_2570  |  32|   0|   32|          0|
    |p_ZL26features_2_deepwise_weight_1_2_load_reg_2575  |  32|   0|   32|          0|
    |p_ZL26features_2_deepwise_weight_2_0_load_reg_2605  |  32|   0|   32|          0|
    |p_ZL26features_2_deepwise_weight_2_1_load_reg_2580  |  32|   0|   32|          0|
    |p_ZL26features_2_deepwise_weight_2_2_load_reg_2610  |  32|   0|   32|          0|
    |select_ln68_1_reg_2109                              |   7|   0|    7|          0|
    |select_ln69_reg_2068                                |   3|   0|    3|          0|
    |tmp_106_reg_2615                                    |  32|   0|   32|          0|
    |tmp_110_reg_2620                                    |  32|   0|   32|          0|
    |tmp_114_reg_2625                                    |  32|   0|   32|          0|
    |tmp_118_reg_2630                                    |  32|   0|   32|          0|
    |tmp_122_reg_2635                                    |  32|   0|   32|          0|
    |tmp_126_reg_2640                                    |  32|   0|   32|          0|
    |tmp_130_reg_2645                                    |  32|   0|   32|          0|
    |tmp_134_reg_2650                                    |  32|   0|   32|          0|
    |tmp_138_reg_2655                                    |  32|   0|   32|          0|
    |tmp_70_reg_2094                                     |   2|   0|    2|          0|
    |tmp_71_reg_2149                                     |   2|   0|    2|          0|
    |tmp_73_reg_2159                                     |   1|   0|    1|          0|
    |trunc_ln70_reg_2081                                 |   2|   0|    2|          0|
    |trunc_ln77_1_reg_2125                               |   2|   0|    2|          0|
    |trunc_ln77_1_reg_2125_pp0_iter7_reg                 |   2|   0|    2|          0|
    |trunc_ln77_reg_2076                                 |   2|   0|    2|          0|
    |trunc_ln80_reg_2115                                 |   6|   0|    6|          0|
    |udiv_ln1_cast_reg_2138                              |   8|   0|    8|          0|
    |acc_261_reg_2722                                    |  64|  32|   32|          0|
    |acc_265_reg_2738                                    |  64|  32|   32|          0|
    |acc_2_reg_2705                                      |  64|  32|   32|          0|
    |add_ln77_reg_2099                                   |  64|  32|    4|          0|
    |add_ln79_reg_2154                                   |  64|  32|    4|          0|
    |add_ln84_reg_2120                                   |  64|  32|    8|          0|
    |icmp_ln69_reg_2058                                  |  64|  32|    1|          0|
    |icmp_ln79_reg_2143                                  |  64|  32|    1|          0|
    |mul36_1_1_reg_2680                                  |  64|  32|   32|          0|
    |mul36_1_2_reg_2685                                  |  64|  32|   32|          0|
    |mul36_1_reg_2675                                    |  64|  32|   32|          0|
    |mul36_2_1_reg_2695                                  |  64|  32|   32|          0|
    |mul36_2_2_reg_2700                                  |  64|  32|   32|          0|
    |mul36_2_reg_2690                                    |  64|  32|   32|          0|
    |mul36_4_reg_2670                                    |  64|  32|   32|          0|
    |mul36_s_reg_2665                                    |  64|  32|   32|          0|
    |ow_mid2_reg_2063                                    |  64|  32|    3|          0|
    |select_ln69_reg_2068                                |  64|  32|    3|          0|
    |tmp_70_reg_2094                                     |  64|  32|    2|          0|
    |tmp_73_reg_2159                                     |  64|  32|    1|          0|
    |trunc_ln70_reg_2081                                 |  64|  32|    2|          0|
    |trunc_ln77_reg_2076                                 |  64|  32|    2|          0|
    +----------------------------------------------------+----+----+-----+-----------+
    |Total                                               |2765| 704| 1740|          0|
    +----------------------------------------------------+----+----+-----+-----------+



================================================================
== Interface
================================================================
* Summary: 
+----------------------+-----+-----+------------+--------------+--------------+
|       RTL Ports      | Dir | Bits|  Protocol  | Source Object|    C Type    |
+----------------------+-----+-----+------------+--------------+--------------+
|ap_clk                |   in|    1|  ap_ctrl_hs|           dw2|  return value|
|ap_rst                |   in|    1|  ap_ctrl_hs|           dw2|  return value|
|ap_start              |   in|    1|  ap_ctrl_hs|           dw2|  return value|
|ap_done               |  out|    1|  ap_ctrl_hs|           dw2|  return value|
|ap_idle               |  out|    1|  ap_ctrl_hs|           dw2|  return value|
|ap_ready              |  out|    1|  ap_ctrl_hs|           dw2|  return value|
|grp_fu_2467_p_din0    |  out|   32|  ap_ctrl_hs|           dw2|  return value|
|grp_fu_2467_p_din1    |  out|   32|  ap_ctrl_hs|           dw2|  return value|
|grp_fu_2467_p_opcode  |  out|    2|  ap_ctrl_hs|           dw2|  return value|
|grp_fu_2467_p_dout0   |   in|   32|  ap_ctrl_hs|           dw2|  return value|
|grp_fu_2467_p_ce      |  out|    1|  ap_ctrl_hs|           dw2|  return value|
|grp_fu_2471_p_din0    |  out|   32|  ap_ctrl_hs|           dw2|  return value|
|grp_fu_2471_p_din1    |  out|   32|  ap_ctrl_hs|           dw2|  return value|
|grp_fu_2471_p_opcode  |  out|    2|  ap_ctrl_hs|           dw2|  return value|
|grp_fu_2471_p_dout0   |   in|   32|  ap_ctrl_hs|           dw2|  return value|
|grp_fu_2471_p_ce      |  out|    1|  ap_ctrl_hs|           dw2|  return value|
|grp_fu_2475_p_din0    |  out|   32|  ap_ctrl_hs|           dw2|  return value|
|grp_fu_2475_p_din1    |  out|   32|  ap_ctrl_hs|           dw2|  return value|
|grp_fu_2475_p_opcode  |  out|    2|  ap_ctrl_hs|           dw2|  return value|
|grp_fu_2475_p_dout0   |   in|   32|  ap_ctrl_hs|           dw2|  return value|
|grp_fu_2475_p_ce      |  out|    1|  ap_ctrl_hs|           dw2|  return value|
|grp_fu_2479_p_din0    |  out|   32|  ap_ctrl_hs|           dw2|  return value|
|grp_fu_2479_p_din1    |  out|   32|  ap_ctrl_hs|           dw2|  return value|
|grp_fu_2479_p_opcode  |  out|    2|  ap_ctrl_hs|           dw2|  return value|
|grp_fu_2479_p_dout0   |   in|   32|  ap_ctrl_hs|           dw2|  return value|
|grp_fu_2479_p_ce      |  out|    1|  ap_ctrl_hs|           dw2|  return value|
|grp_fu_2483_p_din0    |  out|   32|  ap_ctrl_hs|           dw2|  return value|
|grp_fu_2483_p_din1    |  out|   32|  ap_ctrl_hs|           dw2|  return value|
|grp_fu_2483_p_opcode  |  out|    2|  ap_ctrl_hs|           dw2|  return value|
|grp_fu_2483_p_dout0   |   in|   32|  ap_ctrl_hs|           dw2|  return value|
|grp_fu_2483_p_ce      |  out|    1|  ap_ctrl_hs|           dw2|  return value|
|grp_fu_2487_p_din0    |  out|   32|  ap_ctrl_hs|           dw2|  return value|
|grp_fu_2487_p_din1    |  out|   32|  ap_ctrl_hs|           dw2|  return value|
|grp_fu_2487_p_opcode  |  out|    2|  ap_ctrl_hs|           dw2|  return value|
|grp_fu_2487_p_dout0   |   in|   32|  ap_ctrl_hs|           dw2|  return value|
|grp_fu_2487_p_ce      |  out|    1|  ap_ctrl_hs|           dw2|  return value|
|grp_fu_2491_p_din0    |  out|   32|  ap_ctrl_hs|           dw2|  return value|
|grp_fu_2491_p_din1    |  out|   32|  ap_ctrl_hs|           dw2|  return value|
|grp_fu_2491_p_opcode  |  out|    2|  ap_ctrl_hs|           dw2|  return value|
|grp_fu_2491_p_dout0   |   in|   32|  ap_ctrl_hs|           dw2|  return value|
|grp_fu_2491_p_ce      |  out|    1|  ap_ctrl_hs|           dw2|  return value|
|grp_fu_2495_p_din0    |  out|   32|  ap_ctrl_hs|           dw2|  return value|
|grp_fu_2495_p_din1    |  out|   32|  ap_ctrl_hs|           dw2|  return value|
|grp_fu_2495_p_opcode  |  out|    2|  ap_ctrl_hs|           dw2|  return value|
|grp_fu_2495_p_dout0   |   in|   32|  ap_ctrl_hs|           dw2|  return value|
|grp_fu_2495_p_ce      |  out|    1|  ap_ctrl_hs|           dw2|  return value|
|grp_fu_2499_p_din0    |  out|   32|  ap_ctrl_hs|           dw2|  return value|
|grp_fu_2499_p_din1    |  out|   32|  ap_ctrl_hs|           dw2|  return value|
|grp_fu_2499_p_opcode  |  out|    2|  ap_ctrl_hs|           dw2|  return value|
|grp_fu_2499_p_dout0   |   in|   32|  ap_ctrl_hs|           dw2|  return value|
|grp_fu_2499_p_ce      |  out|    1|  ap_ctrl_hs|           dw2|  return value|
|grp_fu_2523_p_din0    |  out|   32|  ap_ctrl_hs|           dw2|  return value|
|grp_fu_2523_p_din1    |  out|   32|  ap_ctrl_hs|           dw2|  return value|
|grp_fu_2523_p_dout0   |   in|   32|  ap_ctrl_hs|           dw2|  return value|
|grp_fu_2523_p_ce      |  out|    1|  ap_ctrl_hs|           dw2|  return value|
|grp_fu_2527_p_din0    |  out|   32|  ap_ctrl_hs|           dw2|  return value|
|grp_fu_2527_p_din1    |  out|   32|  ap_ctrl_hs|           dw2|  return value|
|grp_fu_2527_p_dout0   |   in|   32|  ap_ctrl_hs|           dw2|  return value|
|grp_fu_2527_p_ce      |  out|    1|  ap_ctrl_hs|           dw2|  return value|
|grp_fu_2531_p_din0    |  out|   32|  ap_ctrl_hs|           dw2|  return value|
|grp_fu_2531_p_din1    |  out|   32|  ap_ctrl_hs|           dw2|  return value|
|grp_fu_2531_p_dout0   |   in|   32|  ap_ctrl_hs|           dw2|  return value|
|grp_fu_2531_p_ce      |  out|    1|  ap_ctrl_hs|           dw2|  return value|
|grp_fu_2535_p_din0    |  out|   32|  ap_ctrl_hs|           dw2|  return value|
|grp_fu_2535_p_din1    |  out|   32|  ap_ctrl_hs|           dw2|  return value|
|grp_fu_2535_p_dout0   |   in|   32|  ap_ctrl_hs|           dw2|  return value|
|grp_fu_2535_p_ce      |  out|    1|  ap_ctrl_hs|           dw2|  return value|
|grp_fu_2539_p_din0    |  out|   32|  ap_ctrl_hs|           dw2|  return value|
|grp_fu_2539_p_din1    |  out|   32|  ap_ctrl_hs|           dw2|  return value|
|grp_fu_2539_p_dout0   |   in|   32|  ap_ctrl_hs|           dw2|  return value|
|grp_fu_2539_p_ce      |  out|    1|  ap_ctrl_hs|           dw2|  return value|
|grp_fu_2543_p_din0    |  out|   32|  ap_ctrl_hs|           dw2|  return value|
|grp_fu_2543_p_din1    |  out|   32|  ap_ctrl_hs|           dw2|  return value|
|grp_fu_2543_p_dout0   |   in|   32|  ap_ctrl_hs|           dw2|  return value|
|grp_fu_2543_p_ce      |  out|    1|  ap_ctrl_hs|           dw2|  return value|
|grp_fu_2547_p_din0    |  out|   32|  ap_ctrl_hs|           dw2|  return value|
|grp_fu_2547_p_din1    |  out|   32|  ap_ctrl_hs|           dw2|  return value|
|grp_fu_2547_p_dout0   |   in|   32|  ap_ctrl_hs|           dw2|  return value|
|grp_fu_2547_p_ce      |  out|    1|  ap_ctrl_hs|           dw2|  return value|
|grp_fu_2551_p_din0    |  out|   32|  ap_ctrl_hs|           dw2|  return value|
|grp_fu_2551_p_din1    |  out|   32|  ap_ctrl_hs|           dw2|  return value|
|grp_fu_2551_p_dout0   |   in|   32|  ap_ctrl_hs|           dw2|  return value|
|grp_fu_2551_p_ce      |  out|    1|  ap_ctrl_hs|           dw2|  return value|
|grp_fu_2555_p_din0    |  out|   32|  ap_ctrl_hs|           dw2|  return value|
|grp_fu_2555_p_din1    |  out|   32|  ap_ctrl_hs|           dw2|  return value|
|grp_fu_2555_p_dout0   |   in|   32|  ap_ctrl_hs|           dw2|  return value|
|grp_fu_2555_p_ce      |  out|    1|  ap_ctrl_hs|           dw2|  return value|
|grp_fu_2579_p_din0    |  out|   64|  ap_ctrl_hs|           dw2|  return value|
|grp_fu_2579_p_din1    |  out|   66|  ap_ctrl_hs|           dw2|  return value|
|grp_fu_2579_p_dout0   |   in|  129|  ap_ctrl_hs|           dw2|  return value|
|grp_fu_2579_p_ce      |  out|    1|  ap_ctrl_hs|           dw2|  return value|
|ifmap_0_0_address0    |  out|    8|   ap_memory|     ifmap_0_0|         array|
|ifmap_0_0_ce0         |  out|    1|   ap_memory|     ifmap_0_0|         array|
|ifmap_0_0_q0          |   in|   32|   ap_memory|     ifmap_0_0|         array|
|ifmap_0_1_address0    |  out|    8|   ap_memory|     ifmap_0_1|         array|
|ifmap_0_1_ce0         |  out|    1|   ap_memory|     ifmap_0_1|         array|
|ifmap_0_1_q0          |   in|   32|   ap_memory|     ifmap_0_1|         array|
|ifmap_0_2_address0    |  out|    8|   ap_memory|     ifmap_0_2|         array|
|ifmap_0_2_ce0         |  out|    1|   ap_memory|     ifmap_0_2|         array|
|ifmap_0_2_q0          |   in|   32|   ap_memory|     ifmap_0_2|         array|
|ifmap_0_3_address0    |  out|    8|   ap_memory|     ifmap_0_3|         array|
|ifmap_0_3_ce0         |  out|    1|   ap_memory|     ifmap_0_3|         array|
|ifmap_0_3_q0          |   in|   32|   ap_memory|     ifmap_0_3|         array|
|ifmap_0_4_address0    |  out|    8|   ap_memory|     ifmap_0_4|         array|
|ifmap_0_4_ce0         |  out|    1|   ap_memory|     ifmap_0_4|         array|
|ifmap_0_4_q0          |   in|   32|   ap_memory|     ifmap_0_4|         array|
|ifmap_0_5_address0    |  out|    8|   ap_memory|     ifmap_0_5|         array|
|ifmap_0_5_ce0         |  out|    1|   ap_memory|     ifmap_0_5|         array|
|ifmap_0_5_q0          |   in|   32|   ap_memory|     ifmap_0_5|         array|
|ifmap_0_6_address0    |  out|    8|   ap_memory|     ifmap_0_6|         array|
|ifmap_0_6_ce0         |  out|    1|   ap_memory|     ifmap_0_6|         array|
|ifmap_0_6_q0          |   in|   32|   ap_memory|     ifmap_0_6|         array|
|ifmap_0_7_address0    |  out|    8|   ap_memory|     ifmap_0_7|         array|
|ifmap_0_7_ce0         |  out|    1|   ap_memory|     ifmap_0_7|         array|
|ifmap_0_7_q0          |   in|   32|   ap_memory|     ifmap_0_7|         array|
|ifmap_1_0_address0    |  out|    8|   ap_memory|     ifmap_1_0|         array|
|ifmap_1_0_ce0         |  out|    1|   ap_memory|     ifmap_1_0|         array|
|ifmap_1_0_q0          |   in|   32|   ap_memory|     ifmap_1_0|         array|
|ifmap_1_1_address0    |  out|    8|   ap_memory|     ifmap_1_1|         array|
|ifmap_1_1_ce0         |  out|    1|   ap_memory|     ifmap_1_1|         array|
|ifmap_1_1_q0          |   in|   32|   ap_memory|     ifmap_1_1|         array|
|ifmap_1_2_address0    |  out|    8|   ap_memory|     ifmap_1_2|         array|
|ifmap_1_2_ce0         |  out|    1|   ap_memory|     ifmap_1_2|         array|
|ifmap_1_2_q0          |   in|   32|   ap_memory|     ifmap_1_2|         array|
|ifmap_1_3_address0    |  out|    8|   ap_memory|     ifmap_1_3|         array|
|ifmap_1_3_ce0         |  out|    1|   ap_memory|     ifmap_1_3|         array|
|ifmap_1_3_q0          |   in|   32|   ap_memory|     ifmap_1_3|         array|
|ifmap_1_4_address0    |  out|    8|   ap_memory|     ifmap_1_4|         array|
|ifmap_1_4_ce0         |  out|    1|   ap_memory|     ifmap_1_4|         array|
|ifmap_1_4_q0          |   in|   32|   ap_memory|     ifmap_1_4|         array|
|ifmap_1_5_address0    |  out|    8|   ap_memory|     ifmap_1_5|         array|
|ifmap_1_5_ce0         |  out|    1|   ap_memory|     ifmap_1_5|         array|
|ifmap_1_5_q0          |   in|   32|   ap_memory|     ifmap_1_5|         array|
|ifmap_1_6_address0    |  out|    8|   ap_memory|     ifmap_1_6|         array|
|ifmap_1_6_ce0         |  out|    1|   ap_memory|     ifmap_1_6|         array|
|ifmap_1_6_q0          |   in|   32|   ap_memory|     ifmap_1_6|         array|
|ifmap_1_7_address0    |  out|    8|   ap_memory|     ifmap_1_7|         array|
|ifmap_1_7_ce0         |  out|    1|   ap_memory|     ifmap_1_7|         array|
|ifmap_1_7_q0          |   in|   32|   ap_memory|     ifmap_1_7|         array|
|ifmap_2_0_address0    |  out|    8|   ap_memory|     ifmap_2_0|         array|
|ifmap_2_0_ce0         |  out|    1|   ap_memory|     ifmap_2_0|         array|
|ifmap_2_0_q0          |   in|   32|   ap_memory|     ifmap_2_0|         array|
|ifmap_2_1_address0    |  out|    8|   ap_memory|     ifmap_2_1|         array|
|ifmap_2_1_ce0         |  out|    1|   ap_memory|     ifmap_2_1|         array|
|ifmap_2_1_q0          |   in|   32|   ap_memory|     ifmap_2_1|         array|
|ifmap_2_2_address0    |  out|    8|   ap_memory|     ifmap_2_2|         array|
|ifmap_2_2_ce0         |  out|    1|   ap_memory|     ifmap_2_2|         array|
|ifmap_2_2_q0          |   in|   32|   ap_memory|     ifmap_2_2|         array|
|ifmap_2_3_address0    |  out|    8|   ap_memory|     ifmap_2_3|         array|
|ifmap_2_3_ce0         |  out|    1|   ap_memory|     ifmap_2_3|         array|
|ifmap_2_3_q0          |   in|   32|   ap_memory|     ifmap_2_3|         array|
|ifmap_2_4_address0    |  out|    8|   ap_memory|     ifmap_2_4|         array|
|ifmap_2_4_ce0         |  out|    1|   ap_memory|     ifmap_2_4|         array|
|ifmap_2_4_q0          |   in|   32|   ap_memory|     ifmap_2_4|         array|
|ifmap_2_5_address0    |  out|    8|   ap_memory|     ifmap_2_5|         array|
|ifmap_2_5_ce0         |  out|    1|   ap_memory|     ifmap_2_5|         array|
|ifmap_2_5_q0          |   in|   32|   ap_memory|     ifmap_2_5|         array|
|ifmap_2_6_address0    |  out|    8|   ap_memory|     ifmap_2_6|         array|
|ifmap_2_6_ce0         |  out|    1|   ap_memory|     ifmap_2_6|         array|
|ifmap_2_6_q0          |   in|   32|   ap_memory|     ifmap_2_6|         array|
|ifmap_2_7_address0    |  out|    8|   ap_memory|     ifmap_2_7|         array|
|ifmap_2_7_ce0         |  out|    1|   ap_memory|     ifmap_2_7|         array|
|ifmap_2_7_q0          |   in|   32|   ap_memory|     ifmap_2_7|         array|
|ofmap_0_address0      |  out|    8|   ap_memory|       ofmap_0|         array|
|ofmap_0_ce0           |  out|    1|   ap_memory|       ofmap_0|         array|
|ofmap_0_we0           |  out|    1|   ap_memory|       ofmap_0|         array|
|ofmap_0_d0            |  out|   32|   ap_memory|       ofmap_0|         array|
|ofmap_1_address0      |  out|    8|   ap_memory|       ofmap_1|         array|
|ofmap_1_ce0           |  out|    1|   ap_memory|       ofmap_1|         array|
|ofmap_1_we0           |  out|    1|   ap_memory|       ofmap_1|         array|
|ofmap_1_d0            |  out|   32|   ap_memory|       ofmap_1|         array|
|ofmap_2_address0      |  out|    8|   ap_memory|       ofmap_2|         array|
|ofmap_2_ce0           |  out|    1|   ap_memory|       ofmap_2|         array|
|ofmap_2_we0           |  out|    1|   ap_memory|       ofmap_2|         array|
|ofmap_2_d0            |  out|   32|   ap_memory|       ofmap_2|         array|
|ofmap_3_address0      |  out|    8|   ap_memory|       ofmap_3|         array|
|ofmap_3_ce0           |  out|    1|   ap_memory|       ofmap_3|         array|
|ofmap_3_we0           |  out|    1|   ap_memory|       ofmap_3|         array|
|ofmap_3_d0            |  out|   32|   ap_memory|       ofmap_3|         array|
+----------------------+-----+-----+------------+--------------+--------------+

