

================================================================
== Vitis HLS Report for 'fc_Pipeline_FC_IC'
================================================================
* Date:           Sat Jun 27 09:58:21 2026

* Version:        2025.2 (Build 6295257 on Nov 14 2025)
* Project:        FP32_HLS
* Solution:       hls (Vivado IP Flow Target)
* Product family: zynq
* Target device:  xc7z045-ffg900-2


================================================================
== Performance Estimates
================================================================
+ Timing: 
    * Summary: 
    +--------+----------+----------+------------+
    |  Clock |  Target  | Estimated| Uncertainty|
    +--------+----------+----------+------------+
    |ap_clk  |  10.00 ns|  7.157 ns|     2.70 ns|
    +--------+----------+----------+------------+

+ Latency: 
    * Summary: 
    +---------+---------+-----------+-----------+-----+-----+-------------------+
    |  Latency (cycles) |   Latency (absolute)  |  Interval |      Pipeline     |
    |   min   |   max   |    min    |    max    | min | max |        Type       |
    +---------+---------+-----------+-----------+-----+-----+-------------------+
    |     1547|     1547|  15.470 us|  15.470 us|    0|    0|  loop pipeline stp|
    +---------+---------+-----------+-----------+-----+-----+-------------------+

    + Detail: 
        * Instance: 
        N/A

        * Loop: 
        +----------+---------+---------+----------+-----------+-----------+------+----------+
        |          |  Latency (cycles) | Iteration|  Initiation Interval  | Trip |          |
        | Loop Name|   min   |   max   |  Latency |  achieved |   target  | Count| Pipelined|
        +----------+---------+---------+----------+-----------+-----------+------+----------+
        |- FC_IC   |     1545|     1545|        16|          6|          1|   256|       yes|
        +----------+---------+---------+----------+-----------+-----------+------+----------+



================================================================
== Utilization Estimates
================================================================
* Summary: 
+-----------------+---------+-----+--------+--------+-----+
|       Name      | BRAM_18K| DSP |   FF   |   LUT  | URAM|
+-----------------+---------+-----+--------+--------+-----+
|DSP              |        -|    -|       -|       -|    -|
|Expression       |        -|    -|       0|      21|    -|
|FIFO             |        -|    -|       -|       -|    -|
|Instance         |        -|    -|       -|       -|    -|
|Memory           |       10|    -|       0|       0|    -|
|Multiplexer      |        -|    -|       0|     332|    -|
|Register         |        -|    -|    1078|       -|    -|
+-----------------+---------+-----+--------+--------+-----+
|Total            |       10|    0|    1078|     353|    0|
+-----------------+---------+-----+--------+--------+-----+
|Available        |     1090|  900|  437200|  218600|    0|
+-----------------+---------+-----+--------+--------+-----+
|Utilization (%)  |       ~0|    0|      ~0|      ~0|    0|
+-----------------+---------+-----+--------+--------+-----+

+ Detail: 
    * Instance: 
    N/A

    * DSP: 
    N/A

    * Memory: 
    +--------------------+------------------------------------------------+---------+---+----+-----+------+-----+------+-------------+
    |       Memory       |                     Module                     | BRAM_18K| FF| LUT| URAM| Words| Bits| Banks| W*Bits*Banks|
    +--------------------+------------------------------------------------+---------+---+----+-----+------+-----+------+-------------+
    |p_ZL9fc_weight_0_U  |fc_Pipeline_FC_IC_p_ZL9fc_weight_0_ROM_AUTO_1R  |        1|  0|   0|    0|   256|   32|     1|         8192|
    |p_ZL9fc_weight_1_U  |fc_Pipeline_FC_IC_p_ZL9fc_weight_1_ROM_AUTO_1R  |        1|  0|   0|    0|   256|   32|     1|         8192|
    |p_ZL9fc_weight_2_U  |fc_Pipeline_FC_IC_p_ZL9fc_weight_2_ROM_AUTO_1R  |        1|  0|   0|    0|   256|   32|     1|         8192|
    |p_ZL9fc_weight_3_U  |fc_Pipeline_FC_IC_p_ZL9fc_weight_3_ROM_AUTO_1R  |        1|  0|   0|    0|   256|   32|     1|         8192|
    |p_ZL9fc_weight_4_U  |fc_Pipeline_FC_IC_p_ZL9fc_weight_4_ROM_AUTO_1R  |        1|  0|   0|    0|   256|   32|     1|         8192|
    |p_ZL9fc_weight_5_U  |fc_Pipeline_FC_IC_p_ZL9fc_weight_5_ROM_AUTO_1R  |        1|  0|   0|    0|   256|   32|     1|         8192|
    |p_ZL9fc_weight_6_U  |fc_Pipeline_FC_IC_p_ZL9fc_weight_6_ROM_AUTO_1R  |        1|  0|   0|    0|   256|   32|     1|         8192|
    |p_ZL9fc_weight_7_U  |fc_Pipeline_FC_IC_p_ZL9fc_weight_7_ROM_AUTO_1R  |        1|  0|   0|    0|   256|   32|     1|         8192|
    |p_ZL9fc_weight_8_U  |fc_Pipeline_FC_IC_p_ZL9fc_weight_8_ROM_AUTO_1R  |        1|  0|   0|    0|   256|   32|     1|         8192|
    |p_ZL9fc_weight_9_U  |fc_Pipeline_FC_IC_p_ZL9fc_weight_9_ROM_AUTO_1R  |        1|  0|   0|    0|   256|   32|     1|         8192|
    +--------------------+------------------------------------------------+---------+---+----+-----+------+-----+------+-------------+
    |Total               |                                                |       10|  0|   0|    0|  2560|  320|    10|        81920|
    +--------------------+------------------------------------------------+---------+---+----+-----+------+-----+------+-------------+

    * FIFO: 
    N/A

    * Expression: 
    +---------------------+----------+----+---+----+------------+------------+
    |    Variable Name    | Operation| DSP| FF| LUT| Bitwidth P0| Bitwidth P1|
    +---------------------+----------+----+---+----+------------+------------+
    |add_ln17_fu_497_p2   |         +|   0|  0|   9|           9|           1|
    |icmp_ln17_fu_491_p2  |      icmp|   0|  0|  10|           9|          10|
    |ap_enable_pp0        |       xor|   0|  0|   2|           1|           2|
    +---------------------+----------+----+---+----+------------+------------+
    |Total                |          |   0|  0|  21|          19|          13|
    +---------------------+----------+----+---+----+------------+------------+

    * Multiplexer: 
    +----------------------------------+----+-----------+-----+-----------+
    |               Name               | LUT| Input Size| Bits| Total Bits|
    +----------------------------------+----+-----------+-----+-----------+
    |add8_fu_92                        |   9|          2|   32|         64|
    |add_19_fu_96                      |   9|          2|   32|         64|
    |add_210_fu_100                    |   9|          2|   32|         64|
    |add_311_fu_104                    |   9|          2|   32|         64|
    |add_412_fu_108                    |   9|          2|   32|         64|
    |add_513_fu_112                    |   9|          2|   32|         64|
    |add_614_fu_116                    |   9|          2|   32|         64|
    |add_715_fu_120                    |   9|          2|   32|         64|
    |add_816_fu_124                    |   9|          2|   32|         64|
    |add_917_fu_128                    |   9|          2|   32|         64|
    |ap_NS_fsm                         |  29|          7|    1|          7|
    |ap_done_int                       |   9|          2|    1|          2|
    |ap_enable_reg_pp0_iter0           |   9|          2|    1|          2|
    |ap_enable_reg_pp0_iter1           |   9|          2|    1|          2|
    |ap_enable_reg_pp0_iter2           |   9|          2|    1|          2|
    |ap_loop_exit_ready_pp0_iter1_reg  |   9|          2|    1|          2|
    |ap_sig_allocacmp_ic_1             |   9|          2|    9|         18|
    |grp_fu_409_p0                     |  25|          6|   32|        192|
    |grp_fu_409_p1                     |  25|          6|   32|        192|
    |grp_fu_413_p0                     |  25|          6|   32|        192|
    |grp_fu_413_p1                     |  25|          6|   32|        192|
    |grp_fu_417_p1                     |  25|          6|   32|        192|
    |grp_fu_421_p1                     |  25|          6|   32|        192|
    |ic_fu_132                         |   9|          2|    9|         18|
    +----------------------------------+----+-----------+-----+-----------+
    |Total                             | 332|         77|  536|       1845|
    +----------------------------------+----+-----------+-----+-----------+

    * Register: 
    +----------------------------------+----+----+-----+-----------+
    |               Name               | FF | LUT| Bits| Const Bits|
    +----------------------------------+----+----+-----+-----------+
    |add8_fu_92                        |  32|   0|   32|          0|
    |add_19_fu_96                      |  32|   0|   32|          0|
    |add_210_fu_100                    |  32|   0|   32|          0|
    |add_311_fu_104                    |  32|   0|   32|          0|
    |add_412_fu_108                    |  32|   0|   32|          0|
    |add_513_fu_112                    |  32|   0|   32|          0|
    |add_614_fu_116                    |  32|   0|   32|          0|
    |add_715_fu_120                    |  32|   0|   32|          0|
    |add_816_fu_124                    |  32|   0|   32|          0|
    |add_917_fu_128                    |  32|   0|   32|          0|
    |ap_CS_fsm                         |   6|   0|    6|          0|
    |ap_done_reg                       |   1|   0|    1|          0|
    |ap_enable_reg_pp0_iter0_reg       |   1|   0|    1|          0|
    |ap_enable_reg_pp0_iter1           |   1|   0|    1|          0|
    |ap_enable_reg_pp0_iter2           |   1|   0|    1|          0|
    |ap_loop_exit_ready_pp0_iter1_reg  |   1|   0|    1|          0|
    |ic_fu_132                         |   9|   0|    9|          0|
    |icmp_ln17_reg_740                 |   1|   0|    1|          0|
    |icmp_ln17_reg_740_pp0_iter1_reg   |   1|   0|    1|          0|
    |ifmap_load_reg_799                |  32|   0|   32|          0|
    |mul_1_reg_860                     |  32|   0|   32|          0|
    |mul_2_reg_875                     |  32|   0|   32|          0|
    |mul_3_reg_880                     |  32|   0|   32|          0|
    |mul_4_reg_895                     |  32|   0|   32|          0|
    |mul_5_reg_900                     |  32|   0|   32|          0|
    |mul_6_reg_915                     |  32|   0|   32|          0|
    |mul_7_reg_920                     |  32|   0|   32|          0|
    |mul_8_reg_935                     |  32|   0|   32|          0|
    |mul_9_reg_940                     |  32|   0|   32|          0|
    |mul_reg_855                       |  32|   0|   32|          0|
    |p_ZL9fc_weight_0_load_reg_805     |  32|   0|   32|          0|
    |p_ZL9fc_weight_1_load_reg_810     |  32|   0|   32|          0|
    |p_ZL9fc_weight_2_load_reg_815     |  32|   0|   32|          0|
    |p_ZL9fc_weight_3_load_reg_820     |  32|   0|   32|          0|
    |p_ZL9fc_weight_4_load_reg_825     |  32|   0|   32|          0|
    |p_ZL9fc_weight_5_load_reg_830     |  32|   0|   32|          0|
    |p_ZL9fc_weight_6_load_reg_835     |  32|   0|   32|          0|
    |p_ZL9fc_weight_7_load_reg_840     |  32|   0|   32|          0|
    |p_ZL9fc_weight_8_load_reg_845     |  32|   0|   32|          0|
    |p_ZL9fc_weight_9_load_reg_850     |  32|   0|   32|          0|
    |reg_425                           |  32|   0|   32|          0|
    |reg_429                           |  32|   0|   32|          0|
    +----------------------------------+----+----+-----+-----------+
    |Total                             |1078|   0| 1078|          0|
    +----------------------------------+----+----+-----+-----------+



================================================================
== Interface
================================================================
* Summary: 
+--------------------------------+-----+-----+------------+--------------------------------+--------------+
|            RTL Ports           | Dir | Bits|  Protocol  |          Source Object         |    C Type    |
+--------------------------------+-----+-----+------------+--------------------------------+--------------+
|ap_clk                          |   in|    1|  ap_ctrl_hs|               fc_Pipeline_FC_IC|  return value|
|ap_rst                          |   in|    1|  ap_ctrl_hs|               fc_Pipeline_FC_IC|  return value|
|ap_start                        |   in|    1|  ap_ctrl_hs|               fc_Pipeline_FC_IC|  return value|
|ap_done                         |  out|    1|  ap_ctrl_hs|               fc_Pipeline_FC_IC|  return value|
|ap_idle                         |  out|    1|  ap_ctrl_hs|               fc_Pipeline_FC_IC|  return value|
|ap_ready                        |  out|    1|  ap_ctrl_hs|               fc_Pipeline_FC_IC|  return value|
|grp_fu_452_p_din0               |  out|   32|  ap_ctrl_hs|               fc_Pipeline_FC_IC|  return value|
|grp_fu_452_p_din1               |  out|   32|  ap_ctrl_hs|               fc_Pipeline_FC_IC|  return value|
|grp_fu_452_p_opcode             |  out|    2|  ap_ctrl_hs|               fc_Pipeline_FC_IC|  return value|
|grp_fu_452_p_dout0              |   in|   32|  ap_ctrl_hs|               fc_Pipeline_FC_IC|  return value|
|grp_fu_452_p_ce                 |  out|    1|  ap_ctrl_hs|               fc_Pipeline_FC_IC|  return value|
|grp_fu_456_p_din0               |  out|   32|  ap_ctrl_hs|               fc_Pipeline_FC_IC|  return value|
|grp_fu_456_p_din1               |  out|   32|  ap_ctrl_hs|               fc_Pipeline_FC_IC|  return value|
|grp_fu_456_p_opcode             |  out|    2|  ap_ctrl_hs|               fc_Pipeline_FC_IC|  return value|
|grp_fu_456_p_dout0              |   in|   32|  ap_ctrl_hs|               fc_Pipeline_FC_IC|  return value|
|grp_fu_456_p_ce                 |  out|    1|  ap_ctrl_hs|               fc_Pipeline_FC_IC|  return value|
|grp_fu_460_p_din0               |  out|   32|  ap_ctrl_hs|               fc_Pipeline_FC_IC|  return value|
|grp_fu_460_p_din1               |  out|   32|  ap_ctrl_hs|               fc_Pipeline_FC_IC|  return value|
|grp_fu_460_p_dout0              |   in|   32|  ap_ctrl_hs|               fc_Pipeline_FC_IC|  return value|
|grp_fu_460_p_ce                 |  out|    1|  ap_ctrl_hs|               fc_Pipeline_FC_IC|  return value|
|grp_fu_464_p_din0               |  out|   32|  ap_ctrl_hs|               fc_Pipeline_FC_IC|  return value|
|grp_fu_464_p_din1               |  out|   32|  ap_ctrl_hs|               fc_Pipeline_FC_IC|  return value|
|grp_fu_464_p_dout0              |   in|   32|  ap_ctrl_hs|               fc_Pipeline_FC_IC|  return value|
|grp_fu_464_p_ce                 |  out|    1|  ap_ctrl_hs|               fc_Pipeline_FC_IC|  return value|
|arrayidx19_9_promoted21_reload  |   in|   32|     ap_none|  arrayidx19_9_promoted21_reload|        scalar|
|arrayidx19_8_promoted19_reload  |   in|   32|     ap_none|  arrayidx19_8_promoted19_reload|        scalar|
|arrayidx19_7_promoted17_reload  |   in|   32|     ap_none|  arrayidx19_7_promoted17_reload|        scalar|
|arrayidx19_6_promoted15_reload  |   in|   32|     ap_none|  arrayidx19_6_promoted15_reload|        scalar|
|arrayidx19_5_promoted13_reload  |   in|   32|     ap_none|  arrayidx19_5_promoted13_reload|        scalar|
|arrayidx19_4_promoted11_reload  |   in|   32|     ap_none|  arrayidx19_4_promoted11_reload|        scalar|
|arrayidx19_3_promoted9_reload   |   in|   32|     ap_none|   arrayidx19_3_promoted9_reload|        scalar|
|arrayidx19_2_promoted7_reload   |   in|   32|     ap_none|   arrayidx19_2_promoted7_reload|        scalar|
|arrayidx19_1_promoted5_reload   |   in|   32|     ap_none|   arrayidx19_1_promoted5_reload|        scalar|
|arrayidx19_promoted3_reload     |   in|   32|     ap_none|     arrayidx19_promoted3_reload|        scalar|
|ifmap_address0                  |  out|    8|   ap_memory|                           ifmap|         array|
|ifmap_ce0                       |  out|    1|   ap_memory|                           ifmap|         array|
|ifmap_q0                        |   in|   32|   ap_memory|                           ifmap|         array|
|add_917_out                     |  out|   32|      ap_vld|                     add_917_out|       pointer|
|add_917_out_ap_vld              |  out|    1|      ap_vld|                     add_917_out|       pointer|
|add_816_out                     |  out|   32|      ap_vld|                     add_816_out|       pointer|
|add_816_out_ap_vld              |  out|    1|      ap_vld|                     add_816_out|       pointer|
|add_715_out                     |  out|   32|      ap_vld|                     add_715_out|       pointer|
|add_715_out_ap_vld              |  out|    1|      ap_vld|                     add_715_out|       pointer|
|add_614_out                     |  out|   32|      ap_vld|                     add_614_out|       pointer|
|add_614_out_ap_vld              |  out|    1|      ap_vld|                     add_614_out|       pointer|
|add_513_out                     |  out|   32|      ap_vld|                     add_513_out|       pointer|
|add_513_out_ap_vld              |  out|    1|      ap_vld|                     add_513_out|       pointer|
|add_412_out                     |  out|   32|      ap_vld|                     add_412_out|       pointer|
|add_412_out_ap_vld              |  out|    1|      ap_vld|                     add_412_out|       pointer|
|add_311_out                     |  out|   32|      ap_vld|                     add_311_out|       pointer|
|add_311_out_ap_vld              |  out|    1|      ap_vld|                     add_311_out|       pointer|
|add_210_out                     |  out|   32|      ap_vld|                     add_210_out|       pointer|
|add_210_out_ap_vld              |  out|    1|      ap_vld|                     add_210_out|       pointer|
|add_19_out                      |  out|   32|      ap_vld|                      add_19_out|       pointer|
|add_19_out_ap_vld               |  out|    1|      ap_vld|                      add_19_out|       pointer|
|add8_out                        |  out|   32|      ap_vld|                        add8_out|       pointer|
|add8_out_ap_vld                 |  out|    1|      ap_vld|                        add8_out|       pointer|
+--------------------------------+-----+-----+------------+--------------------------------+--------------+

