

================================================================
== Vitis HLS Report for 'fc_Pipeline_FC_OUTPUT'
================================================================
* Date:           Sat Jun 27 09:58:21 2026

* Version:        2025.2 (Build 6295257 on Nov 14 2025)
* Project:        FP32_HLS
* Solution:       hls (Vivado IP Flow Target)
* Product family: zynq
* Target device:  xc7z045-ffg900-2


================================================================
== Performance Estimates
================================================================
+ Timing: 
    * Summary: 
    +--------+----------+----------+------------+
    |  Clock |  Target  | Estimated| Uncertainty|
    +--------+----------+----------+------------+
    |ap_clk  |  10.00 ns|  4.568 ns|     2.70 ns|
    +--------+----------+----------+------------+

+ Latency: 
    * Summary: 
    +---------+---------+----------+----------+-----+-----+-------------------+
    |  Latency (cycles) |  Latency (absolute) |  Interval |      Pipeline     |
    |   min   |   max   |    min   |    max   | min | max |        Type       |
    +---------+---------+----------+----------+-----+-----+-------------------+
    |       12|       12|  0.120 us|  0.120 us|    0|    0|  loop pipeline stp|
    +---------+---------+----------+----------+-----+-----+-------------------+

    + Detail: 
        * Instance: 
        N/A

        * Loop: 
        +-------------+---------+---------+----------+-----------+-----------+------+----------+
        |             |  Latency (cycles) | Iteration|  Initiation Interval  | Trip |          |
        |  Loop Name  |   min   |   max   |  Latency |  achieved |   target  | Count| Pipelined|
        +-------------+---------+---------+----------+-----------+-----------+------+----------+
        |- FC_OUTPUT  |       10|       10|         1|          1|          1|    10|       yes|
        +-------------+---------+---------+----------+-----------+-----------+------+----------+



================================================================
== Utilization Estimates
================================================================
* Summary: 
+-----------------+---------+-----+--------+--------+-----+
|       Name      | BRAM_18K| DSP |   FF   |   LUT  | URAM|
+-----------------+---------+-----+--------+--------+-----+
|DSP              |        -|    -|       -|       -|    -|
|Expression       |        -|    -|       0|      12|    -|
|FIFO             |        -|    -|       -|       -|    -|
|Instance         |        -|    -|       0|      41|    -|
|Memory           |        -|    -|       -|       -|    -|
|Multiplexer      |        -|    -|       0|      27|    -|
|Register         |        -|    -|       6|       -|    -|
+-----------------+---------+-----+--------+--------+-----+
|Total            |        0|    0|       6|      80|    0|
+-----------------+---------+-----+--------+--------+-----+
|Available        |     1090|  900|  437200|  218600|    0|
+-----------------+---------+-----+--------+--------+-----+
|Utilization (%)  |        0|    0|      ~0|      ~0|    0|
+-----------------+---------+-----+--------+--------+-----+

+ Detail: 
    * Instance: 
    +-----------------------------+-----------------------+---------+----+---+----+-----+
    |           Instance          |         Module        | BRAM_18K| DSP| FF| LUT| URAM|
    +-----------------------------+-----------------------+---------+----+---+----+-----+
    |sparsemux_21_4_32_1_1_U1285  |sparsemux_21_4_32_1_1  |        0|   0|  0|  41|    0|
    +-----------------------------+-----------------------+---------+----+---+----+-----+
    |Total                        |                       |        0|   0|  0|  41|    0|
    +-----------------------------+-----------------------+---------+----+---+----+-----+

    * DSP: 
    N/A

    * Memory: 
    N/A

    * FIFO: 
    N/A

    * Expression: 
    +---------------------+----------+----+---+----+------------+------------+
    |    Variable Name    | Operation| DSP| FF| LUT| Bitwidth P0| Bitwidth P1|
    +---------------------+----------+----+---+----+------------+------------+
    |add_ln25_fu_161_p2   |         +|   0|  0|   6|           4|           1|
    |icmp_ln25_fu_155_p2  |      icmp|   0|  0|   6|           4|           4|
    +---------------------+----------+----+---+----+------------+------------+
    |Total                |          |   0|  0|  12|           8|           5|
    +---------------------+----------+----+---+----+------------+------------+

    * Multiplexer: 
    +-----------------------+----+-----------+-----+-----------+
    |          Name         | LUT| Input Size| Bits| Total Bits|
    +-----------------------+----+-----------+-----+-----------+
    |ap_done_int            |   9|          2|    1|          2|
    |ap_sig_allocacmp_oc_1  |   9|          2|    4|          8|
    |oc_fu_70               |   9|          2|    4|          8|
    +-----------------------+----+-----------+-----+-----------+
    |Total                  |  27|          6|    9|         18|
    +-----------------------+----+-----------+-----+-----------+

    * Register: 
    +-------------+---+----+-----+-----------+
    |     Name    | FF| LUT| Bits| Const Bits|
    +-------------+---+----+-----+-----------+
    |ap_CS_fsm    |  1|   0|    1|          0|
    |ap_done_reg  |  1|   0|    1|          0|
    |oc_fu_70     |  4|   0|    4|          0|
    +-------------+---+----+-----+-----------+
    |Total        |  6|   0|    6|          0|
    +-------------+---+----+-----+-----------+



================================================================
== Interface
================================================================
* Summary: 
+----------------+-----+-----+------------+-----------------------+--------------+
|    RTL Ports   | Dir | Bits|  Protocol  |     Source Object     |    C Type    |
+----------------+-----+-----+------------+-----------------------+--------------+
|ap_clk          |   in|    1|  ap_ctrl_hs|  fc_Pipeline_FC_OUTPUT|  return value|
|ap_rst          |   in|    1|  ap_ctrl_hs|  fc_Pipeline_FC_OUTPUT|  return value|
|ap_start        |   in|    1|  ap_ctrl_hs|  fc_Pipeline_FC_OUTPUT|  return value|
|ap_done         |  out|    1|  ap_ctrl_hs|  fc_Pipeline_FC_OUTPUT|  return value|
|ap_idle         |  out|    1|  ap_ctrl_hs|  fc_Pipeline_FC_OUTPUT|  return value|
|ap_ready        |  out|    1|  ap_ctrl_hs|  fc_Pipeline_FC_OUTPUT|  return value|
|add8_reload     |   in|   32|     ap_none|            add8_reload|        scalar|
|add_19_reload   |   in|   32|     ap_none|          add_19_reload|        scalar|
|add_210_reload  |   in|   32|     ap_none|         add_210_reload|        scalar|
|add_311_reload  |   in|   32|     ap_none|         add_311_reload|        scalar|
|add_412_reload  |   in|   32|     ap_none|         add_412_reload|        scalar|
|add_513_reload  |   in|   32|     ap_none|         add_513_reload|        scalar|
|add_614_reload  |   in|   32|     ap_none|         add_614_reload|        scalar|
|add_715_reload  |   in|   32|     ap_none|         add_715_reload|        scalar|
|add_816_reload  |   in|   32|     ap_none|         add_816_reload|        scalar|
|add_917_reload  |   in|   32|     ap_none|         add_917_reload|        scalar|
|ofmap_address0  |  out|    4|   ap_memory|                  ofmap|         array|
|ofmap_ce0       |  out|    1|   ap_memory|                  ofmap|         array|
|ofmap_we0       |  out|    1|   ap_memory|                  ofmap|         array|
|ofmap_d0        |  out|   32|   ap_memory|                  ofmap|         array|
+----------------+-----+-----+------------+-----------------------+--------------+

