

================================================================
== Vitis HLS Report for 'mobilenet_v1_Pipeline_BN_DW3_C_BN_DW3_H'
================================================================
* Date:           Sat Jun 27 09:58:19 2026

* Version:        2025.2 (Build 6295257 on Nov 14 2025)
* Project:        FP32_HLS
* Solution:       hls (Vivado IP Flow Target)
* Product family: zynq
* Target device:  xc7z045-ffg900-2


================================================================
== Performance Estimates
================================================================
+ Timing: 
    * Summary: 
    +--------+----------+----------+------------+
    |  Clock |  Target  | Estimated| Uncertainty|
    +--------+----------+----------+------------+
    |ap_clk  |  10.00 ns|  6.329 ns|     2.70 ns|
    +--------+----------+----------+------------+

+ Latency: 
    * Summary: 
    +---------+---------+----------+----------+-----+-----+-------------------+
    |  Latency (cycles) |  Latency (absolute) |  Interval |      Pipeline     |
    |   min   |   max   |    min   |    max   | min | max |        Type       |
    +---------+---------+----------+----------+-----+-----+-------------------+
    |      270|      270|  2.700 us|  2.700 us|    0|    0|  loop pipeline stp|
    +---------+---------+----------+----------+-----+-----+-------------------+

    + Detail: 
        * Instance: 
        N/A

        * Loop: 
        +---------------------+---------+---------+----------+-----------+-----------+------+----------+
        |                     |  Latency (cycles) | Iteration|  Initiation Interval  | Trip |          |
        |      Loop Name      |   min   |   max   |  Latency |  achieved |   target  | Count| Pipelined|
        +---------------------+---------+---------+----------+-----------+-----------+------+----------+
        |- BN_DW3_C_BN_DW3_H  |      268|      268|        14|          1|          1|   256|       yes|
        +---------------------+---------+---------+----------+-----------+-----------+------+----------+



================================================================
== Utilization Estimates
================================================================
* Summary: 
+-----------------+---------+-----+--------+--------+-----+
|       Name      | BRAM_18K| DSP |   FF   |   LUT  | URAM|
+-----------------+---------+-----+--------+--------+-----+
|DSP              |        -|    -|       -|       -|    -|
|Expression       |        -|    -|       0|     177|    -|
|FIFO             |        -|    -|       -|       -|    -|
|Instance         |        -|    -|       0|    1346|    -|
|Memory           |        -|    -|       -|       -|    -|
|Multiplexer      |        -|    -|       0|      72|    -|
|Register         |        -|    -|     701|     128|    -|
+-----------------+---------+-----+--------+--------+-----+
|Total            |        0|    0|     701|    1723|    0|
+-----------------+---------+-----+--------+--------+-----+
|Available        |     1090|  900|  437200|  218600|    0|
+-----------------+---------+-----+--------+--------+-----+
|Utilization (%)  |        0|    0|      ~0|      ~0|    0|
+-----------------+---------+-----+--------+--------+-----+

+ Detail: 
    * Instance: 
    +------------------------------+------------------------+---------+----+---+-----+-----+
    |           Instance           |         Module         | BRAM_18K| DSP| FF| LUT | URAM|
    +------------------------------+------------------------+---------+----+---+-----+-----+
    |sparsemux_257_7_32_1_1_U1197  |sparsemux_257_7_32_1_1  |        0|   0|  0|  673|    0|
    |sparsemux_257_7_32_1_1_U1198  |sparsemux_257_7_32_1_1  |        0|   0|  0|  673|    0|
    +------------------------------+------------------------+---------+----+---+-----+-----+
    |Total                         |                        |        0|   0|  0| 1346|    0|
    +------------------------------+------------------------+---------+----+---+-----+-----+

    * DSP: 
    N/A

    * Memory: 
    N/A

    * FIFO: 
    N/A

    * Expression: 
    +--------------------------+----------+----+---+----+------------+------------+
    |       Variable Name      | Operation| DSP| FF| LUT| Bitwidth P0| Bitwidth P1|
    +--------------------------+----------+----+---+----+------------+------------+
    |add_ln155_1_fu_1005_p2    |         +|   0|  0|   9|           9|           1|
    |add_ln155_fu_1021_p2      |         +|   0|  0|   8|           8|           1|
    |and_ln155_fu_1039_p2      |       and|   0|  0|   1|           1|           1|
    |and_ln4_12_fu_2245_p2     |       and|   0|  0|   1|           1|           1|
    |and_ln4_fu_2197_p2        |       and|   0|  0|   1|           1|           1|
    |icmp_ln155_fu_999_p2      |      icmp|   0|  0|  10|           9|          10|
    |icmp_ln156_fu_1027_p2     |      icmp|   0|  0|   4|           2|           3|
    |icmp_ln4_26_fu_2185_p2    |      icmp|   0|  0|  23|          23|           1|
    |icmp_ln4_27_fu_2227_p2    |      icmp|   0|  0|   8|           8|           2|
    |icmp_ln4_28_fu_2233_p2    |      icmp|   0|  0|  23|          23|           1|
    |icmp_ln4_fu_2179_p2       |      icmp|   0|  0|   8|           8|           2|
    |or_ln4_12_fu_2239_p2      |        or|   0|  0|   1|           1|           1|
    |or_ln4_fu_2191_p2         |        or|   0|  0|   1|           1|           1|
    |select_ln155_fu_1045_p3   |    select|   0|  0|   8|           1|           8|
    |select_ln156_fu_1101_p3   |    select|   0|  0|   3|           1|           3|
    |select_ln4_12_fu_2251_p3  |    select|   0|  0|  32|           1|          32|
    |select_ln4_fu_2203_p3     |    select|   0|  0|  32|           1|          32|
    |ap_enable_pp0             |       xor|   0|  0|   2|           1|           2|
    |xor_ln155_fu_1033_p2      |       xor|   0|  0|   2|           1|           2|
    +--------------------------+----------+----+---+----+------------+------------+
    |Total                     |          |   0|  0| 177|         101|         105|
    +--------------------------+----------+----+---+----+------------+------------+

    * Multiplexer: 
    +----------------------------------------+----+-----------+-----+-----------+
    |                  Name                  | LUT| Input Size| Bits| Total Bits|
    +----------------------------------------+----+-----------+-----+-----------+
    |ap_done_int                             |   9|          2|    1|          2|
    |ap_enable_reg_pp0_iter1                 |   9|          2|    1|          2|
    |ap_sig_allocacmp_c_load                 |   9|          2|    8|         16|
    |ap_sig_allocacmp_h_load                 |   9|          2|    2|          4|
    |ap_sig_allocacmp_indvar_flatten67_load  |   9|          2|    9|         18|
    |c_fu_854                                |   9|          2|    8|         16|
    |h_fu_850                                |   9|          2|    2|          4|
    |indvar_flatten67_fu_858                 |   9|          2|    9|         18|
    +----------------------------------------+----+-----------+-----+-----------+
    |Total                                   |  72|         16|   40|         80|
    +----------------------------------------+----+-----------+-----+-----------+

    * Register: 
    +-------------------------------------+----+----+-----+-----------+
    |                 Name                | FF | LUT| Bits| Const Bits|
    +-------------------------------------+----+----+-----+-----------+
    |and_ln155_reg_2297                   |   1|   0|    1|          0|
    |ap_CS_fsm                            |   1|   0|    1|          0|
    |ap_done_reg                          |   1|   0|    1|          0|
    |ap_enable_reg_pp0_iter1              |   1|   0|    1|          0|
    |ap_enable_reg_pp0_iter10             |   1|   0|    1|          0|
    |ap_enable_reg_pp0_iter11             |   1|   0|    1|          0|
    |ap_enable_reg_pp0_iter12             |   1|   0|    1|          0|
    |ap_enable_reg_pp0_iter13             |   1|   0|    1|          0|
    |ap_enable_reg_pp0_iter2              |   1|   0|    1|          0|
    |ap_enable_reg_pp0_iter3              |   1|   0|    1|          0|
    |ap_enable_reg_pp0_iter4              |   1|   0|    1|          0|
    |ap_enable_reg_pp0_iter5              |   1|   0|    1|          0|
    |ap_enable_reg_pp0_iter6              |   1|   0|    1|          0|
    |ap_enable_reg_pp0_iter7              |   1|   0|    1|          0|
    |ap_enable_reg_pp0_iter8              |   1|   0|    1|          0|
    |ap_enable_reg_pp0_iter9              |   1|   0|    1|          0|
    |ap_loop_exit_ready_pp0_iter10_reg    |   1|   0|    1|          0|
    |ap_loop_exit_ready_pp0_iter11_reg    |   1|   0|    1|          0|
    |ap_loop_exit_ready_pp0_iter12_reg    |   1|   0|    1|          0|
    |ap_loop_exit_ready_pp0_iter1_reg     |   1|   0|    1|          0|
    |ap_loop_exit_ready_pp0_iter2_reg     |   1|   0|    1|          0|
    |ap_loop_exit_ready_pp0_iter3_reg     |   1|   0|    1|          0|
    |ap_loop_exit_ready_pp0_iter4_reg     |   1|   0|    1|          0|
    |ap_loop_exit_ready_pp0_iter5_reg     |   1|   0|    1|          0|
    |ap_loop_exit_ready_pp0_iter6_reg     |   1|   0|    1|          0|
    |ap_loop_exit_ready_pp0_iter7_reg     |   1|   0|    1|          0|
    |ap_loop_exit_ready_pp0_iter8_reg     |   1|   0|    1|          0|
    |ap_loop_exit_ready_pp0_iter9_reg     |   1|   0|    1|          0|
    |c_fu_854                             |   8|   0|    8|          0|
    |h_fu_850                             |   2|   0|    2|          0|
    |indvar_flatten67_fu_858              |   9|   0|    9|          0|
    |lshr_ln3_reg_2312                    |   6|   0|    6|          0|
    |mul_1_i4_reg_2354                    |  32|   0|   32|          0|
    |mul_i5_reg_2349                      |  32|   0|   32|          0|
    |ofmap_dw3_load_1_reg_2338            |  32|   0|   32|          0|
    |ofmap_dw3_load_reg_2333              |  32|   0|   32|          0|
    |select_ln4_12_reg_2379               |  32|   0|   32|          0|
    |select_ln4_reg_2373                  |  32|   0|   32|          0|
    |tmp_101_reg_2327                     |  32|   0|   32|          0|
    |tmp_102_reg_2343                     |  32|   0|   32|          0|
    |trunc_ln155_1_reg_2308               |   1|   0|    1|          0|
    |trunc_ln159_reg_2302                 |   7|   0|    7|          0|
    |x_assign_12_reg_2366                 |  32|   0|   32|          0|
    |x_assign_12_reg_2366_pp0_iter11_reg  |  32|   0|   32|          0|
    |x_assign_s_reg_2359                  |  32|   0|   32|          0|
    |x_assign_s_reg_2359_pp0_iter11_reg   |  32|   0|   32|          0|
    |and_ln155_reg_2297                   |  64|  32|    1|          0|
    |lshr_ln3_reg_2312                    |  64|  32|    6|          0|
    |trunc_ln155_1_reg_2308               |  64|  32|    1|          0|
    |trunc_ln159_reg_2302                 |  64|  32|    7|          0|
    +-------------------------------------+----+----+-----+-----------+
    |Total                                | 701| 128|  460|          0|
    +-------------------------------------+----+----+-----+-----------+



================================================================
== Interface
================================================================
* Summary: 
+----------------------+-----+-----+------------+-----------------------------------------+--------------+
|       RTL Ports      | Dir | Bits|  Protocol  |              Source Object              |    C Type    |
+----------------------+-----+-----+------------+-----------------------------------------+--------------+
|ap_clk                |   in|    1|  ap_ctrl_hs|  mobilenet_v1_Pipeline_BN_DW3_C_BN_DW3_H|  return value|
|ap_rst                |   in|    1|  ap_ctrl_hs|  mobilenet_v1_Pipeline_BN_DW3_C_BN_DW3_H|  return value|
|ap_start              |   in|    1|  ap_ctrl_hs|  mobilenet_v1_Pipeline_BN_DW3_C_BN_DW3_H|  return value|
|ap_done               |  out|    1|  ap_ctrl_hs|  mobilenet_v1_Pipeline_BN_DW3_C_BN_DW3_H|  return value|
|ap_idle               |  out|    1|  ap_ctrl_hs|  mobilenet_v1_Pipeline_BN_DW3_C_BN_DW3_H|  return value|
|ap_ready              |  out|    1|  ap_ctrl_hs|  mobilenet_v1_Pipeline_BN_DW3_C_BN_DW3_H|  return value|
|grp_fu_2467_p_din0    |  out|   32|  ap_ctrl_hs|  mobilenet_v1_Pipeline_BN_DW3_C_BN_DW3_H|  return value|
|grp_fu_2467_p_din1    |  out|   32|  ap_ctrl_hs|  mobilenet_v1_Pipeline_BN_DW3_C_BN_DW3_H|  return value|
|grp_fu_2467_p_opcode  |  out|    2|  ap_ctrl_hs|  mobilenet_v1_Pipeline_BN_DW3_C_BN_DW3_H|  return value|
|grp_fu_2467_p_dout0   |   in|   32|  ap_ctrl_hs|  mobilenet_v1_Pipeline_BN_DW3_C_BN_DW3_H|  return value|
|grp_fu_2467_p_ce      |  out|    1|  ap_ctrl_hs|  mobilenet_v1_Pipeline_BN_DW3_C_BN_DW3_H|  return value|
|grp_fu_2471_p_din0    |  out|   32|  ap_ctrl_hs|  mobilenet_v1_Pipeline_BN_DW3_C_BN_DW3_H|  return value|
|grp_fu_2471_p_din1    |  out|   32|  ap_ctrl_hs|  mobilenet_v1_Pipeline_BN_DW3_C_BN_DW3_H|  return value|
|grp_fu_2471_p_opcode  |  out|    2|  ap_ctrl_hs|  mobilenet_v1_Pipeline_BN_DW3_C_BN_DW3_H|  return value|
|grp_fu_2471_p_dout0   |   in|   32|  ap_ctrl_hs|  mobilenet_v1_Pipeline_BN_DW3_C_BN_DW3_H|  return value|
|grp_fu_2471_p_ce      |  out|    1|  ap_ctrl_hs|  mobilenet_v1_Pipeline_BN_DW3_C_BN_DW3_H|  return value|
|grp_fu_2523_p_din0    |  out|   32|  ap_ctrl_hs|  mobilenet_v1_Pipeline_BN_DW3_C_BN_DW3_H|  return value|
|grp_fu_2523_p_din1    |  out|   32|  ap_ctrl_hs|  mobilenet_v1_Pipeline_BN_DW3_C_BN_DW3_H|  return value|
|grp_fu_2523_p_dout0   |   in|   32|  ap_ctrl_hs|  mobilenet_v1_Pipeline_BN_DW3_C_BN_DW3_H|  return value|
|grp_fu_2523_p_ce      |  out|    1|  ap_ctrl_hs|  mobilenet_v1_Pipeline_BN_DW3_C_BN_DW3_H|  return value|
|grp_fu_2527_p_din0    |  out|   32|  ap_ctrl_hs|  mobilenet_v1_Pipeline_BN_DW3_C_BN_DW3_H|  return value|
|grp_fu_2527_p_din1    |  out|   32|  ap_ctrl_hs|  mobilenet_v1_Pipeline_BN_DW3_C_BN_DW3_H|  return value|
|grp_fu_2527_p_dout0   |   in|   32|  ap_ctrl_hs|  mobilenet_v1_Pipeline_BN_DW3_C_BN_DW3_H|  return value|
|grp_fu_2527_p_ce      |  out|    1|  ap_ctrl_hs|  mobilenet_v1_Pipeline_BN_DW3_C_BN_DW3_H|  return value|
|grp_fu_2599_p_din0    |  out|   32|  ap_ctrl_hs|  mobilenet_v1_Pipeline_BN_DW3_C_BN_DW3_H|  return value|
|grp_fu_2599_p_din1    |  out|   32|  ap_ctrl_hs|  mobilenet_v1_Pipeline_BN_DW3_C_BN_DW3_H|  return value|
|grp_fu_2599_p_opcode  |  out|    5|  ap_ctrl_hs|  mobilenet_v1_Pipeline_BN_DW3_C_BN_DW3_H|  return value|
|grp_fu_2599_p_dout0   |   in|    1|  ap_ctrl_hs|  mobilenet_v1_Pipeline_BN_DW3_C_BN_DW3_H|  return value|
|grp_fu_2599_p_ce      |  out|    1|  ap_ctrl_hs|  mobilenet_v1_Pipeline_BN_DW3_C_BN_DW3_H|  return value|
|grp_fu_2603_p_din0    |  out|   32|  ap_ctrl_hs|  mobilenet_v1_Pipeline_BN_DW3_C_BN_DW3_H|  return value|
|grp_fu_2603_p_din1    |  out|   32|  ap_ctrl_hs|  mobilenet_v1_Pipeline_BN_DW3_C_BN_DW3_H|  return value|
|grp_fu_2603_p_opcode  |  out|    5|  ap_ctrl_hs|  mobilenet_v1_Pipeline_BN_DW3_C_BN_DW3_H|  return value|
|grp_fu_2603_p_dout0   |   in|    1|  ap_ctrl_hs|  mobilenet_v1_Pipeline_BN_DW3_C_BN_DW3_H|  return value|
|grp_fu_2603_p_ce      |  out|    1|  ap_ctrl_hs|  mobilenet_v1_Pipeline_BN_DW3_C_BN_DW3_H|  return value|
|ofmap_dw3_address0    |  out|    9|   ap_memory|                                ofmap_dw3|         array|
|ofmap_dw3_ce0         |  out|    1|   ap_memory|                                ofmap_dw3|         array|
|ofmap_dw3_q0          |   in|   32|   ap_memory|                                ofmap_dw3|         array|
|ofmap_dw3_address1    |  out|    9|   ap_memory|                                ofmap_dw3|         array|
|ofmap_dw3_ce1         |  out|    1|   ap_memory|                                ofmap_dw3|         array|
|ofmap_dw3_q1          |   in|   32|   ap_memory|                                ofmap_dw3|         array|
|ifmap_pw3_address1    |  out|    7|   ap_memory|                                ifmap_pw3|         array|
|ifmap_pw3_ce1         |  out|    1|   ap_memory|                                ifmap_pw3|         array|
|ifmap_pw3_we1         |  out|    1|   ap_memory|                                ifmap_pw3|         array|
|ifmap_pw3_d1          |  out|   32|   ap_memory|                                ifmap_pw3|         array|
|ifmap_pw3_1_address1  |  out|    7|   ap_memory|                              ifmap_pw3_1|         array|
|ifmap_pw3_1_ce1       |  out|    1|   ap_memory|                              ifmap_pw3_1|         array|
|ifmap_pw3_1_we1       |  out|    1|   ap_memory|                              ifmap_pw3_1|         array|
|ifmap_pw3_1_d1        |  out|   32|   ap_memory|                              ifmap_pw3_1|         array|
|ifmap_pw3_2_address1  |  out|    7|   ap_memory|                              ifmap_pw3_2|         array|
|ifmap_pw3_2_ce1       |  out|    1|   ap_memory|                              ifmap_pw3_2|         array|
|ifmap_pw3_2_we1       |  out|    1|   ap_memory|                              ifmap_pw3_2|         array|
|ifmap_pw3_2_d1        |  out|   32|   ap_memory|                              ifmap_pw3_2|         array|
|ifmap_pw3_3_address1  |  out|    7|   ap_memory|                              ifmap_pw3_3|         array|
|ifmap_pw3_3_ce1       |  out|    1|   ap_memory|                              ifmap_pw3_3|         array|
|ifmap_pw3_3_we1       |  out|    1|   ap_memory|                              ifmap_pw3_3|         array|
|ifmap_pw3_3_d1        |  out|   32|   ap_memory|                              ifmap_pw3_3|         array|
+----------------------+-----+-----+------------+-----------------------------------------+--------------+

