

================================================================
== Vitis HLS Report for 'mobilenet_v1_Pipeline_LOAD_INC_LOAD_INH_LOAD_INW'
================================================================
* Date:           Sat Jun 27 09:58:14 2026

* Version:        2025.2 (Build 6295257 on Nov 14 2025)
* Project:        FP32_HLS
* Solution:       hls (Vivado IP Flow Target)
* Product family: zynq
* Target device:  xc7z045-ffg900-2


================================================================
== Performance Estimates
================================================================
+ Timing: 
    * Summary: 
    +--------+----------+----------+------------+
    |  Clock |  Target  | Estimated| Uncertainty|
    +--------+----------+----------+------------+
    |ap_clk  |  10.00 ns|  7.300 ns|     2.70 ns|
    +--------+----------+----------+------------+

+ Latency: 
    * Summary: 
    +---------+---------+-----------+-----------+-----+-----+-------------------+
    |  Latency (cycles) |   Latency (absolute)  |  Interval |      Pipeline     |
    |   min   |   max   |    min    |    max    | min | max |        Type       |
    +---------+---------+-----------+-----------+-----+-----+-------------------+
    |     3083|     3083|  30.830 us|  30.830 us|    0|    0|  loop pipeline stp|
    +---------+---------+-----------+-----------+-----+-----+-------------------+

    + Detail: 
        * Instance: 
        N/A

        * Loop: 
        +------------------------------+---------+---------+----------+-----------+-----------+------+----------+
        |                              |  Latency (cycles) | Iteration|  Initiation Interval  | Trip |          |
        |           Loop Name          |   min   |   max   |  Latency |  achieved |   target  | Count| Pipelined|
        +------------------------------+---------+---------+----------+-----------+-----------+------+----------+
        |- LOAD_INC_LOAD_INH_LOAD_INW  |     3081|     3081|        11|          1|          1|  3072|       yes|
        +------------------------------+---------+---------+----------+-----------+-----------+------+----------+



================================================================
== Utilization Estimates
================================================================
* Summary: 
+-----------------+---------+-----+--------+--------+-----+
|       Name      | BRAM_18K| DSP |   FF   |   LUT  | URAM|
+-----------------+---------+-----+--------+--------+-----+
|DSP              |        -|    1|       -|       -|    -|
|Expression       |        -|    -|       0|     112|    -|
|FIFO             |        -|    -|       -|       -|    -|
|Instance         |        -|    0|     260|     240|    -|
|Memory           |        -|    -|       -|       -|    -|
|Multiplexer      |        -|    -|       0|      90|    -|
|Register         |        -|    -|     305|      96|    -|
+-----------------+---------+-----+--------+--------+-----+
|Total            |        0|    1|     565|     538|    0|
+-----------------+---------+-----+--------+--------+-----+
|Available        |     1090|  900|  437200|  218600|    0|
+-----------------+---------+-----+--------+--------+-----+
|Utilization (%)  |        0|   ~0|      ~0|      ~0|    0|
+-----------------+---------+-----+--------+--------+-----+

+ Detail: 
    * Instance: 
    +------------------------+---------------------+---------+----+-----+----+-----+
    |        Instance        |        Module       | BRAM_18K| DSP|  FF | LUT| URAM|
    +------------------------+---------------------+---------+----+-----+----+-----+
    |mul_6ns_8ns_13_1_1_U1   |mul_6ns_8ns_13_1_1   |        0|   0|    0|  41|    0|
    |mul_6ns_8ns_13_1_1_U3   |mul_6ns_8ns_13_1_1   |        0|   0|    0|  41|    0|
    |urem_6ns_3ns_2_10_1_U2  |urem_6ns_3ns_2_10_1  |        0|   0|  130|  79|    0|
    |urem_6ns_3ns_2_10_1_U4  |urem_6ns_3ns_2_10_1  |        0|   0|  130|  79|    0|
    +------------------------+---------------------+---------+----+-----+----+-----+
    |Total                   |                     |        0|   0|  260| 240|    0|
    +------------------------+---------------------+---------+----+-----+----+-----+

    * DSP: 
    +----------------------------------------+-------------------------------------+---------------------+
    |                Instance                |                Module               |      Expression     |
    +----------------------------------------+-------------------------------------+---------------------+
    |ama_addmuladd_4ns_5ns_4ns_5ns_8_4_1_U5  |ama_addmuladd_4ns_5ns_4ns_5ns_8_4_1  |  (i0 + i1) * i2 + i3|
    +----------------------------------------+-------------------------------------+---------------------+

    * Memory: 
    N/A

    * FIFO: 
    N/A

    * Expression: 
    +---------------------------+----------+----+---+----+------------+------------+
    |       Variable Name       | Operation| DSP| FF| LUT| Bitwidth P0| Bitwidth P1|
    +---------------------------+----------+----+---+----+------------+------------+
    |add_ln10_1_fu_460_p2       |         +|   0|  0|  12|          12|           1|
    |add_ln10_fu_530_p2         |         +|   0|  0|   6|           6|           1|
    |add_ln11_fu_621_p2         |         +|   0|  0|   6|           6|           1|
    |add_ln9_1_fu_448_p2        |         +|   0|  0|  12|          12|           1|
    |add_ln9_fu_493_p2          |         +|   0|  0|   3|           2|           1|
    |and_ln9_fu_517_p2          |       and|   0|  0|   1|           1|           1|
    |ap_block_pp0_stage0_11001  |       and|   0|  0|   1|           1|           1|
    |ap_condition_285           |       and|   0|  0|   1|           1|           1|
    |icmp_ln10_fu_454_p2        |      icmp|   0|  0|  12|          12|          11|
    |icmp_ln11_fu_511_p2        |      icmp|   0|  0|   7|           6|           7|
    |icmp_ln9_fu_442_p2         |      icmp|   0|  0|  12|          12|          12|
    |empty_fu_536_p2            |        or|   0|  0|   1|           1|           1|
    |iw_mid2_fu_541_p3          |    select|   0|  0|   6|           1|           1|
    |select_ln10_1_fu_466_p3    |    select|   0|  0|  12|           1|           1|
    |select_ln10_fu_549_p3      |    select|   0|  0|   6|           1|           6|
    |select_ln13_fu_642_p3      |    select|   0|  0|   2|           1|           2|
    |select_ln9_1_fu_523_p3     |    select|   0|  0|   2|           1|           2|
    |select_ln9_fu_499_p3       |    select|   0|  0|   6|           1|           1|
    |ap_enable_pp0              |       xor|   0|  0|   2|           1|           2|
    |xor_ln9_fu_506_p2          |       xor|   0|  0|   2|           1|           2|
    +---------------------------+----------+----+---+----+------------+------------+
    |Total                      |          |   0|  0| 112|          80|          56|
    +---------------------------+----------+----+---+----+------------+------------+

    * Multiplexer: 
    +----------------------------------------+----+-----------+-----+-----------+
    |                  Name                  | LUT| Input Size| Bits| Total Bits|
    +----------------------------------------+----+-----------+-----+-----------+
    |ap_done_int                             |   9|          2|    1|          2|
    |ap_enable_reg_pp0_iter1                 |   9|          2|    1|          2|
    |ap_sig_allocacmp_indvar_flatten12_load  |   9|          2|   12|         24|
    |ap_sig_allocacmp_indvar_flatten_load    |   9|          2|   12|         24|
    |gmem_blk_n_R                            |   9|          2|    1|          2|
    |ic_fu_140                               |   9|          2|    2|          4|
    |ih_fu_132                               |   9|          2|    6|         12|
    |indvar_flatten12_fu_144                 |   9|          2|   12|         24|
    |indvar_flatten_fu_136                   |   9|          2|   12|         24|
    |iw_fu_128                               |   9|          2|    6|         12|
    +----------------------------------------+----+-----------+-----+-----------+
    |Total                                   |  90|         20|   65|        130|
    +----------------------------------------+----+-----------+-----+-----------+

    * Register: 
    +-------------------------------------------+----+----+-----+-----------+
    |                    Name                   | FF | LUT| Bits| Const Bits|
    +-------------------------------------------+----+----+-----+-----------+
    |add_ln13_2_reg_806                         |   8|   0|    8|          0|
    |ap_CS_fsm                                  |   1|   0|    1|          0|
    |ap_block_pp0_stage0_subdone_grp0_done_reg  |   1|   0|    1|          0|
    |ap_done_reg                                |   1|   0|    1|          0|
    |ap_enable_reg_pp0_iter1                    |   1|   0|    1|          0|
    |ap_enable_reg_pp0_iter10                   |   1|   0|    1|          0|
    |ap_enable_reg_pp0_iter2                    |   1|   0|    1|          0|
    |ap_enable_reg_pp0_iter3                    |   1|   0|    1|          0|
    |ap_enable_reg_pp0_iter4                    |   1|   0|    1|          0|
    |ap_enable_reg_pp0_iter5                    |   1|   0|    1|          0|
    |ap_enable_reg_pp0_iter6                    |   1|   0|    1|          0|
    |ap_enable_reg_pp0_iter7                    |   1|   0|    1|          0|
    |ap_enable_reg_pp0_iter8                    |   1|   0|    1|          0|
    |ap_enable_reg_pp0_iter9                    |   1|   0|    1|          0|
    |ap_loop_exit_ready_pp0_iter1_reg           |   1|   0|    1|          0|
    |ap_loop_exit_ready_pp0_iter2_reg           |   1|   0|    1|          0|
    |ap_loop_exit_ready_pp0_iter3_reg           |   1|   0|    1|          0|
    |ap_loop_exit_ready_pp0_iter4_reg           |   1|   0|    1|          0|
    |ap_loop_exit_ready_pp0_iter5_reg           |   1|   0|    1|          0|
    |ap_loop_exit_ready_pp0_iter6_reg           |   1|   0|    1|          0|
    |ap_loop_exit_ready_pp0_iter7_reg           |   1|   0|    1|          0|
    |ap_loop_exit_ready_pp0_iter8_reg           |   1|   0|    1|          0|
    |ap_loop_exit_ready_pp0_iter9_reg           |   1|   0|    1|          0|
    |bitcast_ln13_reg_811                       |  32|   0|   32|          0|
    |ic_fu_140                                  |   2|   0|    2|          0|
    |icmp_ln10_reg_763                          |   1|   0|    1|          0|
    |ih_fu_132                                  |   6|   0|    6|          0|
    |indvar_flatten12_fu_144                    |  12|   0|   12|          0|
    |indvar_flatten_fu_136                      |  12|   0|   12|          0|
    |iw_fu_128                                  |   6|   0|    6|          0|
    |tmp_64_reg_791                             |   5|   0|    5|          0|
    |tmp_65_reg_796                             |   5|   0|    5|          0|
    |tmp_reg_785                                |   1|   0|    1|          0|
    |trunc_ln9_reg_781                          |   1|   0|    1|          0|
    |add_ln13_2_reg_806                         |  64|  32|    8|          0|
    |tmp_65_reg_796                             |  64|  32|    5|          0|
    |trunc_ln9_reg_781                          |  64|  32|    1|          0|
    +-------------------------------------------+----+----+-----+-----------+
    |Total                                      | 305|  96|  127|          0|
    +-------------------------------------------+----+----+-----+-----------+



================================================================
== Interface
================================================================
* Summary: 
+-----------------------+-----+-----+------------+--------------------------------------------------+--------------+
|       RTL Ports       | Dir | Bits|  Protocol  |                   Source Object                  |    C Type    |
+-----------------------+-----+-----+------------+--------------------------------------------------+--------------+
|ap_clk                 |   in|    1|  ap_ctrl_hs|  mobilenet_v1_Pipeline_LOAD_INC_LOAD_INH_LOAD_INW|  return value|
|ap_rst                 |   in|    1|  ap_ctrl_hs|  mobilenet_v1_Pipeline_LOAD_INC_LOAD_INH_LOAD_INW|  return value|
|ap_start               |   in|    1|  ap_ctrl_hs|  mobilenet_v1_Pipeline_LOAD_INC_LOAD_INH_LOAD_INW|  return value|
|ap_done                |  out|    1|  ap_ctrl_hs|  mobilenet_v1_Pipeline_LOAD_INC_LOAD_INH_LOAD_INW|  return value|
|ap_idle                |  out|    1|  ap_ctrl_hs|  mobilenet_v1_Pipeline_LOAD_INC_LOAD_INH_LOAD_INW|  return value|
|ap_ready               |  out|    1|  ap_ctrl_hs|  mobilenet_v1_Pipeline_LOAD_INC_LOAD_INH_LOAD_INW|  return value|
|m_axi_gmem_0_AWVALID   |  out|    1|       m_axi|                                              gmem|       pointer|
|m_axi_gmem_0_AWREADY   |   in|    1|       m_axi|                                              gmem|       pointer|
|m_axi_gmem_0_AWADDR    |  out|   64|       m_axi|                                              gmem|       pointer|
|m_axi_gmem_0_AWID      |  out|    1|       m_axi|                                              gmem|       pointer|
|m_axi_gmem_0_AWLEN     |  out|   32|       m_axi|                                              gmem|       pointer|
|m_axi_gmem_0_AWSIZE    |  out|    3|       m_axi|                                              gmem|       pointer|
|m_axi_gmem_0_AWBURST   |  out|    2|       m_axi|                                              gmem|       pointer|
|m_axi_gmem_0_AWLOCK    |  out|    2|       m_axi|                                              gmem|       pointer|
|m_axi_gmem_0_AWCACHE   |  out|    4|       m_axi|                                              gmem|       pointer|
|m_axi_gmem_0_AWPROT    |  out|    3|       m_axi|                                              gmem|       pointer|
|m_axi_gmem_0_AWQOS     |  out|    4|       m_axi|                                              gmem|       pointer|
|m_axi_gmem_0_AWREGION  |  out|    4|       m_axi|                                              gmem|       pointer|
|m_axi_gmem_0_AWUSER    |  out|    1|       m_axi|                                              gmem|       pointer|
|m_axi_gmem_0_WVALID    |  out|    1|       m_axi|                                              gmem|       pointer|
|m_axi_gmem_0_WREADY    |   in|    1|       m_axi|                                              gmem|       pointer|
|m_axi_gmem_0_WDATA     |  out|   32|       m_axi|                                              gmem|       pointer|
|m_axi_gmem_0_WSTRB     |  out|    4|       m_axi|                                              gmem|       pointer|
|m_axi_gmem_0_WLAST     |  out|    1|       m_axi|                                              gmem|       pointer|
|m_axi_gmem_0_WID       |  out|    1|       m_axi|                                              gmem|       pointer|
|m_axi_gmem_0_WUSER     |  out|    1|       m_axi|                                              gmem|       pointer|
|m_axi_gmem_0_ARVALID   |  out|    1|       m_axi|                                              gmem|       pointer|
|m_axi_gmem_0_ARREADY   |   in|    1|       m_axi|                                              gmem|       pointer|
|m_axi_gmem_0_ARADDR    |  out|   64|       m_axi|                                              gmem|       pointer|
|m_axi_gmem_0_ARID      |  out|    1|       m_axi|                                              gmem|       pointer|
|m_axi_gmem_0_ARLEN     |  out|   32|       m_axi|                                              gmem|       pointer|
|m_axi_gmem_0_ARSIZE    |  out|    3|       m_axi|                                              gmem|       pointer|
|m_axi_gmem_0_ARBURST   |  out|    2|       m_axi|                                              gmem|       pointer|
|m_axi_gmem_0_ARLOCK    |  out|    2|       m_axi|                                              gmem|       pointer|
|m_axi_gmem_0_ARCACHE   |  out|    4|       m_axi|                                              gmem|       pointer|
|m_axi_gmem_0_ARPROT    |  out|    3|       m_axi|                                              gmem|       pointer|
|m_axi_gmem_0_ARQOS     |  out|    4|       m_axi|                                              gmem|       pointer|
|m_axi_gmem_0_ARREGION  |  out|    4|       m_axi|                                              gmem|       pointer|
|m_axi_gmem_0_ARUSER    |  out|    1|       m_axi|                                              gmem|       pointer|
|m_axi_gmem_0_RVALID    |   in|    1|       m_axi|                                              gmem|       pointer|
|m_axi_gmem_0_RREADY    |  out|    1|       m_axi|                                              gmem|       pointer|
|m_axi_gmem_0_RDATA     |   in|   32|       m_axi|                                              gmem|       pointer|
|m_axi_gmem_0_RLAST     |   in|    1|       m_axi|                                              gmem|       pointer|
|m_axi_gmem_0_RID       |   in|    1|       m_axi|                                              gmem|       pointer|
|m_axi_gmem_0_RFIFONUM  |   in|    9|       m_axi|                                              gmem|       pointer|
|m_axi_gmem_0_RUSER     |   in|    1|       m_axi|                                              gmem|       pointer|
|m_axi_gmem_0_RRESP     |   in|    2|       m_axi|                                              gmem|       pointer|
|m_axi_gmem_0_BVALID    |   in|    1|       m_axi|                                              gmem|       pointer|
|m_axi_gmem_0_BREADY    |  out|    1|       m_axi|                                              gmem|       pointer|
|m_axi_gmem_0_BRESP     |   in|    2|       m_axi|                                              gmem|       pointer|
|m_axi_gmem_0_BID       |   in|    1|       m_axi|                                              gmem|       pointer|
|m_axi_gmem_0_BUSER     |   in|    1|       m_axi|                                              gmem|       pointer|
|sext_ln9               |   in|   62|     ap_none|                                          sext_ln9|        scalar|
|in_buf_address0        |  out|    8|   ap_memory|                                            in_buf|         array|
|in_buf_ce0             |  out|    1|   ap_memory|                                            in_buf|         array|
|in_buf_we0             |  out|    1|   ap_memory|                                            in_buf|         array|
|in_buf_d0              |  out|   32|   ap_memory|                                            in_buf|         array|
|in_buf_1_address0      |  out|    8|   ap_memory|                                          in_buf_1|         array|
|in_buf_1_ce0           |  out|    1|   ap_memory|                                          in_buf_1|         array|
|in_buf_1_we0           |  out|    1|   ap_memory|                                          in_buf_1|         array|
|in_buf_1_d0            |  out|   32|   ap_memory|                                          in_buf_1|         array|
|in_buf_2_address0      |  out|    8|   ap_memory|                                          in_buf_2|         array|
|in_buf_2_ce0           |  out|    1|   ap_memory|                                          in_buf_2|         array|
|in_buf_2_we0           |  out|    1|   ap_memory|                                          in_buf_2|         array|
|in_buf_2_d0            |  out|   32|   ap_memory|                                          in_buf_2|         array|
|in_buf_3_address0      |  out|    8|   ap_memory|                                          in_buf_3|         array|
|in_buf_3_ce0           |  out|    1|   ap_memory|                                          in_buf_3|         array|
|in_buf_3_we0           |  out|    1|   ap_memory|                                          in_buf_3|         array|
|in_buf_3_d0            |  out|   32|   ap_memory|                                          in_buf_3|         array|
|in_buf_4_address0      |  out|    8|   ap_memory|                                          in_buf_4|         array|
|in_buf_4_ce0           |  out|    1|   ap_memory|                                          in_buf_4|         array|
|in_buf_4_we0           |  out|    1|   ap_memory|                                          in_buf_4|         array|
|in_buf_4_d0            |  out|   32|   ap_memory|                                          in_buf_4|         array|
|in_buf_5_address0      |  out|    8|   ap_memory|                                          in_buf_5|         array|
|in_buf_5_ce0           |  out|    1|   ap_memory|                                          in_buf_5|         array|
|in_buf_5_we0           |  out|    1|   ap_memory|                                          in_buf_5|         array|
|in_buf_5_d0            |  out|   32|   ap_memory|                                          in_buf_5|         array|
|in_buf_6_address0      |  out|    8|   ap_memory|                                          in_buf_6|         array|
|in_buf_6_ce0           |  out|    1|   ap_memory|                                          in_buf_6|         array|
|in_buf_6_we0           |  out|    1|   ap_memory|                                          in_buf_6|         array|
|in_buf_6_d0            |  out|   32|   ap_memory|                                          in_buf_6|         array|
|in_buf_7_address0      |  out|    8|   ap_memory|                                          in_buf_7|         array|
|in_buf_7_ce0           |  out|    1|   ap_memory|                                          in_buf_7|         array|
|in_buf_7_we0           |  out|    1|   ap_memory|                                          in_buf_7|         array|
|in_buf_7_d0            |  out|   32|   ap_memory|                                          in_buf_7|         array|
|in_buf_8_address0      |  out|    8|   ap_memory|                                          in_buf_8|         array|
|in_buf_8_ce0           |  out|    1|   ap_memory|                                          in_buf_8|         array|
|in_buf_8_we0           |  out|    1|   ap_memory|                                          in_buf_8|         array|
|in_buf_8_d0            |  out|   32|   ap_memory|                                          in_buf_8|         array|
|in_buf_9_address0      |  out|    8|   ap_memory|                                          in_buf_9|         array|
|in_buf_9_ce0           |  out|    1|   ap_memory|                                          in_buf_9|         array|
|in_buf_9_we0           |  out|    1|   ap_memory|                                          in_buf_9|         array|
|in_buf_9_d0            |  out|   32|   ap_memory|                                          in_buf_9|         array|
|in_buf_10_address0     |  out|    8|   ap_memory|                                         in_buf_10|         array|
|in_buf_10_ce0          |  out|    1|   ap_memory|                                         in_buf_10|         array|
|in_buf_10_we0          |  out|    1|   ap_memory|                                         in_buf_10|         array|
|in_buf_10_d0           |  out|   32|   ap_memory|                                         in_buf_10|         array|
|in_buf_11_address0     |  out|    8|   ap_memory|                                         in_buf_11|         array|
|in_buf_11_ce0          |  out|    1|   ap_memory|                                         in_buf_11|         array|
|in_buf_11_we0          |  out|    1|   ap_memory|                                         in_buf_11|         array|
|in_buf_11_d0           |  out|   32|   ap_memory|                                         in_buf_11|         array|
|in_buf_12_address0     |  out|    8|   ap_memory|                                         in_buf_12|         array|
|in_buf_12_ce0          |  out|    1|   ap_memory|                                         in_buf_12|         array|
|in_buf_12_we0          |  out|    1|   ap_memory|                                         in_buf_12|         array|
|in_buf_12_d0           |  out|   32|   ap_memory|                                         in_buf_12|         array|
|in_buf_13_address0     |  out|    8|   ap_memory|                                         in_buf_13|         array|
|in_buf_13_ce0          |  out|    1|   ap_memory|                                         in_buf_13|         array|
|in_buf_13_we0          |  out|    1|   ap_memory|                                         in_buf_13|         array|
|in_buf_13_d0           |  out|   32|   ap_memory|                                         in_buf_13|         array|
|in_buf_14_address0     |  out|    8|   ap_memory|                                         in_buf_14|         array|
|in_buf_14_ce0          |  out|    1|   ap_memory|                                         in_buf_14|         array|
|in_buf_14_we0          |  out|    1|   ap_memory|                                         in_buf_14|         array|
|in_buf_14_d0           |  out|   32|   ap_memory|                                         in_buf_14|         array|
|in_buf_15_address0     |  out|    8|   ap_memory|                                         in_buf_15|         array|
|in_buf_15_ce0          |  out|    1|   ap_memory|                                         in_buf_15|         array|
|in_buf_15_we0          |  out|    1|   ap_memory|                                         in_buf_15|         array|
|in_buf_15_d0           |  out|   32|   ap_memory|                                         in_buf_15|         array|
|in_buf_16_address0     |  out|    8|   ap_memory|                                         in_buf_16|         array|
|in_buf_16_ce0          |  out|    1|   ap_memory|                                         in_buf_16|         array|
|in_buf_16_we0          |  out|    1|   ap_memory|                                         in_buf_16|         array|
|in_buf_16_d0           |  out|   32|   ap_memory|                                         in_buf_16|         array|
|in_buf_17_address0     |  out|    8|   ap_memory|                                         in_buf_17|         array|
|in_buf_17_ce0          |  out|    1|   ap_memory|                                         in_buf_17|         array|
|in_buf_17_we0          |  out|    1|   ap_memory|                                         in_buf_17|         array|
|in_buf_17_d0           |  out|   32|   ap_memory|                                         in_buf_17|         array|
+-----------------------+-----+-----+------------+--------------------------------------------------+--------------+

