

================================================================
== Vitis HLS Report for 'mobilenet_v1_Pipeline_BN_PW3_C_BN_PW3_H'
================================================================
* Date:           Sat Jun 27 09:58:21 2026

* Version:        2025.2 (Build 6295257 on Nov 14 2025)
* Project:        FP32_HLS
* Solution:       hls (Vivado IP Flow Target)
* Product family: zynq
* Target device:  xc7z045-ffg900-2


================================================================
== Performance Estimates
================================================================
+ Timing: 
    * Summary: 
    +--------+----------+----------+------------+
    |  Clock |  Target  | Estimated| Uncertainty|
    +--------+----------+----------+------------+
    |ap_clk  |  10.00 ns|  6.329 ns|     2.70 ns|
    +--------+----------+----------+------------+

+ Latency: 
    * Summary: 
    +---------+---------+----------+----------+-----+-----+-------------------+
    |  Latency (cycles) |  Latency (absolute) |  Interval |      Pipeline     |
    |   min   |   max   |    min   |    max   | min | max |        Type       |
    +---------+---------+----------+----------+-----+-----+-------------------+
    |      526|      526|  5.260 us|  5.260 us|    0|    0|  loop pipeline stp|
    +---------+---------+----------+----------+-----+-----+-------------------+

    + Detail: 
        * Instance: 
        N/A

        * Loop: 
        +---------------------+---------+---------+----------+-----------+-----------+------+----------+
        |                     |  Latency (cycles) | Iteration|  Initiation Interval  | Trip |          |
        |      Loop Name      |   min   |   max   |  Latency |  achieved |   target  | Count| Pipelined|
        +---------------------+---------+---------+----------+-----------+-----------+------+----------+
        |- BN_PW3_C_BN_PW3_H  |      524|      524|        14|          1|          1|   512|       yes|
        +---------------------+---------+---------+----------+-----------+-----------+------+----------+



================================================================
== Utilization Estimates
================================================================
* Summary: 
+-----------------+---------+-----+--------+--------+-----+
|       Name      | BRAM_18K| DSP |   FF   |   LUT  | URAM|
+-----------------+---------+-----+--------+--------+-----+
|DSP              |        -|    -|       -|       -|    -|
|Expression       |        -|    -|       0|     181|    -|
|FIFO             |        -|    -|       -|       -|    -|
|Instance         |        -|    -|       0|    2724|    -|
|Memory           |        -|    -|       -|       -|    -|
|Multiplexer      |        -|    -|       0|      72|    -|
|Register         |        -|    -|     569|      64|    -|
+-----------------+---------+-----+--------+--------+-----+
|Total            |        0|    0|     569|    3041|    0|
+-----------------+---------+-----+--------+--------+-----+
|Available        |     1090|  900|  437200|  218600|    0|
+-----------------+---------+-----+--------+--------+-----+
|Utilization (%)  |        0|    0|      ~0|       1|    0|
+-----------------+---------+-----+--------+--------+-----+

+ Detail: 
    * Instance: 
    +------------------------------+------------------------+---------+----+---+------+-----+
    |           Instance           |         Module         | BRAM_18K| DSP| FF|  LUT | URAM|
    +------------------------------+------------------------+---------+----+---+------+-----+
    |sparsemux_513_8_32_1_1_U1225  |sparsemux_513_8_32_1_1  |        0|   0|  0|  1362|    0|
    |sparsemux_513_8_32_1_1_U1226  |sparsemux_513_8_32_1_1  |        0|   0|  0|  1362|    0|
    +------------------------------+------------------------+---------+----+---+------+-----+
    |Total                         |                        |        0|   0|  0|  2724|    0|
    +------------------------------+------------------------+---------+----+---+------+-----+

    * DSP: 
    N/A

    * Memory: 
    N/A

    * FIFO: 
    N/A

    * Expression: 
    +-------------------------+----------+----+---+----+------------+------------+
    |      Variable Name      | Operation| DSP| FF| LUT| Bitwidth P0| Bitwidth P1|
    +-------------------------+----------+----+---+----+------------+------------+
    |add_ln175_1_fu_1713_p2   |         +|   0|  0|  10|          10|           1|
    |add_ln175_fu_1729_p2     |         +|   0|  0|   9|           9|           1|
    |and_ln175_fu_1747_p2     |       and|   0|  0|   1|           1|           1|
    |and_ln4_1_fu_3963_p2     |       and|   0|  0|   1|           1|           1|
    |and_ln4_fu_3915_p2       |       and|   0|  0|   1|           1|           1|
    |icmp_ln175_fu_1707_p2    |      icmp|   0|  0|  11|          10|          11|
    |icmp_ln176_fu_1735_p2    |      icmp|   0|  0|   4|           2|           3|
    |icmp_ln4_1_fu_3903_p2    |      icmp|   0|  0|  23|          23|           1|
    |icmp_ln4_2_fu_3945_p2    |      icmp|   0|  0|   8|           8|           2|
    |icmp_ln4_3_fu_3951_p2    |      icmp|   0|  0|  23|          23|           1|
    |icmp_ln4_fu_3897_p2      |      icmp|   0|  0|   8|           8|           2|
    |or_ln4_1_fu_3957_p2      |        or|   0|  0|   1|           1|           1|
    |or_ln4_fu_3909_p2        |        or|   0|  0|   1|           1|           1|
    |select_ln175_fu_1753_p3  |    select|   0|  0|   9|           1|           9|
    |select_ln176_fu_1795_p3  |    select|   0|  0|   3|           1|           3|
    |select_ln4_1_fu_3969_p3  |    select|   0|  0|  32|           1|          32|
    |select_ln4_fu_3921_p3    |    select|   0|  0|  32|           1|          32|
    |ap_enable_pp0            |       xor|   0|  0|   2|           1|           2|
    |xor_ln175_fu_1741_p2     |       xor|   0|  0|   2|           1|           2|
    +-------------------------+----------+----+---+----+------------+------------+
    |Total                    |          |   0|  0| 181|         104|         107|
    +-------------------------+----------+----+---+----+------------+------------+

    * Multiplexer: 
    +----------------------------------------+----+-----------+-----+-----------+
    |                  Name                  | LUT| Input Size| Bits| Total Bits|
    +----------------------------------------+----+-----------+-----+-----------+
    |ap_done_int                             |   9|          2|    1|          2|
    |ap_enable_reg_pp0_iter1                 |   9|          2|    1|          2|
    |ap_sig_allocacmp_c_load                 |   9|          2|    9|         18|
    |ap_sig_allocacmp_h_load                 |   9|          2|    2|          4|
    |ap_sig_allocacmp_indvar_flatten74_load  |   9|          2|   10|         20|
    |c_fu_1604                               |   9|          2|    9|         18|
    |h_fu_1600                               |   9|          2|    2|          4|
    |indvar_flatten74_fu_1608                |   9|          2|   10|         20|
    +----------------------------------------+----+-----------+-----+-----------+
    |Total                                   |  72|         16|   44|         88|
    +----------------------------------------+----+-----------+-----+-----------+

    * Register: 
    +------------------------------------+----+----+-----+-----------+
    |                Name                | FF | LUT| Bits| Const Bits|
    +------------------------------------+----+----+-----+-----------+
    |and_ln175_reg_4013                  |   1|   0|    1|          0|
    |ap_CS_fsm                           |   1|   0|    1|          0|
    |ap_done_reg                         |   1|   0|    1|          0|
    |ap_enable_reg_pp0_iter1             |   1|   0|    1|          0|
    |ap_enable_reg_pp0_iter10            |   1|   0|    1|          0|
    |ap_enable_reg_pp0_iter11            |   1|   0|    1|          0|
    |ap_enable_reg_pp0_iter12            |   1|   0|    1|          0|
    |ap_enable_reg_pp0_iter13            |   1|   0|    1|          0|
    |ap_enable_reg_pp0_iter2             |   1|   0|    1|          0|
    |ap_enable_reg_pp0_iter3             |   1|   0|    1|          0|
    |ap_enable_reg_pp0_iter4             |   1|   0|    1|          0|
    |ap_enable_reg_pp0_iter5             |   1|   0|    1|          0|
    |ap_enable_reg_pp0_iter6             |   1|   0|    1|          0|
    |ap_enable_reg_pp0_iter7             |   1|   0|    1|          0|
    |ap_enable_reg_pp0_iter8             |   1|   0|    1|          0|
    |ap_enable_reg_pp0_iter9             |   1|   0|    1|          0|
    |ap_loop_exit_ready_pp0_iter10_reg   |   1|   0|    1|          0|
    |ap_loop_exit_ready_pp0_iter11_reg   |   1|   0|    1|          0|
    |ap_loop_exit_ready_pp0_iter12_reg   |   1|   0|    1|          0|
    |ap_loop_exit_ready_pp0_iter1_reg    |   1|   0|    1|          0|
    |ap_loop_exit_ready_pp0_iter2_reg    |   1|   0|    1|          0|
    |ap_loop_exit_ready_pp0_iter3_reg    |   1|   0|    1|          0|
    |ap_loop_exit_ready_pp0_iter4_reg    |   1|   0|    1|          0|
    |ap_loop_exit_ready_pp0_iter5_reg    |   1|   0|    1|          0|
    |ap_loop_exit_ready_pp0_iter6_reg    |   1|   0|    1|          0|
    |ap_loop_exit_ready_pp0_iter7_reg    |   1|   0|    1|          0|
    |ap_loop_exit_ready_pp0_iter8_reg    |   1|   0|    1|          0|
    |ap_loop_exit_ready_pp0_iter9_reg    |   1|   0|    1|          0|
    |c_fu_1604                           |   9|   0|    9|          0|
    |h_fu_1600                           |   2|   0|    2|          0|
    |indvar_flatten74_fu_1608            |  10|   0|   10|          0|
    |mul_1_i5_reg_4062                   |  32|   0|   32|          0|
    |mul_i6_reg_4057                     |  32|   0|   32|          0|
    |ofmap_pw3_load_1_reg_4046           |  32|   0|   32|          0|
    |ofmap_pw3_load_reg_4041             |  32|   0|   32|          0|
    |select_ln4_1_reg_4086               |  32|   0|   32|          0|
    |select_ln4_reg_4081                 |  32|   0|   32|          0|
    |tmp_103_reg_4035                    |  32|   0|   32|          0|
    |tmp_104_reg_4051                    |  32|   0|   32|          0|
    |trunc_ln179_reg_4018                |   8|   0|    8|          0|
    |x_assign_1_reg_4074                 |  32|   0|   32|          0|
    |x_assign_1_reg_4074_pp0_iter11_reg  |  32|   0|   32|          0|
    |x_assign_s_reg_4067                 |  32|   0|   32|          0|
    |x_assign_s_reg_4067_pp0_iter11_reg  |  32|   0|   32|          0|
    |and_ln175_reg_4013                  |  64|  32|    1|          0|
    |trunc_ln179_reg_4018                |  64|  32|    8|          0|
    +------------------------------------+----+----+-----+-----------+
    |Total                               | 569|  64|  450|          0|
    +------------------------------------+----+----+-----+-----------+



================================================================
== Interface
================================================================
* Summary: 
+----------------------+-----+-----+------------+-----------------------------------------+--------------+
|       RTL Ports      | Dir | Bits|  Protocol  |              Source Object              |    C Type    |
+----------------------+-----+-----+------------+-----------------------------------------+--------------+
|ap_clk                |   in|    1|  ap_ctrl_hs|  mobilenet_v1_Pipeline_BN_PW3_C_BN_PW3_H|  return value|
|ap_rst                |   in|    1|  ap_ctrl_hs|  mobilenet_v1_Pipeline_BN_PW3_C_BN_PW3_H|  return value|
|ap_start              |   in|    1|  ap_ctrl_hs|  mobilenet_v1_Pipeline_BN_PW3_C_BN_PW3_H|  return value|
|ap_done               |  out|    1|  ap_ctrl_hs|  mobilenet_v1_Pipeline_BN_PW3_C_BN_PW3_H|  return value|
|ap_idle               |  out|    1|  ap_ctrl_hs|  mobilenet_v1_Pipeline_BN_PW3_C_BN_PW3_H|  return value|
|ap_ready              |  out|    1|  ap_ctrl_hs|  mobilenet_v1_Pipeline_BN_PW3_C_BN_PW3_H|  return value|
|grp_fu_2467_p_din0    |  out|   32|  ap_ctrl_hs|  mobilenet_v1_Pipeline_BN_PW3_C_BN_PW3_H|  return value|
|grp_fu_2467_p_din1    |  out|   32|  ap_ctrl_hs|  mobilenet_v1_Pipeline_BN_PW3_C_BN_PW3_H|  return value|
|grp_fu_2467_p_opcode  |  out|    2|  ap_ctrl_hs|  mobilenet_v1_Pipeline_BN_PW3_C_BN_PW3_H|  return value|
|grp_fu_2467_p_dout0   |   in|   32|  ap_ctrl_hs|  mobilenet_v1_Pipeline_BN_PW3_C_BN_PW3_H|  return value|
|grp_fu_2467_p_ce      |  out|    1|  ap_ctrl_hs|  mobilenet_v1_Pipeline_BN_PW3_C_BN_PW3_H|  return value|
|grp_fu_2471_p_din0    |  out|   32|  ap_ctrl_hs|  mobilenet_v1_Pipeline_BN_PW3_C_BN_PW3_H|  return value|
|grp_fu_2471_p_din1    |  out|   32|  ap_ctrl_hs|  mobilenet_v1_Pipeline_BN_PW3_C_BN_PW3_H|  return value|
|grp_fu_2471_p_opcode  |  out|    2|  ap_ctrl_hs|  mobilenet_v1_Pipeline_BN_PW3_C_BN_PW3_H|  return value|
|grp_fu_2471_p_dout0   |   in|   32|  ap_ctrl_hs|  mobilenet_v1_Pipeline_BN_PW3_C_BN_PW3_H|  return value|
|grp_fu_2471_p_ce      |  out|    1|  ap_ctrl_hs|  mobilenet_v1_Pipeline_BN_PW3_C_BN_PW3_H|  return value|
|grp_fu_2523_p_din0    |  out|   32|  ap_ctrl_hs|  mobilenet_v1_Pipeline_BN_PW3_C_BN_PW3_H|  return value|
|grp_fu_2523_p_din1    |  out|   32|  ap_ctrl_hs|  mobilenet_v1_Pipeline_BN_PW3_C_BN_PW3_H|  return value|
|grp_fu_2523_p_dout0   |   in|   32|  ap_ctrl_hs|  mobilenet_v1_Pipeline_BN_PW3_C_BN_PW3_H|  return value|
|grp_fu_2523_p_ce      |  out|    1|  ap_ctrl_hs|  mobilenet_v1_Pipeline_BN_PW3_C_BN_PW3_H|  return value|
|grp_fu_2527_p_din0    |  out|   32|  ap_ctrl_hs|  mobilenet_v1_Pipeline_BN_PW3_C_BN_PW3_H|  return value|
|grp_fu_2527_p_din1    |  out|   32|  ap_ctrl_hs|  mobilenet_v1_Pipeline_BN_PW3_C_BN_PW3_H|  return value|
|grp_fu_2527_p_dout0   |   in|   32|  ap_ctrl_hs|  mobilenet_v1_Pipeline_BN_PW3_C_BN_PW3_H|  return value|
|grp_fu_2527_p_ce      |  out|    1|  ap_ctrl_hs|  mobilenet_v1_Pipeline_BN_PW3_C_BN_PW3_H|  return value|
|grp_fu_2599_p_din0    |  out|   32|  ap_ctrl_hs|  mobilenet_v1_Pipeline_BN_PW3_C_BN_PW3_H|  return value|
|grp_fu_2599_p_din1    |  out|   32|  ap_ctrl_hs|  mobilenet_v1_Pipeline_BN_PW3_C_BN_PW3_H|  return value|
|grp_fu_2599_p_opcode  |  out|    5|  ap_ctrl_hs|  mobilenet_v1_Pipeline_BN_PW3_C_BN_PW3_H|  return value|
|grp_fu_2599_p_dout0   |   in|    1|  ap_ctrl_hs|  mobilenet_v1_Pipeline_BN_PW3_C_BN_PW3_H|  return value|
|grp_fu_2599_p_ce      |  out|    1|  ap_ctrl_hs|  mobilenet_v1_Pipeline_BN_PW3_C_BN_PW3_H|  return value|
|grp_fu_2603_p_din0    |  out|   32|  ap_ctrl_hs|  mobilenet_v1_Pipeline_BN_PW3_C_BN_PW3_H|  return value|
|grp_fu_2603_p_din1    |  out|   32|  ap_ctrl_hs|  mobilenet_v1_Pipeline_BN_PW3_C_BN_PW3_H|  return value|
|grp_fu_2603_p_opcode  |  out|    5|  ap_ctrl_hs|  mobilenet_v1_Pipeline_BN_PW3_C_BN_PW3_H|  return value|
|grp_fu_2603_p_dout0   |   in|    1|  ap_ctrl_hs|  mobilenet_v1_Pipeline_BN_PW3_C_BN_PW3_H|  return value|
|grp_fu_2603_p_ce      |  out|    1|  ap_ctrl_hs|  mobilenet_v1_Pipeline_BN_PW3_C_BN_PW3_H|  return value|
|ofmap_pw3_address0    |  out|   10|   ap_memory|                                ofmap_pw3|         array|
|ofmap_pw3_ce0         |  out|    1|   ap_memory|                                ofmap_pw3|         array|
|ofmap_pw3_q0          |   in|   32|   ap_memory|                                ofmap_pw3|         array|
|ofmap_pw3_address1    |  out|   10|   ap_memory|                                ofmap_pw3|         array|
|ofmap_pw3_ce1         |  out|    1|   ap_memory|                                ofmap_pw3|         array|
|ofmap_pw3_q1          |   in|   32|   ap_memory|                                ofmap_pw3|         array|
|ifmap_gap_address0    |  out|    9|   ap_memory|                                ifmap_gap|         array|
|ifmap_gap_ce0         |  out|    1|   ap_memory|                                ifmap_gap|         array|
|ifmap_gap_we0         |  out|    1|   ap_memory|                                ifmap_gap|         array|
|ifmap_gap_d0          |  out|   32|   ap_memory|                                ifmap_gap|         array|
|ifmap_gap_2_address0  |  out|    9|   ap_memory|                              ifmap_gap_2|         array|
|ifmap_gap_2_ce0       |  out|    1|   ap_memory|                              ifmap_gap_2|         array|
|ifmap_gap_2_we0       |  out|    1|   ap_memory|                              ifmap_gap_2|         array|
|ifmap_gap_2_d0        |  out|   32|   ap_memory|                              ifmap_gap_2|         array|
+----------------------+-----+-----+------------+-----------------------------------------+--------------+

