

================================================================
== Vitis HLS Report for 'pw0'
================================================================
* Date:           Sat Jun 27 09:58:16 2026

* Version:        2025.2 (Build 6295257 on Nov 14 2025)
* Project:        FP32_HLS
* Solution:       hls (Vivado IP Flow Target)
* Product family: zynq
* Target device:  xc7z045-ffg900-2


================================================================
== Performance Estimates
================================================================
+ Timing: 
    * Summary: 
    +--------+----------+----------+------------+
    |  Clock |  Target  | Estimated| Uncertainty|
    +--------+----------+----------+------------+
    |ap_clk  |  10.00 ns|  6.768 ns|     2.70 ns|
    +--------+----------+----------+------------+

+ Latency: 
    * Summary: 
    +---------+---------+----------+----------+-----+-----+-------------------+
    |  Latency (cycles) |  Latency (absolute) |  Interval |      Pipeline     |
    |   min   |   max   |    min   |    max   | min | max |        Type       |
    +---------+---------+----------+----------+-----+-----+-------------------+
    |    32853|    32853|  0.329 ms|  0.329 ms|    0|    0|  loop pipeline stp|
    +---------+---------+----------+----------+-----+-----+-------------------+

    + Detail: 
        * Instance: 
        N/A

        * Loop: 
        +------------------------+---------+---------+----------+-----------+-----------+------+----------+
        |                        |  Latency (cycles) | Iteration|  Initiation Interval  | Trip |          |
        |        Loop Name       |   min   |   max   |  Latency |  achieved |   target  | Count| Pipelined|
        +------------------------+---------+---------+----------+-----------+-----------+------+----------+
        |- PW0_OC_PW0_OH_PW0_OW  |    32851|    32851|        88|          4|          1|  8192|       yes|
        +------------------------+---------+---------+----------+-----------+-----------+------+----------+



================================================================
== Utilization Estimates
================================================================
* Summary: 
+-----------------+---------+-----+--------+--------+-----+
|       Name      | BRAM_18K| DSP |   FF   |   LUT  | URAM|
+-----------------+---------+-----+--------+--------+-----+
|DSP              |        -|    -|       -|       -|    -|
|Expression       |        -|    -|       0|     239|    -|
|FIFO             |        -|    -|       -|       -|    -|
|Instance         |        -|    -|       -|       -|    -|
|Memory           |        2|    -|       0|       0|    -|
|Multiplexer      |        -|    -|       0|     795|    -|
|Register         |        -|    -|    3400|     576|    -|
+-----------------+---------+-----+--------+--------+-----+
|Total            |        2|    0|    3400|    1610|    0|
+-----------------+---------+-----+--------+--------+-----+
|Available        |     1090|  900|  437200|  218600|    0|
+-----------------+---------+-----+--------+--------+-----+
|Utilization (%)  |       ~0|    0|      ~0|      ~0|    0|
+-----------------+---------+-----+--------+--------+-----+

+ Detail: 
    * Instance: 
    N/A

    * DSP: 
    N/A

    * Memory: 
    +---------------------------------------+--------------------------------------------------------+---------+---+----+-----+------+-----+------+-------------+
    |                 Memory                |                         Module                         | BRAM_18K| FF| LUT| URAM| Words| Bits| Banks| W*Bits*Banks|
    +---------------------------------------+--------------------------------------------------------+---------+---+----+-----+------+-----+------+-------------+
    |p_ZL27features_0_pointwise_weight_0_U  |pw0_p_ZL27features_0_pointwise_weight_0_ROM_2P_BRAM_1R  |        1|  0|   0|    0|   256|   32|     1|         8192|
    |p_ZL27features_0_pointwise_weight_1_U  |pw0_p_ZL27features_0_pointwise_weight_1_ROM_2P_BRAM_1R  |        1|  0|   0|    0|   256|   32|     1|         8192|
    +---------------------------------------+--------------------------------------------------------+---------+---+----+-----+------+-----+------+-------------+
    |Total                                  |                                                        |        2|  0|   0|    0|   512|   64|     2|        16384|
    +---------------------------------------+--------------------------------------------------------+---------+---+----+-----+------+-----+------+-------------+

    * FIFO: 
    N/A

    * Expression: 
    +--------------------------+----------+----+---+----+------------+------------+
    |       Variable Name      | Operation| DSP| FF| LUT| Bitwidth P0| Bitwidth P1|
    +--------------------------+----------+----+---+----+------------+------------+
    |add_ln12_1_fu_752_p2      |         +|   0|  0|  14|          14|           1|
    |add_ln12_fu_767_p2        |         +|   0|  0|   6|           6|           1|
    |add_ln13_1_fu_1022_p2     |         +|   0|  0|  10|          10|           1|
    |add_ln13_fu_817_p2        |         +|   0|  0|   7|           5|           1|
    |add_ln14_fu_1017_p2       |         +|   0|  0|   7|           5|           1|
    |add_ln19_10_fu_1132_p2    |         +|   0|  0|  10|          10|          10|
    |add_ln19_11_fu_1011_p2    |         +|   0|  0|  10|          10|          10|
    |add_ln19_1_fu_1099_p2     |         +|   0|  0|  11|          11|          10|
    |add_ln19_2_fu_1186_p2     |         +|   0|  0|  11|          11|          11|
    |add_ln19_4_fu_987_p2      |         +|   0|  0|  10|          10|          10|
    |add_ln19_5_fu_999_p2      |         +|   0|  0|  10|          10|          10|
    |add_ln19_6_fu_1108_p2     |         +|   0|  0|  11|          11|          11|
    |add_ln19_7_fu_1120_p2     |         +|   0|  0|  11|          11|          11|
    |add_ln19_8_fu_1197_p2     |         +|   0|  0|  11|          11|          11|
    |add_ln19_9_fu_1208_p2     |         +|   0|  0|  11|          11|          11|
    |add_ln19_fu_946_p2        |         +|   0|  0|  10|          10|           9|
    |add_ln21_fu_1191_p2       |         +|   0|  0|   9|           9|           9|
    |and_ln12_fu_799_p2        |       and|   0|  0|   1|           1|           1|
    |icmp_ln12_fu_746_p2       |      icmp|   0|  0|  15|          14|          15|
    |icmp_ln13_fu_773_p2       |      icmp|   0|  0|  10|          10|           9|
    |icmp_ln14_fu_793_p2       |      icmp|   0|  0|   6|           5|           6|
    |empty_fu_823_p2           |        or|   0|  0|   1|           1|           1|
    |ow_mid2_fu_829_p3         |    select|   0|  0|   5|           1|           1|
    |select_ln12_1_fu_805_p3   |    select|   0|  0|   6|           1|           6|
    |select_ln12_fu_779_p3     |    select|   0|  0|   5|           1|           1|
    |select_ln13_1_fu_1027_p3  |    select|   0|  0|  10|           1|           1|
    |select_ln13_fu_903_p3     |    select|   0|  0|   5|           1|           5|
    |ap_enable_pp0             |       xor|   0|  0|   2|           1|           2|
    |xor_ln12_fu_787_p2        |       xor|   0|  0|   2|           1|           2|
    |xor_ln19_fu_960_p2        |       xor|   0|  0|   2|           1|           2|
    +--------------------------+----------+----+---+----+------------+------------+
    |Total                     |          |   0|  0| 239|         204|         180|
    +--------------------------+----------+----+---+----+------------+------------+

    * Multiplexer: 
    +----------------------------------------------------+----+-----------+-----+-----------+
    |                        Name                        | LUT| Input Size| Bits| Total Bits|
    +----------------------------------------------------+----+-----------+-----+-----------+
    |ap_NS_fsm                                           |  21|          5|    1|          5|
    |ap_done_int                                         |   9|          2|    1|          2|
    |ap_enable_reg_pp0_iter0                             |   9|          2|    1|          2|
    |ap_enable_reg_pp0_iter1                             |   9|          2|    1|          2|
    |ap_enable_reg_pp0_iter22                            |   9|          2|    1|          2|
    |ap_loop_exit_ready_pp0_iter10_reg                   |   9|          2|    1|          2|
    |ap_loop_exit_ready_pp0_iter11_reg                   |   9|          2|    1|          2|
    |ap_loop_exit_ready_pp0_iter12_reg                   |   9|          2|    1|          2|
    |ap_loop_exit_ready_pp0_iter13_reg                   |   9|          2|    1|          2|
    |ap_loop_exit_ready_pp0_iter14_reg                   |   9|          2|    1|          2|
    |ap_loop_exit_ready_pp0_iter15_reg                   |   9|          2|    1|          2|
    |ap_loop_exit_ready_pp0_iter16_reg                   |   9|          2|    1|          2|
    |ap_loop_exit_ready_pp0_iter17_reg                   |   9|          2|    1|          2|
    |ap_loop_exit_ready_pp0_iter18_reg                   |   9|          2|    1|          2|
    |ap_loop_exit_ready_pp0_iter19_reg                   |   9|          2|    1|          2|
    |ap_loop_exit_ready_pp0_iter1_reg                    |   9|          2|    1|          2|
    |ap_loop_exit_ready_pp0_iter20_reg                   |   9|          2|    1|          2|
    |ap_loop_exit_ready_pp0_iter21_reg                   |   9|          2|    1|          2|
    |ap_loop_exit_ready_pp0_iter2_reg                    |   9|          2|    1|          2|
    |ap_loop_exit_ready_pp0_iter3_reg                    |   9|          2|    1|          2|
    |ap_loop_exit_ready_pp0_iter4_reg                    |   9|          2|    1|          2|
    |ap_loop_exit_ready_pp0_iter5_reg                    |   9|          2|    1|          2|
    |ap_loop_exit_ready_pp0_iter6_reg                    |   9|          2|    1|          2|
    |ap_loop_exit_ready_pp0_iter7_reg                    |   9|          2|    1|          2|
    |ap_loop_exit_ready_pp0_iter8_reg                    |   9|          2|    1|          2|
    |ap_loop_exit_ready_pp0_iter9_reg                    |   9|          2|    1|          2|
    |grp_fu_682_p0                                       |  21|          5|   32|        160|
    |grp_fu_682_p1                                       |  21|          5|   32|        160|
    |grp_fu_687_p0                                       |  21|          5|   32|        160|
    |grp_fu_687_p1                                       |  21|          5|   32|        160|
    |grp_fu_691_p0                                       |  21|          5|   32|        160|
    |grp_fu_691_p1                                       |  21|          5|   32|        160|
    |grp_fu_695_p0                                       |  21|          5|   32|        160|
    |grp_fu_695_p1                                       |  21|          5|   32|        160|
    |grp_fu_699_p0                                       |  21|          5|   32|        160|
    |grp_fu_699_p1                                       |  21|          5|   32|        160|
    |grp_fu_703_p0                                       |  21|          5|   32|        160|
    |grp_fu_703_p1                                       |  21|          5|   32|        160|
    |grp_fu_707_p0                                       |  21|          5|   32|        160|
    |grp_fu_707_p1                                       |  21|          5|   32|        160|
    |grp_fu_711_p0                                       |  21|          5|   32|        160|
    |grp_fu_711_p1                                       |  21|          5|   32|        160|
    |ifmap_0_address0_local                              |  21|          5|   11|         55|
    |ifmap_0_address1_local                              |  21|          5|   11|         55|
    |ifmap_1_address0_local                              |  21|          5|   11|         55|
    |ifmap_1_address1_local                              |  21|          5|   11|         55|
    |indvar_flatten12_fu_178                             |   9|          2|   14|         28|
    |indvar_flatten_fu_170                               |   9|          2|   10|         20|
    |oc_fu_174                                           |   9|          2|    6|         12|
    |oh_fu_166                                           |   9|          2|    5|         10|
    |ow_fu_162                                           |   9|          2|    5|         10|
    |p_ZL27features_0_pointwise_weight_0_address0_local  |  21|          5|    8|         40|
    |p_ZL27features_0_pointwise_weight_0_address1_local  |  21|          5|    8|         40|
    |p_ZL27features_0_pointwise_weight_1_address0_local  |  21|          5|    8|         40|
    |p_ZL27features_0_pointwise_weight_1_address1_local  |  21|          5|    8|         40|
    +----------------------------------------------------+----+-----------+-----+-----------+
    |Total                                               | 795|        185|  654|       3075|
    +----------------------------------------------------+----+-----------+-----+-----------+

    * Register: 
    +-----------------------------------------------------+----+----+-----+-----------+
    |                         Name                        | FF | LUT| Bits| Const Bits|
    +-----------------------------------------------------+----+----+-----+-----------+
    |acc_222_reg_1800                                     |  32|   0|   32|          0|
    |acc_223_reg_1805                                     |  32|   0|   32|          0|
    |acc_224_reg_1810                                     |  32|   0|   32|          0|
    |acc_225_reg_1815                                     |  32|   0|   32|          0|
    |acc_226_reg_1820                                     |  32|   0|   32|          0|
    |acc_227_reg_1825                                     |  32|   0|   32|          0|
    |acc_228_reg_1830                                     |  32|   0|   32|          0|
    |acc_229_reg_1835                                     |  32|   0|   32|          0|
    |acc_230_reg_1840                                     |  32|   0|   32|          0|
    |acc_231_reg_1845                                     |  32|   0|   32|          0|
    |acc_232_reg_1850                                     |  32|   0|   32|          0|
    |acc_233_reg_1855                                     |  32|   0|   32|          0|
    |acc_234_reg_1860                                     |  32|   0|   32|          0|
    |acc_235_reg_1865                                     |  32|   0|   32|          0|
    |acc_236_reg_1870                                     |  32|   0|   32|          0|
    |acc_reg_1795                                         |  32|   0|   32|          0|
    |add_ln12_1_reg_1300                                  |  14|   0|   14|          0|
    |add_ln13_reg_1336                                    |   5|   0|    5|          0|
    |add_ln19_10_reg_1515                                 |  10|   0|   10|          0|
    |add_ln19_11_reg_1439                                 |  10|   0|   10|          0|
    |add_ln21_reg_1590                                    |   9|   0|    9|          0|
    |and_ln12_reg_1315                                    |   1|   0|    1|          0|
    |ap_CS_fsm                                            |   4|   0|    4|          0|
    |ap_done_reg                                          |   1|   0|    1|          0|
    |ap_enable_reg_pp0_iter0_reg                          |   1|   0|    1|          0|
    |ap_enable_reg_pp0_iter1                              |   1|   0|    1|          0|
    |ap_enable_reg_pp0_iter10                             |   1|   0|    1|          0|
    |ap_enable_reg_pp0_iter11                             |   1|   0|    1|          0|
    |ap_enable_reg_pp0_iter12                             |   1|   0|    1|          0|
    |ap_enable_reg_pp0_iter13                             |   1|   0|    1|          0|
    |ap_enable_reg_pp0_iter14                             |   1|   0|    1|          0|
    |ap_enable_reg_pp0_iter15                             |   1|   0|    1|          0|
    |ap_enable_reg_pp0_iter16                             |   1|   0|    1|          0|
    |ap_enable_reg_pp0_iter17                             |   1|   0|    1|          0|
    |ap_enable_reg_pp0_iter18                             |   1|   0|    1|          0|
    |ap_enable_reg_pp0_iter19                             |   1|   0|    1|          0|
    |ap_enable_reg_pp0_iter2                              |   1|   0|    1|          0|
    |ap_enable_reg_pp0_iter20                             |   1|   0|    1|          0|
    |ap_enable_reg_pp0_iter21                             |   1|   0|    1|          0|
    |ap_enable_reg_pp0_iter22                             |   1|   0|    1|          0|
    |ap_enable_reg_pp0_iter3                              |   1|   0|    1|          0|
    |ap_enable_reg_pp0_iter4                              |   1|   0|    1|          0|
    |ap_enable_reg_pp0_iter5                              |   1|   0|    1|          0|
    |ap_enable_reg_pp0_iter6                              |   1|   0|    1|          0|
    |ap_enable_reg_pp0_iter7                              |   1|   0|    1|          0|
    |ap_enable_reg_pp0_iter8                              |   1|   0|    1|          0|
    |ap_enable_reg_pp0_iter9                              |   1|   0|    1|          0|
    |ap_loop_exit_ready_pp0_iter10_reg                    |   1|   0|    1|          0|
    |ap_loop_exit_ready_pp0_iter11_reg                    |   1|   0|    1|          0|
    |ap_loop_exit_ready_pp0_iter12_reg                    |   1|   0|    1|          0|
    |ap_loop_exit_ready_pp0_iter13_reg                    |   1|   0|    1|          0|
    |ap_loop_exit_ready_pp0_iter14_reg                    |   1|   0|    1|          0|
    |ap_loop_exit_ready_pp0_iter15_reg                    |   1|   0|    1|          0|
    |ap_loop_exit_ready_pp0_iter16_reg                    |   1|   0|    1|          0|
    |ap_loop_exit_ready_pp0_iter17_reg                    |   1|   0|    1|          0|
    |ap_loop_exit_ready_pp0_iter18_reg                    |   1|   0|    1|          0|
    |ap_loop_exit_ready_pp0_iter19_reg                    |   1|   0|    1|          0|
    |ap_loop_exit_ready_pp0_iter1_reg                     |   1|   0|    1|          0|
    |ap_loop_exit_ready_pp0_iter20_reg                    |   1|   0|    1|          0|
    |ap_loop_exit_ready_pp0_iter21_reg                    |   1|   0|    1|          0|
    |ap_loop_exit_ready_pp0_iter2_reg                     |   1|   0|    1|          0|
    |ap_loop_exit_ready_pp0_iter3_reg                     |   1|   0|    1|          0|
    |ap_loop_exit_ready_pp0_iter4_reg                     |   1|   0|    1|          0|
    |ap_loop_exit_ready_pp0_iter5_reg                     |   1|   0|    1|          0|
    |ap_loop_exit_ready_pp0_iter6_reg                     |   1|   0|    1|          0|
    |ap_loop_exit_ready_pp0_iter7_reg                     |   1|   0|    1|          0|
    |ap_loop_exit_ready_pp0_iter8_reg                     |   1|   0|    1|          0|
    |ap_loop_exit_ready_pp0_iter9_reg                     |   1|   0|    1|          0|
    |icmp_ln12_reg_1296                                   |   1|   0|    1|          0|
    |icmp_ln13_reg_1305                                   |   1|   0|    1|          0|
    |ifmap_0_load_1_reg_1540                              |  32|   0|   32|          0|
    |ifmap_0_load_2_reg_1615                              |  32|   0|   32|          0|
    |ifmap_0_load_3_reg_1625                              |  32|   0|   32|          0|
    |ifmap_0_load_4_reg_1675                              |  32|   0|   32|          0|
    |ifmap_0_load_5_reg_1685                              |  32|   0|   32|          0|
    |ifmap_0_load_6_reg_1695                              |  32|   0|   32|          0|
    |ifmap_0_load_7_reg_1705                              |  32|   0|   32|          0|
    |ifmap_0_load_reg_1530                                |  32|   0|   32|          0|
    |ifmap_1_load_1_reg_1545                              |  32|   0|   32|          0|
    |ifmap_1_load_2_reg_1620                              |  32|   0|   32|          0|
    |ifmap_1_load_3_reg_1630                              |  32|   0|   32|          0|
    |ifmap_1_load_4_reg_1680                              |  32|   0|   32|          0|
    |ifmap_1_load_5_reg_1690                              |  32|   0|   32|          0|
    |ifmap_1_load_6_reg_1700                              |  32|   0|   32|          0|
    |ifmap_1_load_7_reg_1710                              |  32|   0|   32|          0|
    |ifmap_1_load_reg_1535                                |  32|   0|   32|          0|
    |indvar_flatten12_fu_178                              |  14|   0|   14|          0|
    |indvar_flatten_fu_170                                |  10|   0|   10|          0|
    |indvar_flatten_load_reg_1291                         |  10|   0|   10|          0|
    |mul_10_reg_1765                                      |  32|   0|   32|          0|
    |mul_11_reg_1770                                      |  32|   0|   32|          0|
    |mul_12_reg_1775                                      |  32|   0|   32|          0|
    |mul_13_reg_1780                                      |  32|   0|   32|          0|
    |mul_14_reg_1785                                      |  32|   0|   32|          0|
    |mul_15_reg_1790                                      |  32|   0|   32|          0|
    |mul_1_reg_1720                                       |  32|   0|   32|          0|
    |mul_2_reg_1725                                       |  32|   0|   32|          0|
    |mul_3_reg_1730                                       |  32|   0|   32|          0|
    |mul_4_reg_1735                                       |  32|   0|   32|          0|
    |mul_5_reg_1740                                       |  32|   0|   32|          0|
    |mul_6_reg_1745                                       |  32|   0|   32|          0|
    |mul_7_reg_1750                                       |  32|   0|   32|          0|
    |mul_8_reg_1755                                       |  32|   0|   32|          0|
    |mul_9_reg_1760                                       |  32|   0|   32|          0|
    |mul_reg_1715                                         |  32|   0|   32|          0|
    |oc_fu_174                                            |   6|   0|    6|          0|
    |oh_fu_166                                            |   5|   0|    5|          0|
    |ow_fu_162                                            |   5|   0|    5|          0|
    |ow_mid2_reg_1341                                     |   5|   0|    5|          0|
    |p_ZL27features_0_pointwise_weight_0_load_1_reg_1409  |  32|   0|   32|          0|
    |p_ZL27features_0_pointwise_weight_0_load_2_reg_1474  |  32|   0|   32|          0|
    |p_ZL27features_0_pointwise_weight_0_load_3_reg_1484  |  32|   0|   32|          0|
    |p_ZL27features_0_pointwise_weight_0_load_4_reg_1570  |  32|   0|   32|          0|
    |p_ZL27features_0_pointwise_weight_0_load_5_reg_1580  |  32|   0|   32|          0|
    |p_ZL27features_0_pointwise_weight_0_load_6_reg_1635  |  32|   0|   32|          0|
    |p_ZL27features_0_pointwise_weight_0_load_7_reg_1645  |  32|   0|   32|          0|
    |p_ZL27features_0_pointwise_weight_0_load_reg_1399    |  32|   0|   32|          0|
    |p_ZL27features_0_pointwise_weight_1_load_1_reg_1414  |  32|   0|   32|          0|
    |p_ZL27features_0_pointwise_weight_1_load_2_reg_1479  |  32|   0|   32|          0|
    |p_ZL27features_0_pointwise_weight_1_load_3_reg_1489  |  32|   0|   32|          0|
    |p_ZL27features_0_pointwise_weight_1_load_4_reg_1575  |  32|   0|   32|          0|
    |p_ZL27features_0_pointwise_weight_1_load_5_reg_1585  |  32|   0|   32|          0|
    |p_ZL27features_0_pointwise_weight_1_load_6_reg_1640  |  32|   0|   32|          0|
    |p_ZL27features_0_pointwise_weight_1_load_7_reg_1650  |  32|   0|   32|          0|
    |p_ZL27features_0_pointwise_weight_1_load_reg_1404    |  32|   0|   32|          0|
    |select_ln12_1_reg_1320                               |   6|   0|    6|          0|
    |select_ln12_reg_1310                                 |   5|   0|    5|          0|
    |select_ln13_reg_1372                                 |   5|   0|    5|          0|
    |tmp_120_reg_1419                                     |   5|   0|    9|          4|
    |trunc_ln13_reg_1325                                  |   5|   0|    5|          0|
    |trunc_ln14_reg_1368                                  |   4|   0|    4|          0|
    |zext_ln19_10_reg_1494                                |   5|   0|   11|          6|
    |zext_ln19_13_reg_1499                                |   5|   0|   11|          6|
    |zext_ln19_14_reg_1424                                |   5|   0|   10|          5|
    |add_ln21_reg_1590                                    |  64|  32|    9|          0|
    |icmp_ln12_reg_1296                                   |  64|  32|    1|          0|
    |mul_10_reg_1765                                      |  64|  32|   32|          0|
    |mul_11_reg_1770                                      |  64|  32|   32|          0|
    |mul_12_reg_1775                                      |  64|  32|   32|          0|
    |mul_13_reg_1780                                      |  64|  32|   32|          0|
    |mul_14_reg_1785                                      |  64|  32|   32|          0|
    |mul_15_reg_1790                                      |  64|  32|   32|          0|
    |mul_1_reg_1720                                       |  64|  32|   32|          0|
    |mul_2_reg_1725                                       |  64|  32|   32|          0|
    |mul_3_reg_1730                                       |  64|  32|   32|          0|
    |mul_4_reg_1735                                       |  64|  32|   32|          0|
    |mul_5_reg_1740                                       |  64|  32|   32|          0|
    |mul_6_reg_1745                                       |  64|  32|   32|          0|
    |mul_7_reg_1750                                       |  64|  32|   32|          0|
    |mul_8_reg_1755                                       |  64|  32|   32|          0|
    |mul_9_reg_1760                                       |  64|  32|   32|          0|
    |trunc_ln14_reg_1368                                  |  64|  32|    4|          0|
    +-----------------------------------------------------+----+----+-----+-----------+
    |Total                                                |3400| 576| 2763|         21|
    +-----------------------------------------------------+----+----+-----+-----------+



================================================================
== Interface
================================================================
* Summary: 
+----------------------+-----+-----+------------+--------------+--------------+
|       RTL Ports      | Dir | Bits|  Protocol  | Source Object|    C Type    |
+----------------------+-----+-----+------------+--------------+--------------+
|ap_clk                |   in|    1|  ap_ctrl_hs|           pw0|  return value|
|ap_rst                |   in|    1|  ap_ctrl_hs|           pw0|  return value|
|ap_start              |   in|    1|  ap_ctrl_hs|           pw0|  return value|
|ap_done               |  out|    1|  ap_ctrl_hs|           pw0|  return value|
|ap_idle               |  out|    1|  ap_ctrl_hs|           pw0|  return value|
|ap_ready              |  out|    1|  ap_ctrl_hs|           pw0|  return value|
|grp_fu_2467_p_din0    |  out|   32|  ap_ctrl_hs|           pw0|  return value|
|grp_fu_2467_p_din1    |  out|   32|  ap_ctrl_hs|           pw0|  return value|
|grp_fu_2467_p_opcode  |  out|    2|  ap_ctrl_hs|           pw0|  return value|
|grp_fu_2467_p_dout0   |   in|   32|  ap_ctrl_hs|           pw0|  return value|
|grp_fu_2467_p_ce      |  out|    1|  ap_ctrl_hs|           pw0|  return value|
|grp_fu_2471_p_din0    |  out|   32|  ap_ctrl_hs|           pw0|  return value|
|grp_fu_2471_p_din1    |  out|   32|  ap_ctrl_hs|           pw0|  return value|
|grp_fu_2471_p_opcode  |  out|    2|  ap_ctrl_hs|           pw0|  return value|
|grp_fu_2471_p_dout0   |   in|   32|  ap_ctrl_hs|           pw0|  return value|
|grp_fu_2471_p_ce      |  out|    1|  ap_ctrl_hs|           pw0|  return value|
|grp_fu_2475_p_din0    |  out|   32|  ap_ctrl_hs|           pw0|  return value|
|grp_fu_2475_p_din1    |  out|   32|  ap_ctrl_hs|           pw0|  return value|
|grp_fu_2475_p_opcode  |  out|    2|  ap_ctrl_hs|           pw0|  return value|
|grp_fu_2475_p_dout0   |   in|   32|  ap_ctrl_hs|           pw0|  return value|
|grp_fu_2475_p_ce      |  out|    1|  ap_ctrl_hs|           pw0|  return value|
|grp_fu_2479_p_din0    |  out|   32|  ap_ctrl_hs|           pw0|  return value|
|grp_fu_2479_p_din1    |  out|   32|  ap_ctrl_hs|           pw0|  return value|
|grp_fu_2479_p_opcode  |  out|    2|  ap_ctrl_hs|           pw0|  return value|
|grp_fu_2479_p_dout0   |   in|   32|  ap_ctrl_hs|           pw0|  return value|
|grp_fu_2479_p_ce      |  out|    1|  ap_ctrl_hs|           pw0|  return value|
|grp_fu_2523_p_din0    |  out|   32|  ap_ctrl_hs|           pw0|  return value|
|grp_fu_2523_p_din1    |  out|   32|  ap_ctrl_hs|           pw0|  return value|
|grp_fu_2523_p_dout0   |   in|   32|  ap_ctrl_hs|           pw0|  return value|
|grp_fu_2523_p_ce      |  out|    1|  ap_ctrl_hs|           pw0|  return value|
|grp_fu_2527_p_din0    |  out|   32|  ap_ctrl_hs|           pw0|  return value|
|grp_fu_2527_p_din1    |  out|   32|  ap_ctrl_hs|           pw0|  return value|
|grp_fu_2527_p_dout0   |   in|   32|  ap_ctrl_hs|           pw0|  return value|
|grp_fu_2527_p_ce      |  out|    1|  ap_ctrl_hs|           pw0|  return value|
|grp_fu_2531_p_din0    |  out|   32|  ap_ctrl_hs|           pw0|  return value|
|grp_fu_2531_p_din1    |  out|   32|  ap_ctrl_hs|           pw0|  return value|
|grp_fu_2531_p_dout0   |   in|   32|  ap_ctrl_hs|           pw0|  return value|
|grp_fu_2531_p_ce      |  out|    1|  ap_ctrl_hs|           pw0|  return value|
|grp_fu_2535_p_din0    |  out|   32|  ap_ctrl_hs|           pw0|  return value|
|grp_fu_2535_p_din1    |  out|   32|  ap_ctrl_hs|           pw0|  return value|
|grp_fu_2535_p_dout0   |   in|   32|  ap_ctrl_hs|           pw0|  return value|
|grp_fu_2535_p_ce      |  out|    1|  ap_ctrl_hs|           pw0|  return value|
|ifmap_0_address0      |  out|   11|   ap_memory|       ifmap_0|         array|
|ifmap_0_ce0           |  out|    1|   ap_memory|       ifmap_0|         array|
|ifmap_0_q0            |   in|   32|   ap_memory|       ifmap_0|         array|
|ifmap_0_address1      |  out|   11|   ap_memory|       ifmap_0|         array|
|ifmap_0_ce1           |  out|    1|   ap_memory|       ifmap_0|         array|
|ifmap_0_q1            |   in|   32|   ap_memory|       ifmap_0|         array|
|ifmap_1_address0      |  out|   11|   ap_memory|       ifmap_1|         array|
|ifmap_1_ce0           |  out|    1|   ap_memory|       ifmap_1|         array|
|ifmap_1_q0            |   in|   32|   ap_memory|       ifmap_1|         array|
|ifmap_1_address1      |  out|   11|   ap_memory|       ifmap_1|         array|
|ifmap_1_ce1           |  out|    1|   ap_memory|       ifmap_1|         array|
|ifmap_1_q1            |   in|   32|   ap_memory|       ifmap_1|         array|
|ofmap_0_address0      |  out|    9|   ap_memory|       ofmap_0|         array|
|ofmap_0_ce0           |  out|    1|   ap_memory|       ofmap_0|         array|
|ofmap_0_we0           |  out|    1|   ap_memory|       ofmap_0|         array|
|ofmap_0_d0            |  out|   32|   ap_memory|       ofmap_0|         array|
|ofmap_1_address0      |  out|    9|   ap_memory|       ofmap_1|         array|
|ofmap_1_ce0           |  out|    1|   ap_memory|       ofmap_1|         array|
|ofmap_1_we0           |  out|    1|   ap_memory|       ofmap_1|         array|
|ofmap_1_d0            |  out|   32|   ap_memory|       ofmap_1|         array|
|ofmap_2_address0      |  out|    9|   ap_memory|       ofmap_2|         array|
|ofmap_2_ce0           |  out|    1|   ap_memory|       ofmap_2|         array|
|ofmap_2_we0           |  out|    1|   ap_memory|       ofmap_2|         array|
|ofmap_2_d0            |  out|   32|   ap_memory|       ofmap_2|         array|
|ofmap_3_address0      |  out|    9|   ap_memory|       ofmap_3|         array|
|ofmap_3_ce0           |  out|    1|   ap_memory|       ofmap_3|         array|
|ofmap_3_we0           |  out|    1|   ap_memory|       ofmap_3|         array|
|ofmap_3_d0            |  out|   32|   ap_memory|       ofmap_3|         array|
|ofmap_4_address0      |  out|    9|   ap_memory|       ofmap_4|         array|
|ofmap_4_ce0           |  out|    1|   ap_memory|       ofmap_4|         array|
|ofmap_4_we0           |  out|    1|   ap_memory|       ofmap_4|         array|
|ofmap_4_d0            |  out|   32|   ap_memory|       ofmap_4|         array|
|ofmap_5_address0      |  out|    9|   ap_memory|       ofmap_5|         array|
|ofmap_5_ce0           |  out|    1|   ap_memory|       ofmap_5|         array|
|ofmap_5_we0           |  out|    1|   ap_memory|       ofmap_5|         array|
|ofmap_5_d0            |  out|   32|   ap_memory|       ofmap_5|         array|
|ofmap_6_address0      |  out|    9|   ap_memory|       ofmap_6|         array|
|ofmap_6_ce0           |  out|    1|   ap_memory|       ofmap_6|         array|
|ofmap_6_we0           |  out|    1|   ap_memory|       ofmap_6|         array|
|ofmap_6_d0            |  out|   32|   ap_memory|       ofmap_6|         array|
|ofmap_7_address0      |  out|    9|   ap_memory|       ofmap_7|         array|
|ofmap_7_ce0           |  out|    1|   ap_memory|       ofmap_7|         array|
|ofmap_7_we0           |  out|    1|   ap_memory|       ofmap_7|         array|
|ofmap_7_d0            |  out|   32|   ap_memory|       ofmap_7|         array|
|ofmap_8_address0      |  out|    9|   ap_memory|       ofmap_8|         array|
|ofmap_8_ce0           |  out|    1|   ap_memory|       ofmap_8|         array|
|ofmap_8_we0           |  out|    1|   ap_memory|       ofmap_8|         array|
|ofmap_8_d0            |  out|   32|   ap_memory|       ofmap_8|         array|
|ofmap_9_address0      |  out|    9|   ap_memory|       ofmap_9|         array|
|ofmap_9_ce0           |  out|    1|   ap_memory|       ofmap_9|         array|
|ofmap_9_we0           |  out|    1|   ap_memory|       ofmap_9|         array|
|ofmap_9_d0            |  out|   32|   ap_memory|       ofmap_9|         array|
|ofmap_10_address0     |  out|    9|   ap_memory|      ofmap_10|         array|
|ofmap_10_ce0          |  out|    1|   ap_memory|      ofmap_10|         array|
|ofmap_10_we0          |  out|    1|   ap_memory|      ofmap_10|         array|
|ofmap_10_d0           |  out|   32|   ap_memory|      ofmap_10|         array|
|ofmap_11_address0     |  out|    9|   ap_memory|      ofmap_11|         array|
|ofmap_11_ce0          |  out|    1|   ap_memory|      ofmap_11|         array|
|ofmap_11_we0          |  out|    1|   ap_memory|      ofmap_11|         array|
|ofmap_11_d0           |  out|   32|   ap_memory|      ofmap_11|         array|
|ofmap_12_address0     |  out|    9|   ap_memory|      ofmap_12|         array|
|ofmap_12_ce0          |  out|    1|   ap_memory|      ofmap_12|         array|
|ofmap_12_we0          |  out|    1|   ap_memory|      ofmap_12|         array|
|ofmap_12_d0           |  out|   32|   ap_memory|      ofmap_12|         array|
|ofmap_13_address0     |  out|    9|   ap_memory|      ofmap_13|         array|
|ofmap_13_ce0          |  out|    1|   ap_memory|      ofmap_13|         array|
|ofmap_13_we0          |  out|    1|   ap_memory|      ofmap_13|         array|
|ofmap_13_d0           |  out|   32|   ap_memory|      ofmap_13|         array|
|ofmap_14_address0     |  out|    9|   ap_memory|      ofmap_14|         array|
|ofmap_14_ce0          |  out|    1|   ap_memory|      ofmap_14|         array|
|ofmap_14_we0          |  out|    1|   ap_memory|      ofmap_14|         array|
|ofmap_14_d0           |  out|   32|   ap_memory|      ofmap_14|         array|
|ofmap_15_address0     |  out|    9|   ap_memory|      ofmap_15|         array|
|ofmap_15_ce0          |  out|    1|   ap_memory|      ofmap_15|         array|
|ofmap_15_we0          |  out|    1|   ap_memory|      ofmap_15|         array|
|ofmap_15_d0           |  out|   32|   ap_memory|      ofmap_15|         array|
+----------------------+-----+-----+------------+--------------+--------------+

