

================================================================
== Vitis HLS Report for 'pw3'
================================================================
* Date:           Sat Jun 27 09:58:20 2026

* Version:        2025.2 (Build 6295257 on Nov 14 2025)
* Project:        FP32_HLS
* Solution:       hls (Vivado IP Flow Target)
* Product family: zynq
* Target device:  xc7z045-ffg900-2


================================================================
== Performance Estimates
================================================================
+ Timing: 
    * Summary: 
    +--------+----------+----------+------------+
    |  Clock |  Target  | Estimated| Uncertainty|
    +--------+----------+----------+------------+
    |ap_clk  |  10.00 ns|  7.140 ns|     2.70 ns|
    +--------+----------+----------+------------+

+ Latency: 
    * Summary: 
    +---------+---------+----------+----------+-----+-----+-------------------+
    |  Latency (cycles) |  Latency (absolute) |  Interval |      Pipeline     |
    |   min   |   max   |    min   |    max   | min | max |        Type       |
    +---------+---------+----------+----------+-----+-----+-------------------+
    |    33385|    33385|  0.334 ms|  0.334 ms|    0|    0|  loop pipeline stp|
    +---------+---------+----------+----------+-----+-----+-------------------+

    + Detail: 
        * Instance: 
        N/A

        * Loop: 
        +------------------------+---------+---------+----------+-----------+-----------+------+----------+
        |                        |  Latency (cycles) | Iteration|  Initiation Interval  | Trip |          |
        |        Loop Name       |   min   |   max   |  Latency |  achieved |   target  | Count| Pipelined|
        +------------------------+---------+---------+----------+-----------+-----------+------+----------+
        |- PW3_OC_PW3_OH_PW3_OW  |    33383|    33383|       648|         32|          1|  1024|       yes|
        +------------------------+---------+---------+----------+-----------+-----------+------+----------+



================================================================
== Utilization Estimates
================================================================
* Summary: 
+-----------------+---------+-----+--------+--------+-----+
|       Name      | BRAM_18K| DSP |   FF   |   LUT  | URAM|
+-----------------+---------+-----+--------+--------+-----+
|DSP              |        -|    -|       -|       -|    -|
|Expression       |        -|    -|       0|     617|    -|
|FIFO             |        -|    -|       -|       -|    -|
|Instance         |        -|    -|       -|       -|    -|
|Memory           |       64|    -|       0|       0|    -|
|Multiplexer      |        -|    -|       0|    3208|    -|
|Register         |        -|    -|   14537|    3744|    -|
+-----------------+---------+-----+--------+--------+-----+
|Total            |       64|    0|   14537|    7569|    0|
+-----------------+---------+-----+--------+--------+-----+
|Available        |     1090|  900|  437200|  218600|    0|
+-----------------+---------+-----+--------+--------+-----+
|Utilization (%)  |        5|    0|       3|       3|    0|
+-----------------+---------+-----+--------+--------+-----+

+ Detail: 
    * Instance: 
    N/A

    * DSP: 
    N/A

    * Memory: 
    +---------------------------------------+--------------------------------------------------------+---------+---+----+-----+-------+-----+------+-------------+
    |                 Memory                |                         Module                         | BRAM_18K| FF| LUT| URAM| Words | Bits| Banks| W*Bits*Banks|
    +---------------------------------------+--------------------------------------------------------+---------+---+----+-----+-------+-----+------+-------------+
    |p_ZL27features_3_pointwise_weight_0_U  |pw3_p_ZL27features_3_pointwise_weight_0_ROM_2P_BRAM_1R  |       32|  0|   0|    0|  16384|   32|     1|       524288|
    |p_ZL27features_3_pointwise_weight_1_U  |pw3_p_ZL27features_3_pointwise_weight_1_ROM_2P_BRAM_1R  |       32|  0|   0|    0|  16384|   32|     1|       524288|
    +---------------------------------------+--------------------------------------------------------+---------+---+----+-----+-------+-----+------+-------------+
    |Total                                  |                                                        |       64|  0|   0|    0|  32768|   64|     2|      1048576|
    +---------------------------------------+--------------------------------------------------------+---------+---+----+-----+-------+-----+------+-------------+

    * FIFO: 
    N/A

    * Expression: 
    +--------------------------+----------+----+---+----+------------+------------+
    |       Variable Name      | Operation| DSP| FF| LUT| Bitwidth P0| Bitwidth P1|
    +--------------------------+----------+----+---+----+------------+------------+
    |add_ln89_1_fu_3855_p2     |         +|   0|  0|  11|          11|           1|
    |add_ln89_fu_3867_p2       |         +|   0|  0|   9|           9|           1|
    |add_ln90_1_fu_3919_p2     |         +|   0|  0|   6|           4|           1|
    |add_ln90_fu_3978_p2       |         +|   0|  0|   3|           2|           1|
    |add_ln91_fu_4069_p2       |         +|   0|  0|   3|           2|           1|
    |add_ln96_10_fu_4732_p2    |         +|   0|  0|   6|           6|           6|
    |add_ln96_11_fu_4929_p2    |         +|   0|  0|   7|           7|           6|
    |add_ln96_12_fu_4984_p2    |         +|   0|  0|   7|           7|           7|
    |add_ln96_13_fu_5038_p2    |         +|   0|  0|   7|           7|           7|
    |add_ln96_14_fu_5092_p2    |         +|   0|  0|   7|           7|           7|
    |add_ln96_15_fu_5146_p2    |         +|   0|  0|   7|           7|           7|
    |add_ln96_16_fu_5200_p2    |         +|   0|  0|   7|           7|           7|
    |add_ln96_17_fu_5254_p2    |         +|   0|  0|   7|           7|           7|
    |add_ln96_18_fu_5308_p2    |         +|   0|  0|   7|           7|           7|
    |add_ln96_19_fu_5362_p2    |         +|   0|  0|   7|           7|           7|
    |add_ln96_1_fu_4137_p2     |         +|   0|  0|   6|           4|           3|
    |add_ln96_2_fu_4252_p2     |         +|   0|  0|   6|           4|           4|
    |add_ln96_3_fu_4305_p2     |         +|   0|  0|   7|           5|           4|
    |add_ln96_4_fu_4360_p2     |         +|   0|  0|   7|           5|           5|
    |add_ln96_5_fu_4414_p2     |         +|   0|  0|   7|           5|           5|
    |add_ln96_6_fu_4515_p2     |         +|   0|  0|   6|           6|           5|
    |add_ln96_7_fu_4570_p2     |         +|   0|  0|   6|           6|           6|
    |add_ln96_8_fu_4624_p2     |         +|   0|  0|   6|           6|           6|
    |add_ln96_9_fu_4678_p2     |         +|   0|  0|   6|           6|           6|
    |add_ln96_fu_4043_p2       |         +|   0|  0|   4|           3|           2|
    |add_ln98_1_fu_4168_p2     |         +|   0|  0|  10|          10|          10|
    |add_ln98_fu_4151_p2       |         +|   0|  0|   9|           9|           9|
    |and_ln89_fu_3972_p2       |       and|   0|  0|   1|           1|           1|
    |icmp_ln89_fu_3849_p2      |      icmp|   0|  0|  12|          11|          12|
    |icmp_ln90_fu_3873_p2      |      icmp|   0|  0|   6|           4|           3|
    |icmp_ln91_fu_3966_p2      |      icmp|   0|  0|   4|           2|           3|
    |icmp_ln96_fu_4174_p2      |      icmp|   0|  0|   3|           2|           1|
    |empty_fu_3984_p2          |        or|   0|  0|   1|           1|           1|
    |grp_fu_3466_p3            |    select|   0|  0|  32|           1|          32|
    |grp_fu_3473_p3            |    select|   0|  0|  32|           1|          32|
    |grp_fu_3480_p3            |    select|   0|  0|  32|           1|          32|
    |grp_fu_3487_p3            |    select|   0|  0|  32|           1|          32|
    |grp_fu_3494_p3            |    select|   0|  0|  32|           1|          32|
    |grp_fu_3501_p3            |    select|   0|  0|  32|           1|          32|
    |grp_fu_3508_p3            |    select|   0|  0|  32|           1|          32|
    |grp_fu_3515_p3            |    select|   0|  0|  32|           1|          32|
    |ow_mid2_fu_3989_p3        |    select|   0|  0|   2|           1|           1|
    |select_ln89_1_fu_3879_p3  |    select|   0|  0|   9|           1|           9|
    |select_ln89_fu_3954_p3    |    select|   0|  0|   2|           1|           1|
    |select_ln90_1_fu_3925_p3  |    select|   0|  0|   4|           1|           1|
    |select_ln90_fu_3997_p3    |    select|   0|  0|   2|           1|           2|
    |select_ln96_1_fu_4187_p3  |    select|   0|  0|  32|           1|          32|
    |select_ln96_2_fu_4195_p3  |    select|   0|  0|  32|           1|          32|
    |select_ln96_3_fu_4203_p3  |    select|   0|  0|  32|           1|          32|
    |select_ln96_fu_4179_p3    |    select|   0|  0|  32|           1|          32|
    |ap_enable_pp0             |       xor|   0|  0|   2|           1|           2|
    |xor_ln89_fu_3961_p2       |       xor|   0|  0|   2|           1|           2|
    |xor_ln96_fu_5722_p2       |       xor|   0|  0|   2|           1|           2|
    +--------------------------+----------+----+---+----+------------+------------+
    |Total                     |          |   0|  0| 617|         207|         563|
    +--------------------------+----------+----+---+----+------------+------------+

    * Multiplexer: 
    +----------------------------------------------------+-----+-----------+-----+-----------+
    |                        Name                        | LUT | Input Size| Bits| Total Bits|
    +----------------------------------------------------+-----+-----------+-----+-----------+
    |ap_NS_fsm                                           |  149|         33|    1|         33|
    |ap_done_int                                         |    9|          2|    1|          2|
    |ap_enable_reg_pp0_iter0                             |    9|          2|    1|          2|
    |ap_enable_reg_pp0_iter1                             |    9|          2|    1|          2|
    |ap_enable_reg_pp0_iter20                            |    9|          2|    1|          2|
    |ap_loop_exit_ready_pp0_iter10_reg                   |    9|          2|    1|          2|
    |ap_loop_exit_ready_pp0_iter11_reg                   |    9|          2|    1|          2|
    |ap_loop_exit_ready_pp0_iter12_reg                   |    9|          2|    1|          2|
    |ap_loop_exit_ready_pp0_iter13_reg                   |    9|          2|    1|          2|
    |ap_loop_exit_ready_pp0_iter14_reg                   |    9|          2|    1|          2|
    |ap_loop_exit_ready_pp0_iter15_reg                   |    9|          2|    1|          2|
    |ap_loop_exit_ready_pp0_iter16_reg                   |    9|          2|    1|          2|
    |ap_loop_exit_ready_pp0_iter17_reg                   |    9|          2|    1|          2|
    |ap_loop_exit_ready_pp0_iter18_reg                   |    9|          2|    1|          2|
    |ap_loop_exit_ready_pp0_iter19_reg                   |    9|          2|    1|          2|
    |ap_loop_exit_ready_pp0_iter1_reg                    |    9|          2|    1|          2|
    |ap_loop_exit_ready_pp0_iter2_reg                    |    9|          2|    1|          2|
    |ap_loop_exit_ready_pp0_iter3_reg                    |    9|          2|    1|          2|
    |ap_loop_exit_ready_pp0_iter4_reg                    |    9|          2|    1|          2|
    |ap_loop_exit_ready_pp0_iter5_reg                    |    9|          2|    1|          2|
    |ap_loop_exit_ready_pp0_iter6_reg                    |    9|          2|    1|          2|
    |ap_loop_exit_ready_pp0_iter7_reg                    |    9|          2|    1|          2|
    |ap_loop_exit_ready_pp0_iter8_reg                    |    9|          2|    1|          2|
    |ap_loop_exit_ready_pp0_iter9_reg                    |    9|          2|    1|          2|
    |ap_sig_allocacmp_indvar_flatten12_load              |    9|          2|   11|         22|
    |ap_sig_allocacmp_indvar_flatten_load                |    9|          2|    4|          8|
    |ap_sig_allocacmp_oc_load                            |    9|          2|    9|         18|
    |grp_fu_3433_p0                                      |   33|          8|   32|        256|
    |grp_fu_3433_p1                                      |  149|         33|   32|       1056|
    |grp_fu_3438_p0                                      |   33|          8|   32|        256|
    |grp_fu_3438_p1                                      |  149|         33|   32|       1056|
    |grp_fu_3442_p0                                      |   33|          8|   32|        256|
    |grp_fu_3442_p1                                      |  149|         33|   32|       1056|
    |grp_fu_3446_p0                                      |   33|          8|   32|        256|
    |grp_fu_3446_p1                                      |  149|         33|   32|       1056|
    |grp_fu_3450_p0                                      |   33|          8|   32|        256|
    |grp_fu_3450_p1                                      |   33|          8|   32|        256|
    |grp_fu_3454_p0                                      |   33|          8|   32|        256|
    |grp_fu_3454_p1                                      |   33|          8|   32|        256|
    |grp_fu_3458_p0                                      |   33|          8|   32|        256|
    |grp_fu_3458_p1                                      |   33|          8|   32|        256|
    |grp_fu_3462_p0                                      |   33|          8|   32|        256|
    |grp_fu_3462_p1                                      |   33|          8|   32|        256|
    |ifmap_0_0_address0_local                            |  149|         33|    7|        231|
    |ifmap_0_0_address1_local                            |  149|         33|    7|        231|
    |ifmap_0_1_address0_local                            |  149|         33|    7|        231|
    |ifmap_0_1_address1_local                            |  149|         33|    7|        231|
    |ifmap_1_0_address0_local                            |  149|         33|    7|        231|
    |ifmap_1_0_address1_local                            |  149|         33|    7|        231|
    |ifmap_1_1_address0_local                            |  149|         33|    7|        231|
    |ifmap_1_1_address1_local                            |  149|         33|    7|        231|
    |indvar_flatten12_fu_290                             |    9|          2|   11|         22|
    |indvar_flatten_fu_282                               |    9|          2|    4|          8|
    |oc_fu_286                                           |    9|          2|    9|         18|
    |oh_fu_278                                           |    9|          2|    2|          4|
    |ow_fu_274                                           |    9|          2|    2|          4|
    |p_ZL27features_3_pointwise_weight_0_address0_local  |  149|         33|   14|        462|
    |p_ZL27features_3_pointwise_weight_0_address1_local  |  149|         33|   14|        462|
    |p_ZL27features_3_pointwise_weight_1_address0_local  |  149|         33|   14|        462|
    |p_ZL27features_3_pointwise_weight_1_address1_local  |  149|         33|   14|        462|
    +----------------------------------------------------+-----+-----------+-----+-----------+
    |Total                                               | 3208|        719|  700|      11175|
    +----------------------------------------------------+-----+-----------+-----+-----------+

    * Register: 
    +------------------------------------------------------+-----+----+-----+-----------+
    |                         Name                         |  FF | LUT| Bits| Const Bits|
    +------------------------------------------------------+-----+----+-----+-----------+
    |acc_126_reg_8706                                      |   32|   0|   32|          0|
    |add_ln96_10_reg_6874                                  |    6|   0|    6|          0|
    |add_ln96_2_reg_6132                                   |    4|   0|    4|          0|
    |add_ln96_4_reg_6272                                   |    5|   0|    5|          0|
    |add_ln96_5_reg_6344                                   |    5|   0|    5|          0|
    |add_ln96_7_reg_6604                                   |    6|   0|    6|          0|
    |add_ln96_8_reg_6694                                   |    6|   0|    6|          0|
    |add_ln96_9_reg_6784                                   |    6|   0|    6|          0|
    |add_ln98_1_reg_6063                                   |   10|   0|   10|          0|
    |ap_CS_fsm                                             |   32|   0|   32|          0|
    |ap_done_reg                                           |    1|   0|    1|          0|
    |ap_enable_reg_pp0_iter0_reg                           |    1|   0|    1|          0|
    |ap_enable_reg_pp0_iter1                               |    1|   0|    1|          0|
    |ap_enable_reg_pp0_iter10                              |    1|   0|    1|          0|
    |ap_enable_reg_pp0_iter11                              |    1|   0|    1|          0|
    |ap_enable_reg_pp0_iter12                              |    1|   0|    1|          0|
    |ap_enable_reg_pp0_iter13                              |    1|   0|    1|          0|
    |ap_enable_reg_pp0_iter14                              |    1|   0|    1|          0|
    |ap_enable_reg_pp0_iter15                              |    1|   0|    1|          0|
    |ap_enable_reg_pp0_iter16                              |    1|   0|    1|          0|
    |ap_enable_reg_pp0_iter17                              |    1|   0|    1|          0|
    |ap_enable_reg_pp0_iter18                              |    1|   0|    1|          0|
    |ap_enable_reg_pp0_iter19                              |    1|   0|    1|          0|
    |ap_enable_reg_pp0_iter2                               |    1|   0|    1|          0|
    |ap_enable_reg_pp0_iter20                              |    1|   0|    1|          0|
    |ap_enable_reg_pp0_iter3                               |    1|   0|    1|          0|
    |ap_enable_reg_pp0_iter4                               |    1|   0|    1|          0|
    |ap_enable_reg_pp0_iter5                               |    1|   0|    1|          0|
    |ap_enable_reg_pp0_iter6                               |    1|   0|    1|          0|
    |ap_enable_reg_pp0_iter7                               |    1|   0|    1|          0|
    |ap_enable_reg_pp0_iter8                               |    1|   0|    1|          0|
    |ap_enable_reg_pp0_iter9                               |    1|   0|    1|          0|
    |ap_loop_exit_ready_pp0_iter10_reg                     |    1|   0|    1|          0|
    |ap_loop_exit_ready_pp0_iter11_reg                     |    1|   0|    1|          0|
    |ap_loop_exit_ready_pp0_iter12_reg                     |    1|   0|    1|          0|
    |ap_loop_exit_ready_pp0_iter13_reg                     |    1|   0|    1|          0|
    |ap_loop_exit_ready_pp0_iter14_reg                     |    1|   0|    1|          0|
    |ap_loop_exit_ready_pp0_iter15_reg                     |    1|   0|    1|          0|
    |ap_loop_exit_ready_pp0_iter16_reg                     |    1|   0|    1|          0|
    |ap_loop_exit_ready_pp0_iter17_reg                     |    1|   0|    1|          0|
    |ap_loop_exit_ready_pp0_iter18_reg                     |    1|   0|    1|          0|
    |ap_loop_exit_ready_pp0_iter19_reg                     |    1|   0|    1|          0|
    |ap_loop_exit_ready_pp0_iter1_reg                      |    1|   0|    1|          0|
    |ap_loop_exit_ready_pp0_iter2_reg                      |    1|   0|    1|          0|
    |ap_loop_exit_ready_pp0_iter3_reg                      |    1|   0|    1|          0|
    |ap_loop_exit_ready_pp0_iter4_reg                      |    1|   0|    1|          0|
    |ap_loop_exit_ready_pp0_iter5_reg                      |    1|   0|    1|          0|
    |ap_loop_exit_ready_pp0_iter6_reg                      |    1|   0|    1|          0|
    |ap_loop_exit_ready_pp0_iter7_reg                      |    1|   0|    1|          0|
    |ap_loop_exit_ready_pp0_iter8_reg                      |    1|   0|    1|          0|
    |ap_loop_exit_ready_pp0_iter9_reg                      |    1|   0|    1|          0|
    |bit_sel_reg_5948                                      |    1|   0|    1|          0|
    |icmp_ln89_reg_5785                                    |    1|   0|    1|          0|
    |icmp_ln90_reg_5789                                    |    1|   0|    1|          0|
    |icmp_ln96_reg_6068                                    |    1|   0|    1|          0|
    |indvar_flatten12_fu_290                               |   11|   0|   11|          0|
    |indvar_flatten_fu_282                                 |    4|   0|    4|          0|
    |mul_100_reg_8471                                      |   32|   0|   32|          0|
    |mul_101_reg_8476                                      |   32|   0|   32|          0|
    |mul_102_reg_8481                                      |   32|   0|   32|          0|
    |mul_103_reg_8546                                      |   32|   0|   32|          0|
    |mul_104_reg_8551                                      |   32|   0|   32|          0|
    |mul_105_reg_8556                                      |   32|   0|   32|          0|
    |mul_106_reg_8561                                      |   32|   0|   32|          0|
    |mul_107_reg_8586                                      |   32|   0|   32|          0|
    |mul_108_reg_8591                                      |   32|   0|   32|          0|
    |mul_109_reg_8596                                      |   32|   0|   32|          0|
    |mul_10_reg_6569                                       |   32|   0|   32|          0|
    |mul_10_reg_6569_pp0_iter1_reg                         |   32|   0|   32|          0|
    |mul_110_reg_8601                                      |   32|   0|   32|          0|
    |mul_111_reg_8626                                      |   32|   0|   32|          0|
    |mul_112_reg_8631                                      |   32|   0|   32|          0|
    |mul_113_reg_8636                                      |   32|   0|   32|          0|
    |mul_114_reg_8641                                      |   32|   0|   32|          0|
    |mul_115_reg_8646                                      |   32|   0|   32|          0|
    |mul_116_reg_8651                                      |   32|   0|   32|          0|
    |mul_117_reg_8656                                      |   32|   0|   32|          0|
    |mul_118_reg_8661                                      |   32|   0|   32|          0|
    |mul_119_reg_8666                                      |   32|   0|   32|          0|
    |mul_11_reg_6644                                       |   32|   0|   32|          0|
    |mul_11_reg_6644_pp0_iter1_reg                         |   32|   0|   32|          0|
    |mul_120_reg_8671                                      |   32|   0|   32|          0|
    |mul_121_reg_8676                                      |   32|   0|   32|          0|
    |mul_122_reg_8681                                      |   32|   0|   32|          0|
    |mul_123_reg_8686                                      |   32|   0|   32|          0|
    |mul_124_reg_8691                                      |   32|   0|   32|          0|
    |mul_125_reg_8696                                      |   32|   0|   32|          0|
    |mul_126_reg_8701                                      |   32|   0|   32|          0|
    |mul_12_reg_6649                                       |   32|   0|   32|          0|
    |mul_13_reg_6654                                       |   32|   0|   32|          0|
    |mul_14_reg_6659                                       |   32|   0|   32|          0|
    |mul_15_reg_6734                                       |   32|   0|   32|          0|
    |mul_16_reg_6739                                       |   32|   0|   32|          0|
    |mul_17_reg_6744                                       |   32|   0|   32|          0|
    |mul_18_reg_6749                                       |   32|   0|   32|          0|
    |mul_19_reg_6824                                       |   32|   0|   32|          0|
    |mul_1_reg_6390                                        |   32|   0|   32|          0|
    |mul_20_reg_6829                                       |   32|   0|   32|          0|
    |mul_21_reg_6834                                       |   32|   0|   32|          0|
    |mul_22_reg_6839                                       |   32|   0|   32|          0|
    |mul_23_reg_6914                                       |   32|   0|   32|          0|
    |mul_24_reg_6919                                       |   32|   0|   32|          0|
    |mul_25_reg_6924                                       |   32|   0|   32|          0|
    |mul_26_reg_6929                                       |   32|   0|   32|          0|
    |mul_27_reg_6994                                       |   32|   0|   32|          0|
    |mul_28_reg_6999                                       |   32|   0|   32|          0|
    |mul_29_reg_7004                                       |   32|   0|   32|          0|
    |mul_2_reg_6395                                        |   32|   0|   32|          0|
    |mul_30_reg_7009                                       |   32|   0|   32|          0|
    |mul_31_reg_7074                                       |   32|   0|   32|          0|
    |mul_32_reg_7079                                       |   32|   0|   32|          0|
    |mul_33_reg_7084                                       |   32|   0|   32|          0|
    |mul_34_reg_7089                                       |   32|   0|   32|          0|
    |mul_35_reg_7154                                       |   32|   0|   32|          0|
    |mul_36_reg_7159                                       |   32|   0|   32|          0|
    |mul_37_reg_7164                                       |   32|   0|   32|          0|
    |mul_38_reg_7169                                       |   32|   0|   32|          0|
    |mul_39_reg_7246                                       |   32|   0|   32|          0|
    |mul_3_reg_6400                                        |   32|   0|   32|          0|
    |mul_40_reg_7251                                       |   32|   0|   32|          0|
    |mul_41_reg_7256                                       |   32|   0|   32|          0|
    |mul_42_reg_7261                                       |   32|   0|   32|          0|
    |mul_43_reg_7326                                       |   32|   0|   32|          0|
    |mul_44_reg_7331                                       |   32|   0|   32|          0|
    |mul_45_reg_7336                                       |   32|   0|   32|          0|
    |mul_46_reg_7341                                       |   32|   0|   32|          0|
    |mul_47_reg_7406                                       |   32|   0|   32|          0|
    |mul_48_reg_7411                                       |   32|   0|   32|          0|
    |mul_49_reg_7416                                       |   32|   0|   32|          0|
    |mul_4_reg_6465                                        |   32|   0|   32|          0|
    |mul_50_reg_7421                                       |   32|   0|   32|          0|
    |mul_51_reg_7486                                       |   32|   0|   32|          0|
    |mul_52_reg_7491                                       |   32|   0|   32|          0|
    |mul_53_reg_7496                                       |   32|   0|   32|          0|
    |mul_54_reg_7501                                       |   32|   0|   32|          0|
    |mul_55_reg_7566                                       |   32|   0|   32|          0|
    |mul_56_reg_7571                                       |   32|   0|   32|          0|
    |mul_57_reg_7576                                       |   32|   0|   32|          0|
    |mul_58_reg_7581                                       |   32|   0|   32|          0|
    |mul_59_reg_7646                                       |   32|   0|   32|          0|
    |mul_5_reg_6470                                        |   32|   0|   32|          0|
    |mul_60_reg_7651                                       |   32|   0|   32|          0|
    |mul_61_reg_7656                                       |   32|   0|   32|          0|
    |mul_62_reg_7661                                       |   32|   0|   32|          0|
    |mul_63_reg_7726                                       |   32|   0|   32|          0|
    |mul_64_reg_7731                                       |   32|   0|   32|          0|
    |mul_65_reg_7736                                       |   32|   0|   32|          0|
    |mul_66_reg_7741                                       |   32|   0|   32|          0|
    |mul_67_reg_7806                                       |   32|   0|   32|          0|
    |mul_68_reg_7811                                       |   32|   0|   32|          0|
    |mul_69_reg_7816                                       |   32|   0|   32|          0|
    |mul_6_reg_6475                                        |   32|   0|   32|          0|
    |mul_70_reg_7821                                       |   32|   0|   32|          0|
    |mul_71_reg_7886                                       |   32|   0|   32|          0|
    |mul_72_reg_7891                                       |   32|   0|   32|          0|
    |mul_73_reg_7896                                       |   32|   0|   32|          0|
    |mul_74_reg_7901                                       |   32|   0|   32|          0|
    |mul_75_reg_7966                                       |   32|   0|   32|          0|
    |mul_76_reg_7971                                       |   32|   0|   32|          0|
    |mul_77_reg_7976                                       |   32|   0|   32|          0|
    |mul_78_reg_7981                                       |   32|   0|   32|          0|
    |mul_79_reg_8046                                       |   32|   0|   32|          0|
    |mul_7_reg_6480                                        |   32|   0|   32|          0|
    |mul_7_reg_6480_pp0_iter1_reg                          |   32|   0|   32|          0|
    |mul_80_reg_8051                                       |   32|   0|   32|          0|
    |mul_81_reg_8056                                       |   32|   0|   32|          0|
    |mul_82_reg_8061                                       |   32|   0|   32|          0|
    |mul_83_reg_8126                                       |   32|   0|   32|          0|
    |mul_84_reg_8131                                       |   32|   0|   32|          0|
    |mul_85_reg_8136                                       |   32|   0|   32|          0|
    |mul_86_reg_8141                                       |   32|   0|   32|          0|
    |mul_87_reg_8206                                       |   32|   0|   32|          0|
    |mul_88_reg_8211                                       |   32|   0|   32|          0|
    |mul_89_reg_8216                                       |   32|   0|   32|          0|
    |mul_8_reg_6554                                        |   32|   0|   32|          0|
    |mul_8_reg_6554_pp0_iter1_reg                          |   32|   0|   32|          0|
    |mul_90_reg_8221                                       |   32|   0|   32|          0|
    |mul_91_reg_8286                                       |   32|   0|   32|          0|
    |mul_92_reg_8291                                       |   32|   0|   32|          0|
    |mul_93_reg_8296                                       |   32|   0|   32|          0|
    |mul_94_reg_8301                                       |   32|   0|   32|          0|
    |mul_95_reg_8366                                       |   32|   0|   32|          0|
    |mul_96_reg_8371                                       |   32|   0|   32|          0|
    |mul_97_reg_8376                                       |   32|   0|   32|          0|
    |mul_98_reg_8381                                       |   32|   0|   32|          0|
    |mul_99_reg_8466                                       |   32|   0|   32|          0|
    |mul_9_reg_6559                                        |   32|   0|   32|          0|
    |mul_9_reg_6559_pp0_iter1_reg                          |   32|   0|   32|          0|
    |mul_reg_6385                                          |   32|   0|   32|          0|
    |mul_s_reg_6564                                        |   32|   0|   32|          0|
    |mul_s_reg_6564_pp0_iter1_reg                          |   32|   0|   32|          0|
    |oc_fu_286                                             |    9|   0|    9|          0|
    |oh_fu_278                                             |    2|   0|    2|          0|
    |ow_fu_274                                             |    2|   0|    2|          0|
    |ow_mid2_reg_5887                                      |    2|   0|    2|          0|
    |p_ZL27features_3_pointwise_weight_0_load_60_reg_8406  |   32|   0|   32|          0|
    |p_ZL27features_3_pointwise_weight_0_load_61_reg_8416  |   32|   0|   32|          0|
    |p_ZL27features_3_pointwise_weight_0_load_62_reg_8486  |   32|   0|   32|          0|
    |p_ZL27features_3_pointwise_weight_0_load_63_reg_8496  |   32|   0|   32|          0|
    |p_ZL27features_3_pointwise_weight_1_load_60_reg_8411  |   32|   0|   32|          0|
    |p_ZL27features_3_pointwise_weight_1_load_61_reg_8421  |   32|   0|   32|          0|
    |p_ZL27features_3_pointwise_weight_1_load_62_reg_8491  |   32|   0|   32|          0|
    |p_ZL27features_3_pointwise_weight_1_load_63_reg_8501  |   32|   0|   32|          0|
    |reg_3522                                              |   32|   0|   32|          0|
    |reg_3527                                              |   32|   0|   32|          0|
    |reg_3532                                              |   32|   0|   32|          0|
    |reg_3537                                              |   32|   0|   32|          0|
    |reg_3542                                              |   32|   0|   32|          0|
    |reg_3547                                              |   32|   0|   32|          0|
    |reg_3552                                              |   32|   0|   32|          0|
    |reg_3557                                              |   32|   0|   32|          0|
    |reg_3562                                              |   32|   0|   32|          0|
    |reg_3567                                              |   32|   0|   32|          0|
    |reg_3572                                              |   32|   0|   32|          0|
    |reg_3577                                              |   32|   0|   32|          0|
    |reg_3582                                              |   32|   0|   32|          0|
    |reg_3587                                              |   32|   0|   32|          0|
    |reg_3592                                              |   32|   0|   32|          0|
    |reg_3597                                              |   32|   0|   32|          0|
    |reg_3602                                              |   32|   0|   32|          0|
    |reg_3607                                              |   32|   0|   32|          0|
    |reg_3612                                              |   32|   0|   32|          0|
    |reg_3617                                              |   32|   0|   32|          0|
    |reg_3622                                              |   32|   0|   32|          0|
    |reg_3627                                              |   32|   0|   32|          0|
    |reg_3632                                              |   32|   0|   32|          0|
    |reg_3637                                              |   32|   0|   32|          0|
    |reg_3642                                              |   32|   0|   32|          0|
    |reg_3647                                              |   32|   0|   32|          0|
    |reg_3652                                              |   32|   0|   32|          0|
    |reg_3657                                              |   32|   0|   32|          0|
    |reg_3662                                              |   32|   0|   32|          0|
    |reg_3667                                              |   32|   0|   32|          0|
    |reg_3672                                              |   32|   0|   32|          0|
    |reg_3677                                              |   32|   0|   32|          0|
    |reg_3682                                              |   32|   0|   32|          0|
    |reg_3687                                              |   32|   0|   32|          0|
    |reg_3692                                              |   32|   0|   32|          0|
    |reg_3697                                              |   32|   0|   32|          0|
    |reg_3702                                              |   32|   0|   32|          0|
    |reg_3707                                              |   32|   0|   32|          0|
    |reg_3712                                              |   32|   0|   32|          0|
    |reg_3717                                              |   32|   0|   32|          0|
    |reg_3722                                              |   32|   0|   32|          0|
    |reg_3727                                              |   32|   0|   32|          0|
    |reg_3733                                              |   32|   0|   32|          0|
    |reg_3738                                              |   32|   0|   32|          0|
    |reg_3743                                              |   32|   0|   32|          0|
    |reg_3748                                              |   32|   0|   32|          0|
    |reg_3753                                              |   32|   0|   32|          0|
    |reg_3758                                              |   32|   0|   32|          0|
    |reg_3764                                              |   32|   0|   32|          0|
    |reg_3769                                              |   32|   0|   32|          0|
    |reg_3774                                              |   32|   0|   32|          0|
    |reg_3779                                              |   32|   0|   32|          0|
    |reg_3784                                              |   32|   0|   32|          0|
    |reg_3789                                              |   32|   0|   32|          0|
    |reg_3795                                              |   32|   0|   32|          0|
    |reg_3800                                              |   32|   0|   32|          0|
    |reg_3805                                              |   32|   0|   32|          0|
    |reg_3811                                              |   32|   0|   32|          0|
    |reg_3816                                              |   32|   0|   32|          0|
    |select_ln89_1_reg_5796                                |    9|   0|    9|          0|
    |select_ln90_reg_5893                                  |    2|   0|    2|          0|
    |select_ln96_120_reg_8566                              |   32|   0|   32|          0|
    |select_ln96_121_reg_8571                              |   32|   0|   32|          0|
    |select_ln96_122_reg_8576                              |   32|   0|   32|          0|
    |select_ln96_123_reg_8581                              |   32|   0|   32|          0|
    |select_ln96_124_reg_8606                              |   32|   0|   32|          0|
    |select_ln96_125_reg_8611                              |   32|   0|   32|          0|
    |select_ln96_126_reg_8616                              |   32|   0|   32|          0|
    |select_ln96_127_reg_8621                              |   32|   0|   32|          0|
    |select_ln96_1_reg_6085                                |   32|   0|   32|          0|
    |select_ln96_2_reg_6090                                |   32|   0|   32|          0|
    |select_ln96_3_reg_6095                                |   32|   0|   32|          0|
    |select_ln96_reg_6080                                  |   32|   0|   32|          0|
    |tmp_65_cast_reg_6015                                  |    2|   0|    3|          1|
    |tmp_66_cast_reg_6120                                  |    2|   0|    4|          2|
    |tmp_68_cast_reg_6261                                  |    2|   0|    5|          3|
    |tmp_69_cast_reg_6333                                  |    2|   0|    5|          3|
    |tmp_72_cast_reg_6594                                  |    2|   0|    6|          4|
    |tmp_73_cast_reg_6684                                  |    2|   0|    6|          4|
    |tmp_74_cast_reg_6774                                  |    2|   0|    6|          4|
    |tmp_75_cast_reg_6864                                  |    2|   0|    6|          4|
    |trunc_ln90_reg_5801                                   |    8|   0|    8|          0|
    |trunc_ln96_reg_5953                                   |    1|   0|    1|          0|
    |zext_ln96_65_reg_7194                                 |    2|   0|    7|          5|
    |zext_ln96_66_reg_6008                                 |    2|   0|    4|          2|
    |zext_ln96_67_reg_6194                                 |    2|   0|    5|          3|
    |zext_ln96_68_reg_6505                                 |    2|   0|    6|          4|
    |zext_ln96_69_reg_5930                                 |    2|   0|    3|          1|
    |add_ln98_1_reg_6063                                   |   64|  32|   10|          0|
    |icmp_ln89_reg_5785                                    |   64|  32|    1|          0|
    |mul_100_reg_8471                                      |   64|  32|   32|          0|
    |mul_101_reg_8476                                      |   64|  32|   32|          0|
    |mul_102_reg_8481                                      |   64|  32|   32|          0|
    |mul_103_reg_8546                                      |   64|  32|   32|          0|
    |mul_104_reg_8551                                      |   64|  32|   32|          0|
    |mul_105_reg_8556                                      |   64|  32|   32|          0|
    |mul_106_reg_8561                                      |   64|  32|   32|          0|
    |mul_107_reg_8586                                      |   64|  32|   32|          0|
    |mul_108_reg_8591                                      |   64|  32|   32|          0|
    |mul_109_reg_8596                                      |   64|  32|   32|          0|
    |mul_110_reg_8601                                      |   64|  32|   32|          0|
    |mul_111_reg_8626                                      |   64|  32|   32|          0|
    |mul_112_reg_8631                                      |   64|  32|   32|          0|
    |mul_113_reg_8636                                      |   64|  32|   32|          0|
    |mul_114_reg_8641                                      |   64|  32|   32|          0|
    |mul_115_reg_8646                                      |   64|  32|   32|          0|
    |mul_116_reg_8651                                      |   64|  32|   32|          0|
    |mul_117_reg_8656                                      |   64|  32|   32|          0|
    |mul_118_reg_8661                                      |   64|  32|   32|          0|
    |mul_119_reg_8666                                      |   64|  32|   32|          0|
    |mul_120_reg_8671                                      |   64|  32|   32|          0|
    |mul_121_reg_8676                                      |   64|  32|   32|          0|
    |mul_122_reg_8681                                      |   64|  32|   32|          0|
    |mul_123_reg_8686                                      |   64|  32|   32|          0|
    |mul_124_reg_8691                                      |   64|  32|   32|          0|
    |mul_125_reg_8696                                      |   64|  32|   32|          0|
    |mul_126_reg_8701                                      |   64|  32|   32|          0|
    |mul_12_reg_6649                                       |   64|  32|   32|          0|
    |mul_13_reg_6654                                       |   64|  32|   32|          0|
    |mul_14_reg_6659                                       |   64|  32|   32|          0|
    |mul_15_reg_6734                                       |   64|  32|   32|          0|
    |mul_16_reg_6739                                       |   64|  32|   32|          0|
    |mul_17_reg_6744                                       |   64|  32|   32|          0|
    |mul_18_reg_6749                                       |   64|  32|   32|          0|
    |mul_19_reg_6824                                       |   64|  32|   32|          0|
    |mul_20_reg_6829                                       |   64|  32|   32|          0|
    |mul_21_reg_6834                                       |   64|  32|   32|          0|
    |mul_22_reg_6839                                       |   64|  32|   32|          0|
    |mul_23_reg_6914                                       |   64|  32|   32|          0|
    |mul_24_reg_6919                                       |   64|  32|   32|          0|
    |mul_25_reg_6924                                       |   64|  32|   32|          0|
    |mul_26_reg_6929                                       |   64|  32|   32|          0|
    |mul_27_reg_6994                                       |   64|  32|   32|          0|
    |mul_28_reg_6999                                       |   64|  32|   32|          0|
    |mul_29_reg_7004                                       |   64|  32|   32|          0|
    |mul_30_reg_7009                                       |   64|  32|   32|          0|
    |mul_31_reg_7074                                       |   64|  32|   32|          0|
    |mul_32_reg_7079                                       |   64|  32|   32|          0|
    |mul_33_reg_7084                                       |   64|  32|   32|          0|
    |mul_34_reg_7089                                       |   64|  32|   32|          0|
    |mul_35_reg_7154                                       |   64|  32|   32|          0|
    |mul_36_reg_7159                                       |   64|  32|   32|          0|
    |mul_37_reg_7164                                       |   64|  32|   32|          0|
    |mul_38_reg_7169                                       |   64|  32|   32|          0|
    |mul_39_reg_7246                                       |   64|  32|   32|          0|
    |mul_40_reg_7251                                       |   64|  32|   32|          0|
    |mul_41_reg_7256                                       |   64|  32|   32|          0|
    |mul_42_reg_7261                                       |   64|  32|   32|          0|
    |mul_43_reg_7326                                       |   64|  32|   32|          0|
    |mul_44_reg_7331                                       |   64|  32|   32|          0|
    |mul_45_reg_7336                                       |   64|  32|   32|          0|
    |mul_46_reg_7341                                       |   64|  32|   32|          0|
    |mul_47_reg_7406                                       |   64|  32|   32|          0|
    |mul_48_reg_7411                                       |   64|  32|   32|          0|
    |mul_49_reg_7416                                       |   64|  32|   32|          0|
    |mul_50_reg_7421                                       |   64|  32|   32|          0|
    |mul_51_reg_7486                                       |   64|  32|   32|          0|
    |mul_52_reg_7491                                       |   64|  32|   32|          0|
    |mul_53_reg_7496                                       |   64|  32|   32|          0|
    |mul_54_reg_7501                                       |   64|  32|   32|          0|
    |mul_55_reg_7566                                       |   64|  32|   32|          0|
    |mul_56_reg_7571                                       |   64|  32|   32|          0|
    |mul_57_reg_7576                                       |   64|  32|   32|          0|
    |mul_58_reg_7581                                       |   64|  32|   32|          0|
    |mul_59_reg_7646                                       |   64|  32|   32|          0|
    |mul_60_reg_7651                                       |   64|  32|   32|          0|
    |mul_61_reg_7656                                       |   64|  32|   32|          0|
    |mul_62_reg_7661                                       |   64|  32|   32|          0|
    |mul_63_reg_7726                                       |   64|  32|   32|          0|
    |mul_64_reg_7731                                       |   64|  32|   32|          0|
    |mul_65_reg_7736                                       |   64|  32|   32|          0|
    |mul_66_reg_7741                                       |   64|  32|   32|          0|
    |mul_67_reg_7806                                       |   64|  32|   32|          0|
    |mul_68_reg_7811                                       |   64|  32|   32|          0|
    |mul_69_reg_7816                                       |   64|  32|   32|          0|
    |mul_70_reg_7821                                       |   64|  32|   32|          0|
    |mul_71_reg_7886                                       |   64|  32|   32|          0|
    |mul_72_reg_7891                                       |   64|  32|   32|          0|
    |mul_73_reg_7896                                       |   64|  32|   32|          0|
    |mul_74_reg_7901                                       |   64|  32|   32|          0|
    |mul_75_reg_7966                                       |   64|  32|   32|          0|
    |mul_76_reg_7971                                       |   64|  32|   32|          0|
    |mul_77_reg_7976                                       |   64|  32|   32|          0|
    |mul_78_reg_7981                                       |   64|  32|   32|          0|
    |mul_79_reg_8046                                       |   64|  32|   32|          0|
    |mul_80_reg_8051                                       |   64|  32|   32|          0|
    |mul_81_reg_8056                                       |   64|  32|   32|          0|
    |mul_82_reg_8061                                       |   64|  32|   32|          0|
    |mul_83_reg_8126                                       |   64|  32|   32|          0|
    |mul_84_reg_8131                                       |   64|  32|   32|          0|
    |mul_85_reg_8136                                       |   64|  32|   32|          0|
    |mul_86_reg_8141                                       |   64|  32|   32|          0|
    |mul_87_reg_8206                                       |   64|  32|   32|          0|
    |mul_88_reg_8211                                       |   64|  32|   32|          0|
    |mul_89_reg_8216                                       |   64|  32|   32|          0|
    |mul_90_reg_8221                                       |   64|  32|   32|          0|
    |mul_91_reg_8286                                       |   64|  32|   32|          0|
    |mul_92_reg_8291                                       |   64|  32|   32|          0|
    |mul_93_reg_8296                                       |   64|  32|   32|          0|
    |mul_94_reg_8301                                       |   64|  32|   32|          0|
    |mul_95_reg_8366                                       |   64|  32|   32|          0|
    |mul_96_reg_8371                                       |   64|  32|   32|          0|
    |mul_97_reg_8376                                       |   64|  32|   32|          0|
    |mul_98_reg_8381                                       |   64|  32|   32|          0|
    |mul_99_reg_8466                                       |   64|  32|   32|          0|
    +------------------------------------------------------+-----+----+-----+-----------+
    |Total                                                 |14537|3744|10780|         40|
    +------------------------------------------------------+-----+----+-----+-----------+



================================================================
== Interface
================================================================
* Summary: 
+----------------------+-----+-----+------------+--------------+--------------+
|       RTL Ports      | Dir | Bits|  Protocol  | Source Object|    C Type    |
+----------------------+-----+-----+------------+--------------+--------------+
|ap_clk                |   in|    1|  ap_ctrl_hs|           pw3|  return value|
|ap_rst                |   in|    1|  ap_ctrl_hs|           pw3|  return value|
|ap_start              |   in|    1|  ap_ctrl_hs|           pw3|  return value|
|ap_done               |  out|    1|  ap_ctrl_hs|           pw3|  return value|
|ap_idle               |  out|    1|  ap_ctrl_hs|           pw3|  return value|
|ap_ready              |  out|    1|  ap_ctrl_hs|           pw3|  return value|
|grp_fu_2467_p_din0    |  out|   32|  ap_ctrl_hs|           pw3|  return value|
|grp_fu_2467_p_din1    |  out|   32|  ap_ctrl_hs|           pw3|  return value|
|grp_fu_2467_p_opcode  |  out|    2|  ap_ctrl_hs|           pw3|  return value|
|grp_fu_2467_p_dout0   |   in|   32|  ap_ctrl_hs|           pw3|  return value|
|grp_fu_2467_p_ce      |  out|    1|  ap_ctrl_hs|           pw3|  return value|
|grp_fu_2471_p_din0    |  out|   32|  ap_ctrl_hs|           pw3|  return value|
|grp_fu_2471_p_din1    |  out|   32|  ap_ctrl_hs|           pw3|  return value|
|grp_fu_2471_p_opcode  |  out|    2|  ap_ctrl_hs|           pw3|  return value|
|grp_fu_2471_p_dout0   |   in|   32|  ap_ctrl_hs|           pw3|  return value|
|grp_fu_2471_p_ce      |  out|    1|  ap_ctrl_hs|           pw3|  return value|
|grp_fu_2475_p_din0    |  out|   32|  ap_ctrl_hs|           pw3|  return value|
|grp_fu_2475_p_din1    |  out|   32|  ap_ctrl_hs|           pw3|  return value|
|grp_fu_2475_p_opcode  |  out|    2|  ap_ctrl_hs|           pw3|  return value|
|grp_fu_2475_p_dout0   |   in|   32|  ap_ctrl_hs|           pw3|  return value|
|grp_fu_2475_p_ce      |  out|    1|  ap_ctrl_hs|           pw3|  return value|
|grp_fu_2479_p_din0    |  out|   32|  ap_ctrl_hs|           pw3|  return value|
|grp_fu_2479_p_din1    |  out|   32|  ap_ctrl_hs|           pw3|  return value|
|grp_fu_2479_p_opcode  |  out|    2|  ap_ctrl_hs|           pw3|  return value|
|grp_fu_2479_p_dout0   |   in|   32|  ap_ctrl_hs|           pw3|  return value|
|grp_fu_2479_p_ce      |  out|    1|  ap_ctrl_hs|           pw3|  return value|
|grp_fu_2523_p_din0    |  out|   32|  ap_ctrl_hs|           pw3|  return value|
|grp_fu_2523_p_din1    |  out|   32|  ap_ctrl_hs|           pw3|  return value|
|grp_fu_2523_p_dout0   |   in|   32|  ap_ctrl_hs|           pw3|  return value|
|grp_fu_2523_p_ce      |  out|    1|  ap_ctrl_hs|           pw3|  return value|
|grp_fu_2527_p_din0    |  out|   32|  ap_ctrl_hs|           pw3|  return value|
|grp_fu_2527_p_din1    |  out|   32|  ap_ctrl_hs|           pw3|  return value|
|grp_fu_2527_p_dout0   |   in|   32|  ap_ctrl_hs|           pw3|  return value|
|grp_fu_2527_p_ce      |  out|    1|  ap_ctrl_hs|           pw3|  return value|
|grp_fu_2531_p_din0    |  out|   32|  ap_ctrl_hs|           pw3|  return value|
|grp_fu_2531_p_din1    |  out|   32|  ap_ctrl_hs|           pw3|  return value|
|grp_fu_2531_p_dout0   |   in|   32|  ap_ctrl_hs|           pw3|  return value|
|grp_fu_2531_p_ce      |  out|    1|  ap_ctrl_hs|           pw3|  return value|
|grp_fu_2535_p_din0    |  out|   32|  ap_ctrl_hs|           pw3|  return value|
|grp_fu_2535_p_din1    |  out|   32|  ap_ctrl_hs|           pw3|  return value|
|grp_fu_2535_p_dout0   |   in|   32|  ap_ctrl_hs|           pw3|  return value|
|grp_fu_2535_p_ce      |  out|    1|  ap_ctrl_hs|           pw3|  return value|
|ifmap_0_0_address0    |  out|    7|   ap_memory|     ifmap_0_0|         array|
|ifmap_0_0_ce0         |  out|    1|   ap_memory|     ifmap_0_0|         array|
|ifmap_0_0_q0          |   in|   32|   ap_memory|     ifmap_0_0|         array|
|ifmap_0_0_address1    |  out|    7|   ap_memory|     ifmap_0_0|         array|
|ifmap_0_0_ce1         |  out|    1|   ap_memory|     ifmap_0_0|         array|
|ifmap_0_0_q1          |   in|   32|   ap_memory|     ifmap_0_0|         array|
|ifmap_0_1_address0    |  out|    7|   ap_memory|     ifmap_0_1|         array|
|ifmap_0_1_ce0         |  out|    1|   ap_memory|     ifmap_0_1|         array|
|ifmap_0_1_q0          |   in|   32|   ap_memory|     ifmap_0_1|         array|
|ifmap_0_1_address1    |  out|    7|   ap_memory|     ifmap_0_1|         array|
|ifmap_0_1_ce1         |  out|    1|   ap_memory|     ifmap_0_1|         array|
|ifmap_0_1_q1          |   in|   32|   ap_memory|     ifmap_0_1|         array|
|ifmap_1_0_address0    |  out|    7|   ap_memory|     ifmap_1_0|         array|
|ifmap_1_0_ce0         |  out|    1|   ap_memory|     ifmap_1_0|         array|
|ifmap_1_0_q0          |   in|   32|   ap_memory|     ifmap_1_0|         array|
|ifmap_1_0_address1    |  out|    7|   ap_memory|     ifmap_1_0|         array|
|ifmap_1_0_ce1         |  out|    1|   ap_memory|     ifmap_1_0|         array|
|ifmap_1_0_q1          |   in|   32|   ap_memory|     ifmap_1_0|         array|
|ifmap_1_1_address0    |  out|    7|   ap_memory|     ifmap_1_1|         array|
|ifmap_1_1_ce0         |  out|    1|   ap_memory|     ifmap_1_1|         array|
|ifmap_1_1_q0          |   in|   32|   ap_memory|     ifmap_1_1|         array|
|ifmap_1_1_address1    |  out|    7|   ap_memory|     ifmap_1_1|         array|
|ifmap_1_1_ce1         |  out|    1|   ap_memory|     ifmap_1_1|         array|
|ifmap_1_1_q1          |   in|   32|   ap_memory|     ifmap_1_1|         array|
|ofmap_address0        |  out|   10|   ap_memory|         ofmap|         array|
|ofmap_ce0             |  out|    1|   ap_memory|         ofmap|         array|
|ofmap_we0             |  out|    1|   ap_memory|         ofmap|         array|
|ofmap_d0              |  out|   32|   ap_memory|         ofmap|         array|
+----------------------+-----+-----+------------+--------------+--------------+

