# ---------------------------------------------------------------------------
# Created on Sat Jun 27 11:20:26 +07 2026 with report_failfast (2023.09.14)
# ---------------------------------------------------------------------------

 +------+
 | DONT_TOUCH (Hierarchical Cells) |
 | 0 module(s) |
 +------+
 | Cell |
 +------+
 +------+
 +---------------------------------------------------------------------------------------------+
 | DONT_TOUCH (Leaf Cells)                                                                     |
 | 2 cell(s)                                                                                   |
 +---------------------------------------------------------------------------------------------+
 | Cell                                                                                        |
 +---------------------------------------------------------------------------------------------+
 | bd_0_i/hls_inst/inst/gmem_m_axi_U/bus_read/rreq_burst_conv/burst_sequential/first_sect_reg  |
 | bd_0_i/hls_inst/inst/gmem_m_axi_U/bus_write/wreq_burst_conv/burst_sequential/first_sect_reg |
 +---------------------------------------------------------------------------------------------+
 +------------------------------------------------------------------------------------------------------------------------------------------------------------------------------------------------------------------------------------------+
 | DONT_TOUCH (Nets)                                                                                                                                                                                                                        |
 | 2 net(s)                                                                                                                                                                                                                                 |
 +-----------------------------------------------------------------------------------------+--------+---------------------+------------+----------------------------------------------------------------------------------------------------+
 | Net                                                                                     | Fanout | Slack               | Driver Pin | Load Pins                                                                                          |
 +-----------------------------------------------------------------------------------------+--------+---------------------+------------+----------------------------------------------------------------------------------------------------+
 | bd_0_i/hls_inst/inst/gmem_m_axi_U/bus_read/rreq_burst_conv/burst_sequential/first_sect  | 105    | 6.18717033162852204 | FDRE/Q     | LUT2/I0 (10) LUT3/I1 (76) LUT5/I0 (2) LUT5/I3 (1) LUT6/I1 (3) LUT6/I2 (2) LUT6/I3 (10) LUT6/I5 (1) |
 | bd_0_i/hls_inst/inst/gmem_m_axi_U/bus_write/wreq_burst_conv/burst_sequential/first_sect | 105    | 6.83933265577252314 | FDRE/Q     | LUT2/I0 (10) LUT3/I1 (76) LUT5/I0 (2) LUT5/I3 (1) LUT6/I1 (3) LUT6/I2 (2) LUT6/I3 (10) LUT6/I5 (1) |
 +-----------------------------------------------------------------------------------------+--------+---------------------+------------+----------------------------------------------------------------------------------------------------+
