Copyright 1986-2022 Xilinx, Inc. All Rights Reserved. Copyright 2022-2025 Advanced Micro Devices, Inc. All Rights Reserved.
---------------------------------------------------------------------------------------------------------------------------------------------
| Tool Version : Vivado v.2025.2 (lin64) Build 6299465 Fri Nov 14 12:34:56 MST 2025
| Date         : Sat Jun 27 11:20:18 2026
| Host         : NhanEnten running 64-bit Ubuntu 24.04.4 LTS
| Command      : report_utilization -hierarchical -hierarchical_depth 7 -file ./report/mobilenet_v1_qat_utilization_hierarchical_routed.rpt
| Design       : bd_0_wrapper
| Device       : xc7z045ffg900-2
| Speed File   : -2
| Design State : Routed
---------------------------------------------------------------------------------------------------------------------------------------------

Utilization Design Information

Table of Contents
-----------------
1. Utilization by Hierarchy

1. Utilization by Hierarchy
---------------------------

+--------------------------------------------------------------------------+---------------------------------------------------------------------------------------------------------------+------------+------------+---------+------+------+--------+--------+------------+
|                                 Instance                                 |                                                     Module                                                    | Total LUTs | Logic LUTs | LUTRAMs | SRLs |  FFs | RAMB36 | RAMB18 | DSP Blocks |
+--------------------------------------------------------------------------+---------------------------------------------------------------------------------------------------------------+------------+------------+---------+------+------+--------+--------+------------+
| bd_0_wrapper                                                             |                                                                                                         (top) |      11114 |      10348 |     224 |  542 | 8512 |     11 |    144 |        266 |
|   bd_0_i                                                                 |                                                                                                          bd_0 |      11114 |      10348 |     224 |  542 | 8512 |     11 |    144 |        266 |
|     hls_inst                                                             |                                                                                               bd_0_hls_inst_0 |      11114 |      10348 |     224 |  542 | 8512 |     11 |    144 |        266 |
|       inst                                                               |                                                                              bd_0_hls_inst_0_mobilenet_v1_qat |      11114 |      10348 |     224 |  542 | 8512 |     11 |    144 |        266 |
|         (inst)                                                           |                                                                              bd_0_hls_inst_0_mobilenet_v1_qat |          1 |          0 |       0 |    1 |  177 |      0 |      0 |          0 |
|         CTRL_BUS_s_axi_U                                                 |                                                               bd_0_hls_inst_0_mobilenet_v1_qat_CTRL_BUS_s_axi |        168 |        168 |       0 |    0 |  181 |      0 |      0 |          0 |
|         fmul_32ns_32ns_32_4_max_dsp_1_U836                               |                                     bd_0_hls_inst_0_mobilenet_v1_qat_fmul_32ns_32ns_32_4_max_dsp_1__xdcDup__1 |        125 |        125 |       0 |    0 |  114 |      0 |      0 |          3 |
|           (fmul_32ns_32ns_32_4_max_dsp_1_U836)                           |                                     bd_0_hls_inst_0_mobilenet_v1_qat_fmul_32ns_32ns_32_4_max_dsp_1__xdcDup__1 |         63 |         63 |       0 |    0 |   67 |      0 |      0 |          0 |
|           mobilenet_v1_qat_fmul_32ns_32ns_32_4_max_dsp_1_ip_u            |                                             bd_0_hls_inst_0_mobilenet_v1_qat_fmul_32ns_32ns_32_4_max_dsp_1_ip |         62 |         62 |       0 |    0 |   47 |      0 |      0 |          3 |
|             U0                                                           |                                                                        bd_0_hls_inst_0_floating_point_v7_1_21 |         62 |         62 |       0 |    0 |   47 |      0 |      0 |          3 |
|               i_synth                                                    |                                                                    bd_0_hls_inst_0_floating_point_v7_1_21_viv |         62 |         62 |       0 |    0 |   47 |      0 |      0 |          3 |
|         gmem_m_axi_U                                                     |                                                                   bd_0_hls_inst_0_mobilenet_v1_qat_gmem_m_axi |       1118 |        976 |       0 |  142 | 1771 |      0 |      1 |          0 |
|           bus_read                                                       |                                                              bd_0_hls_inst_0_mobilenet_v1_qat_gmem_m_axi_read |        338 |        338 |       0 |    0 |  562 |      0 |      0 |          0 |
|             rreq_burst_conv                                              |                                               bd_0_hls_inst_0_mobilenet_v1_qat_gmem_m_axi_burst_converter_492 |        261 |        261 |       0 |    0 |  460 |      0 |      0 |          0 |
|               burst_sequential                                           |                                              bd_0_hls_inst_0_mobilenet_v1_qat_gmem_m_axi_burst_sequential_493 |        261 |        261 |       0 |    0 |  460 |      0 |      0 |          0 |
|             rs_rdata                                                     |                                         bd_0_hls_inst_0_mobilenet_v1_qat_gmem_m_axi_reg_slice__parameterized3 |         39 |         39 |       0 |    0 |   71 |      0 |      0 |          0 |
|           bus_write                                                      |                                                             bd_0_hls_inst_0_mobilenet_v1_qat_gmem_m_axi_write |        438 |        405 |       0 |   33 |  762 |      0 |      0 |          0 |
|             wreq_burst_conv                                              |                                                   bd_0_hls_inst_0_mobilenet_v1_qat_gmem_m_axi_burst_converter |        261 |        261 |       0 |    0 |  463 |      0 |      0 |          0 |
|               burst_sequential                                           |                                                  bd_0_hls_inst_0_mobilenet_v1_qat_gmem_m_axi_burst_sequential |        261 |        261 |       0 |    0 |  463 |      0 |      0 |          0 |
|             wreq_throttle                                                |                                                          bd_0_hls_inst_0_mobilenet_v1_qat_gmem_m_axi_throttle |        151 |        119 |       0 |   32 |  276 |      0 |      0 |          0 |
|               rs_req                                                     |                                         bd_0_hls_inst_0_mobilenet_v1_qat_gmem_m_axi_reg_slice__parameterized1 |         73 |         73 |       0 |    0 |  137 |      0 |      0 |          0 |
|               fifo_burst_gen[0].fifo_req                                 |                                              bd_0_hls_inst_0_mobilenet_v1_qat_gmem_m_axi_fifo__parameterized5 |         53 |         21 |       0 |   32 |   79 |      0 |      0 |          0 |
|           load_unit_0                                                    |                                                              bd_0_hls_inst_0_mobilenet_v1_qat_gmem_m_axi_load |        137 |        103 |       0 |   34 |  183 |      0 |      1 |          0 |
|             (load_unit_0)                                                |                                                              bd_0_hls_inst_0_mobilenet_v1_qat_gmem_m_axi_load |          1 |          1 |       0 |    0 |   68 |      0 |      0 |          0 |
|             fifo_rreq                                                    |                                          bd_0_hls_inst_0_mobilenet_v1_qat_gmem_m_axi_fifo__parameterized0_486 |         89 |         55 |       0 |   34 |   78 |      0 |      0 |          0 |
|               U_fifo_srl                                                 |                                           bd_0_hls_inst_0_mobilenet_v1_qat_gmem_m_axi_srl__parameterized0_487 |         70 |         36 |       0 |   34 |   64 |      0 |      0 |          0 |
|           store_unit_0                                                   |                                                             bd_0_hls_inst_0_mobilenet_v1_qat_gmem_m_axi_store |        206 |        131 |       0 |   75 |  264 |      0 |      0 |          0 |
|             (store_unit_0)                                               |                                                             bd_0_hls_inst_0_mobilenet_v1_qat_gmem_m_axi_store |          2 |          2 |       0 |    0 |   80 |      0 |      0 |          0 |
|             buff_wdata                                                   |                                              bd_0_hls_inst_0_mobilenet_v1_qat_gmem_m_axi_fifo__parameterized1 |         66 |         30 |       0 |   36 |   56 |      0 |      0 |          0 |
|             conservative_gen.fifo_burst                                  |                                                              bd_0_hls_inst_0_mobilenet_v1_qat_gmem_m_axi_fifo |         50 |         46 |       0 |    4 |   21 |      0 |      0 |          0 |
|             fifo_wreq                                                    |                                              bd_0_hls_inst_0_mobilenet_v1_qat_gmem_m_axi_fifo__parameterized0 |         55 |         21 |       0 |   34 |   78 |      0 |      0 |          0 |
|               U_fifo_srl                                                 |                                               bd_0_hls_inst_0_mobilenet_v1_qat_gmem_m_axi_srl__parameterized0 |         39 |          5 |       0 |   34 |   64 |      0 |      0 |          0 |
|         grp_conv0_qat_fu_683                                             |                                                                    bd_0_hls_inst_0_mobilenet_v1_qat_conv0_qat |       1883 |       1749 |       0 |  134 | 1052 |      0 |     27 |         25 |
|           (grp_conv0_qat_fu_683)                                         |                                                                    bd_0_hls_inst_0_mobilenet_v1_qat_conv0_qat |        369 |        247 |       0 |  122 |  856 |      0 |      0 |          1 |
|           mac_muladd_8s_7s_16s_16_4_1_U127                               |                                                  bd_0_hls_inst_0_mobilenet_v1_qat_mac_muladd_8s_7s_16s_16_4_1 |         74 |         74 |       0 |    0 |    0 |      0 |      0 |          1 |
|             mobilenet_v1_qat_mac_muladd_8s_7s_16s_16_4_1_DSP48_0_U       |                                      bd_0_hls_inst_0_mobilenet_v1_qat_mac_muladd_8s_7s_16s_16_4_1_DSP48_0_483 |         74 |         74 |       0 |    0 |    0 |      0 |      0 |          1 |
|           mac_muladd_8s_8s_19s_19_4_1_U134                               |                                                  bd_0_hls_inst_0_mobilenet_v1_qat_mac_muladd_8s_8s_19s_19_4_1 |         57 |         57 |       0 |    0 |    0 |      0 |      0 |          1 |
|             mobilenet_v1_qat_mac_muladd_8s_8s_19s_19_4_1_DSP48_0_U       |                                      bd_0_hls_inst_0_mobilenet_v1_qat_mac_muladd_8s_8s_19s_19_4_1_DSP48_0_480 |         57 |         57 |       0 |    0 |    0 |      0 |      0 |          1 |
|           mul_5ns_5ns_7_1_1_U77                                          |                                                            bd_0_hls_inst_0_mobilenet_v1_qat_mul_5ns_5ns_7_1_1 |        100 |        100 |       0 |    0 |    0 |      0 |      0 |          0 |
|           mul_7s_5ns_7_1_1_U78                                           |                                                             bd_0_hls_inst_0_mobilenet_v1_qat_mul_7s_5ns_7_1_1 |        145 |        145 |       0 |    0 |    0 |      0 |      0 |          0 |
|           p_ZL13conv_0_w_fold_0_1_1_U                                    |                           bd_0_hls_inst_0_mobilenet_v1_qat_conv0_qat_p_ZL13conv_0_w_fold_0_1_1_ROM_2P_BRAM_1R |         54 |         54 |       0 |    0 |    0 |      0 |      1 |          0 |
|           p_ZL13conv_0_w_fold_1_0_1_U                                    |                           bd_0_hls_inst_0_mobilenet_v1_qat_conv0_qat_p_ZL13conv_0_w_fold_1_0_1_ROM_2P_BRAM_1R |         54 |         54 |       0 |    0 |    0 |      0 |      1 |          0 |
|           p_ZL13conv_0_w_fold_1_0_2_U                                    |                           bd_0_hls_inst_0_mobilenet_v1_qat_conv0_qat_p_ZL13conv_0_w_fold_1_0_2_ROM_2P_BRAM_1R |         55 |         55 |       0 |    0 |    0 |      0 |      1 |          0 |
|           p_ZL13conv_0_w_fold_1_1_2_U                                    |                           bd_0_hls_inst_0_mobilenet_v1_qat_conv0_qat_p_ZL13conv_0_w_fold_1_1_2_ROM_2P_BRAM_1R |         51 |         51 |       0 |    0 |    0 |      0 |      1 |          0 |
|           p_ZL13conv_0_w_fold_1_2_0_U                                    |                           bd_0_hls_inst_0_mobilenet_v1_qat_conv0_qat_p_ZL13conv_0_w_fold_1_2_0_ROM_2P_BRAM_1R |         54 |         54 |       0 |    0 |    0 |      0 |      1 |          0 |
|           p_ZL13conv_0_w_fold_1_2_1_U                                    |                           bd_0_hls_inst_0_mobilenet_v1_qat_conv0_qat_p_ZL13conv_0_w_fold_1_2_1_ROM_2P_BRAM_1R |         55 |         55 |       0 |    0 |    0 |      0 |      1 |          0 |
|           p_ZL13conv_0_w_fold_1_2_2_U                                    |                           bd_0_hls_inst_0_mobilenet_v1_qat_conv0_qat_p_ZL13conv_0_w_fold_1_2_2_ROM_2P_BRAM_1R |         51 |         51 |       0 |    0 |    0 |      0 |      1 |          0 |
|         grp_dw0_qat_fu_779                                               |                                                                      bd_0_hls_inst_0_mobilenet_v1_qat_dw0_qat |        827 |        749 |       0 |   78 |  352 |      0 |      9 |         18 |
|           (grp_dw0_qat_fu_779)                                           |                                                                      bd_0_hls_inst_0_mobilenet_v1_qat_dw0_qat |        652 |        584 |       0 |   68 |  304 |      0 |      0 |          9 |
|         grp_dw1_qat_fu_835                                               |                                                                      bd_0_hls_inst_0_mobilenet_v1_qat_dw1_qat |        849 |        784 |       0 |   65 |  358 |      0 |      9 |         10 |
|           (grp_dw1_qat_fu_835)                                           |                                                                      bd_0_hls_inst_0_mobilenet_v1_qat_dw1_qat |        714 |        655 |       0 |   59 |  321 |      0 |      0 |          0 |
|         grp_dw2_qat_fu_891                                               |                                                                      bd_0_hls_inst_0_mobilenet_v1_qat_dw2_qat |        751 |        693 |       0 |   58 |  303 |      0 |      9 |         10 |
|           (grp_dw2_qat_fu_891)                                           |                                                                      bd_0_hls_inst_0_mobilenet_v1_qat_dw2_qat |        642 |        588 |       0 |   54 |  264 |      0 |      0 |          0 |
|           mac_muladd_8s_7ns_13s_15_4_1_U490                              |                                                 bd_0_hls_inst_0_mobilenet_v1_qat_mac_muladd_8s_7ns_13s_15_4_1 |         55 |         55 |       0 |    0 |    0 |      0 |      0 |          1 |
|             mobilenet_v1_qat_mac_muladd_8s_7ns_13s_15_4_1_DSP48_0_U      |                                         bd_0_hls_inst_0_mobilenet_v1_qat_mac_muladd_8s_7ns_13s_15_4_1_DSP48_0 |         55 |         55 |       0 |    0 |    0 |      0 |      0 |          1 |
|         grp_dw3_qat_fu_954                                               |                                                                      bd_0_hls_inst_0_mobilenet_v1_qat_dw3_qat |        208 |        183 |       0 |   25 |  250 |      0 |      9 |         10 |
|           (grp_dw3_qat_fu_954)                                           |                                                                      bd_0_hls_inst_0_mobilenet_v1_qat_dw3_qat |        139 |        114 |       0 |   25 |  236 |      0 |      0 |          0 |
|         grp_fc_qat_fu_1017                                               |                                                                       bd_0_hls_inst_0_mobilenet_v1_qat_fc_qat |        585 |        582 |       0 |    3 |  815 |      0 |     10 |         13 |
|           (grp_fc_qat_fu_1017)                                           |                                                                       bd_0_hls_inst_0_mobilenet_v1_qat_fc_qat |        122 |        122 |       0 |    0 |  272 |      0 |      0 |          0 |
|           fmul_32ns_32ns_32_4_max_dsp_1_U827                             |                                                bd_0_hls_inst_0_mobilenet_v1_qat_fmul_32ns_32ns_32_4_max_dsp_1 |         93 |         93 |       0 |    0 |   79 |      0 |      0 |          3 |
|             mobilenet_v1_qat_fmul_32ns_32ns_32_4_max_dsp_1_ip_u          |                                          bd_0_hls_inst_0_mobilenet_v1_qat_fmul_32ns_32ns_32_4_max_dsp_1_ip__2 |         59 |         59 |       0 |    0 |   47 |      0 |      0 |          3 |
|               U0                                                         |                                                                     bd_0_hls_inst_0_floating_point_v7_1_21__2 |         59 |         59 |       0 |    0 |   47 |      0 |      0 |          3 |
|           grp_fc_qat_Pipeline_FC_IC_fu_197                               |                                                        bd_0_hls_inst_0_mobilenet_v1_qat_fc_qat_Pipeline_FC_IC |         93 |         92 |       0 |    1 |  246 |      0 |     10 |         10 |
|             (grp_fc_qat_Pipeline_FC_IC_fu_197)                           |                                                        bd_0_hls_inst_0_mobilenet_v1_qat_fc_qat_Pipeline_FC_IC |         70 |         69 |       0 |    1 |  244 |      0 |      0 |          0 |
|           sitofp_32s_32_5_no_dsp_1_U828                                  |                                          bd_0_hls_inst_0_mobilenet_v1_qat_sitofp_32s_32_5_no_dsp_1__xdcDup__1 |        139 |        138 |       0 |    1 |  109 |      0 |      0 |          0 |
|             mobilenet_v1_qat_sitofp_32s_32_5_no_dsp_1_ip_u               |                                                  bd_0_hls_inst_0_mobilenet_v1_qat_sitofp_32s_32_5_no_dsp_1_ip |        139 |        138 |       0 |    1 |   86 |      0 |      0 |          0 |
|               U0                                                         |                                                        bd_0_hls_inst_0_floating_point_v7_1_21__parameterized1 |        139 |        138 |       0 |    1 |   86 |      0 |      0 |          0 |
|           sitofp_32s_32_5_no_dsp_1_U829                                  |                                                     bd_0_hls_inst_0_mobilenet_v1_qat_sitofp_32s_32_5_no_dsp_1 |        140 |        139 |       0 |    1 |  109 |      0 |      0 |          0 |
|             mobilenet_v1_qat_sitofp_32s_32_5_no_dsp_1_ip_u               |                                               bd_0_hls_inst_0_mobilenet_v1_qat_sitofp_32s_32_5_no_dsp_1_ip__2 |        139 |        138 |       0 |    1 |   86 |      0 |      0 |          0 |
|               U0                                                         |                                                     bd_0_hls_inst_0_floating_point_v7_1_21__parameterized1__2 |        139 |        138 |       0 |    1 |   86 |      0 |      0 |          0 |
|         grp_mobilenet_v1_qat_Pipeline_LOAD_IC_LOAD_IH_LOAD_IW_fu_645     |                            bd_0_hls_inst_0_mobilenet_v1_qat_mobilenet_v1_qat_Pipeline_LOAD_IC_LOAD_IH_LOAD_IW |        399 |        380 |       0 |   19 |  321 |      0 |      0 |          2 |
|           (grp_mobilenet_v1_qat_Pipeline_LOAD_IC_LOAD_IH_LOAD_IW_fu_645) |                            bd_0_hls_inst_0_mobilenet_v1_qat_mobilenet_v1_qat_Pipeline_LOAD_IC_LOAD_IH_LOAD_IW |        219 |        212 |       0 |    7 |  210 |      0 |      0 |          2 |
|           one_half_table_U                                               | bd_0_hls_inst_0_mobilenet_v1_qat_mobilenet_v1_qat_Pipeline_LOAD_IC_LOAD_IH_LOAD_IW_one_half_table_ROM_AUTO_1R |         68 |         68 |       0 |    0 |   24 |      0 |      0 |          0 |
|         grp_pw0_qat_fu_814                                               |                                                                      bd_0_hls_inst_0_mobilenet_v1_qat_pw0_qat |        362 |        353 |       0 |    9 |  297 |      0 |      2 |         15 |
|           (grp_pw0_qat_fu_814)                                           |                                                                      bd_0_hls_inst_0_mobilenet_v1_qat_pw0_qat |        253 |        252 |       0 |    1 |  241 |      0 |      0 |          3 |
|         grp_pw1_qat_fu_870                                               |                                                                      bd_0_hls_inst_0_mobilenet_v1_qat_pw1_qat |        587 |        579 |       0 |    8 |  423 |      0 |      2 |         23 |
|           (grp_pw1_qat_fu_870)                                           |                                                                      bd_0_hls_inst_0_mobilenet_v1_qat_pw1_qat |        450 |        450 |       0 |    0 |  382 |      0 |      0 |          3 |
|           p_ZL20features_1_pw_w_fold_1_U                                 |                          bd_0_hls_inst_0_mobilenet_v1_qat_pw1_qat_p_ZL20features_1_pw_w_fold_1_ROM_2P_BRAM_1R |         67 |         67 |       0 |    0 |    0 |      0 |      1 |          0 |
|         grp_pw2_qat_fu_926                                               |                                                                      bd_0_hls_inst_0_mobilenet_v1_qat_pw2_qat |       1034 |       1034 |       0 |    0 |  684 |      2 |      0 |         39 |
|           (grp_pw2_qat_fu_926)                                           |                                                                      bd_0_hls_inst_0_mobilenet_v1_qat_pw2_qat |        760 |        760 |       0 |    0 |  668 |      0 |      0 |          2 |
|           flow_control_loop_pipe_sequential_init_U                       |                                   bd_0_hls_inst_0_mobilenet_v1_qat_flow_control_loop_pipe_sequential_init_197 |         81 |         81 |       0 |    0 |    2 |      0 |      0 |          0 |
|           mac_muladd_8s_7ns_16s_17_4_1_U587                              |                                             bd_0_hls_inst_0_mobilenet_v1_qat_mac_muladd_8s_7ns_16s_17_4_1_230 |         51 |         51 |       0 |    0 |    0 |      0 |      0 |          1 |
|             mobilenet_v1_qat_mac_muladd_8s_7ns_16s_17_4_1_DSP48_0_U      |                                     bd_0_hls_inst_0_mobilenet_v1_qat_mac_muladd_8s_7ns_16s_17_4_1_DSP48_0_234 |         51 |         51 |       0 |    0 |    0 |      0 |      0 |          1 |
|           p_ZL20features_2_pw_w_fold_1_U                                 |                          bd_0_hls_inst_0_mobilenet_v1_qat_pw2_qat_p_ZL20features_2_pw_w_fold_1_ROM_2P_BRAM_1R |        131 |        131 |       0 |    0 |    0 |      1 |      0 |          0 |
|         grp_pw3_qat_fu_996                                               |                                                                      bd_0_hls_inst_0_mobilenet_v1_qat_pw3_qat |       1774 |       1774 |       0 |    0 | 1200 |      8 |      1 |         72 |
|           (grp_pw3_qat_fu_996)                                           |                                                                      bd_0_hls_inst_0_mobilenet_v1_qat_pw3_qat |       1472 |       1472 |       0 |    0 | 1198 |      0 |      0 |          3 |
|           flow_control_loop_pipe_sequential_init_U                       |                                       bd_0_hls_inst_0_mobilenet_v1_qat_flow_control_loop_pipe_sequential_init |         93 |         93 |       0 |    0 |    2 |      0 |      0 |          0 |
|           p_ZL20features_3_pw_w_fold_1_U                                 |                          bd_0_hls_inst_0_mobilenet_v1_qat_pw3_qat_p_ZL20features_3_pw_w_fold_1_ROM_2P_BRAM_1R |        171 |        171 |       0 |    0 |    0 |      4 |      0 |          0 |
|         mul_64ns_66ns_129_5_1_U837                                       |                                                        bd_0_hls_inst_0_mobilenet_v1_qat_mul_64ns_66ns_129_5_1 |         81 |         81 |       0 |    0 |   28 |      0 |      0 |         13 |
|         mul_64ns_66ns_129_5_1_U838                                       |                                                     bd_0_hls_inst_0_mobilenet_v1_qat_mul_64ns_66ns_129_5_1_38 |         82 |         82 |       0 |    0 |   28 |      0 |      0 |         13 |
+--------------------------------------------------------------------------+---------------------------------------------------------------------------------------------------------------+------------+------------+---------+------+------+--------+--------+------------+
* Note: The sum of lower-level cells may be larger than their parent cells total, due to cross-hierarchy LUT combining


