Copyright 1986-2022 Xilinx, Inc. All Rights Reserved. Copyright 2022-2025 Advanced Micro Devices, Inc. All Rights Reserved.
---------------------------------------------------------------------------------------------------------------------------------------------
| Tool Version : Vivado v.2025.2 (lin64) Build 6299465 Fri Nov 14 12:34:56 MST 2025
| Date         : Sat Jun 27 11:17:43 2026
| Host         : NhanEnten running 64-bit Ubuntu 24.04.4 LTS
| Command      : report_timing -max_paths 10 -file ./report/mobilenet_v1_qat_timing_paths_synth.rpt
| Design       : bd_0_wrapper
| Device       : 7z045-ffg900
| Speed File   : -2  PRODUCTION 1.12 2019-11-22
| Design State : Synthesized
---------------------------------------------------------------------------------------------------------------------------------------------

Timing Report

Slack (MET) :             4.064ns  (required time - arrival time)
  Source:                 bd_0_i/hls_inst/inst/grp_conv0_qat_fu_683/mul_6ns_8ns_13_1_1_U80/tmp_product/CLK
                            (rising edge-triggered cell DSP48E1 clocked by ap_clk  {rise@0.000ns fall@5.000ns period=10.000ns})
  Destination:            bd_0_i/hls_inst/inst/in_buf_17_U/ram_reg/ADDRARDADDR[10]
                            (rising edge-triggered cell RAMB18E1 clocked by ap_clk  {rise@0.000ns fall@5.000ns period=10.000ns})
  Path Group:             ap_clk
  Path Type:              Setup (Max at Slow Process Corner)
  Requirement:            10.000ns  (ap_clk rise@10.000ns - ap_clk rise@0.000ns)
  Data Path Delay:        5.458ns  (logic 3.492ns (63.980%)  route 1.966ns (36.020%))
  Logic Levels:           6  (CARRY4=2 LUT2=1 LUT6=3)
  Clock Path Skew:        -0.027ns (DCD - SCD + CPR)
    Destination Clock Delay (DCD):    0.510ns = ( 10.510 - 10.000 ) 
    Source Clock Delay      (SCD):    0.537ns
    Clock Pessimism Removal (CPR):    0.000ns
  Clock Uncertainty:      0.035ns  ((TSJ^2 + TIJ^2)^1/2 + DJ) / 2 + PE
    Total System Jitter     (TSJ):    0.071ns
    Total Input Jitter      (TIJ):    0.000ns
    Discrete Jitter          (DJ):    0.000ns
    Phase Error              (PE):    0.000ns

    Location             Delay type                Incr(ns)  Path(ns)    Netlist Resource(s)
  -------------------------------------------------------------------    -------------------
                         (clock ap_clk rise edge)     0.000     0.000 r  
                                                      0.000     0.000 r  ap_clk (IN)
                         net (fo=10014, unset)        0.537     0.537    bd_0_i/hls_inst/inst/grp_conv0_qat_fu_683/mul_6ns_8ns_13_1_1_U80/ap_clk
                         DSP48E1                                      r  bd_0_i/hls_inst/inst/grp_conv0_qat_fu_683/mul_6ns_8ns_13_1_1_U80/tmp_product/CLK
  -------------------------------------------------------------------    -------------------
                         DSP48E1 (Prop_dsp48e1_CLK_P[9])
                                                      2.860     3.397 r  bd_0_i/hls_inst/inst/grp_conv0_qat_fu_683/mul_6ns_8ns_13_1_1_U80/tmp_product/P[9]
                         net (fo=5, unplaced)         0.419     3.816    bd_0_i/hls_inst/inst/grp_conv0_qat_fu_683/mul_7s_5ns_7_1_1_U78/P[1]
                         LUT2 (Prop_lut2_I1_O)        0.043     3.859 r  bd_0_i/hls_inst/inst/grp_conv0_qat_fu_683/mul_7s_5ns_7_1_1_U78/ram_reg_i_153__1/O
                         net (fo=1, unplaced)         0.000     3.859    bd_0_i/hls_inst/inst/grp_conv0_qat_fu_683/mul_7s_5ns_7_1_1_U78/ram_reg_i_153__1_n_0
                         CARRY4 (Prop_carry4_S[1]_CO[3])
                                                      0.256     4.115 r  bd_0_i/hls_inst/inst/grp_conv0_qat_fu_683/mul_7s_5ns_7_1_1_U78/ram_reg_i_107__3/CO[3]
                         net (fo=1, unplaced)         0.007     4.122    bd_0_i/hls_inst/inst/grp_conv0_qat_fu_683/mul_7s_5ns_7_1_1_U78/ram_reg_i_107__3_n_0
                         CARRY4 (Prop_carry4_CI_O[2])
                                                      0.120     4.242 r  bd_0_i/hls_inst/inst/grp_conv0_qat_fu_683/mul_7s_5ns_7_1_1_U78/ram_reg_i_99__3/O[2]
                         net (fo=3, unplaced)         0.425     4.667    bd_0_i/hls_inst/inst/grp_conv0_qat_fu_683/mul_7s_5ns_7_1_1_U78/data6[6]
                         LUT6 (Prop_lut6_I1_O)        0.127     4.794 f  bd_0_i/hls_inst/inst/grp_conv0_qat_fu_683/mul_7s_5ns_7_1_1_U78/ram_reg_i_33__5/O
                         net (fo=3, unplaced)         0.425     5.219    bd_0_i/hls_inst/inst/grp_conv0_qat_fu_683/mul_7s_5ns_7_1_1_U78/ram_reg_i_33__5_n_0
                         LUT6 (Prop_lut6_I0_O)        0.043     5.262 r  bd_0_i/hls_inst/inst/grp_conv0_qat_fu_683/mul_7s_5ns_7_1_1_U78/ram_reg_i_12__5/O
                         net (fo=1, unplaced)         0.270     5.532    bd_0_i/hls_inst/inst/grp_conv0_qat_fu_683/mul_5ns_5ns_7_1_1_U77/ram_reg_38
                         LUT6 (Prop_lut6_I3_O)        0.043     5.575 r  bd_0_i/hls_inst/inst/grp_conv0_qat_fu_683/mul_5ns_5ns_7_1_1_U77/ram_reg_i_2__31/O
                         net (fo=3, unplaced)         0.419     5.995    bd_0_i/hls_inst/inst/in_buf_17_U/ram_reg_1[6]
                         RAMB18E1                                     r  bd_0_i/hls_inst/inst/in_buf_17_U/ram_reg/ADDRARDADDR[10]
  -------------------------------------------------------------------    -------------------

                         (clock ap_clk rise edge)    10.000    10.000 r  
                                                      0.000    10.000 r  ap_clk (IN)
                         net (fo=10014, unset)        0.510    10.510    bd_0_i/hls_inst/inst/in_buf_17_U/ap_clk
                         RAMB18E1                                     r  bd_0_i/hls_inst/inst/in_buf_17_U/ram_reg/CLKARDCLK
                         clock pessimism              0.000    10.510    
                         clock uncertainty           -0.035    10.475    
                         RAMB18E1 (Setup_ramb18e1_CLKARDCLK_ADDRARDADDR[10])
                                                     -0.416    10.059    bd_0_i/hls_inst/inst/in_buf_17_U/ram_reg
  -------------------------------------------------------------------
                         required time                         10.059    
                         arrival time                          -5.995    
  -------------------------------------------------------------------
                         slack                                  4.064    

Slack (MET) :             4.064ns  (required time - arrival time)
  Source:                 bd_0_i/hls_inst/inst/grp_conv0_qat_fu_683/mul_6ns_8ns_13_1_1_U80/tmp_product/CLK
                            (rising edge-triggered cell DSP48E1 clocked by ap_clk  {rise@0.000ns fall@5.000ns period=10.000ns})
  Destination:            bd_0_i/hls_inst/inst/in_buf_26_U/ram_reg/ADDRARDADDR[10]
                            (rising edge-triggered cell RAMB18E1 clocked by ap_clk  {rise@0.000ns fall@5.000ns period=10.000ns})
  Path Group:             ap_clk
  Path Type:              Setup (Max at Slow Process Corner)
  Requirement:            10.000ns  (ap_clk rise@10.000ns - ap_clk rise@0.000ns)
  Data Path Delay:        5.458ns  (logic 3.492ns (63.980%)  route 1.966ns (36.020%))
  Logic Levels:           6  (CARRY4=2 LUT2=1 LUT6=3)
  Clock Path Skew:        -0.027ns (DCD - SCD + CPR)
    Destination Clock Delay (DCD):    0.510ns = ( 10.510 - 10.000 ) 
    Source Clock Delay      (SCD):    0.537ns
    Clock Pessimism Removal (CPR):    0.000ns
  Clock Uncertainty:      0.035ns  ((TSJ^2 + TIJ^2)^1/2 + DJ) / 2 + PE
    Total System Jitter     (TSJ):    0.071ns
    Total Input Jitter      (TIJ):    0.000ns
    Discrete Jitter          (DJ):    0.000ns
    Phase Error              (PE):    0.000ns

    Location             Delay type                Incr(ns)  Path(ns)    Netlist Resource(s)
  -------------------------------------------------------------------    -------------------
                         (clock ap_clk rise edge)     0.000     0.000 r  
                                                      0.000     0.000 r  ap_clk (IN)
                         net (fo=10014, unset)        0.537     0.537    bd_0_i/hls_inst/inst/grp_conv0_qat_fu_683/mul_6ns_8ns_13_1_1_U80/ap_clk
                         DSP48E1                                      r  bd_0_i/hls_inst/inst/grp_conv0_qat_fu_683/mul_6ns_8ns_13_1_1_U80/tmp_product/CLK
  -------------------------------------------------------------------    -------------------
                         DSP48E1 (Prop_dsp48e1_CLK_P[9])
                                                      2.860     3.397 r  bd_0_i/hls_inst/inst/grp_conv0_qat_fu_683/mul_6ns_8ns_13_1_1_U80/tmp_product/P[9]
                         net (fo=5, unplaced)         0.419     3.816    bd_0_i/hls_inst/inst/grp_conv0_qat_fu_683/mul_7s_5ns_7_1_1_U78/P[1]
                         LUT2 (Prop_lut2_I1_O)        0.043     3.859 r  bd_0_i/hls_inst/inst/grp_conv0_qat_fu_683/mul_7s_5ns_7_1_1_U78/ram_reg_i_153__1/O
                         net (fo=1, unplaced)         0.000     3.859    bd_0_i/hls_inst/inst/grp_conv0_qat_fu_683/mul_7s_5ns_7_1_1_U78/ram_reg_i_153__1_n_0
                         CARRY4 (Prop_carry4_S[1]_CO[3])
                                                      0.256     4.115 r  bd_0_i/hls_inst/inst/grp_conv0_qat_fu_683/mul_7s_5ns_7_1_1_U78/ram_reg_i_107__3/CO[3]
                         net (fo=1, unplaced)         0.007     4.122    bd_0_i/hls_inst/inst/grp_conv0_qat_fu_683/mul_7s_5ns_7_1_1_U78/ram_reg_i_107__3_n_0
                         CARRY4 (Prop_carry4_CI_O[2])
                                                      0.120     4.242 r  bd_0_i/hls_inst/inst/grp_conv0_qat_fu_683/mul_7s_5ns_7_1_1_U78/ram_reg_i_99__3/O[2]
                         net (fo=3, unplaced)         0.425     4.667    bd_0_i/hls_inst/inst/grp_conv0_qat_fu_683/mul_7s_5ns_7_1_1_U78/data6[6]
                         LUT6 (Prop_lut6_I1_O)        0.127     4.794 f  bd_0_i/hls_inst/inst/grp_conv0_qat_fu_683/mul_7s_5ns_7_1_1_U78/ram_reg_i_33__5/O
                         net (fo=3, unplaced)         0.425     5.219    bd_0_i/hls_inst/inst/grp_conv0_qat_fu_683/mul_7s_5ns_7_1_1_U78/ram_reg_i_33__5_n_0
                         LUT6 (Prop_lut6_I0_O)        0.043     5.262 r  bd_0_i/hls_inst/inst/grp_conv0_qat_fu_683/mul_7s_5ns_7_1_1_U78/ram_reg_i_12__5/O
                         net (fo=1, unplaced)         0.270     5.532    bd_0_i/hls_inst/inst/grp_conv0_qat_fu_683/mul_5ns_5ns_7_1_1_U77/ram_reg_38
                         LUT6 (Prop_lut6_I3_O)        0.043     5.575 r  bd_0_i/hls_inst/inst/grp_conv0_qat_fu_683/mul_5ns_5ns_7_1_1_U77/ram_reg_i_2__31/O
                         net (fo=3, unplaced)         0.419     5.995    bd_0_i/hls_inst/inst/in_buf_26_U/ram_reg_1[6]
                         RAMB18E1                                     r  bd_0_i/hls_inst/inst/in_buf_26_U/ram_reg/ADDRARDADDR[10]
  -------------------------------------------------------------------    -------------------

                         (clock ap_clk rise edge)    10.000    10.000 r  
                                                      0.000    10.000 r  ap_clk (IN)
                         net (fo=10014, unset)        0.510    10.510    bd_0_i/hls_inst/inst/in_buf_26_U/ap_clk
                         RAMB18E1                                     r  bd_0_i/hls_inst/inst/in_buf_26_U/ram_reg/CLKARDCLK
                         clock pessimism              0.000    10.510    
                         clock uncertainty           -0.035    10.475    
                         RAMB18E1 (Setup_ramb18e1_CLKARDCLK_ADDRARDADDR[10])
                                                     -0.416    10.059    bd_0_i/hls_inst/inst/in_buf_26_U/ram_reg
  -------------------------------------------------------------------
                         required time                         10.059    
                         arrival time                          -5.995    
  -------------------------------------------------------------------
                         slack                                  4.064    

Slack (MET) :             4.064ns  (required time - arrival time)
  Source:                 bd_0_i/hls_inst/inst/grp_conv0_qat_fu_683/mul_6ns_8ns_13_1_1_U80/tmp_product/CLK
                            (rising edge-triggered cell DSP48E1 clocked by ap_clk  {rise@0.000ns fall@5.000ns period=10.000ns})
  Destination:            bd_0_i/hls_inst/inst/in_buf_8_U/ram_reg/ADDRARDADDR[10]
                            (rising edge-triggered cell RAMB18E1 clocked by ap_clk  {rise@0.000ns fall@5.000ns period=10.000ns})
  Path Group:             ap_clk
  Path Type:              Setup (Max at Slow Process Corner)
  Requirement:            10.000ns  (ap_clk rise@10.000ns - ap_clk rise@0.000ns)
  Data Path Delay:        5.458ns  (logic 3.492ns (63.980%)  route 1.966ns (36.020%))
  Logic Levels:           6  (CARRY4=2 LUT2=1 LUT6=3)
  Clock Path Skew:        -0.027ns (DCD - SCD + CPR)
    Destination Clock Delay (DCD):    0.510ns = ( 10.510 - 10.000 ) 
    Source Clock Delay      (SCD):    0.537ns
    Clock Pessimism Removal (CPR):    0.000ns
  Clock Uncertainty:      0.035ns  ((TSJ^2 + TIJ^2)^1/2 + DJ) / 2 + PE
    Total System Jitter     (TSJ):    0.071ns
    Total Input Jitter      (TIJ):    0.000ns
    Discrete Jitter          (DJ):    0.000ns
    Phase Error              (PE):    0.000ns

    Location             Delay type                Incr(ns)  Path(ns)    Netlist Resource(s)
  -------------------------------------------------------------------    -------------------
                         (clock ap_clk rise edge)     0.000     0.000 r  
                                                      0.000     0.000 r  ap_clk (IN)
                         net (fo=10014, unset)        0.537     0.537    bd_0_i/hls_inst/inst/grp_conv0_qat_fu_683/mul_6ns_8ns_13_1_1_U80/ap_clk
                         DSP48E1                                      r  bd_0_i/hls_inst/inst/grp_conv0_qat_fu_683/mul_6ns_8ns_13_1_1_U80/tmp_product/CLK
  -------------------------------------------------------------------    -------------------
                         DSP48E1 (Prop_dsp48e1_CLK_P[9])
                                                      2.860     3.397 r  bd_0_i/hls_inst/inst/grp_conv0_qat_fu_683/mul_6ns_8ns_13_1_1_U80/tmp_product/P[9]
                         net (fo=5, unplaced)         0.419     3.816    bd_0_i/hls_inst/inst/grp_conv0_qat_fu_683/mul_7s_5ns_7_1_1_U78/P[1]
                         LUT2 (Prop_lut2_I1_O)        0.043     3.859 r  bd_0_i/hls_inst/inst/grp_conv0_qat_fu_683/mul_7s_5ns_7_1_1_U78/ram_reg_i_153__1/O
                         net (fo=1, unplaced)         0.000     3.859    bd_0_i/hls_inst/inst/grp_conv0_qat_fu_683/mul_7s_5ns_7_1_1_U78/ram_reg_i_153__1_n_0
                         CARRY4 (Prop_carry4_S[1]_CO[3])
                                                      0.256     4.115 r  bd_0_i/hls_inst/inst/grp_conv0_qat_fu_683/mul_7s_5ns_7_1_1_U78/ram_reg_i_107__3/CO[3]
                         net (fo=1, unplaced)         0.007     4.122    bd_0_i/hls_inst/inst/grp_conv0_qat_fu_683/mul_7s_5ns_7_1_1_U78/ram_reg_i_107__3_n_0
                         CARRY4 (Prop_carry4_CI_O[2])
                                                      0.120     4.242 r  bd_0_i/hls_inst/inst/grp_conv0_qat_fu_683/mul_7s_5ns_7_1_1_U78/ram_reg_i_99__3/O[2]
                         net (fo=3, unplaced)         0.425     4.667    bd_0_i/hls_inst/inst/grp_conv0_qat_fu_683/mul_7s_5ns_7_1_1_U78/data6[6]
                         LUT6 (Prop_lut6_I1_O)        0.127     4.794 f  bd_0_i/hls_inst/inst/grp_conv0_qat_fu_683/mul_7s_5ns_7_1_1_U78/ram_reg_i_33__5/O
                         net (fo=3, unplaced)         0.425     5.219    bd_0_i/hls_inst/inst/grp_conv0_qat_fu_683/mul_7s_5ns_7_1_1_U78/ram_reg_i_33__5_n_0
                         LUT6 (Prop_lut6_I0_O)        0.043     5.262 r  bd_0_i/hls_inst/inst/grp_conv0_qat_fu_683/mul_7s_5ns_7_1_1_U78/ram_reg_i_12__5/O
                         net (fo=1, unplaced)         0.270     5.532    bd_0_i/hls_inst/inst/grp_conv0_qat_fu_683/mul_5ns_5ns_7_1_1_U77/ram_reg_38
                         LUT6 (Prop_lut6_I3_O)        0.043     5.575 r  bd_0_i/hls_inst/inst/grp_conv0_qat_fu_683/mul_5ns_5ns_7_1_1_U77/ram_reg_i_2__31/O
                         net (fo=3, unplaced)         0.419     5.995    bd_0_i/hls_inst/inst/in_buf_8_U/ram_reg_1[6]
                         RAMB18E1                                     r  bd_0_i/hls_inst/inst/in_buf_8_U/ram_reg/ADDRARDADDR[10]
  -------------------------------------------------------------------    -------------------

                         (clock ap_clk rise edge)    10.000    10.000 r  
                                                      0.000    10.000 r  ap_clk (IN)
                         net (fo=10014, unset)        0.510    10.510    bd_0_i/hls_inst/inst/in_buf_8_U/ap_clk
                         RAMB18E1                                     r  bd_0_i/hls_inst/inst/in_buf_8_U/ram_reg/CLKARDCLK
                         clock pessimism              0.000    10.510    
                         clock uncertainty           -0.035    10.475    
                         RAMB18E1 (Setup_ramb18e1_CLKARDCLK_ADDRARDADDR[10])
                                                     -0.416    10.059    bd_0_i/hls_inst/inst/in_buf_8_U/ram_reg
  -------------------------------------------------------------------
                         required time                         10.059    
                         arrival time                          -5.995    
  -------------------------------------------------------------------
                         slack                                  4.064    

Slack (MET) :             4.065ns  (required time - arrival time)
  Source:                 bd_0_i/hls_inst/inst/grp_conv0_qat_fu_683/mul_6ns_8ns_13_1_1_U80/tmp_product/CLK
                            (rising edge-triggered cell DSP48E1 clocked by ap_clk  {rise@0.000ns fall@5.000ns period=10.000ns})
  Destination:            bd_0_i/hls_inst/inst/in_buf_11_U/ram_reg/ADDRARDADDR[8]
                            (rising edge-triggered cell RAMB18E1 clocked by ap_clk  {rise@0.000ns fall@5.000ns period=10.000ns})
  Path Group:             ap_clk
  Path Type:              Setup (Max at Slow Process Corner)
  Requirement:            10.000ns  (ap_clk rise@10.000ns - ap_clk rise@0.000ns)
  Data Path Delay:        5.457ns  (logic 3.482ns (63.809%)  route 1.975ns (36.191%))
  Logic Levels:           6  (CARRY4=2 LUT2=1 LUT6=3)
  Clock Path Skew:        -0.027ns (DCD - SCD + CPR)
    Destination Clock Delay (DCD):    0.510ns = ( 10.510 - 10.000 ) 
    Source Clock Delay      (SCD):    0.537ns
    Clock Pessimism Removal (CPR):    0.000ns
  Clock Uncertainty:      0.035ns  ((TSJ^2 + TIJ^2)^1/2 + DJ) / 2 + PE
    Total System Jitter     (TSJ):    0.071ns
    Total Input Jitter      (TIJ):    0.000ns
    Discrete Jitter          (DJ):    0.000ns
    Phase Error              (PE):    0.000ns

    Location             Delay type                Incr(ns)  Path(ns)    Netlist Resource(s)
  -------------------------------------------------------------------    -------------------
                         (clock ap_clk rise edge)     0.000     0.000 r  
                                                      0.000     0.000 r  ap_clk (IN)
                         net (fo=10014, unset)        0.537     0.537    bd_0_i/hls_inst/inst/grp_conv0_qat_fu_683/mul_6ns_8ns_13_1_1_U80/ap_clk
                         DSP48E1                                      r  bd_0_i/hls_inst/inst/grp_conv0_qat_fu_683/mul_6ns_8ns_13_1_1_U80/tmp_product/CLK
  -------------------------------------------------------------------    -------------------
                         DSP48E1 (Prop_dsp48e1_CLK_P[9])
                                                      2.860     3.397 r  bd_0_i/hls_inst/inst/grp_conv0_qat_fu_683/mul_6ns_8ns_13_1_1_U80/tmp_product/P[9]
                         net (fo=5, unplaced)         0.419     3.816    bd_0_i/hls_inst/inst/grp_conv0_qat_fu_683/mul_7s_5ns_7_1_1_U78/P[1]
                         LUT2 (Prop_lut2_I1_O)        0.043     3.859 r  bd_0_i/hls_inst/inst/grp_conv0_qat_fu_683/mul_7s_5ns_7_1_1_U78/ram_reg_i_153__1/O
                         net (fo=1, unplaced)         0.000     3.859    bd_0_i/hls_inst/inst/grp_conv0_qat_fu_683/mul_7s_5ns_7_1_1_U78/ram_reg_i_153__1_n_0
                         CARRY4 (Prop_carry4_S[1]_CO[3])
                                                      0.256     4.115 r  bd_0_i/hls_inst/inst/grp_conv0_qat_fu_683/mul_7s_5ns_7_1_1_U78/ram_reg_i_107__3/CO[3]
                         net (fo=1, unplaced)         0.007     4.122    bd_0_i/hls_inst/inst/grp_conv0_qat_fu_683/mul_7s_5ns_7_1_1_U78/ram_reg_i_107__3_n_0
                         CARRY4 (Prop_carry4_CI_O[0])
                                                      0.114     4.236 r  bd_0_i/hls_inst/inst/grp_conv0_qat_fu_683/mul_7s_5ns_7_1_1_U78/ram_reg_i_99__3/O[0]
                         net (fo=3, unplaced)         0.434     4.670    bd_0_i/hls_inst/inst/grp_conv0_qat_fu_683/mul_7s_5ns_7_1_1_U78/data6[4]
                         LUT6 (Prop_lut6_I1_O)        0.123     4.793 f  bd_0_i/hls_inst/inst/grp_conv0_qat_fu_683/mul_7s_5ns_7_1_1_U78/ram_reg_i_40__4/O
                         net (fo=3, unplaced)         0.425     5.218    bd_0_i/hls_inst/inst/grp_conv0_qat_fu_683/mul_7s_5ns_7_1_1_U78/ram_reg_i_40__4_n_0
                         LUT6 (Prop_lut6_I0_O)        0.043     5.261 r  bd_0_i/hls_inst/inst/grp_conv0_qat_fu_683/mul_7s_5ns_7_1_1_U78/ram_reg_i_17__11/O
                         net (fo=1, unplaced)         0.270     5.531    bd_0_i/hls_inst/inst/grp_conv0_qat_fu_683/mul_5ns_5ns_7_1_1_U77/ram_reg_51
                         LUT6 (Prop_lut6_I3_O)        0.043     5.574 r  bd_0_i/hls_inst/inst/grp_conv0_qat_fu_683/mul_5ns_5ns_7_1_1_U77/ram_reg_i_4__35/O
                         net (fo=3, unplaced)         0.419     5.994    bd_0_i/hls_inst/inst/in_buf_11_U/ram_reg_1[4]
                         RAMB18E1                                     r  bd_0_i/hls_inst/inst/in_buf_11_U/ram_reg/ADDRARDADDR[8]
  -------------------------------------------------------------------    -------------------

                         (clock ap_clk rise edge)    10.000    10.000 r  
                                                      0.000    10.000 r  ap_clk (IN)
                         net (fo=10014, unset)        0.510    10.510    bd_0_i/hls_inst/inst/in_buf_11_U/ap_clk
                         RAMB18E1                                     r  bd_0_i/hls_inst/inst/in_buf_11_U/ram_reg/CLKARDCLK
                         clock pessimism              0.000    10.510    
                         clock uncertainty           -0.035    10.475    
                         RAMB18E1 (Setup_ramb18e1_CLKARDCLK_ADDRARDADDR[8])
                                                     -0.416    10.059    bd_0_i/hls_inst/inst/in_buf_11_U/ram_reg
  -------------------------------------------------------------------
                         required time                         10.059    
                         arrival time                          -5.994    
  -------------------------------------------------------------------
                         slack                                  4.065    

Slack (MET) :             4.065ns  (required time - arrival time)
  Source:                 bd_0_i/hls_inst/inst/grp_conv0_qat_fu_683/mul_6ns_8ns_13_1_1_U80/tmp_product/CLK
                            (rising edge-triggered cell DSP48E1 clocked by ap_clk  {rise@0.000ns fall@5.000ns period=10.000ns})
  Destination:            bd_0_i/hls_inst/inst/in_buf_14_U/ram_reg/ADDRARDADDR[8]
                            (rising edge-triggered cell RAMB18E1 clocked by ap_clk  {rise@0.000ns fall@5.000ns period=10.000ns})
  Path Group:             ap_clk
  Path Type:              Setup (Max at Slow Process Corner)
  Requirement:            10.000ns  (ap_clk rise@10.000ns - ap_clk rise@0.000ns)
  Data Path Delay:        5.457ns  (logic 3.482ns (63.809%)  route 1.975ns (36.191%))
  Logic Levels:           6  (CARRY4=2 LUT2=1 LUT6=3)
  Clock Path Skew:        -0.027ns (DCD - SCD + CPR)
    Destination Clock Delay (DCD):    0.510ns = ( 10.510 - 10.000 ) 
    Source Clock Delay      (SCD):    0.537ns
    Clock Pessimism Removal (CPR):    0.000ns
  Clock Uncertainty:      0.035ns  ((TSJ^2 + TIJ^2)^1/2 + DJ) / 2 + PE
    Total System Jitter     (TSJ):    0.071ns
    Total Input Jitter      (TIJ):    0.000ns
    Discrete Jitter          (DJ):    0.000ns
    Phase Error              (PE):    0.000ns

    Location             Delay type                Incr(ns)  Path(ns)    Netlist Resource(s)
  -------------------------------------------------------------------    -------------------
                         (clock ap_clk rise edge)     0.000     0.000 r  
                                                      0.000     0.000 r  ap_clk (IN)
                         net (fo=10014, unset)        0.537     0.537    bd_0_i/hls_inst/inst/grp_conv0_qat_fu_683/mul_6ns_8ns_13_1_1_U80/ap_clk
                         DSP48E1                                      r  bd_0_i/hls_inst/inst/grp_conv0_qat_fu_683/mul_6ns_8ns_13_1_1_U80/tmp_product/CLK
  -------------------------------------------------------------------    -------------------
                         DSP48E1 (Prop_dsp48e1_CLK_P[9])
                                                      2.860     3.397 r  bd_0_i/hls_inst/inst/grp_conv0_qat_fu_683/mul_6ns_8ns_13_1_1_U80/tmp_product/P[9]
                         net (fo=5, unplaced)         0.419     3.816    bd_0_i/hls_inst/inst/grp_conv0_qat_fu_683/mul_7s_5ns_7_1_1_U78/P[1]
                         LUT2 (Prop_lut2_I1_O)        0.043     3.859 r  bd_0_i/hls_inst/inst/grp_conv0_qat_fu_683/mul_7s_5ns_7_1_1_U78/ram_reg_i_153__1/O
                         net (fo=1, unplaced)         0.000     3.859    bd_0_i/hls_inst/inst/grp_conv0_qat_fu_683/mul_7s_5ns_7_1_1_U78/ram_reg_i_153__1_n_0
                         CARRY4 (Prop_carry4_S[1]_CO[3])
                                                      0.256     4.115 r  bd_0_i/hls_inst/inst/grp_conv0_qat_fu_683/mul_7s_5ns_7_1_1_U78/ram_reg_i_107__3/CO[3]
                         net (fo=1, unplaced)         0.007     4.122    bd_0_i/hls_inst/inst/grp_conv0_qat_fu_683/mul_7s_5ns_7_1_1_U78/ram_reg_i_107__3_n_0
                         CARRY4 (Prop_carry4_CI_O[0])
                                                      0.114     4.236 r  bd_0_i/hls_inst/inst/grp_conv0_qat_fu_683/mul_7s_5ns_7_1_1_U78/ram_reg_i_99__3/O[0]
                         net (fo=3, unplaced)         0.434     4.670    bd_0_i/hls_inst/inst/grp_conv0_qat_fu_683/mul_7s_5ns_7_1_1_U78/data6[4]
                         LUT6 (Prop_lut6_I1_O)        0.123     4.793 f  bd_0_i/hls_inst/inst/grp_conv0_qat_fu_683/mul_7s_5ns_7_1_1_U78/ram_reg_i_40__4/O
                         net (fo=3, unplaced)         0.425     5.218    bd_0_i/hls_inst/inst/grp_conv0_qat_fu_683/mul_7s_5ns_7_1_1_U78/ram_reg_i_40__4_n_0
                         LUT6 (Prop_lut6_I0_O)        0.043     5.261 r  bd_0_i/hls_inst/inst/grp_conv0_qat_fu_683/mul_7s_5ns_7_1_1_U78/ram_reg_i_13__8/O
                         net (fo=1, unplaced)         0.270     5.531    bd_0_i/hls_inst/inst/grp_conv0_qat_fu_683/mul_5ns_5ns_7_1_1_U77/ram_reg_44
                         LUT6 (Prop_lut6_I3_O)        0.043     5.574 r  bd_0_i/hls_inst/inst/grp_conv0_qat_fu_683/mul_5ns_5ns_7_1_1_U77/ram_reg_i_4__33/O
                         net (fo=3, unplaced)         0.419     5.994    bd_0_i/hls_inst/inst/in_buf_14_U/ram_reg_1[4]
                         RAMB18E1                                     r  bd_0_i/hls_inst/inst/in_buf_14_U/ram_reg/ADDRARDADDR[8]
  -------------------------------------------------------------------    -------------------

                         (clock ap_clk rise edge)    10.000    10.000 r  
                                                      0.000    10.000 r  ap_clk (IN)
                         net (fo=10014, unset)        0.510    10.510    bd_0_i/hls_inst/inst/in_buf_14_U/ap_clk
                         RAMB18E1                                     r  bd_0_i/hls_inst/inst/in_buf_14_U/ram_reg/CLKARDCLK
                         clock pessimism              0.000    10.510    
                         clock uncertainty           -0.035    10.475    
                         RAMB18E1 (Setup_ramb18e1_CLKARDCLK_ADDRARDADDR[8])
                                                     -0.416    10.059    bd_0_i/hls_inst/inst/in_buf_14_U/ram_reg
  -------------------------------------------------------------------
                         required time                         10.059    
                         arrival time                          -5.994    
  -------------------------------------------------------------------
                         slack                                  4.065    

Slack (MET) :             4.065ns  (required time - arrival time)
  Source:                 bd_0_i/hls_inst/inst/grp_conv0_qat_fu_683/mul_6ns_8ns_13_1_1_U80/tmp_product/CLK
                            (rising edge-triggered cell DSP48E1 clocked by ap_clk  {rise@0.000ns fall@5.000ns period=10.000ns})
  Destination:            bd_0_i/hls_inst/inst/in_buf_17_U/ram_reg/ADDRARDADDR[8]
                            (rising edge-triggered cell RAMB18E1 clocked by ap_clk  {rise@0.000ns fall@5.000ns period=10.000ns})
  Path Group:             ap_clk
  Path Type:              Setup (Max at Slow Process Corner)
  Requirement:            10.000ns  (ap_clk rise@10.000ns - ap_clk rise@0.000ns)
  Data Path Delay:        5.457ns  (logic 3.482ns (63.809%)  route 1.975ns (36.191%))
  Logic Levels:           6  (CARRY4=2 LUT2=1 LUT6=3)
  Clock Path Skew:        -0.027ns (DCD - SCD + CPR)
    Destination Clock Delay (DCD):    0.510ns = ( 10.510 - 10.000 ) 
    Source Clock Delay      (SCD):    0.537ns
    Clock Pessimism Removal (CPR):    0.000ns
  Clock Uncertainty:      0.035ns  ((TSJ^2 + TIJ^2)^1/2 + DJ) / 2 + PE
    Total System Jitter     (TSJ):    0.071ns
    Total Input Jitter      (TIJ):    0.000ns
    Discrete Jitter          (DJ):    0.000ns
    Phase Error              (PE):    0.000ns

    Location             Delay type                Incr(ns)  Path(ns)    Netlist Resource(s)
  -------------------------------------------------------------------    -------------------
                         (clock ap_clk rise edge)     0.000     0.000 r  
                                                      0.000     0.000 r  ap_clk (IN)
                         net (fo=10014, unset)        0.537     0.537    bd_0_i/hls_inst/inst/grp_conv0_qat_fu_683/mul_6ns_8ns_13_1_1_U80/ap_clk
                         DSP48E1                                      r  bd_0_i/hls_inst/inst/grp_conv0_qat_fu_683/mul_6ns_8ns_13_1_1_U80/tmp_product/CLK
  -------------------------------------------------------------------    -------------------
                         DSP48E1 (Prop_dsp48e1_CLK_P[9])
                                                      2.860     3.397 r  bd_0_i/hls_inst/inst/grp_conv0_qat_fu_683/mul_6ns_8ns_13_1_1_U80/tmp_product/P[9]
                         net (fo=5, unplaced)         0.419     3.816    bd_0_i/hls_inst/inst/grp_conv0_qat_fu_683/mul_7s_5ns_7_1_1_U78/P[1]
                         LUT2 (Prop_lut2_I1_O)        0.043     3.859 r  bd_0_i/hls_inst/inst/grp_conv0_qat_fu_683/mul_7s_5ns_7_1_1_U78/ram_reg_i_153__1/O
                         net (fo=1, unplaced)         0.000     3.859    bd_0_i/hls_inst/inst/grp_conv0_qat_fu_683/mul_7s_5ns_7_1_1_U78/ram_reg_i_153__1_n_0
                         CARRY4 (Prop_carry4_S[1]_CO[3])
                                                      0.256     4.115 r  bd_0_i/hls_inst/inst/grp_conv0_qat_fu_683/mul_7s_5ns_7_1_1_U78/ram_reg_i_107__3/CO[3]
                         net (fo=1, unplaced)         0.007     4.122    bd_0_i/hls_inst/inst/grp_conv0_qat_fu_683/mul_7s_5ns_7_1_1_U78/ram_reg_i_107__3_n_0
                         CARRY4 (Prop_carry4_CI_O[0])
                                                      0.114     4.236 r  bd_0_i/hls_inst/inst/grp_conv0_qat_fu_683/mul_7s_5ns_7_1_1_U78/ram_reg_i_99__3/O[0]
                         net (fo=3, unplaced)         0.434     4.670    bd_0_i/hls_inst/inst/grp_conv0_qat_fu_683/mul_7s_5ns_7_1_1_U78/data6[4]
                         LUT6 (Prop_lut6_I1_O)        0.123     4.793 f  bd_0_i/hls_inst/inst/grp_conv0_qat_fu_683/mul_7s_5ns_7_1_1_U78/ram_reg_i_40__4/O
                         net (fo=3, unplaced)         0.425     5.218    bd_0_i/hls_inst/inst/grp_conv0_qat_fu_683/mul_7s_5ns_7_1_1_U78/ram_reg_i_40__4_n_0
                         LUT6 (Prop_lut6_I0_O)        0.043     5.261 r  bd_0_i/hls_inst/inst/grp_conv0_qat_fu_683/mul_7s_5ns_7_1_1_U78/ram_reg_i_14__6/O
                         net (fo=1, unplaced)         0.270     5.531    bd_0_i/hls_inst/inst/grp_conv0_qat_fu_683/mul_5ns_5ns_7_1_1_U77/ram_reg_36
                         LUT6 (Prop_lut6_I3_O)        0.043     5.574 r  bd_0_i/hls_inst/inst/grp_conv0_qat_fu_683/mul_5ns_5ns_7_1_1_U77/ram_reg_i_4__31/O
                         net (fo=3, unplaced)         0.419     5.994    bd_0_i/hls_inst/inst/in_buf_17_U/ram_reg_1[4]
                         RAMB18E1                                     r  bd_0_i/hls_inst/inst/in_buf_17_U/ram_reg/ADDRARDADDR[8]
  -------------------------------------------------------------------    -------------------

                         (clock ap_clk rise edge)    10.000    10.000 r  
                                                      0.000    10.000 r  ap_clk (IN)
                         net (fo=10014, unset)        0.510    10.510    bd_0_i/hls_inst/inst/in_buf_17_U/ap_clk
                         RAMB18E1                                     r  bd_0_i/hls_inst/inst/in_buf_17_U/ram_reg/CLKARDCLK
                         clock pessimism              0.000    10.510    
                         clock uncertainty           -0.035    10.475    
                         RAMB18E1 (Setup_ramb18e1_CLKARDCLK_ADDRARDADDR[8])
                                                     -0.416    10.059    bd_0_i/hls_inst/inst/in_buf_17_U/ram_reg
  -------------------------------------------------------------------
                         required time                         10.059    
                         arrival time                          -5.994    
  -------------------------------------------------------------------
                         slack                                  4.065    

Slack (MET) :             4.065ns  (required time - arrival time)
  Source:                 bd_0_i/hls_inst/inst/grp_conv0_qat_fu_683/mul_6ns_8ns_13_1_1_U80/tmp_product/CLK
                            (rising edge-triggered cell DSP48E1 clocked by ap_clk  {rise@0.000ns fall@5.000ns period=10.000ns})
  Destination:            bd_0_i/hls_inst/inst/in_buf_20_U/ram_reg/ADDRARDADDR[8]
                            (rising edge-triggered cell RAMB18E1 clocked by ap_clk  {rise@0.000ns fall@5.000ns period=10.000ns})
  Path Group:             ap_clk
  Path Type:              Setup (Max at Slow Process Corner)
  Requirement:            10.000ns  (ap_clk rise@10.000ns - ap_clk rise@0.000ns)
  Data Path Delay:        5.457ns  (logic 3.482ns (63.809%)  route 1.975ns (36.191%))
  Logic Levels:           6  (CARRY4=2 LUT2=1 LUT6=3)
  Clock Path Skew:        -0.027ns (DCD - SCD + CPR)
    Destination Clock Delay (DCD):    0.510ns = ( 10.510 - 10.000 ) 
    Source Clock Delay      (SCD):    0.537ns
    Clock Pessimism Removal (CPR):    0.000ns
  Clock Uncertainty:      0.035ns  ((TSJ^2 + TIJ^2)^1/2 + DJ) / 2 + PE
    Total System Jitter     (TSJ):    0.071ns
    Total Input Jitter      (TIJ):    0.000ns
    Discrete Jitter          (DJ):    0.000ns
    Phase Error              (PE):    0.000ns

    Location             Delay type                Incr(ns)  Path(ns)    Netlist Resource(s)
  -------------------------------------------------------------------    -------------------
                         (clock ap_clk rise edge)     0.000     0.000 r  
                                                      0.000     0.000 r  ap_clk (IN)
                         net (fo=10014, unset)        0.537     0.537    bd_0_i/hls_inst/inst/grp_conv0_qat_fu_683/mul_6ns_8ns_13_1_1_U80/ap_clk
                         DSP48E1                                      r  bd_0_i/hls_inst/inst/grp_conv0_qat_fu_683/mul_6ns_8ns_13_1_1_U80/tmp_product/CLK
  -------------------------------------------------------------------    -------------------
                         DSP48E1 (Prop_dsp48e1_CLK_P[9])
                                                      2.860     3.397 r  bd_0_i/hls_inst/inst/grp_conv0_qat_fu_683/mul_6ns_8ns_13_1_1_U80/tmp_product/P[9]
                         net (fo=5, unplaced)         0.419     3.816    bd_0_i/hls_inst/inst/grp_conv0_qat_fu_683/mul_7s_5ns_7_1_1_U78/P[1]
                         LUT2 (Prop_lut2_I1_O)        0.043     3.859 r  bd_0_i/hls_inst/inst/grp_conv0_qat_fu_683/mul_7s_5ns_7_1_1_U78/ram_reg_i_153__1/O
                         net (fo=1, unplaced)         0.000     3.859    bd_0_i/hls_inst/inst/grp_conv0_qat_fu_683/mul_7s_5ns_7_1_1_U78/ram_reg_i_153__1_n_0
                         CARRY4 (Prop_carry4_S[1]_CO[3])
                                                      0.256     4.115 r  bd_0_i/hls_inst/inst/grp_conv0_qat_fu_683/mul_7s_5ns_7_1_1_U78/ram_reg_i_107__3/CO[3]
                         net (fo=1, unplaced)         0.007     4.122    bd_0_i/hls_inst/inst/grp_conv0_qat_fu_683/mul_7s_5ns_7_1_1_U78/ram_reg_i_107__3_n_0
                         CARRY4 (Prop_carry4_CI_O[0])
                                                      0.114     4.236 r  bd_0_i/hls_inst/inst/grp_conv0_qat_fu_683/mul_7s_5ns_7_1_1_U78/ram_reg_i_99__3/O[0]
                         net (fo=3, unplaced)         0.434     4.670    bd_0_i/hls_inst/inst/grp_conv0_qat_fu_683/mul_7s_5ns_7_1_1_U78/data6[4]
                         LUT6 (Prop_lut6_I1_O)        0.123     4.793 f  bd_0_i/hls_inst/inst/grp_conv0_qat_fu_683/mul_7s_5ns_7_1_1_U78/ram_reg_i_40__4/O
                         net (fo=3, unplaced)         0.425     5.218    bd_0_i/hls_inst/inst/grp_conv0_qat_fu_683/mul_7s_5ns_7_1_1_U78/ram_reg_i_40__4_n_0
                         LUT6 (Prop_lut6_I0_O)        0.043     5.261 r  bd_0_i/hls_inst/inst/grp_conv0_qat_fu_683/mul_7s_5ns_7_1_1_U78/ram_reg_i_17__11/O
                         net (fo=1, unplaced)         0.270     5.531    bd_0_i/hls_inst/inst/grp_conv0_qat_fu_683/mul_5ns_5ns_7_1_1_U77/ram_reg_51
                         LUT6 (Prop_lut6_I3_O)        0.043     5.574 r  bd_0_i/hls_inst/inst/grp_conv0_qat_fu_683/mul_5ns_5ns_7_1_1_U77/ram_reg_i_4__35/O
                         net (fo=3, unplaced)         0.419     5.994    bd_0_i/hls_inst/inst/in_buf_20_U/ram_reg_1[4]
                         RAMB18E1                                     r  bd_0_i/hls_inst/inst/in_buf_20_U/ram_reg/ADDRARDADDR[8]
  -------------------------------------------------------------------    -------------------

                         (clock ap_clk rise edge)    10.000    10.000 r  
                                                      0.000    10.000 r  ap_clk (IN)
                         net (fo=10014, unset)        0.510    10.510    bd_0_i/hls_inst/inst/in_buf_20_U/ap_clk
                         RAMB18E1                                     r  bd_0_i/hls_inst/inst/in_buf_20_U/ram_reg/CLKARDCLK
                         clock pessimism              0.000    10.510    
                         clock uncertainty           -0.035    10.475    
                         RAMB18E1 (Setup_ramb18e1_CLKARDCLK_ADDRARDADDR[8])
                                                     -0.416    10.059    bd_0_i/hls_inst/inst/in_buf_20_U/ram_reg
  -------------------------------------------------------------------
                         required time                         10.059    
                         arrival time                          -5.994    
  -------------------------------------------------------------------
                         slack                                  4.065    

Slack (MET) :             4.065ns  (required time - arrival time)
  Source:                 bd_0_i/hls_inst/inst/grp_conv0_qat_fu_683/mul_6ns_8ns_13_1_1_U80/tmp_product/CLK
                            (rising edge-triggered cell DSP48E1 clocked by ap_clk  {rise@0.000ns fall@5.000ns period=10.000ns})
  Destination:            bd_0_i/hls_inst/inst/in_buf_23_U/ram_reg/ADDRARDADDR[8]
                            (rising edge-triggered cell RAMB18E1 clocked by ap_clk  {rise@0.000ns fall@5.000ns period=10.000ns})
  Path Group:             ap_clk
  Path Type:              Setup (Max at Slow Process Corner)
  Requirement:            10.000ns  (ap_clk rise@10.000ns - ap_clk rise@0.000ns)
  Data Path Delay:        5.457ns  (logic 3.482ns (63.809%)  route 1.975ns (36.191%))
  Logic Levels:           6  (CARRY4=2 LUT2=1 LUT6=3)
  Clock Path Skew:        -0.027ns (DCD - SCD + CPR)
    Destination Clock Delay (DCD):    0.510ns = ( 10.510 - 10.000 ) 
    Source Clock Delay      (SCD):    0.537ns
    Clock Pessimism Removal (CPR):    0.000ns
  Clock Uncertainty:      0.035ns  ((TSJ^2 + TIJ^2)^1/2 + DJ) / 2 + PE
    Total System Jitter     (TSJ):    0.071ns
    Total Input Jitter      (TIJ):    0.000ns
    Discrete Jitter          (DJ):    0.000ns
    Phase Error              (PE):    0.000ns

    Location             Delay type                Incr(ns)  Path(ns)    Netlist Resource(s)
  -------------------------------------------------------------------    -------------------
                         (clock ap_clk rise edge)     0.000     0.000 r  
                                                      0.000     0.000 r  ap_clk (IN)
                         net (fo=10014, unset)        0.537     0.537    bd_0_i/hls_inst/inst/grp_conv0_qat_fu_683/mul_6ns_8ns_13_1_1_U80/ap_clk
                         DSP48E1                                      r  bd_0_i/hls_inst/inst/grp_conv0_qat_fu_683/mul_6ns_8ns_13_1_1_U80/tmp_product/CLK
  -------------------------------------------------------------------    -------------------
                         DSP48E1 (Prop_dsp48e1_CLK_P[9])
                                                      2.860     3.397 r  bd_0_i/hls_inst/inst/grp_conv0_qat_fu_683/mul_6ns_8ns_13_1_1_U80/tmp_product/P[9]
                         net (fo=5, unplaced)         0.419     3.816    bd_0_i/hls_inst/inst/grp_conv0_qat_fu_683/mul_7s_5ns_7_1_1_U78/P[1]
                         LUT2 (Prop_lut2_I1_O)        0.043     3.859 r  bd_0_i/hls_inst/inst/grp_conv0_qat_fu_683/mul_7s_5ns_7_1_1_U78/ram_reg_i_153__1/O
                         net (fo=1, unplaced)         0.000     3.859    bd_0_i/hls_inst/inst/grp_conv0_qat_fu_683/mul_7s_5ns_7_1_1_U78/ram_reg_i_153__1_n_0
                         CARRY4 (Prop_carry4_S[1]_CO[3])
                                                      0.256     4.115 r  bd_0_i/hls_inst/inst/grp_conv0_qat_fu_683/mul_7s_5ns_7_1_1_U78/ram_reg_i_107__3/CO[3]
                         net (fo=1, unplaced)         0.007     4.122    bd_0_i/hls_inst/inst/grp_conv0_qat_fu_683/mul_7s_5ns_7_1_1_U78/ram_reg_i_107__3_n_0
                         CARRY4 (Prop_carry4_CI_O[0])
                                                      0.114     4.236 r  bd_0_i/hls_inst/inst/grp_conv0_qat_fu_683/mul_7s_5ns_7_1_1_U78/ram_reg_i_99__3/O[0]
                         net (fo=3, unplaced)         0.434     4.670    bd_0_i/hls_inst/inst/grp_conv0_qat_fu_683/mul_7s_5ns_7_1_1_U78/data6[4]
                         LUT6 (Prop_lut6_I1_O)        0.123     4.793 f  bd_0_i/hls_inst/inst/grp_conv0_qat_fu_683/mul_7s_5ns_7_1_1_U78/ram_reg_i_40__4/O
                         net (fo=3, unplaced)         0.425     5.218    bd_0_i/hls_inst/inst/grp_conv0_qat_fu_683/mul_7s_5ns_7_1_1_U78/ram_reg_i_40__4_n_0
                         LUT6 (Prop_lut6_I0_O)        0.043     5.261 r  bd_0_i/hls_inst/inst/grp_conv0_qat_fu_683/mul_7s_5ns_7_1_1_U78/ram_reg_i_13__8/O
                         net (fo=1, unplaced)         0.270     5.531    bd_0_i/hls_inst/inst/grp_conv0_qat_fu_683/mul_5ns_5ns_7_1_1_U77/ram_reg_44
                         LUT6 (Prop_lut6_I3_O)        0.043     5.574 r  bd_0_i/hls_inst/inst/grp_conv0_qat_fu_683/mul_5ns_5ns_7_1_1_U77/ram_reg_i_4__33/O
                         net (fo=3, unplaced)         0.419     5.994    bd_0_i/hls_inst/inst/in_buf_23_U/ram_reg_1[4]
                         RAMB18E1                                     r  bd_0_i/hls_inst/inst/in_buf_23_U/ram_reg/ADDRARDADDR[8]
  -------------------------------------------------------------------    -------------------

                         (clock ap_clk rise edge)    10.000    10.000 r  
                                                      0.000    10.000 r  ap_clk (IN)
                         net (fo=10014, unset)        0.510    10.510    bd_0_i/hls_inst/inst/in_buf_23_U/ap_clk
                         RAMB18E1                                     r  bd_0_i/hls_inst/inst/in_buf_23_U/ram_reg/CLKARDCLK
                         clock pessimism              0.000    10.510    
                         clock uncertainty           -0.035    10.475    
                         RAMB18E1 (Setup_ramb18e1_CLKARDCLK_ADDRARDADDR[8])
                                                     -0.416    10.059    bd_0_i/hls_inst/inst/in_buf_23_U/ram_reg
  -------------------------------------------------------------------
                         required time                         10.059    
                         arrival time                          -5.994    
  -------------------------------------------------------------------
                         slack                                  4.065    

Slack (MET) :             4.065ns  (required time - arrival time)
  Source:                 bd_0_i/hls_inst/inst/grp_conv0_qat_fu_683/mul_6ns_8ns_13_1_1_U80/tmp_product/CLK
                            (rising edge-triggered cell DSP48E1 clocked by ap_clk  {rise@0.000ns fall@5.000ns period=10.000ns})
  Destination:            bd_0_i/hls_inst/inst/in_buf_26_U/ram_reg/ADDRARDADDR[8]
                            (rising edge-triggered cell RAMB18E1 clocked by ap_clk  {rise@0.000ns fall@5.000ns period=10.000ns})
  Path Group:             ap_clk
  Path Type:              Setup (Max at Slow Process Corner)
  Requirement:            10.000ns  (ap_clk rise@10.000ns - ap_clk rise@0.000ns)
  Data Path Delay:        5.457ns  (logic 3.482ns (63.809%)  route 1.975ns (36.191%))
  Logic Levels:           6  (CARRY4=2 LUT2=1 LUT6=3)
  Clock Path Skew:        -0.027ns (DCD - SCD + CPR)
    Destination Clock Delay (DCD):    0.510ns = ( 10.510 - 10.000 ) 
    Source Clock Delay      (SCD):    0.537ns
    Clock Pessimism Removal (CPR):    0.000ns
  Clock Uncertainty:      0.035ns  ((TSJ^2 + TIJ^2)^1/2 + DJ) / 2 + PE
    Total System Jitter     (TSJ):    0.071ns
    Total Input Jitter      (TIJ):    0.000ns
    Discrete Jitter          (DJ):    0.000ns
    Phase Error              (PE):    0.000ns

    Location             Delay type                Incr(ns)  Path(ns)    Netlist Resource(s)
  -------------------------------------------------------------------    -------------------
                         (clock ap_clk rise edge)     0.000     0.000 r  
                                                      0.000     0.000 r  ap_clk (IN)
                         net (fo=10014, unset)        0.537     0.537    bd_0_i/hls_inst/inst/grp_conv0_qat_fu_683/mul_6ns_8ns_13_1_1_U80/ap_clk
                         DSP48E1                                      r  bd_0_i/hls_inst/inst/grp_conv0_qat_fu_683/mul_6ns_8ns_13_1_1_U80/tmp_product/CLK
  -------------------------------------------------------------------    -------------------
                         DSP48E1 (Prop_dsp48e1_CLK_P[9])
                                                      2.860     3.397 r  bd_0_i/hls_inst/inst/grp_conv0_qat_fu_683/mul_6ns_8ns_13_1_1_U80/tmp_product/P[9]
                         net (fo=5, unplaced)         0.419     3.816    bd_0_i/hls_inst/inst/grp_conv0_qat_fu_683/mul_7s_5ns_7_1_1_U78/P[1]
                         LUT2 (Prop_lut2_I1_O)        0.043     3.859 r  bd_0_i/hls_inst/inst/grp_conv0_qat_fu_683/mul_7s_5ns_7_1_1_U78/ram_reg_i_153__1/O
                         net (fo=1, unplaced)         0.000     3.859    bd_0_i/hls_inst/inst/grp_conv0_qat_fu_683/mul_7s_5ns_7_1_1_U78/ram_reg_i_153__1_n_0
                         CARRY4 (Prop_carry4_S[1]_CO[3])
                                                      0.256     4.115 r  bd_0_i/hls_inst/inst/grp_conv0_qat_fu_683/mul_7s_5ns_7_1_1_U78/ram_reg_i_107__3/CO[3]
                         net (fo=1, unplaced)         0.007     4.122    bd_0_i/hls_inst/inst/grp_conv0_qat_fu_683/mul_7s_5ns_7_1_1_U78/ram_reg_i_107__3_n_0
                         CARRY4 (Prop_carry4_CI_O[0])
                                                      0.114     4.236 r  bd_0_i/hls_inst/inst/grp_conv0_qat_fu_683/mul_7s_5ns_7_1_1_U78/ram_reg_i_99__3/O[0]
                         net (fo=3, unplaced)         0.434     4.670    bd_0_i/hls_inst/inst/grp_conv0_qat_fu_683/mul_7s_5ns_7_1_1_U78/data6[4]
                         LUT6 (Prop_lut6_I1_O)        0.123     4.793 f  bd_0_i/hls_inst/inst/grp_conv0_qat_fu_683/mul_7s_5ns_7_1_1_U78/ram_reg_i_40__4/O
                         net (fo=3, unplaced)         0.425     5.218    bd_0_i/hls_inst/inst/grp_conv0_qat_fu_683/mul_7s_5ns_7_1_1_U78/ram_reg_i_40__4_n_0
                         LUT6 (Prop_lut6_I0_O)        0.043     5.261 r  bd_0_i/hls_inst/inst/grp_conv0_qat_fu_683/mul_7s_5ns_7_1_1_U78/ram_reg_i_14__6/O
                         net (fo=1, unplaced)         0.270     5.531    bd_0_i/hls_inst/inst/grp_conv0_qat_fu_683/mul_5ns_5ns_7_1_1_U77/ram_reg_36
                         LUT6 (Prop_lut6_I3_O)        0.043     5.574 r  bd_0_i/hls_inst/inst/grp_conv0_qat_fu_683/mul_5ns_5ns_7_1_1_U77/ram_reg_i_4__31/O
                         net (fo=3, unplaced)         0.419     5.994    bd_0_i/hls_inst/inst/in_buf_26_U/ram_reg_1[4]
                         RAMB18E1                                     r  bd_0_i/hls_inst/inst/in_buf_26_U/ram_reg/ADDRARDADDR[8]
  -------------------------------------------------------------------    -------------------

                         (clock ap_clk rise edge)    10.000    10.000 r  
                                                      0.000    10.000 r  ap_clk (IN)
                         net (fo=10014, unset)        0.510    10.510    bd_0_i/hls_inst/inst/in_buf_26_U/ap_clk
                         RAMB18E1                                     r  bd_0_i/hls_inst/inst/in_buf_26_U/ram_reg/CLKARDCLK
                         clock pessimism              0.000    10.510    
                         clock uncertainty           -0.035    10.475    
                         RAMB18E1 (Setup_ramb18e1_CLKARDCLK_ADDRARDADDR[8])
                                                     -0.416    10.059    bd_0_i/hls_inst/inst/in_buf_26_U/ram_reg
  -------------------------------------------------------------------
                         required time                         10.059    
                         arrival time                          -5.994    
  -------------------------------------------------------------------
                         slack                                  4.065    

Slack (MET) :             4.065ns  (required time - arrival time)
  Source:                 bd_0_i/hls_inst/inst/grp_conv0_qat_fu_683/mul_6ns_8ns_13_1_1_U80/tmp_product/CLK
                            (rising edge-triggered cell DSP48E1 clocked by ap_clk  {rise@0.000ns fall@5.000ns period=10.000ns})
  Destination:            bd_0_i/hls_inst/inst/in_buf_2_U/ram_reg/ADDRARDADDR[8]
                            (rising edge-triggered cell RAMB18E1 clocked by ap_clk  {rise@0.000ns fall@5.000ns period=10.000ns})
  Path Group:             ap_clk
  Path Type:              Setup (Max at Slow Process Corner)
  Requirement:            10.000ns  (ap_clk rise@10.000ns - ap_clk rise@0.000ns)
  Data Path Delay:        5.457ns  (logic 3.482ns (63.809%)  route 1.975ns (36.191%))
  Logic Levels:           6  (CARRY4=2 LUT2=1 LUT6=3)
  Clock Path Skew:        -0.027ns (DCD - SCD + CPR)
    Destination Clock Delay (DCD):    0.510ns = ( 10.510 - 10.000 ) 
    Source Clock Delay      (SCD):    0.537ns
    Clock Pessimism Removal (CPR):    0.000ns
  Clock Uncertainty:      0.035ns  ((TSJ^2 + TIJ^2)^1/2 + DJ) / 2 + PE
    Total System Jitter     (TSJ):    0.071ns
    Total Input Jitter      (TIJ):    0.000ns
    Discrete Jitter          (DJ):    0.000ns
    Phase Error              (PE):    0.000ns

    Location             Delay type                Incr(ns)  Path(ns)    Netlist Resource(s)
  -------------------------------------------------------------------    -------------------
                         (clock ap_clk rise edge)     0.000     0.000 r  
                                                      0.000     0.000 r  ap_clk (IN)
                         net (fo=10014, unset)        0.537     0.537    bd_0_i/hls_inst/inst/grp_conv0_qat_fu_683/mul_6ns_8ns_13_1_1_U80/ap_clk
                         DSP48E1                                      r  bd_0_i/hls_inst/inst/grp_conv0_qat_fu_683/mul_6ns_8ns_13_1_1_U80/tmp_product/CLK
  -------------------------------------------------------------------    -------------------
                         DSP48E1 (Prop_dsp48e1_CLK_P[9])
                                                      2.860     3.397 r  bd_0_i/hls_inst/inst/grp_conv0_qat_fu_683/mul_6ns_8ns_13_1_1_U80/tmp_product/P[9]
                         net (fo=5, unplaced)         0.419     3.816    bd_0_i/hls_inst/inst/grp_conv0_qat_fu_683/mul_7s_5ns_7_1_1_U78/P[1]
                         LUT2 (Prop_lut2_I1_O)        0.043     3.859 r  bd_0_i/hls_inst/inst/grp_conv0_qat_fu_683/mul_7s_5ns_7_1_1_U78/ram_reg_i_153__1/O
                         net (fo=1, unplaced)         0.000     3.859    bd_0_i/hls_inst/inst/grp_conv0_qat_fu_683/mul_7s_5ns_7_1_1_U78/ram_reg_i_153__1_n_0
                         CARRY4 (Prop_carry4_S[1]_CO[3])
                                                      0.256     4.115 r  bd_0_i/hls_inst/inst/grp_conv0_qat_fu_683/mul_7s_5ns_7_1_1_U78/ram_reg_i_107__3/CO[3]
                         net (fo=1, unplaced)         0.007     4.122    bd_0_i/hls_inst/inst/grp_conv0_qat_fu_683/mul_7s_5ns_7_1_1_U78/ram_reg_i_107__3_n_0
                         CARRY4 (Prop_carry4_CI_O[0])
                                                      0.114     4.236 r  bd_0_i/hls_inst/inst/grp_conv0_qat_fu_683/mul_7s_5ns_7_1_1_U78/ram_reg_i_99__3/O[0]
                         net (fo=3, unplaced)         0.434     4.670    bd_0_i/hls_inst/inst/grp_conv0_qat_fu_683/mul_7s_5ns_7_1_1_U78/data6[4]
                         LUT6 (Prop_lut6_I1_O)        0.123     4.793 f  bd_0_i/hls_inst/inst/grp_conv0_qat_fu_683/mul_7s_5ns_7_1_1_U78/ram_reg_i_40__4/O
                         net (fo=3, unplaced)         0.425     5.218    bd_0_i/hls_inst/inst/grp_conv0_qat_fu_683/mul_7s_5ns_7_1_1_U78/ram_reg_i_40__4_n_0
                         LUT6 (Prop_lut6_I0_O)        0.043     5.261 r  bd_0_i/hls_inst/inst/grp_conv0_qat_fu_683/mul_7s_5ns_7_1_1_U78/ram_reg_i_17__11/O
                         net (fo=1, unplaced)         0.270     5.531    bd_0_i/hls_inst/inst/grp_conv0_qat_fu_683/mul_5ns_5ns_7_1_1_U77/ram_reg_51
                         LUT6 (Prop_lut6_I3_O)        0.043     5.574 r  bd_0_i/hls_inst/inst/grp_conv0_qat_fu_683/mul_5ns_5ns_7_1_1_U77/ram_reg_i_4__35/O
                         net (fo=3, unplaced)         0.419     5.994    bd_0_i/hls_inst/inst/in_buf_2_U/ram_reg_1[4]
                         RAMB18E1                                     r  bd_0_i/hls_inst/inst/in_buf_2_U/ram_reg/ADDRARDADDR[8]
  -------------------------------------------------------------------    -------------------

                         (clock ap_clk rise edge)    10.000    10.000 r  
                                                      0.000    10.000 r  ap_clk (IN)
                         net (fo=10014, unset)        0.510    10.510    bd_0_i/hls_inst/inst/in_buf_2_U/ap_clk
                         RAMB18E1                                     r  bd_0_i/hls_inst/inst/in_buf_2_U/ram_reg/CLKARDCLK
                         clock pessimism              0.000    10.510    
                         clock uncertainty           -0.035    10.475    
                         RAMB18E1 (Setup_ramb18e1_CLKARDCLK_ADDRARDADDR[8])
                                                     -0.416    10.059    bd_0_i/hls_inst/inst/in_buf_2_U/ram_reg
  -------------------------------------------------------------------
                         required time                         10.059    
                         arrival time                          -5.994    
  -------------------------------------------------------------------
                         slack                                  4.065    




