Copyright 1986-2022 Xilinx, Inc. All Rights Reserved. Copyright 2022-2025 Advanced Micro Devices, Inc. All Rights Reserved.
---------------------------------------------------------------------------------------------------------------------------------------------
| Tool Version : Vivado v.2025.2 (lin64) Build 6299465 Fri Nov 14 12:34:56 MST 2025
| Date         : Sat Jun 27 11:20:21 2026
| Host         : NhanEnten running 64-bit Ubuntu 24.04.4 LTS
| Command      : report_timing_summary -file ./report/mobilenet_v1_qat_timing_routed.rpt
| Design       : bd_0_wrapper
| Device       : 7z045-ffg900
| Speed File   : -2  PRODUCTION 1.12 2019-11-22
| Design State : Routed
---------------------------------------------------------------------------------------------------------------------------------------------

Timing Summary Report

------------------------------------------------------------------------------------------------
| Timer Settings
| --------------
------------------------------------------------------------------------------------------------

  Enable Multi Corner Analysis               :  Yes
  Enable Pessimism Removal                   :  Yes
  Pessimism Removal Resolution               :  Nearest Common Node
  Enable Input Delay Default Clock           :  No
  Enable Preset / Clear Arcs                 :  No
  Disable Flight Delays                      :  No
  Ignore I/O Paths                           :  No
  Timing Early Launch at Borrowing Latches   :  No
  Borrow Time for Max Delay Exceptions       :  Yes
  Merge Timing Exceptions                    :  Yes
  Inter-SLR Compensation                     :  Conservative

  Corner  Analyze    Analyze    
  Name    Max Paths  Min Paths  
  ------  ---------  ---------  
  Slow    Yes        Yes        
  Fast    Yes        Yes        


------------------------------------------------------------------------------------------------
| Report Methodology
| ------------------
------------------------------------------------------------------------------------------------

Rule       Severity  Description                    Violations  
---------  --------  -----------------------------  ----------  
TIMING-18  Warning   Missing input or output delay  316         

Note: This report is based on the most recent report_methodology run and may not be up-to-date. Run report_methodology on the current design for the latest report.



check_timing report

Table of Contents
-----------------
1. checking no_clock (0)
2. checking constant_clock (0)
3. checking pulse_width_clock (0)
4. checking unconstrained_internal_endpoints (0)
5. checking no_input_delay (90)
6. checking no_output_delay (212)
7. checking multiple_clock (0)
8. checking generated_clocks (0)
9. checking loops (0)
10. checking partial_input_delay (0)
11. checking partial_output_delay (0)
12. checking latch_loops (0)

1. checking no_clock (0)
------------------------
 There are 0 register/latch pins with no clock.


2. checking constant_clock (0)
------------------------------
 There are 0 register/latch pins with constant_clock.


3. checking pulse_width_clock (0)
---------------------------------
 There are 0 register/latch pins which need pulse_width check


4. checking unconstrained_internal_endpoints (0)
------------------------------------------------
 There are 0 pins that are not constrained for maximum delay.

 There are 0 pins that are not constrained for maximum delay due to constant clock.


5. checking no_input_delay (90)
-------------------------------
 There are 90 input ports with no input delay specified. (HIGH)

 There are 0 input ports with no input delay but user has a false path constraint.


6. checking no_output_delay (212)
---------------------------------
 There are 212 ports with no output delay specified. (HIGH)

 There are 0 ports with no output delay but user has a false path constraint

 There are 0 ports with no output delay but with a timing clock defined on it or propagating through it


7. checking multiple_clock (0)
------------------------------
 There are 0 register/latch pins with multiple clocks.


8. checking generated_clocks (0)
--------------------------------
 There are 0 generated clocks that are not connected to a clock source.


9. checking loops (0)
---------------------
 There are 0 combinational loops in the design.


10. checking partial_input_delay (0)
------------------------------------
 There are 0 input ports with partial input delay specified.


11. checking partial_output_delay (0)
-------------------------------------
 There are 0 ports with partial output delay specified.


12. checking latch_loops (0)
----------------------------
 There are 0 combinational latch loops in the design through latch input



------------------------------------------------------------------------------------------------
| Design Timing Summary
| ---------------------
------------------------------------------------------------------------------------------------

    WNS(ns)      TNS(ns)  TNS Failing Endpoints  TNS Total Endpoints      WHS(ns)      THS(ns)  THS Failing Endpoints  THS Total Endpoints     WPWS(ns)     TPWS(ns)  TPWS Failing Endpoints  TPWS Total Endpoints  
    -------      -------  ---------------------  -------------------      -------      -------  ---------------------  -------------------     --------     --------  ----------------------  --------------------  
      1.250        0.000                      0                36802        0.071        0.000                      0                36802        4.232        0.000                       0                  9974  


All user specified timing constraints are met.


------------------------------------------------------------------------------------------------
| Clock Summary
| -------------
------------------------------------------------------------------------------------------------

Clock   Waveform(ns)       Period(ns)      Frequency(MHz)
-----   ------------       ----------      --------------
ap_clk  {0.000 5.000}      10.000          100.000         


------------------------------------------------------------------------------------------------
| Intra Clock Table
| -----------------
------------------------------------------------------------------------------------------------

Clock             WNS(ns)      TNS(ns)  TNS Failing Endpoints  TNS Total Endpoints      WHS(ns)      THS(ns)  THS Failing Endpoints  THS Total Endpoints     WPWS(ns)     TPWS(ns)  TPWS Failing Endpoints  TPWS Total Endpoints  
-----             -------      -------  ---------------------  -------------------      -------      -------  ---------------------  -------------------     --------     --------  ----------------------  --------------------  
ap_clk              1.250        0.000                      0                36802        0.071        0.000                      0                36802        4.232        0.000                       0                  9974  


------------------------------------------------------------------------------------------------
| Inter Clock Table
| -----------------
------------------------------------------------------------------------------------------------

From Clock    To Clock          WNS(ns)      TNS(ns)  TNS Failing Endpoints  TNS Total Endpoints      WHS(ns)      THS(ns)  THS Failing Endpoints  THS Total Endpoints  
----------    --------          -------      -------  ---------------------  -------------------      -------      -------  ---------------------  -------------------  


------------------------------------------------------------------------------------------------
| Other Path Groups Table
| -----------------------
------------------------------------------------------------------------------------------------

Path Group    From Clock    To Clock          WNS(ns)      TNS(ns)  TNS Failing Endpoints  TNS Total Endpoints      WHS(ns)      THS(ns)  THS Failing Endpoints  THS Total Endpoints  
----------    ----------    --------          -------      -------  ---------------------  -------------------      -------      -------  ---------------------  -------------------  


------------------------------------------------------------------------------------------------
| Timing Details
| --------------
------------------------------------------------------------------------------------------------


---------------------------------------------------------------------------------------------------
From Clock:  ap_clk
  To Clock:  ap_clk

Setup :            0  Failing Endpoints,  Worst Slack        1.250ns,  Total Violation        0.000ns
Hold  :            0  Failing Endpoints,  Worst Slack        0.071ns,  Total Violation        0.000ns
PW    :            0  Failing Endpoints,  Worst Slack        4.232ns,  Total Violation        0.000ns
---------------------------------------------------------------------------------------------------


Max Delay Paths
--------------------------------------------------------------------------------------
Slack (MET) :             1.250ns  (required time - arrival time)
  Source:                 bd_0_i/hls_inst/inst/dw3_out_1_U/ram_reg/CLKBWRCLK
                            (rising edge-triggered cell RAMB18E1 clocked by ap_clk  {rise@0.000ns fall@5.000ns period=10.000ns})
  Destination:            bd_0_i/hls_inst/inst/grp_pw3_qat_fu_996/mac_muladd_8s_7ns_15s_16_4_1_U758/mobilenet_v1_qat_mac_muladd_8s_7ns_15s_16_4_1_DSP48_0_U/p_reg_reg/C[22]
                            (rising edge-triggered cell DSP48E1 clocked by ap_clk  {rise@0.000ns fall@5.000ns period=10.000ns})
  Path Group:             ap_clk
  Path Type:              Setup (Max at Slow Process Corner)
  Requirement:            10.000ns  (ap_clk rise@10.000ns - ap_clk rise@0.000ns)
  Data Path Delay:        8.524ns  (logic 4.537ns (53.226%)  route 3.987ns (46.774%))
  Logic Levels:           1  (DSP48E1=1)
  Clock Path Skew:        -0.027ns (DCD - SCD + CPR)
    Destination Clock Delay (DCD):    0.510ns = ( 10.510 - 10.000 ) 
    Source Clock Delay      (SCD):    0.537ns
    Clock Pessimism Removal (CPR):    0.000ns
  Clock Uncertainty:      0.035ns  ((TSJ^2 + TIJ^2)^1/2 + DJ) / 2 + PE
    Total System Jitter     (TSJ):    0.071ns
    Total Input Jitter      (TIJ):    0.000ns
    Discrete Jitter          (DJ):    0.000ns
    Phase Error              (PE):    0.000ns

    Location             Delay type                Incr(ns)  Path(ns)    Netlist Resource(s)
  -------------------------------------------------------------------    -------------------
                         (clock ap_clk rise edge)     0.000     0.000 r  
                                                      0.000     0.000 r  ap_clk (IN)
                         net (fo=9988, unset)         0.537     0.537    bd_0_i/hls_inst/inst/dw3_out_1_U/ap_clk
    RAMB18_X1Y54         RAMB18E1                                     r  bd_0_i/hls_inst/inst/dw3_out_1_U/ram_reg/CLKBWRCLK
  -------------------------------------------------------------------    -------------------
    RAMB18_X1Y54         RAMB18E1 (Prop_ramb18e1_CLKBWRCLK_DOBDO[4])
                                                      1.800     2.337 r  bd_0_i/hls_inst/inst/dw3_out_1_U/ram_reg/DOBDO[4]
                         net (fo=5, routed)           0.924     3.261    bd_0_i/hls_inst/inst/grp_pw3_qat_fu_996/mul_7ns_8s_15_1_1_U658/DOBDO[4]
    DSP48_X0Y51          DSP48E1 (Prop_dsp48e1_A[4]_P[14])
                                                      2.737     5.998 r  bd_0_i/hls_inst/inst/grp_pw3_qat_fu_996/mul_7ns_8s_15_1_1_U658/tmp_product/P[14]
                         net (fo=952, routed)         3.063     9.061    bd_0_i/hls_inst/inst/grp_pw3_qat_fu_996/mac_muladd_8s_7ns_15s_16_4_1_U758/mobilenet_v1_qat_mac_muladd_8s_7ns_15s_16_4_1_DSP48_0_U/p_reg_reg_1[14]
    DSP48_X2Y31          DSP48E1                                      r  bd_0_i/hls_inst/inst/grp_pw3_qat_fu_996/mac_muladd_8s_7ns_15s_16_4_1_U758/mobilenet_v1_qat_mac_muladd_8s_7ns_15s_16_4_1_DSP48_0_U/p_reg_reg/C[22]
  -------------------------------------------------------------------    -------------------

                         (clock ap_clk rise edge)    10.000    10.000 r  
                                                      0.000    10.000 r  ap_clk (IN)
                         net (fo=9988, unset)         0.510    10.510    bd_0_i/hls_inst/inst/grp_pw3_qat_fu_996/mac_muladd_8s_7ns_15s_16_4_1_U758/mobilenet_v1_qat_mac_muladd_8s_7ns_15s_16_4_1_DSP48_0_U/ap_clk
    DSP48_X2Y31          DSP48E1                                      r  bd_0_i/hls_inst/inst/grp_pw3_qat_fu_996/mac_muladd_8s_7ns_15s_16_4_1_U758/mobilenet_v1_qat_mac_muladd_8s_7ns_15s_16_4_1_DSP48_0_U/p_reg_reg/CLK
                         clock pessimism              0.000    10.510    
                         clock uncertainty           -0.035    10.475    
    DSP48_X2Y31          DSP48E1 (Setup_dsp48e1_CLK_C[22])
                                                     -0.164    10.311    bd_0_i/hls_inst/inst/grp_pw3_qat_fu_996/mac_muladd_8s_7ns_15s_16_4_1_U758/mobilenet_v1_qat_mac_muladd_8s_7ns_15s_16_4_1_DSP48_0_U/p_reg_reg
  -------------------------------------------------------------------
                         required time                         10.311    
                         arrival time                          -9.061    
  -------------------------------------------------------------------
                         slack                                  1.250    





Min Delay Paths
--------------------------------------------------------------------------------------
Slack (MET) :             0.071ns  (arrival time - required time)
  Source:                 bd_0_i/hls_inst/inst/gmem_m_axi_U/bus_read/rs_rdata/data_p1_reg[1]/C
                            (rising edge-triggered cell FDRE clocked by ap_clk  {rise@0.000ns fall@5.000ns period=10.000ns})
  Destination:            bd_0_i/hls_inst/inst/gmem_m_axi_U/load_unit_0/buff_rdata/U_fifo_mem/mem_reg/DIADI[1]
                            (rising edge-triggered cell RAMB18E1 clocked by ap_clk  {rise@0.000ns fall@5.000ns period=10.000ns})
  Path Group:             ap_clk
  Path Type:              Hold (Min at Fast Process Corner)
  Requirement:            0.000ns  (ap_clk rise@0.000ns - ap_clk rise@0.000ns)
  Data Path Delay:        0.240ns  (logic 0.100ns (41.660%)  route 0.140ns (58.340%))
  Logic Levels:           0  
  Clock Path Skew:        0.014ns (DCD - SCD - CPR)
    Destination Clock Delay (DCD):    0.280ns
    Source Clock Delay      (SCD):    0.266ns
    Clock Pessimism Removal (CPR):    -0.000ns

    Location             Delay type                Incr(ns)  Path(ns)    Netlist Resource(s)
  -------------------------------------------------------------------    -------------------
                         (clock ap_clk rise edge)     0.000     0.000 r  
                                                      0.000     0.000 r  ap_clk (IN)
                         net (fo=9988, unset)         0.266     0.266    bd_0_i/hls_inst/inst/gmem_m_axi_U/bus_read/rs_rdata/ap_clk
    SLICE_X95Y143        FDRE                                         r  bd_0_i/hls_inst/inst/gmem_m_axi_U/bus_read/rs_rdata/data_p1_reg[1]/C
  -------------------------------------------------------------------    -------------------
    SLICE_X95Y143        FDRE (Prop_fdre_C_Q)         0.100     0.366 r  bd_0_i/hls_inst/inst/gmem_m_axi_U/bus_read/rs_rdata/data_p1_reg[1]/Q
                         net (fo=1, routed)           0.140     0.506    bd_0_i/hls_inst/inst/gmem_m_axi_U/load_unit_0/buff_rdata/U_fifo_mem/mem_reg_2[1]
    RAMB18_X4Y58         RAMB18E1                                     r  bd_0_i/hls_inst/inst/gmem_m_axi_U/load_unit_0/buff_rdata/U_fifo_mem/mem_reg/DIADI[1]
  -------------------------------------------------------------------    -------------------

                         (clock ap_clk rise edge)     0.000     0.000 r  
                                                      0.000     0.000 r  ap_clk (IN)
                         net (fo=9988, unset)         0.280     0.280    bd_0_i/hls_inst/inst/gmem_m_axi_U/load_unit_0/buff_rdata/U_fifo_mem/ap_clk
    RAMB18_X4Y58         RAMB18E1                                     r  bd_0_i/hls_inst/inst/gmem_m_axi_U/load_unit_0/buff_rdata/U_fifo_mem/mem_reg/CLKBWRCLK
                         clock pessimism              0.000     0.280    
    RAMB18_X4Y58         RAMB18E1 (Hold_ramb18e1_CLKBWRCLK_DIADI[1])
                                                      0.155     0.435    bd_0_i/hls_inst/inst/gmem_m_axi_U/load_unit_0/buff_rdata/U_fifo_mem/mem_reg
  -------------------------------------------------------------------
                         required time                         -0.435    
                         arrival time                           0.506    
  -------------------------------------------------------------------
                         slack                                  0.071    





Pulse Width Checks
--------------------------------------------------------------------------------------
Clock Name:         ap_clk
Waveform(ns):       { 0.000 5.000 }
Period(ns):         10.000
Sources:            { ap_clk }

Check Type        Corner  Lib Pin      Reference Pin  Required(ns)  Actual(ns)  Slack(ns)  Location       Pin
Min Period        n/a     DSP48E1/CLK  n/a            2.772         10.000      7.228      DSP48_X5Y46    bd_0_i/hls_inst/inst/grp_conv0_qat_fu_683/mac_muladd_8s_6s_14s_14_4_1_U118/mobilenet_v1_qat_mac_muladd_8s_6s_14s_14_4_1_DSP48_0_U/m_reg_reg/CLK
Low Pulse Width   Slow    RAMS64E/CLK  n/a            0.768         5.000       4.232      SLICE_X26Y153  bd_0_i/hls_inst/inst/pw2_out_10_U/ram_reg_0_127_0_0/HIGH/CLK
High Pulse Width  Slow    RAMS64E/CLK  n/a            0.768         5.000       4.232      SLICE_X26Y153  bd_0_i/hls_inst/inst/pw2_out_10_U/ram_reg_0_127_0_0/HIGH/CLK



