Copyright 1986-2022 Xilinx, Inc. All Rights Reserved. Copyright 2022-2025 Advanced Micro Devices, Inc. All Rights Reserved.
---------------------------------------------------------------------------------------------------------------------------------------------
| Tool Version : Vivado v.2025.2 (lin64) Build 6299465 Fri Nov 14 12:34:56 MST 2025
| Date         : Sat Jun 27 11:17:40 2026
| Host         : NhanEnten running 64-bit Ubuntu 24.04.4 LTS
| Command      : report_timing_summary -file ./report/mobilenet_v1_qat_timing_synth.rpt
| Design       : bd_0_wrapper
| Device       : 7z045-ffg900
| Speed File   : -2  PRODUCTION 1.12 2019-11-22
| Design State : Synthesized
---------------------------------------------------------------------------------------------------------------------------------------------

Timing Summary Report

------------------------------------------------------------------------------------------------
| Timer Settings
| --------------
------------------------------------------------------------------------------------------------

  Enable Multi Corner Analysis               :  Yes
  Enable Pessimism Removal                   :  Yes
  Pessimism Removal Resolution               :  Nearest Common Node
  Enable Input Delay Default Clock           :  No
  Enable Preset / Clear Arcs                 :  No
  Disable Flight Delays                      :  No
  Ignore I/O Paths                           :  No
  Timing Early Launch at Borrowing Latches   :  No
  Borrow Time for Max Delay Exceptions       :  Yes
  Merge Timing Exceptions                    :  Yes
  Inter-SLR Compensation                     :  Conservative

  Corner  Analyze    Analyze    
  Name    Max Paths  Min Paths  
  ------  ---------  ---------  
  Slow    Yes        Yes        
  Fast    Yes        Yes        


------------------------------------------------------------------------------------------------
| Report Methodology
| ------------------
------------------------------------------------------------------------------------------------

No report available as report_methodology has not been run prior. Run report_methodology on the current design for the summary of methodology violations.



check_timing report

Table of Contents
-----------------
1. checking no_clock (0)
2. checking constant_clock (0)
3. checking pulse_width_clock (0)
4. checking unconstrained_internal_endpoints (0)
5. checking no_input_delay (90)
6. checking no_output_delay (212)
7. checking multiple_clock (0)
8. checking generated_clocks (0)
9. checking loops (0)
10. checking partial_input_delay (0)
11. checking partial_output_delay (0)
12. checking latch_loops (0)

1. checking no_clock (0)
------------------------
 There are 0 register/latch pins with no clock.


2. checking constant_clock (0)
------------------------------
 There are 0 register/latch pins with constant_clock.


3. checking pulse_width_clock (0)
---------------------------------
 There are 0 register/latch pins which need pulse_width check


4. checking unconstrained_internal_endpoints (0)
------------------------------------------------
 There are 0 pins that are not constrained for maximum delay.

 There are 0 pins that are not constrained for maximum delay due to constant clock.


5. checking no_input_delay (90)
-------------------------------
 There are 90 input ports with no input delay specified. (HIGH)

 There are 0 input ports with no input delay but user has a false path constraint.


6. checking no_output_delay (212)
---------------------------------
 There are 212 ports with no output delay specified. (HIGH)

 There are 0 ports with no output delay but user has a false path constraint

 There are 0 ports with no output delay but with a timing clock defined on it or propagating through it


7. checking multiple_clock (0)
------------------------------
 There are 0 register/latch pins with multiple clocks.


8. checking generated_clocks (0)
--------------------------------
 There are 0 generated clocks that are not connected to a clock source.


9. checking loops (0)
---------------------
 There are 0 combinational loops in the design.


10. checking partial_input_delay (0)
------------------------------------
 There are 0 input ports with partial input delay specified.


11. checking partial_output_delay (0)
-------------------------------------
 There are 0 ports with partial output delay specified.


12. checking latch_loops (0)
----------------------------
 There are 0 combinational latch loops in the design through latch input



------------------------------------------------------------------------------------------------
| Design Timing Summary
| ---------------------
------------------------------------------------------------------------------------------------

    WNS(ns)      TNS(ns)  TNS Failing Endpoints  TNS Total Endpoints      WHS(ns)      THS(ns)  THS Failing Endpoints  THS Total Endpoints     WPWS(ns)     TPWS(ns)  TPWS Failing Endpoints  TPWS Total Endpoints  
    -------      -------  ---------------------  -------------------      -------      -------  ---------------------  -------------------     --------     --------  ----------------------  --------------------  
      4.064        0.000                      0                36824        0.118        0.000                      0                36824        4.232        0.000                       0                 10000  


All user specified timing constraints are met.


------------------------------------------------------------------------------------------------
| Clock Summary
| -------------
------------------------------------------------------------------------------------------------

Clock   Waveform(ns)       Period(ns)      Frequency(MHz)
-----   ------------       ----------      --------------
ap_clk  {0.000 5.000}      10.000          100.000         


------------------------------------------------------------------------------------------------
| Intra Clock Table
| -----------------
------------------------------------------------------------------------------------------------

Clock             WNS(ns)      TNS(ns)  TNS Failing Endpoints  TNS Total Endpoints      WHS(ns)      THS(ns)  THS Failing Endpoints  THS Total Endpoints     WPWS(ns)     TPWS(ns)  TPWS Failing Endpoints  TPWS Total Endpoints  
-----             -------      -------  ---------------------  -------------------      -------      -------  ---------------------  -------------------     --------     --------  ----------------------  --------------------  
ap_clk              4.064        0.000                      0                36824        0.118        0.000                      0                36824        4.232        0.000                       0                 10000  


------------------------------------------------------------------------------------------------
| Inter Clock Table
| -----------------
------------------------------------------------------------------------------------------------

From Clock    To Clock          WNS(ns)      TNS(ns)  TNS Failing Endpoints  TNS Total Endpoints      WHS(ns)      THS(ns)  THS Failing Endpoints  THS Total Endpoints  
----------    --------          -------      -------  ---------------------  -------------------      -------      -------  ---------------------  -------------------  


------------------------------------------------------------------------------------------------
| Other Path Groups Table
| -----------------------
------------------------------------------------------------------------------------------------

Path Group    From Clock    To Clock          WNS(ns)      TNS(ns)  TNS Failing Endpoints  TNS Total Endpoints      WHS(ns)      THS(ns)  THS Failing Endpoints  THS Total Endpoints  
----------    ----------    --------          -------      -------  ---------------------  -------------------      -------      -------  ---------------------  -------------------  


------------------------------------------------------------------------------------------------
| Timing Details
| --------------
------------------------------------------------------------------------------------------------


---------------------------------------------------------------------------------------------------
From Clock:  ap_clk
  To Clock:  ap_clk

Setup :            0  Failing Endpoints,  Worst Slack        4.064ns,  Total Violation        0.000ns
Hold  :            0  Failing Endpoints,  Worst Slack        0.118ns,  Total Violation        0.000ns
PW    :            0  Failing Endpoints,  Worst Slack        4.232ns,  Total Violation        0.000ns
---------------------------------------------------------------------------------------------------


Max Delay Paths
--------------------------------------------------------------------------------------
Slack (MET) :             4.064ns  (required time - arrival time)
  Source:                 bd_0_i/hls_inst/inst/grp_conv0_qat_fu_683/mul_6ns_8ns_13_1_1_U80/tmp_product/CLK
                            (rising edge-triggered cell DSP48E1 clocked by ap_clk  {rise@0.000ns fall@5.000ns period=10.000ns})
  Destination:            bd_0_i/hls_inst/inst/in_buf_17_U/ram_reg/ADDRARDADDR[10]
                            (rising edge-triggered cell RAMB18E1 clocked by ap_clk  {rise@0.000ns fall@5.000ns period=10.000ns})
  Path Group:             ap_clk
  Path Type:              Setup (Max at Slow Process Corner)
  Requirement:            10.000ns  (ap_clk rise@10.000ns - ap_clk rise@0.000ns)
  Data Path Delay:        5.458ns  (logic 3.492ns (63.980%)  route 1.966ns (36.020%))
  Logic Levels:           6  (CARRY4=2 LUT2=1 LUT6=3)
  Clock Path Skew:        -0.027ns (DCD - SCD + CPR)
    Destination Clock Delay (DCD):    0.510ns = ( 10.510 - 10.000 ) 
    Source Clock Delay      (SCD):    0.537ns
    Clock Pessimism Removal (CPR):    0.000ns
  Clock Uncertainty:      0.035ns  ((TSJ^2 + TIJ^2)^1/2 + DJ) / 2 + PE
    Total System Jitter     (TSJ):    0.071ns
    Total Input Jitter      (TIJ):    0.000ns
    Discrete Jitter          (DJ):    0.000ns
    Phase Error              (PE):    0.000ns

    Location             Delay type                Incr(ns)  Path(ns)    Netlist Resource(s)
  -------------------------------------------------------------------    -------------------
                         (clock ap_clk rise edge)     0.000     0.000 r  
                                                      0.000     0.000 r  ap_clk (IN)
                         net (fo=10014, unset)        0.537     0.537    bd_0_i/hls_inst/inst/grp_conv0_qat_fu_683/mul_6ns_8ns_13_1_1_U80/ap_clk
                         DSP48E1                                      r  bd_0_i/hls_inst/inst/grp_conv0_qat_fu_683/mul_6ns_8ns_13_1_1_U80/tmp_product/CLK
  -------------------------------------------------------------------    -------------------
                         DSP48E1 (Prop_dsp48e1_CLK_P[9])
                                                      2.860     3.397 r  bd_0_i/hls_inst/inst/grp_conv0_qat_fu_683/mul_6ns_8ns_13_1_1_U80/tmp_product/P[9]
                         net (fo=5, unplaced)         0.419     3.816    bd_0_i/hls_inst/inst/grp_conv0_qat_fu_683/mul_7s_5ns_7_1_1_U78/P[1]
                         LUT2 (Prop_lut2_I1_O)        0.043     3.859 r  bd_0_i/hls_inst/inst/grp_conv0_qat_fu_683/mul_7s_5ns_7_1_1_U78/ram_reg_i_153__1/O
                         net (fo=1, unplaced)         0.000     3.859    bd_0_i/hls_inst/inst/grp_conv0_qat_fu_683/mul_7s_5ns_7_1_1_U78/ram_reg_i_153__1_n_0
                         CARRY4 (Prop_carry4_S[1]_CO[3])
                                                      0.256     4.115 r  bd_0_i/hls_inst/inst/grp_conv0_qat_fu_683/mul_7s_5ns_7_1_1_U78/ram_reg_i_107__3/CO[3]
                         net (fo=1, unplaced)         0.007     4.122    bd_0_i/hls_inst/inst/grp_conv0_qat_fu_683/mul_7s_5ns_7_1_1_U78/ram_reg_i_107__3_n_0
                         CARRY4 (Prop_carry4_CI_O[2])
                                                      0.120     4.242 r  bd_0_i/hls_inst/inst/grp_conv0_qat_fu_683/mul_7s_5ns_7_1_1_U78/ram_reg_i_99__3/O[2]
                         net (fo=3, unplaced)         0.425     4.667    bd_0_i/hls_inst/inst/grp_conv0_qat_fu_683/mul_7s_5ns_7_1_1_U78/data6[6]
                         LUT6 (Prop_lut6_I1_O)        0.127     4.794 f  bd_0_i/hls_inst/inst/grp_conv0_qat_fu_683/mul_7s_5ns_7_1_1_U78/ram_reg_i_33__5/O
                         net (fo=3, unplaced)         0.425     5.219    bd_0_i/hls_inst/inst/grp_conv0_qat_fu_683/mul_7s_5ns_7_1_1_U78/ram_reg_i_33__5_n_0
                         LUT6 (Prop_lut6_I0_O)        0.043     5.262 r  bd_0_i/hls_inst/inst/grp_conv0_qat_fu_683/mul_7s_5ns_7_1_1_U78/ram_reg_i_12__5/O
                         net (fo=1, unplaced)         0.270     5.532    bd_0_i/hls_inst/inst/grp_conv0_qat_fu_683/mul_5ns_5ns_7_1_1_U77/ram_reg_38
                         LUT6 (Prop_lut6_I3_O)        0.043     5.575 r  bd_0_i/hls_inst/inst/grp_conv0_qat_fu_683/mul_5ns_5ns_7_1_1_U77/ram_reg_i_2__31/O
                         net (fo=3, unplaced)         0.419     5.995    bd_0_i/hls_inst/inst/in_buf_17_U/ram_reg_1[6]
                         RAMB18E1                                     r  bd_0_i/hls_inst/inst/in_buf_17_U/ram_reg/ADDRARDADDR[10]
  -------------------------------------------------------------------    -------------------

                         (clock ap_clk rise edge)    10.000    10.000 r  
                                                      0.000    10.000 r  ap_clk (IN)
                         net (fo=10014, unset)        0.510    10.510    bd_0_i/hls_inst/inst/in_buf_17_U/ap_clk
                         RAMB18E1                                     r  bd_0_i/hls_inst/inst/in_buf_17_U/ram_reg/CLKARDCLK
                         clock pessimism              0.000    10.510    
                         clock uncertainty           -0.035    10.475    
                         RAMB18E1 (Setup_ramb18e1_CLKARDCLK_ADDRARDADDR[10])
                                                     -0.416    10.059    bd_0_i/hls_inst/inst/in_buf_17_U/ram_reg
  -------------------------------------------------------------------
                         required time                         10.059    
                         arrival time                          -5.995    
  -------------------------------------------------------------------
                         slack                                  4.064    





Min Delay Paths
--------------------------------------------------------------------------------------
Slack (MET) :             0.118ns  (arrival time - required time)
  Source:                 bd_0_i/hls_inst/inst/gmem_m_axi_U/bus_write/wreq_burst_conv/burst_sequential/could_multi_bursts.burst_addr_base_reg[0]/C
                            (rising edge-triggered cell FDRE clocked by ap_clk  {rise@0.000ns fall@5.000ns period=10.000ns})
  Destination:            bd_0_i/hls_inst/inst/gmem_m_axi_U/bus_write/wreq_throttle/fifo_burst_gen[0].fifo_req/U_fifo_srl/mem_reg[14][12]_srl15/D
                            (rising edge-triggered cell SRL16E clocked by ap_clk  {rise@0.000ns fall@5.000ns period=10.000ns})
  Path Group:             ap_clk
  Path Type:              Hold (Min at Fast Process Corner)
  Requirement:            0.000ns  (ap_clk rise@0.000ns - ap_clk rise@0.000ns)
  Data Path Delay:        0.198ns  (logic 0.104ns (52.598%)  route 0.094ns (47.402%))
  Logic Levels:           0  
  Clock Path Skew:        0.014ns (DCD - SCD - CPR)
    Destination Clock Delay (DCD):    0.280ns
    Source Clock Delay      (SCD):    0.266ns
    Clock Pessimism Removal (CPR):    -0.000ns

    Location             Delay type                Incr(ns)  Path(ns)    Netlist Resource(s)
  -------------------------------------------------------------------    -------------------
                         (clock ap_clk rise edge)     0.000     0.000 r  
                                                      0.000     0.000 r  ap_clk (IN)
                         net (fo=10014, unset)        0.266     0.266    bd_0_i/hls_inst/inst/gmem_m_axi_U/bus_write/wreq_burst_conv/burst_sequential/ap_clk
                         FDRE                                         r  bd_0_i/hls_inst/inst/gmem_m_axi_U/bus_write/wreq_burst_conv/burst_sequential/could_multi_bursts.burst_addr_base_reg[0]/C
  -------------------------------------------------------------------    -------------------
                         FDRE (Prop_fdre_C_Q)         0.104     0.370 r  bd_0_i/hls_inst/inst/gmem_m_axi_U/bus_write/wreq_burst_conv/burst_sequential/could_multi_bursts.burst_addr_base_reg[0]/Q
                         net (fo=1, unplaced)         0.094     0.464    bd_0_i/hls_inst/inst/gmem_m_axi_U/bus_write/wreq_throttle/fifo_burst_gen[0].fifo_req/U_fifo_srl/in[10]
                         SRL16E                                       r  bd_0_i/hls_inst/inst/gmem_m_axi_U/bus_write/wreq_throttle/fifo_burst_gen[0].fifo_req/U_fifo_srl/mem_reg[14][12]_srl15/D
  -------------------------------------------------------------------    -------------------

                         (clock ap_clk rise edge)     0.000     0.000 r  
                                                      0.000     0.000 r  ap_clk (IN)
                         net (fo=10014, unset)        0.280     0.280    bd_0_i/hls_inst/inst/gmem_m_axi_U/bus_write/wreq_throttle/fifo_burst_gen[0].fifo_req/U_fifo_srl/ap_clk
                         SRL16E                                       r  bd_0_i/hls_inst/inst/gmem_m_axi_U/bus_write/wreq_throttle/fifo_burst_gen[0].fifo_req/U_fifo_srl/mem_reg[14][12]_srl15/CLK
                         clock pessimism              0.000     0.280    
                         SRL16E (Hold_srl16e_CLK_D)
                                                      0.066     0.346    bd_0_i/hls_inst/inst/gmem_m_axi_U/bus_write/wreq_throttle/fifo_burst_gen[0].fifo_req/U_fifo_srl/mem_reg[14][12]_srl15
  -------------------------------------------------------------------
                         required time                         -0.346    
                         arrival time                           0.464    
  -------------------------------------------------------------------
                         slack                                  0.118    





Pulse Width Checks
--------------------------------------------------------------------------------------
Clock Name:         ap_clk
Waveform(ns):       { 0.000 5.000 }
Period(ns):         10.000
Sources:            { ap_clk }

Check Type        Corner  Lib Pin      Reference Pin  Required(ns)  Actual(ns)  Slack(ns)  Location  Pin
Min Period        n/a     DSP48E1/CLK  n/a            2.772         10.000      7.228                bd_0_i/hls_inst/inst/grp_conv0_qat_fu_683/mac_muladd_8s_6s_14s_14_4_1_U118/mobilenet_v1_qat_mac_muladd_8s_6s_14s_14_4_1_DSP48_0_U/m_reg_reg/CLK
Low Pulse Width   Slow    RAMS64E/CLK  n/a            0.768         5.000       4.232                bd_0_i/hls_inst/inst/pw2_out_10_U/ram_reg_0_127_0_0/HIGH/CLK
High Pulse Width  Slow    RAMS64E/CLK  n/a            0.768         5.000       4.232                bd_0_i/hls_inst/inst/pw2_out_10_U/ram_reg_0_127_0_0/HIGH/CLK



