

================================================================
== Vitis HLS Report for 'dw2_qat'
================================================================
* Date:           Sat Jun 27 11:08:36 2026

* Version:        2025.2 (Build 6295257 on Nov 14 2025)
* Project:        QAT_HLS
* Solution:       hls (Vivado IP Flow Target)
* Product family: zynq
* Target device:  xc7z045-ffg900-2


================================================================
== Performance Estimates
================================================================
+ Timing: 
    * Summary: 
    +--------+----------+----------+------------+
    |  Clock |  Target  | Estimated| Uncertainty|
    +--------+----------+----------+------------+
    |ap_clk  |  10.00 ns|  7.022 ns|     2.70 ns|
    +--------+----------+----------+------------+

+ Latency: 
    * Summary: 
    +---------+---------+-----------+-----------+-----+-----+-------------------+
    |  Latency (cycles) |   Latency (absolute)  |  Interval |      Pipeline     |
    |   min   |   max   |    min    |    max    | min | max |        Type       |
    +---------+---------+-----------+-----------+-----+-----+-------------------+
    |     1047|     1047|  10.470 us|  10.470 us|    0|    0|  loop pipeline stp|
    +---------+---------+-----------+-----------+-----+-----+-------------------+

    + Detail: 
        * Instance: 
        N/A

        * Loop: 
        +-----------------------+---------+---------+----------+-----------+-----------+------+----------+
        |                       |  Latency (cycles) | Iteration|  Initiation Interval  | Trip |          |
        |       Loop Name       |   min   |   max   |  Latency |  achieved |   target  | Count| Pipelined|
        +-----------------------+---------+---------+----------+-----------+-----------+------+----------+
        |- DW2_C_DW2_OH_DW2_OW  |     1045|     1045|        23|          1|          1|  1024|       yes|
        +-----------------------+---------+---------+----------+-----------+-----------+------+----------+



================================================================
== Utilization Estimates
================================================================
* Summary: 
+-----------------+---------+-----+--------+--------+-----+
|       Name      | BRAM_18K| DSP |   FF   |   LUT  | URAM|
+-----------------+---------+-----+--------+--------+-----+
|DSP              |        -|    9|       -|       -|    -|
|Expression       |        -|    -|       0|     425|    -|
|FIFO             |        -|    -|       -|       -|    -|
|Instance         |        -|    0|     100|     315|    -|
|Memory           |        9|    -|      13|      13|    -|
|Multiplexer      |        -|    -|       0|     468|    -|
|Register         |        -|    -|    1851|     736|    -|
+-----------------+---------+-----+--------+--------+-----+
|Total            |        9|    9|    1964|    1957|    0|
+-----------------+---------+-----+--------+--------+-----+
|Available        |     1090|  900|  437200|  218600|    0|
+-----------------+---------+-----+--------+--------+-----+
|Utilization (%)  |       ~0|    1|      ~0|      ~0|    0|
+-----------------+---------+-----+--------+--------+-----+

+ Detail: 
    * Instance: 
    +--------------------------+---------------------+---------+----+----+----+-----+
    |         Instance         |        Module       | BRAM_18K| DSP| FF | LUT| URAM|
    +--------------------------+---------------------+---------+----+----+----+-----+
    |mul_3ns_5ns_7_1_1_U476    |mul_3ns_5ns_7_1_1    |        0|   0|   0|  17|    0|
    |mul_3ns_5ns_7_1_1_U477    |mul_3ns_5ns_7_1_1    |        0|   0|   0|  17|    0|
    |mul_3ns_5ns_7_1_1_U478    |mul_3ns_5ns_7_1_1    |        0|   0|   0|  17|    0|
    |mul_3ns_5ns_7_1_1_U479    |mul_3ns_5ns_7_1_1    |        0|   0|   0|  17|    0|
    |mul_7ns_8s_15_1_1_U489    |mul_7ns_8s_15_1_1    |        0|   0|   0|  41|    0|
    |sparsemux_7_2_7_1_1_U465  |sparsemux_7_2_7_1_1  |        0|   0|   0|   9|    0|
    |sparsemux_7_2_7_1_1_U466  |sparsemux_7_2_7_1_1  |        0|   0|   0|   9|    0|
    |sparsemux_7_2_7_1_1_U467  |sparsemux_7_2_7_1_1  |        0|   0|   0|   9|    0|
    |sparsemux_7_2_7_1_1_U468  |sparsemux_7_2_7_1_1  |        0|   0|   0|   9|    0|
    |sparsemux_7_2_7_1_1_U469  |sparsemux_7_2_7_1_1  |        0|   0|   0|   9|    0|
    |sparsemux_7_2_7_1_1_U470  |sparsemux_7_2_7_1_1  |        0|   0|   0|   9|    0|
    |sparsemux_7_2_7_1_1_U471  |sparsemux_7_2_7_1_1  |        0|   0|   0|   9|    0|
    |sparsemux_7_2_7_1_1_U472  |sparsemux_7_2_7_1_1  |        0|   0|   0|   9|    0|
    |sparsemux_7_2_7_1_1_U473  |sparsemux_7_2_7_1_1  |        0|   0|   0|   9|    0|
    |sparsemux_7_2_7_1_1_U480  |sparsemux_7_2_7_1_1  |        0|   0|   0|   9|    0|
    |sparsemux_7_2_7_1_1_U481  |sparsemux_7_2_7_1_1  |        0|   0|   0|   9|    0|
    |sparsemux_7_2_7_1_1_U482  |sparsemux_7_2_7_1_1  |        0|   0|   0|   9|    0|
    |sparsemux_7_2_7_1_1_U483  |sparsemux_7_2_7_1_1  |        0|   0|   0|   9|    0|
    |sparsemux_7_2_7_1_1_U484  |sparsemux_7_2_7_1_1  |        0|   0|   0|   9|    0|
    |sparsemux_7_2_7_1_1_U485  |sparsemux_7_2_7_1_1  |        0|   0|   0|   9|    0|
    |sparsemux_7_2_7_1_1_U486  |sparsemux_7_2_7_1_1  |        0|   0|   0|   9|    0|
    |sparsemux_7_2_7_1_1_U487  |sparsemux_7_2_7_1_1  |        0|   0|   0|   9|    0|
    |sparsemux_7_2_7_1_1_U488  |sparsemux_7_2_7_1_1  |        0|   0|   0|   9|    0|
    |urem_3ns_3ns_2_7_1_U474   |urem_3ns_3ns_2_7_1   |        0|   0|  50|  22|    0|
    |urem_3ns_3ns_2_7_1_U475   |urem_3ns_3ns_2_7_1   |        0|   0|  50|  22|    0|
    +--------------------------+---------------------+---------+----+----+----+-----+
    |Total                     |                     |        0|   0| 100| 315|    0|
    +--------------------------+---------------------+---------+----+----+----+-----+

    * DSP: 
    +---------------------------------------------+----------------------------------------+---------------------+
    |                   Instance                  |                 Module                 |      Expression     |
    +---------------------------------------------+----------------------------------------+---------------------+
    |ama_addmuladd_18s_15s_16ns_21ns_32_4_1_U498  |ama_addmuladd_18s_15s_16ns_21ns_32_4_1  |  (i0 + i1) * i2 + i3|
    |mac_muladd_7ns_7s_18s_18_4_1_U496            |mac_muladd_7ns_7s_18s_18_4_1            |         i0 * i1 + i2|
    |mac_muladd_8s_7ns_13s_15_4_1_U490            |mac_muladd_8s_7ns_13s_15_4_1            |         i0 + i1 * i2|
    |mac_muladd_8s_7ns_15s_16_4_1_U491            |mac_muladd_8s_7ns_15s_16_4_1            |         i0 * i1 + i2|
    |mac_muladd_8s_7ns_16s_16_4_1_U492            |mac_muladd_8s_7ns_16s_16_4_1            |         i0 * i1 + i2|
    |mac_muladd_8s_7ns_16s_17_4_1_U493            |mac_muladd_8s_7ns_16s_17_4_1            |         i0 * i1 + i2|
    |mac_muladd_8s_7ns_17s_17_4_1_U494            |mac_muladd_8s_7ns_17s_17_4_1            |         i0 + i1 * i2|
    |mac_muladd_8s_7ns_17s_18_4_1_U495            |mac_muladd_8s_7ns_17s_18_4_1            |         i0 + i1 * i2|
    |mac_muladd_8s_7ns_18s_18_4_1_U497            |mac_muladd_8s_7ns_18s_18_4_1            |         i0 + i1 * i2|
    +---------------------------------------------+----------------------------------------+---------------------+

    * Memory: 
    +----------------------------------+-------------------------------------------------------+---------+----+----+-----+------+-----+------+-------------+
    |              Memory              |                         Module                        | BRAM_18K| FF | LUT| URAM| Words| Bits| Banks| W*Bits*Banks|
    +----------------------------------+-------------------------------------------------------+---------+----+----+-----+------+-----+------+-------------+
    |features_2_dw_b_fold_U            |dw2_qat_features_2_dw_b_fold_ROM_AUTO_1R               |        0|  13|  13|    0|    64|   13|     1|          832|
    |p_ZL20features_2_dw_w_fold_0_0_U  |dw2_qat_p_ZL20features_2_dw_w_fold_0_0_ROM_2P_BRAM_1R  |        1|   0|   0|    0|    64|    8|     1|          512|
    |p_ZL20features_2_dw_w_fold_0_1_U  |dw2_qat_p_ZL20features_2_dw_w_fold_0_1_ROM_2P_BRAM_1R  |        1|   0|   0|    0|    64|    8|     1|          512|
    |p_ZL20features_2_dw_w_fold_0_2_U  |dw2_qat_p_ZL20features_2_dw_w_fold_0_2_ROM_2P_BRAM_1R  |        1|   0|   0|    0|    64|    8|     1|          512|
    |p_ZL20features_2_dw_w_fold_1_0_U  |dw2_qat_p_ZL20features_2_dw_w_fold_1_0_ROM_2P_BRAM_1R  |        1|   0|   0|    0|    64|    8|     1|          512|
    |p_ZL20features_2_dw_w_fold_1_1_U  |dw2_qat_p_ZL20features_2_dw_w_fold_1_1_ROM_2P_BRAM_1R  |        1|   0|   0|    0|    64|    8|     1|          512|
    |p_ZL20features_2_dw_w_fold_1_2_U  |dw2_qat_p_ZL20features_2_dw_w_fold_1_2_ROM_2P_BRAM_1R  |        1|   0|   0|    0|    64|    8|     1|          512|
    |p_ZL20features_2_dw_w_fold_2_0_U  |dw2_qat_p_ZL20features_2_dw_w_fold_2_0_ROM_2P_BRAM_1R  |        1|   0|   0|    0|    64|    7|     1|          448|
    |p_ZL20features_2_dw_w_fold_2_1_U  |dw2_qat_p_ZL20features_2_dw_w_fold_2_1_ROM_2P_BRAM_1R  |        1|   0|   0|    0|    64|    8|     1|          512|
    |p_ZL20features_2_dw_w_fold_2_2_U  |dw2_qat_p_ZL20features_2_dw_w_fold_2_2_ROM_2P_BRAM_1R  |        1|   0|   0|    0|    64|    8|     1|          512|
    +----------------------------------+-------------------------------------------------------+---------+----+----+-----+------+-----+------+-------------+
    |Total                             |                                                       |        9|  13|  13|    0|   640|   84|    10|         5376|
    +----------------------------------+-------------------------------------------------------+---------+----+----+-----+------+-----+------+-------------+

    * FIFO: 
    N/A

    * Expression: 
    +--------------------------+----------+----+---+----+------------+------------+
    |       Variable Name      | Operation| DSP| FF| LUT| Bitwidth P0| Bitwidth P1|
    +--------------------------+----------+----+---+----+------------+------------+
    |add_ln78_1_fu_1265_p2     |         +|   0|  0|  11|          11|           1|
    |add_ln78_fu_1488_p2       |         +|   0|  0|   7|           7|           1|
    |add_ln79_1_fu_1363_p2     |         +|   0|  0|   6|           6|           1|
    |add_ln79_fu_1309_p2       |         +|   0|  0|   4|           3|           1|
    |add_ln80_fu_1357_p2       |         +|   0|  0|   4|           3|           1|
    |add_ln87_fu_1426_p2       |         +|   0|  0|   6|           4|           2|
    |add_ln88_fu_1470_p2       |         +|   0|  0|   6|           4|           2|
    |add_ln91_10_fu_1844_p2    |         +|   0|  0|  10|          10|          10|
    |add_ln91_13_fu_1865_p2    |         +|   0|  0|  10|          10|          10|
    |add_ln91_14_fu_1884_p2    |         +|   0|  0|  10|          10|          10|
    |add_ln91_15_fu_1903_p2    |         +|   0|  0|  10|          10|          10|
    |add_ln91_1_fu_1674_p2     |         +|   0|  0|   9|           9|           9|
    |add_ln91_2_fu_1701_p2     |         +|   0|  0|  10|          10|          10|
    |add_ln91_4_fu_1721_p2     |         +|   0|  0|   9|           9|           9|
    |add_ln91_5_fu_1751_p2     |         +|   0|  0|  10|          10|          10|
    |add_ln91_6_fu_1770_p2     |         +|   0|  0|  10|          10|          10|
    |add_ln91_7_fu_1789_p2     |         +|   0|  0|  10|          10|          10|
    |add_ln91_8_fu_1808_p2     |         +|   0|  0|  10|          10|          10|
    |add_ln91_9_fu_1826_p2     |         +|   0|  0|  10|          10|          10|
    |add_ln96_1_fu_1607_p2     |         +|   0|  0|   9|           9|           9|
    |add_ln96_fu_1544_p2       |         +|   0|  0|   7|           7|           7|
    |sub_ln80_fu_1742_p2       |         -|   0|  0|  10|          10|          10|
    |sub_ln87_fu_1695_p2       |         -|   0|  0|  10|          10|          10|
    |sub_ln91_1_fu_1712_p2     |         -|   0|  0|  10|          10|          10|
    |sub_ln91_fu_1513_p2       |         -|   0|  0|   9|           9|           9|
    |and_ln78_fu_1303_p2       |       and|   0|  0|   1|           1|           1|
    |ap_condition_792          |       and|   0|  0|   1|           1|           1|
    |ap_condition_804          |       and|   0|  0|   1|           1|           1|
    |ap_condition_811          |       and|   0|  0|   1|           1|           1|
    |ap_condition_818          |       and|   0|  0|   1|           1|           1|
    |ap_condition_823          |       and|   0|  0|   1|           1|           1|
    |ap_condition_828          |       and|   0|  0|   1|           1|           1|
    |ap_condition_832          |       and|   0|  0|   1|           1|           1|
    |ap_condition_834          |       and|   0|  0|   1|           1|           1|
    |ap_condition_836          |       and|   0|  0|   1|           1|           1|
    |ap_condition_842          |       and|   0|  0|   1|           1|           1|
    |ap_condition_845          |       and|   0|  0|   1|           1|           1|
    |ap_condition_848          |       and|   0|  0|   1|           1|           1|
    |ap_condition_850          |       and|   0|  0|   1|           1|           1|
    |ap_condition_853          |       and|   0|  0|   1|           1|           1|
    |ap_condition_855          |       and|   0|  0|   1|           1|           1|
    |ap_condition_858          |       and|   0|  0|   1|           1|           1|
    |ap_condition_860          |       and|   0|  0|   1|           1|           1|
    |ap_condition_862          |       and|   0|  0|   1|           1|           1|
    |icmp_ln78_fu_1259_p2      |      icmp|   0|  0|  12|          11|          12|
    |icmp_ln79_fu_1277_p2      |      icmp|   0|  0|   6|           6|           5|
    |icmp_ln80_fu_1297_p2      |      icmp|   0|  0|   6|           3|           4|
    |icmp_ln86_fu_2232_p2      |      icmp|   0|  0|   6|           4|           1|
    |icmp_ln87_fu_2246_p2      |      icmp|   0|  0|  11|          11|           9|
    |icmp_ln89_1_fu_1654_p2    |      icmp|   0|  0|   4|           3|           1|
    |icmp_ln89_fu_1572_p2      |      icmp|   0|  0|   4|           3|           1|
    |empty_fu_1315_p2          |        or|   0|  0|   1|           1|           1|
    |or_ln89_fu_2122_p2        |        or|   0|  0|   4|           4|           4|
    |acc_17_fu_2161_p3         |    select|   0|  0|  16|           1|          16|
    |acc_2_fu_2134_p3          |    select|   0|  0|  15|           1|          15|
    |grp_fu_2307_p2            |    select|   0|  0|  16|           1|          16|
    |grp_fu_2325_p2            |    select|   0|  0|  17|           1|          17|
    |grp_fu_2351_p2            |    select|   0|  0|  18|           1|          18|
    |out32_6_fu_2238_p3        |    select|   0|  0|  11|           1|           7|
    |out8_6_fu_2276_p3         |    select|   0|  0|   7|           1|           1|
    |out8_fu_2256_p3           |    select|   0|  0|   9|           1|           9|
    |ow_mid2_fu_1321_p3        |    select|   0|  0|   3|           1|           1|
    |select_ln78_1_fu_1494_p3  |    select|   0|  0|   7|           1|           7|
    |select_ln78_fu_1283_p3    |    select|   0|  0|   3|           1|           1|
    |select_ln79_1_fu_1369_p3  |    select|   0|  0|   6|           1|           1|
    |select_ln79_fu_1329_p3    |    select|   0|  0|   3|           1|           3|
    |ap_enable_pp0             |       xor|   0|  0|   2|           1|           2|
    |xor_ln78_fu_1291_p2       |       xor|   0|  0|   2|           1|           2|
    +--------------------------+----------+----+---+----+------------+------------+
    |Total                     |          |   0|  0| 425|         291|         355|
    +--------------------------+----------+----+---+----+------------+------------+

    * Multiplexer: 
    +----------------------------------------+----+-----------+-----+-----------+
    |                  Name                  | LUT| Input Size| Bits| Total Bits|
    +----------------------------------------+----+-----------+-----+-----------+
    |ap_done_int                             |   9|          2|    1|          2|
    |ap_enable_reg_pp0_iter1                 |   9|          2|    1|          2|
    |ap_sig_allocacmp_indvar_flatten12_load  |   9|          2|   11|         22|
    |ap_sig_allocacmp_indvar_flatten_load    |   9|          2|    6|         12|
    |ap_sig_allocacmp_oh_load                |   9|          2|    3|          6|
    |ap_sig_allocacmp_ow_load                |   9|          2|    3|          6|
    |c_fu_182                                |   9|          2|    7|         14|
    |ifmap_0_0_address0_local                |  41|         10|   10|        100|
    |ifmap_0_1_address0_local                |  41|         10|   10|        100|
    |ifmap_0_2_address0_local                |  41|         10|   10|        100|
    |ifmap_1_0_address0_local                |  41|         10|   10|        100|
    |ifmap_1_1_address0_local                |  41|         10|   10|        100|
    |ifmap_1_2_address0_local                |  41|         10|   10|        100|
    |ifmap_2_0_address0_local                |  41|         10|   10|        100|
    |ifmap_2_1_address0_local                |  41|         10|   10|        100|
    |ifmap_2_2_address0_local                |  41|         10|   10|        100|
    |indvar_flatten12_fu_186                 |   9|          2|   11|         22|
    |indvar_flatten_fu_178                   |   9|          2|    6|         12|
    |oh_fu_174                               |   9|          2|    3|          6|
    |ow_fu_170                               |   9|          2|    3|          6|
    +----------------------------------------+----+-----------+-----+-----------+
    |Total                                   | 468|        112|  145|       1010|
    +----------------------------------------+----+-----------+-----+-----------+

    * Register: 
    +-------------------------------------------------------------+----+----+-----+-----------+
    |                             Name                            | FF | LUT| Bits| Const Bits|
    +-------------------------------------------------------------+----+----+-----+-----------+
    |acc_20_reg_3204                                              |  18|   0|   18|          0|
    |add_ln87_reg_2446                                            |   4|   0|    4|          0|
    |add_ln88_reg_2461                                            |   4|   0|    4|          0|
    |add_ln96_1_reg_2516                                          |   9|   0|    9|          0|
    |ap_CS_fsm                                                    |   1|   0|    1|          0|
    |ap_done_reg                                                  |   1|   0|    1|          0|
    |ap_enable_reg_pp0_iter1                                      |   1|   0|    1|          0|
    |ap_enable_reg_pp0_iter10                                     |   1|   0|    1|          0|
    |ap_enable_reg_pp0_iter11                                     |   1|   0|    1|          0|
    |ap_enable_reg_pp0_iter12                                     |   1|   0|    1|          0|
    |ap_enable_reg_pp0_iter13                                     |   1|   0|    1|          0|
    |ap_enable_reg_pp0_iter14                                     |   1|   0|    1|          0|
    |ap_enable_reg_pp0_iter15                                     |   1|   0|    1|          0|
    |ap_enable_reg_pp0_iter16                                     |   1|   0|    1|          0|
    |ap_enable_reg_pp0_iter17                                     |   1|   0|    1|          0|
    |ap_enable_reg_pp0_iter18                                     |   1|   0|    1|          0|
    |ap_enable_reg_pp0_iter19                                     |   1|   0|    1|          0|
    |ap_enable_reg_pp0_iter2                                      |   1|   0|    1|          0|
    |ap_enable_reg_pp0_iter20                                     |   1|   0|    1|          0|
    |ap_enable_reg_pp0_iter21                                     |   1|   0|    1|          0|
    |ap_enable_reg_pp0_iter22                                     |   1|   0|    1|          0|
    |ap_enable_reg_pp0_iter3                                      |   1|   0|    1|          0|
    |ap_enable_reg_pp0_iter4                                      |   1|   0|    1|          0|
    |ap_enable_reg_pp0_iter5                                      |   1|   0|    1|          0|
    |ap_enable_reg_pp0_iter6                                      |   1|   0|    1|          0|
    |ap_enable_reg_pp0_iter7                                      |   1|   0|    1|          0|
    |ap_enable_reg_pp0_iter8                                      |   1|   0|    1|          0|
    |ap_enable_reg_pp0_iter9                                      |   1|   0|    1|          0|
    |ap_loop_exit_ready_pp0_iter10_reg                            |   1|   0|    1|          0|
    |ap_loop_exit_ready_pp0_iter11_reg                            |   1|   0|    1|          0|
    |ap_loop_exit_ready_pp0_iter12_reg                            |   1|   0|    1|          0|
    |ap_loop_exit_ready_pp0_iter13_reg                            |   1|   0|    1|          0|
    |ap_loop_exit_ready_pp0_iter14_reg                            |   1|   0|    1|          0|
    |ap_loop_exit_ready_pp0_iter15_reg                            |   1|   0|    1|          0|
    |ap_loop_exit_ready_pp0_iter16_reg                            |   1|   0|    1|          0|
    |ap_loop_exit_ready_pp0_iter17_reg                            |   1|   0|    1|          0|
    |ap_loop_exit_ready_pp0_iter18_reg                            |   1|   0|    1|          0|
    |ap_loop_exit_ready_pp0_iter19_reg                            |   1|   0|    1|          0|
    |ap_loop_exit_ready_pp0_iter1_reg                             |   1|   0|    1|          0|
    |ap_loop_exit_ready_pp0_iter20_reg                            |   1|   0|    1|          0|
    |ap_loop_exit_ready_pp0_iter21_reg                            |   1|   0|    1|          0|
    |ap_loop_exit_ready_pp0_iter2_reg                             |   1|   0|    1|          0|
    |ap_loop_exit_ready_pp0_iter3_reg                             |   1|   0|    1|          0|
    |ap_loop_exit_ready_pp0_iter4_reg                             |   1|   0|    1|          0|
    |ap_loop_exit_ready_pp0_iter5_reg                             |   1|   0|    1|          0|
    |ap_loop_exit_ready_pp0_iter6_reg                             |   1|   0|    1|          0|
    |ap_loop_exit_ready_pp0_iter7_reg                             |   1|   0|    1|          0|
    |ap_loop_exit_ready_pp0_iter8_reg                             |   1|   0|    1|          0|
    |ap_loop_exit_ready_pp0_iter9_reg                             |   1|   0|    1|          0|
    |c_fu_182                                                     |   7|   0|    7|          0|
    |icmp_ln79_reg_2410                                           |   1|   0|    1|          0|
    |icmp_ln89_1_reg_2546                                         |   1|   0|    1|          0|
    |icmp_ln89_reg_2505                                           |   1|   0|    1|          0|
    |indvar_flatten12_fu_186                                      |  11|   0|   11|          0|
    |indvar_flatten_fu_178                                        |   6|   0|    6|          0|
    |oh_fu_174                                                    |   3|   0|    3|          0|
    |out8_6_reg_3215                                              |   7|   0|    7|          0|
    |ow_fu_170                                                    |   3|   0|    3|          0|
    |ow_mid2_reg_2415                                             |   3|   0|    3|          0|
    |p_ZL20features_2_dw_w_fold_1_0_load_reg_3106                 |   8|   0|    8|          0|
    |p_ZL20features_2_dw_w_fold_1_1_load_reg_3086                 |   8|   0|    8|          0|
    |p_ZL20features_2_dw_w_fold_1_2_load_reg_3091                 |   8|   0|    8|          0|
    |p_ZL20features_2_dw_w_fold_1_2_load_reg_3091_pp0_iter11_reg  |   8|   0|    8|          0|
    |p_ZL20features_2_dw_w_fold_2_0_load_reg_3111                 |   7|   0|    7|          0|
    |p_ZL20features_2_dw_w_fold_2_1_load_reg_3096                 |   8|   0|    8|          0|
    |p_ZL20features_2_dw_w_fold_2_2_load_reg_3116                 |   8|   0|    8|          0|
    |select_ln78_1_reg_2471                                       |   7|   0|    7|          0|
    |select_ln79_reg_2423                                         |   3|   0|    3|          0|
    |sext_ln82_1_reg_3163                                         |  17|   0|   17|          0|
    |sext_ln82_reg_3131                                           |  16|   0|   16|          0|
    |sext_ln82_reg_3131_pp0_iter12_reg                            |  16|   0|   16|          0|
    |sext_ln92_reg_3080                                           |  15|   0|   15|          0|
    |sub_ln91_reg_2476                                            |   9|   0|    9|          0|
    |tmp_10_cast_reg_2995                                         |   7|   0|    7|          0|
    |tmp_10_cast_reg_2995_pp0_iter9_reg                           |   7|   0|    7|          0|
    |tmp_14_cast_reg_3000                                         |   7|   0|    7|          0|
    |tmp_159_reg_2441                                             |   2|   0|    2|          0|
    |tmp_161_reg_2511                                             |   2|   0|    2|          0|
    |tmp_163_reg_2456                                             |   2|   0|    2|          0|
    |tmp_165_reg_2541                                             |   2|   0|    2|          0|
    |tmp_18_cast_reg_3005                                         |   7|   0|    7|          0|
    |tmp_22_cast_reg_3010                                         |   7|   0|    7|          0|
    |tmp_26_cast_reg_3015                                         |   7|   0|    7|          0|
    |tmp_30_cast_reg_3020                                         |   7|   0|    7|          0|
    |tmp_34_cast_reg_3025                                         |   7|   0|    7|          0|
    |tmp_6_cast_reg_2990                                          |   7|   0|    7|          0|
    |trunc_ln78_reg_2483                                          |   1|   0|    1|          0|
    |trunc_ln87_1_reg_2487                                        |   2|   0|    2|          0|
    |trunc_ln87_1_reg_2487_pp0_iter7_reg                          |   2|   0|    2|          0|
    |trunc_ln87_reg_2431                                          |   2|   0|    2|          0|
    |trunc_ln88_6_reg_2521                                        |   2|   0|    2|          0|
    |trunc_ln88_6_reg_2521_pp0_iter7_reg                          |   2|   0|    2|          0|
    |trunc_ln88_reg_2436                                          |   2|   0|    2|          0|
    |udiv_ln4_cast_reg_2500                                       |  10|   0|   10|          0|
    |udiv_ln89_1_cast_reg_2534                                    |  10|   0|   10|          0|
    |zext_ln78_reg_2552                                           |   7|   0|   64|         57|
    |zext_ln78_reg_2552_pp0_iter8_reg                             |   7|   0|   64|         57|
    |add_ln87_reg_2446                                            |  64|  32|    4|          0|
    |add_ln88_reg_2461                                            |  64|  32|    4|          0|
    |add_ln96_1_reg_2516                                          |  64|  32|    9|          0|
    |icmp_ln79_reg_2410                                           |  64|  32|    1|          0|
    |icmp_ln89_1_reg_2546                                         |  64|  32|    1|          0|
    |icmp_ln89_reg_2505                                           |  64|  32|    1|          0|
    |ow_mid2_reg_2415                                             |  64|  32|    3|          0|
    |p_ZL20features_2_dw_w_fold_1_1_load_reg_3086                 |  64|  32|    8|          0|
    |p_ZL20features_2_dw_w_fold_2_0_load_reg_3111                 |  64|  32|    7|          0|
    |p_ZL20features_2_dw_w_fold_2_1_load_reg_3096                 |  64|  32|    8|          0|
    |p_ZL20features_2_dw_w_fold_2_2_load_reg_3116                 |  64|  32|    8|          0|
    |select_ln79_reg_2423                                         |  64|  32|    3|          0|
    |tmp_14_cast_reg_3000                                         |  64|  32|    7|          0|
    |tmp_159_reg_2441                                             |  64|  32|    2|          0|
    |tmp_163_reg_2456                                             |  64|  32|    2|          0|
    |tmp_18_cast_reg_3005                                         |  64|  32|    7|          0|
    |tmp_22_cast_reg_3010                                         |  64|  32|    7|          0|
    |tmp_26_cast_reg_3015                                         |  64|  32|    7|          0|
    |tmp_30_cast_reg_3020                                         |  64|  32|    7|          0|
    |tmp_34_cast_reg_3025                                         |  64|  32|    7|          0|
    |trunc_ln78_reg_2483                                          |  64|  32|    1|          0|
    |trunc_ln87_reg_2431                                          |  64|  32|    2|          0|
    |trunc_ln88_reg_2436                                          |  64|  32|    2|          0|
    +-------------------------------------------------------------+----+----+-----+-----------+
    |Total                                                        |1851| 736|  601|        114|
    +-------------------------------------------------------------+----+----+-----+-----------+



================================================================
== Interface
================================================================
* Summary: 
+---------------------+-----+-----+------------+--------------+--------------+
|      RTL Ports      | Dir | Bits|  Protocol  | Source Object|    C Type    |
+---------------------+-----+-----+------------+--------------+--------------+
|ap_clk               |   in|    1|  ap_ctrl_hs|       dw2_qat|  return value|
|ap_rst               |   in|    1|  ap_ctrl_hs|       dw2_qat|  return value|
|ap_start             |   in|    1|  ap_ctrl_hs|       dw2_qat|  return value|
|ap_done              |  out|    1|  ap_ctrl_hs|       dw2_qat|  return value|
|ap_idle              |  out|    1|  ap_ctrl_hs|       dw2_qat|  return value|
|ap_ready             |  out|    1|  ap_ctrl_hs|       dw2_qat|  return value|
|grp_fu_1117_p_din0   |  out|   64|  ap_ctrl_hs|       dw2_qat|  return value|
|grp_fu_1117_p_din1   |  out|   66|  ap_ctrl_hs|       dw2_qat|  return value|
|grp_fu_1117_p_dout0  |   in|  129|  ap_ctrl_hs|       dw2_qat|  return value|
|grp_fu_1117_p_ce     |  out|    1|  ap_ctrl_hs|       dw2_qat|  return value|
|grp_fu_1121_p_din0   |  out|   64|  ap_ctrl_hs|       dw2_qat|  return value|
|grp_fu_1121_p_din1   |  out|   66|  ap_ctrl_hs|       dw2_qat|  return value|
|grp_fu_1121_p_dout0  |   in|  129|  ap_ctrl_hs|       dw2_qat|  return value|
|grp_fu_1121_p_ce     |  out|    1|  ap_ctrl_hs|       dw2_qat|  return value|
|ifmap_0_0_address0   |  out|   10|   ap_memory|     ifmap_0_0|         array|
|ifmap_0_0_ce0        |  out|    1|   ap_memory|     ifmap_0_0|         array|
|ifmap_0_0_q0         |   in|    7|   ap_memory|     ifmap_0_0|         array|
|ifmap_0_1_address0   |  out|   10|   ap_memory|     ifmap_0_1|         array|
|ifmap_0_1_ce0        |  out|    1|   ap_memory|     ifmap_0_1|         array|
|ifmap_0_1_q0         |   in|    7|   ap_memory|     ifmap_0_1|         array|
|ifmap_0_2_address0   |  out|   10|   ap_memory|     ifmap_0_2|         array|
|ifmap_0_2_ce0        |  out|    1|   ap_memory|     ifmap_0_2|         array|
|ifmap_0_2_q0         |   in|    7|   ap_memory|     ifmap_0_2|         array|
|ifmap_1_0_address0   |  out|   10|   ap_memory|     ifmap_1_0|         array|
|ifmap_1_0_ce0        |  out|    1|   ap_memory|     ifmap_1_0|         array|
|ifmap_1_0_q0         |   in|    7|   ap_memory|     ifmap_1_0|         array|
|ifmap_1_1_address0   |  out|   10|   ap_memory|     ifmap_1_1|         array|
|ifmap_1_1_ce0        |  out|    1|   ap_memory|     ifmap_1_1|         array|
|ifmap_1_1_q0         |   in|    7|   ap_memory|     ifmap_1_1|         array|
|ifmap_1_2_address0   |  out|   10|   ap_memory|     ifmap_1_2|         array|
|ifmap_1_2_ce0        |  out|    1|   ap_memory|     ifmap_1_2|         array|
|ifmap_1_2_q0         |   in|    7|   ap_memory|     ifmap_1_2|         array|
|ifmap_2_0_address0   |  out|   10|   ap_memory|     ifmap_2_0|         array|
|ifmap_2_0_ce0        |  out|    1|   ap_memory|     ifmap_2_0|         array|
|ifmap_2_0_q0         |   in|    7|   ap_memory|     ifmap_2_0|         array|
|ifmap_2_1_address0   |  out|   10|   ap_memory|     ifmap_2_1|         array|
|ifmap_2_1_ce0        |  out|    1|   ap_memory|     ifmap_2_1|         array|
|ifmap_2_1_q0         |   in|    7|   ap_memory|     ifmap_2_1|         array|
|ifmap_2_2_address0   |  out|   10|   ap_memory|     ifmap_2_2|         array|
|ifmap_2_2_ce0        |  out|    1|   ap_memory|     ifmap_2_2|         array|
|ifmap_2_2_q0         |   in|    7|   ap_memory|     ifmap_2_2|         array|
|ofmap_0_address1     |  out|    9|   ap_memory|       ofmap_0|         array|
|ofmap_0_ce1          |  out|    1|   ap_memory|       ofmap_0|         array|
|ofmap_0_we1          |  out|    1|   ap_memory|       ofmap_0|         array|
|ofmap_0_d1           |  out|    7|   ap_memory|       ofmap_0|         array|
|ofmap_1_address1     |  out|    9|   ap_memory|       ofmap_1|         array|
|ofmap_1_ce1          |  out|    1|   ap_memory|       ofmap_1|         array|
|ofmap_1_we1          |  out|    1|   ap_memory|       ofmap_1|         array|
|ofmap_1_d1           |  out|    7|   ap_memory|       ofmap_1|         array|
+---------------------+-----+-----+------------+--------------+--------------+

