

================================================================
== Vitis HLS Report for 'fc_qat'
================================================================
* Date:           Sat Jun 27 11:08:37 2026

* Version:        2025.2 (Build 6295257 on Nov 14 2025)
* Project:        QAT_HLS
* Solution:       hls (Vivado IP Flow Target)
* Product family: zynq
* Target device:  xc7z045-ffg900-2


================================================================
== Performance Estimates
================================================================
+ Timing: 
    * Summary: 
    +--------+----------+----------+------------+
    |  Clock |  Target  | Estimated| Uncertainty|
    +--------+----------+----------+------------+
    |ap_clk  |  10.00 ns|  7.140 ns|     2.70 ns|
    +--------+----------+----------+------------+

+ Latency: 
    * Summary: 
    +---------+---------+----------+----------+-----+-----+---------+
    |  Latency (cycles) |  Latency (absolute) |  Interval | Pipeline|
    |   min   |   max   |    min   |    max   | min | max |   Type  |
    +---------+---------+----------+----------+-----+-----+---------+
    |      275|      275|  2.750 us|  2.750 us|  275|  275|       no|
    +---------+---------+----------+----------+-----+-----+---------+

    + Detail: 
        * Instance: 
        +----------------------------------+-----------------------+---------+---------+----------+----------+-----+-----+-------------------+
        |                                  |                       |  Latency (cycles) |  Latency (absolute) |  Interval |      Pipeline     |
        |             Instance             |         Module        |   min   |   max   |    min   |    max   | min | max |        Type       |
        +----------------------------------+-----------------------+---------+---------+----------+----------+-----+-----+-------------------+
        |grp_fc_qat_Pipeline_FC_IC_fu_197  |fc_qat_Pipeline_FC_IC  |      261|      261|  2.610 us|  2.610 us|    0|    0|  loop pipeline stp|
        +----------------------------------+-----------------------+---------+---------+----------+----------+-----+-----+-------------------+

        * Loop: 
        N/A



================================================================
== Utilization Estimates
================================================================
* Summary: 
+-----------------+---------+-----+--------+--------+-----+
|       Name      | BRAM_18K| DSP |   FF   |   LUT  | URAM|
+-----------------+---------+-----+--------+--------+-----+
|DSP              |        -|    -|       -|       -|    -|
|Expression       |        -|    -|       -|       -|    -|
|FIFO             |        -|    -|       -|       -|    -|
|Instance         |       10|   13|     456|     591|    -|
|Memory           |        -|    -|       -|       -|    -|
|Multiplexer      |        -|    -|       0|     207|    -|
|Register         |        -|    -|     272|       -|    -|
+-----------------+---------+-----+--------+--------+-----+
|Total            |       10|   13|     728|     798|    0|
+-----------------+---------+-----+--------+--------+-----+
|Available        |     1090|  900|  437200|  218600|    0|
+-----------------+---------+-----+--------+--------+-----+
|Utilization (%)  |       ~0|    1|      ~0|      ~0|    0|
+-----------------+---------+-----+--------+--------+-----+

+ Detail: 
    * Instance: 
    +------------------------------------+-------------------------------+---------+----+-----+-----+-----+
    |              Instance              |             Module            | BRAM_18K| DSP|  FF | LUT | URAM|
    +------------------------------------+-------------------------------+---------+----+-----+-----+-----+
    |grp_fc_qat_Pipeline_FC_IC_fu_197    |fc_qat_Pipeline_FC_IC          |       10|  10|  313|  269|    0|
    |fmul_32ns_32ns_32_4_max_dsp_1_U827  |fmul_32ns_32ns_32_4_max_dsp_1  |        0|   3|  143|  322|    0|
    |sitofp_32s_32_5_no_dsp_1_U828       |sitofp_32s_32_5_no_dsp_1       |        0|   0|    0|    0|    0|
    |sitofp_32s_32_5_no_dsp_1_U829       |sitofp_32s_32_5_no_dsp_1       |        0|   0|    0|    0|    0|
    +------------------------------------+-------------------------------+---------+----+-----+-----+-----+
    |Total                               |                               |       10|  13|  456|  591|    0|
    +------------------------------------+-------------------------------+---------+----+-----+-----+-----+

    * DSP: 
    N/A

    * Memory: 
    N/A

    * FIFO: 
    N/A

    * Expression: 
    N/A

    * Multiplexer: 
    +----------------------+----+-----------+-----+-----------+
    |         Name         | LUT| Input Size| Bits| Total Bits|
    +----------------------+----+-----------+-----+-----------+
    |ap_NS_fsm             |  65|         16|    1|         16|
    |grp_fu_233_p0         |  21|          5|   32|        160|
    |grp_fu_239_p0         |  21|          5|   32|        160|
    |grp_fu_245_p0         |  25|          6|   32|        192|
    |grp_fu_248_p0         |  25|          6|   32|        192|
    |ofmap_address0_local  |  25|          6|    4|         24|
    |ofmap_address1_local  |  25|          6|    4|         24|
    +----------------------+----+-----------+-----+-----------+
    |Total                 | 207|         50|  137|        768|
    +----------------------+----+-----------+-----+-----------+

    * Register: 
    +-----------------------------------------------+----+----+-----+-----------+
    |                      Name                     | FF | LUT| Bits| Const Bits|
    +-----------------------------------------------+----+----+-----+-----------+
    |ap_CS_fsm                                      |  15|   0|   15|          0|
    |conv34_2_reg_451                               |  32|   0|   32|          0|
    |conv34_3_reg_456                               |  32|   0|   32|          0|
    |conv34_4_reg_461                               |  32|   0|   32|          0|
    |conv34_5_reg_466                               |  32|   0|   32|          0|
    |conv34_6_reg_471                               |  32|   0|   32|          0|
    |conv34_7_reg_476                               |  32|   0|   32|          0|
    |grp_fc_qat_Pipeline_FC_IC_fu_197_ap_start_reg  |   1|   0|    1|          0|
    |reg_251                                        |  32|   0|   32|          0|
    |reg_256                                        |  32|   0|   32|          0|
    +-----------------------------------------------+----+----+-----+-----------+
    |Total                                          | 272|   0|  272|          0|
    +-----------------------------------------------+----+----+-----+-----------+



================================================================
== Interface
================================================================
* Summary: 
+---------------------+-----+-----+------------+--------------+--------------+
|      RTL Ports      | Dir | Bits|  Protocol  | Source Object|    C Type    |
+---------------------+-----+-----+------------+--------------+--------------+
|ap_clk               |   in|    1|  ap_ctrl_hs|        fc_qat|  return value|
|ap_rst               |   in|    1|  ap_ctrl_hs|        fc_qat|  return value|
|ap_start             |   in|    1|  ap_ctrl_hs|        fc_qat|  return value|
|ap_done              |  out|    1|  ap_ctrl_hs|        fc_qat|  return value|
|ap_idle              |  out|    1|  ap_ctrl_hs|        fc_qat|  return value|
|ap_ready             |  out|    1|  ap_ctrl_hs|        fc_qat|  return value|
|grp_fu_1113_p_din0   |  out|   32|  ap_ctrl_hs|        fc_qat|  return value|
|grp_fu_1113_p_din1   |  out|   32|  ap_ctrl_hs|        fc_qat|  return value|
|grp_fu_1113_p_dout0  |   in|   32|  ap_ctrl_hs|        fc_qat|  return value|
|grp_fu_1113_p_ce     |  out|    1|  ap_ctrl_hs|        fc_qat|  return value|
|ifmap_address0       |  out|    8|   ap_memory|         ifmap|         array|
|ifmap_ce0            |  out|    1|   ap_memory|         ifmap|         array|
|ifmap_q0             |   in|    7|   ap_memory|         ifmap|         array|
|ofmap_address0       |  out|    4|   ap_memory|         ofmap|         array|
|ofmap_ce0            |  out|    1|   ap_memory|         ofmap|         array|
|ofmap_we0            |  out|    1|   ap_memory|         ofmap|         array|
|ofmap_d0             |  out|   32|   ap_memory|         ofmap|         array|
|ofmap_address1       |  out|    4|   ap_memory|         ofmap|         array|
|ofmap_ce1            |  out|    1|   ap_memory|         ofmap|         array|
|ofmap_we1            |  out|    1|   ap_memory|         ofmap|         array|
|ofmap_d1             |  out|   32|   ap_memory|         ofmap|         array|
+---------------------+-----+-----+------------+--------------+--------------+

