

================================================================
== Vitis HLS Report for 'mobilenet_v1_qat_Pipeline_LOAD_IC_LOAD_IH_LOAD_IW'
================================================================
* Date:           Sat Jun 27 11:08:34 2026

* Version:        2025.2 (Build 6295257 on Nov 14 2025)
* Project:        QAT_HLS
* Solution:       hls (Vivado IP Flow Target)
* Product family: zynq
* Target device:  xc7z045-ffg900-2


================================================================
== Performance Estimates
================================================================
+ Timing: 
    * Summary: 
    +--------+----------+----------+------------+
    |  Clock |  Target  | Estimated| Uncertainty|
    +--------+----------+----------+------------+
    |ap_clk  |  10.00 ns|  7.300 ns|     2.70 ns|
    +--------+----------+----------+------------+

+ Latency: 
    * Summary: 
    +---------+---------+-----------+-----------+-----+-----+-------------------+
    |  Latency (cycles) |   Latency (absolute)  |  Interval |      Pipeline     |
    |   min   |   max   |    min    |    max    | min | max |        Type       |
    +---------+---------+-----------+-----------+-----+-----+-------------------+
    |     3083|     3083|  30.830 us|  30.830 us|    0|    0|  loop pipeline stp|
    +---------+---------+-----------+-----------+-----+-----+-------------------+

    + Detail: 
        * Instance: 
        N/A

        * Loop: 
        +---------------------------+---------+---------+----------+-----------+-----------+------+----------+
        |                           |  Latency (cycles) | Iteration|  Initiation Interval  | Trip |          |
        |         Loop Name         |   min   |   max   |  Latency |  achieved |   target  | Count| Pipelined|
        +---------------------------+---------+---------+----------+-----------+-----------+------+----------+
        |- LOAD_IC_LOAD_IH_LOAD_IW  |     3081|     3081|        11|          1|          1|  3072|       yes|
        +---------------------------+---------+---------+----------+-----------+-----------+------+----------+



================================================================
== Utilization Estimates
================================================================
* Summary: 
+-----------------+---------+-----+--------+--------+-----+
|       Name      | BRAM_18K| DSP |   FF   |   LUT  | URAM|
+-----------------+---------+-----+--------+--------+-----+
|DSP              |        -|    1|       -|       -|    -|
|Expression       |        -|    -|       0|     911|    -|
|FIFO             |        -|    -|       -|       -|    -|
|Instance         |        -|    0|     260|     249|    -|
|Memory           |        0|    -|      47|      24|    -|
|Multiplexer      |        -|    -|       0|      99|    -|
|Register         |        -|    -|     470|      96|    -|
+-----------------+---------+-----+--------+--------+-----+
|Total            |        0|    1|     777|    1379|    0|
+-----------------+---------+-----+--------+--------+-----+
|Available        |     1090|  900|  437200|  218600|    0|
+-----------------+---------+-----+--------+--------+-----+
|Utilization (%)  |        0|   ~0|      ~0|      ~0|    0|
+-----------------+---------+-----+--------+--------+-----+

+ Detail: 
    * Instance: 
    +-------------------------+----------------------+---------+----+-----+----+-----+
    |         Instance        |        Module        | BRAM_18K| DSP|  FF | LUT| URAM|
    +-------------------------+----------------------+---------+----+-----+----+-----+
    |mul_6ns_8ns_13_1_1_U2    |mul_6ns_8ns_13_1_1    |        0|   0|    0|  41|    0|
    |mul_6ns_8ns_13_1_1_U4    |mul_6ns_8ns_13_1_1    |        0|   0|    0|  41|    0|
    |sparsemux_7_2_32_1_1_U6  |sparsemux_7_2_32_1_1  |        0|   0|    0|   9|    0|
    |urem_6ns_3ns_2_10_1_U3   |urem_6ns_3ns_2_10_1   |        0|   0|  130|  79|    0|
    |urem_6ns_3ns_2_10_1_U5   |urem_6ns_3ns_2_10_1   |        0|   0|  130|  79|    0|
    +-------------------------+----------------------+---------+----+-----+----+-----+
    |Total                    |                      |        0|   0|  260| 249|    0|
    +-------------------------+----------------------+---------+----+-----+----+-----+

    * DSP: 
    +---------------------------------+------------------------------+--------------+
    |             Instance            |            Module            |  Expression  |
    +---------------------------------+------------------------------+--------------+
    |mac_muladd_5ns_4ns_5ns_7_4_1_U7  |mac_muladd_5ns_4ns_5ns_7_4_1  |  i0 * i1 + i2|
    +---------------------------------+------------------------------+--------------+

    * Memory: 
    +------------------+------------------------------------------------------------------------------+---------+----+----+-----+------+-----+------+-------------+
    |      Memory      |                                    Module                                    | BRAM_18K| FF | LUT| URAM| Words| Bits| Banks| W*Bits*Banks|
    +------------------+------------------------------------------------------------------------------+---------+----+----+-----+------+-----+------+-------------+
    |mask_table_U      |mobilenet_v1_qat_Pipeline_LOAD_IC_LOAD_IH_LOAD_IW_mask_table_ROM_AUTO_1R      |        0|  23|  12|    0|    32|   23|     1|          736|
    |one_half_table_U  |mobilenet_v1_qat_Pipeline_LOAD_IC_LOAD_IH_LOAD_IW_one_half_table_ROM_AUTO_1R  |        0|  24|  12|    0|    32|   24|     1|          768|
    +------------------+------------------------------------------------------------------------------+---------+----+----+-----+------+-----+------+-------------+
    |Total             |                                                                              |        0|  47|  24|    0|    64|   47|     2|         1504|
    +------------------+------------------------------------------------------------------------------+---------+----+----+-----+------+-----+------+-------------+

    * FIFO: 
    N/A

    * Expression: 
    +---------------------------+----------+----+---+-----+------------+------------+
    |       Variable Name       | Operation| DSP| FF| LUT | Bitwidth P0| Bitwidth P1|
    +---------------------------+----------+----+---+-----+------------+------------+
    |add_ln11_1_fu_666_p2       |         +|   0|  0|   12|          12|           1|
    |add_ln11_fu_675_p2         |         +|   0|  0|    3|           2|           1|
    |add_ln12_1_fu_703_p2       |         +|   0|  0|   12|          12|           1|
    |add_ln12_fu_762_p2         |         +|   0|  0|    6|           6|           1|
    |add_ln13_fu_841_p2         |         +|   0|  0|    6|           6|           1|
    |add_ln317_fu_1043_p2       |         +|   0|  0|    9|           9|           8|
    |data_2_fu_936_p2           |         +|   0|  0|   32|          32|          32|
    |result_2_fu_1132_p2        |         -|   0|  0|   32|           1|          32|
    |sub_ln18_fu_1057_p2        |         -|   0|  0|    8|           7|           8|
    |and_ln11_fu_756_p2         |       and|   0|  0|    1|           1|           1|
    |and_ln170_fu_984_p2        |       and|   0|  0|    1|           1|           1|
    |ap_block_pp0_stage0_11001  |       and|   0|  0|    1|           1|           1|
    |ap_condition_386           |       and|   0|  0|    1|           1|           1|
    |xs_sig_fu_951_p2           |       and|   0|  0|   23|          23|          23|
    |icmp_ln11_fu_660_p2        |      icmp|   0|  0|   12|          12|          12|
    |icmp_ln12_fu_681_p2        |      icmp|   0|  0|   12|          12|          11|
    |icmp_ln13_fu_750_p2        |      icmp|   0|  0|    7|           6|           7|
    |icmp_ln167_fu_885_p2       |      icmp|   0|  0|    8|           8|           7|
    |icmp_ln170_fu_899_p2       |      icmp|   0|  0|    8|           8|           8|
    |icmp_ln17_fu_1195_p2       |      icmp|   0|  0|   25|          25|           1|
    |icmp_ln18_fu_1207_p2       |      icmp|   0|  0|   32|          32|           9|
    |lshr_ln18_fu_1093_p2       |      lshr|   0|  0|  242|          79|          79|
    |empty_fu_768_p2            |        or|   0|  0|    1|           1|           1|
    |iw_mid2_fu_773_p3          |    select|   0|  0|    6|           1|           1|
    |r_1_fu_1200_p3             |    select|   0|  0|   32|           1|           7|
    |result_fu_1138_p3          |    select|   0|  0|   32|           1|          32|
    |select_ln11_1_fu_687_p3    |    select|   0|  0|    2|           1|           2|
    |select_ln11_fu_738_p3      |    select|   0|  0|    6|           1|           1|
    |select_ln12_1_fu_709_p3    |    select|   0|  0|   12|           1|           1|
    |select_ln12_fu_781_p3      |    select|   0|  0|    6|           1|           6|
    |select_ln18_fu_1079_p3     |    select|   0|  0|    9|           1|           9|
    |select_ln19_fu_1217_p3     |    select|   0|  0|    9|           1|           9|
    |val_1_fu_1125_p3           |    select|   0|  0|   32|           1|          32|
    |shl_ln18_fu_1099_p2        |       shl|   0|  0|  242|          79|          79|
    |ap_enable_pp0              |       xor|   0|  0|    2|           1|           2|
    |xor_ln11_fu_745_p2         |       xor|   0|  0|    2|           1|           2|
    |xor_ln167_fu_979_p2        |       xor|   0|  0|    2|           1|           2|
    |xor_ln184_fu_945_p2        |       xor|   0|  0|   23|          23|           2|
    +---------------------------+----------+----+---+-----+------------+------------+
    |Total                      |          |   0|  0|  911|         412|         434|
    +---------------------------+----------+----+---+-----+------------+------------+

    * Multiplexer: 
    +----------------------------------------+----+-----------+-----+-----------+
    |                  Name                  | LUT| Input Size| Bits| Total Bits|
    +----------------------------------------+----+-----------+-----+-----------+
    |ap_done_int                             |   9|          2|    1|          2|
    |ap_enable_reg_pp0_iter1                 |   9|          2|    1|          2|
    |ap_sig_allocacmp_ic_load                |   9|          2|    2|          4|
    |ap_sig_allocacmp_indvar_flatten12_load  |   9|          2|   12|         24|
    |ap_sig_allocacmp_indvar_flatten_load    |   9|          2|   12|         24|
    |gmem_blk_n_R                            |   9|          2|    1|          2|
    |ic_fu_210                               |   9|          2|    2|          4|
    |ih_fu_202                               |   9|          2|    6|         12|
    |indvar_flatten12_fu_214                 |   9|          2|   12|         24|
    |indvar_flatten_fu_206                   |   9|          2|   12|         24|
    |iw_fu_198                               |   9|          2|    6|         12|
    +----------------------------------------+----+-----------+-----+-----------+
    |Total                                   |  99|         22|   67|        134|
    +----------------------------------------+----+-----------+-----+-----------+

    * Register: 
    +-------------------------------------------+----+----+-----+-----------+
    |                    Name                   | FF | LUT| Bits| Const Bits|
    +-------------------------------------------+----+----+-----+-----------+
    |add_ln19_reg_1355                          |   7|   0|    7|          0|
    |add_ln317_reg_1406                         |   9|   0|    9|          0|
    |ap_CS_fsm                                  |   1|   0|    1|          0|
    |ap_block_pp0_stage0_subdone_grp0_done_reg  |   1|   0|    1|          0|
    |ap_done_reg                                |   1|   0|    1|          0|
    |ap_enable_reg_pp0_iter1                    |   1|   0|    1|          0|
    |ap_enable_reg_pp0_iter10                   |   1|   0|    1|          0|
    |ap_enable_reg_pp0_iter2                    |   1|   0|    1|          0|
    |ap_enable_reg_pp0_iter3                    |   1|   0|    1|          0|
    |ap_enable_reg_pp0_iter4                    |   1|   0|    1|          0|
    |ap_enable_reg_pp0_iter5                    |   1|   0|    1|          0|
    |ap_enable_reg_pp0_iter6                    |   1|   0|    1|          0|
    |ap_enable_reg_pp0_iter7                    |   1|   0|    1|          0|
    |ap_enable_reg_pp0_iter8                    |   1|   0|    1|          0|
    |ap_enable_reg_pp0_iter9                    |   1|   0|    1|          0|
    |ap_loop_exit_ready_pp0_iter1_reg           |   1|   0|    1|          0|
    |ap_loop_exit_ready_pp0_iter2_reg           |   1|   0|    1|          0|
    |ap_loop_exit_ready_pp0_iter3_reg           |   1|   0|    1|          0|
    |ap_loop_exit_ready_pp0_iter4_reg           |   1|   0|    1|          0|
    |ap_loop_exit_ready_pp0_iter5_reg           |   1|   0|    1|          0|
    |ap_loop_exit_ready_pp0_iter6_reg           |   1|   0|    1|          0|
    |ap_loop_exit_ready_pp0_iter7_reg           |   1|   0|    1|          0|
    |ap_loop_exit_ready_pp0_iter8_reg           |   1|   0|    1|          0|
    |ap_loop_exit_ready_pp0_iter9_reg           |   1|   0|    1|          0|
    |data_3_reg_1365                            |  32|   0|   32|          0|
    |gmem_addr_read_reg_1340                    |  32|   0|   32|          0|
    |ic_fu_210                                  |   2|   0|    2|          0|
    |icmp_ln12_reg_1304                         |   1|   0|    1|          0|
    |icmp_ln167_reg_1370                        |   1|   0|    1|          0|
    |icmp_ln170_reg_1381                        |   1|   0|    1|          0|
    |ih_fu_202                                  |   6|   0|    6|          0|
    |indvar_flatten12_fu_214                    |  12|   0|   12|          0|
    |indvar_flatten_fu_206                      |  12|   0|   12|          0|
    |iw_fu_198                                  |   6|   0|    6|          0|
    |result_reg_1422                            |  32|   0|   32|          0|
    |select_ln11_1_reg_1311                     |   2|   0|    2|          0|
    |sub_ln18_reg_1417                          |   8|   0|    8|          0|
    |tmp_150_reg_1330                           |   5|   0|    5|          0|
    |tmp_151_reg_1376                           |   1|   0|    1|          0|
    |tmp_153_reg_1411                           |   1|   0|    1|          0|
    |tmp_154_reg_1427                           |  25|   0|   25|          0|
    |tmp_reg_1325                               |   5|   0|    5|          0|
    |trunc_ln342_reg_1401                       |  23|   0|   23|          0|
    |val_reg_1360                               |  32|   0|   32|          0|
    |xs_sign_reg_1396                           |   1|   0|    1|          0|
    |add_ln19_reg_1355                          |  64|  32|    7|          0|
    |select_ln11_1_reg_1311                     |  64|  32|    2|          0|
    |tmp_150_reg_1330                           |  64|  32|    5|          0|
    +-------------------------------------------+----+----+-----+-----------+
    |Total                                      | 470|  96|  292|          0|
    +-------------------------------------------+----+----+-----+-----------+



================================================================
== Interface
================================================================
* Summary: 
+-----------------------+-----+-----+------------+---------------------------------------------------+--------------+
|       RTL Ports       | Dir | Bits|  Protocol  |                   Source Object                   |    C Type    |
+-----------------------+-----+-----+------------+---------------------------------------------------+--------------+
|ap_clk                 |   in|    1|  ap_ctrl_hs|  mobilenet_v1_qat_Pipeline_LOAD_IC_LOAD_IH_LOAD_IW|  return value|
|ap_rst                 |   in|    1|  ap_ctrl_hs|  mobilenet_v1_qat_Pipeline_LOAD_IC_LOAD_IH_LOAD_IW|  return value|
|ap_start               |   in|    1|  ap_ctrl_hs|  mobilenet_v1_qat_Pipeline_LOAD_IC_LOAD_IH_LOAD_IW|  return value|
|ap_done                |  out|    1|  ap_ctrl_hs|  mobilenet_v1_qat_Pipeline_LOAD_IC_LOAD_IH_LOAD_IW|  return value|
|ap_idle                |  out|    1|  ap_ctrl_hs|  mobilenet_v1_qat_Pipeline_LOAD_IC_LOAD_IH_LOAD_IW|  return value|
|ap_ready               |  out|    1|  ap_ctrl_hs|  mobilenet_v1_qat_Pipeline_LOAD_IC_LOAD_IH_LOAD_IW|  return value|
|grp_fu_1113_p_din0     |  out|   32|  ap_ctrl_hs|  mobilenet_v1_qat_Pipeline_LOAD_IC_LOAD_IH_LOAD_IW|  return value|
|grp_fu_1113_p_din1     |  out|   32|  ap_ctrl_hs|  mobilenet_v1_qat_Pipeline_LOAD_IC_LOAD_IH_LOAD_IW|  return value|
|grp_fu_1113_p_dout0    |   in|   32|  ap_ctrl_hs|  mobilenet_v1_qat_Pipeline_LOAD_IC_LOAD_IH_LOAD_IW|  return value|
|grp_fu_1113_p_ce       |  out|    1|  ap_ctrl_hs|  mobilenet_v1_qat_Pipeline_LOAD_IC_LOAD_IH_LOAD_IW|  return value|
|m_axi_gmem_0_AWVALID   |  out|    1|       m_axi|                                               gmem|       pointer|
|m_axi_gmem_0_AWREADY   |   in|    1|       m_axi|                                               gmem|       pointer|
|m_axi_gmem_0_AWADDR    |  out|   64|       m_axi|                                               gmem|       pointer|
|m_axi_gmem_0_AWID      |  out|    1|       m_axi|                                               gmem|       pointer|
|m_axi_gmem_0_AWLEN     |  out|   32|       m_axi|                                               gmem|       pointer|
|m_axi_gmem_0_AWSIZE    |  out|    3|       m_axi|                                               gmem|       pointer|
|m_axi_gmem_0_AWBURST   |  out|    2|       m_axi|                                               gmem|       pointer|
|m_axi_gmem_0_AWLOCK    |  out|    2|       m_axi|                                               gmem|       pointer|
|m_axi_gmem_0_AWCACHE   |  out|    4|       m_axi|                                               gmem|       pointer|
|m_axi_gmem_0_AWPROT    |  out|    3|       m_axi|                                               gmem|       pointer|
|m_axi_gmem_0_AWQOS     |  out|    4|       m_axi|                                               gmem|       pointer|
|m_axi_gmem_0_AWREGION  |  out|    4|       m_axi|                                               gmem|       pointer|
|m_axi_gmem_0_AWUSER    |  out|    1|       m_axi|                                               gmem|       pointer|
|m_axi_gmem_0_WVALID    |  out|    1|       m_axi|                                               gmem|       pointer|
|m_axi_gmem_0_WREADY    |   in|    1|       m_axi|                                               gmem|       pointer|
|m_axi_gmem_0_WDATA     |  out|   32|       m_axi|                                               gmem|       pointer|
|m_axi_gmem_0_WSTRB     |  out|    4|       m_axi|                                               gmem|       pointer|
|m_axi_gmem_0_WLAST     |  out|    1|       m_axi|                                               gmem|       pointer|
|m_axi_gmem_0_WID       |  out|    1|       m_axi|                                               gmem|       pointer|
|m_axi_gmem_0_WUSER     |  out|    1|       m_axi|                                               gmem|       pointer|
|m_axi_gmem_0_ARVALID   |  out|    1|       m_axi|                                               gmem|       pointer|
|m_axi_gmem_0_ARREADY   |   in|    1|       m_axi|                                               gmem|       pointer|
|m_axi_gmem_0_ARADDR    |  out|   64|       m_axi|                                               gmem|       pointer|
|m_axi_gmem_0_ARID      |  out|    1|       m_axi|                                               gmem|       pointer|
|m_axi_gmem_0_ARLEN     |  out|   32|       m_axi|                                               gmem|       pointer|
|m_axi_gmem_0_ARSIZE    |  out|    3|       m_axi|                                               gmem|       pointer|
|m_axi_gmem_0_ARBURST   |  out|    2|       m_axi|                                               gmem|       pointer|
|m_axi_gmem_0_ARLOCK    |  out|    2|       m_axi|                                               gmem|       pointer|
|m_axi_gmem_0_ARCACHE   |  out|    4|       m_axi|                                               gmem|       pointer|
|m_axi_gmem_0_ARPROT    |  out|    3|       m_axi|                                               gmem|       pointer|
|m_axi_gmem_0_ARQOS     |  out|    4|       m_axi|                                               gmem|       pointer|
|m_axi_gmem_0_ARREGION  |  out|    4|       m_axi|                                               gmem|       pointer|
|m_axi_gmem_0_ARUSER    |  out|    1|       m_axi|                                               gmem|       pointer|
|m_axi_gmem_0_RVALID    |   in|    1|       m_axi|                                               gmem|       pointer|
|m_axi_gmem_0_RREADY    |  out|    1|       m_axi|                                               gmem|       pointer|
|m_axi_gmem_0_RDATA     |   in|   32|       m_axi|                                               gmem|       pointer|
|m_axi_gmem_0_RLAST     |   in|    1|       m_axi|                                               gmem|       pointer|
|m_axi_gmem_0_RID       |   in|    1|       m_axi|                                               gmem|       pointer|
|m_axi_gmem_0_RFIFONUM  |   in|    9|       m_axi|                                               gmem|       pointer|
|m_axi_gmem_0_RUSER     |   in|    1|       m_axi|                                               gmem|       pointer|
|m_axi_gmem_0_RRESP     |   in|    2|       m_axi|                                               gmem|       pointer|
|m_axi_gmem_0_BVALID    |   in|    1|       m_axi|                                               gmem|       pointer|
|m_axi_gmem_0_BREADY    |  out|    1|       m_axi|                                               gmem|       pointer|
|m_axi_gmem_0_BRESP     |   in|    2|       m_axi|                                               gmem|       pointer|
|m_axi_gmem_0_BID       |   in|    1|       m_axi|                                               gmem|       pointer|
|m_axi_gmem_0_BUSER     |   in|    1|       m_axi|                                               gmem|       pointer|
|sext_ln11              |   in|   62|     ap_none|                                          sext_ln11|        scalar|
|in_buf_address0        |  out|    7|   ap_memory|                                             in_buf|         array|
|in_buf_ce0             |  out|    1|   ap_memory|                                             in_buf|         array|
|in_buf_we0             |  out|    1|   ap_memory|                                             in_buf|         array|
|in_buf_d0              |  out|    8|   ap_memory|                                             in_buf|         array|
|in_buf_1_address0      |  out|    7|   ap_memory|                                           in_buf_1|         array|
|in_buf_1_ce0           |  out|    1|   ap_memory|                                           in_buf_1|         array|
|in_buf_1_we0           |  out|    1|   ap_memory|                                           in_buf_1|         array|
|in_buf_1_d0            |  out|    8|   ap_memory|                                           in_buf_1|         array|
|in_buf_2_address0      |  out|    7|   ap_memory|                                           in_buf_2|         array|
|in_buf_2_ce0           |  out|    1|   ap_memory|                                           in_buf_2|         array|
|in_buf_2_we0           |  out|    1|   ap_memory|                                           in_buf_2|         array|
|in_buf_2_d0            |  out|    8|   ap_memory|                                           in_buf_2|         array|
|in_buf_3_address0      |  out|    7|   ap_memory|                                           in_buf_3|         array|
|in_buf_3_ce0           |  out|    1|   ap_memory|                                           in_buf_3|         array|
|in_buf_3_we0           |  out|    1|   ap_memory|                                           in_buf_3|         array|
|in_buf_3_d0            |  out|    8|   ap_memory|                                           in_buf_3|         array|
|in_buf_4_address0      |  out|    7|   ap_memory|                                           in_buf_4|         array|
|in_buf_4_ce0           |  out|    1|   ap_memory|                                           in_buf_4|         array|
|in_buf_4_we0           |  out|    1|   ap_memory|                                           in_buf_4|         array|
|in_buf_4_d0            |  out|    8|   ap_memory|                                           in_buf_4|         array|
|in_buf_5_address0      |  out|    7|   ap_memory|                                           in_buf_5|         array|
|in_buf_5_ce0           |  out|    1|   ap_memory|                                           in_buf_5|         array|
|in_buf_5_we0           |  out|    1|   ap_memory|                                           in_buf_5|         array|
|in_buf_5_d0            |  out|    8|   ap_memory|                                           in_buf_5|         array|
|in_buf_6_address0      |  out|    7|   ap_memory|                                           in_buf_6|         array|
|in_buf_6_ce0           |  out|    1|   ap_memory|                                           in_buf_6|         array|
|in_buf_6_we0           |  out|    1|   ap_memory|                                           in_buf_6|         array|
|in_buf_6_d0            |  out|    8|   ap_memory|                                           in_buf_6|         array|
|in_buf_7_address0      |  out|    7|   ap_memory|                                           in_buf_7|         array|
|in_buf_7_ce0           |  out|    1|   ap_memory|                                           in_buf_7|         array|
|in_buf_7_we0           |  out|    1|   ap_memory|                                           in_buf_7|         array|
|in_buf_7_d0            |  out|    8|   ap_memory|                                           in_buf_7|         array|
|in_buf_8_address0      |  out|    7|   ap_memory|                                           in_buf_8|         array|
|in_buf_8_ce0           |  out|    1|   ap_memory|                                           in_buf_8|         array|
|in_buf_8_we0           |  out|    1|   ap_memory|                                           in_buf_8|         array|
|in_buf_8_d0            |  out|    8|   ap_memory|                                           in_buf_8|         array|
|in_buf_9_address0      |  out|    7|   ap_memory|                                           in_buf_9|         array|
|in_buf_9_ce0           |  out|    1|   ap_memory|                                           in_buf_9|         array|
|in_buf_9_we0           |  out|    1|   ap_memory|                                           in_buf_9|         array|
|in_buf_9_d0            |  out|    8|   ap_memory|                                           in_buf_9|         array|
|in_buf_10_address0     |  out|    7|   ap_memory|                                          in_buf_10|         array|
|in_buf_10_ce0          |  out|    1|   ap_memory|                                          in_buf_10|         array|
|in_buf_10_we0          |  out|    1|   ap_memory|                                          in_buf_10|         array|
|in_buf_10_d0           |  out|    8|   ap_memory|                                          in_buf_10|         array|
|in_buf_11_address0     |  out|    7|   ap_memory|                                          in_buf_11|         array|
|in_buf_11_ce0          |  out|    1|   ap_memory|                                          in_buf_11|         array|
|in_buf_11_we0          |  out|    1|   ap_memory|                                          in_buf_11|         array|
|in_buf_11_d0           |  out|    8|   ap_memory|                                          in_buf_11|         array|
|in_buf_12_address0     |  out|    7|   ap_memory|                                          in_buf_12|         array|
|in_buf_12_ce0          |  out|    1|   ap_memory|                                          in_buf_12|         array|
|in_buf_12_we0          |  out|    1|   ap_memory|                                          in_buf_12|         array|
|in_buf_12_d0           |  out|    8|   ap_memory|                                          in_buf_12|         array|
|in_buf_13_address0     |  out|    7|   ap_memory|                                          in_buf_13|         array|
|in_buf_13_ce0          |  out|    1|   ap_memory|                                          in_buf_13|         array|
|in_buf_13_we0          |  out|    1|   ap_memory|                                          in_buf_13|         array|
|in_buf_13_d0           |  out|    8|   ap_memory|                                          in_buf_13|         array|
|in_buf_14_address0     |  out|    7|   ap_memory|                                          in_buf_14|         array|
|in_buf_14_ce0          |  out|    1|   ap_memory|                                          in_buf_14|         array|
|in_buf_14_we0          |  out|    1|   ap_memory|                                          in_buf_14|         array|
|in_buf_14_d0           |  out|    8|   ap_memory|                                          in_buf_14|         array|
|in_buf_15_address0     |  out|    7|   ap_memory|                                          in_buf_15|         array|
|in_buf_15_ce0          |  out|    1|   ap_memory|                                          in_buf_15|         array|
|in_buf_15_we0          |  out|    1|   ap_memory|                                          in_buf_15|         array|
|in_buf_15_d0           |  out|    8|   ap_memory|                                          in_buf_15|         array|
|in_buf_16_address0     |  out|    7|   ap_memory|                                          in_buf_16|         array|
|in_buf_16_ce0          |  out|    1|   ap_memory|                                          in_buf_16|         array|
|in_buf_16_we0          |  out|    1|   ap_memory|                                          in_buf_16|         array|
|in_buf_16_d0           |  out|    8|   ap_memory|                                          in_buf_16|         array|
|in_buf_17_address0     |  out|    7|   ap_memory|                                          in_buf_17|         array|
|in_buf_17_ce0          |  out|    1|   ap_memory|                                          in_buf_17|         array|
|in_buf_17_we0          |  out|    1|   ap_memory|                                          in_buf_17|         array|
|in_buf_17_d0           |  out|    8|   ap_memory|                                          in_buf_17|         array|
|in_buf_18_address0     |  out|    7|   ap_memory|                                          in_buf_18|         array|
|in_buf_18_ce0          |  out|    1|   ap_memory|                                          in_buf_18|         array|
|in_buf_18_we0          |  out|    1|   ap_memory|                                          in_buf_18|         array|
|in_buf_18_d0           |  out|    8|   ap_memory|                                          in_buf_18|         array|
|in_buf_19_address0     |  out|    7|   ap_memory|                                          in_buf_19|         array|
|in_buf_19_ce0          |  out|    1|   ap_memory|                                          in_buf_19|         array|
|in_buf_19_we0          |  out|    1|   ap_memory|                                          in_buf_19|         array|
|in_buf_19_d0           |  out|    8|   ap_memory|                                          in_buf_19|         array|
|in_buf_20_address0     |  out|    7|   ap_memory|                                          in_buf_20|         array|
|in_buf_20_ce0          |  out|    1|   ap_memory|                                          in_buf_20|         array|
|in_buf_20_we0          |  out|    1|   ap_memory|                                          in_buf_20|         array|
|in_buf_20_d0           |  out|    8|   ap_memory|                                          in_buf_20|         array|
|in_buf_21_address0     |  out|    7|   ap_memory|                                          in_buf_21|         array|
|in_buf_21_ce0          |  out|    1|   ap_memory|                                          in_buf_21|         array|
|in_buf_21_we0          |  out|    1|   ap_memory|                                          in_buf_21|         array|
|in_buf_21_d0           |  out|    8|   ap_memory|                                          in_buf_21|         array|
|in_buf_22_address0     |  out|    7|   ap_memory|                                          in_buf_22|         array|
|in_buf_22_ce0          |  out|    1|   ap_memory|                                          in_buf_22|         array|
|in_buf_22_we0          |  out|    1|   ap_memory|                                          in_buf_22|         array|
|in_buf_22_d0           |  out|    8|   ap_memory|                                          in_buf_22|         array|
|in_buf_23_address0     |  out|    7|   ap_memory|                                          in_buf_23|         array|
|in_buf_23_ce0          |  out|    1|   ap_memory|                                          in_buf_23|         array|
|in_buf_23_we0          |  out|    1|   ap_memory|                                          in_buf_23|         array|
|in_buf_23_d0           |  out|    8|   ap_memory|                                          in_buf_23|         array|
|in_buf_24_address0     |  out|    7|   ap_memory|                                          in_buf_24|         array|
|in_buf_24_ce0          |  out|    1|   ap_memory|                                          in_buf_24|         array|
|in_buf_24_we0          |  out|    1|   ap_memory|                                          in_buf_24|         array|
|in_buf_24_d0           |  out|    8|   ap_memory|                                          in_buf_24|         array|
|in_buf_25_address0     |  out|    7|   ap_memory|                                          in_buf_25|         array|
|in_buf_25_ce0          |  out|    1|   ap_memory|                                          in_buf_25|         array|
|in_buf_25_we0          |  out|    1|   ap_memory|                                          in_buf_25|         array|
|in_buf_25_d0           |  out|    8|   ap_memory|                                          in_buf_25|         array|
|in_buf_26_address0     |  out|    7|   ap_memory|                                          in_buf_26|         array|
|in_buf_26_ce0          |  out|    1|   ap_memory|                                          in_buf_26|         array|
|in_buf_26_we0          |  out|    1|   ap_memory|                                          in_buf_26|         array|
|in_buf_26_d0           |  out|    8|   ap_memory|                                          in_buf_26|         array|
+-----------------------+-----+-----+------------+---------------------------------------------------+--------------+

