

================================================================
== Vitis HLS Report for 'mobilenet_v1_qat_Pipeline_STORE_O'
================================================================
* Date:           Sat Jun 27 11:08:37 2026

* Version:        2025.2 (Build 6295257 on Nov 14 2025)
* Project:        QAT_HLS
* Solution:       hls (Vivado IP Flow Target)
* Product family: zynq
* Target device:  xc7z045-ffg900-2


================================================================
== Performance Estimates
================================================================
+ Timing: 
    * Summary: 
    +--------+----------+----------+------------+
    |  Clock |  Target  | Estimated| Uncertainty|
    +--------+----------+----------+------------+
    |ap_clk  |  10.00 ns|  7.300 ns|     2.70 ns|
    +--------+----------+----------+------------+

+ Latency: 
    * Summary: 
    +---------+---------+----------+----------+-----+-----+-------------------+
    |  Latency (cycles) |  Latency (absolute) |  Interval |      Pipeline     |
    |   min   |   max   |    min   |    max   | min | max |        Type       |
    +---------+---------+----------+----------+-----+-----+-------------------+
    |       13|       13|  0.130 us|  0.130 us|    0|    0|  loop pipeline stp|
    +---------+---------+----------+----------+-----+-----+-------------------+

    + Detail: 
        * Instance: 
        N/A

        * Loop: 
        +-----------+---------+---------+----------+-----------+-----------+------+----------+
        |           |  Latency (cycles) | Iteration|  Initiation Interval  | Trip |          |
        | Loop Name |   min   |   max   |  Latency |  achieved |   target  | Count| Pipelined|
        +-----------+---------+---------+----------+-----------+-----------+------+----------+
        |- STORE_O  |       11|       11|         3|          1|          1|    10|       yes|
        +-----------+---------+---------+----------+-----------+-----------+------+----------+



================================================================
== Utilization Estimates
================================================================
* Summary: 
+-----------------+---------+-----+--------+--------+-----+
|       Name      | BRAM_18K| DSP |   FF   |   LUT  | URAM|
+-----------------+---------+-----+--------+--------+-----+
|DSP              |        -|    -|       -|       -|    -|
|Expression       |        -|    -|       0|      15|    -|
|FIFO             |        -|    -|       -|       -|    -|
|Instance         |        -|    -|       -|       -|    -|
|Memory           |        -|    -|       -|       -|    -|
|Multiplexer      |        -|    -|       0|      45|    -|
|Register         |        -|    -|      41|       -|    -|
+-----------------+---------+-----+--------+--------+-----+
|Total            |        0|    0|      41|      60|    0|
+-----------------+---------+-----+--------+--------+-----+
|Available        |     1090|  900|  437200|  218600|    0|
+-----------------+---------+-----+--------+--------+-----+
|Utilization (%)  |        0|    0|      ~0|      ~0|    0|
+-----------------+---------+-----+--------+--------+-----+

+ Detail: 
    * Instance: 
    N/A

    * DSP: 
    N/A

    * Memory: 
    N/A

    * FIFO: 
    N/A

    * Expression: 
    +---------------------------+----------+----+---+----+------------+------------+
    |       Variable Name       | Operation| DSP| FF| LUT| Bitwidth P0| Bitwidth P1|
    +---------------------------+----------+----+---+----+------------+------------+
    |add_ln29_fu_103_p2         |         +|   0|  0|   6|           4|           1|
    |ap_block_pp0_stage0_11001  |       and|   0|  0|   1|           1|           1|
    |icmp_ln29_fu_97_p2         |      icmp|   0|  0|   6|           4|           4|
    |ap_enable_pp0              |       xor|   0|  0|   2|           1|           2|
    +---------------------------+----------+----+---+----+------------+------------+
    |Total                      |          |   0|  0|  15|          10|           8|
    +---------------------------+----------+----+---+----+------------+------------+

    * Multiplexer: 
    +-------------------------+----+-----------+-----+-----------+
    |           Name          | LUT| Input Size| Bits| Total Bits|
    +-------------------------+----+-----------+-----+-----------+
    |ap_done_int              |   9|          2|    1|          2|
    |ap_enable_reg_pp0_iter1  |   9|          2|    1|          2|
    |ap_sig_allocacmp_i_1     |   9|          2|    4|          8|
    |gmem_blk_n_W             |   9|          2|    1|          2|
    |i_fu_54                  |   9|          2|    4|          8|
    +-------------------------+----+-----------+-----+-----------+
    |Total                    |  45|         10|   11|         22|
    +-------------------------+----+-----------+-----+-----------+

    * Register: 
    +----------------------------------+----+----+-----+-----------+
    |               Name               | FF | LUT| Bits| Const Bits|
    +----------------------------------+----+----+-----+-----------+
    |ap_CS_fsm                         |   1|   0|    1|          0|
    |ap_done_reg                       |   1|   0|    1|          0|
    |ap_enable_reg_pp0_iter1           |   1|   0|    1|          0|
    |ap_enable_reg_pp0_iter2           |   1|   0|    1|          0|
    |ap_loop_exit_ready_pp0_iter1_reg  |   1|   0|    1|          0|
    |i_fu_54                           |   4|   0|    4|          0|
    |logits_load_reg_150               |  32|   0|   32|          0|
    +----------------------------------+----+----+-----+-----------+
    |Total                             |  41|   0|   41|          0|
    +----------------------------------+----+----+-----+-----------+



================================================================
== Interface
================================================================
* Summary: 
+-----------------------+-----+-----+------------+-----------------------------------+--------------+
|       RTL Ports       | Dir | Bits|  Protocol  |           Source Object           |    C Type    |
+-----------------------+-----+-----+------------+-----------------------------------+--------------+
|ap_clk                 |   in|    1|  ap_ctrl_hs|  mobilenet_v1_qat_Pipeline_STORE_O|  return value|
|ap_rst                 |   in|    1|  ap_ctrl_hs|  mobilenet_v1_qat_Pipeline_STORE_O|  return value|
|ap_start               |   in|    1|  ap_ctrl_hs|  mobilenet_v1_qat_Pipeline_STORE_O|  return value|
|ap_done                |  out|    1|  ap_ctrl_hs|  mobilenet_v1_qat_Pipeline_STORE_O|  return value|
|ap_idle                |  out|    1|  ap_ctrl_hs|  mobilenet_v1_qat_Pipeline_STORE_O|  return value|
|ap_ready               |  out|    1|  ap_ctrl_hs|  mobilenet_v1_qat_Pipeline_STORE_O|  return value|
|m_axi_gmem_0_AWVALID   |  out|    1|       m_axi|                               gmem|       pointer|
|m_axi_gmem_0_AWREADY   |   in|    1|       m_axi|                               gmem|       pointer|
|m_axi_gmem_0_AWADDR    |  out|   64|       m_axi|                               gmem|       pointer|
|m_axi_gmem_0_AWID      |  out|    1|       m_axi|                               gmem|       pointer|
|m_axi_gmem_0_AWLEN     |  out|   32|       m_axi|                               gmem|       pointer|
|m_axi_gmem_0_AWSIZE    |  out|    3|       m_axi|                               gmem|       pointer|
|m_axi_gmem_0_AWBURST   |  out|    2|       m_axi|                               gmem|       pointer|
|m_axi_gmem_0_AWLOCK    |  out|    2|       m_axi|                               gmem|       pointer|
|m_axi_gmem_0_AWCACHE   |  out|    4|       m_axi|                               gmem|       pointer|
|m_axi_gmem_0_AWPROT    |  out|    3|       m_axi|                               gmem|       pointer|
|m_axi_gmem_0_AWQOS     |  out|    4|       m_axi|                               gmem|       pointer|
|m_axi_gmem_0_AWREGION  |  out|    4|       m_axi|                               gmem|       pointer|
|m_axi_gmem_0_AWUSER    |  out|    1|       m_axi|                               gmem|       pointer|
|m_axi_gmem_0_WVALID    |  out|    1|       m_axi|                               gmem|       pointer|
|m_axi_gmem_0_WREADY    |   in|    1|       m_axi|                               gmem|       pointer|
|m_axi_gmem_0_WDATA     |  out|   32|       m_axi|                               gmem|       pointer|
|m_axi_gmem_0_WSTRB     |  out|    4|       m_axi|                               gmem|       pointer|
|m_axi_gmem_0_WLAST     |  out|    1|       m_axi|                               gmem|       pointer|
|m_axi_gmem_0_WID       |  out|    1|       m_axi|                               gmem|       pointer|
|m_axi_gmem_0_WUSER     |  out|    1|       m_axi|                               gmem|       pointer|
|m_axi_gmem_0_ARVALID   |  out|    1|       m_axi|                               gmem|       pointer|
|m_axi_gmem_0_ARREADY   |   in|    1|       m_axi|                               gmem|       pointer|
|m_axi_gmem_0_ARADDR    |  out|   64|       m_axi|                               gmem|       pointer|
|m_axi_gmem_0_ARID      |  out|    1|       m_axi|                               gmem|       pointer|
|m_axi_gmem_0_ARLEN     |  out|   32|       m_axi|                               gmem|       pointer|
|m_axi_gmem_0_ARSIZE    |  out|    3|       m_axi|                               gmem|       pointer|
|m_axi_gmem_0_ARBURST   |  out|    2|       m_axi|                               gmem|       pointer|
|m_axi_gmem_0_ARLOCK    |  out|    2|       m_axi|                               gmem|       pointer|
|m_axi_gmem_0_ARCACHE   |  out|    4|       m_axi|                               gmem|       pointer|
|m_axi_gmem_0_ARPROT    |  out|    3|       m_axi|                               gmem|       pointer|
|m_axi_gmem_0_ARQOS     |  out|    4|       m_axi|                               gmem|       pointer|
|m_axi_gmem_0_ARREGION  |  out|    4|       m_axi|                               gmem|       pointer|
|m_axi_gmem_0_ARUSER    |  out|    1|       m_axi|                               gmem|       pointer|
|m_axi_gmem_0_RVALID    |   in|    1|       m_axi|                               gmem|       pointer|
|m_axi_gmem_0_RREADY    |  out|    1|       m_axi|                               gmem|       pointer|
|m_axi_gmem_0_RDATA     |   in|   32|       m_axi|                               gmem|       pointer|
|m_axi_gmem_0_RLAST     |   in|    1|       m_axi|                               gmem|       pointer|
|m_axi_gmem_0_RID       |   in|    1|       m_axi|                               gmem|       pointer|
|m_axi_gmem_0_RFIFONUM  |   in|    9|       m_axi|                               gmem|       pointer|
|m_axi_gmem_0_RUSER     |   in|    1|       m_axi|                               gmem|       pointer|
|m_axi_gmem_0_RRESP     |   in|    2|       m_axi|                               gmem|       pointer|
|m_axi_gmem_0_BVALID    |   in|    1|       m_axi|                               gmem|       pointer|
|m_axi_gmem_0_BREADY    |  out|    1|       m_axi|                               gmem|       pointer|
|m_axi_gmem_0_BRESP     |   in|    2|       m_axi|                               gmem|       pointer|
|m_axi_gmem_0_BID       |   in|    1|       m_axi|                               gmem|       pointer|
|m_axi_gmem_0_BUSER     |   in|    1|       m_axi|                               gmem|       pointer|
|sext_ln29              |   in|   62|     ap_none|                          sext_ln29|        scalar|
|logits_address0        |  out|    4|   ap_memory|                             logits|         array|
|logits_ce0             |  out|    1|   ap_memory|                             logits|         array|
|logits_q0              |   in|   32|   ap_memory|                             logits|         array|
+-----------------------+-----+-----+------------+-----------------------------------+--------------+

