

================================================================
== Vitis HLS Report for 'pw3_qat'
================================================================
* Date:           Sat Jun 27 11:08:37 2026

* Version:        2025.2 (Build 6295257 on Nov 14 2025)
* Project:        QAT_HLS
* Solution:       hls (Vivado IP Flow Target)
* Product family: zynq
* Target device:  xc7z045-ffg900-2


================================================================
== Performance Estimates
================================================================
+ Timing: 
    * Summary: 
    +--------+----------+----------+------------+
    |  Clock |  Target  | Estimated| Uncertainty|
    +--------+----------+----------+------------+
    |ap_clk  |  10.00 ns|  7.124 ns|     2.70 ns|
    +--------+----------+----------+------------+

+ Latency: 
    * Summary: 
    +---------+---------+----------+----------+-----+-----+-------------------+
    |  Latency (cycles) |  Latency (absolute) |  Interval |      Pipeline     |
    |   min   |   max   |    min   |    max   | min | max |        Type       |
    +---------+---------+----------+----------+-----+-----+-------------------+
    |    32779|    32779|  0.328 ms|  0.328 ms|    0|    0|  loop pipeline stp|
    +---------+---------+----------+----------+-----+-----+-------------------+

    + Detail: 
        * Instance: 
        N/A

        * Loop: 
        +------------------------+---------+---------+----------+-----------+-----------+------+----------+
        |                        |  Latency (cycles) | Iteration|  Initiation Interval  | Trip |          |
        |        Loop Name       |   min   |   max   |  Latency |  achieved |   target  | Count| Pipelined|
        +------------------------+---------+---------+----------+-----------+-----------+------+----------+
        |- PW3_OC_PW3_OH_PW3_OW  |    32777|    32777|        42|         32|          1|  1024|       yes|
        +------------------------+---------+---------+----------+-----------+-----------+------+----------+



================================================================
== Utilization Estimates
================================================================
* Summary: 
+-----------------+---------+-----+--------+--------+-----+
|       Name      | BRAM_18K| DSP |   FF   |   LUT  | URAM|
+-----------------+---------+-----+--------+--------+-----+
|DSP              |        -|   66|       -|       -|    -|
|Expression       |        -|    -|       0|    1700|    -|
|FIFO             |        -|    -|       -|       -|    -|
|Instance         |        -|    0|       0|    2583|    -|
|Memory           |       17|    -|       0|       0|    -|
|Multiplexer      |        -|    -|       0|    1494|    -|
|Register         |        -|    -|    2845|       -|    -|
+-----------------+---------+-----+--------+--------+-----+
|Total            |       17|   66|    2845|    5777|    0|
+-----------------+---------+-----+--------+--------+-----+
|Available        |     1090|  900|  437200|  218600|    0|
+-----------------+---------+-----+--------+--------+-----+
|Utilization (%)  |        1|    7|      ~0|       2|    0|
+-----------------+---------+-----+--------+--------+-----+

+ Detail: 
    * Instance: 
    +------------------------+-------------------+---------+----+---+----+-----+
    |        Instance        |       Module      | BRAM_18K| DSP| FF| LUT| URAM|
    +------------------------+-------------------+---------+----+---+----+-----+
    |mul_7ns_8s_15_1_1_U654  |mul_7ns_8s_15_1_1  |        0|   0|  0|  41|    0|
    |mul_7ns_8s_15_1_1_U655  |mul_7ns_8s_15_1_1  |        0|   0|  0|  41|    0|
    |mul_7ns_8s_15_1_1_U656  |mul_7ns_8s_15_1_1  |        0|   0|  0|  41|    0|
    |mul_7ns_8s_15_1_1_U657  |mul_7ns_8s_15_1_1  |        0|   0|  0|  41|    0|
    |mul_7ns_8s_15_1_1_U658  |mul_7ns_8s_15_1_1  |        0|   0|  0|  41|    0|
    |mul_7ns_8s_15_1_1_U659  |mul_7ns_8s_15_1_1  |        0|   0|  0|  41|    0|
    |mul_7ns_8s_15_1_1_U660  |mul_7ns_8s_15_1_1  |        0|   0|  0|  41|    0|
    |mul_7ns_8s_15_1_1_U661  |mul_7ns_8s_15_1_1  |        0|   0|  0|  41|    0|
    |mul_7ns_8s_15_1_1_U662  |mul_7ns_8s_15_1_1  |        0|   0|  0|  41|    0|
    |mul_7ns_8s_15_1_1_U663  |mul_7ns_8s_15_1_1  |        0|   0|  0|  41|    0|
    |mul_7ns_8s_15_1_1_U664  |mul_7ns_8s_15_1_1  |        0|   0|  0|  41|    0|
    |mul_7ns_8s_15_1_1_U665  |mul_7ns_8s_15_1_1  |        0|   0|  0|  41|    0|
    |mul_7ns_8s_15_1_1_U666  |mul_7ns_8s_15_1_1  |        0|   0|  0|  41|    0|
    |mul_7ns_8s_15_1_1_U667  |mul_7ns_8s_15_1_1  |        0|   0|  0|  41|    0|
    |mul_7ns_8s_15_1_1_U668  |mul_7ns_8s_15_1_1  |        0|   0|  0|  41|    0|
    |mul_7ns_8s_15_1_1_U669  |mul_7ns_8s_15_1_1  |        0|   0|  0|  41|    0|
    |mul_7ns_8s_15_1_1_U670  |mul_7ns_8s_15_1_1  |        0|   0|  0|  41|    0|
    |mul_7ns_8s_15_1_1_U671  |mul_7ns_8s_15_1_1  |        0|   0|  0|  41|    0|
    |mul_7ns_8s_15_1_1_U672  |mul_7ns_8s_15_1_1  |        0|   0|  0|  41|    0|
    |mul_7ns_8s_15_1_1_U673  |mul_7ns_8s_15_1_1  |        0|   0|  0|  41|    0|
    |mul_7ns_8s_15_1_1_U674  |mul_7ns_8s_15_1_1  |        0|   0|  0|  41|    0|
    |mul_7ns_8s_15_1_1_U675  |mul_7ns_8s_15_1_1  |        0|   0|  0|  41|    0|
    |mul_7ns_8s_15_1_1_U676  |mul_7ns_8s_15_1_1  |        0|   0|  0|  41|    0|
    |mul_7ns_8s_15_1_1_U677  |mul_7ns_8s_15_1_1  |        0|   0|  0|  41|    0|
    |mul_7ns_8s_15_1_1_U678  |mul_7ns_8s_15_1_1  |        0|   0|  0|  41|    0|
    |mul_7ns_8s_15_1_1_U679  |mul_7ns_8s_15_1_1  |        0|   0|  0|  41|    0|
    |mul_7ns_8s_15_1_1_U680  |mul_7ns_8s_15_1_1  |        0|   0|  0|  41|    0|
    |mul_7ns_8s_15_1_1_U681  |mul_7ns_8s_15_1_1  |        0|   0|  0|  41|    0|
    |mul_7ns_8s_15_1_1_U682  |mul_7ns_8s_15_1_1  |        0|   0|  0|  41|    0|
    |mul_7ns_8s_15_1_1_U683  |mul_7ns_8s_15_1_1  |        0|   0|  0|  41|    0|
    |mul_7ns_8s_15_1_1_U684  |mul_7ns_8s_15_1_1  |        0|   0|  0|  41|    0|
    |mul_7ns_8s_15_1_1_U685  |mul_7ns_8s_15_1_1  |        0|   0|  0|  41|    0|
    |mul_7ns_8s_15_1_1_U686  |mul_7ns_8s_15_1_1  |        0|   0|  0|  41|    0|
    |mul_7ns_8s_15_1_1_U687  |mul_7ns_8s_15_1_1  |        0|   0|  0|  41|    0|
    |mul_7ns_8s_15_1_1_U688  |mul_7ns_8s_15_1_1  |        0|   0|  0|  41|    0|
    |mul_7ns_8s_15_1_1_U689  |mul_7ns_8s_15_1_1  |        0|   0|  0|  41|    0|
    |mul_7ns_8s_15_1_1_U690  |mul_7ns_8s_15_1_1  |        0|   0|  0|  41|    0|
    |mul_7ns_8s_15_1_1_U691  |mul_7ns_8s_15_1_1  |        0|   0|  0|  41|    0|
    |mul_7ns_8s_15_1_1_U692  |mul_7ns_8s_15_1_1  |        0|   0|  0|  41|    0|
    |mul_7ns_8s_15_1_1_U693  |mul_7ns_8s_15_1_1  |        0|   0|  0|  41|    0|
    |mul_7ns_8s_15_1_1_U694  |mul_7ns_8s_15_1_1  |        0|   0|  0|  41|    0|
    |mul_7ns_8s_15_1_1_U695  |mul_7ns_8s_15_1_1  |        0|   0|  0|  41|    0|
    |mul_7ns_8s_15_1_1_U696  |mul_7ns_8s_15_1_1  |        0|   0|  0|  41|    0|
    |mul_7ns_8s_15_1_1_U697  |mul_7ns_8s_15_1_1  |        0|   0|  0|  41|    0|
    |mul_7ns_8s_15_1_1_U698  |mul_7ns_8s_15_1_1  |        0|   0|  0|  41|    0|
    |mul_7ns_8s_15_1_1_U699  |mul_7ns_8s_15_1_1  |        0|   0|  0|  41|    0|
    |mul_7ns_8s_15_1_1_U700  |mul_7ns_8s_15_1_1  |        0|   0|  0|  41|    0|
    |mul_7ns_8s_15_1_1_U701  |mul_7ns_8s_15_1_1  |        0|   0|  0|  41|    0|
    |mul_7ns_8s_15_1_1_U702  |mul_7ns_8s_15_1_1  |        0|   0|  0|  41|    0|
    |mul_7ns_8s_15_1_1_U703  |mul_7ns_8s_15_1_1  |        0|   0|  0|  41|    0|
    |mul_7ns_8s_15_1_1_U704  |mul_7ns_8s_15_1_1  |        0|   0|  0|  41|    0|
    |mul_7ns_8s_15_1_1_U705  |mul_7ns_8s_15_1_1  |        0|   0|  0|  41|    0|
    |mul_7ns_8s_15_1_1_U706  |mul_7ns_8s_15_1_1  |        0|   0|  0|  41|    0|
    |mul_7ns_8s_15_1_1_U707  |mul_7ns_8s_15_1_1  |        0|   0|  0|  41|    0|
    |mul_7ns_8s_15_1_1_U708  |mul_7ns_8s_15_1_1  |        0|   0|  0|  41|    0|
    |mul_7ns_8s_15_1_1_U709  |mul_7ns_8s_15_1_1  |        0|   0|  0|  41|    0|
    |mul_7ns_8s_15_1_1_U710  |mul_7ns_8s_15_1_1  |        0|   0|  0|  41|    0|
    |mul_7ns_8s_15_1_1_U711  |mul_7ns_8s_15_1_1  |        0|   0|  0|  41|    0|
    |mul_7ns_8s_15_1_1_U712  |mul_7ns_8s_15_1_1  |        0|   0|  0|  41|    0|
    |mul_7ns_8s_15_1_1_U713  |mul_7ns_8s_15_1_1  |        0|   0|  0|  41|    0|
    |mul_7ns_8s_15_1_1_U714  |mul_7ns_8s_15_1_1  |        0|   0|  0|  41|    0|
    |mul_7ns_8s_15_1_1_U715  |mul_7ns_8s_15_1_1  |        0|   0|  0|  41|    0|
    |mul_7ns_8s_15_1_1_U716  |mul_7ns_8s_15_1_1  |        0|   0|  0|  41|    0|
    +------------------------+-------------------+---------+----+---+----+-----+
    |Total                   |                   |        0|   0|  0|2583|    0|
    +------------------------+-------------------+---------+----+---+----+-----+

    * DSP: 
    +---------------------------------------------+----------------------------------------+---------------------+
    |                   Instance                  |                 Module                 |      Expression     |
    +---------------------------------------------+----------------------------------------+---------------------+
    |ama_addmuladd_21s_21s_16ns_21ns_32_4_1_U782  |ama_addmuladd_21s_21s_16ns_21ns_32_4_1  |  (i0 + i1) * i2 + i3|
    |mac_muladd_8s_7ns_14s_16_4_1_U721            |mac_muladd_8s_7ns_14s_16_4_1            |         i0 + i1 * i2|
    |mac_muladd_8s_7ns_15s_16_4_1_U717            |mac_muladd_8s_7ns_15s_16_4_1            |         i0 + i1 * i2|
    |mac_muladd_8s_7ns_15s_16_4_1_U718            |mac_muladd_8s_7ns_15s_16_4_1            |         i0 + i1 * i2|
    |mac_muladd_8s_7ns_15s_16_4_1_U719            |mac_muladd_8s_7ns_15s_16_4_1            |         i0 + i1 * i2|
    |mac_muladd_8s_7ns_15s_16_4_1_U720            |mac_muladd_8s_7ns_15s_16_4_1            |         i0 + i1 * i2|
    |mac_muladd_8s_7ns_15s_16_4_1_U722            |mac_muladd_8s_7ns_15s_16_4_1            |         i0 + i1 * i2|
    |mac_muladd_8s_7ns_15s_16_4_1_U723            |mac_muladd_8s_7ns_15s_16_4_1            |         i0 + i1 * i2|
    |mac_muladd_8s_7ns_15s_16_4_1_U724            |mac_muladd_8s_7ns_15s_16_4_1            |         i0 + i1 * i2|
    |mac_muladd_8s_7ns_15s_16_4_1_U725            |mac_muladd_8s_7ns_15s_16_4_1            |         i0 + i1 * i2|
    |mac_muladd_8s_7ns_15s_16_4_1_U726            |mac_muladd_8s_7ns_15s_16_4_1            |         i0 + i1 * i2|
    |mac_muladd_8s_7ns_15s_16_4_1_U727            |mac_muladd_8s_7ns_15s_16_4_1            |         i0 + i1 * i2|
    |mac_muladd_8s_7ns_15s_16_4_1_U728            |mac_muladd_8s_7ns_15s_16_4_1            |         i0 + i1 * i2|
    |mac_muladd_8s_7ns_15s_16_4_1_U729            |mac_muladd_8s_7ns_15s_16_4_1            |         i0 + i1 * i2|
    |mac_muladd_8s_7ns_15s_16_4_1_U730            |mac_muladd_8s_7ns_15s_16_4_1            |         i0 + i1 * i2|
    |mac_muladd_8s_7ns_15s_16_4_1_U731            |mac_muladd_8s_7ns_15s_16_4_1            |         i0 + i1 * i2|
    |mac_muladd_8s_7ns_15s_16_4_1_U732            |mac_muladd_8s_7ns_15s_16_4_1            |         i0 + i1 * i2|
    |mac_muladd_8s_7ns_15s_16_4_1_U733            |mac_muladd_8s_7ns_15s_16_4_1            |         i0 + i1 * i2|
    |mac_muladd_8s_7ns_15s_16_4_1_U734            |mac_muladd_8s_7ns_15s_16_4_1            |         i0 + i1 * i2|
    |mac_muladd_8s_7ns_15s_16_4_1_U735            |mac_muladd_8s_7ns_15s_16_4_1            |         i0 + i1 * i2|
    |mac_muladd_8s_7ns_15s_16_4_1_U736            |mac_muladd_8s_7ns_15s_16_4_1            |         i0 + i1 * i2|
    |mac_muladd_8s_7ns_15s_16_4_1_U737            |mac_muladd_8s_7ns_15s_16_4_1            |         i0 + i1 * i2|
    |mac_muladd_8s_7ns_15s_16_4_1_U738            |mac_muladd_8s_7ns_15s_16_4_1            |         i0 + i1 * i2|
    |mac_muladd_8s_7ns_15s_16_4_1_U739            |mac_muladd_8s_7ns_15s_16_4_1            |         i0 + i1 * i2|
    |mac_muladd_8s_7ns_15s_16_4_1_U740            |mac_muladd_8s_7ns_15s_16_4_1            |         i0 + i1 * i2|
    |mac_muladd_8s_7ns_15s_16_4_1_U741            |mac_muladd_8s_7ns_15s_16_4_1            |         i0 + i1 * i2|
    |mac_muladd_8s_7ns_15s_16_4_1_U742            |mac_muladd_8s_7ns_15s_16_4_1            |         i0 + i1 * i2|
    |mac_muladd_8s_7ns_15s_16_4_1_U743            |mac_muladd_8s_7ns_15s_16_4_1            |         i0 + i1 * i2|
    |mac_muladd_8s_7ns_15s_16_4_1_U744            |mac_muladd_8s_7ns_15s_16_4_1            |         i0 + i1 * i2|
    |mac_muladd_8s_7ns_15s_16_4_1_U745            |mac_muladd_8s_7ns_15s_16_4_1            |         i0 + i1 * i2|
    |mac_muladd_8s_7ns_15s_16_4_1_U746            |mac_muladd_8s_7ns_15s_16_4_1            |         i0 + i1 * i2|
    |mac_muladd_8s_7ns_15s_16_4_1_U747            |mac_muladd_8s_7ns_15s_16_4_1            |         i0 + i1 * i2|
    |mac_muladd_8s_7ns_15s_16_4_1_U748            |mac_muladd_8s_7ns_15s_16_4_1            |         i0 + i1 * i2|
    |mac_muladd_8s_7ns_15s_16_4_1_U749            |mac_muladd_8s_7ns_15s_16_4_1            |         i0 + i1 * i2|
    |mac_muladd_8s_7ns_15s_16_4_1_U750            |mac_muladd_8s_7ns_15s_16_4_1            |         i0 + i1 * i2|
    |mac_muladd_8s_7ns_15s_16_4_1_U751            |mac_muladd_8s_7ns_15s_16_4_1            |         i0 + i1 * i2|
    |mac_muladd_8s_7ns_15s_16_4_1_U752            |mac_muladd_8s_7ns_15s_16_4_1            |         i0 + i1 * i2|
    |mac_muladd_8s_7ns_15s_16_4_1_U753            |mac_muladd_8s_7ns_15s_16_4_1            |         i0 + i1 * i2|
    |mac_muladd_8s_7ns_15s_16_4_1_U754            |mac_muladd_8s_7ns_15s_16_4_1            |         i0 + i1 * i2|
    |mac_muladd_8s_7ns_15s_16_4_1_U755            |mac_muladd_8s_7ns_15s_16_4_1            |         i0 + i1 * i2|
    |mac_muladd_8s_7ns_15s_16_4_1_U756            |mac_muladd_8s_7ns_15s_16_4_1            |         i0 + i1 * i2|
    |mac_muladd_8s_7ns_15s_16_4_1_U757            |mac_muladd_8s_7ns_15s_16_4_1            |         i0 + i1 * i2|
    |mac_muladd_8s_7ns_15s_16_4_1_U758            |mac_muladd_8s_7ns_15s_16_4_1            |         i0 + i1 * i2|
    |mac_muladd_8s_7ns_15s_16_4_1_U759            |mac_muladd_8s_7ns_15s_16_4_1            |         i0 + i1 * i2|
    |mac_muladd_8s_7ns_15s_16_4_1_U760            |mac_muladd_8s_7ns_15s_16_4_1            |         i0 + i1 * i2|
    |mac_muladd_8s_7ns_15s_16_4_1_U761            |mac_muladd_8s_7ns_15s_16_4_1            |         i0 + i1 * i2|
    |mac_muladd_8s_7ns_15s_16_4_1_U762            |mac_muladd_8s_7ns_15s_16_4_1            |         i0 + i1 * i2|
    |mac_muladd_8s_7ns_15s_16_4_1_U763            |mac_muladd_8s_7ns_15s_16_4_1            |         i0 + i1 * i2|
    |mac_muladd_8s_7ns_15s_16_4_1_U764            |mac_muladd_8s_7ns_15s_16_4_1            |         i0 + i1 * i2|
    |mac_muladd_8s_7ns_15s_16_4_1_U765            |mac_muladd_8s_7ns_15s_16_4_1            |         i0 + i1 * i2|
    |mac_muladd_8s_7ns_15s_16_4_1_U766            |mac_muladd_8s_7ns_15s_16_4_1            |         i0 + i1 * i2|
    |mac_muladd_8s_7ns_15s_16_4_1_U767            |mac_muladd_8s_7ns_15s_16_4_1            |         i0 + i1 * i2|
    |mac_muladd_8s_7ns_15s_16_4_1_U768            |mac_muladd_8s_7ns_15s_16_4_1            |         i0 + i1 * i2|
    |mac_muladd_8s_7ns_15s_16_4_1_U769            |mac_muladd_8s_7ns_15s_16_4_1            |         i0 + i1 * i2|
    |mac_muladd_8s_7ns_15s_16_4_1_U770            |mac_muladd_8s_7ns_15s_16_4_1            |         i0 + i1 * i2|
    |mac_muladd_8s_7ns_15s_16_4_1_U771            |mac_muladd_8s_7ns_15s_16_4_1            |         i0 + i1 * i2|
    |mac_muladd_8s_7ns_15s_16_4_1_U772            |mac_muladd_8s_7ns_15s_16_4_1            |         i0 + i1 * i2|
    |mac_muladd_8s_7ns_15s_16_4_1_U773            |mac_muladd_8s_7ns_15s_16_4_1            |         i0 + i1 * i2|
    |mac_muladd_8s_7ns_15s_16_4_1_U774            |mac_muladd_8s_7ns_15s_16_4_1            |         i0 + i1 * i2|
    |mac_muladd_8s_7ns_15s_16_4_1_U775            |mac_muladd_8s_7ns_15s_16_4_1            |         i0 + i1 * i2|
    |mac_muladd_8s_7ns_15s_16_4_1_U776            |mac_muladd_8s_7ns_15s_16_4_1            |         i0 + i1 * i2|
    |mac_muladd_8s_7ns_15s_16_4_1_U777            |mac_muladd_8s_7ns_15s_16_4_1            |         i0 + i1 * i2|
    |mac_muladd_8s_7ns_15s_16_4_1_U778            |mac_muladd_8s_7ns_15s_16_4_1            |         i0 + i1 * i2|
    |mac_muladd_8s_7ns_15s_16_4_1_U779            |mac_muladd_8s_7ns_15s_16_4_1            |         i0 + i1 * i2|
    |mac_muladd_8s_7ns_15s_16_4_1_U781            |mac_muladd_8s_7ns_15s_16_4_1            |         i0 + i1 * i2|
    |mac_muladd_8s_7ns_16s_17_4_1_U780            |mac_muladd_8s_7ns_16s_17_4_1            |         i0 + i1 * i2|
    +---------------------------------------------+----------------------------------------+---------------------+

    * Memory: 
    +--------------------------------+-----------------------------------------------------+---------+---+----+-----+-------+-----+------+-------------+
    |             Memory             |                        Module                       | BRAM_18K| FF| LUT| URAM| Words | Bits| Banks| W*Bits*Banks|
    +--------------------------------+-----------------------------------------------------+---------+---+----+-----+-------+-----+------+-------------+
    |features_3_pw_b_fold_U          |pw3_qat_features_3_pw_b_fold_ROM_AUTO_1R             |        1|  0|   0|    0|    256|   14|     1|         3584|
    |p_ZL20features_3_pw_w_fold_0_U  |pw3_qat_p_ZL20features_3_pw_w_fold_0_ROM_2P_BRAM_1R  |        8|  0|   0|    0|  16384|    8|     1|       131072|
    |p_ZL20features_3_pw_w_fold_1_U  |pw3_qat_p_ZL20features_3_pw_w_fold_1_ROM_2P_BRAM_1R  |        8|  0|   0|    0|  16384|    8|     1|       131072|
    +--------------------------------+-----------------------------------------------------+---------+---+----+-----+-------+-----+------+-------------+
    |Total                           |                                                     |       17|  0|   0|    0|  33024|   30|     3|       265728|
    +--------------------------------+-----------------------------------------------------+---------+---+----+-----+-------+-----+------+-------------+

    * FIFO: 
    N/A

    * Expression: 
    +--------------------------+----------+----+---+----+------------+------------+
    |       Variable Name      | Operation| DSP| FF| LUT| Bitwidth P0| Bitwidth P1|
    +--------------------------+----------+----+---+----+------------+------------+
    |add_ln102_fu_5774_p2      |         +|   0|  0|   9|           9|           9|
    |add_ln84_100_fu_6569_p2   |         +|   0|  0|  18|          18|          18|
    |add_ln84_103_fu_6630_p2   |         +|   0|  0|  17|          17|          17|
    |add_ln84_106_fu_6672_p2   |         +|   0|  0|  17|          17|          17|
    |add_ln84_107_fu_6682_p2   |         +|   0|  0|  18|          18|          18|
    |add_ln84_108_fu_6692_p2   |         +|   0|  0|  19|          19|          19|
    |add_ln84_111_fu_3317_p2   |         +|   0|  0|  17|          17|          17|
    |add_ln84_114_fu_3438_p2   |         +|   0|  0|  17|          17|          17|
    |add_ln84_115_fu_3448_p2   |         +|   0|  0|  18|          18|          18|
    |add_ln84_118_fu_6707_p2   |         +|   0|  0|  17|          17|          17|
    |add_ln84_122_fu_6728_p2   |         +|   0|  0|  18|          18|          18|
    |add_ln84_123_fu_6738_p2   |         +|   0|  0|  19|          19|          19|
    |add_ln84_124_fu_6744_p2   |         +|   0|  0|  19|          19|          19|
    |add_ln84_125_fu_6762_p2   |         +|   0|  0|  20|          20|          20|
    |add_ln84_126_fu_6772_p2   |         +|   0|  0|  21|          21|          21|
    |add_ln84_12_fu_3875_p2    |         +|   0|  0|  17|          17|          17|
    |add_ln84_13_fu_3885_p2    |         +|   0|  0|  18|          18|          18|
    |add_ln84_14_fu_3895_p2    |         +|   0|  0|  19|          19|          19|
    |add_ln84_17_fu_4019_p2    |         +|   0|  0|  17|          17|          17|
    |add_ln84_20_fu_4142_p2    |         +|   0|  0|  17|          17|          17|
    |add_ln84_21_fu_4152_p2    |         +|   0|  0|  18|          18|          18|
    |add_ln84_24_fu_4272_p2    |         +|   0|  0|  17|          17|          17|
    |add_ln84_27_fu_4387_p2    |         +|   0|  0|  17|          17|          17|
    |add_ln84_28_fu_4397_p2    |         +|   0|  0|  18|          18|          18|
    |add_ln84_29_fu_4407_p2    |         +|   0|  0|  19|          19|          19|
    |add_ln84_2_fu_3542_p2     |         +|   0|  0|  17|          17|          17|
    |add_ln84_30_fu_4509_p2    |         +|   0|  0|  20|          20|          20|
    |add_ln84_33_fu_4521_p2    |         +|   0|  0|  17|          17|          17|
    |add_ln84_36_fu_4626_p2    |         +|   0|  0|  17|          17|          17|
    |add_ln84_37_fu_4636_p2    |         +|   0|  0|  18|          18|          18|
    |add_ln84_40_fu_4738_p2    |         +|   0|  0|  17|          17|          17|
    |add_ln84_43_fu_4871_p2    |         +|   0|  0|  17|          17|          17|
    |add_ln84_44_fu_4881_p2    |         +|   0|  0|  18|          18|          18|
    |add_ln84_45_fu_4891_p2    |         +|   0|  0|  19|          19|          19|
    |add_ln84_48_fu_5015_p2    |         +|   0|  0|  17|          17|          17|
    |add_ln84_51_fu_5138_p2    |         +|   0|  0|  17|          17|          17|
    |add_ln84_52_fu_5148_p2    |         +|   0|  0|  18|          18|          18|
    |add_ln84_55_fu_5268_p2    |         +|   0|  0|  17|          17|          17|
    |add_ln84_58_fu_5394_p2    |         +|   0|  0|  17|          17|          17|
    |add_ln84_59_fu_5404_p2    |         +|   0|  0|  18|          18|          18|
    |add_ln84_5_fu_3639_p2     |         +|   0|  0|  17|          17|          17|
    |add_ln84_60_fu_5414_p2    |         +|   0|  0|  19|          19|          19|
    |add_ln84_61_fu_5537_p2    |         +|   0|  0|  20|          20|          20|
    |add_ln84_62_fu_5547_p2    |         +|   0|  0|  21|          21|          21|
    |add_ln84_65_fu_5559_p2    |         +|   0|  0|  17|          17|          17|
    |add_ln84_68_fu_5682_p2    |         +|   0|  0|  17|          17|          17|
    |add_ln84_69_fu_5692_p2    |         +|   0|  0|  18|          18|          18|
    |add_ln84_6_fu_3649_p2     |         +|   0|  0|  18|          18|          18|
    |add_ln84_72_fu_5850_p2    |         +|   0|  0|  17|          17|          17|
    |add_ln84_75_fu_5950_p2    |         +|   0|  0|  17|          17|          17|
    |add_ln84_76_fu_5960_p2    |         +|   0|  0|  18|          18|          18|
    |add_ln84_77_fu_5970_p2    |         +|   0|  0|  19|          19|          19|
    |add_ln84_80_fu_6072_p2    |         +|   0|  0|  17|          17|          17|
    |add_ln84_83_fu_6177_p2    |         +|   0|  0|  17|          17|          17|
    |add_ln84_84_fu_6187_p2    |         +|   0|  0|  18|          18|          18|
    |add_ln84_87_fu_6277_p2    |         +|   0|  0|  17|          17|          17|
    |add_ln84_90_fu_6377_p2    |         +|   0|  0|  17|          17|          17|
    |add_ln84_91_fu_6387_p2    |         +|   0|  0|  18|          18|          18|
    |add_ln84_92_fu_6397_p2    |         +|   0|  0|  19|          19|          19|
    |add_ln84_93_fu_6475_p2    |         +|   0|  0|  20|          20|          20|
    |add_ln84_96_fu_6487_p2    |         +|   0|  0|  17|          17|          17|
    |add_ln84_99_fu_6559_p2    |         +|   0|  0|  17|          17|          17|
    |add_ln84_9_fu_3751_p2     |         +|   0|  0|  17|          17|          17|
    |add_ln92_1_fu_2509_p2     |         +|   0|  0|  11|          11|           1|
    |add_ln92_fu_2524_p2       |         +|   0|  0|   9|           9|           1|
    |add_ln93_1_fu_2657_p2     |         +|   0|  0|   6|           4|           1|
    |add_ln93_fu_2691_p2       |         +|   0|  0|   3|           2|           1|
    |add_ln94_fu_2651_p2       |         +|   0|  0|   3|           2|           1|
    |add_ln99_10_fu_2762_p2    |         +|   0|  0|   7|           7|           7|
    |add_ln99_11_fu_4794_p2    |         +|   0|  0|   8|           8|           7|
    |add_ln99_12_fu_4950_p2    |         +|   0|  0|   8|           8|           8|
    |add_ln99_13_fu_5070_p2    |         +|   0|  0|   8|           8|           8|
    |add_ln99_14_fu_5203_p2    |         +|   0|  0|   8|           8|           8|
    |add_ln99_15_fu_5323_p2    |         +|   0|  0|   8|           8|           8|
    |add_ln99_16_fu_5469_p2    |         +|   0|  0|   8|           8|           8|
    |add_ln99_17_fu_5614_p2    |         +|   0|  0|   8|           8|           8|
    |add_ln99_18_fu_5755_p2    |         +|   0|  0|   8|           8|           8|
    |add_ln99_19_fu_5769_p2    |         +|   0|  0|   8|           8|           8|
    |add_ln99_1_fu_3144_p2     |         +|   0|  0|   7|           5|           4|
    |add_ln99_20_fu_3040_p2    |         +|   0|  0|   6|           4|           4|
    |add_ln99_21_fu_3050_p2    |         +|   0|  0|   7|           4|           4|
    |add_ln99_22_fu_3153_p2    |         +|   0|  0|   7|           5|           5|
    |add_ln99_23_fu_3164_p2    |         +|   0|  0|   7|           5|           5|
    |add_ln99_24_fu_3257_p2    |         +|   0|  0|   7|           5|           5|
    |add_ln99_25_fu_3267_p2    |         +|   0|  0|   7|           5|           5|
    |add_ln99_26_fu_3378_p2    |         +|   0|  0|   6|           6|           6|
    |add_ln99_27_fu_3388_p2    |         +|   0|  0|   7|           6|           6|
    |add_ln99_28_fu_2809_p2    |         +|   0|  0|   6|           6|           6|
    |add_ln99_29_fu_2815_p2    |         +|   0|  0|   7|           6|           6|
    |add_ln99_2_fu_3252_p2     |         +|   0|  0|   7|           5|           5|
    |add_ln99_30_fu_2936_p2    |         +|   0|  0|   6|           6|           6|
    |add_ln99_31_fu_2941_p2    |         +|   0|  0|   7|           6|           6|
    |add_ln99_32_fu_3809_p2    |         +|   0|  0|   7|           7|           7|
    |add_ln99_33_fu_3819_p2    |         +|   0|  0|   7|           7|           7|
    |add_ln99_34_fu_3959_p2    |         +|   0|  0|   7|           7|           7|
    |add_ln99_35_fu_3969_p2    |         +|   0|  0|   7|           7|           7|
    |add_ln99_36_fu_4079_p2    |         +|   0|  0|   7|           7|           7|
    |add_ln99_37_fu_4089_p2    |         +|   0|  0|   7|           7|           7|
    |add_ln99_38_fu_4212_p2    |         +|   0|  0|   7|           7|           7|
    |add_ln99_39_fu_4222_p2    |         +|   0|  0|   7|           7|           7|
    |add_ln99_3_fu_3373_p2     |         +|   0|  0|   7|           6|           5|
    |add_ln99_40_fu_4327_p2    |         +|   0|  0|   7|           7|           7|
    |add_ln99_41_fu_2821_p2    |         +|   0|  0|   7|           7|           7|
    |add_ln99_42_fu_4803_p2    |         +|   0|  0|   8|           8|           8|
    |add_ln99_43_fu_4814_p2    |         +|   0|  0|   8|           8|           8|
    |add_ln99_44_fu_4955_p2    |         +|   0|  0|   8|           8|           8|
    |add_ln99_45_fu_4965_p2    |         +|   0|  0|   8|           8|           8|
    |add_ln99_46_fu_5075_p2    |         +|   0|  0|   8|           8|           8|
    |add_ln99_47_fu_5085_p2    |         +|   0|  0|   8|           8|           8|
    |add_ln99_48_fu_5208_p2    |         +|   0|  0|   8|           8|           8|
    |add_ln99_49_fu_5218_p2    |         +|   0|  0|   8|           8|           8|
    |add_ln99_4_fu_2756_p2     |         +|   0|  0|   7|           6|           6|
    |add_ln99_50_fu_5328_p2    |         +|   0|  0|   8|           8|           8|
    |add_ln99_51_fu_5338_p2    |         +|   0|  0|   8|           8|           8|
    |add_ln99_52_fu_5474_p2    |         +|   0|  0|   8|           8|           8|
    |add_ln99_53_fu_5484_p2    |         +|   0|  0|   8|           8|           8|
    |add_ln99_54_fu_5619_p2    |         +|   0|  0|   8|           8|           8|
    |add_ln99_55_fu_5629_p2    |         +|   0|  0|   8|           8|           8|
    |add_ln99_56_fu_5780_p2    |         +|   0|  0|   8|           8|           8|
    |add_ln99_57_fu_5790_p2    |         +|   0|  0|   8|           8|           8|
    |add_ln99_58_fu_5800_p2    |         +|   0|  0|   8|           8|           8|
    |add_ln99_59_fu_5805_p2    |         +|   0|  0|   8|           8|           8|
    |add_ln99_5_fu_2931_p2     |         +|   0|  0|   7|           6|           6|
    |add_ln99_60_fu_3060_p2    |         +|   0|  0|   6|           4|           4|
    |add_ln99_61_fu_2854_p2    |         +|   0|  0|   6|           4|           4|
    |add_ln99_6_fu_3804_p2     |         +|   0|  0|   7|           7|           6|
    |add_ln99_7_fu_3954_p2     |         +|   0|  0|   7|           7|           7|
    |add_ln99_8_fu_4074_p2     |         +|   0|  0|   7|           7|           7|
    |add_ln99_9_fu_4207_p2     |         +|   0|  0|   7|           7|           7|
    |add_ln99_fu_3025_p2       |         +|   0|  0|   7|           4|           3|
    |and_ln92_fu_2556_p2       |       and|   0|  0|   1|           1|           1|
    |icmp_ln102_fu_2645_p2     |      icmp|   0|  0|   3|           2|           1|
    |icmp_ln86_fu_6800_p2      |      icmp|   0|  0|   6|           4|           1|
    |icmp_ln87_fu_6814_p2      |      icmp|   0|  0|  11|          11|           9|
    |icmp_ln92_fu_2503_p2      |      icmp|   0|  0|  12|          11|          12|
    |icmp_ln93_fu_2530_p2      |      icmp|   0|  0|   6|           4|           3|
    |icmp_ln94_fu_2550_p2      |      icmp|   0|  0|   4|           2|           3|
    |empty_fu_2574_p2          |        or|   0|  0|   1|           1|           1|
    |out32_1_fu_6806_p3        |    select|   0|  0|  11|           1|           7|
    |out8_1_fu_6844_p3         |    select|   0|  0|   7|           1|           1|
    |out8_fu_6824_p3           |    select|   0|  0|   9|           1|           9|
    |ow_mid2_fu_2580_p3        |    select|   0|  0|   2|           1|           1|
    |select_ln92_1_fu_2562_p3  |    select|   0|  0|   9|           1|           9|
    |select_ln92_fu_2536_p3    |    select|   0|  0|   2|           1|           1|
    |select_ln93_1_fu_2663_p3  |    select|   0|  0|   4|           1|           1|
    |select_ln93_fu_2696_p3    |    select|   0|  0|   2|           1|           2|
    |ap_enable_pp0             |       xor|   0|  0|   2|           1|           2|
    |xor_ln92_fu_2544_p2       |       xor|   0|  0|   2|           1|           2|
    |xor_ln99_fu_2776_p2       |       xor|   0|  0|   2|           1|           2|
    +--------------------------+----------+----+---+----+------------+------------+
    |Total                     |          |   0|  0|1700|        1617|        1610|
    +--------------------------+----------+----+---+----+------------+------------+

    * Multiplexer: 
    +---------------------------------------------+-----+-----------+-----+-----------+
    |                     Name                    | LUT | Input Size| Bits| Total Bits|
    +---------------------------------------------+-----+-----------+-----+-----------+
    |ap_NS_fsm                                    |  149|         33|    1|         33|
    |ap_done_int                                  |    9|          2|    1|          2|
    |ap_enable_reg_pp0_iter0                      |    9|          2|    1|          2|
    |ap_enable_reg_pp0_iter0_reg                  |    9|          2|    1|          2|
    |ap_enable_reg_pp0_iter1                      |    9|          2|    1|          2|
    |ap_sig_allocacmp_indvar_flatten12_load       |    9|          2|   11|         22|
    |ap_sig_allocacmp_indvar_flatten_load         |    9|          2|    4|          8|
    |ap_sig_allocacmp_oc_load                     |    9|          2|    9|         18|
    |ap_sig_allocacmp_oh_load                     |    9|          2|    2|          4|
    |ap_sig_allocacmp_ow_load                     |    9|          2|    2|          4|
    |ifmap_0_address0_local                       |  149|         33|    8|        264|
    |ifmap_0_address1_local                       |  149|         33|    8|        264|
    |ifmap_1_address0_local                       |  149|         33|    8|        264|
    |ifmap_1_address1_local                       |  149|         33|    8|        264|
    |indvar_flatten12_fu_318                      |    9|          2|   11|         22|
    |indvar_flatten_fu_310                        |    9|          2|    4|          8|
    |oc_fu_314                                    |    9|          2|    9|         18|
    |oh_fu_306                                    |    9|          2|    2|          4|
    |ow_fu_302                                    |    9|          2|    2|          4|
    |p_ZL20features_3_pw_w_fold_0_address0_local  |  149|         33|   14|        462|
    |p_ZL20features_3_pw_w_fold_0_address1_local  |  149|         33|   14|        462|
    |p_ZL20features_3_pw_w_fold_1_address0_local  |  149|         33|   14|        462|
    |p_ZL20features_3_pw_w_fold_1_address1_local  |  149|         33|   14|        462|
    |reg_2445                                     |    9|          2|    8|         16|
    |reg_2462                                     |    9|          2|    7|         14|
    |reg_2467                                     |    9|          2|    8|         16|
    +---------------------------------------------+-----+-----------+-----+-----------+
    |Total                                        | 1494|        331|  172|       3103|
    +---------------------------------------------+-----+-----------+-----+-----------+

    * Register: 
    +-----------------------------------------------+----+----+-----+-----------+
    |                      Name                     | FF | LUT| Bits| Const Bits|
    +-----------------------------------------------+----+----+-----+-----------+
    |acc_reg_7677                                   |  14|   0|   14|          0|
    |add_ln102_reg_10352                            |   9|   0|    9|          0|
    |add_ln84_100_reg_11117                         |  18|   0|   18|          0|
    |add_ln84_103_reg_11162                         |  17|   0|   17|          0|
    |add_ln84_108_reg_11182                         |  19|   0|   19|          0|
    |add_ln84_111_reg_8235                          |  17|   0|   17|          0|
    |add_ln84_115_reg_8340                          |  18|   0|   18|          0|
    |add_ln84_118_reg_11192                         |  17|   0|   17|          0|
    |add_ln84_124_reg_11202                         |  19|   0|   19|          0|
    |add_ln84_14_reg_8760                           |  19|   0|   19|          0|
    |add_ln84_17_reg_8875                           |  17|   0|   17|          0|
    |add_ln84_21_reg_8990                           |  18|   0|   18|          0|
    |add_ln84_24_reg_9105                           |  17|   0|   17|          0|
    |add_ln84_29_reg_9215                           |  19|   0|   19|          0|
    |add_ln84_2_reg_8445                            |  17|   0|   17|          0|
    |add_ln84_30_reg_9320                           |  20|   0|   20|          0|
    |add_ln84_33_reg_9325                           |  17|   0|   17|          0|
    |add_ln84_37_reg_9430                           |  18|   0|   18|          0|
    |add_ln84_40_reg_9535                           |  17|   0|   17|          0|
    |add_ln84_45_reg_9672                           |  19|   0|   19|          0|
    |add_ln84_48_reg_9777                           |  17|   0|   17|          0|
    |add_ln84_52_reg_9882                           |  18|   0|   18|          0|
    |add_ln84_55_reg_9987                           |  17|   0|   17|          0|
    |add_ln84_60_reg_10092                          |  19|   0|   19|          0|
    |add_ln84_62_reg_10197                          |  21|   0|   21|          0|
    |add_ln84_65_reg_10202                          |  17|   0|   17|          0|
    |add_ln84_69_reg_10307                          |  18|   0|   18|          0|
    |add_ln84_6_reg_8550                            |  18|   0|   18|          0|
    |add_ln84_72_reg_10427                          |  17|   0|   17|          0|
    |add_ln84_77_reg_10532                          |  19|   0|   19|          0|
    |add_ln84_80_reg_10637                          |  17|   0|   17|          0|
    |add_ln84_84_reg_10742                          |  18|   0|   18|          0|
    |add_ln84_87_reg_10842                          |  17|   0|   17|          0|
    |add_ln84_92_reg_10942                          |  19|   0|   19|          0|
    |add_ln84_93_reg_11037                          |  20|   0|   20|          0|
    |add_ln84_96_reg_11042                          |  17|   0|   17|          0|
    |add_ln84_9_reg_8655                            |  17|   0|   17|          0|
    |add_ln99_24_reg_8161                           |   5|   0|    5|          0|
    |add_ln99_25_reg_8178                           |   5|   0|    5|          0|
    |add_ln99_28_reg_7741                           |   6|   0|    6|          0|
    |add_ln99_29_reg_7747                           |   6|   0|    6|          0|
    |add_ln99_30_reg_7843                           |   6|   0|    6|          0|
    |add_ln99_31_reg_7849                           |   6|   0|    6|          0|
    |add_ln99_34_reg_8805                           |   7|   0|    7|          0|
    |add_ln99_35_reg_8820                           |   7|   0|    7|          0|
    |add_ln99_36_reg_8920                           |   7|   0|    7|          0|
    |add_ln99_37_reg_8935                           |   7|   0|    7|          0|
    |add_ln99_38_reg_9035                           |   7|   0|    7|          0|
    |add_ln99_39_reg_9050                           |   7|   0|    7|          0|
    |add_ln99_40_reg_9150                           |   7|   0|    7|          0|
    |add_ln99_41_reg_7753                           |   7|   0|    7|          0|
    |add_ln99_58_reg_10377                          |   8|   0|    8|          0|
    |add_ln99_59_reg_10382                          |   8|   0|    8|          0|
    |and_ln92_reg_7499                              |   1|   0|    1|          0|
    |ap_CS_fsm                                      |  32|   0|   32|          0|
    |ap_done_reg                                    |   1|   0|    1|          0|
    |ap_enable_reg_pp0_iter0_reg                    |   1|   0|    1|          0|
    |ap_enable_reg_pp0_iter1                        |   1|   0|    1|          0|
    |icmp_ln102_reg_7627                            |   1|   0|    1|          0|
    |icmp_ln102_reg_7627_pp0_iter1_reg              |   1|   0|    1|          0|
    |icmp_ln92_reg_7489                             |   1|   0|    1|          0|
    |ifmap_1_load_62_reg_8094                       |   7|   0|    7|          0|
    |indvar_flatten12_fu_318                        |  11|   0|   11|          0|
    |indvar_flatten_fu_310                          |   4|   0|    4|          0|
    |mul_ln84_101_reg_8855                          |  15|   0|   15|          0|
    |mul_ln84_103_reg_8860                          |  15|   0|   15|          0|
    |mul_ln84_105_reg_8740                          |  15|   0|   15|          0|
    |mul_ln84_107_reg_8745                          |  15|   0|   15|          0|
    |mul_ln84_109_reg_8635                          |  15|   0|   15|          0|
    |mul_ln84_111_reg_8640                          |  15|   0|   15|          0|
    |mul_ln84_113_reg_8530                          |  15|   0|   15|          0|
    |mul_ln84_115_reg_8535                          |  15|   0|   15|          0|
    |mul_ln84_117_reg_8425                          |  15|   0|   15|          0|
    |mul_ln84_119_reg_8430                          |  15|   0|   15|          0|
    |mul_ln84_11_reg_8099                           |  15|   0|   15|          0|
    |mul_ln84_121_reg_8325                          |  15|   0|   15|          0|
    |mul_ln84_123_reg_8330                          |  15|   0|   15|          0|
    |mul_ln84_125_reg_8225                          |  15|   0|   15|          0|
    |mul_ln84_127_reg_8230                          |  15|   0|   15|          0|
    |mul_ln84_13_reg_7993                           |  15|   0|   15|          0|
    |mul_ln84_15_reg_7998                           |  15|   0|   15|          0|
    |mul_ln84_17_reg_7895                           |  15|   0|   15|          0|
    |mul_ln84_19_reg_11102                          |  15|   0|   15|          0|
    |mul_ln84_21_reg_11017                          |  15|   0|   15|          0|
    |mul_ln84_23_reg_11022                          |  15|   0|   15|          0|
    |mul_ln84_25_reg_10922                          |  15|   0|   15|          0|
    |mul_ln84_27_reg_10927                          |  15|   0|   15|          0|
    |mul_ln84_29_reg_10822                          |  15|   0|   15|          0|
    |mul_ln84_2_reg_11142                           |  15|   0|   15|          0|
    |mul_ln84_31_reg_10827                          |  15|   0|   15|          0|
    |mul_ln84_33_reg_10722                          |  15|   0|   15|          0|
    |mul_ln84_35_reg_10727                          |  15|   0|   15|          0|
    |mul_ln84_37_reg_10617                          |  15|   0|   15|          0|
    |mul_ln84_39_reg_10622                          |  15|   0|   15|          0|
    |mul_ln84_41_reg_10512                          |  15|   0|   15|          0|
    |mul_ln84_43_reg_10517                          |  15|   0|   15|          0|
    |mul_ln84_45_reg_10407                          |  15|   0|   15|          0|
    |mul_ln84_47_reg_10412                          |  15|   0|   15|          0|
    |mul_ln84_49_reg_10287                          |  15|   0|   15|          0|
    |mul_ln84_51_reg_10292                          |  15|   0|   15|          0|
    |mul_ln84_53_reg_10177                          |  15|   0|   15|          0|
    |mul_ln84_55_reg_10182                          |  15|   0|   15|          0|
    |mul_ln84_57_reg_10072                          |  15|   0|   15|          0|
    |mul_ln84_59_reg_10077                          |  15|   0|   15|          0|
    |mul_ln84_5_reg_11147                           |  15|   0|   15|          0|
    |mul_ln84_61_reg_9967                           |  15|   0|   15|          0|
    |mul_ln84_63_reg_9972                           |  15|   0|   15|          0|
    |mul_ln84_65_reg_9862                           |  15|   0|   15|          0|
    |mul_ln84_67_reg_9867                           |  15|   0|   15|          0|
    |mul_ln84_69_reg_9757                           |  15|   0|   15|          0|
    |mul_ln84_71_reg_9762                           |  15|   0|   15|          0|
    |mul_ln84_73_reg_9652                           |  15|   0|   15|          0|
    |mul_ln84_75_reg_9657                           |  15|   0|   15|          0|
    |mul_ln84_77_reg_9515                           |  15|   0|   15|          0|
    |mul_ln84_79_reg_9520                           |  15|   0|   15|          0|
    |mul_ln84_81_reg_9410                           |  15|   0|   15|          0|
    |mul_ln84_83_reg_9415                           |  15|   0|   15|          0|
    |mul_ln84_85_reg_9300                           |  15|   0|   15|          0|
    |mul_ln84_87_reg_9305                           |  15|   0|   15|          0|
    |mul_ln84_89_reg_9195                           |  15|   0|   15|          0|
    |mul_ln84_91_reg_9200                           |  15|   0|   15|          0|
    |mul_ln84_93_reg_9085                           |  15|   0|   15|          0|
    |mul_ln84_95_reg_9090                           |  15|   0|   15|          0|
    |mul_ln84_97_reg_8970                           |  15|   0|   15|          0|
    |mul_ln84_99_reg_8975                           |  15|   0|   15|          0|
    |mul_ln84_9_reg_11097                           |  15|   0|   15|          0|
    |oc_fu_314                                      |   9|   0|    9|          0|
    |oh_fu_306                                      |   2|   0|    2|          0|
    |out8_1_reg_11207                               |   7|   0|    7|          0|
    |ow_fu_302                                      |   2|   0|    2|          0|
    |ow_mid2_reg_7573                               |   2|   0|    2|          0|
    |p_ZL20features_3_pw_w_fold_1_load_63_reg_7682  |   8|   0|    8|          0|
    |reg_2445                                       |   8|   0|    8|          0|
    |reg_2450                                       |   8|   0|    8|          0|
    |reg_2454                                       |   8|   0|    8|          0|
    |reg_2458                                       |   8|   0|    8|          0|
    |reg_2462                                       |   7|   0|    7|          0|
    |reg_2467                                       |   8|   0|    8|          0|
    |select_ln92_1_reg_7504                         |   9|   0|    9|          0|
    |select_ln92_reg_7493                           |   2|   0|    2|          0|
    |select_ln93_reg_7631                           |   2|   0|    2|          0|
    |tmp_63_reg_7687                                |   2|   0|    3|          1|
    |tmp_66_cast_reg_7940                           |   2|   0|    4|          2|
    |trunc_ln93_reg_7509                            |   8|   0|    8|          0|
    |zext_ln100_10_reg_8345                         |   8|   0|   64|         56|
    |zext_ln100_11_reg_8355                         |   8|   0|   64|         56|
    |zext_ln100_12_reg_8450                         |   8|   0|   64|         56|
    |zext_ln100_13_reg_8460                         |   8|   0|   64|         56|
    |zext_ln100_14_reg_8555                         |   8|   0|   64|         56|
    |zext_ln100_15_reg_8565                         |   8|   0|   64|         56|
    |zext_ln100_16_reg_8660                         |   8|   0|   64|         56|
    |zext_ln100_17_reg_8670                         |   8|   0|   64|         56|
    |zext_ln100_18_reg_8765                         |   8|   0|   64|         56|
    |zext_ln100_19_reg_8775                         |   8|   0|   64|         56|
    |zext_ln100_1_reg_7808                          |   8|   0|   64|         56|
    |zext_ln100_20_reg_8880                         |   8|   0|   64|         56|
    |zext_ln100_21_reg_8890                         |   8|   0|   64|         56|
    |zext_ln100_22_reg_8995                         |   8|   0|   64|         56|
    |zext_ln100_23_reg_9005                         |   8|   0|   64|         56|
    |zext_ln100_24_reg_9110                         |   8|   0|   64|         56|
    |zext_ln100_25_reg_9120                         |   8|   0|   64|         56|
    |zext_ln100_26_reg_9220                         |   8|   0|   64|         56|
    |zext_ln100_27_reg_9230                         |   8|   0|   64|         56|
    |zext_ln100_28_reg_9330                         |   8|   0|   64|         56|
    |zext_ln100_29_reg_9340                         |   8|   0|   64|         56|
    |zext_ln100_2_reg_7900                          |   8|   0|   64|         56|
    |zext_ln100_30_reg_9435                         |   8|   0|   64|         56|
    |zext_ln100_31_reg_9445                         |   8|   0|   64|         56|
    |zext_ln100_32_reg_9540                         |   8|   0|   64|         56|
    |zext_ln100_33_reg_9550                         |   8|   0|   64|         56|
    |zext_ln100_34_reg_9677                         |   8|   0|   64|         56|
    |zext_ln100_35_reg_9687                         |   8|   0|   64|         56|
    |zext_ln100_36_reg_9782                         |   8|   0|   64|         56|
    |zext_ln100_37_reg_9792                         |   8|   0|   64|         56|
    |zext_ln100_38_reg_9887                         |   8|   0|   64|         56|
    |zext_ln100_39_reg_9897                         |   8|   0|   64|         56|
    |zext_ln100_3_reg_7910                          |   8|   0|   64|         56|
    |zext_ln100_40_reg_9992                         |   8|   0|   64|         56|
    |zext_ln100_41_reg_10002                        |   8|   0|   64|         56|
    |zext_ln100_42_reg_10097                        |   8|   0|   64|         56|
    |zext_ln100_43_reg_10107                        |   8|   0|   64|         56|
    |zext_ln100_44_reg_10207                        |   8|   0|   64|         56|
    |zext_ln100_45_reg_10217                        |   8|   0|   64|         56|
    |zext_ln100_46_reg_10312                        |   8|   0|   64|         56|
    |zext_ln100_47_reg_10322                        |   8|   0|   64|         56|
    |zext_ln100_48_reg_10432                        |   8|   0|   64|         56|
    |zext_ln100_49_reg_10442                        |   8|   0|   64|         56|
    |zext_ln100_4_reg_8003                          |   8|   0|   64|         56|
    |zext_ln100_50_reg_10537                        |   8|   0|   64|         56|
    |zext_ln100_51_reg_10547                        |   8|   0|   64|         56|
    |zext_ln100_52_reg_10642                        |   8|   0|   64|         56|
    |zext_ln100_53_reg_10652                        |   8|   0|   64|         56|
    |zext_ln100_54_reg_10747                        |   8|   0|   64|         56|
    |zext_ln100_55_reg_7582                         |   8|   0|   64|         56|
    |zext_ln100_56_reg_7587                         |   8|   0|   64|         56|
    |zext_ln100_57_reg_7597                         |   8|   0|   64|         56|
    |zext_ln100_58_reg_7647                         |   8|   0|   64|         56|
    |zext_ln100_59_reg_7657                         |   8|   0|   64|         56|
    |zext_ln100_5_reg_8013                          |   8|   0|   64|         56|
    |zext_ln100_60_reg_10847                        |   8|   0|   64|         56|
    |zext_ln100_61_reg_10857                        |   8|   0|   64|         56|
    |zext_ln100_62_reg_7818                         |   8|   0|   64|         56|
    |zext_ln100_63_reg_7607                         |   8|   0|   64|         56|
    |zext_ln100_6_reg_8114                          |   8|   0|   64|         56|
    |zext_ln100_7_reg_8124                          |   8|   0|   64|         56|
    |zext_ln100_8_reg_8240                          |   8|   0|   64|         56|
    |zext_ln100_9_reg_8250                          |   8|   0|   64|         56|
    |zext_ln100_reg_7798                            |   8|   0|   64|         56|
    |zext_ln99_128_reg_8154                         |   2|   0|    3|          1|
    |zext_ln99_129_reg_7708                         |   2|   0|    4|          2|
    |zext_ln99_130_reg_9580                         |   2|   0|    8|          6|
    |zext_ln99_132_reg_8043                         |   2|   0|    5|          3|
    |zext_ln99_133_reg_7694                         |   2|   0|    6|          4|
    |zext_ln99_134_reg_7700                         |   2|   0|    7|          5|
    |zext_ln99_141_reg_9592                         |   2|   0|    8|          6|
    |zext_ln99_142_reg_7713                         |   2|   0|    4|          2|
    |zext_ln99_143_reg_8048                         |   2|   0|    5|          3|
    |zext_ln99_144_reg_7720                         |   2|   0|    6|          4|
    |zext_ln99_145_reg_7728                         |   2|   0|    7|          5|
    |zext_ln99_146_reg_7948                         |   4|   0|   64|         60|
    |zext_ln99_147_reg_7958                         |   4|   0|   64|         60|
    |zext_ln99_148_reg_8054                         |   5|   0|   64|         59|
    |zext_ln99_149_reg_8064                         |   5|   0|   64|         59|
    |zext_ln99_150_reg_8168                         |   5|   0|   64|         59|
    |zext_ln99_151_reg_8185                         |   5|   0|   64|         59|
    |zext_ln99_152_reg_8285                         |   6|   0|   64|         58|
    |zext_ln99_153_reg_8295                         |   6|   0|   64|         58|
    |zext_ln99_154_reg_8385                         |   6|   0|   64|         58|
    |zext_ln99_155_reg_8395                         |   6|   0|   64|         58|
    |zext_ln99_156_reg_8490                         |   6|   0|   64|         58|
    |zext_ln99_157_reg_8500                         |   6|   0|   64|         58|
    |zext_ln99_158_reg_8595                         |   6|   0|   64|         58|
    |zext_ln99_159_reg_8605                         |   6|   0|   64|         58|
    |zext_ln99_160_reg_8700                         |   7|   0|   64|         57|
    |zext_ln99_161_reg_8710                         |   7|   0|   64|         57|
    |zext_ln99_162_reg_8810                         |   7|   0|   64|         57|
    |zext_ln99_163_reg_8825                         |   7|   0|   64|         57|
    |zext_ln99_164_reg_8925                         |   7|   0|   64|         57|
    |zext_ln99_165_reg_8940                         |   7|   0|   64|         57|
    |zext_ln99_166_reg_9040                         |   7|   0|   64|         57|
    |zext_ln99_167_reg_9055                         |   7|   0|   64|         57|
    |zext_ln99_168_reg_9155                         |   7|   0|   64|         57|
    |zext_ln99_169_reg_9165                         |   7|   0|   64|         57|
    |zext_ln99_170_reg_9260                         |   7|   0|   64|         57|
    |zext_ln99_171_reg_9270                         |   7|   0|   64|         57|
    |zext_ln99_172_reg_9370                         |   7|   0|   64|         57|
    |zext_ln99_173_reg_9380                         |   7|   0|   64|         57|
    |zext_ln99_174_reg_9475                         |   7|   0|   64|         57|
    |zext_ln99_175_reg_9485                         |   7|   0|   64|         57|
    |zext_ln99_176_reg_9612                         |   8|   0|   64|         56|
    |zext_ln99_177_reg_9622                         |   8|   0|   64|         56|
    |zext_ln99_178_reg_9717                         |   8|   0|   64|         56|
    |zext_ln99_179_reg_9727                         |   8|   0|   64|         56|
    |zext_ln99_180_reg_9822                         |   8|   0|   64|         56|
    |zext_ln99_181_reg_9832                         |   8|   0|   64|         56|
    |zext_ln99_182_reg_9927                         |   8|   0|   64|         56|
    |zext_ln99_183_reg_9937                         |   8|   0|   64|         56|
    |zext_ln99_184_reg_10032                        |   8|   0|   64|         56|
    |zext_ln99_185_reg_10042                        |   8|   0|   64|         56|
    |zext_ln99_186_reg_10137                        |   8|   0|   64|         56|
    |zext_ln99_187_reg_10147                        |   8|   0|   64|         56|
    |zext_ln99_188_reg_10247                        |   8|   0|   64|         56|
    |zext_ln99_189_reg_10257                        |   8|   0|   64|         56|
    |zext_ln99_190_reg_10357                        |   8|   0|   64|         56|
    |zext_ln99_191_reg_10367                        |   8|   0|   64|         56|
    |zext_ln99_192_reg_10472                        |   8|   0|   64|         56|
    |zext_ln99_193_reg_10482                        |   8|   0|   64|         56|
    |zext_ln99_194_reg_10577                        |   8|   0|   64|         56|
    |zext_ln99_195_reg_10587                        |   8|   0|   64|         56|
    |zext_ln99_196_reg_10682                        |   8|   0|   64|         56|
    |zext_ln99_197_reg_10692                        |   8|   0|   64|         56|
    |zext_ln99_198_reg_10782                        |   8|   0|   64|         56|
    |zext_ln99_199_reg_10792                        |   8|   0|   64|         56|
    |zext_ln99_200_reg_10887                        |   8|   0|   64|         56|
    |zext_ln99_201_reg_7758                         |   8|   0|   64|         56|
    |zext_ln99_202_reg_7763                         |   8|   0|   64|         56|
    |zext_ln99_203_reg_7773                         |   8|   0|   64|         56|
    |zext_ln99_204_reg_7855                         |   8|   0|   64|         56|
    |zext_ln99_205_reg_7865                         |   8|   0|   64|         56|
    |zext_ln99_206_reg_10977                        |   8|   0|   64|         56|
    |zext_ln99_207_reg_10987                        |   8|   0|   64|         56|
    |zext_ln99_208_reg_7968                         |   8|   0|   64|         56|
    |zext_ln99_209_reg_7783                         |   8|   0|   64|         56|
    +-----------------------------------------------+----+----+-----+-----------+
    |Total                                          |2845|   0|10109|       7264|
    +-----------------------------------------------+----+----+-----+-----------+



================================================================
== Interface
================================================================
* Summary: 
+------------------+-----+-----+------------+--------------+--------------+
|     RTL Ports    | Dir | Bits|  Protocol  | Source Object|    C Type    |
+------------------+-----+-----+------------+--------------+--------------+
|ap_clk            |   in|    1|  ap_ctrl_hs|       pw3_qat|  return value|
|ap_rst            |   in|    1|  ap_ctrl_hs|       pw3_qat|  return value|
|ap_start          |   in|    1|  ap_ctrl_hs|       pw3_qat|  return value|
|ap_done           |  out|    1|  ap_ctrl_hs|       pw3_qat|  return value|
|ap_idle           |  out|    1|  ap_ctrl_hs|       pw3_qat|  return value|
|ap_ready          |  out|    1|  ap_ctrl_hs|       pw3_qat|  return value|
|ifmap_0_address0  |  out|    8|   ap_memory|       ifmap_0|         array|
|ifmap_0_ce0       |  out|    1|   ap_memory|       ifmap_0|         array|
|ifmap_0_q0        |   in|    7|   ap_memory|       ifmap_0|         array|
|ifmap_0_address1  |  out|    8|   ap_memory|       ifmap_0|         array|
|ifmap_0_ce1       |  out|    1|   ap_memory|       ifmap_0|         array|
|ifmap_0_q1        |   in|    7|   ap_memory|       ifmap_0|         array|
|ifmap_1_address0  |  out|    8|   ap_memory|       ifmap_1|         array|
|ifmap_1_ce0       |  out|    1|   ap_memory|       ifmap_1|         array|
|ifmap_1_q0        |   in|    7|   ap_memory|       ifmap_1|         array|
|ifmap_1_address1  |  out|    8|   ap_memory|       ifmap_1|         array|
|ifmap_1_ce1       |  out|    1|   ap_memory|       ifmap_1|         array|
|ifmap_1_q1        |   in|    7|   ap_memory|       ifmap_1|         array|
|ofmap_0_address0  |  out|    9|   ap_memory|       ofmap_0|         array|
|ofmap_0_ce0       |  out|    1|   ap_memory|       ofmap_0|         array|
|ofmap_0_we0       |  out|    1|   ap_memory|       ofmap_0|         array|
|ofmap_0_d0        |  out|    7|   ap_memory|       ofmap_0|         array|
|ofmap_1_address0  |  out|    9|   ap_memory|       ofmap_1|         array|
|ofmap_1_ce0       |  out|    1|   ap_memory|       ofmap_1|         array|
|ofmap_1_we0       |  out|    1|   ap_memory|       ofmap_1|         array|
|ofmap_1_d0        |  out|    7|   ap_memory|       ofmap_1|         array|
+------------------+-----+-----+------------+--------------+--------------+

