

================================================================
== Vitis HLS Report for 'dw3_qat'
================================================================
* Date:           Sat Jun 27 11:08:33 2026

* Version:        2025.2 (Build 6295257 on Nov 14 2025)
* Project:        QAT_HLS
* Solution:       hls (Vivado IP Flow Target)
* Product family: zynq
* Target device:  xc7z045-ffg900-2


================================================================
== Performance Estimates
================================================================
+ Timing: 
    * Summary: 
    +--------+----------+----------+------------+
    |  Clock |  Target  | Estimated| Uncertainty|
    +--------+----------+----------+------------+
    |ap_clk  |  10.00 ns|  7.175 ns|     2.70 ns|
    +--------+----------+----------+------------+

+ Latency: 
    * Summary: 
    +---------+---------+----------+----------+-----+-----+-------------------+
    |  Latency (cycles) |  Latency (absolute) |  Interval |      Pipeline     |
    |   min   |   max   |    min   |    max   | min | max |        Type       |
    +---------+---------+----------+----------+-----+-----+-------------------+
    |      528|      528|  5.280 us|  5.280 us|    0|    0|  loop pipeline stp|
    +---------+---------+----------+----------+-----+-----+-------------------+

    + Detail: 
        * Instance: 
        N/A

        * Loop: 
        +-----------------------+---------+---------+----------+-----------+-----------+------+----------+
        |                       |  Latency (cycles) | Iteration|  Initiation Interval  | Trip |          |
        |       Loop Name       |   min   |   max   |  Latency |  achieved |   target  | Count| Pipelined|
        +-----------------------+---------+---------+----------+-----------+-----------+------+----------+
        |- DW3_C_DW3_OH_DW3_OW  |      526|      526|        16|          1|          1|   512|       yes|
        +-----------------------+---------+---------+----------+-----------+-----------+------+----------+

============================================================
+ Verbose Summary: Synthesis Manager
============================================================
InlineROM: 1
ExposeGlobal: 0
============================================================
+ Verbose Summary: CDFG Model
============================================================
IsTopModel: 0
ResetActiveHigh: 1
IsCombinational: 0
IsDatapathOnly: 0
HasWiredReturn: 1
HasMFsm: 2
HasVarLatency: 1
IsPipeline: 0
IsRtlPipelined: 0
IsInstanceOverlapped: 0
IsDontTouch: 0
HasImplIP: 0
IsGatedGlobalClock: 0

+ Individual pipeline summary: 
  * Pipeline-0: initiation interval (II) = 1, depth = 16


============================================================
+ Verbose Summary: Schedule
============================================================
* Number of FSM states : 16
* Pipeline : 1
  Pipeline-0 : II = 1, D = 16, States = { 1 2 3 4 5 6 7 8 9 10 11 12 13 14 15 16 }
* Dataflow Pipeline: 0

* FSM state transitions: 
1 --> 2 
2 --> 3 
3 --> 4 
4 --> 5 
5 --> 6 
6 --> 7 
7 --> 8 
8 --> 9 
9 --> 10 
10 --> 11 
11 --> 12 
12 --> 13 
13 --> 14 
14 --> 15 
15 --> 16 
16 --> 

* FSM state operations: 

State 1 <SV = 0> <Delay = 7.17>
ST_1 : Operation 19 [1/1] (0.00ns)   --->   "%ow = alloca i32 1" [../QAT-Model/depthwise.cpp:113]   --->   Operation 19 'alloca' 'ow' <Predicate = true> <Delay = 0.00>
ST_1 : Operation 20 [1/1] (0.00ns)   --->   "%oh = alloca i32 1" [../QAT-Model/depthwise.cpp:112]   --->   Operation 20 'alloca' 'oh' <Predicate = true> <Delay = 0.00>
ST_1 : Operation 21 [1/1] (0.00ns)   --->   "%indvar_flatten = alloca i32 1"   --->   Operation 21 'alloca' 'indvar_flatten' <Predicate = true> <Delay = 0.00>
ST_1 : Operation 22 [1/1] (0.00ns)   --->   "%c = alloca i32 1" [../QAT-Model/depthwise.cpp:111]   --->   Operation 22 'alloca' 'c' <Predicate = true> <Delay = 0.00>
ST_1 : Operation 23 [1/1] (0.00ns)   --->   "%indvar_flatten12 = alloca i32 1"   --->   Operation 23 'alloca' 'indvar_flatten12' <Predicate = true> <Delay = 0.00>
ST_1 : Operation 24 [1/1] (0.00ns)   --->   "%specmemcore_ln0 = specmemcore void @_ssdm_op_SpecMemCore, i7 %ofmap_0, i64 666, i64 22, i64 18446744073709551615, i1 0"   --->   Operation 24 'specmemcore' 'specmemcore_ln0' <Predicate = true> <Delay = 0.00>
ST_1 : Operation 25 [1/1] (0.00ns)   --->   "%specmemcore_ln0 = specmemcore void @_ssdm_op_SpecMemCore, i7 %ofmap_1, i64 666, i64 22, i64 18446744073709551615, i1 0"   --->   Operation 25 'specmemcore' 'specmemcore_ln0' <Predicate = true> <Delay = 0.00>
ST_1 : Operation 26 [1/1] (0.00ns)   --->   "%specmemcore_ln107 = specmemcore void @_ssdm_op_SpecMemCore, i7 %p_ZL20features_3_dw_w_fold_2_2, i64 666, i64 36, i64 18446744073709551615, i1 0" [../QAT-Model/depthwise.cpp:107]   --->   Operation 26 'specmemcore' 'specmemcore_ln107' <Predicate = true> <Delay = 0.00>
ST_1 : Operation 27 [1/1] (0.00ns)   --->   "%specmemcore_ln107 = specmemcore void @_ssdm_op_SpecMemCore, i8 %p_ZL20features_3_dw_w_fold_2_1, i64 666, i64 36, i64 18446744073709551615, i1 0" [../QAT-Model/depthwise.cpp:107]   --->   Operation 27 'specmemcore' 'specmemcore_ln107' <Predicate = true> <Delay = 0.00>
ST_1 : Operation 28 [1/1] (0.00ns)   --->   "%specmemcore_ln107 = specmemcore void @_ssdm_op_SpecMemCore, i8 %p_ZL20features_3_dw_w_fold_2_0, i64 666, i64 36, i64 18446744073709551615, i1 0" [../QAT-Model/depthwise.cpp:107]   --->   Operation 28 'specmemcore' 'specmemcore_ln107' <Predicate = true> <Delay = 0.00>
ST_1 : Operation 29 [1/1] (0.00ns)   --->   "%specmemcore_ln107 = specmemcore void @_ssdm_op_SpecMemCore, i7 %p_ZL20features_3_dw_w_fold_1_2, i64 666, i64 36, i64 18446744073709551615, i1 0" [../QAT-Model/depthwise.cpp:107]   --->   Operation 29 'specmemcore' 'specmemcore_ln107' <Predicate = true> <Delay = 0.00>
ST_1 : Operation 30 [1/1] (0.00ns)   --->   "%specmemcore_ln107 = specmemcore void @_ssdm_op_SpecMemCore, i8 %p_ZL20features_3_dw_w_fold_1_1, i64 666, i64 36, i64 18446744073709551615, i1 0" [../QAT-Model/depthwise.cpp:107]   --->   Operation 30 'specmemcore' 'specmemcore_ln107' <Predicate = true> <Delay = 0.00>
ST_1 : Operation 31 [1/1] (0.00ns)   --->   "%specmemcore_ln107 = specmemcore void @_ssdm_op_SpecMemCore, i7 %p_ZL20features_3_dw_w_fold_1_0, i64 666, i64 36, i64 18446744073709551615, i1 0" [../QAT-Model/depthwise.cpp:107]   --->   Operation 31 'specmemcore' 'specmemcore_ln107' <Predicate = true> <Delay = 0.00>
ST_1 : Operation 32 [1/1] (0.00ns)   --->   "%specmemcore_ln107 = specmemcore void @_ssdm_op_SpecMemCore, i7 %p_ZL20features_3_dw_w_fold_0_2, i64 666, i64 36, i64 18446744073709551615, i1 0" [../QAT-Model/depthwise.cpp:107]   --->   Operation 32 'specmemcore' 'specmemcore_ln107' <Predicate = true> <Delay = 0.00>
ST_1 : Operation 33 [1/1] (0.00ns)   --->   "%specmemcore_ln107 = specmemcore void @_ssdm_op_SpecMemCore, i8 %p_ZL20features_3_dw_w_fold_0_1, i64 666, i64 36, i64 18446744073709551615, i1 0" [../QAT-Model/depthwise.cpp:107]   --->   Operation 33 'specmemcore' 'specmemcore_ln107' <Predicate = true> <Delay = 0.00>
ST_1 : Operation 34 [1/1] (0.00ns)   --->   "%specmemcore_ln107 = specmemcore void @_ssdm_op_SpecMemCore, i8 %p_ZL20features_3_dw_w_fold_0_0, i64 666, i64 36, i64 18446744073709551615, i1 0" [../QAT-Model/depthwise.cpp:107]   --->   Operation 34 'specmemcore' 'specmemcore_ln107' <Predicate = true> <Delay = 0.00>
ST_1 : Operation 35 [1/1] (1.29ns)   --->   "%store_ln0 = store i10 0, i10 %indvar_flatten12"   --->   Operation 35 'store' 'store_ln0' <Predicate = true> <Delay = 1.29>
ST_1 : Operation 36 [1/1] (1.29ns)   --->   "%store_ln111 = store i8 0, i8 %c" [../QAT-Model/depthwise.cpp:111]   --->   Operation 36 'store' 'store_ln111' <Predicate = true> <Delay = 1.29>
ST_1 : Operation 37 [1/1] (1.29ns)   --->   "%store_ln0 = store i4 0, i4 %indvar_flatten"   --->   Operation 37 'store' 'store_ln0' <Predicate = true> <Delay = 1.29>
ST_1 : Operation 38 [1/1] (1.29ns)   --->   "%store_ln112 = store i2 0, i2 %oh" [../QAT-Model/depthwise.cpp:112]   --->   Operation 38 'store' 'store_ln112' <Predicate = true> <Delay = 1.29>
ST_1 : Operation 39 [1/1] (1.29ns)   --->   "%store_ln113 = store i2 0, i2 %ow" [../QAT-Model/depthwise.cpp:113]   --->   Operation 39 'store' 'store_ln113' <Predicate = true> <Delay = 1.29>
ST_1 : Operation 40 [1/1] (0.00ns)   --->   "%br_ln111 = br void %DW3_KH" [../QAT-Model/depthwise.cpp:111]   --->   Operation 40 'br' 'br_ln111' <Predicate = true> <Delay = 0.00>
ST_1 : Operation 41 [1/1] (0.00ns)   --->   "%indvar_flatten_load = load i4 %indvar_flatten" [../QAT-Model/depthwise.cpp:112]   --->   Operation 41 'load' 'indvar_flatten_load' <Predicate = true> <Delay = 0.00>
ST_1 : Operation 42 [1/1] (0.00ns)   --->   "%indvar_flatten12_load = load i10 %indvar_flatten12" [../QAT-Model/depthwise.cpp:111]   --->   Operation 42 'load' 'indvar_flatten12_load' <Predicate = true> <Delay = 0.00>
ST_1 : Operation 43 [1/1] (1.41ns)   --->   "%icmp_ln111 = icmp_eq  i10 %indvar_flatten12_load, i10 512" [../QAT-Model/depthwise.cpp:111]   --->   Operation 43 'icmp' 'icmp_ln111' <Predicate = true> <Delay = 1.41> <CoreInst = "Cmp">   --->   Core 9 'Cmp' <Latency = 0> <II = 1> <Delay = 1.41> <FuncUnit> <Opcode : 'seteq' 'setne' 'setle' 'setge' 'setlt' 'setgt'> <InPorts = 2> <OutPorts = 1>
ST_1 : Operation 44 [1/1] (1.41ns)   --->   "%add_ln111_1 = add i10 %indvar_flatten12_load, i10 1" [../QAT-Model/depthwise.cpp:111]   --->   Operation 44 'add' 'add_ln111_1' <Predicate = true> <Delay = 1.41> <CoreInst = "Adder">   --->   Core 1 'Adder' <Latency = 0> <II = 1> <Delay = 1.41> <FuncUnit> <Opcode : 'add' 'sub'> <InPorts = 2> <OutPorts = 1>
ST_1 : Operation 45 [1/1] (0.00ns)   --->   "%br_ln111 = br i1 %icmp_ln111, void %for.inc56, void %for.end58" [../QAT-Model/depthwise.cpp:111]   --->   Operation 45 'br' 'br_ln111' <Predicate = true> <Delay = 0.00>
ST_1 : Operation 46 [1/1] (0.00ns)   --->   "%ow_load = load i2 %ow" [../QAT-Model/depthwise.cpp:113]   --->   Operation 46 'load' 'ow_load' <Predicate = (!icmp_ln111)> <Delay = 0.00>
ST_1 : Operation 47 [1/1] (0.00ns)   --->   "%oh_load = load i2 %oh" [../QAT-Model/depthwise.cpp:111]   --->   Operation 47 'load' 'oh_load' <Predicate = (!icmp_ln111)> <Delay = 0.00>
ST_1 : Operation 48 [1/1] (0.00ns)   --->   "%c_load = load i8 %c" [../QAT-Model/depthwise.cpp:111]   --->   Operation 48 'load' 'c_load' <Predicate = (!icmp_ln111)> <Delay = 0.00>
ST_1 : Operation 49 [1/1] (1.30ns)   --->   "%add_ln111 = add i8 %c_load, i8 1" [../QAT-Model/depthwise.cpp:111]   --->   Operation 49 'add' 'add_ln111' <Predicate = (!icmp_ln111)> <Delay = 1.30> <CoreInst = "Adder">   --->   Core 1 'Adder' <Latency = 0> <II = 1> <Delay = 1.30> <FuncUnit> <Opcode : 'add' 'sub'> <InPorts = 2> <OutPorts = 1>
ST_1 : Operation 50 [1/1] (0.99ns)   --->   "%icmp_ln112 = icmp_eq  i4 %indvar_flatten_load, i4 4" [../QAT-Model/depthwise.cpp:112]   --->   Operation 50 'icmp' 'icmp_ln112' <Predicate = (!icmp_ln111)> <Delay = 0.99> <CoreInst = "Cmp">   --->   Core 9 'Cmp' <Latency = 0> <II = 1> <Delay = 0.99> <FuncUnit> <Opcode : 'seteq' 'setne' 'setle' 'setge' 'setlt' 'setgt'> <InPorts = 2> <OutPorts = 1>
ST_1 : Operation 51 [1/1] (0.81ns)   --->   "%select_ln111 = select i1 %icmp_ln112, i2 0, i2 %oh_load" [../QAT-Model/depthwise.cpp:111]   --->   Operation 51 'select' 'select_ln111' <Predicate = (!icmp_ln111)> <Delay = 0.81> <CoreInst = "Sel">   --->   Core 73 'Sel' <Latency = 0> <II = 1> <Delay = 0.81> <FuncUnit> <Opcode : 'select'> <InPorts = 3> <OutPorts = 1>
ST_1 : Operation 52 [1/1] (0.00ns) (grouped into LUT with out node and_ln111)   --->   "%xor_ln111 = xor i1 %icmp_ln112, i1 1" [../QAT-Model/depthwise.cpp:111]   --->   Operation 52 'xor' 'xor_ln111' <Predicate = (!icmp_ln111)> <Delay = 0.00> <CoreInst = "LogicGate">   --->   Core 74 'LogicGate' <Latency = 0> <II = 1> <Delay = 0.80> <FuncUnit> <Opcode : 'and' 'or' 'xor'> <InPorts = 2> <OutPorts = 1>
ST_1 : Operation 53 [1/1] (0.63ns)   --->   "%icmp_ln113 = icmp_eq  i2 %ow_load, i2 2" [../QAT-Model/depthwise.cpp:113]   --->   Operation 53 'icmp' 'icmp_ln113' <Predicate = (!icmp_ln111)> <Delay = 0.63> <CoreInst = "Cmp">   --->   Core 9 'Cmp' <Latency = 0> <II = 1> <Delay = 0.63> <FuncUnit> <Opcode : 'seteq' 'setne' 'setle' 'setge' 'setlt' 'setgt'> <InPorts = 2> <OutPorts = 1>
ST_1 : Operation 54 [1/1] (0.80ns) (out node of the LUT)   --->   "%and_ln111 = and i1 %icmp_ln113, i1 %xor_ln111" [../QAT-Model/depthwise.cpp:111]   --->   Operation 54 'and' 'and_ln111' <Predicate = (!icmp_ln111)> <Delay = 0.80> <CoreInst = "LogicGate">   --->   Core 74 'LogicGate' <Latency = 0> <II = 1> <Delay = 0.80> <FuncUnit> <Opcode : 'and' 'or' 'xor'> <InPorts = 2> <OutPorts = 1>
ST_1 : Operation 55 [1/1] (0.44ns)   --->   "%select_ln111_1 = select i1 %icmp_ln112, i8 %add_ln111, i8 %c_load" [../QAT-Model/depthwise.cpp:111]   --->   Operation 55 'select' 'select_ln111_1' <Predicate = (!icmp_ln111)> <Delay = 0.44> <CoreInst = "Sel">   --->   Core 73 'Sel' <Latency = 0> <II = 1> <Delay = 0.44> <FuncUnit> <Opcode : 'select'> <InPorts = 3> <OutPorts = 1>
ST_1 : Operation 56 [1/1] (0.63ns)   --->   "%add_ln112 = add i2 %select_ln111, i2 1" [../QAT-Model/depthwise.cpp:112]   --->   Operation 56 'add' 'add_ln112' <Predicate = (!icmp_ln111)> <Delay = 0.63> <CoreInst = "Adder">   --->   Core 1 'Adder' <Latency = 0> <II = 1> <Delay = 0.63> <FuncUnit> <Opcode : 'add' 'sub'> <InPorts = 2> <OutPorts = 1>
ST_1 : Operation 57 [1/1] (0.00ns) (grouped into LUT with out node ow_mid2)   --->   "%empty = or i1 %and_ln111, i1 %icmp_ln112" [../QAT-Model/depthwise.cpp:111]   --->   Operation 57 'or' 'empty' <Predicate = (!icmp_ln111)> <Delay = 0.00> <CoreInst = "LogicGate">   --->   Core 74 'LogicGate' <Latency = 0> <II = 1> <Delay = 0.80> <FuncUnit> <Opcode : 'and' 'or' 'xor'> <InPorts = 2> <OutPorts = 1>
ST_1 : Operation 58 [1/1] (0.81ns) (out node of the LUT)   --->   "%ow_mid2 = select i1 %empty, i2 0, i2 %ow_load" [../QAT-Model/depthwise.cpp:111]   --->   Operation 58 'select' 'ow_mid2' <Predicate = (!icmp_ln111)> <Delay = 0.81> <CoreInst = "Sel">   --->   Core 73 'Sel' <Latency = 0> <II = 1> <Delay = 0.81> <FuncUnit> <Opcode : 'select'> <InPorts = 3> <OutPorts = 1>
ST_1 : Operation 59 [1/1] (0.81ns)   --->   "%select_ln112 = select i1 %and_ln111, i2 %add_ln112, i2 %select_ln111" [../QAT-Model/depthwise.cpp:112]   --->   Operation 59 'select' 'select_ln112' <Predicate = (!icmp_ln111)> <Delay = 0.81> <CoreInst = "Sel">   --->   Core 73 'Sel' <Latency = 0> <II = 1> <Delay = 0.81> <FuncUnit> <Opcode : 'select'> <InPorts = 3> <OutPorts = 1>
ST_1 : Operation 60 [1/1] (0.00ns)   --->   "%zext_ln111 = zext i8 %select_ln111_1" [../QAT-Model/depthwise.cpp:111]   --->   Operation 60 'zext' 'zext_ln111' <Predicate = (!icmp_ln111)> <Delay = 0.00>
ST_1 : Operation 61 [1/1] (0.00ns)   --->   "%trunc_ln111 = trunc i8 %select_ln111_1" [../QAT-Model/depthwise.cpp:111]   --->   Operation 61 'trunc' 'trunc_ln111' <Predicate = (!icmp_ln111)> <Delay = 0.00>
ST_1 : Operation 62 [1/1] (0.00ns)   --->   "%lshr_ln = partselect i6 @_ssdm_op_PartSelect.i6.i8.i32.i32, i8 %select_ln111_1, i32 1, i32 6" [../QAT-Model/depthwise.cpp:111]   --->   Operation 62 'partselect' 'lshr_ln' <Predicate = (!icmp_ln111)> <Delay = 0.00>
ST_1 : Operation 63 [1/1] (0.00ns)   --->   "%tmp = bitconcatenate i7 @_ssdm_op_BitConcatenate.i7.i6.i1, i6 %lshr_ln, i1 0" [../QAT-Model/depthwise.cpp:129]   --->   Operation 63 'bitconcatenate' 'tmp' <Predicate = (!icmp_ln111)> <Delay = 0.00>
ST_1 : Operation 64 [1/1] (0.00ns)   --->   "%p_ZL20features_3_dw_w_fold_0_0_addr = getelementptr i8 %p_ZL20features_3_dw_w_fold_0_0, i64 0, i64 %zext_ln111" [../QAT-Model/depthwise.cpp:125]   --->   Operation 64 'getelementptr' 'p_ZL20features_3_dw_w_fold_0_0_addr' <Predicate = (!icmp_ln111)> <Delay = 0.00>
ST_1 : Operation 65 [1/1] (0.00ns)   --->   "%ifmap_1_1_addr = getelementptr i7 %ifmap_1_1, i64 0, i64 %zext_ln111" [../QAT-Model/depthwise.cpp:124]   --->   Operation 65 'getelementptr' 'ifmap_1_1_addr' <Predicate = (!icmp_ln111)> <Delay = 0.00>
ST_1 : Operation 66 [2/2] (1.75ns)   --->   "%ifmap_1_1_load = load i7 %ifmap_1_1_addr" [../QAT-Model/depthwise.cpp:124]   --->   Operation 66 'load' 'ifmap_1_1_load' <Predicate = (!icmp_ln111)> <Delay = 1.75> <CoreInst = "RAM">   --->   Core 81 'RAM' <Latency = 1> <II = 1> <Delay = 1.75> <Storage> <Opcode : 'load' 'store'> <Ports = 2> <Width = 7> <Depth = 128> <RAM>
ST_1 : Operation 67 [2/2] (2.77ns)   --->   "%p_ZL20features_3_dw_w_fold_0_0_load = load i7 %p_ZL20features_3_dw_w_fold_0_0_addr" [../QAT-Model/depthwise.cpp:125]   --->   Operation 67 'load' 'p_ZL20features_3_dw_w_fold_0_0_load' <Predicate = (!icmp_ln111)> <Delay = 2.77> <CoreInst = "ROM_2P_BRAM">   --->   Core 100 'ROM_2P_BRAM' <Latency = 1> <II = 1> <Delay = 2.77> <Storage> <Opcode : 'load'> <Ports = 2> <Width = 8> <Depth = 128> <ROM>
ST_1 : Operation 68 [1/1] (0.00ns)   --->   "%zext_ln129 = zext i2 %select_ln112" [../QAT-Model/depthwise.cpp:129]   --->   Operation 68 'zext' 'zext_ln129' <Predicate = (!icmp_ln111)> <Delay = 0.00>
ST_1 : Operation 69 [1/1] (1.31ns)   --->   "%add_ln129 = add i7 %tmp, i7 %zext_ln129" [../QAT-Model/depthwise.cpp:129]   --->   Operation 69 'add' 'add_ln129' <Predicate = (!icmp_ln111)> <Delay = 1.31> <CoreInst = "Adder">   --->   Core 1 'Adder' <Latency = 0> <II = 1> <Delay = 1.31> <FuncUnit> <Opcode : 'add' 'sub'> <InPorts = 2> <OutPorts = 1>
ST_1 : Operation 70 [1/1] (0.00ns)   --->   "%tmp_155 = bitconcatenate i8 @_ssdm_op_BitConcatenate.i8.i7.i1, i7 %add_ln129, i1 0" [../QAT-Model/depthwise.cpp:129]   --->   Operation 70 'bitconcatenate' 'tmp_155' <Predicate = (!icmp_ln111)> <Delay = 0.00>
ST_1 : Operation 71 [1/1] (0.00ns)   --->   "%trunc_ln120 = trunc i2 %select_ln112" [../QAT-Model/depthwise.cpp:120]   --->   Operation 71 'trunc' 'trunc_ln120' <Predicate = (!icmp_ln111)> <Delay = 0.00>
ST_1 : Operation 72 [1/1] (0.00ns) (grouped into LUT with out node add_ln122)   --->   "%shl_ln120 = shl i2 %select_ln112, i2 1" [../QAT-Model/depthwise.cpp:120]   --->   Operation 72 'shl' 'shl_ln120' <Predicate = (!icmp_ln111)> <Delay = 0.00>
ST_1 : Operation 73 [1/1] (0.63ns) (out node of the LUT)   --->   "%add_ln122 = add i2 %shl_ln120, i2 3" [../QAT-Model/depthwise.cpp:122]   --->   Operation 73 'add' 'add_ln122' <Predicate = (!icmp_ln111)> <Delay = 0.63> <CoreInst = "Adder">   --->   Core 1 'Adder' <Latency = 0> <II = 1> <Delay = 0.63> <FuncUnit> <Opcode : 'add' 'sub'> <InPorts = 2> <OutPorts = 1>
ST_1 : Operation 74 [1/1] (0.00ns)   --->   "%zext_ln129_1 = zext i2 %ow_mid2" [../QAT-Model/depthwise.cpp:129]   --->   Operation 74 'zext' 'zext_ln129_1' <Predicate = (!icmp_ln111)> <Delay = 0.00>
ST_1 : Operation 75 [1/1] (1.30ns)   --->   "%add_ln129_1 = add i8 %tmp_155, i8 %zext_ln129_1" [../QAT-Model/depthwise.cpp:129]   --->   Operation 75 'add' 'add_ln129_1' <Predicate = (!icmp_ln111)> <Delay = 1.30> <CoreInst = "Adder">   --->   Core 1 'Adder' <Latency = 0> <II = 1> <Delay = 1.30> <FuncUnit> <Opcode : 'add' 'sub'> <InPorts = 2> <OutPorts = 1>
ST_1 : Operation 76 [1/1] (0.00ns)   --->   "%trunc_ln121 = trunc i2 %ow_mid2" [../QAT-Model/depthwise.cpp:121]   --->   Operation 76 'trunc' 'trunc_ln121' <Predicate = (!icmp_ln111)> <Delay = 0.00>
ST_1 : Operation 77 [1/1] (0.00ns) (grouped into LUT with out node add_ln122_1)   --->   "%shl_ln121 = shl i2 %ow_mid2, i2 1" [../QAT-Model/depthwise.cpp:121]   --->   Operation 77 'shl' 'shl_ln121' <Predicate = (!icmp_ln111)> <Delay = 0.00>
ST_1 : Operation 78 [1/1] (0.63ns) (out node of the LUT)   --->   "%add_ln122_1 = add i2 %shl_ln121, i2 3" [../QAT-Model/depthwise.cpp:122]   --->   Operation 78 'add' 'add_ln122_1' <Predicate = (!icmp_ln111)> <Delay = 0.63> <CoreInst = "Adder">   --->   Core 1 'Adder' <Latency = 0> <II = 1> <Delay = 0.63> <FuncUnit> <Opcode : 'add' 'sub'> <InPorts = 2> <OutPorts = 1>
ST_1 : Operation 79 [1/1] (0.00ns) (grouped into LUT with out node icmp_ln122)   --->   "%or_ln122 = or i2 %add_ln122_1, i2 %add_ln122" [../QAT-Model/depthwise.cpp:122]   --->   Operation 79 'or' 'or_ln122' <Predicate = (!icmp_ln111)> <Delay = 0.00> <CoreInst = "LogicGate">   --->   Core 74 'LogicGate' <Latency = 0> <II = 1> <Delay = 0.80> <FuncUnit> <Opcode : 'and' 'or' 'xor'> <InPorts = 2> <OutPorts = 1>
ST_1 : Operation 80 [1/1] (0.80ns) (out node of the LUT)   --->   "%icmp_ln122 = icmp_ne  i2 %or_ln122, i2 3" [../QAT-Model/depthwise.cpp:122]   --->   Operation 80 'icmp' 'icmp_ln122' <Predicate = (!icmp_ln111)> <Delay = 0.80> <CoreInst = "Cmp">   --->   Core 9 'Cmp' <Latency = 0> <II = 1> <Delay = 0.63> <FuncUnit> <Opcode : 'seteq' 'setne' 'setle' 'setge' 'setlt' 'setgt'> <InPorts = 2> <OutPorts = 1>
ST_1 : Operation 81 [1/1] (0.63ns)   --->   "%icmp_ln124 = icmp_eq  i2 %ow_mid2, i2 1" [../QAT-Model/depthwise.cpp:124]   --->   Operation 81 'icmp' 'icmp_ln124' <Predicate = (!icmp_ln111)> <Delay = 0.63> <CoreInst = "Cmp">   --->   Core 9 'Cmp' <Latency = 0> <II = 1> <Delay = 0.63> <FuncUnit> <Opcode : 'seteq' 'setne' 'setle' 'setge' 'setlt' 'setgt'> <InPorts = 2> <OutPorts = 1>
ST_1 : Operation 82 [1/1] (0.63ns)   --->   "%icmp_ln124_1 = icmp_eq  i2 %select_ln112, i2 1" [../QAT-Model/depthwise.cpp:124]   --->   Operation 82 'icmp' 'icmp_ln124_1' <Predicate = (!icmp_ln111)> <Delay = 0.63> <CoreInst = "Cmp">   --->   Core 9 'Cmp' <Latency = 0> <II = 1> <Delay = 0.63> <FuncUnit> <Opcode : 'seteq' 'setne' 'setle' 'setge' 'setlt' 'setgt'> <InPorts = 2> <OutPorts = 1>
ST_1 : Operation 83 [1/1] (0.00ns)   --->   "%br_ln129 = br i1 %trunc_ln111, void %arrayidx4924.case.0, void %arrayidx4924.case.1" [../QAT-Model/depthwise.cpp:129]   --->   Operation 83 'br' 'br_ln129' <Predicate = (!icmp_ln111)> <Delay = 0.00>
ST_1 : Operation 84 [1/1] (0.63ns)   --->   "%add_ln113 = add i2 %ow_mid2, i2 1" [../QAT-Model/depthwise.cpp:113]   --->   Operation 84 'add' 'add_ln113' <Predicate = (!icmp_ln111)> <Delay = 0.63> <CoreInst = "Adder">   --->   Core 1 'Adder' <Latency = 0> <II = 1> <Delay = 0.63> <FuncUnit> <Opcode : 'add' 'sub'> <InPorts = 2> <OutPorts = 1>
ST_1 : Operation 85 [1/1] (0.99ns)   --->   "%add_ln112_1 = add i4 %indvar_flatten_load, i4 1" [../QAT-Model/depthwise.cpp:112]   --->   Operation 85 'add' 'add_ln112_1' <Predicate = (!icmp_ln111)> <Delay = 0.99> <CoreInst = "Adder">   --->   Core 1 'Adder' <Latency = 0> <II = 1> <Delay = 0.99> <FuncUnit> <Opcode : 'add' 'sub'> <InPorts = 2> <OutPorts = 1>
ST_1 : Operation 86 [1/1] (0.83ns)   --->   "%select_ln112_1 = select i1 %icmp_ln112, i4 1, i4 %add_ln112_1" [../QAT-Model/depthwise.cpp:112]   --->   Operation 86 'select' 'select_ln112_1' <Predicate = (!icmp_ln111)> <Delay = 0.83> <CoreInst = "Sel">   --->   Core 73 'Sel' <Latency = 0> <II = 1> <Delay = 0.83> <FuncUnit> <Opcode : 'select'> <InPorts = 3> <OutPorts = 1>
ST_1 : Operation 87 [1/1] (1.29ns)   --->   "%store_ln111 = store i10 %add_ln111_1, i10 %indvar_flatten12" [../QAT-Model/depthwise.cpp:111]   --->   Operation 87 'store' 'store_ln111' <Predicate = (!icmp_ln111)> <Delay = 1.29>
ST_1 : Operation 88 [1/1] (1.29ns)   --->   "%store_ln111 = store i8 %select_ln111_1, i8 %c" [../QAT-Model/depthwise.cpp:111]   --->   Operation 88 'store' 'store_ln111' <Predicate = (!icmp_ln111)> <Delay = 1.29>
ST_1 : Operation 89 [1/1] (1.29ns)   --->   "%store_ln112 = store i4 %select_ln112_1, i4 %indvar_flatten" [../QAT-Model/depthwise.cpp:112]   --->   Operation 89 'store' 'store_ln112' <Predicate = (!icmp_ln111)> <Delay = 1.29>
ST_1 : Operation 90 [1/1] (1.29ns)   --->   "%store_ln112 = store i2 %select_ln112, i2 %oh" [../QAT-Model/depthwise.cpp:112]   --->   Operation 90 'store' 'store_ln112' <Predicate = (!icmp_ln111)> <Delay = 1.29>
ST_1 : Operation 91 [1/1] (1.29ns)   --->   "%store_ln113 = store i2 %add_ln113, i2 %ow" [../QAT-Model/depthwise.cpp:113]   --->   Operation 91 'store' 'store_ln113' <Predicate = (!icmp_ln111)> <Delay = 1.29>
ST_1 : Operation 92 [1/1] (0.00ns)   --->   "%br_ln113 = br void %DW3_KH" [../QAT-Model/depthwise.cpp:113]   --->   Operation 92 'br' 'br_ln113' <Predicate = (!icmp_ln111)> <Delay = 0.00>

State 2 <SV = 1> <Delay = 3.75>
ST_2 : Operation 93 [1/1] (0.00ns)   --->   "%p_ZL20features_3_dw_w_fold_0_1_addr = getelementptr i8 %p_ZL20features_3_dw_w_fold_0_1, i64 0, i64 %zext_ln111" [../QAT-Model/depthwise.cpp:125]   --->   Operation 93 'getelementptr' 'p_ZL20features_3_dw_w_fold_0_1_addr' <Predicate = (trunc_ln120)> <Delay = 0.00>
ST_2 : Operation 94 [1/1] (0.00ns)   --->   "%ifmap_1_0_addr = getelementptr i7 %ifmap_1_0, i64 0, i64 %zext_ln111" [../QAT-Model/depthwise.cpp:124]   --->   Operation 94 'getelementptr' 'ifmap_1_0_addr' <Predicate = (!icmp_ln124)> <Delay = 0.00>
ST_2 : Operation 95 [1/1] (0.00ns)   --->   "%ifmap_1_2_addr = getelementptr i7 %ifmap_1_2, i64 0, i64 %zext_ln111" [../QAT-Model/depthwise.cpp:124]   --->   Operation 95 'getelementptr' 'ifmap_1_2_addr' <Predicate = (icmp_ln124)> <Delay = 0.00>
ST_2 : Operation 96 [2/2] (1.75ns)   --->   "%ifmap_1_0_load = load i7 %ifmap_1_0_addr" [../QAT-Model/depthwise.cpp:124]   --->   Operation 96 'load' 'ifmap_1_0_load' <Predicate = (!icmp_ln124)> <Delay = 1.75> <CoreInst = "RAM">   --->   Core 81 'RAM' <Latency = 1> <II = 1> <Delay = 1.75> <Storage> <Opcode : 'load' 'store'> <Ports = 2> <Width = 7> <Depth = 128> <RAM>
ST_2 : Operation 97 [2/2] (1.75ns)   --->   "%ifmap_1_2_load = load i7 %ifmap_1_2_addr" [../QAT-Model/depthwise.cpp:124]   --->   Operation 97 'load' 'ifmap_1_2_load' <Predicate = (icmp_ln124)> <Delay = 1.75> <CoreInst = "RAM">   --->   Core 81 'RAM' <Latency = 1> <II = 1> <Delay = 1.75> <Storage> <Opcode : 'load' 'store'> <Ports = 2> <Width = 7> <Depth = 128> <RAM>
ST_2 : Operation 98 [1/2] ( I:1.75ns O:1.75ns )   --->   "%ifmap_1_1_load = load i7 %ifmap_1_1_addr" [../QAT-Model/depthwise.cpp:124]   --->   Operation 98 'load' 'ifmap_1_1_load' <Predicate = true> <Delay = 1.75> <CoreInst = "RAM">   --->   Core 81 'RAM' <Latency = 1> <II = 1> <Delay = 1.75> <Storage> <Opcode : 'load' 'store'> <Ports = 2> <Width = 7> <Depth = 128> <RAM>
ST_2 : Operation 99 [1/2] ( I:2.77ns O:2.77ns )   --->   "%p_ZL20features_3_dw_w_fold_0_0_load = load i7 %p_ZL20features_3_dw_w_fold_0_0_addr" [../QAT-Model/depthwise.cpp:125]   --->   Operation 99 'load' 'p_ZL20features_3_dw_w_fold_0_0_load' <Predicate = true> <Delay = 2.77> <CoreInst = "ROM_2P_BRAM">   --->   Core 100 'ROM_2P_BRAM' <Latency = 1> <II = 1> <Delay = 2.77> <Storage> <Opcode : 'load'> <Ports = 2> <Width = 8> <Depth = 128> <ROM>
ST_2 : Operation 100 [1/1] (0.00ns)   --->   "%sext_ln125_3 = sext i8 %p_ZL20features_3_dw_w_fold_0_0_load" [../QAT-Model/depthwise.cpp:125]   --->   Operation 100 'sext' 'sext_ln125_3' <Predicate = (icmp_ln122)> <Delay = 0.00>
ST_2 : Operation 101 [2/2] (2.77ns)   --->   "%p_ZL20features_3_dw_w_fold_0_1_load = load i7 %p_ZL20features_3_dw_w_fold_0_1_addr" [../QAT-Model/depthwise.cpp:125]   --->   Operation 101 'load' 'p_ZL20features_3_dw_w_fold_0_1_load' <Predicate = (trunc_ln120)> <Delay = 2.77> <CoreInst = "ROM_2P_BRAM">   --->   Core 100 'ROM_2P_BRAM' <Latency = 1> <II = 1> <Delay = 2.77> <Storage> <Opcode : 'load'> <Ports = 2> <Width = 8> <Depth = 128> <ROM>
ST_2 : Operation 102 [1/1] (0.00ns)   --->   "%zext_ln112 = zext i7 %ifmap_1_1_load" [../QAT-Model/depthwise.cpp:112]   --->   Operation 102 'zext' 'zext_ln112' <Predicate = (icmp_ln122)> <Delay = 0.00>
ST_2 : Operation 103 [3/3] (0.98ns) (grouped into DSP with root node acc_1)   --->   "%mul_ln125 = mul i15 %zext_ln112, i15 %sext_ln125_3" [../QAT-Model/depthwise.cpp:125]   --->   Operation 103 'mul' 'mul_ln125' <Predicate = (icmp_ln122)> <Delay = 0.98> <CoreInst = "DSP48">   --->   Core 116 'DSP48' <Latency = 3> <II = 1> <Delay = 1.82> <IPBlock> <Opcode : 'add' 'sub' 'mul' 'select'> <InPorts = 0> <OutPorts = 1> <Sync> <CReg>

State 3 <SV = 2> <Delay = 3.75>
ST_3 : Operation 104 [1/1] (0.00ns)   --->   "%features_3_dw_b_fold_addr = getelementptr i12 %features_3_dw_b_fold, i64 0, i64 %zext_ln111" [../QAT-Model/depthwise.cpp:115]   --->   Operation 104 'getelementptr' 'features_3_dw_b_fold_addr' <Predicate = true> <Delay = 0.00>
ST_3 : Operation 105 [2/2] (2.77ns)   --->   "%acc = load i7 %features_3_dw_b_fold_addr" [../QAT-Model/depthwise.cpp:115]   --->   Operation 105 'load' 'acc' <Predicate = true> <Delay = 2.77> <CoreInst = "ROM">   --->   Core 94 'ROM' <Latency = 1> <II = 1> <Delay = 2.77> <Storage> <Opcode : 'load'> <Ports = 0> <Width = 12> <Depth = 128> <ROM>
ST_3 : Operation 106 [1/1] (0.00ns)   --->   "%p_ZL20features_3_dw_w_fold_0_2_addr = getelementptr i7 %p_ZL20features_3_dw_w_fold_0_2, i64 0, i64 %zext_ln111" [../QAT-Model/depthwise.cpp:125]   --->   Operation 106 'getelementptr' 'p_ZL20features_3_dw_w_fold_0_2_addr' <Predicate = (trunc_ln120)> <Delay = 0.00>
ST_3 : Operation 107 [1/1] (0.00ns)   --->   "%ifmap_1_3_addr = getelementptr i7 %ifmap_1_3, i64 0, i64 %zext_ln111" [../QAT-Model/depthwise.cpp:124]   --->   Operation 107 'getelementptr' 'ifmap_1_3_addr' <Predicate = (icmp_ln124)> <Delay = 0.00>
ST_3 : Operation 108 [1/2] ( I:1.75ns O:1.75ns )   --->   "%ifmap_1_0_load = load i7 %ifmap_1_0_addr" [../QAT-Model/depthwise.cpp:124]   --->   Operation 108 'load' 'ifmap_1_0_load' <Predicate = (!icmp_ln124)> <Delay = 1.75> <CoreInst = "RAM">   --->   Core 81 'RAM' <Latency = 1> <II = 1> <Delay = 1.75> <Storage> <Opcode : 'load' 'store'> <Ports = 2> <Width = 7> <Depth = 128> <RAM>
ST_3 : Operation 109 [1/2] ( I:1.75ns O:1.75ns )   --->   "%ifmap_1_2_load = load i7 %ifmap_1_2_addr" [../QAT-Model/depthwise.cpp:124]   --->   Operation 109 'load' 'ifmap_1_2_load' <Predicate = (icmp_ln124)> <Delay = 1.75> <CoreInst = "RAM">   --->   Core 81 'RAM' <Latency = 1> <II = 1> <Delay = 1.75> <Storage> <Opcode : 'load' 'store'> <Ports = 2> <Width = 7> <Depth = 128> <RAM>
ST_3 : Operation 110 [1/2] ( I:2.77ns O:2.77ns )   --->   "%p_ZL20features_3_dw_w_fold_0_1_load = load i7 %p_ZL20features_3_dw_w_fold_0_1_addr" [../QAT-Model/depthwise.cpp:125]   --->   Operation 110 'load' 'p_ZL20features_3_dw_w_fold_0_1_load' <Predicate = (trunc_ln120)> <Delay = 2.77> <CoreInst = "ROM_2P_BRAM">   --->   Core 100 'ROM_2P_BRAM' <Latency = 1> <II = 1> <Delay = 2.77> <Storage> <Opcode : 'load'> <Ports = 2> <Width = 8> <Depth = 128> <ROM>
ST_3 : Operation 111 [1/1] (0.00ns)   --->   "%sext_ln124 = sext i8 %p_ZL20features_3_dw_w_fold_0_1_load" [../QAT-Model/depthwise.cpp:124]   --->   Operation 111 'sext' 'sext_ln124' <Predicate = (trunc_ln120)> <Delay = 0.00>
ST_3 : Operation 112 [2/2] (1.75ns)   --->   "%ifmap_1_3_load = load i7 %ifmap_1_3_addr" [../QAT-Model/depthwise.cpp:124]   --->   Operation 112 'load' 'ifmap_1_3_load' <Predicate = (icmp_ln124)> <Delay = 1.75> <CoreInst = "RAM">   --->   Core 81 'RAM' <Latency = 1> <II = 1> <Delay = 1.75> <Storage> <Opcode : 'load' 'store'> <Ports = 2> <Width = 7> <Depth = 128> <RAM>
ST_3 : Operation 113 [2/2] (2.77ns)   --->   "%p_ZL20features_3_dw_w_fold_0_2_load = load i7 %p_ZL20features_3_dw_w_fold_0_2_addr" [../QAT-Model/depthwise.cpp:125]   --->   Operation 113 'load' 'p_ZL20features_3_dw_w_fold_0_2_load' <Predicate = (trunc_ln120)> <Delay = 2.77> <CoreInst = "ROM_2P_BRAM">   --->   Core 100 'ROM_2P_BRAM' <Latency = 1> <II = 1> <Delay = 2.77> <Storage> <Opcode : 'load'> <Ports = 2> <Width = 7> <Depth = 128> <ROM>
ST_3 : Operation 114 [2/3] (0.98ns) (grouped into DSP with root node acc_1)   --->   "%mul_ln125 = mul i15 %zext_ln112, i15 %sext_ln125_3" [../QAT-Model/depthwise.cpp:125]   --->   Operation 114 'mul' 'mul_ln125' <Predicate = (icmp_ln122)> <Delay = 0.98> <CoreInst = "DSP48">   --->   Core 116 'DSP48' <Latency = 3> <II = 1> <Delay = 1.82> <IPBlock> <Opcode : 'add' 'sub' 'mul' 'select'> <InPorts = 0> <OutPorts = 1> <Sync> <CReg>
ST_3 : Operation 115 [1/1] (0.80ns)   --->   "%select_ln124 = select i1 %icmp_ln124, i7 %ifmap_1_2_load, i7 %ifmap_1_0_load" [../QAT-Model/depthwise.cpp:124]   --->   Operation 115 'select' 'select_ln124' <Predicate = true> <Delay = 0.80> <CoreInst = "Sel">   --->   Core 73 'Sel' <Latency = 0> <II = 1> <Delay = 0.80> <FuncUnit> <Opcode : 'select'> <InPorts = 3> <OutPorts = 1>
ST_3 : Operation 116 [1/1] (0.00ns)   --->   "%zext_ln125 = zext i7 %select_ln124" [../QAT-Model/depthwise.cpp:125]   --->   Operation 116 'zext' 'zext_ln125' <Predicate = (trunc_ln120)> <Delay = 0.00>
ST_3 : Operation 117 [3/3] (0.98ns) (grouped into DSP with root node acc_3)   --->   "%mul_ln125_1 = mul i15 %zext_ln125, i15 %sext_ln124" [../QAT-Model/depthwise.cpp:125]   --->   Operation 117 'mul' 'mul_ln125_1' <Predicate = (trunc_ln120)> <Delay = 0.98> <CoreInst = "DSP48">   --->   Core 116 'DSP48' <Latency = 3> <II = 1> <Delay = 1.82> <IPBlock> <Opcode : 'add' 'sub' 'mul' 'select'> <InPorts = 0> <OutPorts = 1> <Sync> <CReg>

State 4 <SV = 3> <Delay = 4.53>
ST_4 : Operation 118 [1/2] ( I:2.77ns O:2.77ns )   --->   "%acc = load i7 %features_3_dw_b_fold_addr" [../QAT-Model/depthwise.cpp:115]   --->   Operation 118 'load' 'acc' <Predicate = true> <Delay = 2.77> <CoreInst = "ROM">   --->   Core 94 'ROM' <Latency = 1> <II = 1> <Delay = 2.77> <Storage> <Opcode : 'load'> <Ports = 0> <Width = 12> <Depth = 128> <ROM>
ST_4 : Operation 119 [1/1] (0.00ns)   --->   "%sext_ln125 = sext i12 %acc" [../QAT-Model/depthwise.cpp:125]   --->   Operation 119 'sext' 'sext_ln125' <Predicate = true> <Delay = 0.00>
ST_4 : Operation 120 [1/1] (0.00ns)   --->   "%p_ZL20features_3_dw_w_fold_1_0_addr = getelementptr i7 %p_ZL20features_3_dw_w_fold_1_0, i64 0, i64 %zext_ln111" [../QAT-Model/depthwise.cpp:125]   --->   Operation 120 'getelementptr' 'p_ZL20features_3_dw_w_fold_1_0_addr' <Predicate = (trunc_ln121)> <Delay = 0.00>
ST_4 : Operation 121 [1/1] (0.00ns)   --->   "%ifmap_0_1_addr = getelementptr i7 %ifmap_0_1, i64 0, i64 %zext_ln111" [../QAT-Model/depthwise.cpp:124]   --->   Operation 121 'getelementptr' 'ifmap_0_1_addr' <Predicate = true> <Delay = 0.00>
ST_4 : Operation 122 [1/1] (0.00ns)   --->   "%ifmap_2_1_addr = getelementptr i7 %ifmap_2_1, i64 0, i64 %zext_ln111" [../QAT-Model/depthwise.cpp:124]   --->   Operation 122 'getelementptr' 'ifmap_2_1_addr' <Predicate = true> <Delay = 0.00>
ST_4 : Operation 123 [2/2] (1.75ns)   --->   "%ifmap_0_1_load = load i7 %ifmap_0_1_addr" [../QAT-Model/depthwise.cpp:124]   --->   Operation 123 'load' 'ifmap_0_1_load' <Predicate = true> <Delay = 1.75> <CoreInst = "RAM">   --->   Core 81 'RAM' <Latency = 1> <II = 1> <Delay = 1.75> <Storage> <Opcode : 'load' 'store'> <Ports = 2> <Width = 7> <Depth = 128> <RAM>
ST_4 : Operation 124 [2/2] (1.75ns)   --->   "%ifmap_2_1_load = load i7 %ifmap_2_1_addr" [../QAT-Model/depthwise.cpp:124]   --->   Operation 124 'load' 'ifmap_2_1_load' <Predicate = true> <Delay = 1.75> <CoreInst = "RAM">   --->   Core 81 'RAM' <Latency = 1> <II = 1> <Delay = 1.75> <Storage> <Opcode : 'load' 'store'> <Ports = 2> <Width = 7> <Depth = 128> <RAM>
ST_4 : Operation 125 [1/2] ( I:1.75ns O:1.75ns )   --->   "%ifmap_1_3_load = load i7 %ifmap_1_3_addr" [../QAT-Model/depthwise.cpp:124]   --->   Operation 125 'load' 'ifmap_1_3_load' <Predicate = (icmp_ln124)> <Delay = 1.75> <CoreInst = "RAM">   --->   Core 81 'RAM' <Latency = 1> <II = 1> <Delay = 1.75> <Storage> <Opcode : 'load' 'store'> <Ports = 2> <Width = 7> <Depth = 128> <RAM>
ST_4 : Operation 126 [1/2] ( I:2.77ns O:2.77ns )   --->   "%p_ZL20features_3_dw_w_fold_0_2_load = load i7 %p_ZL20features_3_dw_w_fold_0_2_addr" [../QAT-Model/depthwise.cpp:125]   --->   Operation 126 'load' 'p_ZL20features_3_dw_w_fold_0_2_load' <Predicate = (trunc_ln120)> <Delay = 2.77> <CoreInst = "ROM_2P_BRAM">   --->   Core 100 'ROM_2P_BRAM' <Latency = 1> <II = 1> <Delay = 2.77> <Storage> <Opcode : 'load'> <Ports = 2> <Width = 7> <Depth = 128> <ROM>
ST_4 : Operation 127 [1/1] (0.00ns)   --->   "%sext_ln125_4 = sext i7 %p_ZL20features_3_dw_w_fold_0_2_load" [../QAT-Model/depthwise.cpp:125]   --->   Operation 127 'sext' 'sext_ln125_4' <Predicate = (trunc_ln120)> <Delay = 0.00>
ST_4 : Operation 128 [2/2] (2.77ns)   --->   "%p_ZL20features_3_dw_w_fold_1_0_load = load i7 %p_ZL20features_3_dw_w_fold_1_0_addr" [../QAT-Model/depthwise.cpp:125]   --->   Operation 128 'load' 'p_ZL20features_3_dw_w_fold_1_0_load' <Predicate = (trunc_ln121)> <Delay = 2.77> <CoreInst = "ROM_2P_BRAM">   --->   Core 100 'ROM_2P_BRAM' <Latency = 1> <II = 1> <Delay = 2.77> <Storage> <Opcode : 'load'> <Ports = 2> <Width = 7> <Depth = 128> <ROM>
ST_4 : Operation 129 [1/3] (0.00ns) (grouped into DSP with root node acc_1)   --->   "%mul_ln125 = mul i15 %zext_ln112, i15 %sext_ln125_3" [../QAT-Model/depthwise.cpp:125]   --->   Operation 129 'mul' 'mul_ln125' <Predicate = (icmp_ln122)> <Delay = 0.00> <CoreInst = "DSP48">   --->   Core 116 'DSP48' <Latency = 3> <II = 1> <Delay = 1.82> <IPBlock> <Opcode : 'add' 'sub' 'mul' 'select'> <InPorts = 0> <OutPorts = 1> <Sync> <CReg>
ST_4 : Operation 130 [2/2] (1.76ns) (root node of the DSP)   --->   "%acc_1 = add i15 %sext_ln125, i15 %mul_ln125" [../QAT-Model/depthwise.cpp:124]   --->   Operation 130 'add' 'acc_1' <Predicate = (icmp_ln122)> <Delay = 1.76> <CoreInst = "DSP48">   --->   Core 116 'DSP48' <Latency = 3> <II = 1> <Delay = 1.82> <IPBlock> <Opcode : 'add' 'sub' 'mul' 'select'> <InPorts = 0> <OutPorts = 1> <Sync> <CReg>
ST_4 : Operation 131 [2/3] (0.98ns) (grouped into DSP with root node acc_3)   --->   "%mul_ln125_1 = mul i15 %zext_ln125, i15 %sext_ln124" [../QAT-Model/depthwise.cpp:125]   --->   Operation 131 'mul' 'mul_ln125_1' <Predicate = (trunc_ln120)> <Delay = 0.98> <CoreInst = "DSP48">   --->   Core 116 'DSP48' <Latency = 3> <II = 1> <Delay = 1.82> <IPBlock> <Opcode : 'add' 'sub' 'mul' 'select'> <InPorts = 0> <OutPorts = 1> <Sync> <CReg>
ST_4 : Operation 132 [1/1] (0.80ns)   --->   "%select_ln124_1 = select i1 %icmp_ln124, i7 %ifmap_1_3_load, i7 %ifmap_1_1_load" [../QAT-Model/depthwise.cpp:124]   --->   Operation 132 'select' 'select_ln124_1' <Predicate = true> <Delay = 0.80> <CoreInst = "Sel">   --->   Core 73 'Sel' <Latency = 0> <II = 1> <Delay = 0.80> <FuncUnit> <Opcode : 'select'> <InPorts = 3> <OutPorts = 1>
ST_4 : Operation 133 [1/1] (0.00ns)   --->   "%zext_ln125_1 = zext i7 %select_ln124_1" [../QAT-Model/depthwise.cpp:125]   --->   Operation 133 'zext' 'zext_ln125_1' <Predicate = (trunc_ln120)> <Delay = 0.00>
ST_4 : Operation 134 [3/3] (0.98ns) (grouped into DSP with root node acc_5)   --->   "%mul_ln125_2 = mul i14 %zext_ln125_1, i14 %sext_ln125_4" [../QAT-Model/depthwise.cpp:125]   --->   Operation 134 'mul' 'mul_ln125_2' <Predicate = (trunc_ln120)> <Delay = 0.98> <CoreInst = "DSP48">   --->   Core 116 'DSP48' <Latency = 3> <II = 1> <Delay = 1.82> <IPBlock> <Opcode : 'add' 'sub' 'mul' 'select'> <InPorts = 0> <OutPorts = 1> <Sync> <CReg>

State 5 <SV = 4> <Delay = 4.12>
ST_5 : Operation 135 [1/1] (0.00ns)   --->   "%p_ZL20features_3_dw_w_fold_1_2_addr = getelementptr i7 %p_ZL20features_3_dw_w_fold_1_2, i64 0, i64 %zext_ln111" [../QAT-Model/depthwise.cpp:125]   --->   Operation 135 'getelementptr' 'p_ZL20features_3_dw_w_fold_1_2_addr' <Predicate = true> <Delay = 0.00>
ST_5 : Operation 136 [2/2] (2.77ns)   --->   "%p_ZL20features_3_dw_w_fold_1_2_load = load i7 %p_ZL20features_3_dw_w_fold_1_2_addr" [../QAT-Model/depthwise.cpp:125]   --->   Operation 136 'load' 'p_ZL20features_3_dw_w_fold_1_2_load' <Predicate = true> <Delay = 2.77> <CoreInst = "ROM_2P_BRAM">   --->   Core 100 'ROM_2P_BRAM' <Latency = 1> <II = 1> <Delay = 2.77> <Storage> <Opcode : 'load'> <Ports = 2> <Width = 7> <Depth = 128> <ROM>
ST_5 : Operation 137 [1/2] ( I:1.75ns O:1.75ns )   --->   "%ifmap_0_1_load = load i7 %ifmap_0_1_addr" [../QAT-Model/depthwise.cpp:124]   --->   Operation 137 'load' 'ifmap_0_1_load' <Predicate = true> <Delay = 1.75> <CoreInst = "RAM">   --->   Core 81 'RAM' <Latency = 1> <II = 1> <Delay = 1.75> <Storage> <Opcode : 'load' 'store'> <Ports = 2> <Width = 7> <Depth = 128> <RAM>
ST_5 : Operation 138 [1/2] ( I:1.75ns O:1.75ns )   --->   "%ifmap_2_1_load = load i7 %ifmap_2_1_addr" [../QAT-Model/depthwise.cpp:124]   --->   Operation 138 'load' 'ifmap_2_1_load' <Predicate = true> <Delay = 1.75> <CoreInst = "RAM">   --->   Core 81 'RAM' <Latency = 1> <II = 1> <Delay = 1.75> <Storage> <Opcode : 'load' 'store'> <Ports = 2> <Width = 7> <Depth = 128> <RAM>
ST_5 : Operation 139 [1/1] (0.00ns)   --->   "%ifmap_0_3_addr = getelementptr i7 %ifmap_0_3, i64 0, i64 %zext_ln111" [../QAT-Model/depthwise.cpp:124]   --->   Operation 139 'getelementptr' 'ifmap_0_3_addr' <Predicate = (!icmp_ln124_1 & icmp_ln124)> <Delay = 0.00>
ST_5 : Operation 140 [1/1] (0.00ns)   --->   "%ifmap_2_3_addr = getelementptr i7 %ifmap_2_3, i64 0, i64 %zext_ln111" [../QAT-Model/depthwise.cpp:124]   --->   Operation 140 'getelementptr' 'ifmap_2_3_addr' <Predicate = (icmp_ln124_1 & icmp_ln124)> <Delay = 0.00>
ST_5 : Operation 141 [2/2] (1.75ns)   --->   "%ifmap_0_3_load = load i7 %ifmap_0_3_addr" [../QAT-Model/depthwise.cpp:124]   --->   Operation 141 'load' 'ifmap_0_3_load' <Predicate = (!icmp_ln124_1 & icmp_ln124)> <Delay = 1.75> <CoreInst = "RAM">   --->   Core 81 'RAM' <Latency = 1> <II = 1> <Delay = 1.75> <Storage> <Opcode : 'load' 'store'> <Ports = 2> <Width = 7> <Depth = 128> <RAM>
ST_5 : Operation 142 [2/2] (1.75ns)   --->   "%ifmap_2_3_load = load i7 %ifmap_2_3_addr" [../QAT-Model/depthwise.cpp:124]   --->   Operation 142 'load' 'ifmap_2_3_load' <Predicate = (icmp_ln124_1 & icmp_ln124)> <Delay = 1.75> <CoreInst = "RAM">   --->   Core 81 'RAM' <Latency = 1> <II = 1> <Delay = 1.75> <Storage> <Opcode : 'load' 'store'> <Ports = 2> <Width = 7> <Depth = 128> <RAM>
ST_5 : Operation 143 [1/2] ( I:2.77ns O:2.77ns )   --->   "%p_ZL20features_3_dw_w_fold_1_0_load = load i7 %p_ZL20features_3_dw_w_fold_1_0_addr" [../QAT-Model/depthwise.cpp:125]   --->   Operation 143 'load' 'p_ZL20features_3_dw_w_fold_1_0_load' <Predicate = (trunc_ln121)> <Delay = 2.77> <CoreInst = "ROM_2P_BRAM">   --->   Core 100 'ROM_2P_BRAM' <Latency = 1> <II = 1> <Delay = 2.77> <Storage> <Opcode : 'load'> <Ports = 2> <Width = 7> <Depth = 128> <ROM>
ST_5 : Operation 144 [1/1] (0.00ns)   --->   "%sext_ln124_1 = sext i7 %p_ZL20features_3_dw_w_fold_1_0_load" [../QAT-Model/depthwise.cpp:124]   --->   Operation 144 'sext' 'sext_ln124_1' <Predicate = (trunc_ln121)> <Delay = 0.00>
ST_5 : Operation 145 [1/2] (1.76ns) (root node of the DSP)   --->   "%acc_1 = add i15 %sext_ln125, i15 %mul_ln125" [../QAT-Model/depthwise.cpp:124]   --->   Operation 145 'add' 'acc_1' <Predicate = (icmp_ln122)> <Delay = 1.76> <CoreInst = "DSP48">   --->   Core 116 'DSP48' <Latency = 3> <II = 1> <Delay = 1.82> <IPBlock> <Opcode : 'add' 'sub' 'mul' 'select'> <InPorts = 0> <OutPorts = 1> <Sync> <CReg>
ST_5 : Operation 146 [1/1] (0.60ns)   --->   "%acc_2 = select i1 %icmp_ln122, i15 %acc_1, i15 %sext_ln125" [../QAT-Model/depthwise.cpp:122]   --->   Operation 146 'select' 'acc_2' <Predicate = true> <Delay = 0.60> <CoreInst = "Sel">   --->   Core 73 'Sel' <Latency = 0> <II = 1> <Delay = 0.60> <FuncUnit> <Opcode : 'select'> <InPorts = 3> <OutPorts = 1>
ST_5 : Operation 147 [1/1] (0.00ns)   --->   "%sext_ln115 = sext i15 %acc_2" [../QAT-Model/depthwise.cpp:115]   --->   Operation 147 'sext' 'sext_ln115' <Predicate = true> <Delay = 0.00>
ST_5 : Operation 148 [1/3] (0.00ns) (grouped into DSP with root node acc_3)   --->   "%mul_ln125_1 = mul i15 %zext_ln125, i15 %sext_ln124" [../QAT-Model/depthwise.cpp:125]   --->   Operation 148 'mul' 'mul_ln125_1' <Predicate = (trunc_ln120)> <Delay = 0.00> <CoreInst = "DSP48">   --->   Core 116 'DSP48' <Latency = 3> <II = 1> <Delay = 1.82> <IPBlock> <Opcode : 'add' 'sub' 'mul' 'select'> <InPorts = 0> <OutPorts = 1> <Sync> <CReg>
ST_5 : Operation 149 [1/1] (0.00ns) (grouped into DSP with root node acc_3)   --->   "%sext_ln124_4 = sext i15 %mul_ln125_1" [../QAT-Model/depthwise.cpp:124]   --->   Operation 149 'sext' 'sext_ln124_4' <Predicate = (trunc_ln120)> <Delay = 0.00>
ST_5 : Operation 150 [2/2] (1.76ns) (root node of the DSP)   --->   "%acc_3 = add i16 %sext_ln124_4, i16 %sext_ln115" [../QAT-Model/depthwise.cpp:124]   --->   Operation 150 'add' 'acc_3' <Predicate = (trunc_ln120)> <Delay = 1.76> <CoreInst = "DSP48">   --->   Core 116 'DSP48' <Latency = 3> <II = 1> <Delay = 1.82> <IPBlock> <Opcode : 'add' 'sub' 'mul' 'select'> <InPorts = 0> <OutPorts = 1> <Sync> <CReg>
ST_5 : Operation 151 [2/3] (0.98ns) (grouped into DSP with root node acc_5)   --->   "%mul_ln125_2 = mul i14 %zext_ln125_1, i14 %sext_ln125_4" [../QAT-Model/depthwise.cpp:125]   --->   Operation 151 'mul' 'mul_ln125_2' <Predicate = (trunc_ln120)> <Delay = 0.98> <CoreInst = "DSP48">   --->   Core 116 'DSP48' <Latency = 3> <II = 1> <Delay = 1.82> <IPBlock> <Opcode : 'add' 'sub' 'mul' 'select'> <InPorts = 0> <OutPorts = 1> <Sync> <CReg>
ST_5 : Operation 152 [1/1] (0.80ns)   --->   "%select_ln124_2 = select i1 %icmp_ln124_1, i7 %ifmap_2_1_load, i7 %ifmap_0_1_load" [../QAT-Model/depthwise.cpp:124]   --->   Operation 152 'select' 'select_ln124_2' <Predicate = (trunc_ln121)> <Delay = 0.80> <CoreInst = "Sel">   --->   Core 73 'Sel' <Latency = 0> <II = 1> <Delay = 0.80> <FuncUnit> <Opcode : 'select'> <InPorts = 3> <OutPorts = 1>
ST_5 : Operation 153 [1/1] (0.00ns)   --->   "%zext_ln125_2 = zext i7 %select_ln124_2" [../QAT-Model/depthwise.cpp:125]   --->   Operation 153 'zext' 'zext_ln125_2' <Predicate = (trunc_ln121)> <Delay = 0.00>
ST_5 : Operation 154 [3/3] (0.98ns) (grouped into DSP with root node acc_7)   --->   "%mul_ln125_3 = mul i14 %zext_ln125_2, i14 %sext_ln124_1" [../QAT-Model/depthwise.cpp:125]   --->   Operation 154 'mul' 'mul_ln125_3' <Predicate = (trunc_ln121)> <Delay = 0.98> <CoreInst = "DSP48">   --->   Core 116 'DSP48' <Latency = 3> <II = 1> <Delay = 1.82> <IPBlock> <Opcode : 'add' 'sub' 'mul' 'select'> <InPorts = 0> <OutPorts = 1> <Sync> <CReg>

State 6 <SV = 5> <Delay = 4.35>
ST_6 : Operation 155 [1/1] (0.00ns)   --->   "%p_ZL20features_3_dw_w_fold_1_1_addr = getelementptr i8 %p_ZL20features_3_dw_w_fold_1_1, i64 0, i64 %zext_ln111" [../QAT-Model/depthwise.cpp:125]   --->   Operation 155 'getelementptr' 'p_ZL20features_3_dw_w_fold_1_1_addr' <Predicate = true> <Delay = 0.00>
ST_6 : Operation 156 [2/2] (2.77ns)   --->   "%p_ZL20features_3_dw_w_fold_1_1_load = load i7 %p_ZL20features_3_dw_w_fold_1_1_addr" [../QAT-Model/depthwise.cpp:125]   --->   Operation 156 'load' 'p_ZL20features_3_dw_w_fold_1_1_load' <Predicate = true> <Delay = 2.77> <CoreInst = "ROM_2P_BRAM">   --->   Core 100 'ROM_2P_BRAM' <Latency = 1> <II = 1> <Delay = 2.77> <Storage> <Opcode : 'load'> <Ports = 2> <Width = 8> <Depth = 128> <ROM>
ST_6 : Operation 157 [1/2] ( I:2.77ns O:2.77ns )   --->   "%p_ZL20features_3_dw_w_fold_1_2_load = load i7 %p_ZL20features_3_dw_w_fold_1_2_addr" [../QAT-Model/depthwise.cpp:125]   --->   Operation 157 'load' 'p_ZL20features_3_dw_w_fold_1_2_load' <Predicate = true> <Delay = 2.77> <CoreInst = "ROM_2P_BRAM">   --->   Core 100 'ROM_2P_BRAM' <Latency = 1> <II = 1> <Delay = 2.77> <Storage> <Opcode : 'load'> <Ports = 2> <Width = 7> <Depth = 128> <ROM>
ST_6 : Operation 158 [1/1] (0.00ns)   --->   "%sext_ln125_2 = sext i7 %p_ZL20features_3_dw_w_fold_1_2_load" [../QAT-Model/depthwise.cpp:125]   --->   Operation 158 'sext' 'sext_ln125_2' <Predicate = true> <Delay = 0.00>
ST_6 : Operation 159 [1/1] (0.00ns)   --->   "%ifmap_0_0_addr = getelementptr i7 %ifmap_0_0, i64 0, i64 %zext_ln111" [../QAT-Model/depthwise.cpp:124]   --->   Operation 159 'getelementptr' 'ifmap_0_0_addr' <Predicate = (!icmp_ln124_1 & !icmp_ln124)> <Delay = 0.00>
ST_6 : Operation 160 [1/1] (0.00ns)   --->   "%ifmap_0_2_addr = getelementptr i7 %ifmap_0_2, i64 0, i64 %zext_ln111" [../QAT-Model/depthwise.cpp:124]   --->   Operation 160 'getelementptr' 'ifmap_0_2_addr' <Predicate = (!icmp_ln124_1 & icmp_ln124)> <Delay = 0.00>
ST_6 : Operation 161 [1/1] (0.00ns)   --->   "%ifmap_2_0_addr = getelementptr i7 %ifmap_2_0, i64 0, i64 %zext_ln111" [../QAT-Model/depthwise.cpp:124]   --->   Operation 161 'getelementptr' 'ifmap_2_0_addr' <Predicate = (icmp_ln124_1 & !icmp_ln124)> <Delay = 0.00>
ST_6 : Operation 162 [1/1] (0.00ns)   --->   "%ifmap_2_2_addr = getelementptr i7 %ifmap_2_2, i64 0, i64 %zext_ln111" [../QAT-Model/depthwise.cpp:124]   --->   Operation 162 'getelementptr' 'ifmap_2_2_addr' <Predicate = (icmp_ln124_1 & icmp_ln124)> <Delay = 0.00>
ST_6 : Operation 163 [2/2] (1.75ns)   --->   "%ifmap_0_0_load = load i7 %ifmap_0_0_addr" [../QAT-Model/depthwise.cpp:124]   --->   Operation 163 'load' 'ifmap_0_0_load' <Predicate = (!icmp_ln124_1 & !icmp_ln124)> <Delay = 1.75> <CoreInst = "RAM">   --->   Core 81 'RAM' <Latency = 1> <II = 1> <Delay = 1.75> <Storage> <Opcode : 'load' 'store'> <Ports = 2> <Width = 7> <Depth = 128> <RAM>
ST_6 : Operation 164 [2/2] (1.75ns)   --->   "%ifmap_0_2_load = load i7 %ifmap_0_2_addr" [../QAT-Model/depthwise.cpp:124]   --->   Operation 164 'load' 'ifmap_0_2_load' <Predicate = (!icmp_ln124_1 & icmp_ln124)> <Delay = 1.75> <CoreInst = "RAM">   --->   Core 81 'RAM' <Latency = 1> <II = 1> <Delay = 1.75> <Storage> <Opcode : 'load' 'store'> <Ports = 2> <Width = 7> <Depth = 128> <RAM>
ST_6 : Operation 165 [2/2] (1.75ns)   --->   "%ifmap_2_0_load = load i7 %ifmap_2_0_addr" [../QAT-Model/depthwise.cpp:124]   --->   Operation 165 'load' 'ifmap_2_0_load' <Predicate = (icmp_ln124_1 & !icmp_ln124)> <Delay = 1.75> <CoreInst = "RAM">   --->   Core 81 'RAM' <Latency = 1> <II = 1> <Delay = 1.75> <Storage> <Opcode : 'load' 'store'> <Ports = 2> <Width = 7> <Depth = 128> <RAM>
ST_6 : Operation 166 [2/2] (1.75ns)   --->   "%ifmap_2_2_load = load i7 %ifmap_2_2_addr" [../QAT-Model/depthwise.cpp:124]   --->   Operation 166 'load' 'ifmap_2_2_load' <Predicate = (icmp_ln124_1 & icmp_ln124)> <Delay = 1.75> <CoreInst = "RAM">   --->   Core 81 'RAM' <Latency = 1> <II = 1> <Delay = 1.75> <Storage> <Opcode : 'load' 'store'> <Ports = 2> <Width = 7> <Depth = 128> <RAM>
ST_6 : Operation 167 [1/2] ( I:1.75ns O:1.75ns )   --->   "%ifmap_0_3_load = load i7 %ifmap_0_3_addr" [../QAT-Model/depthwise.cpp:124]   --->   Operation 167 'load' 'ifmap_0_3_load' <Predicate = (!icmp_ln124_1 & icmp_ln124)> <Delay = 1.75> <CoreInst = "RAM">   --->   Core 81 'RAM' <Latency = 1> <II = 1> <Delay = 1.75> <Storage> <Opcode : 'load' 'store'> <Ports = 2> <Width = 7> <Depth = 128> <RAM>
ST_6 : Operation 168 [1/2] ( I:1.75ns O:1.75ns )   --->   "%ifmap_2_3_load = load i7 %ifmap_2_3_addr" [../QAT-Model/depthwise.cpp:124]   --->   Operation 168 'load' 'ifmap_2_3_load' <Predicate = (icmp_ln124_1 & icmp_ln124)> <Delay = 1.75> <CoreInst = "RAM">   --->   Core 81 'RAM' <Latency = 1> <II = 1> <Delay = 1.75> <Storage> <Opcode : 'load' 'store'> <Ports = 2> <Width = 7> <Depth = 128> <RAM>
ST_6 : Operation 169 [1/2] (1.76ns) (root node of the DSP)   --->   "%acc_3 = add i16 %sext_ln124_4, i16 %sext_ln115" [../QAT-Model/depthwise.cpp:124]   --->   Operation 169 'add' 'acc_3' <Predicate = (trunc_ln120)> <Delay = 1.76> <CoreInst = "DSP48">   --->   Core 116 'DSP48' <Latency = 3> <II = 1> <Delay = 1.82> <IPBlock> <Opcode : 'add' 'sub' 'mul' 'select'> <InPorts = 0> <OutPorts = 1> <Sync> <CReg>
ST_6 : Operation 170 [1/1] (0.62ns)   --->   "%acc_4 = select i1 %trunc_ln120, i16 %acc_3, i16 %sext_ln115" [../QAT-Model/depthwise.cpp:120]   --->   Operation 170 'select' 'acc_4' <Predicate = (trunc_ln120)> <Delay = 0.62> <CoreInst = "Sel">   --->   Core 73 'Sel' <Latency = 0> <II = 1> <Delay = 0.62> <FuncUnit> <Opcode : 'select'> <InPorts = 3> <OutPorts = 1>
ST_6 : Operation 171 [1/3] (0.00ns) (grouped into DSP with root node acc_5)   --->   "%mul_ln125_2 = mul i14 %zext_ln125_1, i14 %sext_ln125_4" [../QAT-Model/depthwise.cpp:125]   --->   Operation 171 'mul' 'mul_ln125_2' <Predicate = (trunc_ln120)> <Delay = 0.00> <CoreInst = "DSP48">   --->   Core 116 'DSP48' <Latency = 3> <II = 1> <Delay = 1.82> <IPBlock> <Opcode : 'add' 'sub' 'mul' 'select'> <InPorts = 0> <OutPorts = 1> <Sync> <CReg>
ST_6 : Operation 172 [1/1] (0.00ns) (grouped into DSP with root node acc_5)   --->   "%sext_ln124_5 = sext i14 %mul_ln125_2" [../QAT-Model/depthwise.cpp:124]   --->   Operation 172 'sext' 'sext_ln124_5' <Predicate = (trunc_ln120)> <Delay = 0.00>
ST_6 : Operation 173 [2/2] (1.76ns) (root node of the DSP)   --->   "%acc_5 = add i16 %sext_ln124_5, i16 %acc_4" [../QAT-Model/depthwise.cpp:124]   --->   Operation 173 'add' 'acc_5' <Predicate = (trunc_ln120)> <Delay = 1.76> <CoreInst = "DSP48">   --->   Core 116 'DSP48' <Latency = 3> <II = 1> <Delay = 1.82> <IPBlock> <Opcode : 'add' 'sub' 'mul' 'select'> <InPorts = 0> <OutPorts = 1> <Sync> <CReg>
ST_6 : Operation 174 [2/3] (0.98ns) (grouped into DSP with root node acc_7)   --->   "%mul_ln125_3 = mul i14 %zext_ln125_2, i14 %sext_ln124_1" [../QAT-Model/depthwise.cpp:125]   --->   Operation 174 'mul' 'mul_ln125_3' <Predicate = (trunc_ln121)> <Delay = 0.98> <CoreInst = "DSP48">   --->   Core 116 'DSP48' <Latency = 3> <II = 1> <Delay = 1.82> <IPBlock> <Opcode : 'add' 'sub' 'mul' 'select'> <InPorts = 0> <OutPorts = 1> <Sync> <CReg>
ST_6 : Operation 175 [1/1] (0.80ns)   --->   "%select_ln124_6 = select i1 %icmp_ln124, i7 %ifmap_0_3_load, i7 %ifmap_0_1_load" [../QAT-Model/depthwise.cpp:124]   --->   Operation 175 'select' 'select_ln124_6' <Predicate = (!icmp_ln124_1)> <Delay = 0.80> <CoreInst = "Sel">   --->   Core 73 'Sel' <Latency = 0> <II = 1> <Delay = 0.80> <FuncUnit> <Opcode : 'select'> <InPorts = 3> <OutPorts = 1>
ST_6 : Operation 176 [1/1] (0.80ns)   --->   "%select_ln124_7 = select i1 %icmp_ln124, i7 %ifmap_2_3_load, i7 %ifmap_2_1_load" [../QAT-Model/depthwise.cpp:124]   --->   Operation 176 'select' 'select_ln124_7' <Predicate = (icmp_ln124_1)> <Delay = 0.80> <CoreInst = "Sel">   --->   Core 73 'Sel' <Latency = 0> <II = 1> <Delay = 0.80> <FuncUnit> <Opcode : 'select'> <InPorts = 3> <OutPorts = 1>
ST_6 : Operation 177 [1/1] (0.80ns)   --->   "%select_ln124_8 = select i1 %icmp_ln124_1, i7 %select_ln124_7, i7 %select_ln124_6" [../QAT-Model/depthwise.cpp:124]   --->   Operation 177 'select' 'select_ln124_8' <Predicate = true> <Delay = 0.80> <CoreInst = "Sel">   --->   Core 73 'Sel' <Latency = 0> <II = 1> <Delay = 0.80> <FuncUnit> <Opcode : 'select'> <InPorts = 3> <OutPorts = 1>
ST_6 : Operation 178 [1/1] (0.00ns)   --->   "%zext_ln124_1 = zext i7 %select_ln124_8" [../QAT-Model/depthwise.cpp:124]   --->   Operation 178 'zext' 'zext_ln124_1' <Predicate = true> <Delay = 0.00>
ST_6 : Operation 179 [3/3] (0.98ns) (grouped into DSP with root node add_ln124)   --->   "%mul_ln124_1 = mul i14 %zext_ln124_1, i14 %sext_ln125_2" [../QAT-Model/depthwise.cpp:124]   --->   Operation 179 'mul' 'mul_ln124_1' <Predicate = true> <Delay = 0.98> <CoreInst = "DSP48">   --->   Core 116 'DSP48' <Latency = 3> <II = 1> <Delay = 1.82> <IPBlock> <Opcode : 'add' 'sub' 'mul' 'select'> <InPorts = 0> <OutPorts = 1> <Sync> <CReg>

State 7 <SV = 6> <Delay = 4.35>
ST_7 : Operation 180 [1/1] (0.00ns)   --->   "%p_ZL20features_3_dw_w_fold_2_0_addr = getelementptr i8 %p_ZL20features_3_dw_w_fold_2_0, i64 0, i64 %zext_ln111" [../QAT-Model/depthwise.cpp:125]   --->   Operation 180 'getelementptr' 'p_ZL20features_3_dw_w_fold_2_0_addr' <Predicate = (trunc_ln121)> <Delay = 0.00>
ST_7 : Operation 181 [1/2] ( I:2.77ns O:2.77ns )   --->   "%p_ZL20features_3_dw_w_fold_1_1_load = load i7 %p_ZL20features_3_dw_w_fold_1_1_addr" [../QAT-Model/depthwise.cpp:125]   --->   Operation 181 'load' 'p_ZL20features_3_dw_w_fold_1_1_load' <Predicate = true> <Delay = 2.77> <CoreInst = "ROM_2P_BRAM">   --->   Core 100 'ROM_2P_BRAM' <Latency = 1> <II = 1> <Delay = 2.77> <Storage> <Opcode : 'load'> <Ports = 2> <Width = 8> <Depth = 128> <ROM>
ST_7 : Operation 182 [1/1] (0.00ns)   --->   "%sext_ln125_1 = sext i8 %p_ZL20features_3_dw_w_fold_1_1_load" [../QAT-Model/depthwise.cpp:125]   --->   Operation 182 'sext' 'sext_ln125_1' <Predicate = true> <Delay = 0.00>
ST_7 : Operation 183 [1/2] ( I:1.75ns O:1.75ns )   --->   "%ifmap_0_0_load = load i7 %ifmap_0_0_addr" [../QAT-Model/depthwise.cpp:124]   --->   Operation 183 'load' 'ifmap_0_0_load' <Predicate = (!icmp_ln124_1 & !icmp_ln124)> <Delay = 1.75> <CoreInst = "RAM">   --->   Core 81 'RAM' <Latency = 1> <II = 1> <Delay = 1.75> <Storage> <Opcode : 'load' 'store'> <Ports = 2> <Width = 7> <Depth = 128> <RAM>
ST_7 : Operation 184 [1/2] ( I:1.75ns O:1.75ns )   --->   "%ifmap_0_2_load = load i7 %ifmap_0_2_addr" [../QAT-Model/depthwise.cpp:124]   --->   Operation 184 'load' 'ifmap_0_2_load' <Predicate = (!icmp_ln124_1 & icmp_ln124)> <Delay = 1.75> <CoreInst = "RAM">   --->   Core 81 'RAM' <Latency = 1> <II = 1> <Delay = 1.75> <Storage> <Opcode : 'load' 'store'> <Ports = 2> <Width = 7> <Depth = 128> <RAM>
ST_7 : Operation 185 [1/2] ( I:1.75ns O:1.75ns )   --->   "%ifmap_2_0_load = load i7 %ifmap_2_0_addr" [../QAT-Model/depthwise.cpp:124]   --->   Operation 185 'load' 'ifmap_2_0_load' <Predicate = (icmp_ln124_1 & !icmp_ln124)> <Delay = 1.75> <CoreInst = "RAM">   --->   Core 81 'RAM' <Latency = 1> <II = 1> <Delay = 1.75> <Storage> <Opcode : 'load' 'store'> <Ports = 2> <Width = 7> <Depth = 128> <RAM>
ST_7 : Operation 186 [1/2] ( I:1.75ns O:1.75ns )   --->   "%ifmap_2_2_load = load i7 %ifmap_2_2_addr" [../QAT-Model/depthwise.cpp:124]   --->   Operation 186 'load' 'ifmap_2_2_load' <Predicate = (icmp_ln124_1 & icmp_ln124)> <Delay = 1.75> <CoreInst = "RAM">   --->   Core 81 'RAM' <Latency = 1> <II = 1> <Delay = 1.75> <Storage> <Opcode : 'load' 'store'> <Ports = 2> <Width = 7> <Depth = 128> <RAM>
ST_7 : Operation 187 [1/1] (0.00ns)   --->   "%ifmap_3_1_addr = getelementptr i7 %ifmap_3_1, i64 0, i64 %zext_ln111" [../QAT-Model/depthwise.cpp:124]   --->   Operation 187 'getelementptr' 'ifmap_3_1_addr' <Predicate = true> <Delay = 0.00>
ST_7 : Operation 188 [2/2] (1.75ns)   --->   "%ifmap_3_1_load = load i7 %ifmap_3_1_addr" [../QAT-Model/depthwise.cpp:124]   --->   Operation 188 'load' 'ifmap_3_1_load' <Predicate = true> <Delay = 1.75> <CoreInst = "RAM">   --->   Core 81 'RAM' <Latency = 1> <II = 1> <Delay = 1.75> <Storage> <Opcode : 'load' 'store'> <Ports = 2> <Width = 7> <Depth = 128> <RAM>
ST_7 : Operation 189 [2/2] (2.77ns)   --->   "%p_ZL20features_3_dw_w_fold_2_0_load = load i7 %p_ZL20features_3_dw_w_fold_2_0_addr" [../QAT-Model/depthwise.cpp:125]   --->   Operation 189 'load' 'p_ZL20features_3_dw_w_fold_2_0_load' <Predicate = (trunc_ln121)> <Delay = 2.77> <CoreInst = "ROM_2P_BRAM">   --->   Core 100 'ROM_2P_BRAM' <Latency = 1> <II = 1> <Delay = 2.77> <Storage> <Opcode : 'load'> <Ports = 2> <Width = 8> <Depth = 128> <ROM>
ST_7 : Operation 190 [1/2] (1.76ns) (root node of the DSP)   --->   "%acc_5 = add i16 %sext_ln124_5, i16 %acc_4" [../QAT-Model/depthwise.cpp:124]   --->   Operation 190 'add' 'acc_5' <Predicate = (trunc_ln120)> <Delay = 1.76> <CoreInst = "DSP48">   --->   Core 116 'DSP48' <Latency = 3> <II = 1> <Delay = 1.82> <IPBlock> <Opcode : 'add' 'sub' 'mul' 'select'> <InPorts = 0> <OutPorts = 1> <Sync> <CReg>
ST_7 : Operation 191 [1/1] (0.62ns)   --->   "%acc_6 = select i1 %trunc_ln120, i16 %acc_5, i16 %sext_ln115" [../QAT-Model/depthwise.cpp:120]   --->   Operation 191 'select' 'acc_6' <Predicate = true> <Delay = 0.62> <CoreInst = "Sel">   --->   Core 73 'Sel' <Latency = 0> <II = 1> <Delay = 0.62> <FuncUnit> <Opcode : 'select'> <InPorts = 3> <OutPorts = 1>
ST_7 : Operation 192 [1/1] (0.00ns)   --->   "%sext_ln115_1 = sext i16 %acc_6" [../QAT-Model/depthwise.cpp:115]   --->   Operation 192 'sext' 'sext_ln115_1' <Predicate = true> <Delay = 0.00>
ST_7 : Operation 193 [1/3] (0.00ns) (grouped into DSP with root node acc_7)   --->   "%mul_ln125_3 = mul i14 %zext_ln125_2, i14 %sext_ln124_1" [../QAT-Model/depthwise.cpp:125]   --->   Operation 193 'mul' 'mul_ln125_3' <Predicate = (trunc_ln121)> <Delay = 0.00> <CoreInst = "DSP48">   --->   Core 116 'DSP48' <Latency = 3> <II = 1> <Delay = 1.82> <IPBlock> <Opcode : 'add' 'sub' 'mul' 'select'> <InPorts = 0> <OutPorts = 1> <Sync> <CReg>
ST_7 : Operation 194 [1/1] (0.00ns) (grouped into DSP with root node acc_7)   --->   "%sext_ln124_6 = sext i14 %mul_ln125_3" [../QAT-Model/depthwise.cpp:124]   --->   Operation 194 'sext' 'sext_ln124_6' <Predicate = (trunc_ln121)> <Delay = 0.00>
ST_7 : Operation 195 [2/2] (1.76ns) (root node of the DSP)   --->   "%acc_7 = add i17 %sext_ln124_6, i17 %sext_ln115_1" [../QAT-Model/depthwise.cpp:124]   --->   Operation 195 'add' 'acc_7' <Predicate = (trunc_ln121)> <Delay = 1.76> <CoreInst = "DSP48">   --->   Core 116 'DSP48' <Latency = 3> <II = 1> <Delay = 1.82> <IPBlock> <Opcode : 'add' 'sub' 'mul' 'select'> <InPorts = 0> <OutPorts = 1> <Sync> <CReg>
ST_7 : Operation 196 [1/1] (0.80ns)   --->   "%select_ln124_3 = select i1 %icmp_ln124, i7 %ifmap_0_2_load, i7 %ifmap_0_0_load" [../QAT-Model/depthwise.cpp:124]   --->   Operation 196 'select' 'select_ln124_3' <Predicate = (!icmp_ln124_1)> <Delay = 0.80> <CoreInst = "Sel">   --->   Core 73 'Sel' <Latency = 0> <II = 1> <Delay = 0.80> <FuncUnit> <Opcode : 'select'> <InPorts = 3> <OutPorts = 1>
ST_7 : Operation 197 [1/1] (0.80ns)   --->   "%select_ln124_4 = select i1 %icmp_ln124, i7 %ifmap_2_2_load, i7 %ifmap_2_0_load" [../QAT-Model/depthwise.cpp:124]   --->   Operation 197 'select' 'select_ln124_4' <Predicate = (icmp_ln124_1)> <Delay = 0.80> <CoreInst = "Sel">   --->   Core 73 'Sel' <Latency = 0> <II = 1> <Delay = 0.80> <FuncUnit> <Opcode : 'select'> <InPorts = 3> <OutPorts = 1>
ST_7 : Operation 198 [1/1] (0.80ns)   --->   "%select_ln124_5 = select i1 %icmp_ln124_1, i7 %select_ln124_4, i7 %select_ln124_3" [../QAT-Model/depthwise.cpp:124]   --->   Operation 198 'select' 'select_ln124_5' <Predicate = true> <Delay = 0.80> <CoreInst = "Sel">   --->   Core 73 'Sel' <Latency = 0> <II = 1> <Delay = 0.80> <FuncUnit> <Opcode : 'select'> <InPorts = 3> <OutPorts = 1>
ST_7 : Operation 199 [1/1] (0.00ns)   --->   "%zext_ln124 = zext i7 %select_ln124_5" [../QAT-Model/depthwise.cpp:124]   --->   Operation 199 'zext' 'zext_ln124' <Predicate = true> <Delay = 0.00>
ST_7 : Operation 200 [3/3] (0.98ns) (grouped into DSP with root node acc_9)   --->   "%mul_ln124 = mul i15 %zext_ln124, i15 %sext_ln125_1" [../QAT-Model/depthwise.cpp:124]   --->   Operation 200 'mul' 'mul_ln124' <Predicate = true> <Delay = 0.98> <CoreInst = "DSP48">   --->   Core 116 'DSP48' <Latency = 3> <II = 1> <Delay = 1.82> <IPBlock> <Opcode : 'add' 'sub' 'mul' 'select'> <InPorts = 0> <OutPorts = 1> <Sync> <CReg>
ST_7 : Operation 201 [2/3] (0.98ns) (grouped into DSP with root node add_ln124)   --->   "%mul_ln124_1 = mul i14 %zext_ln124_1, i14 %sext_ln125_2" [../QAT-Model/depthwise.cpp:124]   --->   Operation 201 'mul' 'mul_ln124_1' <Predicate = true> <Delay = 0.98> <CoreInst = "DSP48">   --->   Core 116 'DSP48' <Latency = 3> <II = 1> <Delay = 1.82> <IPBlock> <Opcode : 'add' 'sub' 'mul' 'select'> <InPorts = 0> <OutPorts = 1> <Sync> <CReg>

State 8 <SV = 7> <Delay = 4.14>
ST_8 : Operation 202 [1/1] (0.00ns)   --->   "%p_ZL20features_3_dw_w_fold_2_2_addr = getelementptr i7 %p_ZL20features_3_dw_w_fold_2_2, i64 0, i64 %zext_ln111" [../QAT-Model/depthwise.cpp:125]   --->   Operation 202 'getelementptr' 'p_ZL20features_3_dw_w_fold_2_2_addr' <Predicate = true> <Delay = 0.00>
ST_8 : Operation 203 [1/1] (0.00ns)   --->   "%ifmap_3_3_addr = getelementptr i7 %ifmap_3_3, i64 0, i64 %zext_ln111" [../QAT-Model/depthwise.cpp:124]   --->   Operation 203 'getelementptr' 'ifmap_3_3_addr' <Predicate = (icmp_ln124_1 & icmp_ln124)> <Delay = 0.00>
ST_8 : Operation 204 [1/2] ( I:1.75ns O:1.75ns )   --->   "%ifmap_3_1_load = load i7 %ifmap_3_1_addr" [../QAT-Model/depthwise.cpp:124]   --->   Operation 204 'load' 'ifmap_3_1_load' <Predicate = true> <Delay = 1.75> <CoreInst = "RAM">   --->   Core 81 'RAM' <Latency = 1> <II = 1> <Delay = 1.75> <Storage> <Opcode : 'load' 'store'> <Ports = 2> <Width = 7> <Depth = 128> <RAM>
ST_8 : Operation 205 [1/2] ( I:2.77ns O:2.77ns )   --->   "%p_ZL20features_3_dw_w_fold_2_0_load = load i7 %p_ZL20features_3_dw_w_fold_2_0_addr" [../QAT-Model/depthwise.cpp:125]   --->   Operation 205 'load' 'p_ZL20features_3_dw_w_fold_2_0_load' <Predicate = (trunc_ln121)> <Delay = 2.77> <CoreInst = "ROM_2P_BRAM">   --->   Core 100 'ROM_2P_BRAM' <Latency = 1> <II = 1> <Delay = 2.77> <Storage> <Opcode : 'load'> <Ports = 2> <Width = 8> <Depth = 128> <ROM>
ST_8 : Operation 206 [1/1] (0.00ns)   --->   "%sext_ln124_2 = sext i8 %p_ZL20features_3_dw_w_fold_2_0_load" [../QAT-Model/depthwise.cpp:124]   --->   Operation 206 'sext' 'sext_ln124_2' <Predicate = (trunc_ln121)> <Delay = 0.00>
ST_8 : Operation 207 [2/2] (1.75ns)   --->   "%ifmap_3_3_load = load i7 %ifmap_3_3_addr" [../QAT-Model/depthwise.cpp:124]   --->   Operation 207 'load' 'ifmap_3_3_load' <Predicate = (icmp_ln124_1 & icmp_ln124)> <Delay = 1.75> <CoreInst = "RAM">   --->   Core 81 'RAM' <Latency = 1> <II = 1> <Delay = 1.75> <Storage> <Opcode : 'load' 'store'> <Ports = 2> <Width = 7> <Depth = 128> <RAM>
ST_8 : Operation 208 [2/2] (2.77ns)   --->   "%p_ZL20features_3_dw_w_fold_2_2_load = load i7 %p_ZL20features_3_dw_w_fold_2_2_addr" [../QAT-Model/depthwise.cpp:125]   --->   Operation 208 'load' 'p_ZL20features_3_dw_w_fold_2_2_load' <Predicate = true> <Delay = 2.77> <CoreInst = "ROM_2P_BRAM">   --->   Core 100 'ROM_2P_BRAM' <Latency = 1> <II = 1> <Delay = 2.77> <Storage> <Opcode : 'load'> <Ports = 2> <Width = 7> <Depth = 128> <ROM>
ST_8 : Operation 209 [1/2] (1.76ns) (root node of the DSP)   --->   "%acc_7 = add i17 %sext_ln124_6, i17 %sext_ln115_1" [../QAT-Model/depthwise.cpp:124]   --->   Operation 209 'add' 'acc_7' <Predicate = (trunc_ln121)> <Delay = 1.76> <CoreInst = "DSP48">   --->   Core 116 'DSP48' <Latency = 3> <II = 1> <Delay = 1.82> <IPBlock> <Opcode : 'add' 'sub' 'mul' 'select'> <InPorts = 0> <OutPorts = 1> <Sync> <CReg>
ST_8 : Operation 210 [1/1] (0.62ns)   --->   "%acc_8 = select i1 %trunc_ln121, i17 %acc_7, i17 %sext_ln115_1" [../QAT-Model/depthwise.cpp:121]   --->   Operation 210 'select' 'acc_8' <Predicate = true> <Delay = 0.62> <CoreInst = "Sel">   --->   Core 73 'Sel' <Latency = 0> <II = 1> <Delay = 0.62> <FuncUnit> <Opcode : 'select'> <InPorts = 3> <OutPorts = 1>
ST_8 : Operation 211 [2/3] (0.98ns) (grouped into DSP with root node acc_9)   --->   "%mul_ln124 = mul i15 %zext_ln124, i15 %sext_ln125_1" [../QAT-Model/depthwise.cpp:124]   --->   Operation 211 'mul' 'mul_ln124' <Predicate = true> <Delay = 0.98> <CoreInst = "DSP48">   --->   Core 116 'DSP48' <Latency = 3> <II = 1> <Delay = 1.82> <IPBlock> <Opcode : 'add' 'sub' 'mul' 'select'> <InPorts = 0> <OutPorts = 1> <Sync> <CReg>
ST_8 : Operation 212 [1/3] (0.00ns) (grouped into DSP with root node add_ln124)   --->   "%mul_ln124_1 = mul i14 %zext_ln124_1, i14 %sext_ln125_2" [../QAT-Model/depthwise.cpp:124]   --->   Operation 212 'mul' 'mul_ln124_1' <Predicate = true> <Delay = 0.00> <CoreInst = "DSP48">   --->   Core 116 'DSP48' <Latency = 3> <II = 1> <Delay = 1.82> <IPBlock> <Opcode : 'add' 'sub' 'mul' 'select'> <InPorts = 0> <OutPorts = 1> <Sync> <CReg>
ST_8 : Operation 213 [1/1] (0.00ns) (grouped into DSP with root node add_ln124)   --->   "%sext_ln124_8 = sext i14 %mul_ln124_1" [../QAT-Model/depthwise.cpp:124]   --->   Operation 213 'sext' 'sext_ln124_8' <Predicate = true> <Delay = 0.00>
ST_8 : Operation 214 [2/2] (1.76ns) (root node of the DSP)   --->   "%add_ln124 = add i17 %acc_8, i17 %sext_ln124_8" [../QAT-Model/depthwise.cpp:124]   --->   Operation 214 'add' 'add_ln124' <Predicate = true> <Delay = 1.76> <CoreInst = "DSP48">   --->   Core 116 'DSP48' <Latency = 3> <II = 1> <Delay = 1.82> <IPBlock> <Opcode : 'add' 'sub' 'mul' 'select'> <InPorts = 0> <OutPorts = 1> <Sync> <CReg>
ST_8 : Operation 215 [1/1] (0.80ns)   --->   "%select_ln124_9 = select i1 %icmp_ln124_1, i7 %ifmap_3_1_load, i7 %ifmap_1_1_load" [../QAT-Model/depthwise.cpp:124]   --->   Operation 215 'select' 'select_ln124_9' <Predicate = (trunc_ln121)> <Delay = 0.80> <CoreInst = "Sel">   --->   Core 73 'Sel' <Latency = 0> <II = 1> <Delay = 0.80> <FuncUnit> <Opcode : 'select'> <InPorts = 3> <OutPorts = 1>
ST_8 : Operation 216 [1/1] (0.00ns)   --->   "%zext_ln125_3 = zext i7 %select_ln124_9" [../QAT-Model/depthwise.cpp:125]   --->   Operation 216 'zext' 'zext_ln125_3' <Predicate = (trunc_ln121)> <Delay = 0.00>
ST_8 : Operation 217 [3/3] (0.98ns) (grouped into DSP with root node acc_10)   --->   "%mul_ln125_4 = mul i15 %zext_ln125_3, i15 %sext_ln124_2" [../QAT-Model/depthwise.cpp:125]   --->   Operation 217 'mul' 'mul_ln125_4' <Predicate = (trunc_ln121)> <Delay = 0.98> <CoreInst = "DSP48">   --->   Core 116 'DSP48' <Latency = 3> <II = 1> <Delay = 1.82> <IPBlock> <Opcode : 'add' 'sub' 'mul' 'select'> <InPorts = 0> <OutPorts = 1> <Sync> <CReg>

State 9 <SV = 8> <Delay = 4.35>
ST_9 : Operation 218 [1/2] ( I:1.75ns O:1.75ns )   --->   "%ifmap_3_3_load = load i7 %ifmap_3_3_addr" [../QAT-Model/depthwise.cpp:124]   --->   Operation 218 'load' 'ifmap_3_3_load' <Predicate = (icmp_ln124_1 & icmp_ln124)> <Delay = 1.75> <CoreInst = "RAM">   --->   Core 81 'RAM' <Latency = 1> <II = 1> <Delay = 1.75> <Storage> <Opcode : 'load' 'store'> <Ports = 2> <Width = 7> <Depth = 128> <RAM>
ST_9 : Operation 219 [1/2] ( I:2.77ns O:2.77ns )   --->   "%p_ZL20features_3_dw_w_fold_2_2_load = load i7 %p_ZL20features_3_dw_w_fold_2_2_addr" [../QAT-Model/depthwise.cpp:125]   --->   Operation 219 'load' 'p_ZL20features_3_dw_w_fold_2_2_load' <Predicate = true> <Delay = 2.77> <CoreInst = "ROM_2P_BRAM">   --->   Core 100 'ROM_2P_BRAM' <Latency = 1> <II = 1> <Delay = 2.77> <Storage> <Opcode : 'load'> <Ports = 2> <Width = 7> <Depth = 128> <ROM>
ST_9 : Operation 220 [1/1] (0.00ns)   --->   "%sext_ln124_3 = sext i7 %p_ZL20features_3_dw_w_fold_2_2_load" [../QAT-Model/depthwise.cpp:124]   --->   Operation 220 'sext' 'sext_ln124_3' <Predicate = true> <Delay = 0.00>
ST_9 : Operation 221 [1/3] (0.00ns) (grouped into DSP with root node acc_9)   --->   "%mul_ln124 = mul i15 %zext_ln124, i15 %sext_ln125_1" [../QAT-Model/depthwise.cpp:124]   --->   Operation 221 'mul' 'mul_ln124' <Predicate = true> <Delay = 0.00> <CoreInst = "DSP48">   --->   Core 116 'DSP48' <Latency = 3> <II = 1> <Delay = 1.82> <IPBlock> <Opcode : 'add' 'sub' 'mul' 'select'> <InPorts = 0> <OutPorts = 1> <Sync> <CReg>
ST_9 : Operation 222 [1/1] (0.00ns) (grouped into DSP with root node acc_9)   --->   "%sext_ln124_7 = sext i15 %mul_ln124" [../QAT-Model/depthwise.cpp:124]   --->   Operation 222 'sext' 'sext_ln124_7' <Predicate = true> <Delay = 0.00>
ST_9 : Operation 223 [1/2] (1.76ns) (root node of the DSP)   --->   "%add_ln124 = add i17 %acc_8, i17 %sext_ln124_8" [../QAT-Model/depthwise.cpp:124]   --->   Operation 223 'add' 'add_ln124' <Predicate = true> <Delay = 1.76> <CoreInst = "DSP48">   --->   Core 116 'DSP48' <Latency = 3> <II = 1> <Delay = 1.82> <IPBlock> <Opcode : 'add' 'sub' 'mul' 'select'> <InPorts = 0> <OutPorts = 1> <Sync> <CReg>
ST_9 : Operation 224 [2/2] (1.76ns) (root node of the DSP)   --->   "%acc_9 = add i17 %add_ln124, i17 %sext_ln124_7" [../QAT-Model/depthwise.cpp:124]   --->   Operation 224 'add' 'acc_9' <Predicate = true> <Delay = 1.76> <CoreInst = "DSP48">   --->   Core 116 'DSP48' <Latency = 3> <II = 1> <Delay = 1.82> <IPBlock> <Opcode : 'add' 'sub' 'mul' 'select'> <InPorts = 0> <OutPorts = 1> <Sync> <CReg>
ST_9 : Operation 225 [2/3] (0.98ns) (grouped into DSP with root node acc_10)   --->   "%mul_ln125_4 = mul i15 %zext_ln125_3, i15 %sext_ln124_2" [../QAT-Model/depthwise.cpp:125]   --->   Operation 225 'mul' 'mul_ln125_4' <Predicate = (trunc_ln121)> <Delay = 0.98> <CoreInst = "DSP48">   --->   Core 116 'DSP48' <Latency = 3> <II = 1> <Delay = 1.82> <IPBlock> <Opcode : 'add' 'sub' 'mul' 'select'> <InPorts = 0> <OutPorts = 1> <Sync> <CReg>
ST_9 : Operation 226 [1/1] (0.80ns)   --->   "%select_ln124_12 = select i1 %icmp_ln124, i7 %ifmap_3_3_load, i7 %ifmap_3_1_load" [../QAT-Model/depthwise.cpp:124]   --->   Operation 226 'select' 'select_ln124_12' <Predicate = (icmp_ln124_1)> <Delay = 0.80> <CoreInst = "Sel">   --->   Core 73 'Sel' <Latency = 0> <II = 1> <Delay = 0.80> <FuncUnit> <Opcode : 'select'> <InPorts = 3> <OutPorts = 1>
ST_9 : Operation 227 [1/1] (0.80ns)   --->   "%select_ln124_13 = select i1 %icmp_ln124_1, i7 %select_ln124_12, i7 %select_ln124_1" [../QAT-Model/depthwise.cpp:124]   --->   Operation 227 'select' 'select_ln124_13' <Predicate = true> <Delay = 0.80> <CoreInst = "Sel">   --->   Core 73 'Sel' <Latency = 0> <II = 1> <Delay = 0.80> <FuncUnit> <Opcode : 'select'> <InPorts = 3> <OutPorts = 1>
ST_9 : Operation 228 [1/1] (0.00ns)   --->   "%zext_ln125_5 = zext i7 %select_ln124_13" [../QAT-Model/depthwise.cpp:125]   --->   Operation 228 'zext' 'zext_ln125_5' <Predicate = true> <Delay = 0.00>
ST_9 : Operation 229 [3/3] (0.98ns) (grouped into DSP with root node add_ln124_3)   --->   "%mul_ln125_6 = mul i14 %zext_ln125_5, i14 %sext_ln124_3" [../QAT-Model/depthwise.cpp:125]   --->   Operation 229 'mul' 'mul_ln125_6' <Predicate = true> <Delay = 0.98> <CoreInst = "DSP48">   --->   Core 116 'DSP48' <Latency = 3> <II = 1> <Delay = 1.82> <IPBlock> <Opcode : 'add' 'sub' 'mul' 'select'> <InPorts = 0> <OutPorts = 1> <Sync> <CReg>

State 10 <SV = 9> <Delay = 3.52>
ST_10 : Operation 230 [1/1] (0.00ns)   --->   "%p_ZL20features_3_dw_w_fold_2_1_addr = getelementptr i8 %p_ZL20features_3_dw_w_fold_2_1, i64 0, i64 %zext_ln111" [../QAT-Model/depthwise.cpp:125]   --->   Operation 230 'getelementptr' 'p_ZL20features_3_dw_w_fold_2_1_addr' <Predicate = true> <Delay = 0.00>
ST_10 : Operation 231 [2/2] (2.77ns)   --->   "%p_ZL20features_3_dw_w_fold_2_1_load = load i7 %p_ZL20features_3_dw_w_fold_2_1_addr" [../QAT-Model/depthwise.cpp:125]   --->   Operation 231 'load' 'p_ZL20features_3_dw_w_fold_2_1_load' <Predicate = true> <Delay = 2.77> <CoreInst = "ROM_2P_BRAM">   --->   Core 100 'ROM_2P_BRAM' <Latency = 1> <II = 1> <Delay = 2.77> <Storage> <Opcode : 'load'> <Ports = 2> <Width = 8> <Depth = 128> <ROM>
ST_10 : Operation 232 [1/1] (0.00ns)   --->   "%ifmap_3_0_addr = getelementptr i7 %ifmap_3_0, i64 0, i64 %zext_ln111" [../QAT-Model/depthwise.cpp:124]   --->   Operation 232 'getelementptr' 'ifmap_3_0_addr' <Predicate = (icmp_ln124_1 & !icmp_ln124)> <Delay = 0.00>
ST_10 : Operation 233 [1/1] (0.00ns)   --->   "%ifmap_3_2_addr = getelementptr i7 %ifmap_3_2, i64 0, i64 %zext_ln111" [../QAT-Model/depthwise.cpp:124]   --->   Operation 233 'getelementptr' 'ifmap_3_2_addr' <Predicate = (icmp_ln124_1 & icmp_ln124)> <Delay = 0.00>
ST_10 : Operation 234 [2/2] (1.75ns)   --->   "%ifmap_3_0_load = load i7 %ifmap_3_0_addr" [../QAT-Model/depthwise.cpp:124]   --->   Operation 234 'load' 'ifmap_3_0_load' <Predicate = (icmp_ln124_1 & !icmp_ln124)> <Delay = 1.75> <CoreInst = "RAM">   --->   Core 81 'RAM' <Latency = 1> <II = 1> <Delay = 1.75> <Storage> <Opcode : 'load' 'store'> <Ports = 2> <Width = 7> <Depth = 128> <RAM>
ST_10 : Operation 235 [2/2] (1.75ns)   --->   "%ifmap_3_2_load = load i7 %ifmap_3_2_addr" [../QAT-Model/depthwise.cpp:124]   --->   Operation 235 'load' 'ifmap_3_2_load' <Predicate = (icmp_ln124_1 & icmp_ln124)> <Delay = 1.75> <CoreInst = "RAM">   --->   Core 81 'RAM' <Latency = 1> <II = 1> <Delay = 1.75> <Storage> <Opcode : 'load' 'store'> <Ports = 2> <Width = 7> <Depth = 128> <RAM>
ST_10 : Operation 236 [1/2] (1.76ns) (root node of the DSP)   --->   "%acc_9 = add i17 %add_ln124, i17 %sext_ln124_7" [../QAT-Model/depthwise.cpp:124]   --->   Operation 236 'add' 'acc_9' <Predicate = true> <Delay = 1.76> <CoreInst = "DSP48">   --->   Core 116 'DSP48' <Latency = 3> <II = 1> <Delay = 1.82> <IPBlock> <Opcode : 'add' 'sub' 'mul' 'select'> <InPorts = 0> <OutPorts = 1> <Sync> <CReg>
ST_10 : Operation 237 [1/1] (0.00ns)   --->   "%sext_ln115_2 = sext i17 %acc_9" [../QAT-Model/depthwise.cpp:115]   --->   Operation 237 'sext' 'sext_ln115_2' <Predicate = true> <Delay = 0.00>
ST_10 : Operation 238 [1/3] (0.00ns) (grouped into DSP with root node acc_10)   --->   "%mul_ln125_4 = mul i15 %zext_ln125_3, i15 %sext_ln124_2" [../QAT-Model/depthwise.cpp:125]   --->   Operation 238 'mul' 'mul_ln125_4' <Predicate = (trunc_ln121)> <Delay = 0.00> <CoreInst = "DSP48">   --->   Core 116 'DSP48' <Latency = 3> <II = 1> <Delay = 1.82> <IPBlock> <Opcode : 'add' 'sub' 'mul' 'select'> <InPorts = 0> <OutPorts = 1> <Sync> <CReg>
ST_10 : Operation 239 [1/1] (0.00ns) (grouped into DSP with root node acc_10)   --->   "%sext_ln124_9 = sext i15 %mul_ln125_4" [../QAT-Model/depthwise.cpp:124]   --->   Operation 239 'sext' 'sext_ln124_9' <Predicate = (trunc_ln121)> <Delay = 0.00>
ST_10 : Operation 240 [2/2] (1.76ns) (root node of the DSP)   --->   "%acc_10 = add i18 %sext_ln124_9, i18 %sext_ln115_2" [../QAT-Model/depthwise.cpp:124]   --->   Operation 240 'add' 'acc_10' <Predicate = (trunc_ln121)> <Delay = 1.76> <CoreInst = "DSP48">   --->   Core 116 'DSP48' <Latency = 3> <II = 1> <Delay = 1.82> <IPBlock> <Opcode : 'add' 'sub' 'mul' 'select'> <InPorts = 0> <OutPorts = 1> <Sync> <CReg>
ST_10 : Operation 241 [2/3] (0.98ns) (grouped into DSP with root node add_ln124_3)   --->   "%mul_ln125_6 = mul i14 %zext_ln125_5, i14 %sext_ln124_3" [../QAT-Model/depthwise.cpp:125]   --->   Operation 241 'mul' 'mul_ln125_6' <Predicate = true> <Delay = 0.98> <CoreInst = "DSP48">   --->   Core 116 'DSP48' <Latency = 3> <II = 1> <Delay = 1.82> <IPBlock> <Opcode : 'add' 'sub' 'mul' 'select'> <InPorts = 0> <OutPorts = 1> <Sync> <CReg>

State 11 <SV = 10> <Delay = 4.13>
ST_11 : Operation 242 [1/2] ( I:2.77ns O:2.77ns )   --->   "%p_ZL20features_3_dw_w_fold_2_1_load = load i7 %p_ZL20features_3_dw_w_fold_2_1_addr" [../QAT-Model/depthwise.cpp:125]   --->   Operation 242 'load' 'p_ZL20features_3_dw_w_fold_2_1_load' <Predicate = true> <Delay = 2.77> <CoreInst = "ROM_2P_BRAM">   --->   Core 100 'ROM_2P_BRAM' <Latency = 1> <II = 1> <Delay = 2.77> <Storage> <Opcode : 'load'> <Ports = 2> <Width = 8> <Depth = 128> <ROM>
ST_11 : Operation 243 [1/2] ( I:1.75ns O:1.75ns )   --->   "%ifmap_3_0_load = load i7 %ifmap_3_0_addr" [../QAT-Model/depthwise.cpp:124]   --->   Operation 243 'load' 'ifmap_3_0_load' <Predicate = (icmp_ln124_1 & !icmp_ln124)> <Delay = 1.75> <CoreInst = "RAM">   --->   Core 81 'RAM' <Latency = 1> <II = 1> <Delay = 1.75> <Storage> <Opcode : 'load' 'store'> <Ports = 2> <Width = 7> <Depth = 128> <RAM>
ST_11 : Operation 244 [1/2] ( I:1.75ns O:1.75ns )   --->   "%ifmap_3_2_load = load i7 %ifmap_3_2_addr" [../QAT-Model/depthwise.cpp:124]   --->   Operation 244 'load' 'ifmap_3_2_load' <Predicate = (icmp_ln124_1 & icmp_ln124)> <Delay = 1.75> <CoreInst = "RAM">   --->   Core 81 'RAM' <Latency = 1> <II = 1> <Delay = 1.75> <Storage> <Opcode : 'load' 'store'> <Ports = 2> <Width = 7> <Depth = 128> <RAM>
ST_11 : Operation 245 [1/2] (1.76ns) (root node of the DSP)   --->   "%acc_10 = add i18 %sext_ln124_9, i18 %sext_ln115_2" [../QAT-Model/depthwise.cpp:124]   --->   Operation 245 'add' 'acc_10' <Predicate = (trunc_ln121)> <Delay = 1.76> <CoreInst = "DSP48">   --->   Core 116 'DSP48' <Latency = 3> <II = 1> <Delay = 1.82> <IPBlock> <Opcode : 'add' 'sub' 'mul' 'select'> <InPorts = 0> <OutPorts = 1> <Sync> <CReg>
ST_11 : Operation 246 [1/1] (0.61ns)   --->   "%acc_11 = select i1 %trunc_ln121, i18 %acc_10, i18 %sext_ln115_2" [../QAT-Model/depthwise.cpp:121]   --->   Operation 246 'select' 'acc_11' <Predicate = true> <Delay = 0.61> <CoreInst = "Sel">   --->   Core 73 'Sel' <Latency = 0> <II = 1> <Delay = 0.61> <FuncUnit> <Opcode : 'select'> <InPorts = 3> <OutPorts = 1>
ST_11 : Operation 247 [1/1] (0.80ns)   --->   "%select_ln124_10 = select i1 %icmp_ln124, i7 %ifmap_3_2_load, i7 %ifmap_3_0_load" [../QAT-Model/depthwise.cpp:124]   --->   Operation 247 'select' 'select_ln124_10' <Predicate = (icmp_ln124_1)> <Delay = 0.80> <CoreInst = "Sel">   --->   Core 73 'Sel' <Latency = 0> <II = 1> <Delay = 0.80> <FuncUnit> <Opcode : 'select'> <InPorts = 3> <OutPorts = 1>
ST_11 : Operation 248 [1/1] (0.80ns)   --->   "%select_ln124_11 = select i1 %icmp_ln124_1, i7 %select_ln124_10, i7 %select_ln124" [../QAT-Model/depthwise.cpp:124]   --->   Operation 248 'select' 'select_ln124_11' <Predicate = true> <Delay = 0.80> <CoreInst = "Sel">   --->   Core 73 'Sel' <Latency = 0> <II = 1> <Delay = 0.80> <FuncUnit> <Opcode : 'select'> <InPorts = 3> <OutPorts = 1>
ST_11 : Operation 249 [1/3] (0.00ns) (grouped into DSP with root node add_ln124_3)   --->   "%mul_ln125_6 = mul i14 %zext_ln125_5, i14 %sext_ln124_3" [../QAT-Model/depthwise.cpp:125]   --->   Operation 249 'mul' 'mul_ln125_6' <Predicate = true> <Delay = 0.00> <CoreInst = "DSP48">   --->   Core 116 'DSP48' <Latency = 3> <II = 1> <Delay = 1.82> <IPBlock> <Opcode : 'add' 'sub' 'mul' 'select'> <InPorts = 0> <OutPorts = 1> <Sync> <CReg>
ST_11 : Operation 250 [1/1] (0.00ns) (grouped into DSP with root node add_ln124_3)   --->   "%sext_ln124_11 = sext i14 %mul_ln125_6" [../QAT-Model/depthwise.cpp:124]   --->   Operation 250 'sext' 'sext_ln124_11' <Predicate = true> <Delay = 0.00>
ST_11 : Operation 251 [2/2] (1.76ns) (root node of the DSP)   --->   "%add_ln124_3 = add i18 %acc_11, i18 %sext_ln124_11" [../QAT-Model/depthwise.cpp:124]   --->   Operation 251 'add' 'add_ln124_3' <Predicate = true> <Delay = 1.76> <CoreInst = "DSP48">   --->   Core 116 'DSP48' <Latency = 3> <II = 1> <Delay = 1.82> <IPBlock> <Opcode : 'add' 'sub' 'mul' 'select'> <InPorts = 0> <OutPorts = 1> <Sync> <CReg>

State 12 <SV = 11> <Delay = 6.17>
ST_12 : Operation 252 [1/1] (0.00ns)   --->   "%sext_ln129 = sext i8 %p_ZL20features_3_dw_w_fold_2_1_load" [../QAT-Model/depthwise.cpp:129]   --->   Operation 252 'sext' 'sext_ln129' <Predicate = true> <Delay = 0.00>
ST_12 : Operation 253 [1/1] (0.00ns)   --->   "%zext_ln125_4 = zext i7 %select_ln124_11" [../QAT-Model/depthwise.cpp:125]   --->   Operation 253 'zext' 'zext_ln125_4' <Predicate = true> <Delay = 0.00>
ST_12 : Operation 254 [1/1] (3.61ns)   --->   "%mul_ln125_5 = mul i15 %zext_ln125_4, i15 %sext_ln129" [../QAT-Model/depthwise.cpp:125]   --->   Operation 254 'mul' 'mul_ln125_5' <Predicate = true> <Delay = 3.61> <CoreInst = "Multiplier">   --->   Core 3 'Multiplier' <Latency = 0> <II = 1> <Delay = 3.61> <FuncUnit> <Opcode : 'mul'> <InPorts = 2> <OutPorts = 1>
ST_12 : Operation 255 [1/1] (0.00ns)   --->   "%sext_ln124_10 = sext i15 %mul_ln125_5" [../QAT-Model/depthwise.cpp:124]   --->   Operation 255 'sext' 'sext_ln124_10' <Predicate = true> <Delay = 0.00>
ST_12 : Operation 256 [1/2] (1.76ns) (root node of the DSP)   --->   "%add_ln124_3 = add i18 %acc_11, i18 %sext_ln124_11" [../QAT-Model/depthwise.cpp:124]   --->   Operation 256 'add' 'add_ln124_3' <Predicate = true> <Delay = 1.76> <CoreInst = "DSP48">   --->   Core 116 'DSP48' <Latency = 3> <II = 1> <Delay = 1.82> <IPBlock> <Opcode : 'add' 'sub' 'mul' 'select'> <InPorts = 0> <OutPorts = 1> <Sync> <CReg>
ST_12 : Operation 257 [1/1] (1.58ns) (grouped into DSP with root node add_ln84)   --->   "%acc_12 = add i18 %add_ln124_3, i18 %sext_ln124_10" [../QAT-Model/depthwise.cpp:124]   --->   Operation 257 'add' 'acc_12' <Predicate = true> <Delay = 1.58> <CoreInst = "DSP48">   --->   Core 116 'DSP48' <Latency = 3> <II = 1> <Delay = 1.82> <IPBlock> <Opcode : 'add' 'sub' 'mul' 'select'> <InPorts = 0> <OutPorts = 1> <Sync> <CReg>
ST_12 : Operation 258 [1/1] (0.00ns) (grouped into DSP with root node add_ln84)   --->   "%sext_ln115_3 = sext i18 %acc_12" [../QAT-Model/depthwise.cpp:115]   --->   Operation 258 'sext' 'sext_ln115_3' <Predicate = true> <Delay = 0.00>
ST_12 : Operation 259 [3/3] (0.98ns) (grouped into DSP with root node add_ln84)   --->   "%product = mul i32 %sext_ln115_3, i32 58363" [../QAT-Model/mobilenet_v1_qat.hpp:82->../QAT-Model/depthwise.cpp:129]   --->   Operation 259 'mul' 'product' <Predicate = true> <Delay = 0.98> <CoreInst = "DSP48">   --->   Core 116 'DSP48' <Latency = 3> <II = 1> <Delay = 1.82> <IPBlock> <Opcode : 'add' 'sub' 'mul' 'select'> <InPorts = 0> <OutPorts = 1> <Sync> <CReg>

State 13 <SV = 12> <Delay = 0.98>
ST_13 : Operation 260 [2/3] (0.98ns) (grouped into DSP with root node add_ln84)   --->   "%product = mul i32 %sext_ln115_3, i32 58363" [../QAT-Model/mobilenet_v1_qat.hpp:82->../QAT-Model/depthwise.cpp:129]   --->   Operation 260 'mul' 'product' <Predicate = true> <Delay = 0.98> <CoreInst = "DSP48">   --->   Core 116 'DSP48' <Latency = 3> <II = 1> <Delay = 1.82> <IPBlock> <Opcode : 'add' 'sub' 'mul' 'select'> <InPorts = 0> <OutPorts = 1> <Sync> <CReg>

State 14 <SV = 13> <Delay = 1.76>
ST_14 : Operation 261 [1/3] (0.00ns) (grouped into DSP with root node add_ln84)   --->   "%product = mul i32 %sext_ln115_3, i32 58363" [../QAT-Model/mobilenet_v1_qat.hpp:82->../QAT-Model/depthwise.cpp:129]   --->   Operation 261 'mul' 'product' <Predicate = true> <Delay = 0.00> <CoreInst = "DSP48">   --->   Core 116 'DSP48' <Latency = 3> <II = 1> <Delay = 1.82> <IPBlock> <Opcode : 'add' 'sub' 'mul' 'select'> <InPorts = 0> <OutPorts = 1> <Sync> <CReg>
ST_14 : Operation 262 [2/2] (1.76ns) (root node of the DSP)   --->   "%add_ln84 = add i32 %product, i32 1048576" [../QAT-Model/mobilenet_v1_qat.hpp:84->../QAT-Model/depthwise.cpp:129]   --->   Operation 262 'add' 'add_ln84' <Predicate = true> <Delay = 1.76> <CoreInst = "DSP48">   --->   Core 116 'DSP48' <Latency = 3> <II = 1> <Delay = 1.82> <IPBlock> <Opcode : 'add' 'sub' 'mul' 'select'> <InPorts = 0> <OutPorts = 1> <Sync> <CReg>

State 15 <SV = 14> <Delay = 6.28>
ST_15 : Operation 263 [1/2] (1.76ns) (root node of the DSP)   --->   "%add_ln84 = add i32 %product, i32 1048576" [../QAT-Model/mobilenet_v1_qat.hpp:84->../QAT-Model/depthwise.cpp:129]   --->   Operation 263 'add' 'add_ln84' <Predicate = true> <Delay = 1.76> <CoreInst = "DSP48">   --->   Core 116 'DSP48' <Latency = 3> <II = 1> <Delay = 1.82> <IPBlock> <Opcode : 'add' 'sub' 'mul' 'select'> <InPorts = 0> <OutPorts = 1> <Sync> <CReg>
ST_15 : Operation 264 [1/1] (0.00ns)   --->   "%out32 = partselect i11 @_ssdm_op_PartSelect.i11.i32.i32.i32, i32 %add_ln84, i32 21, i32 31" [../QAT-Model/mobilenet_v1_qat.hpp:84->../QAT-Model/depthwise.cpp:129]   --->   Operation 264 'partselect' 'out32' <Predicate = true> <Delay = 0.00>
ST_15 : Operation 265 [1/1] (0.00ns)   --->   "%tmp_156 = partselect i4 @_ssdm_op_PartSelect.i4.i32.i32.i32, i32 %add_ln84, i32 28, i32 31" [../QAT-Model/mobilenet_v1_qat.hpp:86->../QAT-Model/depthwise.cpp:129]   --->   Operation 265 'partselect' 'tmp_156' <Predicate = true> <Delay = 0.00>
ST_15 : Operation 266 [1/1] (0.99ns)   --->   "%icmp_ln86 = icmp_sgt  i4 %tmp_156, i4 0" [../QAT-Model/mobilenet_v1_qat.hpp:86->../QAT-Model/depthwise.cpp:129]   --->   Operation 266 'icmp' 'icmp_ln86' <Predicate = true> <Delay = 0.99> <CoreInst = "Cmp">   --->   Core 9 'Cmp' <Latency = 0> <II = 1> <Delay = 0.99> <FuncUnit> <Opcode : 'seteq' 'setne' 'setle' 'setge' 'setlt' 'setgt'> <InPorts = 2> <OutPorts = 1>
ST_15 : Operation 267 [1/1] (0.79ns)   --->   "%out32_5 = select i1 %icmp_ln86, i11 127, i11 %out32" [../QAT-Model/mobilenet_v1_qat.hpp:86->../QAT-Model/depthwise.cpp:129]   --->   Operation 267 'select' 'out32_5' <Predicate = true> <Delay = 0.79> <CoreInst = "Sel">   --->   Core 73 'Sel' <Latency = 0> <II = 1> <Delay = 0.79> <FuncUnit> <Opcode : 'select'> <InPorts = 3> <OutPorts = 1>
ST_15 : Operation 268 [1/1] (1.48ns)   --->   "%icmp_ln87 = icmp_slt  i11 %out32_5, i11 1920" [../QAT-Model/mobilenet_v1_qat.hpp:87->../QAT-Model/depthwise.cpp:129]   --->   Operation 268 'icmp' 'icmp_ln87' <Predicate = true> <Delay = 1.48> <CoreInst = "Cmp">   --->   Core 9 'Cmp' <Latency = 0> <II = 1> <Delay = 1.48> <FuncUnit> <Opcode : 'seteq' 'setne' 'setle' 'setge' 'setlt' 'setgt'> <InPorts = 2> <OutPorts = 1>
ST_15 : Operation 269 [1/1] (0.00ns)   --->   "%trunc_ln88 = trunc i11 %out32_5" [../QAT-Model/mobilenet_v1_qat.hpp:88->../QAT-Model/depthwise.cpp:129]   --->   Operation 269 'trunc' 'trunc_ln88' <Predicate = true> <Delay = 0.00>
ST_15 : Operation 270 [1/1] (0.44ns)   --->   "%out8 = select i1 %icmp_ln87, i8 128, i8 %trunc_ln88" [../QAT-Model/mobilenet_v1_qat.hpp:88->../QAT-Model/depthwise.cpp:129]   --->   Operation 270 'select' 'out8' <Predicate = true> <Delay = 0.44> <CoreInst = "Sel">   --->   Core 73 'Sel' <Latency = 0> <II = 1> <Delay = 0.44> <FuncUnit> <Opcode : 'select'> <InPorts = 3> <OutPorts = 1>
ST_15 : Operation 271 [1/1] (0.00ns)   --->   "%trunc_ln88_5 = trunc i8 %out8" [../QAT-Model/mobilenet_v1_qat.hpp:88->../QAT-Model/depthwise.cpp:129]   --->   Operation 271 'trunc' 'trunc_ln88_5' <Predicate = true> <Delay = 0.00>
ST_15 : Operation 272 [1/1] (0.00ns)   --->   "%tmp_157 = bitselect i1 @_ssdm_op_BitSelect.i1.i8.i32, i8 %out8, i32 7" [../QAT-Model/mobilenet_v1_qat.hpp:90->../QAT-Model/depthwise.cpp:129]   --->   Operation 272 'bitselect' 'tmp_157' <Predicate = true> <Delay = 0.00>
ST_15 : Operation 273 [1/1] (0.80ns)   --->   "%out8_5 = select i1 %tmp_157, i7 0, i7 %trunc_ln88_5" [../QAT-Model/mobilenet_v1_qat.hpp:90->../QAT-Model/depthwise.cpp:129]   --->   Operation 273 'select' 'out8_5' <Predicate = true> <Delay = 0.80> <CoreInst = "Sel">   --->   Core 73 'Sel' <Latency = 0> <II = 1> <Delay = 0.80> <FuncUnit> <Opcode : 'select'> <InPorts = 3> <OutPorts = 1>
ST_15 : Operation 284 [1/1] (1.29ns)   --->   "%ret_ln133 = ret" [../QAT-Model/depthwise.cpp:133]   --->   Operation 284 'ret' 'ret_ln133' <Predicate = (icmp_ln111)> <Delay = 1.29>

State 16 <SV = 15> <Delay = 2.77>
ST_16 : Operation 274 [1/1] (0.00ns)   --->   "%specloopname_ln0 = specloopname void @_ssdm_op_SpecLoopName, void @DW3_C_DW3_OH_DW3_OW_str"   --->   Operation 274 'specloopname' 'specloopname_ln0' <Predicate = true> <Delay = 0.00>
ST_16 : Operation 275 [1/1] (0.00ns)   --->   "%speclooptripcount_ln0 = speclooptripcount void @_ssdm_op_SpecLoopTripCount, i64 512, i64 512, i64 512"   --->   Operation 275 'speclooptripcount' 'speclooptripcount_ln0' <Predicate = true> <Delay = 0.00>
ST_16 : Operation 276 [1/1] (0.00ns)   --->   "%zext_ln129_2 = zext i8 %add_ln129_1" [../QAT-Model/depthwise.cpp:129]   --->   Operation 276 'zext' 'zext_ln129_2' <Predicate = true> <Delay = 0.00>
ST_16 : Operation 277 [1/1] (0.00ns)   --->   "%ofmap_0_addr = getelementptr i7 %ofmap_0, i64 0, i64 %zext_ln129_2" [../QAT-Model/depthwise.cpp:129]   --->   Operation 277 'getelementptr' 'ofmap_0_addr' <Predicate = true> <Delay = 0.00>
ST_16 : Operation 278 [1/1] (0.00ns)   --->   "%ofmap_1_addr = getelementptr i7 %ofmap_1, i64 0, i64 %zext_ln129_2" [../QAT-Model/depthwise.cpp:129]   --->   Operation 278 'getelementptr' 'ofmap_1_addr' <Predicate = true> <Delay = 0.00>
ST_16 : Operation 279 [1/1] (0.00ns)   --->   "%specpipeline_ln114 = specpipeline void @_ssdm_op_SpecPipeline, i32 4294967295, i32 0, i32 0, i32 0, i32 4294967295, void @empty_10" [../QAT-Model/depthwise.cpp:114]   --->   Operation 279 'specpipeline' 'specpipeline_ln114' <Predicate = true> <Delay = 0.00>
ST_16 : Operation 280 [1/1] ( I:2.77ns O:2.77ns )   --->   "%store_ln129 = store i7 %out8_5, i8 %ofmap_0_addr" [../QAT-Model/depthwise.cpp:129]   --->   Operation 280 'store' 'store_ln129' <Predicate = (!trunc_ln111)> <Delay = 2.77> <CoreInst = "RAM_2P_BRAM">   --->   Core 90 'RAM_2P_BRAM' <Latency = 1> <II = 1> <Delay = 2.77> <Storage> <Opcode : 'load' 'store'> <Ports = 2> <Width = 7> <Depth = 256> <RAM>
ST_16 : Operation 281 [1/1] (0.00ns)   --->   "%br_ln129 = br void %arrayidx4924.exit" [../QAT-Model/depthwise.cpp:129]   --->   Operation 281 'br' 'br_ln129' <Predicate = (!trunc_ln111)> <Delay = 0.00>
ST_16 : Operation 282 [1/1] ( I:2.77ns O:2.77ns )   --->   "%store_ln129 = store i7 %out8_5, i8 %ofmap_1_addr" [../QAT-Model/depthwise.cpp:129]   --->   Operation 282 'store' 'store_ln129' <Predicate = (trunc_ln111)> <Delay = 2.77> <CoreInst = "RAM_2P_BRAM">   --->   Core 90 'RAM_2P_BRAM' <Latency = 1> <II = 1> <Delay = 2.77> <Storage> <Opcode : 'load' 'store'> <Ports = 2> <Width = 7> <Depth = 256> <RAM>
ST_16 : Operation 283 [1/1] (0.00ns)   --->   "%br_ln129 = br void %arrayidx4924.exit" [../QAT-Model/depthwise.cpp:129]   --->   Operation 283 'br' 'br_ln129' <Predicate = (trunc_ln111)> <Delay = 0.00>


============================================================
+ Verbose Summary: Timing violations
============================================================
Target clock period: 10.000ns, clock uncertainty: 2.700ns.

 <State 1>: 7.175ns
The critical path consists of the following:
	'store' operation ('store_ln0') of constant 0 4 bit on local variable 'indvar_flatten' [47]  (1.298 ns)
	'load' operation 4 bit ('indvar_flatten_load', ../QAT-Model/depthwise.cpp:112) on local variable 'indvar_flatten' [52]  (0.000 ns)
	'icmp' operation 1 bit ('icmp_ln112', ../QAT-Model/depthwise.cpp:112) [64]  (0.997 ns)
	'select' operation 2 bit ('select_ln111', ../QAT-Model/depthwise.cpp:111) [65]  (0.813 ns)
	'add' operation 2 bit ('add_ln112', ../QAT-Model/depthwise.cpp:112) [70]  (0.632 ns)
	'select' operation 2 bit ('select_ln112', ../QAT-Model/depthwise.cpp:112) [73]  (0.813 ns)
	'add' operation 7 bit ('add_ln129', ../QAT-Model/depthwise.cpp:129) [142]  (1.316 ns)
	'add' operation 8 bit ('add_ln129_1', ../QAT-Model/depthwise.cpp:129) [148]  (1.306 ns)

 <State 2>: 3.751ns
The critical path consists of the following:
	'load' operation 8 bit ('p_ZL20features_3_dw_w_fold_0_0_load', ../QAT-Model/depthwise.cpp:125) on array 'p_ZL20features_3_dw_w_fold_0_0' [125]  (2.771 ns)
	'mul' operation 15 bit of DSP[159] ('mul_ln125', ../QAT-Model/depthwise.cpp:125) [158]  (0.980 ns)

 <State 3>: 3.751ns
The critical path consists of the following:
	'load' operation 8 bit ('p_ZL20features_3_dw_w_fold_0_1_load', ../QAT-Model/depthwise.cpp:125) on array 'p_ZL20features_3_dw_w_fold_0_1' [127]  (2.771 ns)
	'mul' operation 15 bit of DSP[167] ('mul_ln125_1', ../QAT-Model/depthwise.cpp:125) [165]  (0.980 ns)

 <State 4>: 4.531ns
The critical path consists of the following:
	'load' operation 12 bit ('acc', ../QAT-Model/depthwise.cpp:115) on array 'features_3_dw_b_fold' [79]  (2.771 ns)
	'add' operation 15 bit of DSP[159] ('acc', ../QAT-Model/depthwise.cpp:124) [159]  (1.760 ns)

 <State 5>: 4.127ns
The critical path consists of the following:
	'add' operation 15 bit of DSP[159] ('acc', ../QAT-Model/depthwise.cpp:124) [159]  (1.760 ns)
	'select' operation 15 bit ('acc', ../QAT-Model/depthwise.cpp:122) [160]  (0.607 ns)
	'add' operation 16 bit of DSP[167] ('acc', ../QAT-Model/depthwise.cpp:124) [167]  (1.760 ns)

 <State 6>: 4.351ns
The critical path consists of the following:
	'load' operation 7 bit ('ifmap_0_3_load', ../QAT-Model/depthwise.cpp:124) on array 'ifmap_0_3' [114]  (1.755 ns)
	'select' operation 7 bit ('select_ln124_6', ../QAT-Model/depthwise.cpp:124) [187]  (0.808 ns)
	'select' operation 7 bit ('select_ln124_8', ../QAT-Model/depthwise.cpp:124) [189]  (0.808 ns)
	'mul' operation 14 bit of DSP[195] ('mul_ln124_1', ../QAT-Model/depthwise.cpp:124) [193]  (0.980 ns)

 <State 7>: 4.351ns
The critical path consists of the following:
	'load' operation 7 bit ('ifmap_0_0_load', ../QAT-Model/depthwise.cpp:124) on array 'ifmap_0_0' [108]  (1.755 ns)
	'select' operation 7 bit ('select_ln124_3', ../QAT-Model/depthwise.cpp:124) [183]  (0.808 ns)
	'select' operation 7 bit ('select_ln124_5', ../QAT-Model/depthwise.cpp:124) [185]  (0.808 ns)
	'mul' operation 15 bit of DSP[196] ('mul_ln124', ../QAT-Model/depthwise.cpp:124) [191]  (0.980 ns)

 <State 8>: 4.142ns
The critical path consists of the following:
	'add' operation 17 bit of DSP[181] ('acc', ../QAT-Model/depthwise.cpp:124) [181]  (1.760 ns)
	'select' operation 17 bit ('acc', ../QAT-Model/depthwise.cpp:121) [182]  (0.622 ns)
	'add' operation 17 bit of DSP[195] ('add_ln124', ../QAT-Model/depthwise.cpp:124) [195]  (1.760 ns)

 <State 9>: 4.351ns
The critical path consists of the following:
	'load' operation 7 bit ('ifmap_3_3_load', ../QAT-Model/depthwise.cpp:124) on array 'ifmap_3_3' [137]  (1.755 ns)
	'select' operation 7 bit ('select_ln124_12', ../QAT-Model/depthwise.cpp:124) [209]  (0.808 ns)
	'select' operation 7 bit ('select_ln124_13', ../QAT-Model/depthwise.cpp:124) [210]  (0.808 ns)
	'mul' operation 14 bit of DSP[214] ('mul_ln125_6', ../QAT-Model/depthwise.cpp:125) [212]  (0.980 ns)

 <State 10>: 3.520ns
The critical path consists of the following:
	'add' operation 17 bit of DSP[196] ('acc', ../QAT-Model/depthwise.cpp:124) [196]  (1.760 ns)
	'add' operation 18 bit of DSP[202] ('acc', ../QAT-Model/depthwise.cpp:124) [202]  (1.760 ns)

 <State 11>: 4.137ns
The critical path consists of the following:
	'add' operation 18 bit of DSP[202] ('acc', ../QAT-Model/depthwise.cpp:124) [202]  (1.760 ns)
	'select' operation 18 bit ('acc', ../QAT-Model/depthwise.cpp:121) [203]  (0.617 ns)
	'add' operation 18 bit of DSP[214] ('add_ln124_3', ../QAT-Model/depthwise.cpp:124) [214]  (1.760 ns)

 <State 12>: 6.170ns
The critical path consists of the following:
	'mul' operation 15 bit ('mul_ln125_5', ../QAT-Model/depthwise.cpp:125) [207]  (3.610 ns)
	'add' operation 18 bit of DSP[218] ('acc', ../QAT-Model/depthwise.cpp:124) [215]  (1.580 ns)
	'mul' operation 32 bit of DSP[218] ('product', ../QAT-Model/mobilenet_v1_qat.hpp:82->../QAT-Model/depthwise.cpp:129) [217]  (0.980 ns)

 <State 13>: 0.980ns
The critical path consists of the following:
	'mul' operation 32 bit of DSP[218] ('product', ../QAT-Model/mobilenet_v1_qat.hpp:82->../QAT-Model/depthwise.cpp:129) [217]  (0.980 ns)

 <State 14>: 1.760ns
The critical path consists of the following:
	'mul' operation 32 bit of DSP[218] ('product', ../QAT-Model/mobilenet_v1_qat.hpp:82->../QAT-Model/depthwise.cpp:129) [217]  (0.000 ns)
	'add' operation 32 bit of DSP[218] ('add_ln84', ../QAT-Model/mobilenet_v1_qat.hpp:84->../QAT-Model/depthwise.cpp:129) [218]  (1.760 ns)

 <State 15>: 6.287ns
The critical path consists of the following:
	'add' operation 32 bit of DSP[218] ('add_ln84', ../QAT-Model/mobilenet_v1_qat.hpp:84->../QAT-Model/depthwise.cpp:129) [218]  (1.760 ns)
	'icmp' operation 1 bit ('icmp_ln86', ../QAT-Model/mobilenet_v1_qat.hpp:86->../QAT-Model/depthwise.cpp:129) [221]  (0.997 ns)
	'select' operation 11 bit ('out32', ../QAT-Model/mobilenet_v1_qat.hpp:86->../QAT-Model/depthwise.cpp:129) [222]  (0.793 ns)
	'icmp' operation 1 bit ('icmp_ln87', ../QAT-Model/mobilenet_v1_qat.hpp:87->../QAT-Model/depthwise.cpp:129) [223]  (1.482 ns)
	'select' operation 8 bit ('out8', ../QAT-Model/mobilenet_v1_qat.hpp:88->../QAT-Model/depthwise.cpp:129) [225]  (0.448 ns)
	'select' operation 7 bit ('out8', ../QAT-Model/mobilenet_v1_qat.hpp:90->../QAT-Model/depthwise.cpp:129) [228]  (0.808 ns)

 <State 16>: 2.771ns
The critical path consists of the following:
	'getelementptr' operation 8 bit ('ofmap_0_addr', ../QAT-Model/depthwise.cpp:129) [150]  (0.000 ns)
	'store' operation ('store_ln129', ../QAT-Model/depthwise.cpp:129) of variable 'out8', ../QAT-Model/mobilenet_v1_qat.hpp:90->../QAT-Model/depthwise.cpp:129 7 bit on array 'ofmap_0' [231]  (2.771 ns)


============================================================
+ Verbose Summary: Binding
============================================================
N/A
* FSMD analyzer results:
  - Output states:
 - Input state : 
  - Chain level:
	State 1
	State 2
	State 3
	State 4
	State 5
	State 6
	State 7
	State 8
	State 9
	State 10
	State 11
	State 12
	State 13
	State 14
	State 15
	State 16


============================================================
+ Verbose Summary: Datapath Resource usage 
============================================================
N/A
