

================================================================
== Vitis HLS Report for 'fc_qat'
================================================================
* Date:           Sat Jun 27 11:08:34 2026

* Version:        2025.2 (Build 6295257 on Nov 14 2025)
* Project:        QAT_HLS
* Solution:       hls (Vivado IP Flow Target)
* Product family: zynq
* Target device:  xc7z045-ffg900-2


================================================================
== Performance Estimates
================================================================
+ Timing: 
    * Summary: 
    +--------+----------+----------+------------+
    |  Clock |  Target  | Estimated| Uncertainty|
    +--------+----------+----------+------------+
    |ap_clk  |  10.00 ns|  7.140 ns|     2.70 ns|
    +--------+----------+----------+------------+

+ Latency: 
    * Summary: 
    +---------+---------+----------+----------+-----+-----+---------+
    |  Latency (cycles) |  Latency (absolute) |  Interval | Pipeline|
    |   min   |   max   |    min   |    max   | min | max |   Type  |
    +---------+---------+----------+----------+-----+-----+---------+
    |      275|      275|  2.750 us|  2.750 us|  275|  275|       no|
    +---------+---------+----------+----------+-----+-----+---------+

    + Detail: 
        * Instance: 
        N/A

        * Loop: 
        N/A

============================================================
+ Verbose Summary: Synthesis Manager
============================================================
InlineROM: 1
ExposeGlobal: 0
============================================================
+ Verbose Summary: CDFG Model
============================================================
IsTopModel: 0
ResetActiveHigh: 1
IsCombinational: 0
IsDatapathOnly: 0
HasWiredReturn: 1
HasMFsm: 0
HasVarLatency: 1
IsPipeline: 0
IsRtlPipelined: 0
IsInstanceOverlapped: 0
IsDontTouch: 0
HasImplIP: 0
IsGatedGlobalClock: 0


============================================================
+ Verbose Summary: Schedule
============================================================
* Number of FSM states : 15
* Pipeline : 0
* Dataflow Pipeline: 0

* FSM state transitions: 
1 --> 2 
2 --> 3 
3 --> 4 
4 --> 5 
5 --> 6 
6 --> 7 
7 --> 8 
8 --> 9 
9 --> 10 
10 --> 11 
11 --> 12 
12 --> 13 
13 --> 14 
14 --> 15 
15 --> 

* FSM state operations: 

State 1 <SV = 0> <Delay = 0.00>
ST_1 : Operation 16 [1/1] (0.00ns)   --->   "%p_loc28 = alloca i64 1"   --->   Operation 16 'alloca' 'p_loc28' <Predicate = true> <Delay = 0.00>
ST_1 : Operation 17 [1/1] (0.00ns)   --->   "%p_loc27 = alloca i64 1"   --->   Operation 17 'alloca' 'p_loc27' <Predicate = true> <Delay = 0.00>
ST_1 : Operation 18 [1/1] (0.00ns)   --->   "%p_loc26 = alloca i64 1"   --->   Operation 18 'alloca' 'p_loc26' <Predicate = true> <Delay = 0.00>
ST_1 : Operation 19 [1/1] (0.00ns)   --->   "%p_loc25 = alloca i64 1"   --->   Operation 19 'alloca' 'p_loc25' <Predicate = true> <Delay = 0.00>
ST_1 : Operation 20 [1/1] (0.00ns)   --->   "%p_loc24 = alloca i64 1"   --->   Operation 20 'alloca' 'p_loc24' <Predicate = true> <Delay = 0.00>
ST_1 : Operation 21 [1/1] (0.00ns)   --->   "%p_loc23 = alloca i64 1"   --->   Operation 21 'alloca' 'p_loc23' <Predicate = true> <Delay = 0.00>
ST_1 : Operation 22 [1/1] (0.00ns)   --->   "%p_loc22 = alloca i64 1"   --->   Operation 22 'alloca' 'p_loc22' <Predicate = true> <Delay = 0.00>
ST_1 : Operation 23 [1/1] (0.00ns)   --->   "%p_loc21 = alloca i64 1"   --->   Operation 23 'alloca' 'p_loc21' <Predicate = true> <Delay = 0.00>
ST_1 : Operation 24 [1/1] (0.00ns)   --->   "%p_loc20 = alloca i64 1"   --->   Operation 24 'alloca' 'p_loc20' <Predicate = true> <Delay = 0.00>
ST_1 : Operation 25 [1/1] (0.00ns)   --->   "%p_loc = alloca i64 1"   --->   Operation 25 'alloca' 'p_loc' <Predicate = true> <Delay = 0.00>
ST_1 : Operation 26 [2/2] (0.00ns)   --->   "%call_ln0 = call void @fc_qat_Pipeline_FC_IC, i7 %ifmap, i23 %p_loc, i23 %p_loc20, i23 %p_loc21, i23 %p_loc22, i23 %p_loc23, i23 %p_loc24, i23 %p_loc25, i23 %p_loc26, i23 %p_loc27, i23 %p_loc28, i8 %p_ZL9fc_w_fold_0, i8 %p_ZL9fc_w_fold_1, i8 %p_ZL9fc_w_fold_2, i8 %p_ZL9fc_w_fold_3, i8 %p_ZL9fc_w_fold_4, i8 %p_ZL9fc_w_fold_5, i8 %p_ZL9fc_w_fold_6, i8 %p_ZL9fc_w_fold_7, i8 %p_ZL9fc_w_fold_8, i8 %p_ZL9fc_w_fold_9"   --->   Operation 26 'call' 'call_ln0' <Predicate = true> <Delay = 0.00> <CoreType = "Generic">   --->   Generic Core

State 2 <SV = 1> <Delay = 0.00>
ST_2 : Operation 27 [1/2] (0.00ns)   --->   "%call_ln0 = call void @fc_qat_Pipeline_FC_IC, i7 %ifmap, i23 %p_loc, i23 %p_loc20, i23 %p_loc21, i23 %p_loc22, i23 %p_loc23, i23 %p_loc24, i23 %p_loc25, i23 %p_loc26, i23 %p_loc27, i23 %p_loc28, i8 %p_ZL9fc_w_fold_0, i8 %p_ZL9fc_w_fold_1, i8 %p_ZL9fc_w_fold_2, i8 %p_ZL9fc_w_fold_3, i8 %p_ZL9fc_w_fold_4, i8 %p_ZL9fc_w_fold_5, i8 %p_ZL9fc_w_fold_6, i8 %p_ZL9fc_w_fold_7, i8 %p_ZL9fc_w_fold_8, i8 %p_ZL9fc_w_fold_9"   --->   Operation 27 'call' 'call_ln0' <Predicate = true> <Delay = 0.00> <CoreType = "Generic">   --->   Generic Core

State 3 <SV = 2> <Delay = 7.14>
ST_3 : Operation 28 [1/1] (0.00ns)   --->   "%p_loc27_load = load i23 %p_loc27"   --->   Operation 28 'load' 'p_loc27_load' <Predicate = true> <Delay = 0.00>
ST_3 : Operation 29 [1/1] (0.00ns)   --->   "%p_loc28_load = load i23 %p_loc28"   --->   Operation 29 'load' 'p_loc28_load' <Predicate = true> <Delay = 0.00>
ST_3 : Operation 30 [1/1] (0.00ns)   --->   "%sext_ln29 = sext i23 %p_loc28_load" [../QAT-Model/fc.cpp:29]   --->   Operation 30 'sext' 'sext_ln29' <Predicate = true> <Delay = 0.00>
ST_3 : Operation 31 [5/5] (7.14ns)   --->   "%conv1 = sitofp i32 %sext_ln29" [../QAT-Model/fc.cpp:29]   --->   Operation 31 'sitofp' 'conv1' <Predicate = true> <Delay = 7.14> <CoreInst = "Int2Float">   --->   Core 62 'Int2Float' <Latency = 4> <II = 1> <Delay = 7.14> <FuncUnit> <Opcode : 'uitofp' 'sitofp'> <InPorts = 1> <OutPorts = 1>
ST_3 : Operation 32 [1/1] (0.00ns)   --->   "%sext_ln29_1 = sext i23 %p_loc27_load" [../QAT-Model/fc.cpp:29]   --->   Operation 32 'sext' 'sext_ln29_1' <Predicate = true> <Delay = 0.00>
ST_3 : Operation 33 [5/5] (7.14ns)   --->   "%conv34_1 = sitofp i32 %sext_ln29_1" [../QAT-Model/fc.cpp:29]   --->   Operation 33 'sitofp' 'conv34_1' <Predicate = true> <Delay = 7.14> <CoreInst = "Int2Float">   --->   Core 62 'Int2Float' <Latency = 4> <II = 1> <Delay = 7.14> <FuncUnit> <Opcode : 'uitofp' 'sitofp'> <InPorts = 1> <OutPorts = 1>

State 4 <SV = 3> <Delay = 7.14>
ST_4 : Operation 34 [1/1] (0.00ns)   --->   "%p_loc25_load = load i23 %p_loc25"   --->   Operation 34 'load' 'p_loc25_load' <Predicate = true> <Delay = 0.00>
ST_4 : Operation 35 [1/1] (0.00ns)   --->   "%p_loc26_load = load i23 %p_loc26"   --->   Operation 35 'load' 'p_loc26_load' <Predicate = true> <Delay = 0.00>
ST_4 : Operation 36 [4/5] (7.14ns)   --->   "%conv1 = sitofp i32 %sext_ln29" [../QAT-Model/fc.cpp:29]   --->   Operation 36 'sitofp' 'conv1' <Predicate = true> <Delay = 7.14> <CoreInst = "Int2Float">   --->   Core 62 'Int2Float' <Latency = 4> <II = 1> <Delay = 7.14> <FuncUnit> <Opcode : 'uitofp' 'sitofp'> <InPorts = 1> <OutPorts = 1>
ST_4 : Operation 37 [4/5] (7.14ns)   --->   "%conv34_1 = sitofp i32 %sext_ln29_1" [../QAT-Model/fc.cpp:29]   --->   Operation 37 'sitofp' 'conv34_1' <Predicate = true> <Delay = 7.14> <CoreInst = "Int2Float">   --->   Core 62 'Int2Float' <Latency = 4> <II = 1> <Delay = 7.14> <FuncUnit> <Opcode : 'uitofp' 'sitofp'> <InPorts = 1> <OutPorts = 1>
ST_4 : Operation 38 [1/1] (0.00ns)   --->   "%sext_ln29_2 = sext i23 %p_loc26_load" [../QAT-Model/fc.cpp:29]   --->   Operation 38 'sext' 'sext_ln29_2' <Predicate = true> <Delay = 0.00>
ST_4 : Operation 39 [5/5] (7.14ns)   --->   "%conv34_2 = sitofp i32 %sext_ln29_2" [../QAT-Model/fc.cpp:29]   --->   Operation 39 'sitofp' 'conv34_2' <Predicate = true> <Delay = 7.14> <CoreInst = "Int2Float">   --->   Core 62 'Int2Float' <Latency = 4> <II = 1> <Delay = 7.14> <FuncUnit> <Opcode : 'uitofp' 'sitofp'> <InPorts = 1> <OutPorts = 1>
ST_4 : Operation 40 [1/1] (0.00ns)   --->   "%sext_ln29_3 = sext i23 %p_loc25_load" [../QAT-Model/fc.cpp:29]   --->   Operation 40 'sext' 'sext_ln29_3' <Predicate = true> <Delay = 0.00>
ST_4 : Operation 41 [5/5] (7.14ns)   --->   "%conv34_3 = sitofp i32 %sext_ln29_3" [../QAT-Model/fc.cpp:29]   --->   Operation 41 'sitofp' 'conv34_3' <Predicate = true> <Delay = 7.14> <CoreInst = "Int2Float">   --->   Core 62 'Int2Float' <Latency = 4> <II = 1> <Delay = 7.14> <FuncUnit> <Opcode : 'uitofp' 'sitofp'> <InPorts = 1> <OutPorts = 1>

State 5 <SV = 4> <Delay = 7.14>
ST_5 : Operation 42 [1/1] (0.00ns)   --->   "%p_loc23_load = load i23 %p_loc23"   --->   Operation 42 'load' 'p_loc23_load' <Predicate = true> <Delay = 0.00>
ST_5 : Operation 43 [1/1] (0.00ns)   --->   "%p_loc24_load = load i23 %p_loc24"   --->   Operation 43 'load' 'p_loc24_load' <Predicate = true> <Delay = 0.00>
ST_5 : Operation 44 [3/5] (7.14ns)   --->   "%conv1 = sitofp i32 %sext_ln29" [../QAT-Model/fc.cpp:29]   --->   Operation 44 'sitofp' 'conv1' <Predicate = true> <Delay = 7.14> <CoreInst = "Int2Float">   --->   Core 62 'Int2Float' <Latency = 4> <II = 1> <Delay = 7.14> <FuncUnit> <Opcode : 'uitofp' 'sitofp'> <InPorts = 1> <OutPorts = 1>
ST_5 : Operation 45 [3/5] (7.14ns)   --->   "%conv34_1 = sitofp i32 %sext_ln29_1" [../QAT-Model/fc.cpp:29]   --->   Operation 45 'sitofp' 'conv34_1' <Predicate = true> <Delay = 7.14> <CoreInst = "Int2Float">   --->   Core 62 'Int2Float' <Latency = 4> <II = 1> <Delay = 7.14> <FuncUnit> <Opcode : 'uitofp' 'sitofp'> <InPorts = 1> <OutPorts = 1>
ST_5 : Operation 46 [4/5] (7.14ns)   --->   "%conv34_2 = sitofp i32 %sext_ln29_2" [../QAT-Model/fc.cpp:29]   --->   Operation 46 'sitofp' 'conv34_2' <Predicate = true> <Delay = 7.14> <CoreInst = "Int2Float">   --->   Core 62 'Int2Float' <Latency = 4> <II = 1> <Delay = 7.14> <FuncUnit> <Opcode : 'uitofp' 'sitofp'> <InPorts = 1> <OutPorts = 1>
ST_5 : Operation 47 [4/5] (7.14ns)   --->   "%conv34_3 = sitofp i32 %sext_ln29_3" [../QAT-Model/fc.cpp:29]   --->   Operation 47 'sitofp' 'conv34_3' <Predicate = true> <Delay = 7.14> <CoreInst = "Int2Float">   --->   Core 62 'Int2Float' <Latency = 4> <II = 1> <Delay = 7.14> <FuncUnit> <Opcode : 'uitofp' 'sitofp'> <InPorts = 1> <OutPorts = 1>
ST_5 : Operation 48 [1/1] (0.00ns)   --->   "%sext_ln29_4 = sext i23 %p_loc24_load" [../QAT-Model/fc.cpp:29]   --->   Operation 48 'sext' 'sext_ln29_4' <Predicate = true> <Delay = 0.00>
ST_5 : Operation 49 [5/5] (7.14ns)   --->   "%conv34_4 = sitofp i32 %sext_ln29_4" [../QAT-Model/fc.cpp:29]   --->   Operation 49 'sitofp' 'conv34_4' <Predicate = true> <Delay = 7.14> <CoreInst = "Int2Float">   --->   Core 62 'Int2Float' <Latency = 4> <II = 1> <Delay = 7.14> <FuncUnit> <Opcode : 'uitofp' 'sitofp'> <InPorts = 1> <OutPorts = 1>
ST_5 : Operation 50 [1/1] (0.00ns)   --->   "%sext_ln29_5 = sext i23 %p_loc23_load" [../QAT-Model/fc.cpp:29]   --->   Operation 50 'sext' 'sext_ln29_5' <Predicate = true> <Delay = 0.00>
ST_5 : Operation 51 [5/5] (7.14ns)   --->   "%conv34_5 = sitofp i32 %sext_ln29_5" [../QAT-Model/fc.cpp:29]   --->   Operation 51 'sitofp' 'conv34_5' <Predicate = true> <Delay = 7.14> <CoreInst = "Int2Float">   --->   Core 62 'Int2Float' <Latency = 4> <II = 1> <Delay = 7.14> <FuncUnit> <Opcode : 'uitofp' 'sitofp'> <InPorts = 1> <OutPorts = 1>

State 6 <SV = 5> <Delay = 7.14>
ST_6 : Operation 52 [1/1] (0.00ns)   --->   "%p_loc21_load = load i23 %p_loc21"   --->   Operation 52 'load' 'p_loc21_load' <Predicate = true> <Delay = 0.00>
ST_6 : Operation 53 [1/1] (0.00ns)   --->   "%p_loc22_load = load i23 %p_loc22"   --->   Operation 53 'load' 'p_loc22_load' <Predicate = true> <Delay = 0.00>
ST_6 : Operation 54 [2/5] (7.14ns)   --->   "%conv1 = sitofp i32 %sext_ln29" [../QAT-Model/fc.cpp:29]   --->   Operation 54 'sitofp' 'conv1' <Predicate = true> <Delay = 7.14> <CoreInst = "Int2Float">   --->   Core 62 'Int2Float' <Latency = 4> <II = 1> <Delay = 7.14> <FuncUnit> <Opcode : 'uitofp' 'sitofp'> <InPorts = 1> <OutPorts = 1>
ST_6 : Operation 55 [2/5] (7.14ns)   --->   "%conv34_1 = sitofp i32 %sext_ln29_1" [../QAT-Model/fc.cpp:29]   --->   Operation 55 'sitofp' 'conv34_1' <Predicate = true> <Delay = 7.14> <CoreInst = "Int2Float">   --->   Core 62 'Int2Float' <Latency = 4> <II = 1> <Delay = 7.14> <FuncUnit> <Opcode : 'uitofp' 'sitofp'> <InPorts = 1> <OutPorts = 1>
ST_6 : Operation 56 [3/5] (7.14ns)   --->   "%conv34_2 = sitofp i32 %sext_ln29_2" [../QAT-Model/fc.cpp:29]   --->   Operation 56 'sitofp' 'conv34_2' <Predicate = true> <Delay = 7.14> <CoreInst = "Int2Float">   --->   Core 62 'Int2Float' <Latency = 4> <II = 1> <Delay = 7.14> <FuncUnit> <Opcode : 'uitofp' 'sitofp'> <InPorts = 1> <OutPorts = 1>
ST_6 : Operation 57 [3/5] (7.14ns)   --->   "%conv34_3 = sitofp i32 %sext_ln29_3" [../QAT-Model/fc.cpp:29]   --->   Operation 57 'sitofp' 'conv34_3' <Predicate = true> <Delay = 7.14> <CoreInst = "Int2Float">   --->   Core 62 'Int2Float' <Latency = 4> <II = 1> <Delay = 7.14> <FuncUnit> <Opcode : 'uitofp' 'sitofp'> <InPorts = 1> <OutPorts = 1>
ST_6 : Operation 58 [4/5] (7.14ns)   --->   "%conv34_4 = sitofp i32 %sext_ln29_4" [../QAT-Model/fc.cpp:29]   --->   Operation 58 'sitofp' 'conv34_4' <Predicate = true> <Delay = 7.14> <CoreInst = "Int2Float">   --->   Core 62 'Int2Float' <Latency = 4> <II = 1> <Delay = 7.14> <FuncUnit> <Opcode : 'uitofp' 'sitofp'> <InPorts = 1> <OutPorts = 1>
ST_6 : Operation 59 [4/5] (7.14ns)   --->   "%conv34_5 = sitofp i32 %sext_ln29_5" [../QAT-Model/fc.cpp:29]   --->   Operation 59 'sitofp' 'conv34_5' <Predicate = true> <Delay = 7.14> <CoreInst = "Int2Float">   --->   Core 62 'Int2Float' <Latency = 4> <II = 1> <Delay = 7.14> <FuncUnit> <Opcode : 'uitofp' 'sitofp'> <InPorts = 1> <OutPorts = 1>
ST_6 : Operation 60 [1/1] (0.00ns)   --->   "%sext_ln29_6 = sext i23 %p_loc22_load" [../QAT-Model/fc.cpp:29]   --->   Operation 60 'sext' 'sext_ln29_6' <Predicate = true> <Delay = 0.00>
ST_6 : Operation 61 [5/5] (7.14ns)   --->   "%conv34_6 = sitofp i32 %sext_ln29_6" [../QAT-Model/fc.cpp:29]   --->   Operation 61 'sitofp' 'conv34_6' <Predicate = true> <Delay = 7.14> <CoreInst = "Int2Float">   --->   Core 62 'Int2Float' <Latency = 4> <II = 1> <Delay = 7.14> <FuncUnit> <Opcode : 'uitofp' 'sitofp'> <InPorts = 1> <OutPorts = 1>
ST_6 : Operation 62 [1/1] (0.00ns)   --->   "%sext_ln29_7 = sext i23 %p_loc21_load" [../QAT-Model/fc.cpp:29]   --->   Operation 62 'sext' 'sext_ln29_7' <Predicate = true> <Delay = 0.00>
ST_6 : Operation 63 [5/5] (7.14ns)   --->   "%conv34_7 = sitofp i32 %sext_ln29_7" [../QAT-Model/fc.cpp:29]   --->   Operation 63 'sitofp' 'conv34_7' <Predicate = true> <Delay = 7.14> <CoreInst = "Int2Float">   --->   Core 62 'Int2Float' <Latency = 4> <II = 1> <Delay = 7.14> <FuncUnit> <Opcode : 'uitofp' 'sitofp'> <InPorts = 1> <OutPorts = 1>

State 7 <SV = 6> <Delay = 7.14>
ST_7 : Operation 64 [1/1] (0.00ns)   --->   "%p_loc_load = load i23 %p_loc"   --->   Operation 64 'load' 'p_loc_load' <Predicate = true> <Delay = 0.00>
ST_7 : Operation 65 [1/1] (0.00ns)   --->   "%p_loc20_load = load i23 %p_loc20"   --->   Operation 65 'load' 'p_loc20_load' <Predicate = true> <Delay = 0.00>
ST_7 : Operation 66 [1/5] (7.14ns)   --->   "%conv1 = sitofp i32 %sext_ln29" [../QAT-Model/fc.cpp:29]   --->   Operation 66 'sitofp' 'conv1' <Predicate = true> <Delay = 7.14> <CoreInst = "Int2Float">   --->   Core 62 'Int2Float' <Latency = 4> <II = 1> <Delay = 7.14> <FuncUnit> <Opcode : 'uitofp' 'sitofp'> <InPorts = 1> <OutPorts = 1>
ST_7 : Operation 67 [1/5] (7.14ns)   --->   "%conv34_1 = sitofp i32 %sext_ln29_1" [../QAT-Model/fc.cpp:29]   --->   Operation 67 'sitofp' 'conv34_1' <Predicate = true> <Delay = 7.14> <CoreInst = "Int2Float">   --->   Core 62 'Int2Float' <Latency = 4> <II = 1> <Delay = 7.14> <FuncUnit> <Opcode : 'uitofp' 'sitofp'> <InPorts = 1> <OutPorts = 1>
ST_7 : Operation 68 [2/5] (7.14ns)   --->   "%conv34_2 = sitofp i32 %sext_ln29_2" [../QAT-Model/fc.cpp:29]   --->   Operation 68 'sitofp' 'conv34_2' <Predicate = true> <Delay = 7.14> <CoreInst = "Int2Float">   --->   Core 62 'Int2Float' <Latency = 4> <II = 1> <Delay = 7.14> <FuncUnit> <Opcode : 'uitofp' 'sitofp'> <InPorts = 1> <OutPorts = 1>
ST_7 : Operation 69 [2/5] (7.14ns)   --->   "%conv34_3 = sitofp i32 %sext_ln29_3" [../QAT-Model/fc.cpp:29]   --->   Operation 69 'sitofp' 'conv34_3' <Predicate = true> <Delay = 7.14> <CoreInst = "Int2Float">   --->   Core 62 'Int2Float' <Latency = 4> <II = 1> <Delay = 7.14> <FuncUnit> <Opcode : 'uitofp' 'sitofp'> <InPorts = 1> <OutPorts = 1>
ST_7 : Operation 70 [3/5] (7.14ns)   --->   "%conv34_4 = sitofp i32 %sext_ln29_4" [../QAT-Model/fc.cpp:29]   --->   Operation 70 'sitofp' 'conv34_4' <Predicate = true> <Delay = 7.14> <CoreInst = "Int2Float">   --->   Core 62 'Int2Float' <Latency = 4> <II = 1> <Delay = 7.14> <FuncUnit> <Opcode : 'uitofp' 'sitofp'> <InPorts = 1> <OutPorts = 1>
ST_7 : Operation 71 [3/5] (7.14ns)   --->   "%conv34_5 = sitofp i32 %sext_ln29_5" [../QAT-Model/fc.cpp:29]   --->   Operation 71 'sitofp' 'conv34_5' <Predicate = true> <Delay = 7.14> <CoreInst = "Int2Float">   --->   Core 62 'Int2Float' <Latency = 4> <II = 1> <Delay = 7.14> <FuncUnit> <Opcode : 'uitofp' 'sitofp'> <InPorts = 1> <OutPorts = 1>
ST_7 : Operation 72 [4/5] (7.14ns)   --->   "%conv34_6 = sitofp i32 %sext_ln29_6" [../QAT-Model/fc.cpp:29]   --->   Operation 72 'sitofp' 'conv34_6' <Predicate = true> <Delay = 7.14> <CoreInst = "Int2Float">   --->   Core 62 'Int2Float' <Latency = 4> <II = 1> <Delay = 7.14> <FuncUnit> <Opcode : 'uitofp' 'sitofp'> <InPorts = 1> <OutPorts = 1>
ST_7 : Operation 73 [4/5] (7.14ns)   --->   "%conv34_7 = sitofp i32 %sext_ln29_7" [../QAT-Model/fc.cpp:29]   --->   Operation 73 'sitofp' 'conv34_7' <Predicate = true> <Delay = 7.14> <CoreInst = "Int2Float">   --->   Core 62 'Int2Float' <Latency = 4> <II = 1> <Delay = 7.14> <FuncUnit> <Opcode : 'uitofp' 'sitofp'> <InPorts = 1> <OutPorts = 1>
ST_7 : Operation 74 [1/1] (0.00ns)   --->   "%sext_ln29_8 = sext i23 %p_loc20_load" [../QAT-Model/fc.cpp:29]   --->   Operation 74 'sext' 'sext_ln29_8' <Predicate = true> <Delay = 0.00>
ST_7 : Operation 75 [5/5] (7.14ns)   --->   "%conv34_8 = sitofp i32 %sext_ln29_8" [../QAT-Model/fc.cpp:29]   --->   Operation 75 'sitofp' 'conv34_8' <Predicate = true> <Delay = 7.14> <CoreInst = "Int2Float">   --->   Core 62 'Int2Float' <Latency = 4> <II = 1> <Delay = 7.14> <FuncUnit> <Opcode : 'uitofp' 'sitofp'> <InPorts = 1> <OutPorts = 1>
ST_7 : Operation 76 [1/1] (0.00ns)   --->   "%sext_ln29_9 = sext i23 %p_loc_load" [../QAT-Model/fc.cpp:29]   --->   Operation 76 'sext' 'sext_ln29_9' <Predicate = true> <Delay = 0.00>
ST_7 : Operation 77 [5/5] (7.14ns)   --->   "%conv34_9 = sitofp i32 %sext_ln29_9" [../QAT-Model/fc.cpp:29]   --->   Operation 77 'sitofp' 'conv34_9' <Predicate = true> <Delay = 7.14> <CoreInst = "Int2Float">   --->   Core 62 'Int2Float' <Latency = 4> <II = 1> <Delay = 7.14> <FuncUnit> <Opcode : 'uitofp' 'sitofp'> <InPorts = 1> <OutPorts = 1>

State 8 <SV = 7> <Delay = 7.14>
ST_8 : Operation 78 [4/4] (4.72ns)   --->   "%mul1 = fmul i32 %conv1, i32 0.00032348" [../QAT-Model/fc.cpp:29]   --->   Operation 78 'fmul' 'mul1' <Predicate = true> <Delay = 4.72> <CoreInst = "FMul_maxdsp">   --->   Core 30 'FMul_maxdsp' <Latency = 3> <II = 1> <Delay = 4.72> <FuncUnit> <Opcode : 'fmul'> <InPorts = 2> <OutPorts = 1>
ST_8 : Operation 79 [4/4] (4.72ns)   --->   "%mul35_1 = fmul i32 %conv34_1, i32 0.00032348" [../QAT-Model/fc.cpp:29]   --->   Operation 79 'fmul' 'mul35_1' <Predicate = true> <Delay = 4.72> <CoreInst = "FMul_maxdsp">   --->   Core 30 'FMul_maxdsp' <Latency = 3> <II = 1> <Delay = 4.72> <FuncUnit> <Opcode : 'fmul'> <InPorts = 2> <OutPorts = 1>
ST_8 : Operation 80 [1/5] (7.14ns)   --->   "%conv34_2 = sitofp i32 %sext_ln29_2" [../QAT-Model/fc.cpp:29]   --->   Operation 80 'sitofp' 'conv34_2' <Predicate = true> <Delay = 7.14> <CoreInst = "Int2Float">   --->   Core 62 'Int2Float' <Latency = 4> <II = 1> <Delay = 7.14> <FuncUnit> <Opcode : 'uitofp' 'sitofp'> <InPorts = 1> <OutPorts = 1>
ST_8 : Operation 81 [1/5] (7.14ns)   --->   "%conv34_3 = sitofp i32 %sext_ln29_3" [../QAT-Model/fc.cpp:29]   --->   Operation 81 'sitofp' 'conv34_3' <Predicate = true> <Delay = 7.14> <CoreInst = "Int2Float">   --->   Core 62 'Int2Float' <Latency = 4> <II = 1> <Delay = 7.14> <FuncUnit> <Opcode : 'uitofp' 'sitofp'> <InPorts = 1> <OutPorts = 1>
ST_8 : Operation 82 [2/5] (7.14ns)   --->   "%conv34_4 = sitofp i32 %sext_ln29_4" [../QAT-Model/fc.cpp:29]   --->   Operation 82 'sitofp' 'conv34_4' <Predicate = true> <Delay = 7.14> <CoreInst = "Int2Float">   --->   Core 62 'Int2Float' <Latency = 4> <II = 1> <Delay = 7.14> <FuncUnit> <Opcode : 'uitofp' 'sitofp'> <InPorts = 1> <OutPorts = 1>
ST_8 : Operation 83 [2/5] (7.14ns)   --->   "%conv34_5 = sitofp i32 %sext_ln29_5" [../QAT-Model/fc.cpp:29]   --->   Operation 83 'sitofp' 'conv34_5' <Predicate = true> <Delay = 7.14> <CoreInst = "Int2Float">   --->   Core 62 'Int2Float' <Latency = 4> <II = 1> <Delay = 7.14> <FuncUnit> <Opcode : 'uitofp' 'sitofp'> <InPorts = 1> <OutPorts = 1>
ST_8 : Operation 84 [3/5] (7.14ns)   --->   "%conv34_6 = sitofp i32 %sext_ln29_6" [../QAT-Model/fc.cpp:29]   --->   Operation 84 'sitofp' 'conv34_6' <Predicate = true> <Delay = 7.14> <CoreInst = "Int2Float">   --->   Core 62 'Int2Float' <Latency = 4> <II = 1> <Delay = 7.14> <FuncUnit> <Opcode : 'uitofp' 'sitofp'> <InPorts = 1> <OutPorts = 1>
ST_8 : Operation 85 [3/5] (7.14ns)   --->   "%conv34_7 = sitofp i32 %sext_ln29_7" [../QAT-Model/fc.cpp:29]   --->   Operation 85 'sitofp' 'conv34_7' <Predicate = true> <Delay = 7.14> <CoreInst = "Int2Float">   --->   Core 62 'Int2Float' <Latency = 4> <II = 1> <Delay = 7.14> <FuncUnit> <Opcode : 'uitofp' 'sitofp'> <InPorts = 1> <OutPorts = 1>
ST_8 : Operation 86 [4/5] (7.14ns)   --->   "%conv34_8 = sitofp i32 %sext_ln29_8" [../QAT-Model/fc.cpp:29]   --->   Operation 86 'sitofp' 'conv34_8' <Predicate = true> <Delay = 7.14> <CoreInst = "Int2Float">   --->   Core 62 'Int2Float' <Latency = 4> <II = 1> <Delay = 7.14> <FuncUnit> <Opcode : 'uitofp' 'sitofp'> <InPorts = 1> <OutPorts = 1>
ST_8 : Operation 87 [4/5] (7.14ns)   --->   "%conv34_9 = sitofp i32 %sext_ln29_9" [../QAT-Model/fc.cpp:29]   --->   Operation 87 'sitofp' 'conv34_9' <Predicate = true> <Delay = 7.14> <CoreInst = "Int2Float">   --->   Core 62 'Int2Float' <Latency = 4> <II = 1> <Delay = 7.14> <FuncUnit> <Opcode : 'uitofp' 'sitofp'> <InPorts = 1> <OutPorts = 1>

State 9 <SV = 8> <Delay = 7.14>
ST_9 : Operation 88 [3/4] (4.72ns)   --->   "%mul1 = fmul i32 %conv1, i32 0.00032348" [../QAT-Model/fc.cpp:29]   --->   Operation 88 'fmul' 'mul1' <Predicate = true> <Delay = 4.72> <CoreInst = "FMul_maxdsp">   --->   Core 30 'FMul_maxdsp' <Latency = 3> <II = 1> <Delay = 4.72> <FuncUnit> <Opcode : 'fmul'> <InPorts = 2> <OutPorts = 1>
ST_9 : Operation 89 [3/4] (4.72ns)   --->   "%mul35_1 = fmul i32 %conv34_1, i32 0.00032348" [../QAT-Model/fc.cpp:29]   --->   Operation 89 'fmul' 'mul35_1' <Predicate = true> <Delay = 4.72> <CoreInst = "FMul_maxdsp">   --->   Core 30 'FMul_maxdsp' <Latency = 3> <II = 1> <Delay = 4.72> <FuncUnit> <Opcode : 'fmul'> <InPorts = 2> <OutPorts = 1>
ST_9 : Operation 90 [4/4] (4.72ns)   --->   "%mul35_2 = fmul i32 %conv34_2, i32 0.00032348" [../QAT-Model/fc.cpp:29]   --->   Operation 90 'fmul' 'mul35_2' <Predicate = true> <Delay = 4.72> <CoreInst = "FMul_maxdsp">   --->   Core 30 'FMul_maxdsp' <Latency = 3> <II = 1> <Delay = 4.72> <FuncUnit> <Opcode : 'fmul'> <InPorts = 2> <OutPorts = 1>
ST_9 : Operation 91 [4/4] (4.72ns)   --->   "%mul35_3 = fmul i32 %conv34_3, i32 0.00032348" [../QAT-Model/fc.cpp:29]   --->   Operation 91 'fmul' 'mul35_3' <Predicate = true> <Delay = 4.72> <CoreInst = "FMul_maxdsp">   --->   Core 30 'FMul_maxdsp' <Latency = 3> <II = 1> <Delay = 4.72> <FuncUnit> <Opcode : 'fmul'> <InPorts = 2> <OutPorts = 1>
ST_9 : Operation 92 [1/5] (7.14ns)   --->   "%conv34_4 = sitofp i32 %sext_ln29_4" [../QAT-Model/fc.cpp:29]   --->   Operation 92 'sitofp' 'conv34_4' <Predicate = true> <Delay = 7.14> <CoreInst = "Int2Float">   --->   Core 62 'Int2Float' <Latency = 4> <II = 1> <Delay = 7.14> <FuncUnit> <Opcode : 'uitofp' 'sitofp'> <InPorts = 1> <OutPorts = 1>
ST_9 : Operation 93 [1/5] (7.14ns)   --->   "%conv34_5 = sitofp i32 %sext_ln29_5" [../QAT-Model/fc.cpp:29]   --->   Operation 93 'sitofp' 'conv34_5' <Predicate = true> <Delay = 7.14> <CoreInst = "Int2Float">   --->   Core 62 'Int2Float' <Latency = 4> <II = 1> <Delay = 7.14> <FuncUnit> <Opcode : 'uitofp' 'sitofp'> <InPorts = 1> <OutPorts = 1>
ST_9 : Operation 94 [2/5] (7.14ns)   --->   "%conv34_6 = sitofp i32 %sext_ln29_6" [../QAT-Model/fc.cpp:29]   --->   Operation 94 'sitofp' 'conv34_6' <Predicate = true> <Delay = 7.14> <CoreInst = "Int2Float">   --->   Core 62 'Int2Float' <Latency = 4> <II = 1> <Delay = 7.14> <FuncUnit> <Opcode : 'uitofp' 'sitofp'> <InPorts = 1> <OutPorts = 1>
ST_9 : Operation 95 [2/5] (7.14ns)   --->   "%conv34_7 = sitofp i32 %sext_ln29_7" [../QAT-Model/fc.cpp:29]   --->   Operation 95 'sitofp' 'conv34_7' <Predicate = true> <Delay = 7.14> <CoreInst = "Int2Float">   --->   Core 62 'Int2Float' <Latency = 4> <II = 1> <Delay = 7.14> <FuncUnit> <Opcode : 'uitofp' 'sitofp'> <InPorts = 1> <OutPorts = 1>
ST_9 : Operation 96 [3/5] (7.14ns)   --->   "%conv34_8 = sitofp i32 %sext_ln29_8" [../QAT-Model/fc.cpp:29]   --->   Operation 96 'sitofp' 'conv34_8' <Predicate = true> <Delay = 7.14> <CoreInst = "Int2Float">   --->   Core 62 'Int2Float' <Latency = 4> <II = 1> <Delay = 7.14> <FuncUnit> <Opcode : 'uitofp' 'sitofp'> <InPorts = 1> <OutPorts = 1>
ST_9 : Operation 97 [3/5] (7.14ns)   --->   "%conv34_9 = sitofp i32 %sext_ln29_9" [../QAT-Model/fc.cpp:29]   --->   Operation 97 'sitofp' 'conv34_9' <Predicate = true> <Delay = 7.14> <CoreInst = "Int2Float">   --->   Core 62 'Int2Float' <Latency = 4> <II = 1> <Delay = 7.14> <FuncUnit> <Opcode : 'uitofp' 'sitofp'> <InPorts = 1> <OutPorts = 1>

State 10 <SV = 9> <Delay = 7.14>
ST_10 : Operation 98 [2/4] (4.72ns)   --->   "%mul1 = fmul i32 %conv1, i32 0.00032348" [../QAT-Model/fc.cpp:29]   --->   Operation 98 'fmul' 'mul1' <Predicate = true> <Delay = 4.72> <CoreInst = "FMul_maxdsp">   --->   Core 30 'FMul_maxdsp' <Latency = 3> <II = 1> <Delay = 4.72> <FuncUnit> <Opcode : 'fmul'> <InPorts = 2> <OutPorts = 1>
ST_10 : Operation 99 [2/4] (4.72ns)   --->   "%mul35_1 = fmul i32 %conv34_1, i32 0.00032348" [../QAT-Model/fc.cpp:29]   --->   Operation 99 'fmul' 'mul35_1' <Predicate = true> <Delay = 4.72> <CoreInst = "FMul_maxdsp">   --->   Core 30 'FMul_maxdsp' <Latency = 3> <II = 1> <Delay = 4.72> <FuncUnit> <Opcode : 'fmul'> <InPorts = 2> <OutPorts = 1>
ST_10 : Operation 100 [3/4] (4.72ns)   --->   "%mul35_2 = fmul i32 %conv34_2, i32 0.00032348" [../QAT-Model/fc.cpp:29]   --->   Operation 100 'fmul' 'mul35_2' <Predicate = true> <Delay = 4.72> <CoreInst = "FMul_maxdsp">   --->   Core 30 'FMul_maxdsp' <Latency = 3> <II = 1> <Delay = 4.72> <FuncUnit> <Opcode : 'fmul'> <InPorts = 2> <OutPorts = 1>
ST_10 : Operation 101 [3/4] (4.72ns)   --->   "%mul35_3 = fmul i32 %conv34_3, i32 0.00032348" [../QAT-Model/fc.cpp:29]   --->   Operation 101 'fmul' 'mul35_3' <Predicate = true> <Delay = 4.72> <CoreInst = "FMul_maxdsp">   --->   Core 30 'FMul_maxdsp' <Latency = 3> <II = 1> <Delay = 4.72> <FuncUnit> <Opcode : 'fmul'> <InPorts = 2> <OutPorts = 1>
ST_10 : Operation 102 [4/4] (4.72ns)   --->   "%mul35_4 = fmul i32 %conv34_4, i32 0.00032348" [../QAT-Model/fc.cpp:29]   --->   Operation 102 'fmul' 'mul35_4' <Predicate = true> <Delay = 4.72> <CoreInst = "FMul_maxdsp">   --->   Core 30 'FMul_maxdsp' <Latency = 3> <II = 1> <Delay = 4.72> <FuncUnit> <Opcode : 'fmul'> <InPorts = 2> <OutPorts = 1>
ST_10 : Operation 103 [4/4] (4.72ns)   --->   "%mul35_5 = fmul i32 %conv34_5, i32 0.00032348" [../QAT-Model/fc.cpp:29]   --->   Operation 103 'fmul' 'mul35_5' <Predicate = true> <Delay = 4.72> <CoreInst = "FMul_maxdsp">   --->   Core 30 'FMul_maxdsp' <Latency = 3> <II = 1> <Delay = 4.72> <FuncUnit> <Opcode : 'fmul'> <InPorts = 2> <OutPorts = 1>
ST_10 : Operation 104 [1/5] (7.14ns)   --->   "%conv34_6 = sitofp i32 %sext_ln29_6" [../QAT-Model/fc.cpp:29]   --->   Operation 104 'sitofp' 'conv34_6' <Predicate = true> <Delay = 7.14> <CoreInst = "Int2Float">   --->   Core 62 'Int2Float' <Latency = 4> <II = 1> <Delay = 7.14> <FuncUnit> <Opcode : 'uitofp' 'sitofp'> <InPorts = 1> <OutPorts = 1>
ST_10 : Operation 105 [1/5] (7.14ns)   --->   "%conv34_7 = sitofp i32 %sext_ln29_7" [../QAT-Model/fc.cpp:29]   --->   Operation 105 'sitofp' 'conv34_7' <Predicate = true> <Delay = 7.14> <CoreInst = "Int2Float">   --->   Core 62 'Int2Float' <Latency = 4> <II = 1> <Delay = 7.14> <FuncUnit> <Opcode : 'uitofp' 'sitofp'> <InPorts = 1> <OutPorts = 1>
ST_10 : Operation 106 [2/5] (7.14ns)   --->   "%conv34_8 = sitofp i32 %sext_ln29_8" [../QAT-Model/fc.cpp:29]   --->   Operation 106 'sitofp' 'conv34_8' <Predicate = true> <Delay = 7.14> <CoreInst = "Int2Float">   --->   Core 62 'Int2Float' <Latency = 4> <II = 1> <Delay = 7.14> <FuncUnit> <Opcode : 'uitofp' 'sitofp'> <InPorts = 1> <OutPorts = 1>
ST_10 : Operation 107 [2/5] (7.14ns)   --->   "%conv34_9 = sitofp i32 %sext_ln29_9" [../QAT-Model/fc.cpp:29]   --->   Operation 107 'sitofp' 'conv34_9' <Predicate = true> <Delay = 7.14> <CoreInst = "Int2Float">   --->   Core 62 'Int2Float' <Latency = 4> <II = 1> <Delay = 7.14> <FuncUnit> <Opcode : 'uitofp' 'sitofp'> <InPorts = 1> <OutPorts = 1>

State 11 <SV = 10> <Delay = 7.14>
ST_11 : Operation 108 [1/1] (0.00ns)   --->   "%ofmap_addr = getelementptr i32 %ofmap, i64 0, i64 0" [../QAT-Model/fc.cpp:4]   --->   Operation 108 'getelementptr' 'ofmap_addr' <Predicate = true> <Delay = 0.00>
ST_11 : Operation 109 [1/4] (4.72ns)   --->   "%mul1 = fmul i32 %conv1, i32 0.00032348" [../QAT-Model/fc.cpp:29]   --->   Operation 109 'fmul' 'mul1' <Predicate = true> <Delay = 4.72> <CoreInst = "FMul_maxdsp">   --->   Core 30 'FMul_maxdsp' <Latency = 3> <II = 1> <Delay = 4.72> <FuncUnit> <Opcode : 'fmul'> <InPorts = 2> <OutPorts = 1>
ST_11 : Operation 110 [1/1] ( I:1.75ns O:1.75ns )   --->   "%store_ln29 = store i32 %mul1, i4 %ofmap_addr" [../QAT-Model/fc.cpp:29]   --->   Operation 110 'store' 'store_ln29' <Predicate = true> <Delay = 1.75> <CoreInst = "RAM">   --->   Core 81 'RAM' <Latency = 1> <II = 1> <Delay = 1.75> <Storage> <Opcode : 'load' 'store'> <Ports = 2> <Width = 32> <Depth = 10> <RAM>
ST_11 : Operation 111 [1/4] (4.72ns)   --->   "%mul35_1 = fmul i32 %conv34_1, i32 0.00032348" [../QAT-Model/fc.cpp:29]   --->   Operation 111 'fmul' 'mul35_1' <Predicate = true> <Delay = 4.72> <CoreInst = "FMul_maxdsp">   --->   Core 30 'FMul_maxdsp' <Latency = 3> <II = 1> <Delay = 4.72> <FuncUnit> <Opcode : 'fmul'> <InPorts = 2> <OutPorts = 1>
ST_11 : Operation 112 [1/1] (0.00ns)   --->   "%ofmap_addr_1 = getelementptr i32 %ofmap, i64 0, i64 1" [../QAT-Model/fc.cpp:29]   --->   Operation 112 'getelementptr' 'ofmap_addr_1' <Predicate = true> <Delay = 0.00>
ST_11 : Operation 113 [1/1] ( I:1.75ns O:1.75ns )   --->   "%store_ln29 = store i32 %mul35_1, i4 %ofmap_addr_1" [../QAT-Model/fc.cpp:29]   --->   Operation 113 'store' 'store_ln29' <Predicate = true> <Delay = 1.75> <CoreInst = "RAM">   --->   Core 81 'RAM' <Latency = 1> <II = 1> <Delay = 1.75> <Storage> <Opcode : 'load' 'store'> <Ports = 2> <Width = 32> <Depth = 10> <RAM>
ST_11 : Operation 114 [2/4] (4.72ns)   --->   "%mul35_2 = fmul i32 %conv34_2, i32 0.00032348" [../QAT-Model/fc.cpp:29]   --->   Operation 114 'fmul' 'mul35_2' <Predicate = true> <Delay = 4.72> <CoreInst = "FMul_maxdsp">   --->   Core 30 'FMul_maxdsp' <Latency = 3> <II = 1> <Delay = 4.72> <FuncUnit> <Opcode : 'fmul'> <InPorts = 2> <OutPorts = 1>
ST_11 : Operation 115 [2/4] (4.72ns)   --->   "%mul35_3 = fmul i32 %conv34_3, i32 0.00032348" [../QAT-Model/fc.cpp:29]   --->   Operation 115 'fmul' 'mul35_3' <Predicate = true> <Delay = 4.72> <CoreInst = "FMul_maxdsp">   --->   Core 30 'FMul_maxdsp' <Latency = 3> <II = 1> <Delay = 4.72> <FuncUnit> <Opcode : 'fmul'> <InPorts = 2> <OutPorts = 1>
ST_11 : Operation 116 [3/4] (4.72ns)   --->   "%mul35_4 = fmul i32 %conv34_4, i32 0.00032348" [../QAT-Model/fc.cpp:29]   --->   Operation 116 'fmul' 'mul35_4' <Predicate = true> <Delay = 4.72> <CoreInst = "FMul_maxdsp">   --->   Core 30 'FMul_maxdsp' <Latency = 3> <II = 1> <Delay = 4.72> <FuncUnit> <Opcode : 'fmul'> <InPorts = 2> <OutPorts = 1>
ST_11 : Operation 117 [3/4] (4.72ns)   --->   "%mul35_5 = fmul i32 %conv34_5, i32 0.00032348" [../QAT-Model/fc.cpp:29]   --->   Operation 117 'fmul' 'mul35_5' <Predicate = true> <Delay = 4.72> <CoreInst = "FMul_maxdsp">   --->   Core 30 'FMul_maxdsp' <Latency = 3> <II = 1> <Delay = 4.72> <FuncUnit> <Opcode : 'fmul'> <InPorts = 2> <OutPorts = 1>
ST_11 : Operation 118 [4/4] (4.72ns)   --->   "%mul35_6 = fmul i32 %conv34_6, i32 0.00032348" [../QAT-Model/fc.cpp:29]   --->   Operation 118 'fmul' 'mul35_6' <Predicate = true> <Delay = 4.72> <CoreInst = "FMul_maxdsp">   --->   Core 30 'FMul_maxdsp' <Latency = 3> <II = 1> <Delay = 4.72> <FuncUnit> <Opcode : 'fmul'> <InPorts = 2> <OutPorts = 1>
ST_11 : Operation 119 [4/4] (4.72ns)   --->   "%mul35_7 = fmul i32 %conv34_7, i32 0.00032348" [../QAT-Model/fc.cpp:29]   --->   Operation 119 'fmul' 'mul35_7' <Predicate = true> <Delay = 4.72> <CoreInst = "FMul_maxdsp">   --->   Core 30 'FMul_maxdsp' <Latency = 3> <II = 1> <Delay = 4.72> <FuncUnit> <Opcode : 'fmul'> <InPorts = 2> <OutPorts = 1>
ST_11 : Operation 120 [1/5] (7.14ns)   --->   "%conv34_8 = sitofp i32 %sext_ln29_8" [../QAT-Model/fc.cpp:29]   --->   Operation 120 'sitofp' 'conv34_8' <Predicate = true> <Delay = 7.14> <CoreInst = "Int2Float">   --->   Core 62 'Int2Float' <Latency = 4> <II = 1> <Delay = 7.14> <FuncUnit> <Opcode : 'uitofp' 'sitofp'> <InPorts = 1> <OutPorts = 1>
ST_11 : Operation 121 [1/5] (7.14ns)   --->   "%conv34_9 = sitofp i32 %sext_ln29_9" [../QAT-Model/fc.cpp:29]   --->   Operation 121 'sitofp' 'conv34_9' <Predicate = true> <Delay = 7.14> <CoreInst = "Int2Float">   --->   Core 62 'Int2Float' <Latency = 4> <II = 1> <Delay = 7.14> <FuncUnit> <Opcode : 'uitofp' 'sitofp'> <InPorts = 1> <OutPorts = 1>

State 12 <SV = 11> <Delay = 6.48>
ST_12 : Operation 122 [1/4] (4.72ns)   --->   "%mul35_2 = fmul i32 %conv34_2, i32 0.00032348" [../QAT-Model/fc.cpp:29]   --->   Operation 122 'fmul' 'mul35_2' <Predicate = true> <Delay = 4.72> <CoreInst = "FMul_maxdsp">   --->   Core 30 'FMul_maxdsp' <Latency = 3> <II = 1> <Delay = 4.72> <FuncUnit> <Opcode : 'fmul'> <InPorts = 2> <OutPorts = 1>
ST_12 : Operation 123 [1/1] (0.00ns)   --->   "%ofmap_addr_2 = getelementptr i32 %ofmap, i64 0, i64 2" [../QAT-Model/fc.cpp:29]   --->   Operation 123 'getelementptr' 'ofmap_addr_2' <Predicate = true> <Delay = 0.00>
ST_12 : Operation 124 [1/1] ( I:1.75ns O:1.75ns )   --->   "%store_ln29 = store i32 %mul35_2, i4 %ofmap_addr_2" [../QAT-Model/fc.cpp:29]   --->   Operation 124 'store' 'store_ln29' <Predicate = true> <Delay = 1.75> <CoreInst = "RAM">   --->   Core 81 'RAM' <Latency = 1> <II = 1> <Delay = 1.75> <Storage> <Opcode : 'load' 'store'> <Ports = 2> <Width = 32> <Depth = 10> <RAM>
ST_12 : Operation 125 [1/4] (4.72ns)   --->   "%mul35_3 = fmul i32 %conv34_3, i32 0.00032348" [../QAT-Model/fc.cpp:29]   --->   Operation 125 'fmul' 'mul35_3' <Predicate = true> <Delay = 4.72> <CoreInst = "FMul_maxdsp">   --->   Core 30 'FMul_maxdsp' <Latency = 3> <II = 1> <Delay = 4.72> <FuncUnit> <Opcode : 'fmul'> <InPorts = 2> <OutPorts = 1>
ST_12 : Operation 126 [1/1] (0.00ns)   --->   "%ofmap_addr_3 = getelementptr i32 %ofmap, i64 0, i64 3" [../QAT-Model/fc.cpp:29]   --->   Operation 126 'getelementptr' 'ofmap_addr_3' <Predicate = true> <Delay = 0.00>
ST_12 : Operation 127 [1/1] ( I:1.75ns O:1.75ns )   --->   "%store_ln29 = store i32 %mul35_3, i4 %ofmap_addr_3" [../QAT-Model/fc.cpp:29]   --->   Operation 127 'store' 'store_ln29' <Predicate = true> <Delay = 1.75> <CoreInst = "RAM">   --->   Core 81 'RAM' <Latency = 1> <II = 1> <Delay = 1.75> <Storage> <Opcode : 'load' 'store'> <Ports = 2> <Width = 32> <Depth = 10> <RAM>
ST_12 : Operation 128 [2/4] (4.72ns)   --->   "%mul35_4 = fmul i32 %conv34_4, i32 0.00032348" [../QAT-Model/fc.cpp:29]   --->   Operation 128 'fmul' 'mul35_4' <Predicate = true> <Delay = 4.72> <CoreInst = "FMul_maxdsp">   --->   Core 30 'FMul_maxdsp' <Latency = 3> <II = 1> <Delay = 4.72> <FuncUnit> <Opcode : 'fmul'> <InPorts = 2> <OutPorts = 1>
ST_12 : Operation 129 [2/4] (4.72ns)   --->   "%mul35_5 = fmul i32 %conv34_5, i32 0.00032348" [../QAT-Model/fc.cpp:29]   --->   Operation 129 'fmul' 'mul35_5' <Predicate = true> <Delay = 4.72> <CoreInst = "FMul_maxdsp">   --->   Core 30 'FMul_maxdsp' <Latency = 3> <II = 1> <Delay = 4.72> <FuncUnit> <Opcode : 'fmul'> <InPorts = 2> <OutPorts = 1>
ST_12 : Operation 130 [3/4] (4.72ns)   --->   "%mul35_6 = fmul i32 %conv34_6, i32 0.00032348" [../QAT-Model/fc.cpp:29]   --->   Operation 130 'fmul' 'mul35_6' <Predicate = true> <Delay = 4.72> <CoreInst = "FMul_maxdsp">   --->   Core 30 'FMul_maxdsp' <Latency = 3> <II = 1> <Delay = 4.72> <FuncUnit> <Opcode : 'fmul'> <InPorts = 2> <OutPorts = 1>
ST_12 : Operation 131 [3/4] (4.72ns)   --->   "%mul35_7 = fmul i32 %conv34_7, i32 0.00032348" [../QAT-Model/fc.cpp:29]   --->   Operation 131 'fmul' 'mul35_7' <Predicate = true> <Delay = 4.72> <CoreInst = "FMul_maxdsp">   --->   Core 30 'FMul_maxdsp' <Latency = 3> <II = 1> <Delay = 4.72> <FuncUnit> <Opcode : 'fmul'> <InPorts = 2> <OutPorts = 1>
ST_12 : Operation 132 [4/4] (4.72ns)   --->   "%mul35_8 = fmul i32 %conv34_8, i32 0.00032348" [../QAT-Model/fc.cpp:29]   --->   Operation 132 'fmul' 'mul35_8' <Predicate = true> <Delay = 4.72> <CoreInst = "FMul_maxdsp">   --->   Core 30 'FMul_maxdsp' <Latency = 3> <II = 1> <Delay = 4.72> <FuncUnit> <Opcode : 'fmul'> <InPorts = 2> <OutPorts = 1>
ST_12 : Operation 133 [4/4] (4.72ns)   --->   "%mul35_9 = fmul i32 %conv34_9, i32 0.00032348" [../QAT-Model/fc.cpp:29]   --->   Operation 133 'fmul' 'mul35_9' <Predicate = true> <Delay = 4.72> <CoreInst = "FMul_maxdsp">   --->   Core 30 'FMul_maxdsp' <Latency = 3> <II = 1> <Delay = 4.72> <FuncUnit> <Opcode : 'fmul'> <InPorts = 2> <OutPorts = 1>

State 13 <SV = 12> <Delay = 6.48>
ST_13 : Operation 134 [1/4] (4.72ns)   --->   "%mul35_4 = fmul i32 %conv34_4, i32 0.00032348" [../QAT-Model/fc.cpp:29]   --->   Operation 134 'fmul' 'mul35_4' <Predicate = true> <Delay = 4.72> <CoreInst = "FMul_maxdsp">   --->   Core 30 'FMul_maxdsp' <Latency = 3> <II = 1> <Delay = 4.72> <FuncUnit> <Opcode : 'fmul'> <InPorts = 2> <OutPorts = 1>
ST_13 : Operation 135 [1/1] (0.00ns)   --->   "%ofmap_addr_4 = getelementptr i32 %ofmap, i64 0, i64 4" [../QAT-Model/fc.cpp:29]   --->   Operation 135 'getelementptr' 'ofmap_addr_4' <Predicate = true> <Delay = 0.00>
ST_13 : Operation 136 [1/1] ( I:1.75ns O:1.75ns )   --->   "%store_ln29 = store i32 %mul35_4, i4 %ofmap_addr_4" [../QAT-Model/fc.cpp:29]   --->   Operation 136 'store' 'store_ln29' <Predicate = true> <Delay = 1.75> <CoreInst = "RAM">   --->   Core 81 'RAM' <Latency = 1> <II = 1> <Delay = 1.75> <Storage> <Opcode : 'load' 'store'> <Ports = 2> <Width = 32> <Depth = 10> <RAM>
ST_13 : Operation 137 [1/4] (4.72ns)   --->   "%mul35_5 = fmul i32 %conv34_5, i32 0.00032348" [../QAT-Model/fc.cpp:29]   --->   Operation 137 'fmul' 'mul35_5' <Predicate = true> <Delay = 4.72> <CoreInst = "FMul_maxdsp">   --->   Core 30 'FMul_maxdsp' <Latency = 3> <II = 1> <Delay = 4.72> <FuncUnit> <Opcode : 'fmul'> <InPorts = 2> <OutPorts = 1>
ST_13 : Operation 138 [1/1] (0.00ns)   --->   "%ofmap_addr_5 = getelementptr i32 %ofmap, i64 0, i64 5" [../QAT-Model/fc.cpp:29]   --->   Operation 138 'getelementptr' 'ofmap_addr_5' <Predicate = true> <Delay = 0.00>
ST_13 : Operation 139 [1/1] ( I:1.75ns O:1.75ns )   --->   "%store_ln29 = store i32 %mul35_5, i4 %ofmap_addr_5" [../QAT-Model/fc.cpp:29]   --->   Operation 139 'store' 'store_ln29' <Predicate = true> <Delay = 1.75> <CoreInst = "RAM">   --->   Core 81 'RAM' <Latency = 1> <II = 1> <Delay = 1.75> <Storage> <Opcode : 'load' 'store'> <Ports = 2> <Width = 32> <Depth = 10> <RAM>
ST_13 : Operation 140 [2/4] (4.72ns)   --->   "%mul35_6 = fmul i32 %conv34_6, i32 0.00032348" [../QAT-Model/fc.cpp:29]   --->   Operation 140 'fmul' 'mul35_6' <Predicate = true> <Delay = 4.72> <CoreInst = "FMul_maxdsp">   --->   Core 30 'FMul_maxdsp' <Latency = 3> <II = 1> <Delay = 4.72> <FuncUnit> <Opcode : 'fmul'> <InPorts = 2> <OutPorts = 1>
ST_13 : Operation 141 [2/4] (4.72ns)   --->   "%mul35_7 = fmul i32 %conv34_7, i32 0.00032348" [../QAT-Model/fc.cpp:29]   --->   Operation 141 'fmul' 'mul35_7' <Predicate = true> <Delay = 4.72> <CoreInst = "FMul_maxdsp">   --->   Core 30 'FMul_maxdsp' <Latency = 3> <II = 1> <Delay = 4.72> <FuncUnit> <Opcode : 'fmul'> <InPorts = 2> <OutPorts = 1>
ST_13 : Operation 142 [3/4] (4.72ns)   --->   "%mul35_8 = fmul i32 %conv34_8, i32 0.00032348" [../QAT-Model/fc.cpp:29]   --->   Operation 142 'fmul' 'mul35_8' <Predicate = true> <Delay = 4.72> <CoreInst = "FMul_maxdsp">   --->   Core 30 'FMul_maxdsp' <Latency = 3> <II = 1> <Delay = 4.72> <FuncUnit> <Opcode : 'fmul'> <InPorts = 2> <OutPorts = 1>
ST_13 : Operation 143 [3/4] (4.72ns)   --->   "%mul35_9 = fmul i32 %conv34_9, i32 0.00032348" [../QAT-Model/fc.cpp:29]   --->   Operation 143 'fmul' 'mul35_9' <Predicate = true> <Delay = 4.72> <CoreInst = "FMul_maxdsp">   --->   Core 30 'FMul_maxdsp' <Latency = 3> <II = 1> <Delay = 4.72> <FuncUnit> <Opcode : 'fmul'> <InPorts = 2> <OutPorts = 1>

State 14 <SV = 13> <Delay = 6.48>
ST_14 : Operation 144 [1/4] (4.72ns)   --->   "%mul35_6 = fmul i32 %conv34_6, i32 0.00032348" [../QAT-Model/fc.cpp:29]   --->   Operation 144 'fmul' 'mul35_6' <Predicate = true> <Delay = 4.72> <CoreInst = "FMul_maxdsp">   --->   Core 30 'FMul_maxdsp' <Latency = 3> <II = 1> <Delay = 4.72> <FuncUnit> <Opcode : 'fmul'> <InPorts = 2> <OutPorts = 1>
ST_14 : Operation 145 [1/1] (0.00ns)   --->   "%ofmap_addr_6 = getelementptr i32 %ofmap, i64 0, i64 6" [../QAT-Model/fc.cpp:29]   --->   Operation 145 'getelementptr' 'ofmap_addr_6' <Predicate = true> <Delay = 0.00>
ST_14 : Operation 146 [1/1] ( I:1.75ns O:1.75ns )   --->   "%store_ln29 = store i32 %mul35_6, i4 %ofmap_addr_6" [../QAT-Model/fc.cpp:29]   --->   Operation 146 'store' 'store_ln29' <Predicate = true> <Delay = 1.75> <CoreInst = "RAM">   --->   Core 81 'RAM' <Latency = 1> <II = 1> <Delay = 1.75> <Storage> <Opcode : 'load' 'store'> <Ports = 2> <Width = 32> <Depth = 10> <RAM>
ST_14 : Operation 147 [1/4] (4.72ns)   --->   "%mul35_7 = fmul i32 %conv34_7, i32 0.00032348" [../QAT-Model/fc.cpp:29]   --->   Operation 147 'fmul' 'mul35_7' <Predicate = true> <Delay = 4.72> <CoreInst = "FMul_maxdsp">   --->   Core 30 'FMul_maxdsp' <Latency = 3> <II = 1> <Delay = 4.72> <FuncUnit> <Opcode : 'fmul'> <InPorts = 2> <OutPorts = 1>
ST_14 : Operation 148 [1/1] (0.00ns)   --->   "%ofmap_addr_7 = getelementptr i32 %ofmap, i64 0, i64 7" [../QAT-Model/fc.cpp:29]   --->   Operation 148 'getelementptr' 'ofmap_addr_7' <Predicate = true> <Delay = 0.00>
ST_14 : Operation 149 [1/1] ( I:1.75ns O:1.75ns )   --->   "%store_ln29 = store i32 %mul35_7, i4 %ofmap_addr_7" [../QAT-Model/fc.cpp:29]   --->   Operation 149 'store' 'store_ln29' <Predicate = true> <Delay = 1.75> <CoreInst = "RAM">   --->   Core 81 'RAM' <Latency = 1> <II = 1> <Delay = 1.75> <Storage> <Opcode : 'load' 'store'> <Ports = 2> <Width = 32> <Depth = 10> <RAM>
ST_14 : Operation 150 [2/4] (4.72ns)   --->   "%mul35_8 = fmul i32 %conv34_8, i32 0.00032348" [../QAT-Model/fc.cpp:29]   --->   Operation 150 'fmul' 'mul35_8' <Predicate = true> <Delay = 4.72> <CoreInst = "FMul_maxdsp">   --->   Core 30 'FMul_maxdsp' <Latency = 3> <II = 1> <Delay = 4.72> <FuncUnit> <Opcode : 'fmul'> <InPorts = 2> <OutPorts = 1>
ST_14 : Operation 151 [2/4] (4.72ns)   --->   "%mul35_9 = fmul i32 %conv34_9, i32 0.00032348" [../QAT-Model/fc.cpp:29]   --->   Operation 151 'fmul' 'mul35_9' <Predicate = true> <Delay = 4.72> <CoreInst = "FMul_maxdsp">   --->   Core 30 'FMul_maxdsp' <Latency = 3> <II = 1> <Delay = 4.72> <FuncUnit> <Opcode : 'fmul'> <InPorts = 2> <OutPorts = 1>

State 15 <SV = 14> <Delay = 6.48>
ST_15 : Operation 152 [1/1] (0.00ns)   --->   "%specmemcore_ln7 = specmemcore void @_ssdm_op_SpecMemCore, i8 %p_ZL9fc_w_fold_9, i64 666, i64 36, i64 18446744073709551615, i1 0" [../QAT-Model/fc.cpp:7]   --->   Operation 152 'specmemcore' 'specmemcore_ln7' <Predicate = true> <Delay = 0.00>
ST_15 : Operation 153 [1/1] (0.00ns)   --->   "%specmemcore_ln7 = specmemcore void @_ssdm_op_SpecMemCore, i8 %p_ZL9fc_w_fold_8, i64 666, i64 36, i64 18446744073709551615, i1 0" [../QAT-Model/fc.cpp:7]   --->   Operation 153 'specmemcore' 'specmemcore_ln7' <Predicate = true> <Delay = 0.00>
ST_15 : Operation 154 [1/1] (0.00ns)   --->   "%specmemcore_ln7 = specmemcore void @_ssdm_op_SpecMemCore, i8 %p_ZL9fc_w_fold_7, i64 666, i64 36, i64 18446744073709551615, i1 0" [../QAT-Model/fc.cpp:7]   --->   Operation 154 'specmemcore' 'specmemcore_ln7' <Predicate = true> <Delay = 0.00>
ST_15 : Operation 155 [1/1] (0.00ns)   --->   "%specmemcore_ln7 = specmemcore void @_ssdm_op_SpecMemCore, i8 %p_ZL9fc_w_fold_6, i64 666, i64 36, i64 18446744073709551615, i1 0" [../QAT-Model/fc.cpp:7]   --->   Operation 155 'specmemcore' 'specmemcore_ln7' <Predicate = true> <Delay = 0.00>
ST_15 : Operation 156 [1/1] (0.00ns)   --->   "%specmemcore_ln7 = specmemcore void @_ssdm_op_SpecMemCore, i8 %p_ZL9fc_w_fold_5, i64 666, i64 36, i64 18446744073709551615, i1 0" [../QAT-Model/fc.cpp:7]   --->   Operation 156 'specmemcore' 'specmemcore_ln7' <Predicate = true> <Delay = 0.00>
ST_15 : Operation 157 [1/1] (0.00ns)   --->   "%specmemcore_ln7 = specmemcore void @_ssdm_op_SpecMemCore, i8 %p_ZL9fc_w_fold_4, i64 666, i64 36, i64 18446744073709551615, i1 0" [../QAT-Model/fc.cpp:7]   --->   Operation 157 'specmemcore' 'specmemcore_ln7' <Predicate = true> <Delay = 0.00>
ST_15 : Operation 158 [1/1] (0.00ns)   --->   "%specmemcore_ln7 = specmemcore void @_ssdm_op_SpecMemCore, i8 %p_ZL9fc_w_fold_3, i64 666, i64 36, i64 18446744073709551615, i1 0" [../QAT-Model/fc.cpp:7]   --->   Operation 158 'specmemcore' 'specmemcore_ln7' <Predicate = true> <Delay = 0.00>
ST_15 : Operation 159 [1/1] (0.00ns)   --->   "%specmemcore_ln7 = specmemcore void @_ssdm_op_SpecMemCore, i8 %p_ZL9fc_w_fold_2, i64 666, i64 36, i64 18446744073709551615, i1 0" [../QAT-Model/fc.cpp:7]   --->   Operation 159 'specmemcore' 'specmemcore_ln7' <Predicate = true> <Delay = 0.00>
ST_15 : Operation 160 [1/1] (0.00ns)   --->   "%specmemcore_ln7 = specmemcore void @_ssdm_op_SpecMemCore, i8 %p_ZL9fc_w_fold_1, i64 666, i64 36, i64 18446744073709551615, i1 0" [../QAT-Model/fc.cpp:7]   --->   Operation 160 'specmemcore' 'specmemcore_ln7' <Predicate = true> <Delay = 0.00>
ST_15 : Operation 161 [1/1] (0.00ns)   --->   "%specmemcore_ln7 = specmemcore void @_ssdm_op_SpecMemCore, i8 %p_ZL9fc_w_fold_0, i64 666, i64 36, i64 18446744073709551615, i1 0" [../QAT-Model/fc.cpp:7]   --->   Operation 161 'specmemcore' 'specmemcore_ln7' <Predicate = true> <Delay = 0.00>
ST_15 : Operation 162 [1/4] (4.72ns)   --->   "%mul35_8 = fmul i32 %conv34_8, i32 0.00032348" [../QAT-Model/fc.cpp:29]   --->   Operation 162 'fmul' 'mul35_8' <Predicate = true> <Delay = 4.72> <CoreInst = "FMul_maxdsp">   --->   Core 30 'FMul_maxdsp' <Latency = 3> <II = 1> <Delay = 4.72> <FuncUnit> <Opcode : 'fmul'> <InPorts = 2> <OutPorts = 1>
ST_15 : Operation 163 [1/1] (0.00ns)   --->   "%ofmap_addr_8 = getelementptr i32 %ofmap, i64 0, i64 8" [../QAT-Model/fc.cpp:29]   --->   Operation 163 'getelementptr' 'ofmap_addr_8' <Predicate = true> <Delay = 0.00>
ST_15 : Operation 164 [1/1] ( I:1.75ns O:1.75ns )   --->   "%store_ln29 = store i32 %mul35_8, i4 %ofmap_addr_8" [../QAT-Model/fc.cpp:29]   --->   Operation 164 'store' 'store_ln29' <Predicate = true> <Delay = 1.75> <CoreInst = "RAM">   --->   Core 81 'RAM' <Latency = 1> <II = 1> <Delay = 1.75> <Storage> <Opcode : 'load' 'store'> <Ports = 2> <Width = 32> <Depth = 10> <RAM>
ST_15 : Operation 165 [1/4] (4.72ns)   --->   "%mul35_9 = fmul i32 %conv34_9, i32 0.00032348" [../QAT-Model/fc.cpp:29]   --->   Operation 165 'fmul' 'mul35_9' <Predicate = true> <Delay = 4.72> <CoreInst = "FMul_maxdsp">   --->   Core 30 'FMul_maxdsp' <Latency = 3> <II = 1> <Delay = 4.72> <FuncUnit> <Opcode : 'fmul'> <InPorts = 2> <OutPorts = 1>
ST_15 : Operation 166 [1/1] (0.00ns)   --->   "%ofmap_addr_9 = getelementptr i32 %ofmap, i64 0, i64 9" [../QAT-Model/fc.cpp:29]   --->   Operation 166 'getelementptr' 'ofmap_addr_9' <Predicate = true> <Delay = 0.00>
ST_15 : Operation 167 [1/1] ( I:1.75ns O:1.75ns )   --->   "%store_ln29 = store i32 %mul35_9, i4 %ofmap_addr_9" [../QAT-Model/fc.cpp:29]   --->   Operation 167 'store' 'store_ln29' <Predicate = true> <Delay = 1.75> <CoreInst = "RAM">   --->   Core 81 'RAM' <Latency = 1> <II = 1> <Delay = 1.75> <Storage> <Opcode : 'load' 'store'> <Ports = 2> <Width = 32> <Depth = 10> <RAM>
ST_15 : Operation 168 [1/1] (0.00ns)   --->   "%ret_ln31 = ret" [../QAT-Model/fc.cpp:31]   --->   Operation 168 'ret' 'ret_ln31' <Predicate = true> <Delay = 0.00>


============================================================
+ Verbose Summary: Timing violations
============================================================
Target clock period: 10.000ns, clock uncertainty: 2.700ns.

 <State 1>: 0.000ns
The critical path consists of the following:

 <State 2>: 0.000ns
The critical path consists of the following:

 <State 3>: 7.140ns
The critical path consists of the following:
	'load' operation 23 bit ('p_loc28_load') on local variable 'p_loc28' [43]  (0.000 ns)
	'sitofp' operation 32 bit ('conv1', ../QAT-Model/fc.cpp:29) [46]  (7.140 ns)

 <State 4>: 7.140ns
The critical path consists of the following:
	'sitofp' operation 32 bit ('conv1', ../QAT-Model/fc.cpp:29) [46]  (7.140 ns)

 <State 5>: 7.140ns
The critical path consists of the following:
	'sitofp' operation 32 bit ('conv1', ../QAT-Model/fc.cpp:29) [46]  (7.140 ns)

 <State 6>: 7.140ns
The critical path consists of the following:
	'sitofp' operation 32 bit ('conv1', ../QAT-Model/fc.cpp:29) [46]  (7.140 ns)

 <State 7>: 7.140ns
The critical path consists of the following:
	'sitofp' operation 32 bit ('conv1', ../QAT-Model/fc.cpp:29) [46]  (7.140 ns)

 <State 8>: 7.140ns
The critical path consists of the following:
	'sitofp' operation 32 bit ('conv34_2', ../QAT-Model/fc.cpp:29) [55]  (7.140 ns)

 <State 9>: 7.140ns
The critical path consists of the following:
	'sitofp' operation 32 bit ('conv34_4', ../QAT-Model/fc.cpp:29) [65]  (7.140 ns)

 <State 10>: 7.140ns
The critical path consists of the following:
	'sitofp' operation 32 bit ('conv34_6', ../QAT-Model/fc.cpp:29) [75]  (7.140 ns)

 <State 11>: 7.140ns
The critical path consists of the following:
	'sitofp' operation 32 bit ('conv34_8', ../QAT-Model/fc.cpp:29) [85]  (7.140 ns)

 <State 12>: 6.484ns
The critical path consists of the following:
	'fmul' operation 32 bit ('mul35_2', ../QAT-Model/fc.cpp:29) [56]  (4.729 ns)
	'store' operation ('store_ln29', ../QAT-Model/fc.cpp:29) of variable 'mul35_2', ../QAT-Model/fc.cpp:29 32 bit on array 'ofmap' [58]  (1.755 ns)

 <State 13>: 6.484ns
The critical path consists of the following:
	'fmul' operation 32 bit ('mul35_4', ../QAT-Model/fc.cpp:29) [66]  (4.729 ns)
	'store' operation ('store_ln29', ../QAT-Model/fc.cpp:29) of variable 'mul35_4', ../QAT-Model/fc.cpp:29 32 bit on array 'ofmap' [68]  (1.755 ns)

 <State 14>: 6.484ns
The critical path consists of the following:
	'fmul' operation 32 bit ('mul35_6', ../QAT-Model/fc.cpp:29) [76]  (4.729 ns)
	'store' operation ('store_ln29', ../QAT-Model/fc.cpp:29) of variable 'mul35_6', ../QAT-Model/fc.cpp:29 32 bit on array 'ofmap' [78]  (1.755 ns)

 <State 15>: 6.484ns
The critical path consists of the following:
	'fmul' operation 32 bit ('mul35_8', ../QAT-Model/fc.cpp:29) [86]  (4.729 ns)
	'store' operation ('store_ln29', ../QAT-Model/fc.cpp:29) of variable 'mul35_8', ../QAT-Model/fc.cpp:29 32 bit on array 'ofmap' [88]  (1.755 ns)


============================================================
+ Verbose Summary: Binding
============================================================
N/A
* FSMD analyzer results:
  - Output states:
 - Input state : 
  - Chain level:
	State 1
	State 2
	State 3
	State 4
	State 5
	State 6
	State 7
	State 8
	State 9
	State 10
	State 11
	State 12
	State 13
	State 14
	State 15


============================================================
+ Verbose Summary: Datapath Resource usage 
============================================================
N/A
