

================================================================
== Vitis HLS Report for 'fc_qat_Pipeline_FC_IC'
================================================================
* Date:           Sat Jun 27 11:08:34 2026

* Version:        2025.2 (Build 6295257 on Nov 14 2025)
* Project:        QAT_HLS
* Solution:       hls (Vivado IP Flow Target)
* Product family: zynq
* Target device:  xc7z045-ffg900-2


================================================================
== Performance Estimates
================================================================
+ Timing: 
    * Summary: 
    +--------+----------+----------+------------+
    |  Clock |  Target  | Estimated| Uncertainty|
    +--------+----------+----------+------------+
    |ap_clk  |  10.00 ns|  4.818 ns|     2.70 ns|
    +--------+----------+----------+------------+

+ Latency: 
    * Summary: 
    +---------+---------+----------+----------+-----+-----+-------------------+
    |  Latency (cycles) |  Latency (absolute) |  Interval |      Pipeline     |
    |   min   |   max   |    min   |    max   | min | max |        Type       |
    +---------+---------+----------+----------+-----+-----+-------------------+
    |      261|      261|  2.610 us|  2.610 us|    0|    0|  loop pipeline stp|
    +---------+---------+----------+----------+-----+-----+-------------------+

    + Detail: 
        * Instance: 
        N/A

        * Loop: 
        +----------+---------+---------+----------+-----------+-----------+------+----------+
        |          |  Latency (cycles) | Iteration|  Initiation Interval  | Trip |          |
        | Loop Name|   min   |   max   |  Latency |  achieved |   target  | Count| Pipelined|
        +----------+---------+---------+----------+-----------+-----------+------+----------+
        |- FC_IC   |      259|      259|         5|          1|          1|   256|       yes|
        +----------+---------+---------+----------+-----------+-----------+------+----------+

============================================================
+ Verbose Summary: Synthesis Manager
============================================================
InlineROM: 1
ExposeGlobal: 0
============================================================
+ Verbose Summary: CDFG Model
============================================================
IsTopModel: 0
ResetActiveHigh: 1
IsCombinational: 0
IsDatapathOnly: 0
HasWiredReturn: 1
HasMFsm: 2
HasVarLatency: 1
IsPipeline: 0
IsRtlPipelined: 0
IsInstanceOverlapped: 0
IsDontTouch: 0
HasImplIP: 0
IsGatedGlobalClock: 0

+ Individual pipeline summary: 
  * Pipeline-0: initiation interval (II) = 1, depth = 5


============================================================
+ Verbose Summary: Schedule
============================================================
* Number of FSM states : 5
* Pipeline : 1
  Pipeline-0 : II = 1, D = 5, States = { 1 2 3 4 5 }
* Dataflow Pipeline: 0

* FSM state transitions: 
1 --> 2 
2 --> 3 
3 --> 4 
4 --> 5 
5 --> 

* FSM state operations: 

State 1 <SV = 0> <Delay = 4.06>
ST_1 : Operation 8 [1/1] (0.00ns)   --->   "%empty = alloca i32 1"   --->   Operation 8 'alloca' 'empty' <Predicate = true> <Delay = 0.00>
ST_1 : Operation 9 [1/1] (0.00ns)   --->   "%empty_40 = alloca i32 1"   --->   Operation 9 'alloca' 'empty_40' <Predicate = true> <Delay = 0.00>
ST_1 : Operation 10 [1/1] (0.00ns)   --->   "%empty_41 = alloca i32 1"   --->   Operation 10 'alloca' 'empty_41' <Predicate = true> <Delay = 0.00>
ST_1 : Operation 11 [1/1] (0.00ns)   --->   "%empty_42 = alloca i32 1"   --->   Operation 11 'alloca' 'empty_42' <Predicate = true> <Delay = 0.00>
ST_1 : Operation 12 [1/1] (0.00ns)   --->   "%empty_43 = alloca i32 1"   --->   Operation 12 'alloca' 'empty_43' <Predicate = true> <Delay = 0.00>
ST_1 : Operation 13 [1/1] (0.00ns)   --->   "%empty_44 = alloca i32 1"   --->   Operation 13 'alloca' 'empty_44' <Predicate = true> <Delay = 0.00>
ST_1 : Operation 14 [1/1] (0.00ns)   --->   "%empty_45 = alloca i32 1"   --->   Operation 14 'alloca' 'empty_45' <Predicate = true> <Delay = 0.00>
ST_1 : Operation 15 [1/1] (0.00ns)   --->   "%empty_46 = alloca i32 1"   --->   Operation 15 'alloca' 'empty_46' <Predicate = true> <Delay = 0.00>
ST_1 : Operation 16 [1/1] (0.00ns)   --->   "%empty_47 = alloca i32 1"   --->   Operation 16 'alloca' 'empty_47' <Predicate = true> <Delay = 0.00>
ST_1 : Operation 17 [1/1] (0.00ns)   --->   "%empty_48 = alloca i32 1"   --->   Operation 17 'alloca' 'empty_48' <Predicate = true> <Delay = 0.00>
ST_1 : Operation 18 [1/1] (0.00ns)   --->   "%ic = alloca i32 1" [../QAT-Model/fc.cpp:19]   --->   Operation 18 'alloca' 'ic' <Predicate = true> <Delay = 0.00>
ST_1 : Operation 19 [1/1] (0.00ns)   --->   "%specmemcore_ln0 = specmemcore void @_ssdm_op_SpecMemCore, i8 %p_ZL9fc_w_fold_0, i64 666, i64 36, i64 18446744073709551615, i1 0"   --->   Operation 19 'specmemcore' 'specmemcore_ln0' <Predicate = true> <Delay = 0.00>
ST_1 : Operation 20 [1/1] (0.00ns)   --->   "%specmemcore_ln0 = specmemcore void @_ssdm_op_SpecMemCore, i8 %p_ZL9fc_w_fold_1, i64 666, i64 36, i64 18446744073709551615, i1 0"   --->   Operation 20 'specmemcore' 'specmemcore_ln0' <Predicate = true> <Delay = 0.00>
ST_1 : Operation 21 [1/1] (0.00ns)   --->   "%specmemcore_ln0 = specmemcore void @_ssdm_op_SpecMemCore, i8 %p_ZL9fc_w_fold_2, i64 666, i64 36, i64 18446744073709551615, i1 0"   --->   Operation 21 'specmemcore' 'specmemcore_ln0' <Predicate = true> <Delay = 0.00>
ST_1 : Operation 22 [1/1] (0.00ns)   --->   "%specmemcore_ln0 = specmemcore void @_ssdm_op_SpecMemCore, i8 %p_ZL9fc_w_fold_3, i64 666, i64 36, i64 18446744073709551615, i1 0"   --->   Operation 22 'specmemcore' 'specmemcore_ln0' <Predicate = true> <Delay = 0.00>
ST_1 : Operation 23 [1/1] (0.00ns)   --->   "%specmemcore_ln0 = specmemcore void @_ssdm_op_SpecMemCore, i8 %p_ZL9fc_w_fold_4, i64 666, i64 36, i64 18446744073709551615, i1 0"   --->   Operation 23 'specmemcore' 'specmemcore_ln0' <Predicate = true> <Delay = 0.00>
ST_1 : Operation 24 [1/1] (0.00ns)   --->   "%specmemcore_ln0 = specmemcore void @_ssdm_op_SpecMemCore, i8 %p_ZL9fc_w_fold_5, i64 666, i64 36, i64 18446744073709551615, i1 0"   --->   Operation 24 'specmemcore' 'specmemcore_ln0' <Predicate = true> <Delay = 0.00>
ST_1 : Operation 25 [1/1] (0.00ns)   --->   "%specmemcore_ln0 = specmemcore void @_ssdm_op_SpecMemCore, i8 %p_ZL9fc_w_fold_6, i64 666, i64 36, i64 18446744073709551615, i1 0"   --->   Operation 25 'specmemcore' 'specmemcore_ln0' <Predicate = true> <Delay = 0.00>
ST_1 : Operation 26 [1/1] (0.00ns)   --->   "%specmemcore_ln0 = specmemcore void @_ssdm_op_SpecMemCore, i8 %p_ZL9fc_w_fold_7, i64 666, i64 36, i64 18446744073709551615, i1 0"   --->   Operation 26 'specmemcore' 'specmemcore_ln0' <Predicate = true> <Delay = 0.00>
ST_1 : Operation 27 [1/1] (0.00ns)   --->   "%specmemcore_ln0 = specmemcore void @_ssdm_op_SpecMemCore, i8 %p_ZL9fc_w_fold_8, i64 666, i64 36, i64 18446744073709551615, i1 0"   --->   Operation 27 'specmemcore' 'specmemcore_ln0' <Predicate = true> <Delay = 0.00>
ST_1 : Operation 28 [1/1] (0.00ns)   --->   "%specmemcore_ln0 = specmemcore void @_ssdm_op_SpecMemCore, i8 %p_ZL9fc_w_fold_9, i64 666, i64 36, i64 18446744073709551615, i1 0"   --->   Operation 28 'specmemcore' 'specmemcore_ln0' <Predicate = true> <Delay = 0.00>
ST_1 : Operation 29 [1/1] (1.29ns)   --->   "%store_ln19 = store i9 0, i9 %ic" [../QAT-Model/fc.cpp:19]   --->   Operation 29 'store' 'store_ln19' <Predicate = true> <Delay = 1.29>
ST_1 : Operation 30 [1/1] (1.29ns)   --->   "%store_ln0 = store i23 8388436, i23 %empty_48"   --->   Operation 30 'store' 'store_ln0' <Predicate = true> <Delay = 1.29>
ST_1 : Operation 31 [1/1] (1.29ns)   --->   "%store_ln0 = store i23 8388413, i23 %empty_47"   --->   Operation 31 'store' 'store_ln0' <Predicate = true> <Delay = 1.29>
ST_1 : Operation 32 [1/1] (1.29ns)   --->   "%store_ln0 = store i23 43, i23 %empty_46"   --->   Operation 32 'store' 'store_ln0' <Predicate = true> <Delay = 1.29>
ST_1 : Operation 33 [1/1] (1.29ns)   --->   "%store_ln0 = store i23 8388559, i23 %empty_45"   --->   Operation 33 'store' 'store_ln0' <Predicate = true> <Delay = 1.29>
ST_1 : Operation 34 [1/1] (1.29ns)   --->   "%store_ln0 = store i23 8388154, i23 %empty_44"   --->   Operation 34 'store' 'store_ln0' <Predicate = true> <Delay = 1.29>
ST_1 : Operation 35 [1/1] (1.29ns)   --->   "%store_ln0 = store i23 271, i23 %empty_43"   --->   Operation 35 'store' 'store_ln0' <Predicate = true> <Delay = 1.29>
ST_1 : Operation 36 [1/1] (1.29ns)   --->   "%store_ln0 = store i23 949, i23 %empty_42"   --->   Operation 36 'store' 'store_ln0' <Predicate = true> <Delay = 1.29>
ST_1 : Operation 37 [1/1] (1.29ns)   --->   "%store_ln0 = store i23 8388272, i23 %empty_41"   --->   Operation 37 'store' 'store_ln0' <Predicate = true> <Delay = 1.29>
ST_1 : Operation 38 [1/1] (1.29ns)   --->   "%store_ln0 = store i23 8388006, i23 %empty_40"   --->   Operation 38 'store' 'store_ln0' <Predicate = true> <Delay = 1.29>
ST_1 : Operation 39 [1/1] (1.29ns)   --->   "%store_ln0 = store i23 612, i23 %empty"   --->   Operation 39 'store' 'store_ln0' <Predicate = true> <Delay = 1.29>
ST_1 : Operation 40 [1/1] (0.00ns)   --->   "%br_ln0 = br void %FC_OC"   --->   Operation 40 'br' 'br_ln0' <Predicate = true> <Delay = 0.00>
ST_1 : Operation 41 [1/1] (0.00ns)   --->   "%ic_1 = load i9 %ic" [../QAT-Model/fc.cpp:19]   --->   Operation 41 'load' 'ic_1' <Predicate = true> <Delay = 0.00>
ST_1 : Operation 42 [1/1] (1.36ns)   --->   "%icmp_ln19 = icmp_eq  i9 %ic_1, i9 256" [../QAT-Model/fc.cpp:19]   --->   Operation 42 'icmp' 'icmp_ln19' <Predicate = true> <Delay = 1.36> <CoreInst = "Cmp">   --->   Core 9 'Cmp' <Latency = 0> <II = 1> <Delay = 1.36> <FuncUnit> <Opcode : 'seteq' 'setne' 'setle' 'setge' 'setlt' 'setgt'> <InPorts = 2> <OutPorts = 1>
ST_1 : Operation 43 [1/1] (1.36ns)   --->   "%add_ln19 = add i9 %ic_1, i9 1" [../QAT-Model/fc.cpp:19]   --->   Operation 43 'add' 'add_ln19' <Predicate = true> <Delay = 1.36> <CoreInst = "Adder">   --->   Core 1 'Adder' <Latency = 0> <II = 1> <Delay = 1.36> <FuncUnit> <Opcode : 'add' 'sub'> <InPorts = 2> <OutPorts = 1>
ST_1 : Operation 44 [1/1] (0.00ns)   --->   "%br_ln19 = br i1 %icmp_ln19, void %FC_OC.split, void %for.inc38.exitStub" [../QAT-Model/fc.cpp:19]   --->   Operation 44 'br' 'br_ln19' <Predicate = true> <Delay = 0.00>
ST_1 : Operation 45 [1/1] (0.00ns)   --->   "%zext_ln19 = zext i9 %ic_1" [../QAT-Model/fc.cpp:19]   --->   Operation 45 'zext' 'zext_ln19' <Predicate = (!icmp_ln19)> <Delay = 0.00>
ST_1 : Operation 46 [1/1] (0.00ns)   --->   "%ifmap_addr = getelementptr i7 %ifmap, i64 0, i64 %zext_ln19" [../QAT-Model/fc.cpp:23]   --->   Operation 46 'getelementptr' 'ifmap_addr' <Predicate = (!icmp_ln19)> <Delay = 0.00>
ST_1 : Operation 47 [2/2] (2.77ns)   --->   "%ifmap_load = load i8 %ifmap_addr" [../QAT-Model/fc.cpp:23]   --->   Operation 47 'load' 'ifmap_load' <Predicate = (!icmp_ln19)> <Delay = 2.77> <CoreInst = "RAM">   --->   Core 81 'RAM' <Latency = 1> <II = 1> <Delay = 2.77> <Storage> <Opcode : 'load' 'store'> <Ports = 2> <Width = 7> <Depth = 256> <RAM>
ST_1 : Operation 48 [1/1] (0.00ns)   --->   "%p_ZL9fc_w_fold_0_addr = getelementptr i8 %p_ZL9fc_w_fold_0, i64 0, i64 %zext_ln19" [../QAT-Model/fc.cpp:23]   --->   Operation 48 'getelementptr' 'p_ZL9fc_w_fold_0_addr' <Predicate = (!icmp_ln19)> <Delay = 0.00>
ST_1 : Operation 49 [2/2] (2.77ns)   --->   "%p_ZL9fc_w_fold_0_load = load i8 %p_ZL9fc_w_fold_0_addr" [../QAT-Model/fc.cpp:23]   --->   Operation 49 'load' 'p_ZL9fc_w_fold_0_load' <Predicate = (!icmp_ln19)> <Delay = 2.77> <CoreInst = "ROM_2P_BRAM">   --->   Core 100 'ROM_2P_BRAM' <Latency = 1> <II = 1> <Delay = 2.77> <Storage> <Opcode : 'load'> <Ports = 2> <Width = 8> <Depth = 256> <ROM>
ST_1 : Operation 50 [1/1] (0.00ns)   --->   "%p_ZL9fc_w_fold_1_addr = getelementptr i8 %p_ZL9fc_w_fold_1, i64 0, i64 %zext_ln19" [../QAT-Model/fc.cpp:23]   --->   Operation 50 'getelementptr' 'p_ZL9fc_w_fold_1_addr' <Predicate = (!icmp_ln19)> <Delay = 0.00>
ST_1 : Operation 51 [2/2] (2.77ns)   --->   "%p_ZL9fc_w_fold_1_load = load i8 %p_ZL9fc_w_fold_1_addr" [../QAT-Model/fc.cpp:23]   --->   Operation 51 'load' 'p_ZL9fc_w_fold_1_load' <Predicate = (!icmp_ln19)> <Delay = 2.77> <CoreInst = "ROM_2P_BRAM">   --->   Core 100 'ROM_2P_BRAM' <Latency = 1> <II = 1> <Delay = 2.77> <Storage> <Opcode : 'load'> <Ports = 2> <Width = 8> <Depth = 256> <ROM>
ST_1 : Operation 52 [1/1] (0.00ns)   --->   "%p_ZL9fc_w_fold_2_addr = getelementptr i8 %p_ZL9fc_w_fold_2, i64 0, i64 %zext_ln19" [../QAT-Model/fc.cpp:23]   --->   Operation 52 'getelementptr' 'p_ZL9fc_w_fold_2_addr' <Predicate = (!icmp_ln19)> <Delay = 0.00>
ST_1 : Operation 53 [2/2] (2.77ns)   --->   "%p_ZL9fc_w_fold_2_load = load i8 %p_ZL9fc_w_fold_2_addr" [../QAT-Model/fc.cpp:23]   --->   Operation 53 'load' 'p_ZL9fc_w_fold_2_load' <Predicate = (!icmp_ln19)> <Delay = 2.77> <CoreInst = "ROM_2P_BRAM">   --->   Core 100 'ROM_2P_BRAM' <Latency = 1> <II = 1> <Delay = 2.77> <Storage> <Opcode : 'load'> <Ports = 2> <Width = 8> <Depth = 256> <ROM>
ST_1 : Operation 54 [1/1] (0.00ns)   --->   "%p_ZL9fc_w_fold_3_addr = getelementptr i8 %p_ZL9fc_w_fold_3, i64 0, i64 %zext_ln19" [../QAT-Model/fc.cpp:23]   --->   Operation 54 'getelementptr' 'p_ZL9fc_w_fold_3_addr' <Predicate = (!icmp_ln19)> <Delay = 0.00>
ST_1 : Operation 55 [2/2] (2.77ns)   --->   "%p_ZL9fc_w_fold_3_load = load i8 %p_ZL9fc_w_fold_3_addr" [../QAT-Model/fc.cpp:23]   --->   Operation 55 'load' 'p_ZL9fc_w_fold_3_load' <Predicate = (!icmp_ln19)> <Delay = 2.77> <CoreInst = "ROM_2P_BRAM">   --->   Core 100 'ROM_2P_BRAM' <Latency = 1> <II = 1> <Delay = 2.77> <Storage> <Opcode : 'load'> <Ports = 2> <Width = 8> <Depth = 256> <ROM>
ST_1 : Operation 56 [1/1] (0.00ns)   --->   "%p_ZL9fc_w_fold_4_addr = getelementptr i8 %p_ZL9fc_w_fold_4, i64 0, i64 %zext_ln19" [../QAT-Model/fc.cpp:23]   --->   Operation 56 'getelementptr' 'p_ZL9fc_w_fold_4_addr' <Predicate = (!icmp_ln19)> <Delay = 0.00>
ST_1 : Operation 57 [2/2] (2.77ns)   --->   "%p_ZL9fc_w_fold_4_load = load i8 %p_ZL9fc_w_fold_4_addr" [../QAT-Model/fc.cpp:23]   --->   Operation 57 'load' 'p_ZL9fc_w_fold_4_load' <Predicate = (!icmp_ln19)> <Delay = 2.77> <CoreInst = "ROM_2P_BRAM">   --->   Core 100 'ROM_2P_BRAM' <Latency = 1> <II = 1> <Delay = 2.77> <Storage> <Opcode : 'load'> <Ports = 2> <Width = 8> <Depth = 256> <ROM>
ST_1 : Operation 58 [1/1] (0.00ns)   --->   "%p_ZL9fc_w_fold_5_addr = getelementptr i8 %p_ZL9fc_w_fold_5, i64 0, i64 %zext_ln19" [../QAT-Model/fc.cpp:23]   --->   Operation 58 'getelementptr' 'p_ZL9fc_w_fold_5_addr' <Predicate = (!icmp_ln19)> <Delay = 0.00>
ST_1 : Operation 59 [2/2] (2.77ns)   --->   "%p_ZL9fc_w_fold_5_load = load i8 %p_ZL9fc_w_fold_5_addr" [../QAT-Model/fc.cpp:23]   --->   Operation 59 'load' 'p_ZL9fc_w_fold_5_load' <Predicate = (!icmp_ln19)> <Delay = 2.77> <CoreInst = "ROM_2P_BRAM">   --->   Core 100 'ROM_2P_BRAM' <Latency = 1> <II = 1> <Delay = 2.77> <Storage> <Opcode : 'load'> <Ports = 2> <Width = 8> <Depth = 256> <ROM>
ST_1 : Operation 60 [1/1] (0.00ns)   --->   "%p_ZL9fc_w_fold_6_addr = getelementptr i8 %p_ZL9fc_w_fold_6, i64 0, i64 %zext_ln19" [../QAT-Model/fc.cpp:23]   --->   Operation 60 'getelementptr' 'p_ZL9fc_w_fold_6_addr' <Predicate = (!icmp_ln19)> <Delay = 0.00>
ST_1 : Operation 61 [2/2] (2.77ns)   --->   "%p_ZL9fc_w_fold_6_load = load i8 %p_ZL9fc_w_fold_6_addr" [../QAT-Model/fc.cpp:23]   --->   Operation 61 'load' 'p_ZL9fc_w_fold_6_load' <Predicate = (!icmp_ln19)> <Delay = 2.77> <CoreInst = "ROM_2P_BRAM">   --->   Core 100 'ROM_2P_BRAM' <Latency = 1> <II = 1> <Delay = 2.77> <Storage> <Opcode : 'load'> <Ports = 2> <Width = 8> <Depth = 256> <ROM>
ST_1 : Operation 62 [1/1] (0.00ns)   --->   "%p_ZL9fc_w_fold_7_addr = getelementptr i8 %p_ZL9fc_w_fold_7, i64 0, i64 %zext_ln19" [../QAT-Model/fc.cpp:23]   --->   Operation 62 'getelementptr' 'p_ZL9fc_w_fold_7_addr' <Predicate = (!icmp_ln19)> <Delay = 0.00>
ST_1 : Operation 63 [2/2] (2.77ns)   --->   "%p_ZL9fc_w_fold_7_load = load i8 %p_ZL9fc_w_fold_7_addr" [../QAT-Model/fc.cpp:23]   --->   Operation 63 'load' 'p_ZL9fc_w_fold_7_load' <Predicate = (!icmp_ln19)> <Delay = 2.77> <CoreInst = "ROM_2P_BRAM">   --->   Core 100 'ROM_2P_BRAM' <Latency = 1> <II = 1> <Delay = 2.77> <Storage> <Opcode : 'load'> <Ports = 2> <Width = 8> <Depth = 256> <ROM>
ST_1 : Operation 64 [1/1] (0.00ns)   --->   "%p_ZL9fc_w_fold_8_addr = getelementptr i8 %p_ZL9fc_w_fold_8, i64 0, i64 %zext_ln19" [../QAT-Model/fc.cpp:23]   --->   Operation 64 'getelementptr' 'p_ZL9fc_w_fold_8_addr' <Predicate = (!icmp_ln19)> <Delay = 0.00>
ST_1 : Operation 65 [2/2] (2.77ns)   --->   "%p_ZL9fc_w_fold_8_load = load i8 %p_ZL9fc_w_fold_8_addr" [../QAT-Model/fc.cpp:23]   --->   Operation 65 'load' 'p_ZL9fc_w_fold_8_load' <Predicate = (!icmp_ln19)> <Delay = 2.77> <CoreInst = "ROM_2P_BRAM">   --->   Core 100 'ROM_2P_BRAM' <Latency = 1> <II = 1> <Delay = 2.77> <Storage> <Opcode : 'load'> <Ports = 2> <Width = 8> <Depth = 256> <ROM>
ST_1 : Operation 66 [1/1] (0.00ns)   --->   "%p_ZL9fc_w_fold_9_addr = getelementptr i8 %p_ZL9fc_w_fold_9, i64 0, i64 %zext_ln19" [../QAT-Model/fc.cpp:23]   --->   Operation 66 'getelementptr' 'p_ZL9fc_w_fold_9_addr' <Predicate = (!icmp_ln19)> <Delay = 0.00>
ST_1 : Operation 67 [2/2] (2.77ns)   --->   "%p_ZL9fc_w_fold_9_load = load i8 %p_ZL9fc_w_fold_9_addr" [../QAT-Model/fc.cpp:23]   --->   Operation 67 'load' 'p_ZL9fc_w_fold_9_load' <Predicate = (!icmp_ln19)> <Delay = 2.77> <CoreInst = "ROM_2P_BRAM">   --->   Core 100 'ROM_2P_BRAM' <Latency = 1> <II = 1> <Delay = 2.77> <Storage> <Opcode : 'load'> <Ports = 2> <Width = 8> <Depth = 256> <ROM>
ST_1 : Operation 68 [1/1] (1.29ns)   --->   "%store_ln19 = store i9 %add_ln19, i9 %ic" [../QAT-Model/fc.cpp:19]   --->   Operation 68 'store' 'store_ln19' <Predicate = (!icmp_ln19)> <Delay = 1.29>

State 2 <SV = 1> <Delay = 3.75>
ST_2 : Operation 69 [1/2] ( I:2.77ns O:2.77ns )   --->   "%ifmap_load = load i8 %ifmap_addr" [../QAT-Model/fc.cpp:23]   --->   Operation 69 'load' 'ifmap_load' <Predicate = true> <Delay = 2.77> <CoreInst = "RAM">   --->   Core 81 'RAM' <Latency = 1> <II = 1> <Delay = 2.77> <Storage> <Opcode : 'load' 'store'> <Ports = 2> <Width = 7> <Depth = 256> <RAM>
ST_2 : Operation 70 [1/1] (0.00ns)   --->   "%zext_ln23 = zext i7 %ifmap_load" [../QAT-Model/fc.cpp:23]   --->   Operation 70 'zext' 'zext_ln23' <Predicate = true> <Delay = 0.00>
ST_2 : Operation 71 [1/2] ( I:2.77ns O:2.77ns )   --->   "%p_ZL9fc_w_fold_0_load = load i8 %p_ZL9fc_w_fold_0_addr" [../QAT-Model/fc.cpp:23]   --->   Operation 71 'load' 'p_ZL9fc_w_fold_0_load' <Predicate = true> <Delay = 2.77> <CoreInst = "ROM_2P_BRAM">   --->   Core 100 'ROM_2P_BRAM' <Latency = 1> <II = 1> <Delay = 2.77> <Storage> <Opcode : 'load'> <Ports = 2> <Width = 8> <Depth = 256> <ROM>
ST_2 : Operation 72 [1/1] (0.00ns)   --->   "%sext_ln23 = sext i8 %p_ZL9fc_w_fold_0_load" [../QAT-Model/fc.cpp:23]   --->   Operation 72 'sext' 'sext_ln23' <Predicate = true> <Delay = 0.00>
ST_2 : Operation 73 [3/3] (0.98ns) (grouped into DSP with root node add_ln23)   --->   "%mul_ln23 = mul i15 %sext_ln23, i15 %zext_ln23" [../QAT-Model/fc.cpp:23]   --->   Operation 73 'mul' 'mul_ln23' <Predicate = true> <Delay = 0.98> <CoreInst = "DSP48">   --->   Core 116 'DSP48' <Latency = 3> <II = 1> <Delay = 1.82> <IPBlock> <Opcode : 'add' 'sub' 'mul' 'select'> <InPorts = 0> <OutPorts = 1> <Sync> <CReg>
ST_2 : Operation 74 [1/2] ( I:2.77ns O:2.77ns )   --->   "%p_ZL9fc_w_fold_1_load = load i8 %p_ZL9fc_w_fold_1_addr" [../QAT-Model/fc.cpp:23]   --->   Operation 74 'load' 'p_ZL9fc_w_fold_1_load' <Predicate = true> <Delay = 2.77> <CoreInst = "ROM_2P_BRAM">   --->   Core 100 'ROM_2P_BRAM' <Latency = 1> <II = 1> <Delay = 2.77> <Storage> <Opcode : 'load'> <Ports = 2> <Width = 8> <Depth = 256> <ROM>
ST_2 : Operation 75 [1/1] (0.00ns)   --->   "%sext_ln23_2 = sext i8 %p_ZL9fc_w_fold_1_load" [../QAT-Model/fc.cpp:23]   --->   Operation 75 'sext' 'sext_ln23_2' <Predicate = true> <Delay = 0.00>
ST_2 : Operation 76 [3/3] (0.98ns) (grouped into DSP with root node add_ln23_1)   --->   "%mul_ln23_1 = mul i15 %sext_ln23_2, i15 %zext_ln23" [../QAT-Model/fc.cpp:23]   --->   Operation 76 'mul' 'mul_ln23_1' <Predicate = true> <Delay = 0.98> <CoreInst = "DSP48">   --->   Core 116 'DSP48' <Latency = 3> <II = 1> <Delay = 1.82> <IPBlock> <Opcode : 'add' 'sub' 'mul' 'select'> <InPorts = 0> <OutPorts = 1> <Sync> <CReg>
ST_2 : Operation 77 [1/2] ( I:2.77ns O:2.77ns )   --->   "%p_ZL9fc_w_fold_2_load = load i8 %p_ZL9fc_w_fold_2_addr" [../QAT-Model/fc.cpp:23]   --->   Operation 77 'load' 'p_ZL9fc_w_fold_2_load' <Predicate = true> <Delay = 2.77> <CoreInst = "ROM_2P_BRAM">   --->   Core 100 'ROM_2P_BRAM' <Latency = 1> <II = 1> <Delay = 2.77> <Storage> <Opcode : 'load'> <Ports = 2> <Width = 8> <Depth = 256> <ROM>
ST_2 : Operation 78 [1/1] (0.00ns)   --->   "%sext_ln23_4 = sext i8 %p_ZL9fc_w_fold_2_load" [../QAT-Model/fc.cpp:23]   --->   Operation 78 'sext' 'sext_ln23_4' <Predicate = true> <Delay = 0.00>
ST_2 : Operation 79 [3/3] (0.98ns) (grouped into DSP with root node add_ln23_2)   --->   "%mul_ln23_2 = mul i15 %sext_ln23_4, i15 %zext_ln23" [../QAT-Model/fc.cpp:23]   --->   Operation 79 'mul' 'mul_ln23_2' <Predicate = true> <Delay = 0.98> <CoreInst = "DSP48">   --->   Core 116 'DSP48' <Latency = 3> <II = 1> <Delay = 1.82> <IPBlock> <Opcode : 'add' 'sub' 'mul' 'select'> <InPorts = 0> <OutPorts = 1> <Sync> <CReg>
ST_2 : Operation 80 [1/2] ( I:2.77ns O:2.77ns )   --->   "%p_ZL9fc_w_fold_3_load = load i8 %p_ZL9fc_w_fold_3_addr" [../QAT-Model/fc.cpp:23]   --->   Operation 80 'load' 'p_ZL9fc_w_fold_3_load' <Predicate = true> <Delay = 2.77> <CoreInst = "ROM_2P_BRAM">   --->   Core 100 'ROM_2P_BRAM' <Latency = 1> <II = 1> <Delay = 2.77> <Storage> <Opcode : 'load'> <Ports = 2> <Width = 8> <Depth = 256> <ROM>
ST_2 : Operation 81 [1/1] (0.00ns)   --->   "%sext_ln23_6 = sext i8 %p_ZL9fc_w_fold_3_load" [../QAT-Model/fc.cpp:23]   --->   Operation 81 'sext' 'sext_ln23_6' <Predicate = true> <Delay = 0.00>
ST_2 : Operation 82 [3/3] (0.98ns) (grouped into DSP with root node add_ln23_3)   --->   "%mul_ln23_3 = mul i15 %sext_ln23_6, i15 %zext_ln23" [../QAT-Model/fc.cpp:23]   --->   Operation 82 'mul' 'mul_ln23_3' <Predicate = true> <Delay = 0.98> <CoreInst = "DSP48">   --->   Core 116 'DSP48' <Latency = 3> <II = 1> <Delay = 1.82> <IPBlock> <Opcode : 'add' 'sub' 'mul' 'select'> <InPorts = 0> <OutPorts = 1> <Sync> <CReg>
ST_2 : Operation 83 [1/2] ( I:2.77ns O:2.77ns )   --->   "%p_ZL9fc_w_fold_4_load = load i8 %p_ZL9fc_w_fold_4_addr" [../QAT-Model/fc.cpp:23]   --->   Operation 83 'load' 'p_ZL9fc_w_fold_4_load' <Predicate = true> <Delay = 2.77> <CoreInst = "ROM_2P_BRAM">   --->   Core 100 'ROM_2P_BRAM' <Latency = 1> <II = 1> <Delay = 2.77> <Storage> <Opcode : 'load'> <Ports = 2> <Width = 8> <Depth = 256> <ROM>
ST_2 : Operation 84 [1/1] (0.00ns)   --->   "%sext_ln23_8 = sext i8 %p_ZL9fc_w_fold_4_load" [../QAT-Model/fc.cpp:23]   --->   Operation 84 'sext' 'sext_ln23_8' <Predicate = true> <Delay = 0.00>
ST_2 : Operation 85 [3/3] (0.98ns) (grouped into DSP with root node add_ln23_4)   --->   "%mul_ln23_4 = mul i15 %sext_ln23_8, i15 %zext_ln23" [../QAT-Model/fc.cpp:23]   --->   Operation 85 'mul' 'mul_ln23_4' <Predicate = true> <Delay = 0.98> <CoreInst = "DSP48">   --->   Core 116 'DSP48' <Latency = 3> <II = 1> <Delay = 1.82> <IPBlock> <Opcode : 'add' 'sub' 'mul' 'select'> <InPorts = 0> <OutPorts = 1> <Sync> <CReg>
ST_2 : Operation 86 [1/2] ( I:2.77ns O:2.77ns )   --->   "%p_ZL9fc_w_fold_5_load = load i8 %p_ZL9fc_w_fold_5_addr" [../QAT-Model/fc.cpp:23]   --->   Operation 86 'load' 'p_ZL9fc_w_fold_5_load' <Predicate = true> <Delay = 2.77> <CoreInst = "ROM_2P_BRAM">   --->   Core 100 'ROM_2P_BRAM' <Latency = 1> <II = 1> <Delay = 2.77> <Storage> <Opcode : 'load'> <Ports = 2> <Width = 8> <Depth = 256> <ROM>
ST_2 : Operation 87 [1/1] (0.00ns)   --->   "%sext_ln23_10 = sext i8 %p_ZL9fc_w_fold_5_load" [../QAT-Model/fc.cpp:23]   --->   Operation 87 'sext' 'sext_ln23_10' <Predicate = true> <Delay = 0.00>
ST_2 : Operation 88 [3/3] (0.98ns) (grouped into DSP with root node add_ln23_5)   --->   "%mul_ln23_5 = mul i15 %sext_ln23_10, i15 %zext_ln23" [../QAT-Model/fc.cpp:23]   --->   Operation 88 'mul' 'mul_ln23_5' <Predicate = true> <Delay = 0.98> <CoreInst = "DSP48">   --->   Core 116 'DSP48' <Latency = 3> <II = 1> <Delay = 1.82> <IPBlock> <Opcode : 'add' 'sub' 'mul' 'select'> <InPorts = 0> <OutPorts = 1> <Sync> <CReg>
ST_2 : Operation 89 [1/2] ( I:2.77ns O:2.77ns )   --->   "%p_ZL9fc_w_fold_6_load = load i8 %p_ZL9fc_w_fold_6_addr" [../QAT-Model/fc.cpp:23]   --->   Operation 89 'load' 'p_ZL9fc_w_fold_6_load' <Predicate = true> <Delay = 2.77> <CoreInst = "ROM_2P_BRAM">   --->   Core 100 'ROM_2P_BRAM' <Latency = 1> <II = 1> <Delay = 2.77> <Storage> <Opcode : 'load'> <Ports = 2> <Width = 8> <Depth = 256> <ROM>
ST_2 : Operation 90 [1/1] (0.00ns)   --->   "%sext_ln23_12 = sext i8 %p_ZL9fc_w_fold_6_load" [../QAT-Model/fc.cpp:23]   --->   Operation 90 'sext' 'sext_ln23_12' <Predicate = true> <Delay = 0.00>
ST_2 : Operation 91 [3/3] (0.98ns) (grouped into DSP with root node add_ln23_6)   --->   "%mul_ln23_6 = mul i15 %sext_ln23_12, i15 %zext_ln23" [../QAT-Model/fc.cpp:23]   --->   Operation 91 'mul' 'mul_ln23_6' <Predicate = true> <Delay = 0.98> <CoreInst = "DSP48">   --->   Core 116 'DSP48' <Latency = 3> <II = 1> <Delay = 1.82> <IPBlock> <Opcode : 'add' 'sub' 'mul' 'select'> <InPorts = 0> <OutPorts = 1> <Sync> <CReg>
ST_2 : Operation 92 [1/2] ( I:2.77ns O:2.77ns )   --->   "%p_ZL9fc_w_fold_7_load = load i8 %p_ZL9fc_w_fold_7_addr" [../QAT-Model/fc.cpp:23]   --->   Operation 92 'load' 'p_ZL9fc_w_fold_7_load' <Predicate = true> <Delay = 2.77> <CoreInst = "ROM_2P_BRAM">   --->   Core 100 'ROM_2P_BRAM' <Latency = 1> <II = 1> <Delay = 2.77> <Storage> <Opcode : 'load'> <Ports = 2> <Width = 8> <Depth = 256> <ROM>
ST_2 : Operation 93 [1/1] (0.00ns)   --->   "%sext_ln23_14 = sext i8 %p_ZL9fc_w_fold_7_load" [../QAT-Model/fc.cpp:23]   --->   Operation 93 'sext' 'sext_ln23_14' <Predicate = true> <Delay = 0.00>
ST_2 : Operation 94 [3/3] (0.98ns) (grouped into DSP with root node add_ln23_7)   --->   "%mul_ln23_7 = mul i15 %sext_ln23_14, i15 %zext_ln23" [../QAT-Model/fc.cpp:23]   --->   Operation 94 'mul' 'mul_ln23_7' <Predicate = true> <Delay = 0.98> <CoreInst = "DSP48">   --->   Core 116 'DSP48' <Latency = 3> <II = 1> <Delay = 1.82> <IPBlock> <Opcode : 'add' 'sub' 'mul' 'select'> <InPorts = 0> <OutPorts = 1> <Sync> <CReg>
ST_2 : Operation 95 [1/2] ( I:2.77ns O:2.77ns )   --->   "%p_ZL9fc_w_fold_8_load = load i8 %p_ZL9fc_w_fold_8_addr" [../QAT-Model/fc.cpp:23]   --->   Operation 95 'load' 'p_ZL9fc_w_fold_8_load' <Predicate = true> <Delay = 2.77> <CoreInst = "ROM_2P_BRAM">   --->   Core 100 'ROM_2P_BRAM' <Latency = 1> <II = 1> <Delay = 2.77> <Storage> <Opcode : 'load'> <Ports = 2> <Width = 8> <Depth = 256> <ROM>
ST_2 : Operation 96 [1/1] (0.00ns)   --->   "%sext_ln23_16 = sext i8 %p_ZL9fc_w_fold_8_load" [../QAT-Model/fc.cpp:23]   --->   Operation 96 'sext' 'sext_ln23_16' <Predicate = true> <Delay = 0.00>
ST_2 : Operation 97 [3/3] (0.98ns) (grouped into DSP with root node add_ln23_8)   --->   "%mul_ln23_8 = mul i15 %sext_ln23_16, i15 %zext_ln23" [../QAT-Model/fc.cpp:23]   --->   Operation 97 'mul' 'mul_ln23_8' <Predicate = true> <Delay = 0.98> <CoreInst = "DSP48">   --->   Core 116 'DSP48' <Latency = 3> <II = 1> <Delay = 1.82> <IPBlock> <Opcode : 'add' 'sub' 'mul' 'select'> <InPorts = 0> <OutPorts = 1> <Sync> <CReg>
ST_2 : Operation 98 [1/2] ( I:2.77ns O:2.77ns )   --->   "%p_ZL9fc_w_fold_9_load = load i8 %p_ZL9fc_w_fold_9_addr" [../QAT-Model/fc.cpp:23]   --->   Operation 98 'load' 'p_ZL9fc_w_fold_9_load' <Predicate = true> <Delay = 2.77> <CoreInst = "ROM_2P_BRAM">   --->   Core 100 'ROM_2P_BRAM' <Latency = 1> <II = 1> <Delay = 2.77> <Storage> <Opcode : 'load'> <Ports = 2> <Width = 8> <Depth = 256> <ROM>
ST_2 : Operation 99 [1/1] (0.00ns)   --->   "%sext_ln23_18 = sext i8 %p_ZL9fc_w_fold_9_load" [../QAT-Model/fc.cpp:23]   --->   Operation 99 'sext' 'sext_ln23_18' <Predicate = true> <Delay = 0.00>
ST_2 : Operation 100 [3/3] (0.98ns) (grouped into DSP with root node add_ln23_9)   --->   "%mul_ln23_9 = mul i15 %sext_ln23_18, i15 %zext_ln23" [../QAT-Model/fc.cpp:23]   --->   Operation 100 'mul' 'mul_ln23_9' <Predicate = true> <Delay = 0.98> <CoreInst = "DSP48">   --->   Core 116 'DSP48' <Latency = 3> <II = 1> <Delay = 1.82> <IPBlock> <Opcode : 'add' 'sub' 'mul' 'select'> <InPorts = 0> <OutPorts = 1> <Sync> <CReg>

State 3 <SV = 2> <Delay = 0.98>
ST_3 : Operation 101 [2/3] (0.98ns) (grouped into DSP with root node add_ln23)   --->   "%mul_ln23 = mul i15 %sext_ln23, i15 %zext_ln23" [../QAT-Model/fc.cpp:23]   --->   Operation 101 'mul' 'mul_ln23' <Predicate = true> <Delay = 0.98> <CoreInst = "DSP48">   --->   Core 116 'DSP48' <Latency = 3> <II = 1> <Delay = 1.82> <IPBlock> <Opcode : 'add' 'sub' 'mul' 'select'> <InPorts = 0> <OutPorts = 1> <Sync> <CReg>
ST_3 : Operation 102 [2/3] (0.98ns) (grouped into DSP with root node add_ln23_1)   --->   "%mul_ln23_1 = mul i15 %sext_ln23_2, i15 %zext_ln23" [../QAT-Model/fc.cpp:23]   --->   Operation 102 'mul' 'mul_ln23_1' <Predicate = true> <Delay = 0.98> <CoreInst = "DSP48">   --->   Core 116 'DSP48' <Latency = 3> <II = 1> <Delay = 1.82> <IPBlock> <Opcode : 'add' 'sub' 'mul' 'select'> <InPorts = 0> <OutPorts = 1> <Sync> <CReg>
ST_3 : Operation 103 [2/3] (0.98ns) (grouped into DSP with root node add_ln23_2)   --->   "%mul_ln23_2 = mul i15 %sext_ln23_4, i15 %zext_ln23" [../QAT-Model/fc.cpp:23]   --->   Operation 103 'mul' 'mul_ln23_2' <Predicate = true> <Delay = 0.98> <CoreInst = "DSP48">   --->   Core 116 'DSP48' <Latency = 3> <II = 1> <Delay = 1.82> <IPBlock> <Opcode : 'add' 'sub' 'mul' 'select'> <InPorts = 0> <OutPorts = 1> <Sync> <CReg>
ST_3 : Operation 104 [2/3] (0.98ns) (grouped into DSP with root node add_ln23_3)   --->   "%mul_ln23_3 = mul i15 %sext_ln23_6, i15 %zext_ln23" [../QAT-Model/fc.cpp:23]   --->   Operation 104 'mul' 'mul_ln23_3' <Predicate = true> <Delay = 0.98> <CoreInst = "DSP48">   --->   Core 116 'DSP48' <Latency = 3> <II = 1> <Delay = 1.82> <IPBlock> <Opcode : 'add' 'sub' 'mul' 'select'> <InPorts = 0> <OutPorts = 1> <Sync> <CReg>
ST_3 : Operation 105 [2/3] (0.98ns) (grouped into DSP with root node add_ln23_4)   --->   "%mul_ln23_4 = mul i15 %sext_ln23_8, i15 %zext_ln23" [../QAT-Model/fc.cpp:23]   --->   Operation 105 'mul' 'mul_ln23_4' <Predicate = true> <Delay = 0.98> <CoreInst = "DSP48">   --->   Core 116 'DSP48' <Latency = 3> <II = 1> <Delay = 1.82> <IPBlock> <Opcode : 'add' 'sub' 'mul' 'select'> <InPorts = 0> <OutPorts = 1> <Sync> <CReg>
ST_3 : Operation 106 [2/3] (0.98ns) (grouped into DSP with root node add_ln23_5)   --->   "%mul_ln23_5 = mul i15 %sext_ln23_10, i15 %zext_ln23" [../QAT-Model/fc.cpp:23]   --->   Operation 106 'mul' 'mul_ln23_5' <Predicate = true> <Delay = 0.98> <CoreInst = "DSP48">   --->   Core 116 'DSP48' <Latency = 3> <II = 1> <Delay = 1.82> <IPBlock> <Opcode : 'add' 'sub' 'mul' 'select'> <InPorts = 0> <OutPorts = 1> <Sync> <CReg>
ST_3 : Operation 107 [2/3] (0.98ns) (grouped into DSP with root node add_ln23_6)   --->   "%mul_ln23_6 = mul i15 %sext_ln23_12, i15 %zext_ln23" [../QAT-Model/fc.cpp:23]   --->   Operation 107 'mul' 'mul_ln23_6' <Predicate = true> <Delay = 0.98> <CoreInst = "DSP48">   --->   Core 116 'DSP48' <Latency = 3> <II = 1> <Delay = 1.82> <IPBlock> <Opcode : 'add' 'sub' 'mul' 'select'> <InPorts = 0> <OutPorts = 1> <Sync> <CReg>
ST_3 : Operation 108 [2/3] (0.98ns) (grouped into DSP with root node add_ln23_7)   --->   "%mul_ln23_7 = mul i15 %sext_ln23_14, i15 %zext_ln23" [../QAT-Model/fc.cpp:23]   --->   Operation 108 'mul' 'mul_ln23_7' <Predicate = true> <Delay = 0.98> <CoreInst = "DSP48">   --->   Core 116 'DSP48' <Latency = 3> <II = 1> <Delay = 1.82> <IPBlock> <Opcode : 'add' 'sub' 'mul' 'select'> <InPorts = 0> <OutPorts = 1> <Sync> <CReg>
ST_3 : Operation 109 [2/3] (0.98ns) (grouped into DSP with root node add_ln23_8)   --->   "%mul_ln23_8 = mul i15 %sext_ln23_16, i15 %zext_ln23" [../QAT-Model/fc.cpp:23]   --->   Operation 109 'mul' 'mul_ln23_8' <Predicate = true> <Delay = 0.98> <CoreInst = "DSP48">   --->   Core 116 'DSP48' <Latency = 3> <II = 1> <Delay = 1.82> <IPBlock> <Opcode : 'add' 'sub' 'mul' 'select'> <InPorts = 0> <OutPorts = 1> <Sync> <CReg>
ST_3 : Operation 110 [2/3] (0.98ns) (grouped into DSP with root node add_ln23_9)   --->   "%mul_ln23_9 = mul i15 %sext_ln23_18, i15 %zext_ln23" [../QAT-Model/fc.cpp:23]   --->   Operation 110 'mul' 'mul_ln23_9' <Predicate = true> <Delay = 0.98> <CoreInst = "DSP48">   --->   Core 116 'DSP48' <Latency = 3> <II = 1> <Delay = 1.82> <IPBlock> <Opcode : 'add' 'sub' 'mul' 'select'> <InPorts = 0> <OutPorts = 1> <Sync> <CReg>

State 4 <SV = 3> <Delay = 1.76>
ST_4 : Operation 111 [1/1] (0.00ns)   --->   "%p_load27 = load i23 %empty" [../QAT-Model/fc.cpp:23]   --->   Operation 111 'load' 'p_load27' <Predicate = true> <Delay = 0.00>
ST_4 : Operation 112 [1/1] (0.00ns)   --->   "%p_load25 = load i23 %empty_40" [../QAT-Model/fc.cpp:23]   --->   Operation 112 'load' 'p_load25' <Predicate = true> <Delay = 0.00>
ST_4 : Operation 113 [1/1] (0.00ns)   --->   "%p_load23 = load i23 %empty_41" [../QAT-Model/fc.cpp:23]   --->   Operation 113 'load' 'p_load23' <Predicate = true> <Delay = 0.00>
ST_4 : Operation 114 [1/1] (0.00ns)   --->   "%p_load21 = load i23 %empty_42" [../QAT-Model/fc.cpp:23]   --->   Operation 114 'load' 'p_load21' <Predicate = true> <Delay = 0.00>
ST_4 : Operation 115 [1/1] (0.00ns)   --->   "%p_load19 = load i23 %empty_43" [../QAT-Model/fc.cpp:23]   --->   Operation 115 'load' 'p_load19' <Predicate = true> <Delay = 0.00>
ST_4 : Operation 116 [1/1] (0.00ns)   --->   "%p_load17 = load i23 %empty_44" [../QAT-Model/fc.cpp:23]   --->   Operation 116 'load' 'p_load17' <Predicate = true> <Delay = 0.00>
ST_4 : Operation 117 [1/1] (0.00ns)   --->   "%p_load15 = load i23 %empty_45" [../QAT-Model/fc.cpp:23]   --->   Operation 117 'load' 'p_load15' <Predicate = true> <Delay = 0.00>
ST_4 : Operation 118 [1/1] (0.00ns)   --->   "%p_load13 = load i23 %empty_46" [../QAT-Model/fc.cpp:23]   --->   Operation 118 'load' 'p_load13' <Predicate = true> <Delay = 0.00>
ST_4 : Operation 119 [1/1] (0.00ns)   --->   "%p_load11 = load i23 %empty_47" [../QAT-Model/fc.cpp:23]   --->   Operation 119 'load' 'p_load11' <Predicate = true> <Delay = 0.00>
ST_4 : Operation 120 [1/1] (0.00ns)   --->   "%p_load = load i23 %empty_48" [../QAT-Model/fc.cpp:23]   --->   Operation 120 'load' 'p_load' <Predicate = true> <Delay = 0.00>
ST_4 : Operation 121 [1/3] (0.00ns) (grouped into DSP with root node add_ln23)   --->   "%mul_ln23 = mul i15 %sext_ln23, i15 %zext_ln23" [../QAT-Model/fc.cpp:23]   --->   Operation 121 'mul' 'mul_ln23' <Predicate = true> <Delay = 0.00> <CoreInst = "DSP48">   --->   Core 116 'DSP48' <Latency = 3> <II = 1> <Delay = 1.82> <IPBlock> <Opcode : 'add' 'sub' 'mul' 'select'> <InPorts = 0> <OutPorts = 1> <Sync> <CReg>
ST_4 : Operation 122 [1/1] (0.00ns) (grouped into DSP with root node add_ln23)   --->   "%sext_ln23_1 = sext i15 %mul_ln23" [../QAT-Model/fc.cpp:23]   --->   Operation 122 'sext' 'sext_ln23_1' <Predicate = true> <Delay = 0.00>
ST_4 : Operation 123 [2/2] (1.76ns) (root node of the DSP)   --->   "%add_ln23 = add i23 %sext_ln23_1, i23 %p_load27" [../QAT-Model/fc.cpp:23]   --->   Operation 123 'add' 'add_ln23' <Predicate = true> <Delay = 1.76> <CoreInst = "DSP48">   --->   Core 116 'DSP48' <Latency = 3> <II = 1> <Delay = 1.82> <IPBlock> <Opcode : 'add' 'sub' 'mul' 'select'> <InPorts = 0> <OutPorts = 1> <Sync> <CReg>
ST_4 : Operation 124 [1/3] (0.00ns) (grouped into DSP with root node add_ln23_1)   --->   "%mul_ln23_1 = mul i15 %sext_ln23_2, i15 %zext_ln23" [../QAT-Model/fc.cpp:23]   --->   Operation 124 'mul' 'mul_ln23_1' <Predicate = true> <Delay = 0.00> <CoreInst = "DSP48">   --->   Core 116 'DSP48' <Latency = 3> <II = 1> <Delay = 1.82> <IPBlock> <Opcode : 'add' 'sub' 'mul' 'select'> <InPorts = 0> <OutPorts = 1> <Sync> <CReg>
ST_4 : Operation 125 [1/1] (0.00ns) (grouped into DSP with root node add_ln23_1)   --->   "%sext_ln23_3 = sext i15 %mul_ln23_1" [../QAT-Model/fc.cpp:23]   --->   Operation 125 'sext' 'sext_ln23_3' <Predicate = true> <Delay = 0.00>
ST_4 : Operation 126 [2/2] (1.76ns) (root node of the DSP)   --->   "%add_ln23_1 = add i23 %sext_ln23_3, i23 %p_load25" [../QAT-Model/fc.cpp:23]   --->   Operation 126 'add' 'add_ln23_1' <Predicate = true> <Delay = 1.76> <CoreInst = "DSP48">   --->   Core 116 'DSP48' <Latency = 3> <II = 1> <Delay = 1.82> <IPBlock> <Opcode : 'add' 'sub' 'mul' 'select'> <InPorts = 0> <OutPorts = 1> <Sync> <CReg>
ST_4 : Operation 127 [1/3] (0.00ns) (grouped into DSP with root node add_ln23_2)   --->   "%mul_ln23_2 = mul i15 %sext_ln23_4, i15 %zext_ln23" [../QAT-Model/fc.cpp:23]   --->   Operation 127 'mul' 'mul_ln23_2' <Predicate = true> <Delay = 0.00> <CoreInst = "DSP48">   --->   Core 116 'DSP48' <Latency = 3> <II = 1> <Delay = 1.82> <IPBlock> <Opcode : 'add' 'sub' 'mul' 'select'> <InPorts = 0> <OutPorts = 1> <Sync> <CReg>
ST_4 : Operation 128 [1/1] (0.00ns) (grouped into DSP with root node add_ln23_2)   --->   "%sext_ln23_5 = sext i15 %mul_ln23_2" [../QAT-Model/fc.cpp:23]   --->   Operation 128 'sext' 'sext_ln23_5' <Predicate = true> <Delay = 0.00>
ST_4 : Operation 129 [2/2] (1.76ns) (root node of the DSP)   --->   "%add_ln23_2 = add i23 %sext_ln23_5, i23 %p_load23" [../QAT-Model/fc.cpp:23]   --->   Operation 129 'add' 'add_ln23_2' <Predicate = true> <Delay = 1.76> <CoreInst = "DSP48">   --->   Core 116 'DSP48' <Latency = 3> <II = 1> <Delay = 1.82> <IPBlock> <Opcode : 'add' 'sub' 'mul' 'select'> <InPorts = 0> <OutPorts = 1> <Sync> <CReg>
ST_4 : Operation 130 [1/3] (0.00ns) (grouped into DSP with root node add_ln23_3)   --->   "%mul_ln23_3 = mul i15 %sext_ln23_6, i15 %zext_ln23" [../QAT-Model/fc.cpp:23]   --->   Operation 130 'mul' 'mul_ln23_3' <Predicate = true> <Delay = 0.00> <CoreInst = "DSP48">   --->   Core 116 'DSP48' <Latency = 3> <II = 1> <Delay = 1.82> <IPBlock> <Opcode : 'add' 'sub' 'mul' 'select'> <InPorts = 0> <OutPorts = 1> <Sync> <CReg>
ST_4 : Operation 131 [1/1] (0.00ns) (grouped into DSP with root node add_ln23_3)   --->   "%sext_ln23_7 = sext i15 %mul_ln23_3" [../QAT-Model/fc.cpp:23]   --->   Operation 131 'sext' 'sext_ln23_7' <Predicate = true> <Delay = 0.00>
ST_4 : Operation 132 [2/2] (1.76ns) (root node of the DSP)   --->   "%add_ln23_3 = add i23 %sext_ln23_7, i23 %p_load21" [../QAT-Model/fc.cpp:23]   --->   Operation 132 'add' 'add_ln23_3' <Predicate = true> <Delay = 1.76> <CoreInst = "DSP48">   --->   Core 116 'DSP48' <Latency = 3> <II = 1> <Delay = 1.82> <IPBlock> <Opcode : 'add' 'sub' 'mul' 'select'> <InPorts = 0> <OutPorts = 1> <Sync> <CReg>
ST_4 : Operation 133 [1/3] (0.00ns) (grouped into DSP with root node add_ln23_4)   --->   "%mul_ln23_4 = mul i15 %sext_ln23_8, i15 %zext_ln23" [../QAT-Model/fc.cpp:23]   --->   Operation 133 'mul' 'mul_ln23_4' <Predicate = true> <Delay = 0.00> <CoreInst = "DSP48">   --->   Core 116 'DSP48' <Latency = 3> <II = 1> <Delay = 1.82> <IPBlock> <Opcode : 'add' 'sub' 'mul' 'select'> <InPorts = 0> <OutPorts = 1> <Sync> <CReg>
ST_4 : Operation 134 [1/1] (0.00ns) (grouped into DSP with root node add_ln23_4)   --->   "%sext_ln23_9 = sext i15 %mul_ln23_4" [../QAT-Model/fc.cpp:23]   --->   Operation 134 'sext' 'sext_ln23_9' <Predicate = true> <Delay = 0.00>
ST_4 : Operation 135 [2/2] (1.76ns) (root node of the DSP)   --->   "%add_ln23_4 = add i23 %sext_ln23_9, i23 %p_load19" [../QAT-Model/fc.cpp:23]   --->   Operation 135 'add' 'add_ln23_4' <Predicate = true> <Delay = 1.76> <CoreInst = "DSP48">   --->   Core 116 'DSP48' <Latency = 3> <II = 1> <Delay = 1.82> <IPBlock> <Opcode : 'add' 'sub' 'mul' 'select'> <InPorts = 0> <OutPorts = 1> <Sync> <CReg>
ST_4 : Operation 136 [1/3] (0.00ns) (grouped into DSP with root node add_ln23_5)   --->   "%mul_ln23_5 = mul i15 %sext_ln23_10, i15 %zext_ln23" [../QAT-Model/fc.cpp:23]   --->   Operation 136 'mul' 'mul_ln23_5' <Predicate = true> <Delay = 0.00> <CoreInst = "DSP48">   --->   Core 116 'DSP48' <Latency = 3> <II = 1> <Delay = 1.82> <IPBlock> <Opcode : 'add' 'sub' 'mul' 'select'> <InPorts = 0> <OutPorts = 1> <Sync> <CReg>
ST_4 : Operation 137 [1/1] (0.00ns) (grouped into DSP with root node add_ln23_5)   --->   "%sext_ln23_11 = sext i15 %mul_ln23_5" [../QAT-Model/fc.cpp:23]   --->   Operation 137 'sext' 'sext_ln23_11' <Predicate = true> <Delay = 0.00>
ST_4 : Operation 138 [2/2] (1.76ns) (root node of the DSP)   --->   "%add_ln23_5 = add i23 %sext_ln23_11, i23 %p_load17" [../QAT-Model/fc.cpp:23]   --->   Operation 138 'add' 'add_ln23_5' <Predicate = true> <Delay = 1.76> <CoreInst = "DSP48">   --->   Core 116 'DSP48' <Latency = 3> <II = 1> <Delay = 1.82> <IPBlock> <Opcode : 'add' 'sub' 'mul' 'select'> <InPorts = 0> <OutPorts = 1> <Sync> <CReg>
ST_4 : Operation 139 [1/3] (0.00ns) (grouped into DSP with root node add_ln23_6)   --->   "%mul_ln23_6 = mul i15 %sext_ln23_12, i15 %zext_ln23" [../QAT-Model/fc.cpp:23]   --->   Operation 139 'mul' 'mul_ln23_6' <Predicate = true> <Delay = 0.00> <CoreInst = "DSP48">   --->   Core 116 'DSP48' <Latency = 3> <II = 1> <Delay = 1.82> <IPBlock> <Opcode : 'add' 'sub' 'mul' 'select'> <InPorts = 0> <OutPorts = 1> <Sync> <CReg>
ST_4 : Operation 140 [1/1] (0.00ns) (grouped into DSP with root node add_ln23_6)   --->   "%sext_ln23_13 = sext i15 %mul_ln23_6" [../QAT-Model/fc.cpp:23]   --->   Operation 140 'sext' 'sext_ln23_13' <Predicate = true> <Delay = 0.00>
ST_4 : Operation 141 [2/2] (1.76ns) (root node of the DSP)   --->   "%add_ln23_6 = add i23 %sext_ln23_13, i23 %p_load15" [../QAT-Model/fc.cpp:23]   --->   Operation 141 'add' 'add_ln23_6' <Predicate = true> <Delay = 1.76> <CoreInst = "DSP48">   --->   Core 116 'DSP48' <Latency = 3> <II = 1> <Delay = 1.82> <IPBlock> <Opcode : 'add' 'sub' 'mul' 'select'> <InPorts = 0> <OutPorts = 1> <Sync> <CReg>
ST_4 : Operation 142 [1/3] (0.00ns) (grouped into DSP with root node add_ln23_7)   --->   "%mul_ln23_7 = mul i15 %sext_ln23_14, i15 %zext_ln23" [../QAT-Model/fc.cpp:23]   --->   Operation 142 'mul' 'mul_ln23_7' <Predicate = true> <Delay = 0.00> <CoreInst = "DSP48">   --->   Core 116 'DSP48' <Latency = 3> <II = 1> <Delay = 1.82> <IPBlock> <Opcode : 'add' 'sub' 'mul' 'select'> <InPorts = 0> <OutPorts = 1> <Sync> <CReg>
ST_4 : Operation 143 [1/1] (0.00ns) (grouped into DSP with root node add_ln23_7)   --->   "%sext_ln23_15 = sext i15 %mul_ln23_7" [../QAT-Model/fc.cpp:23]   --->   Operation 143 'sext' 'sext_ln23_15' <Predicate = true> <Delay = 0.00>
ST_4 : Operation 144 [2/2] (1.76ns) (root node of the DSP)   --->   "%add_ln23_7 = add i23 %sext_ln23_15, i23 %p_load13" [../QAT-Model/fc.cpp:23]   --->   Operation 144 'add' 'add_ln23_7' <Predicate = true> <Delay = 1.76> <CoreInst = "DSP48">   --->   Core 116 'DSP48' <Latency = 3> <II = 1> <Delay = 1.82> <IPBlock> <Opcode : 'add' 'sub' 'mul' 'select'> <InPorts = 0> <OutPorts = 1> <Sync> <CReg>
ST_4 : Operation 145 [1/3] (0.00ns) (grouped into DSP with root node add_ln23_8)   --->   "%mul_ln23_8 = mul i15 %sext_ln23_16, i15 %zext_ln23" [../QAT-Model/fc.cpp:23]   --->   Operation 145 'mul' 'mul_ln23_8' <Predicate = true> <Delay = 0.00> <CoreInst = "DSP48">   --->   Core 116 'DSP48' <Latency = 3> <II = 1> <Delay = 1.82> <IPBlock> <Opcode : 'add' 'sub' 'mul' 'select'> <InPorts = 0> <OutPorts = 1> <Sync> <CReg>
ST_4 : Operation 146 [1/1] (0.00ns) (grouped into DSP with root node add_ln23_8)   --->   "%sext_ln23_17 = sext i15 %mul_ln23_8" [../QAT-Model/fc.cpp:23]   --->   Operation 146 'sext' 'sext_ln23_17' <Predicate = true> <Delay = 0.00>
ST_4 : Operation 147 [2/2] (1.76ns) (root node of the DSP)   --->   "%add_ln23_8 = add i23 %sext_ln23_17, i23 %p_load11" [../QAT-Model/fc.cpp:23]   --->   Operation 147 'add' 'add_ln23_8' <Predicate = true> <Delay = 1.76> <CoreInst = "DSP48">   --->   Core 116 'DSP48' <Latency = 3> <II = 1> <Delay = 1.82> <IPBlock> <Opcode : 'add' 'sub' 'mul' 'select'> <InPorts = 0> <OutPorts = 1> <Sync> <CReg>
ST_4 : Operation 148 [1/3] (0.00ns) (grouped into DSP with root node add_ln23_9)   --->   "%mul_ln23_9 = mul i15 %sext_ln23_18, i15 %zext_ln23" [../QAT-Model/fc.cpp:23]   --->   Operation 148 'mul' 'mul_ln23_9' <Predicate = true> <Delay = 0.00> <CoreInst = "DSP48">   --->   Core 116 'DSP48' <Latency = 3> <II = 1> <Delay = 1.82> <IPBlock> <Opcode : 'add' 'sub' 'mul' 'select'> <InPorts = 0> <OutPorts = 1> <Sync> <CReg>
ST_4 : Operation 149 [1/1] (0.00ns) (grouped into DSP with root node add_ln23_9)   --->   "%sext_ln23_19 = sext i15 %mul_ln23_9" [../QAT-Model/fc.cpp:23]   --->   Operation 149 'sext' 'sext_ln23_19' <Predicate = true> <Delay = 0.00>
ST_4 : Operation 150 [2/2] (1.76ns) (root node of the DSP)   --->   "%add_ln23_9 = add i23 %sext_ln23_19, i23 %p_load" [../QAT-Model/fc.cpp:23]   --->   Operation 150 'add' 'add_ln23_9' <Predicate = true> <Delay = 1.76> <CoreInst = "DSP48">   --->   Core 116 'DSP48' <Latency = 3> <II = 1> <Delay = 1.82> <IPBlock> <Opcode : 'add' 'sub' 'mul' 'select'> <InPorts = 0> <OutPorts = 1> <Sync> <CReg>
ST_4 : Operation 175 [1/1] (0.00ns)   --->   "%p_load28 = load i23 %empty"   --->   Operation 175 'load' 'p_load28' <Predicate = (icmp_ln19)> <Delay = 0.00>
ST_4 : Operation 176 [1/1] (0.00ns)   --->   "%p_load26 = load i23 %empty_40"   --->   Operation 176 'load' 'p_load26' <Predicate = (icmp_ln19)> <Delay = 0.00>
ST_4 : Operation 177 [1/1] (0.00ns)   --->   "%p_load24 = load i23 %empty_41"   --->   Operation 177 'load' 'p_load24' <Predicate = (icmp_ln19)> <Delay = 0.00>
ST_4 : Operation 178 [1/1] (0.00ns)   --->   "%p_load22 = load i23 %empty_42"   --->   Operation 178 'load' 'p_load22' <Predicate = (icmp_ln19)> <Delay = 0.00>
ST_4 : Operation 179 [1/1] (0.00ns)   --->   "%p_load20 = load i23 %empty_43"   --->   Operation 179 'load' 'p_load20' <Predicate = (icmp_ln19)> <Delay = 0.00>
ST_4 : Operation 180 [1/1] (0.00ns)   --->   "%p_load18 = load i23 %empty_44"   --->   Operation 180 'load' 'p_load18' <Predicate = (icmp_ln19)> <Delay = 0.00>
ST_4 : Operation 181 [1/1] (0.00ns)   --->   "%p_load16 = load i23 %empty_45"   --->   Operation 181 'load' 'p_load16' <Predicate = (icmp_ln19)> <Delay = 0.00>
ST_4 : Operation 182 [1/1] (0.00ns)   --->   "%p_load14 = load i23 %empty_46"   --->   Operation 182 'load' 'p_load14' <Predicate = (icmp_ln19)> <Delay = 0.00>
ST_4 : Operation 183 [1/1] (0.00ns)   --->   "%p_load12 = load i23 %empty_47"   --->   Operation 183 'load' 'p_load12' <Predicate = (icmp_ln19)> <Delay = 0.00>
ST_4 : Operation 184 [1/1] (0.00ns)   --->   "%p_load10 = load i23 %empty_48"   --->   Operation 184 'load' 'p_load10' <Predicate = (icmp_ln19)> <Delay = 0.00>
ST_4 : Operation 185 [1/1] (0.00ns)   --->   "%write_ln0 = write void @_ssdm_op_Write.ap_auto.i23P0A, i23 %p_out, i23 %p_load10"   --->   Operation 185 'write' 'write_ln0' <Predicate = (icmp_ln19)> <Delay = 0.00>
ST_4 : Operation 186 [1/1] (0.00ns)   --->   "%write_ln0 = write void @_ssdm_op_Write.ap_auto.i23P0A, i23 %p_out1, i23 %p_load12"   --->   Operation 186 'write' 'write_ln0' <Predicate = (icmp_ln19)> <Delay = 0.00>
ST_4 : Operation 187 [1/1] (0.00ns)   --->   "%write_ln0 = write void @_ssdm_op_Write.ap_auto.i23P0A, i23 %p_out2, i23 %p_load14"   --->   Operation 187 'write' 'write_ln0' <Predicate = (icmp_ln19)> <Delay = 0.00>
ST_4 : Operation 188 [1/1] (0.00ns)   --->   "%write_ln0 = write void @_ssdm_op_Write.ap_auto.i23P0A, i23 %p_out3, i23 %p_load16"   --->   Operation 188 'write' 'write_ln0' <Predicate = (icmp_ln19)> <Delay = 0.00>
ST_4 : Operation 189 [1/1] (0.00ns)   --->   "%write_ln0 = write void @_ssdm_op_Write.ap_auto.i23P0A, i23 %p_out4, i23 %p_load18"   --->   Operation 189 'write' 'write_ln0' <Predicate = (icmp_ln19)> <Delay = 0.00>
ST_4 : Operation 190 [1/1] (0.00ns)   --->   "%write_ln0 = write void @_ssdm_op_Write.ap_auto.i23P0A, i23 %p_out5, i23 %p_load20"   --->   Operation 190 'write' 'write_ln0' <Predicate = (icmp_ln19)> <Delay = 0.00>
ST_4 : Operation 191 [1/1] (0.00ns)   --->   "%write_ln0 = write void @_ssdm_op_Write.ap_auto.i23P0A, i23 %p_out6, i23 %p_load22"   --->   Operation 191 'write' 'write_ln0' <Predicate = (icmp_ln19)> <Delay = 0.00>
ST_4 : Operation 192 [1/1] (0.00ns)   --->   "%write_ln0 = write void @_ssdm_op_Write.ap_auto.i23P0A, i23 %p_out7, i23 %p_load24"   --->   Operation 192 'write' 'write_ln0' <Predicate = (icmp_ln19)> <Delay = 0.00>
ST_4 : Operation 193 [1/1] (0.00ns)   --->   "%write_ln0 = write void @_ssdm_op_Write.ap_auto.i23P0A, i23 %p_out8, i23 %p_load26"   --->   Operation 193 'write' 'write_ln0' <Predicate = (icmp_ln19)> <Delay = 0.00>
ST_4 : Operation 194 [1/1] (0.00ns)   --->   "%write_ln0 = write void @_ssdm_op_Write.ap_auto.i23P0A, i23 %p_out9, i23 %p_load28"   --->   Operation 194 'write' 'write_ln0' <Predicate = (icmp_ln19)> <Delay = 0.00>
ST_4 : Operation 195 [1/1] (1.29ns)   --->   "%ret_ln0 = ret"   --->   Operation 195 'ret' 'ret_ln0' <Predicate = (icmp_ln19)> <Delay = 1.29>

State 5 <SV = 4> <Delay = 4.81>
ST_5 : Operation 151 [1/1] (0.00ns)   --->   "%specpipeline_ln20 = specpipeline void @_ssdm_op_SpecPipeline, i32 4294967295, i32 0, i32 0, i32 0, i32 4294967295, void @empty_10" [../QAT-Model/fc.cpp:20]   --->   Operation 151 'specpipeline' 'specpipeline_ln20' <Predicate = true> <Delay = 0.00>
ST_5 : Operation 152 [1/1] (0.00ns)   --->   "%speclooptripcount_ln19 = speclooptripcount void @_ssdm_op_SpecLoopTripCount, i64 256, i64 256, i64 256" [../QAT-Model/fc.cpp:19]   --->   Operation 152 'speclooptripcount' 'speclooptripcount_ln19' <Predicate = true> <Delay = 0.00>
ST_5 : Operation 153 [1/1] (0.00ns)   --->   "%specloopname_ln19 = specloopname void @_ssdm_op_SpecLoopName, void @empty_1" [../QAT-Model/fc.cpp:19]   --->   Operation 153 'specloopname' 'specloopname_ln19' <Predicate = true> <Delay = 0.00>
ST_5 : Operation 154 [1/2] (1.76ns) (root node of the DSP)   --->   "%add_ln23 = add i23 %sext_ln23_1, i23 %p_load27" [../QAT-Model/fc.cpp:23]   --->   Operation 154 'add' 'add_ln23' <Predicate = true> <Delay = 1.76> <CoreInst = "DSP48">   --->   Core 116 'DSP48' <Latency = 3> <II = 1> <Delay = 1.82> <IPBlock> <Opcode : 'add' 'sub' 'mul' 'select'> <InPorts = 0> <OutPorts = 1> <Sync> <CReg>
ST_5 : Operation 155 [1/2] (1.76ns) (root node of the DSP)   --->   "%add_ln23_1 = add i23 %sext_ln23_3, i23 %p_load25" [../QAT-Model/fc.cpp:23]   --->   Operation 155 'add' 'add_ln23_1' <Predicate = true> <Delay = 1.76> <CoreInst = "DSP48">   --->   Core 116 'DSP48' <Latency = 3> <II = 1> <Delay = 1.82> <IPBlock> <Opcode : 'add' 'sub' 'mul' 'select'> <InPorts = 0> <OutPorts = 1> <Sync> <CReg>
ST_5 : Operation 156 [1/2] (1.76ns) (root node of the DSP)   --->   "%add_ln23_2 = add i23 %sext_ln23_5, i23 %p_load23" [../QAT-Model/fc.cpp:23]   --->   Operation 156 'add' 'add_ln23_2' <Predicate = true> <Delay = 1.76> <CoreInst = "DSP48">   --->   Core 116 'DSP48' <Latency = 3> <II = 1> <Delay = 1.82> <IPBlock> <Opcode : 'add' 'sub' 'mul' 'select'> <InPorts = 0> <OutPorts = 1> <Sync> <CReg>
ST_5 : Operation 157 [1/2] (1.76ns) (root node of the DSP)   --->   "%add_ln23_3 = add i23 %sext_ln23_7, i23 %p_load21" [../QAT-Model/fc.cpp:23]   --->   Operation 157 'add' 'add_ln23_3' <Predicate = true> <Delay = 1.76> <CoreInst = "DSP48">   --->   Core 116 'DSP48' <Latency = 3> <II = 1> <Delay = 1.82> <IPBlock> <Opcode : 'add' 'sub' 'mul' 'select'> <InPorts = 0> <OutPorts = 1> <Sync> <CReg>
ST_5 : Operation 158 [1/2] (1.76ns) (root node of the DSP)   --->   "%add_ln23_4 = add i23 %sext_ln23_9, i23 %p_load19" [../QAT-Model/fc.cpp:23]   --->   Operation 158 'add' 'add_ln23_4' <Predicate = true> <Delay = 1.76> <CoreInst = "DSP48">   --->   Core 116 'DSP48' <Latency = 3> <II = 1> <Delay = 1.82> <IPBlock> <Opcode : 'add' 'sub' 'mul' 'select'> <InPorts = 0> <OutPorts = 1> <Sync> <CReg>
ST_5 : Operation 159 [1/2] (1.76ns) (root node of the DSP)   --->   "%add_ln23_5 = add i23 %sext_ln23_11, i23 %p_load17" [../QAT-Model/fc.cpp:23]   --->   Operation 159 'add' 'add_ln23_5' <Predicate = true> <Delay = 1.76> <CoreInst = "DSP48">   --->   Core 116 'DSP48' <Latency = 3> <II = 1> <Delay = 1.82> <IPBlock> <Opcode : 'add' 'sub' 'mul' 'select'> <InPorts = 0> <OutPorts = 1> <Sync> <CReg>
ST_5 : Operation 160 [1/2] (1.76ns) (root node of the DSP)   --->   "%add_ln23_6 = add i23 %sext_ln23_13, i23 %p_load15" [../QAT-Model/fc.cpp:23]   --->   Operation 160 'add' 'add_ln23_6' <Predicate = true> <Delay = 1.76> <CoreInst = "DSP48">   --->   Core 116 'DSP48' <Latency = 3> <II = 1> <Delay = 1.82> <IPBlock> <Opcode : 'add' 'sub' 'mul' 'select'> <InPorts = 0> <OutPorts = 1> <Sync> <CReg>
ST_5 : Operation 161 [1/2] (1.76ns) (root node of the DSP)   --->   "%add_ln23_7 = add i23 %sext_ln23_15, i23 %p_load13" [../QAT-Model/fc.cpp:23]   --->   Operation 161 'add' 'add_ln23_7' <Predicate = true> <Delay = 1.76> <CoreInst = "DSP48">   --->   Core 116 'DSP48' <Latency = 3> <II = 1> <Delay = 1.82> <IPBlock> <Opcode : 'add' 'sub' 'mul' 'select'> <InPorts = 0> <OutPorts = 1> <Sync> <CReg>
ST_5 : Operation 162 [1/2] (1.76ns) (root node of the DSP)   --->   "%add_ln23_8 = add i23 %sext_ln23_17, i23 %p_load11" [../QAT-Model/fc.cpp:23]   --->   Operation 162 'add' 'add_ln23_8' <Predicate = true> <Delay = 1.76> <CoreInst = "DSP48">   --->   Core 116 'DSP48' <Latency = 3> <II = 1> <Delay = 1.82> <IPBlock> <Opcode : 'add' 'sub' 'mul' 'select'> <InPorts = 0> <OutPorts = 1> <Sync> <CReg>
ST_5 : Operation 163 [1/2] (1.76ns) (root node of the DSP)   --->   "%add_ln23_9 = add i23 %sext_ln23_19, i23 %p_load" [../QAT-Model/fc.cpp:23]   --->   Operation 163 'add' 'add_ln23_9' <Predicate = true> <Delay = 1.76> <CoreInst = "DSP48">   --->   Core 116 'DSP48' <Latency = 3> <II = 1> <Delay = 1.82> <IPBlock> <Opcode : 'add' 'sub' 'mul' 'select'> <InPorts = 0> <OutPorts = 1> <Sync> <CReg>
ST_5 : Operation 164 [1/1] (1.29ns)   --->   "%store_ln23 = store i23 %add_ln23_9, i23 %empty_48" [../QAT-Model/fc.cpp:23]   --->   Operation 164 'store' 'store_ln23' <Predicate = true> <Delay = 1.29>
ST_5 : Operation 165 [1/1] (1.29ns)   --->   "%store_ln23 = store i23 %add_ln23_8, i23 %empty_47" [../QAT-Model/fc.cpp:23]   --->   Operation 165 'store' 'store_ln23' <Predicate = true> <Delay = 1.29>
ST_5 : Operation 166 [1/1] (1.29ns)   --->   "%store_ln23 = store i23 %add_ln23_7, i23 %empty_46" [../QAT-Model/fc.cpp:23]   --->   Operation 166 'store' 'store_ln23' <Predicate = true> <Delay = 1.29>
ST_5 : Operation 167 [1/1] (1.29ns)   --->   "%store_ln23 = store i23 %add_ln23_6, i23 %empty_45" [../QAT-Model/fc.cpp:23]   --->   Operation 167 'store' 'store_ln23' <Predicate = true> <Delay = 1.29>
ST_5 : Operation 168 [1/1] (1.29ns)   --->   "%store_ln23 = store i23 %add_ln23_5, i23 %empty_44" [../QAT-Model/fc.cpp:23]   --->   Operation 168 'store' 'store_ln23' <Predicate = true> <Delay = 1.29>
ST_5 : Operation 169 [1/1] (1.29ns)   --->   "%store_ln23 = store i23 %add_ln23_4, i23 %empty_43" [../QAT-Model/fc.cpp:23]   --->   Operation 169 'store' 'store_ln23' <Predicate = true> <Delay = 1.29>
ST_5 : Operation 170 [1/1] (1.29ns)   --->   "%store_ln23 = store i23 %add_ln23_3, i23 %empty_42" [../QAT-Model/fc.cpp:23]   --->   Operation 170 'store' 'store_ln23' <Predicate = true> <Delay = 1.29>
ST_5 : Operation 171 [1/1] (1.29ns)   --->   "%store_ln23 = store i23 %add_ln23_2, i23 %empty_41" [../QAT-Model/fc.cpp:23]   --->   Operation 171 'store' 'store_ln23' <Predicate = true> <Delay = 1.29>
ST_5 : Operation 172 [1/1] (1.29ns)   --->   "%store_ln23 = store i23 %add_ln23_1, i23 %empty_40" [../QAT-Model/fc.cpp:23]   --->   Operation 172 'store' 'store_ln23' <Predicate = true> <Delay = 1.29>
ST_5 : Operation 173 [1/1] (1.29ns)   --->   "%store_ln23 = store i23 %add_ln23, i23 %empty" [../QAT-Model/fc.cpp:23]   --->   Operation 173 'store' 'store_ln23' <Predicate = true> <Delay = 1.29>
ST_5 : Operation 174 [1/1] (0.00ns)   --->   "%br_ln19 = br void %FC_OC" [../QAT-Model/fc.cpp:19]   --->   Operation 174 'br' 'br_ln19' <Predicate = true> <Delay = 0.00>


============================================================
+ Verbose Summary: Timing violations
============================================================
Target clock period: 10.000ns, clock uncertainty: 2.700ns.

 <State 1>: 4.069ns
The critical path consists of the following:
	'store' operation ('store_ln19', ../QAT-Model/fc.cpp:19) of constant 0 9 bit on local variable 'ic', ../QAT-Model/fc.cpp:19 [43]  (1.298 ns)
	'load' operation 9 bit ('ic', ../QAT-Model/fc.cpp:19) on local variable 'ic', ../QAT-Model/fc.cpp:19 [56]  (0.000 ns)
	'getelementptr' operation 8 bit ('ifmap_addr', ../QAT-Model/fc.cpp:23) [75]  (0.000 ns)
	'load' operation 7 bit ('ifmap_load', ../QAT-Model/fc.cpp:23) on array 'ifmap' [76]  (2.771 ns)

 <State 2>: 3.751ns
The critical path consists of the following:
	'load' operation 7 bit ('ifmap_load', ../QAT-Model/fc.cpp:23) on array 'ifmap' [76]  (2.771 ns)
	'mul' operation 15 bit of DSP[83] ('mul_ln23', ../QAT-Model/fc.cpp:23) [81]  (0.980 ns)

 <State 3>: 0.980ns
The critical path consists of the following:
	'mul' operation 15 bit of DSP[83] ('mul_ln23', ../QAT-Model/fc.cpp:23) [81]  (0.980 ns)

 <State 4>: 1.760ns
The critical path consists of the following:
	'load' operation 23 bit ('p_load27', ../QAT-Model/fc.cpp:23) on local variable 'empty' [61]  (0.000 ns)
	'add' operation 23 bit of DSP[83] ('add_ln23', ../QAT-Model/fc.cpp:23) [83]  (1.760 ns)

 <State 5>: 4.818ns
The critical path consists of the following:
	'add' operation 23 bit of DSP[83] ('add_ln23', ../QAT-Model/fc.cpp:23) [83]  (1.760 ns)
	'store' operation ('store_ln23', ../QAT-Model/fc.cpp:23) of variable 'add_ln23', ../QAT-Model/fc.cpp:23 23 bit on local variable 'empty' [148]  (1.298 ns)
	'load' operation 23 bit ('p_load27', ../QAT-Model/fc.cpp:23) on local variable 'empty' [61]  (0.000 ns)
	'add' operation 23 bit of DSP[83] ('add_ln23', ../QAT-Model/fc.cpp:23) [83]  (1.760 ns)


============================================================
+ Verbose Summary: Binding
============================================================
N/A
* FSMD analyzer results:
  - Output states:
 - Input state : 
  - Chain level:
	State 1
	State 2
	State 3
	State 4
	State 5


============================================================
+ Verbose Summary: Datapath Resource usage 
============================================================
N/A
