

================================================================
== Vitis HLS Report for 'mobilenet_v1_qat_Pipeline_GAP_C'
================================================================
* Date:           Sat Jun 27 11:08:34 2026

* Version:        2025.2 (Build 6295257 on Nov 14 2025)
* Project:        QAT_HLS
* Solution:       hls (Vivado IP Flow Target)
* Product family: zynq
* Target device:  xc7z045-ffg900-2


================================================================
== Performance Estimates
================================================================
+ Timing: 
    * Summary: 
    +--------+----------+----------+------------+
    |  Clock |  Target  | Estimated| Uncertainty|
    +--------+----------+----------+------------+
    |ap_clk  |  10.00 ns|  7.080 ns|     2.70 ns|
    +--------+----------+----------+------------+

+ Latency: 
    * Summary: 
    +---------+---------+----------+----------+-----+-----+-------------------+
    |  Latency (cycles) |  Latency (absolute) |  Interval |      Pipeline     |
    |   min   |   max   |    min   |    max   | min | max |        Type       |
    +---------+---------+----------+----------+-----+-----+-------------------+
    |      259|      259|  2.590 us|  2.590 us|    0|    0|  loop pipeline stp|
    +---------+---------+----------+----------+-----+-----+-------------------+

    + Detail: 
        * Instance: 
        N/A

        * Loop: 
        +----------+---------+---------+----------+-----------+-----------+------+----------+
        |          |  Latency (cycles) | Iteration|  Initiation Interval  | Trip |          |
        | Loop Name|   min   |   max   |  Latency |  achieved |   target  | Count| Pipelined|
        +----------+---------+---------+----------+-----------+-----------+------+----------+
        |- GAP_C   |      257|      257|         3|          1|          1|   256|       yes|
        +----------+---------+---------+----------+-----------+-----------+------+----------+

============================================================
+ Verbose Summary: Synthesis Manager
============================================================
InlineROM: 1
ExposeGlobal: 0
============================================================
+ Verbose Summary: CDFG Model
============================================================
IsTopModel: 0
ResetActiveHigh: 1
IsCombinational: 0
IsDatapathOnly: 0
HasWiredReturn: 1
HasMFsm: 2
HasVarLatency: 1
IsPipeline: 0
IsRtlPipelined: 0
IsInstanceOverlapped: 0
IsDontTouch: 0
HasImplIP: 0
IsGatedGlobalClock: 0

+ Individual pipeline summary: 
  * Pipeline-0: initiation interval (II) = 1, depth = 3


============================================================
+ Verbose Summary: Schedule
============================================================
* Number of FSM states : 3
* Pipeline : 1
  Pipeline-0 : II = 1, D = 3, States = { 1 2 3 }
* Dataflow Pipeline: 0

* FSM state transitions: 
1 --> 2 
2 --> 3 
3 --> 

* FSM state operations: 

State 1 <SV = 0> <Delay = 4.06>
ST_1 : Operation 6 [1/1] (0.00ns)   --->   "%c = alloca i32 1" [../QAT-Model/gap.cpp:7->../QAT-Model/mobilenet_v1_qat.cpp:44]   --->   Operation 6 'alloca' 'c' <Predicate = true> <Delay = 0.00>
ST_1 : Operation 7 [1/1] (1.29ns)   --->   "%store_ln7 = store i9 0, i9 %c" [../QAT-Model/gap.cpp:7->../QAT-Model/mobilenet_v1_qat.cpp:44]   --->   Operation 7 'store' 'store_ln7' <Predicate = true> <Delay = 1.29>
ST_1 : Operation 8 [1/1] (0.00ns)   --->   "%br_ln0 = br void %GAP_H.i"   --->   Operation 8 'br' 'br_ln0' <Predicate = true> <Delay = 0.00>
ST_1 : Operation 9 [1/1] (0.00ns)   --->   "%c_1 = load i9 %c" [../QAT-Model/gap.cpp:7->../QAT-Model/mobilenet_v1_qat.cpp:44]   --->   Operation 9 'load' 'c_1' <Predicate = true> <Delay = 0.00>
ST_1 : Operation 10 [1/1] (1.36ns)   --->   "%icmp_ln7 = icmp_eq  i9 %c_1, i9 256" [../QAT-Model/gap.cpp:7->../QAT-Model/mobilenet_v1_qat.cpp:44]   --->   Operation 10 'icmp' 'icmp_ln7' <Predicate = true> <Delay = 1.36> <CoreInst = "Cmp">   --->   Core 9 'Cmp' <Latency = 0> <II = 1> <Delay = 1.36> <FuncUnit> <Opcode : 'seteq' 'setne' 'setle' 'setge' 'setlt' 'setgt'> <InPorts = 2> <OutPorts = 1>
ST_1 : Operation 11 [1/1] (1.36ns)   --->   "%add_ln7 = add i9 %c_1, i9 1" [../QAT-Model/gap.cpp:7->../QAT-Model/mobilenet_v1_qat.cpp:44]   --->   Operation 11 'add' 'add_ln7' <Predicate = true> <Delay = 1.36> <CoreInst = "Adder">   --->   Core 1 'Adder' <Latency = 0> <II = 1> <Delay = 1.36> <FuncUnit> <Opcode : 'add' 'sub'> <InPorts = 2> <OutPorts = 1>
ST_1 : Operation 12 [1/1] (0.00ns)   --->   "%br_ln7 = br i1 %icmp_ln7, void %GAP_H.i.split, void %_Z19global_avg_pool_qatPA2_A2_KaPa.exit.exitStub" [../QAT-Model/gap.cpp:7->../QAT-Model/mobilenet_v1_qat.cpp:44]   --->   Operation 12 'br' 'br_ln7' <Predicate = true> <Delay = 0.00>
ST_1 : Operation 13 [1/1] (0.00ns)   --->   "%trunc_ln7 = trunc i9 %c_1" [../QAT-Model/gap.cpp:7->../QAT-Model/mobilenet_v1_qat.cpp:44]   --->   Operation 13 'trunc' 'trunc_ln7' <Predicate = (!icmp_ln7)> <Delay = 0.00>
ST_1 : Operation 14 [1/1] (0.00ns)   --->   "%shl_ln14 = shl i9 %c_1, i9 1" [../QAT-Model/gap.cpp:14->../QAT-Model/mobilenet_v1_qat.cpp:44]   --->   Operation 14 'shl' 'shl_ln14' <Predicate = (!icmp_ln7)> <Delay = 0.00>
ST_1 : Operation 15 [1/1] (0.00ns)   --->   "%zext_ln14_1 = zext i9 %shl_ln14" [../QAT-Model/gap.cpp:14->../QAT-Model/mobilenet_v1_qat.cpp:44]   --->   Operation 15 'zext' 'zext_ln14_1' <Predicate = (!icmp_ln7)> <Delay = 0.00>
ST_1 : Operation 16 [1/1] (0.00ns)   --->   "%pw3_out_addr = getelementptr i7 %pw3_out, i64 0, i64 %zext_ln14_1" [../QAT-Model/gap.cpp:14->../QAT-Model/mobilenet_v1_qat.cpp:44]   --->   Operation 16 'getelementptr' 'pw3_out_addr' <Predicate = (!icmp_ln7)> <Delay = 0.00>
ST_1 : Operation 17 [1/1] (0.00ns)   --->   "%tmp_s = bitconcatenate i9 @_ssdm_op_BitConcatenate.i9.i8.i1, i8 %trunc_ln7, i1 1" [../QAT-Model/gap.cpp:14->../QAT-Model/mobilenet_v1_qat.cpp:44]   --->   Operation 17 'bitconcatenate' 'tmp_s' <Predicate = (!icmp_ln7)> <Delay = 0.00>
ST_1 : Operation 18 [1/1] (0.00ns)   --->   "%zext_ln14_3 = zext i9 %tmp_s" [../QAT-Model/gap.cpp:14->../QAT-Model/mobilenet_v1_qat.cpp:44]   --->   Operation 18 'zext' 'zext_ln14_3' <Predicate = (!icmp_ln7)> <Delay = 0.00>
ST_1 : Operation 19 [1/1] (0.00ns)   --->   "%pw3_out_addr_1 = getelementptr i7 %pw3_out, i64 0, i64 %zext_ln14_3" [../QAT-Model/gap.cpp:14->../QAT-Model/mobilenet_v1_qat.cpp:44]   --->   Operation 19 'getelementptr' 'pw3_out_addr_1' <Predicate = (!icmp_ln7)> <Delay = 0.00>
ST_1 : Operation 20 [1/1] (0.00ns)   --->   "%pw3_out_1_addr = getelementptr i7 %pw3_out_1, i64 0, i64 %zext_ln14_1" [../QAT-Model/gap.cpp:14->../QAT-Model/mobilenet_v1_qat.cpp:44]   --->   Operation 20 'getelementptr' 'pw3_out_1_addr' <Predicate = (!icmp_ln7)> <Delay = 0.00>
ST_1 : Operation 21 [1/1] (0.00ns)   --->   "%pw3_out_1_addr_1 = getelementptr i7 %pw3_out_1, i64 0, i64 %zext_ln14_3" [../QAT-Model/gap.cpp:14->../QAT-Model/mobilenet_v1_qat.cpp:44]   --->   Operation 21 'getelementptr' 'pw3_out_1_addr_1' <Predicate = (!icmp_ln7)> <Delay = 0.00>
ST_1 : Operation 22 [2/2] (2.77ns)   --->   "%sum = load i9 %pw3_out_addr" [../QAT-Model/gap.cpp:14->../QAT-Model/mobilenet_v1_qat.cpp:44]   --->   Operation 22 'load' 'sum' <Predicate = (!icmp_ln7)> <Delay = 2.77> <CoreInst = "RAM">   --->   Core 81 'RAM' <Latency = 1> <II = 1> <Delay = 2.77> <Storage> <Opcode : 'load' 'store'> <Ports = 2> <Width = 7> <Depth = 512> <RAM>
ST_1 : Operation 23 [2/2] (2.77ns)   --->   "%pw3_out_1_load = load i9 %pw3_out_1_addr" [../QAT-Model/gap.cpp:14->../QAT-Model/mobilenet_v1_qat.cpp:44]   --->   Operation 23 'load' 'pw3_out_1_load' <Predicate = (!icmp_ln7)> <Delay = 2.77> <CoreInst = "RAM">   --->   Core 81 'RAM' <Latency = 1> <II = 1> <Delay = 2.77> <Storage> <Opcode : 'load' 'store'> <Ports = 2> <Width = 7> <Depth = 512> <RAM>
ST_1 : Operation 24 [2/2] (2.77ns)   --->   "%pw3_out_load = load i9 %pw3_out_addr_1" [../QAT-Model/gap.cpp:14->../QAT-Model/mobilenet_v1_qat.cpp:44]   --->   Operation 24 'load' 'pw3_out_load' <Predicate = (!icmp_ln7)> <Delay = 2.77> <CoreInst = "RAM">   --->   Core 81 'RAM' <Latency = 1> <II = 1> <Delay = 2.77> <Storage> <Opcode : 'load' 'store'> <Ports = 2> <Width = 7> <Depth = 512> <RAM>
ST_1 : Operation 25 [2/2] (2.77ns)   --->   "%pw3_out_1_load_1 = load i9 %pw3_out_1_addr_1" [../QAT-Model/gap.cpp:14->../QAT-Model/mobilenet_v1_qat.cpp:44]   --->   Operation 25 'load' 'pw3_out_1_load_1' <Predicate = (!icmp_ln7)> <Delay = 2.77> <CoreInst = "RAM">   --->   Core 81 'RAM' <Latency = 1> <II = 1> <Delay = 2.77> <Storage> <Opcode : 'load' 'store'> <Ports = 2> <Width = 7> <Depth = 512> <RAM>
ST_1 : Operation 26 [1/1] (1.29ns)   --->   "%store_ln7 = store i9 %add_ln7, i9 %c" [../QAT-Model/gap.cpp:7->../QAT-Model/mobilenet_v1_qat.cpp:44]   --->   Operation 26 'store' 'store_ln7' <Predicate = (!icmp_ln7)> <Delay = 1.29>

State 2 <SV = 1> <Delay = 7.08>
ST_2 : Operation 27 [1/2] ( I:2.77ns O:2.77ns )   --->   "%sum = load i9 %pw3_out_addr" [../QAT-Model/gap.cpp:14->../QAT-Model/mobilenet_v1_qat.cpp:44]   --->   Operation 27 'load' 'sum' <Predicate = true> <Delay = 2.77> <CoreInst = "RAM">   --->   Core 81 'RAM' <Latency = 1> <II = 1> <Delay = 2.77> <Storage> <Opcode : 'load' 'store'> <Ports = 2> <Width = 7> <Depth = 512> <RAM>
ST_2 : Operation 28 [1/1] (0.00ns)   --->   "%zext_ln9 = zext i7 %sum" [../QAT-Model/gap.cpp:9->../QAT-Model/mobilenet_v1_qat.cpp:44]   --->   Operation 28 'zext' 'zext_ln9' <Predicate = true> <Delay = 0.00>
ST_2 : Operation 29 [1/2] ( I:2.77ns O:2.77ns )   --->   "%pw3_out_1_load = load i9 %pw3_out_1_addr" [../QAT-Model/gap.cpp:14->../QAT-Model/mobilenet_v1_qat.cpp:44]   --->   Operation 29 'load' 'pw3_out_1_load' <Predicate = true> <Delay = 2.77> <CoreInst = "RAM">   --->   Core 81 'RAM' <Latency = 1> <II = 1> <Delay = 2.77> <Storage> <Opcode : 'load' 'store'> <Ports = 2> <Width = 7> <Depth = 512> <RAM>
ST_2 : Operation 30 [1/1] (0.00ns)   --->   "%zext_ln14 = zext i7 %pw3_out_1_load" [../QAT-Model/gap.cpp:14->../QAT-Model/mobilenet_v1_qat.cpp:44]   --->   Operation 30 'zext' 'zext_ln14' <Predicate = true> <Delay = 0.00>
ST_2 : Operation 31 [1/2] ( I:2.77ns O:2.77ns )   --->   "%pw3_out_load = load i9 %pw3_out_addr_1" [../QAT-Model/gap.cpp:14->../QAT-Model/mobilenet_v1_qat.cpp:44]   --->   Operation 31 'load' 'pw3_out_load' <Predicate = true> <Delay = 2.77> <CoreInst = "RAM">   --->   Core 81 'RAM' <Latency = 1> <II = 1> <Delay = 2.77> <Storage> <Opcode : 'load' 'store'> <Ports = 2> <Width = 7> <Depth = 512> <RAM>
ST_2 : Operation 32 [1/1] (0.00ns)   --->   "%zext_ln14_2 = zext i7 %pw3_out_load" [../QAT-Model/gap.cpp:14->../QAT-Model/mobilenet_v1_qat.cpp:44]   --->   Operation 32 'zext' 'zext_ln14_2' <Predicate = true> <Delay = 0.00>
ST_2 : Operation 33 [1/2] ( I:2.77ns O:2.77ns )   --->   "%pw3_out_1_load_1 = load i9 %pw3_out_1_addr_1" [../QAT-Model/gap.cpp:14->../QAT-Model/mobilenet_v1_qat.cpp:44]   --->   Operation 33 'load' 'pw3_out_1_load_1' <Predicate = true> <Delay = 2.77> <CoreInst = "RAM">   --->   Core 81 'RAM' <Latency = 1> <II = 1> <Delay = 2.77> <Storage> <Opcode : 'load' 'store'> <Ports = 2> <Width = 7> <Depth = 512> <RAM>
ST_2 : Operation 34 [1/1] (0.00ns)   --->   "%zext_ln17 = zext i7 %pw3_out_1_load_1" [../QAT-Model/gap.cpp:17->../QAT-Model/mobilenet_v1_qat.cpp:44]   --->   Operation 34 'zext' 'zext_ln17' <Predicate = true> <Delay = 0.00>
ST_2 : Operation 35 [1/1] (1.31ns)   --->   "%add_ln17 = add i8 %zext_ln9, i8 %zext_ln14" [../QAT-Model/gap.cpp:17->../QAT-Model/mobilenet_v1_qat.cpp:44]   --->   Operation 35 'add' 'add_ln17' <Predicate = true> <Delay = 1.31> <CoreInst = "Adder">   --->   Core 1 'Adder' <Latency = 0> <II = 1> <Delay = 1.31> <FuncUnit> <Opcode : 'add' 'sub'> <InPorts = 2> <OutPorts = 1>
ST_2 : Operation 36 [1/1] (0.00ns)   --->   "%zext_ln17_1 = zext i8 %add_ln17" [../QAT-Model/gap.cpp:17->../QAT-Model/mobilenet_v1_qat.cpp:44]   --->   Operation 36 'zext' 'zext_ln17_1' <Predicate = true> <Delay = 0.00>
ST_2 : Operation 37 [1/1] (1.31ns)   --->   "%add_ln17_1 = add i8 %zext_ln17, i8 2" [../QAT-Model/gap.cpp:17->../QAT-Model/mobilenet_v1_qat.cpp:44]   --->   Operation 37 'add' 'add_ln17_1' <Predicate = true> <Delay = 1.31> <CoreInst = "Adder">   --->   Core 1 'Adder' <Latency = 0> <II = 1> <Delay = 1.31> <FuncUnit> <Opcode : 'add' 'sub'> <InPorts = 2> <OutPorts = 1>
ST_2 : Operation 38 [1/1] (0.00ns)   --->   "%zext_ln17_2 = zext i8 %add_ln17_1" [../QAT-Model/gap.cpp:17->../QAT-Model/mobilenet_v1_qat.cpp:44]   --->   Operation 38 'zext' 'zext_ln17_2' <Predicate = true> <Delay = 0.00>
ST_2 : Operation 39 [1/1] (0.00ns) (grouped into TernaryAdder)   --->   "%add_ln17_2 = add i9 %zext_ln17_2, i9 %zext_ln14_2" [../QAT-Model/gap.cpp:17->../QAT-Model/mobilenet_v1_qat.cpp:44]   --->   Operation 39 'add' 'add_ln17_2' <Predicate = true> <Delay = 0.00> <CoreInst = "TAddSub">   --->   Core 10 'TAddSub' <Latency = 0> <II = 1> <Delay = 1.49> <IPBlock> <Opcode : 'add' 'sub'> <InPorts = 3> <OutPorts = 1> <Sync> <CReg>
ST_2 : Operation 40 [1/1] (2.99ns) (root node of TernaryAdder)   --->   "%add_ln17_3 = add i9 %add_ln17_2, i9 %zext_ln17_1" [../QAT-Model/gap.cpp:17->../QAT-Model/mobilenet_v1_qat.cpp:44]   --->   Operation 40 'add' 'add_ln17_3' <Predicate = true> <Delay = 2.99> <CoreInst = "TAddSub">   --->   Core 10 'TAddSub' <Latency = 0> <II = 1> <Delay = 1.49> <IPBlock> <Opcode : 'add' 'sub'> <InPorts = 3> <OutPorts = 1> <Sync> <CReg>
ST_2 : Operation 41 [1/1] (0.00ns)   --->   "%trunc_ln = partselect i7 @_ssdm_op_PartSelect.i7.i9.i32.i32, i9 %add_ln17_3, i32 2, i32 8" [../QAT-Model/gap.cpp:20->../QAT-Model/mobilenet_v1_qat.cpp:44]   --->   Operation 41 'partselect' 'trunc_ln' <Predicate = true> <Delay = 0.00>
ST_2 : Operation 49 [1/1] (1.29ns)   --->   "%ret_ln0 = ret"   --->   Operation 49 'ret' 'ret_ln0' <Predicate = (icmp_ln7)> <Delay = 1.29>

State 3 <SV = 2> <Delay = 2.77>
ST_3 : Operation 42 [1/1] (0.00ns)   --->   "%zext_ln7 = zext i9 %c_1" [../QAT-Model/gap.cpp:7->../QAT-Model/mobilenet_v1_qat.cpp:44]   --->   Operation 42 'zext' 'zext_ln7' <Predicate = true> <Delay = 0.00>
ST_3 : Operation 43 [1/1] (0.00ns)   --->   "%specpipeline_ln8 = specpipeline void @_ssdm_op_SpecPipeline, i32 4294967295, i32 0, i32 0, i32 0, i32 4294967295, void @empty_10" [../QAT-Model/gap.cpp:8->../QAT-Model/mobilenet_v1_qat.cpp:44]   --->   Operation 43 'specpipeline' 'specpipeline_ln8' <Predicate = true> <Delay = 0.00>
ST_3 : Operation 44 [1/1] (0.00ns)   --->   "%speclooptripcount_ln7 = speclooptripcount void @_ssdm_op_SpecLoopTripCount, i64 256, i64 256, i64 256" [../QAT-Model/gap.cpp:7->../QAT-Model/mobilenet_v1_qat.cpp:44]   --->   Operation 44 'speclooptripcount' 'speclooptripcount_ln7' <Predicate = true> <Delay = 0.00>
ST_3 : Operation 45 [1/1] (0.00ns)   --->   "%specloopname_ln7 = specloopname void @_ssdm_op_SpecLoopName, void @empty_11" [../QAT-Model/gap.cpp:7->../QAT-Model/mobilenet_v1_qat.cpp:44]   --->   Operation 45 'specloopname' 'specloopname_ln7' <Predicate = true> <Delay = 0.00>
ST_3 : Operation 46 [1/1] (0.00ns)   --->   "%gap_out_addr = getelementptr i7 %gap_out, i64 0, i64 %zext_ln7" [../QAT-Model/gap.cpp:20->../QAT-Model/mobilenet_v1_qat.cpp:44]   --->   Operation 46 'getelementptr' 'gap_out_addr' <Predicate = true> <Delay = 0.00>
ST_3 : Operation 47 [1/1] ( I:2.77ns O:2.77ns )   --->   "%store_ln20 = store i7 %trunc_ln, i8 %gap_out_addr" [../QAT-Model/gap.cpp:20->../QAT-Model/mobilenet_v1_qat.cpp:44]   --->   Operation 47 'store' 'store_ln20' <Predicate = true> <Delay = 2.77> <CoreInst = "RAM">   --->   Core 81 'RAM' <Latency = 1> <II = 1> <Delay = 2.77> <Storage> <Opcode : 'load' 'store'> <Ports = 2> <Width = 7> <Depth = 256> <RAM>
ST_3 : Operation 48 [1/1] (0.00ns)   --->   "%br_ln7 = br void %GAP_H.i" [../QAT-Model/gap.cpp:7->../QAT-Model/mobilenet_v1_qat.cpp:44]   --->   Operation 48 'br' 'br_ln7' <Predicate = true> <Delay = 0.00>


============================================================
+ Verbose Summary: Timing violations
============================================================
Target clock period: 10.000ns, clock uncertainty: 2.700ns.

 <State 1>: 4.069ns
The critical path consists of the following:
	'store' operation ('store_ln7', ../QAT-Model/gap.cpp:7->../QAT-Model/mobilenet_v1_qat.cpp:44) of constant 0 9 bit on local variable 'c', ../QAT-Model/gap.cpp:7->../QAT-Model/mobilenet_v1_qat.cpp:44 [5]  (1.298 ns)
	'load' operation 9 bit ('c', ../QAT-Model/gap.cpp:7->../QAT-Model/mobilenet_v1_qat.cpp:44) on local variable 'c', ../QAT-Model/gap.cpp:7->../QAT-Model/mobilenet_v1_qat.cpp:44 [8]  (0.000 ns)
	'shl' operation 9 bit ('shl_ln14', ../QAT-Model/gap.cpp:14->../QAT-Model/mobilenet_v1_qat.cpp:44) [15]  (0.000 ns)
	'getelementptr' operation 9 bit ('pw3_out_addr', ../QAT-Model/gap.cpp:14->../QAT-Model/mobilenet_v1_qat.cpp:44) [17]  (0.000 ns)
	'load' operation 7 bit ('sum', ../QAT-Model/gap.cpp:14->../QAT-Model/mobilenet_v1_qat.cpp:44) on array 'pw3_out' [26]  (2.771 ns)

 <State 2>: 7.080ns
The critical path consists of the following:
	'load' operation 7 bit ('sum', ../QAT-Model/gap.cpp:14->../QAT-Model/mobilenet_v1_qat.cpp:44) on array 'pw3_out' [26]  (2.771 ns)
	'add' operation 8 bit ('add_ln17', ../QAT-Model/gap.cpp:17->../QAT-Model/mobilenet_v1_qat.cpp:44) [34]  (1.316 ns)
	'add' operation 9 bit ('add_ln17_3', ../QAT-Model/gap.cpp:17->../QAT-Model/mobilenet_v1_qat.cpp:44) [39]  (2.994 ns)

 <State 3>: 2.771ns
The critical path consists of the following:
	'getelementptr' operation 8 bit ('gap_out_addr', ../QAT-Model/gap.cpp:20->../QAT-Model/mobilenet_v1_qat.cpp:44) [41]  (0.000 ns)
	'store' operation ('store_ln20', ../QAT-Model/gap.cpp:20->../QAT-Model/mobilenet_v1_qat.cpp:44) of variable 'trunc_ln', ../QAT-Model/gap.cpp:20->../QAT-Model/mobilenet_v1_qat.cpp:44 7 bit on array 'gap_out' [42]  (2.771 ns)


============================================================
+ Verbose Summary: Binding
============================================================
N/A
* FSMD analyzer results:
  - Output states:
 - Input state : 
  - Chain level:
	State 1
	State 2
	State 3


============================================================
+ Verbose Summary: Datapath Resource usage 
============================================================
N/A
