

================================================================
== Vitis HLS Report for 'mobilenet_v1_qat_Pipeline_STORE_O'
================================================================
* Date:           Sat Jun 27 11:08:34 2026

* Version:        2025.2 (Build 6295257 on Nov 14 2025)
* Project:        QAT_HLS
* Solution:       hls (Vivado IP Flow Target)
* Product family: zynq
* Target device:  xc7z045-ffg900-2


================================================================
== Performance Estimates
================================================================
+ Timing: 
    * Summary: 
    +--------+----------+----------+------------+
    |  Clock |  Target  | Estimated| Uncertainty|
    +--------+----------+----------+------------+
    |ap_clk  |  10.00 ns|  7.300 ns|     2.70 ns|
    +--------+----------+----------+------------+

+ Latency: 
    * Summary: 
    +---------+---------+----------+----------+-----+-----+-------------------+
    |  Latency (cycles) |  Latency (absolute) |  Interval |      Pipeline     |
    |   min   |   max   |    min   |    max   | min | max |        Type       |
    +---------+---------+----------+----------+-----+-----+-------------------+
    |       13|       13|  0.130 us|  0.130 us|    0|    0|  loop pipeline stp|
    +---------+---------+----------+----------+-----+-----+-------------------+

    + Detail: 
        * Instance: 
        N/A

        * Loop: 
        +-----------+---------+---------+----------+-----------+-----------+------+----------+
        |           |  Latency (cycles) | Iteration|  Initiation Interval  | Trip |          |
        | Loop Name |   min   |   max   |  Latency |  achieved |   target  | Count| Pipelined|
        +-----------+---------+---------+----------+-----------+-----------+------+----------+
        |- STORE_O  |       11|       11|         3|          1|          1|    10|       yes|
        +-----------+---------+---------+----------+-----------+-----------+------+----------+

============================================================
+ Verbose Summary: Synthesis Manager
============================================================
InlineROM: 1
ExposeGlobal: 0
============================================================
+ Verbose Summary: CDFG Model
============================================================
IsTopModel: 0
ResetActiveHigh: 1
IsCombinational: 0
IsDatapathOnly: 0
HasWiredReturn: 1
HasMFsm: 2
HasVarLatency: 1
IsPipeline: 0
IsRtlPipelined: 0
IsInstanceOverlapped: 0
IsDontTouch: 0
HasImplIP: 0
IsGatedGlobalClock: 0

+ Individual pipeline summary: 
  * Pipeline-0: initiation interval (II) = 1, depth = 3


============================================================
+ Verbose Summary: Schedule
============================================================
* Number of FSM states : 3
* Pipeline : 1
  Pipeline-0 : II = 1, D = 3, States = { 1 2 3 }
* Dataflow Pipeline: 0

* FSM state transitions: 
1 --> 2 
2 --> 3 
3 --> 

* FSM state operations: 

State 1 <SV = 0> <Delay = 3.59>
ST_1 : Operation 6 [1/1] (0.00ns)   --->   "%i = alloca i32 1" [../QAT-Model/transfer.cpp:29->../QAT-Model/mobilenet_v1_qat.cpp:48]   --->   Operation 6 'alloca' 'i' <Predicate = true> <Delay = 0.00>
ST_1 : Operation 7 [1/1] (0.00ns)   --->   "%sext_ln29_read = read i62 @_ssdm_op_Read.ap_auto.i62, i62 %sext_ln29"   --->   Operation 7 'read' 'sext_ln29_read' <Predicate = true> <Delay = 0.00>
ST_1 : Operation 8 [1/1] (0.00ns)   --->   "%sext_ln29_cast = sext i62 %sext_ln29_read"   --->   Operation 8 'sext' 'sext_ln29_cast' <Predicate = true> <Delay = 0.00>
ST_1 : Operation 9 [1/1] (0.00ns)   --->   "%specinterface_ln0 = specinterface void @_ssdm_op_SpecInterface, i32 %gmem, void @empty_6, i32 0, i32 0, void @empty_10, i32 0, i32 3072, void @empty_2, void @empty_3, void @empty_10, i32 16, i32 16, i32 16, i32 16, void @empty_10, void @empty_10, i32 4294967295, i32 0, i32 0, i32 4"   --->   Operation 9 'specinterface' 'specinterface_ln0' <Predicate = true> <Delay = 0.00>
ST_1 : Operation 10 [1/1] (1.29ns)   --->   "%store_ln29 = store i4 0, i4 %i" [../QAT-Model/transfer.cpp:29->../QAT-Model/mobilenet_v1_qat.cpp:48]   --->   Operation 10 'store' 'store_ln29' <Predicate = true> <Delay = 1.29>
ST_1 : Operation 11 [1/1] (0.00ns)   --->   "%br_ln0 = br void %for.inc.i"   --->   Operation 11 'br' 'br_ln0' <Predicate = true> <Delay = 0.00>
ST_1 : Operation 12 [1/1] (0.00ns)   --->   "%i_1 = load i4 %i" [../QAT-Model/transfer.cpp:29->../QAT-Model/mobilenet_v1_qat.cpp:48]   --->   Operation 12 'load' 'i_1' <Predicate = true> <Delay = 0.00>
ST_1 : Operation 13 [1/1] (0.00ns)   --->   "%specbitsmap_ln0 = specbitsmap void @_ssdm_op_SpecBitsMap, i32 %gmem"   --->   Operation 13 'specbitsmap' 'specbitsmap_ln0' <Predicate = true> <Delay = 0.00>
ST_1 : Operation 14 [1/1] (0.99ns)   --->   "%icmp_ln29 = icmp_eq  i4 %i_1, i4 10" [../QAT-Model/transfer.cpp:29->../QAT-Model/mobilenet_v1_qat.cpp:48]   --->   Operation 14 'icmp' 'icmp_ln29' <Predicate = true> <Delay = 0.99> <CoreInst = "Cmp">   --->   Core 9 'Cmp' <Latency = 0> <II = 1> <Delay = 0.99> <FuncUnit> <Opcode : 'seteq' 'setne' 'setle' 'setge' 'setlt' 'setgt'> <InPorts = 2> <OutPorts = 1>
ST_1 : Operation 15 [1/1] (0.99ns)   --->   "%add_ln29 = add i4 %i_1, i4 1" [../QAT-Model/transfer.cpp:29->../QAT-Model/mobilenet_v1_qat.cpp:48]   --->   Operation 15 'add' 'add_ln29' <Predicate = true> <Delay = 0.99> <CoreInst = "Adder">   --->   Core 1 'Adder' <Latency = 0> <II = 1> <Delay = 0.99> <FuncUnit> <Opcode : 'add' 'sub'> <InPorts = 2> <OutPorts = 1>
ST_1 : Operation 16 [1/1] (0.00ns)   --->   "%br_ln29 = br i1 %icmp_ln29, void %for.inc.i.split, void %_Z16store_output_qatPfS_.exit.exitStub" [../QAT-Model/transfer.cpp:29->../QAT-Model/mobilenet_v1_qat.cpp:48]   --->   Operation 16 'br' 'br_ln29' <Predicate = true> <Delay = 0.00>
ST_1 : Operation 17 [1/1] (0.00ns)   --->   "%zext_ln29 = zext i4 %i_1" [../QAT-Model/transfer.cpp:29->../QAT-Model/mobilenet_v1_qat.cpp:48]   --->   Operation 17 'zext' 'zext_ln29' <Predicate = (!icmp_ln29)> <Delay = 0.00>
ST_1 : Operation 18 [1/1] (0.00ns)   --->   "%logits_addr = getelementptr i32 %logits, i64 0, i64 %zext_ln29" [../QAT-Model/transfer.cpp:31->../QAT-Model/mobilenet_v1_qat.cpp:48]   --->   Operation 18 'getelementptr' 'logits_addr' <Predicate = (!icmp_ln29)> <Delay = 0.00>
ST_1 : Operation 19 [2/2] (1.75ns)   --->   "%logits_load = load i4 %logits_addr" [../QAT-Model/transfer.cpp:31->../QAT-Model/mobilenet_v1_qat.cpp:48]   --->   Operation 19 'load' 'logits_load' <Predicate = (!icmp_ln29)> <Delay = 1.75> <CoreInst = "RAM">   --->   Core 81 'RAM' <Latency = 1> <II = 1> <Delay = 1.75> <Storage> <Opcode : 'load' 'store'> <Ports = 2> <Width = 32> <Depth = 10> <RAM>
ST_1 : Operation 20 [1/1] (1.29ns)   --->   "%store_ln29 = store i4 %add_ln29, i4 %i" [../QAT-Model/transfer.cpp:29->../QAT-Model/mobilenet_v1_qat.cpp:48]   --->   Operation 20 'store' 'store_ln29' <Predicate = (!icmp_ln29)> <Delay = 1.29>

State 2 <SV = 1> <Delay = 1.75>
ST_2 : Operation 21 [1/2] ( I:1.75ns O:1.75ns )   --->   "%logits_load = load i4 %logits_addr" [../QAT-Model/transfer.cpp:31->../QAT-Model/mobilenet_v1_qat.cpp:48]   --->   Operation 21 'load' 'logits_load' <Predicate = true> <Delay = 1.75> <CoreInst = "RAM">   --->   Core 81 'RAM' <Latency = 1> <II = 1> <Delay = 1.75> <Storage> <Opcode : 'load' 'store'> <Ports = 2> <Width = 32> <Depth = 10> <RAM>
ST_2 : Operation 29 [1/1] (1.29ns)   --->   "%ret_ln0 = ret"   --->   Operation 29 'ret' 'ret_ln0' <Predicate = (icmp_ln29)> <Delay = 1.29>

State 3 <SV = 2> <Delay = 7.30>
ST_3 : Operation 22 [1/1] (0.00ns)   --->   "%gmem_addr = getelementptr i32 %gmem, i64 %sext_ln29_cast" [../QAT-Model/transfer.cpp:29->../QAT-Model/mobilenet_v1_qat.cpp:48]   --->   Operation 22 'getelementptr' 'gmem_addr' <Predicate = true> <Delay = 0.00>
ST_3 : Operation 23 [1/1] (0.00ns)   --->   "%specpipeline_ln30 = specpipeline void @_ssdm_op_SpecPipeline, i32 1, i32 0, i32 0, i32 0, i32 4294967295, void @empty_10" [../QAT-Model/transfer.cpp:30->../QAT-Model/mobilenet_v1_qat.cpp:48]   --->   Operation 23 'specpipeline' 'specpipeline_ln30' <Predicate = true> <Delay = 0.00>
ST_3 : Operation 24 [1/1] (0.00ns)   --->   "%speclooptripcount_ln29 = speclooptripcount void @_ssdm_op_SpecLoopTripCount, i64 10, i64 10, i64 10" [../QAT-Model/transfer.cpp:29->../QAT-Model/mobilenet_v1_qat.cpp:48]   --->   Operation 24 'speclooptripcount' 'speclooptripcount_ln29' <Predicate = true> <Delay = 0.00>
ST_3 : Operation 25 [1/1] (0.00ns)   --->   "%specloopname_ln29 = specloopname void @_ssdm_op_SpecLoopName, void @empty_12" [../QAT-Model/transfer.cpp:29->../QAT-Model/mobilenet_v1_qat.cpp:48]   --->   Operation 25 'specloopname' 'specloopname_ln29' <Predicate = true> <Delay = 0.00>
ST_3 : Operation 26 [1/1] (0.00ns)   --->   "%bitcast_ln31 = bitcast i32 %logits_load" [../QAT-Model/transfer.cpp:31->../QAT-Model/mobilenet_v1_qat.cpp:48]   --->   Operation 26 'bitcast' 'bitcast_ln31' <Predicate = true> <Delay = 0.00>
ST_3 : Operation 27 [1/1] ( I:7.30ns O:7.30ns )   --->   "%write_ln31 = write void @_ssdm_op_Write.m_axi.p1i32.i32, i32 %gmem_addr, i32 %bitcast_ln31, i4 15" [../QAT-Model/transfer.cpp:31->../QAT-Model/mobilenet_v1_qat.cpp:48]   --->   Operation 27 'write' 'write_ln31' <Predicate = true> <Delay = 7.30> <CoreInst = "m_axi">   --->   Core 111 'm_axi' <Latency = 5> <II = 1> <Delay = 1.00> <Adapter> <Opcode : 'readrequnaligned' 'writerequnaligned' 'read' 'write' 'readreq' 'writereq' 'writeresp'>
ST_3 : Operation 28 [1/1] (0.00ns)   --->   "%br_ln29 = br void %for.inc.i" [../QAT-Model/transfer.cpp:29->../QAT-Model/mobilenet_v1_qat.cpp:48]   --->   Operation 28 'br' 'br_ln29' <Predicate = true> <Delay = 0.00>


============================================================
+ Verbose Summary: Binding
============================================================
STG Binding: 
---------------- STG Properties BEGIN ----------------
- Is combinational: 0
- Is one-state seq: 0
- Is datapath-only: 0
- Is pipelined: 0
- Is top level: 0
Port [ Return ] is wired: 1; IO mode=ap_ctrl_hs:ce=0
Port [ gmem]:  wired=1; compound=1; hidden=0; nouse=0; global=0; static=0; extern=0; dir=1; type=4; pingpong=0; private_global=0; IO mode=m_axi:ce=0
Port [ sext_ln29]:  wired=1; compound=0; hidden=0; nouse=0; global=0; static=0; extern=0; dir=0; type=0; pingpong=0; private_global=0; IO mode=ap_none:ce=0
Port [ logits]:  wired=1; compound=1; hidden=0; nouse=0; global=0; static=0; extern=0; dir=0; type=1; pingpong=0; private_global=0; MemPort=[13]; IO mode=ap_memory:ce=0
---------------- STG Properties END ------------------

---------------- Datapath Model BEGIN ----------------

<LifeTime>
<method=bitvector/>
i                      (alloca           ) [ 0100]
sext_ln29_read         (read             ) [ 0000]
sext_ln29_cast         (sext             ) [ 0111]
specinterface_ln0      (specinterface    ) [ 0000]
store_ln29             (store            ) [ 0000]
br_ln0                 (br               ) [ 0000]
i_1                    (load             ) [ 0000]
specbitsmap_ln0        (specbitsmap      ) [ 0000]
icmp_ln29              (icmp             ) [ 0110]
add_ln29               (add              ) [ 0000]
br_ln29                (br               ) [ 0000]
zext_ln29              (zext             ) [ 0000]
logits_addr            (getelementptr    ) [ 0110]
store_ln29             (store            ) [ 0000]
logits_load            (load             ) [ 0101]
gmem_addr              (getelementptr    ) [ 0000]
specpipeline_ln30      (specpipeline     ) [ 0000]
speclooptripcount_ln29 (speclooptripcount) [ 0000]
specloopname_ln29      (specloopname     ) [ 0000]
bitcast_ln31           (bitcast          ) [ 0000]
write_ln31             (write            ) [ 0000]
br_ln29                (br               ) [ 0000]
ret_ln0                (ret              ) [ 0000]
</LifeTime>

<model>

<comp_list>
<comp id="0" class="1000" name="gmem">
<pin_list>
<pin id="1" dir="1" index="0" bw="1" slack="0"/>
</pin_list>
<bind>
<StgValue><ssdm name="gmem"/><MemPortTyVec>1 </MemPortTyVec>
</StgValue>
</bind>
</comp>

<comp id="2" class="1000" name="sext_ln29">
<pin_list>
<pin id="3" dir="1" index="0" bw="1" slack="0"/>
</pin_list>
<bind>
<StgValue><ssdm name="sext_ln29"/></StgValue>
</bind>
</comp>

<comp id="4" class="1000" name="logits">
<pin_list>
<pin id="5" dir="1" index="0" bw="1" slack="0"/>
</pin_list>
<bind>
<StgValue><ssdm name="logits"/><MemPortTyVec>1 3 </MemPortTyVec>
</StgValue>
</bind>
</comp>

<comp id="6" class="1001" name="const_6">
<pin_list>
<pin id="7" dir="1" index="0" bw="1" slack="0"/>
</pin_list>
<bind>
<StgValue><ssdm name=""/></StgValue>
</bind>
</comp>

<comp id="8" class="1001" name="const_8">
<pin_list>
<pin id="9" dir="1" index="0" bw="1" slack="0"/>
</pin_list>
<bind>
<StgValue><ssdm name="_ssdm_op_Read.ap_auto.i62"/></StgValue>
</bind>
</comp>

<comp id="10" class="1001" name="const_10">
<pin_list>
<pin id="11" dir="1" index="0" bw="1" slack="2147483647"/>
</pin_list>
<bind>
<StgValue><ssdm name="_ssdm_op_SpecInterface"/></StgValue>
</bind>
</comp>

<comp id="12" class="1001" name="const_12">
<pin_list>
<pin id="13" dir="1" index="0" bw="1" slack="2147483647"/>
</pin_list>
<bind>
<StgValue><ssdm name="empty_6"/></StgValue>
</bind>
</comp>

<comp id="14" class="1001" name="const_14">
<pin_list>
<pin id="15" dir="1" index="0" bw="1" slack="2147483647"/>
</pin_list>
<bind>
<StgValue><ssdm name=""/></StgValue>
</bind>
</comp>

<comp id="16" class="1001" name="const_16">
<pin_list>
<pin id="17" dir="1" index="0" bw="1" slack="2147483647"/>
</pin_list>
<bind>
<StgValue><ssdm name="empty_10"/></StgValue>
</bind>
</comp>

<comp id="18" class="1001" name="const_18">
<pin_list>
<pin id="19" dir="1" index="0" bw="1" slack="2147483647"/>
</pin_list>
<bind>
<StgValue><ssdm name=""/></StgValue>
</bind>
</comp>

<comp id="20" class="1001" name="const_20">
<pin_list>
<pin id="21" dir="1" index="0" bw="1" slack="2147483647"/>
</pin_list>
<bind>
<StgValue><ssdm name="empty_2"/></StgValue>
</bind>
</comp>

<comp id="22" class="1001" name="const_22">
<pin_list>
<pin id="23" dir="1" index="0" bw="1" slack="2147483647"/>
</pin_list>
<bind>
<StgValue><ssdm name="empty_3"/></StgValue>
</bind>
</comp>

<comp id="24" class="1001" name="const_24">
<pin_list>
<pin id="25" dir="1" index="0" bw="1" slack="2147483647"/>
</pin_list>
<bind>
<StgValue><ssdm name=""/></StgValue>
</bind>
</comp>

<comp id="26" class="1001" name="const_26">
<pin_list>
<pin id="27" dir="1" index="0" bw="1" slack="2147483647"/>
</pin_list>
<bind>
<StgValue><ssdm name=""/></StgValue>
</bind>
</comp>

<comp id="28" class="1001" name="const_28">
<pin_list>
<pin id="29" dir="1" index="0" bw="1" slack="2147483647"/>
</pin_list>
<bind>
<StgValue><ssdm name=""/></StgValue>
</bind>
</comp>

<comp id="30" class="1001" name="const_30">
<pin_list>
<pin id="31" dir="1" index="0" bw="1" slack="0"/>
</pin_list>
<bind>
<StgValue><ssdm name=""/></StgValue>
</bind>
</comp>

<comp id="32" class="1001" name="const_32">
<pin_list>
<pin id="33" dir="1" index="0" bw="1" slack="2147483647"/>
</pin_list>
<bind>
<StgValue><ssdm name="_ssdm_op_SpecBitsMap"/></StgValue>
</bind>
</comp>

<comp id="34" class="1001" name="const_34">
<pin_list>
<pin id="35" dir="1" index="0" bw="1" slack="0"/>
</pin_list>
<bind>
<StgValue><ssdm name=""/></StgValue>
</bind>
</comp>

<comp id="36" class="1001" name="const_36">
<pin_list>
<pin id="37" dir="1" index="0" bw="1" slack="0"/>
</pin_list>
<bind>
<StgValue><ssdm name=""/></StgValue>
</bind>
</comp>

<comp id="38" class="1001" name="const_38">
<pin_list>
<pin id="39" dir="1" index="0" bw="1" slack="0"/>
</pin_list>
<bind>
<StgValue><ssdm name=""/></StgValue>
</bind>
</comp>

<comp id="40" class="1001" name="const_40">
<pin_list>
<pin id="41" dir="1" index="0" bw="1" slack="2147483647"/>
</pin_list>
<bind>
<StgValue><ssdm name="_ssdm_op_SpecPipeline"/></StgValue>
</bind>
</comp>

<comp id="42" class="1001" name="const_42">
<pin_list>
<pin id="43" dir="1" index="0" bw="1" slack="2147483647"/>
</pin_list>
<bind>
<StgValue><ssdm name="_ssdm_op_SpecLoopTripCount"/></StgValue>
</bind>
</comp>

<comp id="44" class="1001" name="const_44">
<pin_list>
<pin id="45" dir="1" index="0" bw="1" slack="2147483647"/>
</pin_list>
<bind>
<StgValue><ssdm name=""/></StgValue>
</bind>
</comp>

<comp id="46" class="1001" name="const_46">
<pin_list>
<pin id="47" dir="1" index="0" bw="1" slack="2147483647"/>
</pin_list>
<bind>
<StgValue><ssdm name="_ssdm_op_SpecLoopName"/></StgValue>
</bind>
</comp>

<comp id="48" class="1001" name="const_48">
<pin_list>
<pin id="49" dir="1" index="0" bw="1" slack="2147483647"/>
</pin_list>
<bind>
<StgValue><ssdm name="empty_12"/></StgValue>
</bind>
</comp>

<comp id="50" class="1001" name="const_50">
<pin_list>
<pin id="51" dir="1" index="0" bw="1" slack="0"/>
</pin_list>
<bind>
<StgValue><ssdm name="_ssdm_op_Write.m_axi.p1i32.i32"/></StgValue>
</bind>
</comp>

<comp id="52" class="1001" name="const_52">
<pin_list>
<pin id="53" dir="1" index="0" bw="1" slack="0"/>
</pin_list>
<bind>
<StgValue><ssdm name=""/></StgValue>
</bind>
</comp>

<comp id="54" class="1004" name="i_fu_54">
<pin_list>
<pin id="55" dir="0" index="0" bw="1" slack="0"/>
<pin id="56" dir="1" index="1" bw="4" slack="0"/>
</pin_list>
<bind>
<opcode="alloca(26) " fcode="alloca"/>
<opset="i/1 "/>
</bind>
</comp>

<comp id="58" class="1004" name="sext_ln29_read_read_fu_58">
<pin_list>
<pin id="59" dir="0" index="0" bw="62" slack="0"/>
<pin id="60" dir="0" index="1" bw="62" slack="0"/>
<pin id="61" dir="1" index="2" bw="62" slack="0"/>
</pin_list>
<bind>
<opcode="read(1150) " fcode="read"/>
<opset="sext_ln29_read/1 "/>
</bind>
</comp>

<comp id="64" class="1004" name="logits_addr_gep_fu_64">
<pin_list>
<pin id="65" dir="0" index="0" bw="32" slack="0"/>
<pin id="66" dir="0" index="1" bw="1" slack="0"/>
<pin id="67" dir="0" index="2" bw="4" slack="0"/>
<pin id="68" dir="1" index="3" bw="4" slack="0"/>
</pin_list>
<bind>
<opcode="getelementptr(29) " fcode="getelementptr"/>
<opset="logits_addr/1 "/>
</bind>
</comp>

<comp id="71" class="1004" name="grp_access_fu_71">
<pin_list>
<pin id="72" dir="0" index="0" bw="4" slack="0"/>
<pin id="73" dir="0" index="1" bw="32" slack="2147483647"/>
<pin id="74" dir="0" index="2" bw="0" slack="2147483647"/>
<pin id="75" dir="1" index="3" bw="32" slack="1"/>
</pin_list>
<bind>
<opcode="load(27) " fcode="load"/>
<opset="logits_load/1 "/>
</bind>
</comp>

<comp id="77" class="1004" name="write_ln31_write_fu_77">
<pin_list>
<pin id="78" dir="0" index="0" bw="0" slack="0"/>
<pin id="79" dir="0" index="1" bw="32" slack="0"/>
<pin id="80" dir="0" index="2" bw="32" slack="0"/>
<pin id="81" dir="0" index="3" bw="1" slack="0"/>
<pin id="82" dir="1" index="4" bw="0" slack="2147483647"/>
</pin_list>
<bind>
<opcode="write(1151) " fcode="write"/>
<opset="write_ln31/3 "/>
</bind>
</comp>

<comp id="85" class="1004" name="sext_ln29_cast_fu_85">
<pin_list>
<pin id="86" dir="0" index="0" bw="62" slack="0"/>
<pin id="87" dir="1" index="1" bw="64" slack="2"/>
</pin_list>
<bind>
<opcode="sext(35) " fcode="sext"/>
<opset="sext_ln29_cast/1 "/>
</bind>
</comp>

<comp id="89" class="1004" name="store_ln29_store_fu_89">
<pin_list>
<pin id="90" dir="0" index="0" bw="1" slack="0"/>
<pin id="91" dir="0" index="1" bw="4" slack="0"/>
<pin id="92" dir="1" index="2" bw="0" slack="2147483647"/>
</pin_list>
<bind>
<opcode="store(28) " fcode="store"/>
<opset="store_ln29/1 "/>
</bind>
</comp>

<comp id="94" class="1004" name="i_1_load_fu_94">
<pin_list>
<pin id="95" dir="0" index="0" bw="4" slack="0"/>
<pin id="96" dir="1" index="1" bw="4" slack="0"/>
</pin_list>
<bind>
<opcode="load(27) " fcode="load"/>
<opset="i_1/1 "/>
</bind>
</comp>

<comp id="97" class="1004" name="icmp_ln29_fu_97">
<pin_list>
<pin id="98" dir="0" index="0" bw="4" slack="0"/>
<pin id="99" dir="0" index="1" bw="4" slack="0"/>
<pin id="100" dir="1" index="2" bw="1" slack="1"/>
</pin_list>
<bind>
<opcode="icmp(45) " fcode="icmp"/>
<opset="icmp_ln29/1 "/>
</bind>
</comp>

<comp id="103" class="1004" name="add_ln29_fu_103">
<pin_list>
<pin id="104" dir="0" index="0" bw="4" slack="0"/>
<pin id="105" dir="0" index="1" bw="1" slack="0"/>
<pin id="106" dir="1" index="2" bw="4" slack="0"/>
</pin_list>
<bind>
<opcode="add(8) " fcode="add"/>
<opset="add_ln29/1 "/>
</bind>
</comp>

<comp id="109" class="1004" name="zext_ln29_fu_109">
<pin_list>
<pin id="110" dir="0" index="0" bw="4" slack="0"/>
<pin id="111" dir="1" index="1" bw="64" slack="0"/>
</pin_list>
<bind>
<opcode="zext(34) " fcode="zext"/>
<opset="zext_ln29/1 "/>
</bind>
</comp>

<comp id="114" class="1004" name="store_ln29_store_fu_114">
<pin_list>
<pin id="115" dir="0" index="0" bw="4" slack="0"/>
<pin id="116" dir="0" index="1" bw="4" slack="0"/>
<pin id="117" dir="1" index="2" bw="0" slack="2147483647"/>
</pin_list>
<bind>
<opcode="store(28) " fcode="store"/>
<opset="store_ln29/1 "/>
</bind>
</comp>

<comp id="119" class="1004" name="gmem_addr_fu_119">
<pin_list>
<pin id="120" dir="0" index="0" bw="32" slack="0"/>
<pin id="121" dir="0" index="1" bw="62" slack="2"/>
<pin id="122" dir="1" index="2" bw="32" slack="0"/>
</pin_list>
<bind>
<opcode="getelementptr(29) " fcode="getelementptr"/>
<opset="gmem_addr/3 "/>
</bind>
</comp>

<comp id="125" class="1004" name="bitcast_ln31_fu_125">
<pin_list>
<pin id="126" dir="0" index="0" bw="32" slack="1"/>
<pin id="127" dir="1" index="1" bw="32" slack="0"/>
</pin_list>
<bind>
<opcode="bitcast(44) " fcode="bitcast"/>
<opset="bitcast_ln31/3 "/>
</bind>
</comp>

<comp id="129" class="1005" name="i_reg_129">
<pin_list>
<pin id="130" dir="0" index="0" bw="4" slack="0"/>
<pin id="131" dir="1" index="1" bw="4" slack="0"/>
</pin_list>
<bind>
<opset="i "/>
</bind>
</comp>

<comp id="136" class="1005" name="sext_ln29_cast_reg_136">
<pin_list>
<pin id="137" dir="0" index="0" bw="64" slack="2"/>
<pin id="138" dir="1" index="1" bw="64" slack="2"/>
</pin_list>
<bind>
<opset="sext_ln29_cast "/>
</bind>
</comp>

<comp id="141" class="1005" name="icmp_ln29_reg_141">
<pin_list>
<pin id="142" dir="0" index="0" bw="1" slack="1"/>
<pin id="143" dir="1" index="1" bw="1" slack="2147483647"/>
</pin_list>
<bind>
<opset="icmp_ln29 "/>
</bind>
</comp>

<comp id="145" class="1005" name="logits_addr_reg_145">
<pin_list>
<pin id="146" dir="0" index="0" bw="4" slack="1"/>
<pin id="147" dir="1" index="1" bw="4" slack="1"/>
</pin_list>
<bind>
<opset="logits_addr "/>
</bind>
</comp>

<comp id="150" class="1005" name="logits_load_reg_150">
<pin_list>
<pin id="151" dir="0" index="0" bw="32" slack="1"/>
<pin id="152" dir="1" index="1" bw="32" slack="1"/>
</pin_list>
<bind>
<opset="logits_load "/>
</bind>
</comp>

</comp_list>

<net_list>
<net id="57"><net_src comp="6" pin="0"/><net_sink comp="54" pin=0"/></net>

<net id="62"><net_src comp="8" pin="0"/><net_sink comp="58" pin=0"/></net>

<net id="63"><net_src comp="2" pin="0"/><net_sink comp="58" pin=1"/></net>

<net id="69"><net_src comp="4" pin="0"/><net_sink comp="64" pin=0"/></net>

<net id="70"><net_src comp="38" pin="0"/><net_sink comp="64" pin=1"/></net>

<net id="76"><net_src comp="64" pin="3"/><net_sink comp="71" pin=0"/></net>

<net id="83"><net_src comp="50" pin="0"/><net_sink comp="77" pin=0"/></net>

<net id="84"><net_src comp="52" pin="0"/><net_sink comp="77" pin=3"/></net>

<net id="88"><net_src comp="58" pin="2"/><net_sink comp="85" pin=0"/></net>

<net id="93"><net_src comp="30" pin="0"/><net_sink comp="89" pin=0"/></net>

<net id="101"><net_src comp="94" pin="1"/><net_sink comp="97" pin=0"/></net>

<net id="102"><net_src comp="34" pin="0"/><net_sink comp="97" pin=1"/></net>

<net id="107"><net_src comp="94" pin="1"/><net_sink comp="103" pin=0"/></net>

<net id="108"><net_src comp="36" pin="0"/><net_sink comp="103" pin=1"/></net>

<net id="112"><net_src comp="94" pin="1"/><net_sink comp="109" pin=0"/></net>

<net id="113"><net_src comp="109" pin="1"/><net_sink comp="64" pin=2"/></net>

<net id="118"><net_src comp="103" pin="2"/><net_sink comp="114" pin=0"/></net>

<net id="123"><net_src comp="0" pin="0"/><net_sink comp="119" pin=0"/></net>

<net id="124"><net_src comp="119" pin="2"/><net_sink comp="77" pin=1"/></net>

<net id="128"><net_src comp="125" pin="1"/><net_sink comp="77" pin=2"/></net>

<net id="132"><net_src comp="54" pin="1"/><net_sink comp="129" pin=0"/></net>

<net id="133"><net_src comp="129" pin="1"/><net_sink comp="89" pin=1"/></net>

<net id="134"><net_src comp="129" pin="1"/><net_sink comp="94" pin=0"/></net>

<net id="135"><net_src comp="129" pin="1"/><net_sink comp="114" pin=1"/></net>

<net id="139"><net_src comp="85" pin="1"/><net_sink comp="136" pin=0"/></net>

<net id="140"><net_src comp="136" pin="1"/><net_sink comp="119" pin=1"/></net>

<net id="144"><net_src comp="97" pin="2"/><net_sink comp="141" pin=0"/></net>

<net id="148"><net_src comp="64" pin="3"/><net_sink comp="145" pin=0"/></net>

<net id="149"><net_src comp="145" pin="1"/><net_sink comp="71" pin=0"/></net>

<net id="153"><net_src comp="71" pin="3"/><net_sink comp="150" pin=0"/></net>

<net id="154"><net_src comp="150" pin="1"/><net_sink comp="125" pin=0"/></net>

</net_list>

</model> 
---------------- Datapath Model END ------------------

* FSMD analyzer results:
  - Output states:
	Port: gmem | {3 }
 - Input state : 
	Port: mobilenet_v1_qat_Pipeline_STORE_O : sext_ln29 | {1 }
	Port: mobilenet_v1_qat_Pipeline_STORE_O : logits | {1 2 }
  - Chain level:
	State 1
		store_ln29 : 1
		i_1 : 1
		icmp_ln29 : 2
		add_ln29 : 2
		br_ln29 : 3
		zext_ln29 : 2
		logits_addr : 3
		logits_load : 4
		store_ln29 : 3
	State 2
	State 3
		write_ln31 : 1


============================================================
+ Verbose Summary: Datapath Resource usage 
============================================================

* Functional unit list:
|----------|---------------------------|---------|---------|
| Operation|      Functional Unit      |    FF   |   LUT   |
|----------|---------------------------|---------|---------|
|   icmp   |      icmp_ln29_fu_97      |    0    |    6    |
|----------|---------------------------|---------|---------|
|    add   |      add_ln29_fu_103      |    0    |    6    |
|----------|---------------------------|---------|---------|
|   read   | sext_ln29_read_read_fu_58 |    0    |    0    |
|----------|---------------------------|---------|---------|
|   write  |   write_ln31_write_fu_77  |    0    |    0    |
|----------|---------------------------|---------|---------|
|   sext   |    sext_ln29_cast_fu_85   |    0    |    0    |
|----------|---------------------------|---------|---------|
|   zext   |      zext_ln29_fu_109     |    0    |    0    |
|----------|---------------------------|---------|---------|
|   Total  |                           |    0    |    12   |
|----------|---------------------------|---------|---------|

Memories:
N/A

* Register list:
+----------------------+--------+
|                      |   FF   |
+----------------------+--------+
|       i_reg_129      |    4   |
|   icmp_ln29_reg_141  |    1   |
|  logits_addr_reg_145 |    4   |
|  logits_load_reg_150 |   32   |
|sext_ln29_cast_reg_136|   64   |
+----------------------+--------+
|         Total        |   105  |
+----------------------+--------+

* Multiplexer (MUX) list: 
|------------------|------|------|------|--------||---------||---------||---------|
|       Comp       |  Pin | Size |  BW  | S x BW ||  Delay  ||    FF   ||   LUT   |
|------------------|------|------|------|--------||---------||---------||---------|
| grp_access_fu_71 |  p0  |   2  |   4  |    8   ||    0    ||    9    |
|------------------|------|------|------|--------||---------||---------||---------|
|       Total      |      |      |      |    8   ||  1.298  ||    0    ||    9    |
|------------------|------|------|------|--------||---------||---------||---------|



* Summary:
+-----------+--------+--------+--------+
|           |  Delay |   FF   |   LUT  |
+-----------+--------+--------+--------+
|  Function |    -   |    0   |   12   |
|   Memory  |    -   |    -   |    -   |
|Multiplexer|    1   |    0   |    9   |
|  Register |    -   |   105  |    -   |
+-----------+--------+--------+--------+
|   Total   |    1   |   105  |   21   |
+-----------+--------+--------+--------+
