

================================================================
== Vitis HLS Report for 'mobilenet_v1_qat'
================================================================
* Date:           Sat Jun 27 11:08:34 2026

* Version:        2025.2 (Build 6295257 on Nov 14 2025)
* Project:        QAT_HLS
* Solution:       hls (Vivado IP Flow Target)
* Product family: zynq
* Target device:  xc7z045-ffg900-2


================================================================
== Performance Estimates
================================================================
+ Timing: 
    * Summary: 
    +--------+----------+----------+------------+
    |  Clock |  Target  | Estimated| Uncertainty|
    +--------+----------+----------+------------+
    |ap_clk  |  10.00 ns|  7.300 ns|     2.70 ns|
    +--------+----------+----------+------------+

+ Latency: 
    * Summary: 
    +---------+---------+----------+----------+--------+--------+---------+
    |  Latency (cycles) |  Latency (absolute) |     Interval    | Pipeline|
    |   min   |   max   |    min   |    max   |   min  |   max  |   Type  |
    +---------+---------+----------+----------+--------+--------+---------+
    |   158965|   158965|  1.590 ms|  1.590 ms|  158966|  158966|       no|
    +---------+---------+----------+----------+--------+--------+---------+

    + Detail: 
        * Instance: 
        N/A

        * Loop: 
        N/A

============================================================
+ Verbose Summary: Synthesis Manager
============================================================
InlineROM: 1
ExposeGlobal: 0
============================================================
+ Verbose Summary: CDFG Model
============================================================
IsTopModel: 1
ResetActiveHigh: 1
IsCombinational: 0
IsDatapathOnly: 0
HasWiredReturn: 1
HasMFsm: 0
HasVarLatency: 1
IsPipeline: 0
IsRtlPipelined: 0
IsInstanceOverlapped: 0
IsDontTouch: 0
HasImplIP: 0
IsGatedGlobalClock: 0


============================================================
+ Verbose Summary: Schedule
============================================================
* Number of FSM states : 40
* Pipeline : 0
* Dataflow Pipeline: 0

* FSM state transitions: 
1 --> 2 
2 --> 3 
3 --> 4 
4 --> 5 
5 --> 6 
6 --> 7 
7 --> 8 
8 --> 9 
9 --> 10 
10 --> 11 
11 --> 12 
12 --> 13 
13 --> 14 
14 --> 15 
15 --> 16 
16 --> 17 
17 --> 18 
18 --> 19 
19 --> 20 
20 --> 21 
21 --> 22 
22 --> 23 
23 --> 24 
24 --> 25 
25 --> 26 
26 --> 27 
27 --> 28 
28 --> 29 
29 --> 30 
30 --> 31 
31 --> 32 
32 --> 33 
33 --> 34 
34 --> 35 
35 --> 36 
36 --> 37 
37 --> 38 
38 --> 39 
39 --> 40 
40 --> 

* FSM state operations: 

State 1 <SV = 0> <Delay = 1.00>
ST_1 : Operation 41 [1/1] (1.00ns)   --->   "%output_r_read = read i64 @_ssdm_op_Read.s_axilite.i64, i64 %output_r"   --->   Operation 41 'read' 'output_r_read' <Predicate = true> <Delay = 1.00> <CoreInst = "s_axilite">   --->   Core 112 's_axilite' <Latency = 0> <II = 1> <Delay = 1.00> <Adapter> <Opcode : 'read' 'write'>
ST_1 : Operation 42 [1/1] (1.00ns)   --->   "%input_r_read = read i64 @_ssdm_op_Read.s_axilite.i64, i64 %input_r"   --->   Operation 42 'read' 'input_r_read' <Predicate = true> <Delay = 1.00> <CoreInst = "s_axilite">   --->   Core 112 's_axilite' <Latency = 0> <II = 1> <Delay = 1.00> <Adapter> <Opcode : 'read' 'write'>
ST_1 : Operation 43 [1/1] (0.00ns)   --->   "%in_buf = alloca i64 1" [../QAT-Model/mobilenet_v1_qat.cpp:14]   --->   Operation 43 'alloca' 'in_buf' <Predicate = true> <Delay = 0.00>
ST_1 : Operation 44 [1/1] (0.00ns)   --->   "%in_buf_1 = alloca i64 1" [../QAT-Model/mobilenet_v1_qat.cpp:14]   --->   Operation 44 'alloca' 'in_buf_1' <Predicate = true> <Delay = 0.00>
ST_1 : Operation 45 [1/1] (0.00ns)   --->   "%in_buf_2 = alloca i64 1" [../QAT-Model/mobilenet_v1_qat.cpp:14]   --->   Operation 45 'alloca' 'in_buf_2' <Predicate = true> <Delay = 0.00>
ST_1 : Operation 46 [1/1] (0.00ns)   --->   "%in_buf_3 = alloca i64 1" [../QAT-Model/mobilenet_v1_qat.cpp:14]   --->   Operation 46 'alloca' 'in_buf_3' <Predicate = true> <Delay = 0.00>
ST_1 : Operation 47 [1/1] (0.00ns)   --->   "%in_buf_4 = alloca i64 1" [../QAT-Model/mobilenet_v1_qat.cpp:14]   --->   Operation 47 'alloca' 'in_buf_4' <Predicate = true> <Delay = 0.00>
ST_1 : Operation 48 [1/1] (0.00ns)   --->   "%in_buf_5 = alloca i64 1" [../QAT-Model/mobilenet_v1_qat.cpp:14]   --->   Operation 48 'alloca' 'in_buf_5' <Predicate = true> <Delay = 0.00>
ST_1 : Operation 49 [1/1] (0.00ns)   --->   "%in_buf_6 = alloca i64 1" [../QAT-Model/mobilenet_v1_qat.cpp:14]   --->   Operation 49 'alloca' 'in_buf_6' <Predicate = true> <Delay = 0.00>
ST_1 : Operation 50 [1/1] (0.00ns)   --->   "%in_buf_7 = alloca i64 1" [../QAT-Model/mobilenet_v1_qat.cpp:14]   --->   Operation 50 'alloca' 'in_buf_7' <Predicate = true> <Delay = 0.00>
ST_1 : Operation 51 [1/1] (0.00ns)   --->   "%in_buf_8 = alloca i64 1" [../QAT-Model/mobilenet_v1_qat.cpp:14]   --->   Operation 51 'alloca' 'in_buf_8' <Predicate = true> <Delay = 0.00>
ST_1 : Operation 52 [1/1] (0.00ns)   --->   "%in_buf_9 = alloca i64 1" [../QAT-Model/mobilenet_v1_qat.cpp:14]   --->   Operation 52 'alloca' 'in_buf_9' <Predicate = true> <Delay = 0.00>
ST_1 : Operation 53 [1/1] (0.00ns)   --->   "%in_buf_10 = alloca i64 1" [../QAT-Model/mobilenet_v1_qat.cpp:14]   --->   Operation 53 'alloca' 'in_buf_10' <Predicate = true> <Delay = 0.00>
ST_1 : Operation 54 [1/1] (0.00ns)   --->   "%in_buf_11 = alloca i64 1" [../QAT-Model/mobilenet_v1_qat.cpp:14]   --->   Operation 54 'alloca' 'in_buf_11' <Predicate = true> <Delay = 0.00>
ST_1 : Operation 55 [1/1] (0.00ns)   --->   "%in_buf_12 = alloca i64 1" [../QAT-Model/mobilenet_v1_qat.cpp:14]   --->   Operation 55 'alloca' 'in_buf_12' <Predicate = true> <Delay = 0.00>
ST_1 : Operation 56 [1/1] (0.00ns)   --->   "%in_buf_13 = alloca i64 1" [../QAT-Model/mobilenet_v1_qat.cpp:14]   --->   Operation 56 'alloca' 'in_buf_13' <Predicate = true> <Delay = 0.00>
ST_1 : Operation 57 [1/1] (0.00ns)   --->   "%in_buf_14 = alloca i64 1" [../QAT-Model/mobilenet_v1_qat.cpp:14]   --->   Operation 57 'alloca' 'in_buf_14' <Predicate = true> <Delay = 0.00>
ST_1 : Operation 58 [1/1] (0.00ns)   --->   "%in_buf_15 = alloca i64 1" [../QAT-Model/mobilenet_v1_qat.cpp:14]   --->   Operation 58 'alloca' 'in_buf_15' <Predicate = true> <Delay = 0.00>
ST_1 : Operation 59 [1/1] (0.00ns)   --->   "%in_buf_16 = alloca i64 1" [../QAT-Model/mobilenet_v1_qat.cpp:14]   --->   Operation 59 'alloca' 'in_buf_16' <Predicate = true> <Delay = 0.00>
ST_1 : Operation 60 [1/1] (0.00ns)   --->   "%in_buf_17 = alloca i64 1" [../QAT-Model/mobilenet_v1_qat.cpp:14]   --->   Operation 60 'alloca' 'in_buf_17' <Predicate = true> <Delay = 0.00>
ST_1 : Operation 61 [1/1] (0.00ns)   --->   "%in_buf_18 = alloca i64 1" [../QAT-Model/mobilenet_v1_qat.cpp:14]   --->   Operation 61 'alloca' 'in_buf_18' <Predicate = true> <Delay = 0.00>
ST_1 : Operation 62 [1/1] (0.00ns)   --->   "%in_buf_19 = alloca i64 1" [../QAT-Model/mobilenet_v1_qat.cpp:14]   --->   Operation 62 'alloca' 'in_buf_19' <Predicate = true> <Delay = 0.00>
ST_1 : Operation 63 [1/1] (0.00ns)   --->   "%in_buf_20 = alloca i64 1" [../QAT-Model/mobilenet_v1_qat.cpp:14]   --->   Operation 63 'alloca' 'in_buf_20' <Predicate = true> <Delay = 0.00>
ST_1 : Operation 64 [1/1] (0.00ns)   --->   "%in_buf_21 = alloca i64 1" [../QAT-Model/mobilenet_v1_qat.cpp:14]   --->   Operation 64 'alloca' 'in_buf_21' <Predicate = true> <Delay = 0.00>
ST_1 : Operation 65 [1/1] (0.00ns)   --->   "%in_buf_22 = alloca i64 1" [../QAT-Model/mobilenet_v1_qat.cpp:14]   --->   Operation 65 'alloca' 'in_buf_22' <Predicate = true> <Delay = 0.00>
ST_1 : Operation 66 [1/1] (0.00ns)   --->   "%in_buf_23 = alloca i64 1" [../QAT-Model/mobilenet_v1_qat.cpp:14]   --->   Operation 66 'alloca' 'in_buf_23' <Predicate = true> <Delay = 0.00>
ST_1 : Operation 67 [1/1] (0.00ns)   --->   "%in_buf_24 = alloca i64 1" [../QAT-Model/mobilenet_v1_qat.cpp:14]   --->   Operation 67 'alloca' 'in_buf_24' <Predicate = true> <Delay = 0.00>
ST_1 : Operation 68 [1/1] (0.00ns)   --->   "%in_buf_25 = alloca i64 1" [../QAT-Model/mobilenet_v1_qat.cpp:14]   --->   Operation 68 'alloca' 'in_buf_25' <Predicate = true> <Delay = 0.00>
ST_1 : Operation 69 [1/1] (0.00ns)   --->   "%in_buf_26 = alloca i64 1" [../QAT-Model/mobilenet_v1_qat.cpp:14]   --->   Operation 69 'alloca' 'in_buf_26' <Predicate = true> <Delay = 0.00>
ST_1 : Operation 70 [1/1] (0.00ns)   --->   "%conv0_out = alloca i64 1" [../QAT-Model/mobilenet_v1_qat.cpp:15]   --->   Operation 70 'alloca' 'conv0_out' <Predicate = true> <Delay = 0.00>
ST_1 : Operation 71 [1/1] (0.00ns)   --->   "%conv0_out_1 = alloca i64 1" [../QAT-Model/mobilenet_v1_qat.cpp:15]   --->   Operation 71 'alloca' 'conv0_out_1' <Predicate = true> <Delay = 0.00>
ST_1 : Operation 72 [1/1] (0.00ns)   --->   "%conv0_out_2 = alloca i64 1" [../QAT-Model/mobilenet_v1_qat.cpp:15]   --->   Operation 72 'alloca' 'conv0_out_2' <Predicate = true> <Delay = 0.00>
ST_1 : Operation 73 [1/1] (0.00ns)   --->   "%conv0_out_3 = alloca i64 1" [../QAT-Model/mobilenet_v1_qat.cpp:15]   --->   Operation 73 'alloca' 'conv0_out_3' <Predicate = true> <Delay = 0.00>
ST_1 : Operation 74 [1/1] (0.00ns)   --->   "%conv0_out_4 = alloca i64 1" [../QAT-Model/mobilenet_v1_qat.cpp:15]   --->   Operation 74 'alloca' 'conv0_out_4' <Predicate = true> <Delay = 0.00>
ST_1 : Operation 75 [1/1] (0.00ns)   --->   "%conv0_out_5 = alloca i64 1" [../QAT-Model/mobilenet_v1_qat.cpp:15]   --->   Operation 75 'alloca' 'conv0_out_5' <Predicate = true> <Delay = 0.00>
ST_1 : Operation 76 [1/1] (0.00ns)   --->   "%conv0_out_6 = alloca i64 1" [../QAT-Model/mobilenet_v1_qat.cpp:15]   --->   Operation 76 'alloca' 'conv0_out_6' <Predicate = true> <Delay = 0.00>
ST_1 : Operation 77 [1/1] (0.00ns)   --->   "%conv0_out_7 = alloca i64 1" [../QAT-Model/mobilenet_v1_qat.cpp:15]   --->   Operation 77 'alloca' 'conv0_out_7' <Predicate = true> <Delay = 0.00>
ST_1 : Operation 78 [1/1] (0.00ns)   --->   "%conv0_out_8 = alloca i64 1" [../QAT-Model/mobilenet_v1_qat.cpp:15]   --->   Operation 78 'alloca' 'conv0_out_8' <Predicate = true> <Delay = 0.00>
ST_1 : Operation 79 [1/1] (0.00ns)   --->   "%dw0_out = alloca i64 1" [../QAT-Model/mobilenet_v1_qat.cpp:16]   --->   Operation 79 'alloca' 'dw0_out' <Predicate = true> <Delay = 0.00> <CoreInst = "RAM_2P_BRAM">   --->   Core 90 'RAM_2P_BRAM' <Latency = 1> <II = 1> <Delay = 2.77> <Storage> <Opcode : 'load' 'store'> <Ports = 2> <Width = 7> <Depth = 2048> <RAM>
ST_1 : Operation 80 [1/1] (0.00ns)   --->   "%dw0_out_1 = alloca i64 1" [../QAT-Model/mobilenet_v1_qat.cpp:16]   --->   Operation 80 'alloca' 'dw0_out_1' <Predicate = true> <Delay = 0.00> <CoreInst = "RAM_2P_BRAM">   --->   Core 90 'RAM_2P_BRAM' <Latency = 1> <II = 1> <Delay = 2.77> <Storage> <Opcode : 'load' 'store'> <Ports = 2> <Width = 7> <Depth = 2048> <RAM>
ST_1 : Operation 81 [1/1] (0.00ns)   --->   "%pw0_out = alloca i64 1" [../QAT-Model/mobilenet_v1_qat.cpp:17]   --->   Operation 81 'alloca' 'pw0_out' <Predicate = true> <Delay = 0.00>
ST_1 : Operation 82 [1/1] (0.00ns)   --->   "%pw0_out_1 = alloca i64 1" [../QAT-Model/mobilenet_v1_qat.cpp:17]   --->   Operation 82 'alloca' 'pw0_out_1' <Predicate = true> <Delay = 0.00>
ST_1 : Operation 83 [1/1] (0.00ns)   --->   "%pw0_out_2 = alloca i64 1" [../QAT-Model/mobilenet_v1_qat.cpp:17]   --->   Operation 83 'alloca' 'pw0_out_2' <Predicate = true> <Delay = 0.00>
ST_1 : Operation 84 [1/1] (0.00ns)   --->   "%pw0_out_3 = alloca i64 1" [../QAT-Model/mobilenet_v1_qat.cpp:17]   --->   Operation 84 'alloca' 'pw0_out_3' <Predicate = true> <Delay = 0.00>
ST_1 : Operation 85 [1/1] (0.00ns)   --->   "%pw0_out_4 = alloca i64 1" [../QAT-Model/mobilenet_v1_qat.cpp:17]   --->   Operation 85 'alloca' 'pw0_out_4' <Predicate = true> <Delay = 0.00>
ST_1 : Operation 86 [1/1] (0.00ns)   --->   "%pw0_out_5 = alloca i64 1" [../QAT-Model/mobilenet_v1_qat.cpp:17]   --->   Operation 86 'alloca' 'pw0_out_5' <Predicate = true> <Delay = 0.00>
ST_1 : Operation 87 [1/1] (0.00ns)   --->   "%pw0_out_6 = alloca i64 1" [../QAT-Model/mobilenet_v1_qat.cpp:17]   --->   Operation 87 'alloca' 'pw0_out_6' <Predicate = true> <Delay = 0.00>
ST_1 : Operation 88 [1/1] (0.00ns)   --->   "%pw0_out_7 = alloca i64 1" [../QAT-Model/mobilenet_v1_qat.cpp:17]   --->   Operation 88 'alloca' 'pw0_out_7' <Predicate = true> <Delay = 0.00>
ST_1 : Operation 89 [1/1] (0.00ns)   --->   "%pw0_out_8 = alloca i64 1" [../QAT-Model/mobilenet_v1_qat.cpp:17]   --->   Operation 89 'alloca' 'pw0_out_8' <Predicate = true> <Delay = 0.00>
ST_1 : Operation 90 [1/1] (0.00ns)   --->   "%dw1_out = alloca i64 1" [../QAT-Model/mobilenet_v1_qat.cpp:18]   --->   Operation 90 'alloca' 'dw1_out' <Predicate = true> <Delay = 0.00> <CoreInst = "RAM_2P_BRAM">   --->   Core 90 'RAM_2P_BRAM' <Latency = 1> <II = 1> <Delay = 2.77> <Storage> <Opcode : 'load' 'store'> <Ports = 2> <Width = 7> <Depth = 1024> <RAM>
ST_1 : Operation 91 [1/1] (0.00ns)   --->   "%dw1_out_1 = alloca i64 1" [../QAT-Model/mobilenet_v1_qat.cpp:18]   --->   Operation 91 'alloca' 'dw1_out_1' <Predicate = true> <Delay = 0.00> <CoreInst = "RAM_2P_BRAM">   --->   Core 90 'RAM_2P_BRAM' <Latency = 1> <II = 1> <Delay = 2.77> <Storage> <Opcode : 'load' 'store'> <Ports = 2> <Width = 7> <Depth = 1024> <RAM>
ST_1 : Operation 92 [1/1] (0.00ns)   --->   "%pw1_out = alloca i64 1" [../QAT-Model/mobilenet_v1_qat.cpp:19]   --->   Operation 92 'alloca' 'pw1_out' <Predicate = true> <Delay = 0.00>
ST_1 : Operation 93 [1/1] (0.00ns)   --->   "%pw1_out_1 = alloca i64 1" [../QAT-Model/mobilenet_v1_qat.cpp:19]   --->   Operation 93 'alloca' 'pw1_out_1' <Predicate = true> <Delay = 0.00>
ST_1 : Operation 94 [1/1] (0.00ns)   --->   "%pw1_out_2 = alloca i64 1" [../QAT-Model/mobilenet_v1_qat.cpp:19]   --->   Operation 94 'alloca' 'pw1_out_2' <Predicate = true> <Delay = 0.00>
ST_1 : Operation 95 [1/1] (0.00ns)   --->   "%pw1_out_3 = alloca i64 1" [../QAT-Model/mobilenet_v1_qat.cpp:19]   --->   Operation 95 'alloca' 'pw1_out_3' <Predicate = true> <Delay = 0.00>
ST_1 : Operation 96 [1/1] (0.00ns)   --->   "%pw1_out_4 = alloca i64 1" [../QAT-Model/mobilenet_v1_qat.cpp:19]   --->   Operation 96 'alloca' 'pw1_out_4' <Predicate = true> <Delay = 0.00>
ST_1 : Operation 97 [1/1] (0.00ns)   --->   "%pw1_out_5 = alloca i64 1" [../QAT-Model/mobilenet_v1_qat.cpp:19]   --->   Operation 97 'alloca' 'pw1_out_5' <Predicate = true> <Delay = 0.00>
ST_1 : Operation 98 [1/1] (0.00ns)   --->   "%pw1_out_6 = alloca i64 1" [../QAT-Model/mobilenet_v1_qat.cpp:19]   --->   Operation 98 'alloca' 'pw1_out_6' <Predicate = true> <Delay = 0.00>
ST_1 : Operation 99 [1/1] (0.00ns)   --->   "%pw1_out_7 = alloca i64 1" [../QAT-Model/mobilenet_v1_qat.cpp:19]   --->   Operation 99 'alloca' 'pw1_out_7' <Predicate = true> <Delay = 0.00>
ST_1 : Operation 100 [1/1] (0.00ns)   --->   "%pw1_out_8 = alloca i64 1" [../QAT-Model/mobilenet_v1_qat.cpp:19]   --->   Operation 100 'alloca' 'pw1_out_8' <Predicate = true> <Delay = 0.00>
ST_1 : Operation 101 [1/1] (0.00ns)   --->   "%dw2_out = alloca i64 1" [../QAT-Model/mobilenet_v1_qat.cpp:20]   --->   Operation 101 'alloca' 'dw2_out' <Predicate = true> <Delay = 0.00> <CoreInst = "RAM_2P_BRAM">   --->   Core 90 'RAM_2P_BRAM' <Latency = 1> <II = 1> <Delay = 2.77> <Storage> <Opcode : 'load' 'store'> <Ports = 2> <Width = 7> <Depth = 512> <RAM>
ST_1 : Operation 102 [1/1] (0.00ns)   --->   "%dw2_out_1 = alloca i64 1" [../QAT-Model/mobilenet_v1_qat.cpp:20]   --->   Operation 102 'alloca' 'dw2_out_1' <Predicate = true> <Delay = 0.00> <CoreInst = "RAM_2P_BRAM">   --->   Core 90 'RAM_2P_BRAM' <Latency = 1> <II = 1> <Delay = 2.77> <Storage> <Opcode : 'load' 'store'> <Ports = 2> <Width = 7> <Depth = 512> <RAM>
ST_1 : Operation 103 [1/1] (0.00ns)   --->   "%pw2_out = alloca i64 1" [../QAT-Model/mobilenet_v1_qat.cpp:21]   --->   Operation 103 'alloca' 'pw2_out' <Predicate = true> <Delay = 0.00>
ST_1 : Operation 104 [1/1] (0.00ns)   --->   "%pw2_out_1 = alloca i64 1" [../QAT-Model/mobilenet_v1_qat.cpp:21]   --->   Operation 104 'alloca' 'pw2_out_1' <Predicate = true> <Delay = 0.00>
ST_1 : Operation 105 [1/1] (0.00ns)   --->   "%pw2_out_2 = alloca i64 1" [../QAT-Model/mobilenet_v1_qat.cpp:21]   --->   Operation 105 'alloca' 'pw2_out_2' <Predicate = true> <Delay = 0.00>
ST_1 : Operation 106 [1/1] (0.00ns)   --->   "%pw2_out_3 = alloca i64 1" [../QAT-Model/mobilenet_v1_qat.cpp:21]   --->   Operation 106 'alloca' 'pw2_out_3' <Predicate = true> <Delay = 0.00>
ST_1 : Operation 107 [1/1] (0.00ns)   --->   "%pw2_out_4 = alloca i64 1" [../QAT-Model/mobilenet_v1_qat.cpp:21]   --->   Operation 107 'alloca' 'pw2_out_4' <Predicate = true> <Delay = 0.00>
ST_1 : Operation 108 [1/1] (0.00ns)   --->   "%pw2_out_5 = alloca i64 1" [../QAT-Model/mobilenet_v1_qat.cpp:21]   --->   Operation 108 'alloca' 'pw2_out_5' <Predicate = true> <Delay = 0.00>
ST_1 : Operation 109 [1/1] (0.00ns)   --->   "%pw2_out_6 = alloca i64 1" [../QAT-Model/mobilenet_v1_qat.cpp:21]   --->   Operation 109 'alloca' 'pw2_out_6' <Predicate = true> <Delay = 0.00>
ST_1 : Operation 110 [1/1] (0.00ns)   --->   "%pw2_out_7 = alloca i64 1" [../QAT-Model/mobilenet_v1_qat.cpp:21]   --->   Operation 110 'alloca' 'pw2_out_7' <Predicate = true> <Delay = 0.00>
ST_1 : Operation 111 [1/1] (0.00ns)   --->   "%pw2_out_8 = alloca i64 1" [../QAT-Model/mobilenet_v1_qat.cpp:21]   --->   Operation 111 'alloca' 'pw2_out_8' <Predicate = true> <Delay = 0.00>
ST_1 : Operation 112 [1/1] (0.00ns)   --->   "%pw2_out_9 = alloca i64 1" [../QAT-Model/mobilenet_v1_qat.cpp:21]   --->   Operation 112 'alloca' 'pw2_out_9' <Predicate = true> <Delay = 0.00>
ST_1 : Operation 113 [1/1] (0.00ns)   --->   "%pw2_out_10 = alloca i64 1" [../QAT-Model/mobilenet_v1_qat.cpp:21]   --->   Operation 113 'alloca' 'pw2_out_10' <Predicate = true> <Delay = 0.00>
ST_1 : Operation 114 [1/1] (0.00ns)   --->   "%pw2_out_11 = alloca i64 1" [../QAT-Model/mobilenet_v1_qat.cpp:21]   --->   Operation 114 'alloca' 'pw2_out_11' <Predicate = true> <Delay = 0.00>
ST_1 : Operation 115 [1/1] (0.00ns)   --->   "%pw2_out_12 = alloca i64 1" [../QAT-Model/mobilenet_v1_qat.cpp:21]   --->   Operation 115 'alloca' 'pw2_out_12' <Predicate = true> <Delay = 0.00>
ST_1 : Operation 116 [1/1] (0.00ns)   --->   "%pw2_out_13 = alloca i64 1" [../QAT-Model/mobilenet_v1_qat.cpp:21]   --->   Operation 116 'alloca' 'pw2_out_13' <Predicate = true> <Delay = 0.00>
ST_1 : Operation 117 [1/1] (0.00ns)   --->   "%pw2_out_14 = alloca i64 1" [../QAT-Model/mobilenet_v1_qat.cpp:21]   --->   Operation 117 'alloca' 'pw2_out_14' <Predicate = true> <Delay = 0.00>
ST_1 : Operation 118 [1/1] (0.00ns)   --->   "%pw2_out_15 = alloca i64 1" [../QAT-Model/mobilenet_v1_qat.cpp:21]   --->   Operation 118 'alloca' 'pw2_out_15' <Predicate = true> <Delay = 0.00>
ST_1 : Operation 119 [1/1] (0.00ns)   --->   "%dw3_out = alloca i64 1" [../QAT-Model/mobilenet_v1_qat.cpp:22]   --->   Operation 119 'alloca' 'dw3_out' <Predicate = true> <Delay = 0.00> <CoreInst = "RAM_2P_BRAM">   --->   Core 90 'RAM_2P_BRAM' <Latency = 1> <II = 1> <Delay = 2.77> <Storage> <Opcode : 'load' 'store'> <Ports = 2> <Width = 7> <Depth = 256> <RAM>
ST_1 : Operation 120 [1/1] (0.00ns)   --->   "%dw3_out_1 = alloca i64 1" [../QAT-Model/mobilenet_v1_qat.cpp:22]   --->   Operation 120 'alloca' 'dw3_out_1' <Predicate = true> <Delay = 0.00> <CoreInst = "RAM_2P_BRAM">   --->   Core 90 'RAM_2P_BRAM' <Latency = 1> <II = 1> <Delay = 2.77> <Storage> <Opcode : 'load' 'store'> <Ports = 2> <Width = 7> <Depth = 256> <RAM>
ST_1 : Operation 121 [1/1] (0.00ns)   --->   "%pw3_out = alloca i64 1" [../QAT-Model/mobilenet_v1_qat.cpp:23]   --->   Operation 121 'alloca' 'pw3_out' <Predicate = true> <Delay = 0.00>
ST_1 : Operation 122 [1/1] (0.00ns)   --->   "%pw3_out_1 = alloca i64 1" [../QAT-Model/mobilenet_v1_qat.cpp:23]   --->   Operation 122 'alloca' 'pw3_out_1' <Predicate = true> <Delay = 0.00>
ST_1 : Operation 123 [1/1] (0.00ns)   --->   "%gap_out = alloca i64 1" [../QAT-Model/mobilenet_v1_qat.cpp:24]   --->   Operation 123 'alloca' 'gap_out' <Predicate = true> <Delay = 0.00>
ST_1 : Operation 124 [1/1] (0.00ns)   --->   "%logits = alloca i64 1" [../QAT-Model/mobilenet_v1_qat.cpp:25]   --->   Operation 124 'alloca' 'logits' <Predicate = true> <Delay = 0.00>
ST_1 : Operation 125 [1/1] (0.00ns)   --->   "%trunc_ln = partselect i62 @_ssdm_op_PartSelect.i62.i64.i32.i32, i64 %input_r_read, i32 2, i32 63" [../QAT-Model/transfer.cpp:11->../QAT-Model/mobilenet_v1_qat.cpp:28]   --->   Operation 125 'partselect' 'trunc_ln' <Predicate = true> <Delay = 0.00>
ST_1 : Operation 126 [1/1] (0.00ns)   --->   "%trunc_ln1 = partselect i62 @_ssdm_op_PartSelect.i62.i64.i32.i32, i64 %output_r_read, i32 2, i32 63" [../QAT-Model/transfer.cpp:29->../QAT-Model/mobilenet_v1_qat.cpp:48]   --->   Operation 126 'partselect' 'trunc_ln1' <Predicate = true> <Delay = 0.00>

State 2 <SV = 1> <Delay = 7.30>
ST_2 : Operation 127 [1/1] (0.00ns)   --->   "%sext_ln11 = sext i62 %trunc_ln" [../QAT-Model/transfer.cpp:11->../QAT-Model/mobilenet_v1_qat.cpp:28]   --->   Operation 127 'sext' 'sext_ln11' <Predicate = true> <Delay = 0.00>
ST_2 : Operation 128 [1/1] (0.00ns)   --->   "%gmem_addr = getelementptr i32 %gmem, i64 %sext_ln11" [../QAT-Model/transfer.cpp:11->../QAT-Model/mobilenet_v1_qat.cpp:28]   --->   Operation 128 'getelementptr' 'gmem_addr' <Predicate = true> <Delay = 0.00>
ST_2 : Operation 129 [8/8] (7.30ns)   --->   "%empty = readreq i1 @_ssdm_op_ReadReq.m_axi.p1i32, i32 %gmem_addr, i64 3072" [../QAT-Model/transfer.cpp:11->../QAT-Model/mobilenet_v1_qat.cpp:28]   --->   Operation 129 'readreq' 'empty' <Predicate = true> <Delay = 7.30> <CoreInst = "m_axi">   --->   Core 111 'm_axi' <Latency = 6> <II = 1> <Delay = 1.00> <Adapter> <Opcode : 'readrequnaligned' 'writerequnaligned' 'read' 'write' 'readreq' 'writereq' 'writeresp'>

State 3 <SV = 2> <Delay = 0.00>
ST_3 : Operation 130 [7/8] (7.30ns)   --->   "%empty = readreq i1 @_ssdm_op_ReadReq.m_axi.p1i32, i32 %gmem_addr, i64 3072" [../QAT-Model/transfer.cpp:11->../QAT-Model/mobilenet_v1_qat.cpp:28]   --->   Operation 130 'readreq' 'empty' <Predicate = true> <Delay = 7.30> <CoreInst = "m_axi">   --->   Core 111 'm_axi' <Latency = 6> <II = 1> <Delay = 1.00> <Adapter> <Opcode : 'readrequnaligned' 'writerequnaligned' 'read' 'write' 'readreq' 'writereq' 'writeresp'>

State 4 <SV = 3> <Delay = 0.00>
ST_4 : Operation 131 [6/8] (7.30ns)   --->   "%empty = readreq i1 @_ssdm_op_ReadReq.m_axi.p1i32, i32 %gmem_addr, i64 3072" [../QAT-Model/transfer.cpp:11->../QAT-Model/mobilenet_v1_qat.cpp:28]   --->   Operation 131 'readreq' 'empty' <Predicate = true> <Delay = 7.30> <CoreInst = "m_axi">   --->   Core 111 'm_axi' <Latency = 6> <II = 1> <Delay = 1.00> <Adapter> <Opcode : 'readrequnaligned' 'writerequnaligned' 'read' 'write' 'readreq' 'writereq' 'writeresp'>

State 5 <SV = 4> <Delay = 0.00>
ST_5 : Operation 132 [5/8] (7.30ns)   --->   "%empty = readreq i1 @_ssdm_op_ReadReq.m_axi.p1i32, i32 %gmem_addr, i64 3072" [../QAT-Model/transfer.cpp:11->../QAT-Model/mobilenet_v1_qat.cpp:28]   --->   Operation 132 'readreq' 'empty' <Predicate = true> <Delay = 7.30> <CoreInst = "m_axi">   --->   Core 111 'm_axi' <Latency = 6> <II = 1> <Delay = 1.00> <Adapter> <Opcode : 'readrequnaligned' 'writerequnaligned' 'read' 'write' 'readreq' 'writereq' 'writeresp'>

State 6 <SV = 5> <Delay = 0.00>
ST_6 : Operation 133 [4/8] (7.30ns)   --->   "%empty = readreq i1 @_ssdm_op_ReadReq.m_axi.p1i32, i32 %gmem_addr, i64 3072" [../QAT-Model/transfer.cpp:11->../QAT-Model/mobilenet_v1_qat.cpp:28]   --->   Operation 133 'readreq' 'empty' <Predicate = true> <Delay = 7.30> <CoreInst = "m_axi">   --->   Core 111 'm_axi' <Latency = 6> <II = 1> <Delay = 1.00> <Adapter> <Opcode : 'readrequnaligned' 'writerequnaligned' 'read' 'write' 'readreq' 'writereq' 'writeresp'>

State 7 <SV = 6> <Delay = 0.00>
ST_7 : Operation 134 [3/8] (7.30ns)   --->   "%empty = readreq i1 @_ssdm_op_ReadReq.m_axi.p1i32, i32 %gmem_addr, i64 3072" [../QAT-Model/transfer.cpp:11->../QAT-Model/mobilenet_v1_qat.cpp:28]   --->   Operation 134 'readreq' 'empty' <Predicate = true> <Delay = 7.30> <CoreInst = "m_axi">   --->   Core 111 'm_axi' <Latency = 6> <II = 1> <Delay = 1.00> <Adapter> <Opcode : 'readrequnaligned' 'writerequnaligned' 'read' 'write' 'readreq' 'writereq' 'writeresp'>

State 8 <SV = 7> <Delay = 0.00>
ST_8 : Operation 135 [2/8] (7.30ns)   --->   "%empty = readreq i1 @_ssdm_op_ReadReq.m_axi.p1i32, i32 %gmem_addr, i64 3072" [../QAT-Model/transfer.cpp:11->../QAT-Model/mobilenet_v1_qat.cpp:28]   --->   Operation 135 'readreq' 'empty' <Predicate = true> <Delay = 7.30> <CoreInst = "m_axi">   --->   Core 111 'm_axi' <Latency = 6> <II = 1> <Delay = 1.00> <Adapter> <Opcode : 'readrequnaligned' 'writerequnaligned' 'read' 'write' 'readreq' 'writereq' 'writeresp'>

State 9 <SV = 8> <Delay = 7.30>
ST_9 : Operation 136 [1/8] ( I:7.30ns O:7.30ns )   --->   "%empty = readreq i1 @_ssdm_op_ReadReq.m_axi.p1i32, i32 %gmem_addr, i64 3072" [../QAT-Model/transfer.cpp:11->../QAT-Model/mobilenet_v1_qat.cpp:28]   --->   Operation 136 'readreq' 'empty' <Predicate = true> <Delay = 7.30> <CoreInst = "m_axi">   --->   Core 111 'm_axi' <Latency = 6> <II = 1> <Delay = 1.00> <Adapter> <Opcode : 'readrequnaligned' 'writerequnaligned' 'read' 'write' 'readreq' 'writereq' 'writeresp'>

State 10 <SV = 9> <Delay = 0.00>
ST_10 : Operation 137 [2/2] (0.00ns)   --->   "%call_ln11 = call void @mobilenet_v1_qat_Pipeline_LOAD_IC_LOAD_IH_LOAD_IW, i32 %gmem, i62 %trunc_ln, i8 %in_buf, i8 %in_buf_1, i8 %in_buf_2, i8 %in_buf_3, i8 %in_buf_4, i8 %in_buf_5, i8 %in_buf_6, i8 %in_buf_7, i8 %in_buf_8, i8 %in_buf_9, i8 %in_buf_10, i8 %in_buf_11, i8 %in_buf_12, i8 %in_buf_13, i8 %in_buf_14, i8 %in_buf_15, i8 %in_buf_16, i8 %in_buf_17, i8 %in_buf_18, i8 %in_buf_19, i8 %in_buf_20, i8 %in_buf_21, i8 %in_buf_22, i8 %in_buf_23, i8 %in_buf_24, i8 %in_buf_25, i8 %in_buf_26, i23 %mask_table, i24 %one_half_table" [../QAT-Model/transfer.cpp:11->../QAT-Model/mobilenet_v1_qat.cpp:28]   --->   Operation 137 'call' 'call_ln11' <Predicate = true> <Delay = 0.00> <CoreType = "Generic">   --->   Generic Core

State 11 <SV = 10> <Delay = 0.00>
ST_11 : Operation 138 [1/2] (0.00ns)   --->   "%call_ln11 = call void @mobilenet_v1_qat_Pipeline_LOAD_IC_LOAD_IH_LOAD_IW, i32 %gmem, i62 %trunc_ln, i8 %in_buf, i8 %in_buf_1, i8 %in_buf_2, i8 %in_buf_3, i8 %in_buf_4, i8 %in_buf_5, i8 %in_buf_6, i8 %in_buf_7, i8 %in_buf_8, i8 %in_buf_9, i8 %in_buf_10, i8 %in_buf_11, i8 %in_buf_12, i8 %in_buf_13, i8 %in_buf_14, i8 %in_buf_15, i8 %in_buf_16, i8 %in_buf_17, i8 %in_buf_18, i8 %in_buf_19, i8 %in_buf_20, i8 %in_buf_21, i8 %in_buf_22, i8 %in_buf_23, i8 %in_buf_24, i8 %in_buf_25, i8 %in_buf_26, i23 %mask_table, i24 %one_half_table" [../QAT-Model/transfer.cpp:11->../QAT-Model/mobilenet_v1_qat.cpp:28]   --->   Operation 138 'call' 'call_ln11' <Predicate = true> <Delay = 0.00> <CoreType = "Generic">   --->   Generic Core

State 12 <SV = 11> <Delay = 0.00>
ST_12 : Operation 139 [2/2] (0.00ns)   --->   "%call_ln30 = call void @conv0_qat, i8 %in_buf, i8 %in_buf_1, i8 %in_buf_2, i8 %in_buf_3, i8 %in_buf_4, i8 %in_buf_5, i8 %in_buf_6, i8 %in_buf_7, i8 %in_buf_8, i8 %in_buf_9, i8 %in_buf_10, i8 %in_buf_11, i8 %in_buf_12, i8 %in_buf_13, i8 %in_buf_14, i8 %in_buf_15, i8 %in_buf_16, i8 %in_buf_17, i8 %in_buf_18, i8 %in_buf_19, i8 %in_buf_20, i8 %in_buf_21, i8 %in_buf_22, i8 %in_buf_23, i8 %in_buf_24, i8 %in_buf_25, i8 %in_buf_26, i6 %conv0_out, i6 %conv0_out_1, i6 %conv0_out_2, i6 %conv0_out_3, i6 %conv0_out_4, i6 %conv0_out_5, i6 %conv0_out_6, i6 %conv0_out_7, i6 %conv0_out_8, i14 %conv_0_b_fold, i7 %p_ZL13conv_0_w_fold_0_1_1, i8 %p_ZL13conv_0_w_fold_1_1_1, i7 %p_ZL13conv_0_w_fold_2_1_1, i8 %p_ZL13conv_0_w_fold_0_2_2, i8 %p_ZL13conv_0_w_fold_1_2_2, i7 %p_ZL13conv_0_w_fold_2_2_2, i8 %p_ZL13conv_0_w_fold_0_2_1, i7 %p_ZL13conv_0_w_fold_1_2_1, i6 %p_ZL13conv_0_w_fold_2_2_1, i8 %p_ZL13conv_0_w_fold_0_2_0, i7 %p_ZL13conv_0_w_fold_1_2_0, i7 %p_ZL13conv_0_w_fold_2_2_0, i8 %p_ZL13conv_0_w_fold_0_1_2, i8 %p_ZL13conv_0_w_fold_1_1_2, i8 %p_ZL13conv_0_w_fold_2_1_2, i7 %p_ZL13conv_0_w_fold_0_1_0, i8 %p_ZL13conv_0_w_fold_1_1_0, i7 %p_ZL13conv_0_w_fold_2_1_0, i8 %p_ZL13conv_0_w_fold_0_0_2, i7 %p_ZL13conv_0_w_fold_1_0_2, i8 %p_ZL13conv_0_w_fold_2_0_2, i7 %p_ZL13conv_0_w_fold_0_0_1, i7 %p_ZL13conv_0_w_fold_1_0_1, i8 %p_ZL13conv_0_w_fold_2_0_1, i7 %p_ZL13conv_0_w_fold_0_0_0, i6 %p_ZL13conv_0_w_fold_1_0_0, i6 %p_ZL13conv_0_w_fold_2_0_0" [../QAT-Model/mobilenet_v1_qat.cpp:30]   --->   Operation 139 'call' 'call_ln30' <Predicate = true> <Delay = 0.00> <CoreType = "Generic">   --->   Generic Core

State 13 <SV = 12> <Delay = 0.00>
ST_13 : Operation 140 [1/2] (0.00ns)   --->   "%call_ln30 = call void @conv0_qat, i8 %in_buf, i8 %in_buf_1, i8 %in_buf_2, i8 %in_buf_3, i8 %in_buf_4, i8 %in_buf_5, i8 %in_buf_6, i8 %in_buf_7, i8 %in_buf_8, i8 %in_buf_9, i8 %in_buf_10, i8 %in_buf_11, i8 %in_buf_12, i8 %in_buf_13, i8 %in_buf_14, i8 %in_buf_15, i8 %in_buf_16, i8 %in_buf_17, i8 %in_buf_18, i8 %in_buf_19, i8 %in_buf_20, i8 %in_buf_21, i8 %in_buf_22, i8 %in_buf_23, i8 %in_buf_24, i8 %in_buf_25, i8 %in_buf_26, i6 %conv0_out, i6 %conv0_out_1, i6 %conv0_out_2, i6 %conv0_out_3, i6 %conv0_out_4, i6 %conv0_out_5, i6 %conv0_out_6, i6 %conv0_out_7, i6 %conv0_out_8, i14 %conv_0_b_fold, i7 %p_ZL13conv_0_w_fold_0_1_1, i8 %p_ZL13conv_0_w_fold_1_1_1, i7 %p_ZL13conv_0_w_fold_2_1_1, i8 %p_ZL13conv_0_w_fold_0_2_2, i8 %p_ZL13conv_0_w_fold_1_2_2, i7 %p_ZL13conv_0_w_fold_2_2_2, i8 %p_ZL13conv_0_w_fold_0_2_1, i7 %p_ZL13conv_0_w_fold_1_2_1, i6 %p_ZL13conv_0_w_fold_2_2_1, i8 %p_ZL13conv_0_w_fold_0_2_0, i7 %p_ZL13conv_0_w_fold_1_2_0, i7 %p_ZL13conv_0_w_fold_2_2_0, i8 %p_ZL13conv_0_w_fold_0_1_2, i8 %p_ZL13conv_0_w_fold_1_1_2, i8 %p_ZL13conv_0_w_fold_2_1_2, i7 %p_ZL13conv_0_w_fold_0_1_0, i8 %p_ZL13conv_0_w_fold_1_1_0, i7 %p_ZL13conv_0_w_fold_2_1_0, i8 %p_ZL13conv_0_w_fold_0_0_2, i7 %p_ZL13conv_0_w_fold_1_0_2, i8 %p_ZL13conv_0_w_fold_2_0_2, i7 %p_ZL13conv_0_w_fold_0_0_1, i7 %p_ZL13conv_0_w_fold_1_0_1, i8 %p_ZL13conv_0_w_fold_2_0_1, i7 %p_ZL13conv_0_w_fold_0_0_0, i6 %p_ZL13conv_0_w_fold_1_0_0, i6 %p_ZL13conv_0_w_fold_2_0_0" [../QAT-Model/mobilenet_v1_qat.cpp:30]   --->   Operation 140 'call' 'call_ln30' <Predicate = true> <Delay = 0.00> <CoreType = "Generic">   --->   Generic Core

State 14 <SV = 13> <Delay = 0.00>
ST_14 : Operation 141 [2/2] (0.00ns)   --->   "%call_ln32 = call void @dw0_qat, i6 %conv0_out, i6 %conv0_out_1, i6 %conv0_out_2, i6 %conv0_out_3, i6 %conv0_out_4, i6 %conv0_out_5, i6 %conv0_out_6, i6 %conv0_out_7, i6 %conv0_out_8, i7 %dw0_out, i7 %dw0_out_1, i12 %features_0_dw_b_fold, i8 %p_ZL20features_0_dw_w_fold_1_1, i8 %p_ZL20features_0_dw_w_fold_1_2, i8 %p_ZL20features_0_dw_w_fold_2_1, i8 %p_ZL20features_0_dw_w_fold_0_0, i8 %p_ZL20features_0_dw_w_fold_0_1, i7 %p_ZL20features_0_dw_w_fold_0_2, i8 %p_ZL20features_0_dw_w_fold_1_0, i8 %p_ZL20features_0_dw_w_fold_2_0, i8 %p_ZL20features_0_dw_w_fold_2_2" [../QAT-Model/mobilenet_v1_qat.cpp:32]   --->   Operation 141 'call' 'call_ln32' <Predicate = true> <Delay = 0.00> <CoreType = "Generic">   --->   Generic Core

State 15 <SV = 14> <Delay = 0.00>
ST_15 : Operation 142 [1/2] (0.00ns)   --->   "%call_ln32 = call void @dw0_qat, i6 %conv0_out, i6 %conv0_out_1, i6 %conv0_out_2, i6 %conv0_out_3, i6 %conv0_out_4, i6 %conv0_out_5, i6 %conv0_out_6, i6 %conv0_out_7, i6 %conv0_out_8, i7 %dw0_out, i7 %dw0_out_1, i12 %features_0_dw_b_fold, i8 %p_ZL20features_0_dw_w_fold_1_1, i8 %p_ZL20features_0_dw_w_fold_1_2, i8 %p_ZL20features_0_dw_w_fold_2_1, i8 %p_ZL20features_0_dw_w_fold_0_0, i8 %p_ZL20features_0_dw_w_fold_0_1, i7 %p_ZL20features_0_dw_w_fold_0_2, i8 %p_ZL20features_0_dw_w_fold_1_0, i8 %p_ZL20features_0_dw_w_fold_2_0, i8 %p_ZL20features_0_dw_w_fold_2_2" [../QAT-Model/mobilenet_v1_qat.cpp:32]   --->   Operation 142 'call' 'call_ln32' <Predicate = true> <Delay = 0.00> <CoreType = "Generic">   --->   Generic Core

State 16 <SV = 15> <Delay = 0.00>
ST_16 : Operation 143 [2/2] (0.00ns)   --->   "%call_ln33 = call void @pw0_qat, i7 %dw0_out, i7 %dw0_out_1, i7 %pw0_out, i7 %pw0_out_1, i7 %pw0_out_2, i7 %pw0_out_3, i7 %pw0_out_4, i7 %pw0_out_5, i7 %pw0_out_6, i7 %pw0_out_7, i7 %pw0_out_8, i12 %features_0_pw_b_fold, i8 %p_ZL20features_0_pw_w_fold_0, i8 %p_ZL20features_0_pw_w_fold_1" [../QAT-Model/mobilenet_v1_qat.cpp:33]   --->   Operation 143 'call' 'call_ln33' <Predicate = true> <Delay = 0.00> <CoreType = "Generic">   --->   Generic Core

State 17 <SV = 16> <Delay = 0.00>
ST_17 : Operation 144 [1/2] (0.00ns)   --->   "%call_ln33 = call void @pw0_qat, i7 %dw0_out, i7 %dw0_out_1, i7 %pw0_out, i7 %pw0_out_1, i7 %pw0_out_2, i7 %pw0_out_3, i7 %pw0_out_4, i7 %pw0_out_5, i7 %pw0_out_6, i7 %pw0_out_7, i7 %pw0_out_8, i12 %features_0_pw_b_fold, i8 %p_ZL20features_0_pw_w_fold_0, i8 %p_ZL20features_0_pw_w_fold_1" [../QAT-Model/mobilenet_v1_qat.cpp:33]   --->   Operation 144 'call' 'call_ln33' <Predicate = true> <Delay = 0.00> <CoreType = "Generic">   --->   Generic Core

State 18 <SV = 17> <Delay = 0.00>
ST_18 : Operation 145 [2/2] (0.00ns)   --->   "%call_ln35 = call void @dw1_qat, i7 %pw0_out, i7 %pw0_out_1, i7 %pw0_out_2, i7 %pw0_out_3, i7 %pw0_out_4, i7 %pw0_out_5, i7 %pw0_out_6, i7 %pw0_out_7, i7 %pw0_out_8, i7 %dw1_out, i7 %dw1_out_1, i13 %features_1_dw_b_fold, i8 %p_ZL20features_1_dw_w_fold_1_1, i8 %p_ZL20features_1_dw_w_fold_1_2, i8 %p_ZL20features_1_dw_w_fold_2_1, i8 %p_ZL20features_1_dw_w_fold_0_0, i8 %p_ZL20features_1_dw_w_fold_0_1, i7 %p_ZL20features_1_dw_w_fold_0_2, i8 %p_ZL20features_1_dw_w_fold_1_0, i8 %p_ZL20features_1_dw_w_fold_2_0, i8 %p_ZL20features_1_dw_w_fold_2_2" [../QAT-Model/mobilenet_v1_qat.cpp:35]   --->   Operation 145 'call' 'call_ln35' <Predicate = true> <Delay = 0.00> <CoreType = "Generic">   --->   Generic Core

State 19 <SV = 18> <Delay = 0.00>
ST_19 : Operation 146 [1/2] (0.00ns)   --->   "%call_ln35 = call void @dw1_qat, i7 %pw0_out, i7 %pw0_out_1, i7 %pw0_out_2, i7 %pw0_out_3, i7 %pw0_out_4, i7 %pw0_out_5, i7 %pw0_out_6, i7 %pw0_out_7, i7 %pw0_out_8, i7 %dw1_out, i7 %dw1_out_1, i13 %features_1_dw_b_fold, i8 %p_ZL20features_1_dw_w_fold_1_1, i8 %p_ZL20features_1_dw_w_fold_1_2, i8 %p_ZL20features_1_dw_w_fold_2_1, i8 %p_ZL20features_1_dw_w_fold_0_0, i8 %p_ZL20features_1_dw_w_fold_0_1, i7 %p_ZL20features_1_dw_w_fold_0_2, i8 %p_ZL20features_1_dw_w_fold_1_0, i8 %p_ZL20features_1_dw_w_fold_2_0, i8 %p_ZL20features_1_dw_w_fold_2_2" [../QAT-Model/mobilenet_v1_qat.cpp:35]   --->   Operation 146 'call' 'call_ln35' <Predicate = true> <Delay = 0.00> <CoreType = "Generic">   --->   Generic Core

State 20 <SV = 19> <Delay = 0.00>
ST_20 : Operation 147 [2/2] (0.00ns)   --->   "%call_ln36 = call void @pw1_qat, i7 %dw1_out, i7 %dw1_out_1, i7 %pw1_out, i7 %pw1_out_1, i7 %pw1_out_2, i7 %pw1_out_3, i7 %pw1_out_4, i7 %pw1_out_5, i7 %pw1_out_6, i7 %pw1_out_7, i7 %pw1_out_8, i13 %features_1_pw_b_fold, i8 %p_ZL20features_1_pw_w_fold_0, i8 %p_ZL20features_1_pw_w_fold_1" [../QAT-Model/mobilenet_v1_qat.cpp:36]   --->   Operation 147 'call' 'call_ln36' <Predicate = true> <Delay = 0.00> <CoreType = "Generic">   --->   Generic Core

State 21 <SV = 20> <Delay = 0.00>
ST_21 : Operation 148 [1/2] (0.00ns)   --->   "%call_ln36 = call void @pw1_qat, i7 %dw1_out, i7 %dw1_out_1, i7 %pw1_out, i7 %pw1_out_1, i7 %pw1_out_2, i7 %pw1_out_3, i7 %pw1_out_4, i7 %pw1_out_5, i7 %pw1_out_6, i7 %pw1_out_7, i7 %pw1_out_8, i13 %features_1_pw_b_fold, i8 %p_ZL20features_1_pw_w_fold_0, i8 %p_ZL20features_1_pw_w_fold_1" [../QAT-Model/mobilenet_v1_qat.cpp:36]   --->   Operation 148 'call' 'call_ln36' <Predicate = true> <Delay = 0.00> <CoreType = "Generic">   --->   Generic Core

State 22 <SV = 21> <Delay = 0.00>
ST_22 : Operation 149 [2/2] (0.00ns)   --->   "%call_ln38 = call void @dw2_qat, i7 %pw1_out, i7 %pw1_out_1, i7 %pw1_out_2, i7 %pw1_out_3, i7 %pw1_out_4, i7 %pw1_out_5, i7 %pw1_out_6, i7 %pw1_out_7, i7 %pw1_out_8, i7 %dw2_out, i7 %dw2_out_1, i13 %features_2_dw_b_fold, i8 %p_ZL20features_2_dw_w_fold_1_1, i8 %p_ZL20features_2_dw_w_fold_1_2, i8 %p_ZL20features_2_dw_w_fold_2_1, i8 %p_ZL20features_2_dw_w_fold_0_0, i8 %p_ZL20features_2_dw_w_fold_0_1, i8 %p_ZL20features_2_dw_w_fold_0_2, i8 %p_ZL20features_2_dw_w_fold_1_0, i7 %p_ZL20features_2_dw_w_fold_2_0, i8 %p_ZL20features_2_dw_w_fold_2_2" [../QAT-Model/mobilenet_v1_qat.cpp:38]   --->   Operation 149 'call' 'call_ln38' <Predicate = true> <Delay = 0.00> <CoreType = "Generic">   --->   Generic Core

State 23 <SV = 22> <Delay = 0.00>
ST_23 : Operation 150 [1/2] (0.00ns)   --->   "%call_ln38 = call void @dw2_qat, i7 %pw1_out, i7 %pw1_out_1, i7 %pw1_out_2, i7 %pw1_out_3, i7 %pw1_out_4, i7 %pw1_out_5, i7 %pw1_out_6, i7 %pw1_out_7, i7 %pw1_out_8, i7 %dw2_out, i7 %dw2_out_1, i13 %features_2_dw_b_fold, i8 %p_ZL20features_2_dw_w_fold_1_1, i8 %p_ZL20features_2_dw_w_fold_1_2, i8 %p_ZL20features_2_dw_w_fold_2_1, i8 %p_ZL20features_2_dw_w_fold_0_0, i8 %p_ZL20features_2_dw_w_fold_0_1, i8 %p_ZL20features_2_dw_w_fold_0_2, i8 %p_ZL20features_2_dw_w_fold_1_0, i7 %p_ZL20features_2_dw_w_fold_2_0, i8 %p_ZL20features_2_dw_w_fold_2_2" [../QAT-Model/mobilenet_v1_qat.cpp:38]   --->   Operation 150 'call' 'call_ln38' <Predicate = true> <Delay = 0.00> <CoreType = "Generic">   --->   Generic Core

State 24 <SV = 23> <Delay = 0.00>
ST_24 : Operation 151 [2/2] (0.00ns)   --->   "%call_ln39 = call void @pw2_qat, i7 %dw2_out, i7 %dw2_out_1, i7 %pw2_out, i7 %pw2_out_1, i7 %pw2_out_2, i7 %pw2_out_3, i7 %pw2_out_4, i7 %pw2_out_5, i7 %pw2_out_6, i7 %pw2_out_7, i7 %pw2_out_8, i7 %pw2_out_9, i7 %pw2_out_10, i7 %pw2_out_11, i7 %pw2_out_12, i7 %pw2_out_13, i7 %pw2_out_14, i7 %pw2_out_15, i14 %features_2_pw_b_fold, i8 %p_ZL20features_2_pw_w_fold_0, i8 %p_ZL20features_2_pw_w_fold_1" [../QAT-Model/mobilenet_v1_qat.cpp:39]   --->   Operation 151 'call' 'call_ln39' <Predicate = true> <Delay = 0.00> <CoreType = "Generic">   --->   Generic Core

State 25 <SV = 24> <Delay = 0.00>
ST_25 : Operation 152 [1/2] (0.00ns)   --->   "%call_ln39 = call void @pw2_qat, i7 %dw2_out, i7 %dw2_out_1, i7 %pw2_out, i7 %pw2_out_1, i7 %pw2_out_2, i7 %pw2_out_3, i7 %pw2_out_4, i7 %pw2_out_5, i7 %pw2_out_6, i7 %pw2_out_7, i7 %pw2_out_8, i7 %pw2_out_9, i7 %pw2_out_10, i7 %pw2_out_11, i7 %pw2_out_12, i7 %pw2_out_13, i7 %pw2_out_14, i7 %pw2_out_15, i14 %features_2_pw_b_fold, i8 %p_ZL20features_2_pw_w_fold_0, i8 %p_ZL20features_2_pw_w_fold_1" [../QAT-Model/mobilenet_v1_qat.cpp:39]   --->   Operation 152 'call' 'call_ln39' <Predicate = true> <Delay = 0.00> <CoreType = "Generic">   --->   Generic Core

State 26 <SV = 25> <Delay = 0.00>
ST_26 : Operation 153 [2/2] (0.00ns)   --->   "%call_ln41 = call void @dw3_qat, i7 %pw2_out, i7 %pw2_out_1, i7 %pw2_out_2, i7 %pw2_out_3, i7 %pw2_out_4, i7 %pw2_out_5, i7 %pw2_out_6, i7 %pw2_out_7, i7 %pw2_out_8, i7 %pw2_out_9, i7 %pw2_out_10, i7 %pw2_out_11, i7 %pw2_out_12, i7 %pw2_out_13, i7 %pw2_out_14, i7 %pw2_out_15, i7 %dw3_out, i7 %dw3_out_1, i12 %features_3_dw_b_fold, i8 %p_ZL20features_3_dw_w_fold_1_1, i7 %p_ZL20features_3_dw_w_fold_1_2, i8 %p_ZL20features_3_dw_w_fold_2_1, i8 %p_ZL20features_3_dw_w_fold_0_0, i8 %p_ZL20features_3_dw_w_fold_0_1, i7 %p_ZL20features_3_dw_w_fold_0_2, i7 %p_ZL20features_3_dw_w_fold_1_0, i8 %p_ZL20features_3_dw_w_fold_2_0, i7 %p_ZL20features_3_dw_w_fold_2_2" [../QAT-Model/mobilenet_v1_qat.cpp:41]   --->   Operation 153 'call' 'call_ln41' <Predicate = true> <Delay = 0.00> <CoreType = "Generic">   --->   Generic Core

State 27 <SV = 26> <Delay = 0.00>
ST_27 : Operation 154 [1/2] (0.00ns)   --->   "%call_ln41 = call void @dw3_qat, i7 %pw2_out, i7 %pw2_out_1, i7 %pw2_out_2, i7 %pw2_out_3, i7 %pw2_out_4, i7 %pw2_out_5, i7 %pw2_out_6, i7 %pw2_out_7, i7 %pw2_out_8, i7 %pw2_out_9, i7 %pw2_out_10, i7 %pw2_out_11, i7 %pw2_out_12, i7 %pw2_out_13, i7 %pw2_out_14, i7 %pw2_out_15, i7 %dw3_out, i7 %dw3_out_1, i12 %features_3_dw_b_fold, i8 %p_ZL20features_3_dw_w_fold_1_1, i7 %p_ZL20features_3_dw_w_fold_1_2, i8 %p_ZL20features_3_dw_w_fold_2_1, i8 %p_ZL20features_3_dw_w_fold_0_0, i8 %p_ZL20features_3_dw_w_fold_0_1, i7 %p_ZL20features_3_dw_w_fold_0_2, i7 %p_ZL20features_3_dw_w_fold_1_0, i8 %p_ZL20features_3_dw_w_fold_2_0, i7 %p_ZL20features_3_dw_w_fold_2_2" [../QAT-Model/mobilenet_v1_qat.cpp:41]   --->   Operation 154 'call' 'call_ln41' <Predicate = true> <Delay = 0.00> <CoreType = "Generic">   --->   Generic Core

State 28 <SV = 27> <Delay = 0.00>
ST_28 : Operation 155 [2/2] (0.00ns)   --->   "%call_ln42 = call void @pw3_qat, i7 %dw3_out, i7 %dw3_out_1, i7 %pw3_out, i7 %pw3_out_1, i14 %features_3_pw_b_fold, i8 %p_ZL20features_3_pw_w_fold_0, i8 %p_ZL20features_3_pw_w_fold_1" [../QAT-Model/mobilenet_v1_qat.cpp:42]   --->   Operation 155 'call' 'call_ln42' <Predicate = true> <Delay = 0.00> <CoreType = "Generic">   --->   Generic Core

State 29 <SV = 28> <Delay = 0.00>
ST_29 : Operation 156 [1/2] (0.00ns)   --->   "%call_ln42 = call void @pw3_qat, i7 %dw3_out, i7 %dw3_out_1, i7 %pw3_out, i7 %pw3_out_1, i14 %features_3_pw_b_fold, i8 %p_ZL20features_3_pw_w_fold_0, i8 %p_ZL20features_3_pw_w_fold_1" [../QAT-Model/mobilenet_v1_qat.cpp:42]   --->   Operation 156 'call' 'call_ln42' <Predicate = true> <Delay = 0.00> <CoreType = "Generic">   --->   Generic Core

State 30 <SV = 29> <Delay = 0.00>
ST_30 : Operation 157 [2/2] (0.00ns)   --->   "%call_ln0 = call void @mobilenet_v1_qat_Pipeline_GAP_C, i7 %pw3_out, i7 %pw3_out_1, i7 %gap_out"   --->   Operation 157 'call' 'call_ln0' <Predicate = true> <Delay = 0.00> <CoreType = "Generic">   --->   Generic Core

State 31 <SV = 30> <Delay = 0.00>
ST_31 : Operation 158 [1/2] (0.00ns)   --->   "%call_ln0 = call void @mobilenet_v1_qat_Pipeline_GAP_C, i7 %pw3_out, i7 %pw3_out_1, i7 %gap_out"   --->   Operation 158 'call' 'call_ln0' <Predicate = true> <Delay = 0.00> <CoreType = "Generic">   --->   Generic Core

State 32 <SV = 31> <Delay = 0.00>
ST_32 : Operation 159 [2/2] (0.00ns)   --->   "%call_ln46 = call void @fc_qat, i7 %gap_out, i32 %logits, i8 %p_ZL9fc_w_fold_0, i8 %p_ZL9fc_w_fold_1, i8 %p_ZL9fc_w_fold_2, i8 %p_ZL9fc_w_fold_3, i8 %p_ZL9fc_w_fold_4, i8 %p_ZL9fc_w_fold_5, i8 %p_ZL9fc_w_fold_6, i8 %p_ZL9fc_w_fold_7, i8 %p_ZL9fc_w_fold_8, i8 %p_ZL9fc_w_fold_9" [../QAT-Model/mobilenet_v1_qat.cpp:46]   --->   Operation 159 'call' 'call_ln46' <Predicate = true> <Delay = 0.00> <CoreType = "Generic">   --->   Generic Core

State 33 <SV = 32> <Delay = 7.30>
ST_33 : Operation 160 [1/2] (0.00ns)   --->   "%call_ln46 = call void @fc_qat, i7 %gap_out, i32 %logits, i8 %p_ZL9fc_w_fold_0, i8 %p_ZL9fc_w_fold_1, i8 %p_ZL9fc_w_fold_2, i8 %p_ZL9fc_w_fold_3, i8 %p_ZL9fc_w_fold_4, i8 %p_ZL9fc_w_fold_5, i8 %p_ZL9fc_w_fold_6, i8 %p_ZL9fc_w_fold_7, i8 %p_ZL9fc_w_fold_8, i8 %p_ZL9fc_w_fold_9" [../QAT-Model/mobilenet_v1_qat.cpp:46]   --->   Operation 160 'call' 'call_ln46' <Predicate = true> <Delay = 0.00> <CoreType = "Generic">   --->   Generic Core
ST_33 : Operation 161 [1/1] (0.00ns)   --->   "%sext_ln29 = sext i62 %trunc_ln1" [../QAT-Model/transfer.cpp:29->../QAT-Model/mobilenet_v1_qat.cpp:48]   --->   Operation 161 'sext' 'sext_ln29' <Predicate = true> <Delay = 0.00>
ST_33 : Operation 162 [1/1] (0.00ns)   --->   "%gmem_addr_1 = getelementptr i32 %gmem, i64 %sext_ln29" [../QAT-Model/transfer.cpp:29->../QAT-Model/mobilenet_v1_qat.cpp:48]   --->   Operation 162 'getelementptr' 'gmem_addr_1' <Predicate = true> <Delay = 0.00>
ST_33 : Operation 163 [1/1] ( I:7.30ns O:7.30ns )   --->   "%empty_38 = writereq i1 @_ssdm_op_WriteReq.m_axi.p1i32, i32 %gmem_addr_1, i64 10" [../QAT-Model/transfer.cpp:29->../QAT-Model/mobilenet_v1_qat.cpp:48]   --->   Operation 163 'writereq' 'empty_38' <Predicate = true> <Delay = 7.30> <CoreInst = "m_axi">   --->   Core 111 'm_axi' <Latency = 9> <II = 1> <Delay = 1.00> <Adapter> <Opcode : 'readrequnaligned' 'writerequnaligned' 'read' 'write' 'readreq' 'writereq' 'writeresp'>

State 34 <SV = 33> <Delay = 0.00>
ST_34 : Operation 164 [2/2] (0.00ns)   --->   "%call_ln29 = call void @mobilenet_v1_qat_Pipeline_STORE_O, i32 %gmem, i62 %trunc_ln1, i32 %logits" [../QAT-Model/transfer.cpp:29->../QAT-Model/mobilenet_v1_qat.cpp:48]   --->   Operation 164 'call' 'call_ln29' <Predicate = true> <Delay = 0.00> <CoreType = "Generic">   --->   Generic Core

State 35 <SV = 34> <Delay = 0.00>
ST_35 : Operation 165 [1/2] (0.00ns)   --->   "%call_ln29 = call void @mobilenet_v1_qat_Pipeline_STORE_O, i32 %gmem, i62 %trunc_ln1, i32 %logits" [../QAT-Model/transfer.cpp:29->../QAT-Model/mobilenet_v1_qat.cpp:48]   --->   Operation 165 'call' 'call_ln29' <Predicate = true> <Delay = 0.00> <CoreType = "Generic">   --->   Generic Core

State 36 <SV = 35> <Delay = 0.00>
ST_36 : Operation 166 [5/5] (7.30ns)   --->   "%empty_39 = writeresp i1 @_ssdm_op_WriteResp.m_axi.p1i32, i32 %gmem_addr_1" [../QAT-Model/mobilenet_v1_qat.cpp:49]   --->   Operation 166 'writeresp' 'empty_39' <Predicate = true> <Delay = 7.30> <CoreInst = "m_axi">   --->   Core 111 'm_axi' <Latency = 3> <II = 1> <Delay = 1.00> <Adapter> <Opcode : 'readrequnaligned' 'writerequnaligned' 'read' 'write' 'readreq' 'writereq' 'writeresp'>

State 37 <SV = 36> <Delay = 0.00>
ST_37 : Operation 167 [4/5] (7.30ns)   --->   "%empty_39 = writeresp i1 @_ssdm_op_WriteResp.m_axi.p1i32, i32 %gmem_addr_1" [../QAT-Model/mobilenet_v1_qat.cpp:49]   --->   Operation 167 'writeresp' 'empty_39' <Predicate = true> <Delay = 7.30> <CoreInst = "m_axi">   --->   Core 111 'm_axi' <Latency = 3> <II = 1> <Delay = 1.00> <Adapter> <Opcode : 'readrequnaligned' 'writerequnaligned' 'read' 'write' 'readreq' 'writereq' 'writeresp'>

State 38 <SV = 37> <Delay = 0.00>
ST_38 : Operation 168 [3/5] (7.30ns)   --->   "%empty_39 = writeresp i1 @_ssdm_op_WriteResp.m_axi.p1i32, i32 %gmem_addr_1" [../QAT-Model/mobilenet_v1_qat.cpp:49]   --->   Operation 168 'writeresp' 'empty_39' <Predicate = true> <Delay = 7.30> <CoreInst = "m_axi">   --->   Core 111 'm_axi' <Latency = 3> <II = 1> <Delay = 1.00> <Adapter> <Opcode : 'readrequnaligned' 'writerequnaligned' 'read' 'write' 'readreq' 'writereq' 'writeresp'>

State 39 <SV = 38> <Delay = 0.00>
ST_39 : Operation 169 [2/5] (7.30ns)   --->   "%empty_39 = writeresp i1 @_ssdm_op_WriteResp.m_axi.p1i32, i32 %gmem_addr_1" [../QAT-Model/mobilenet_v1_qat.cpp:49]   --->   Operation 169 'writeresp' 'empty_39' <Predicate = true> <Delay = 7.30> <CoreInst = "m_axi">   --->   Core 111 'm_axi' <Latency = 3> <II = 1> <Delay = 1.00> <Adapter> <Opcode : 'readrequnaligned' 'writerequnaligned' 'read' 'write' 'readreq' 'writereq' 'writeresp'>

State 40 <SV = 39> <Delay = 7.30>
ST_40 : Operation 170 [1/1] (0.00ns)   --->   "%specmemcore_ln0 = specmemcore void @_ssdm_op_SpecMemCore, i7 %p_ZL13conv_0_w_fold_0_0_0, i64 666, i64 36, i64 18446744073709551615, i1 0"   --->   Operation 170 'specmemcore' 'specmemcore_ln0' <Predicate = true> <Delay = 0.00>
ST_40 : Operation 171 [1/1] (0.00ns)   --->   "%specmemcore_ln0 = specmemcore void @_ssdm_op_SpecMemCore, i7 %p_ZL13conv_0_w_fold_0_0_1, i64 666, i64 36, i64 18446744073709551615, i1 0"   --->   Operation 171 'specmemcore' 'specmemcore_ln0' <Predicate = true> <Delay = 0.00>
ST_40 : Operation 172 [1/1] (0.00ns)   --->   "%specmemcore_ln0 = specmemcore void @_ssdm_op_SpecMemCore, i8 %p_ZL13conv_0_w_fold_0_0_2, i64 666, i64 36, i64 18446744073709551615, i1 0"   --->   Operation 172 'specmemcore' 'specmemcore_ln0' <Predicate = true> <Delay = 0.00>
ST_40 : Operation 173 [1/1] (0.00ns)   --->   "%specmemcore_ln0 = specmemcore void @_ssdm_op_SpecMemCore, i7 %p_ZL13conv_0_w_fold_0_1_0, i64 666, i64 36, i64 18446744073709551615, i1 0"   --->   Operation 173 'specmemcore' 'specmemcore_ln0' <Predicate = true> <Delay = 0.00>
ST_40 : Operation 174 [1/1] (0.00ns)   --->   "%specmemcore_ln0 = specmemcore void @_ssdm_op_SpecMemCore, i7 %p_ZL13conv_0_w_fold_0_1_1, i64 666, i64 36, i64 18446744073709551615, i1 0"   --->   Operation 174 'specmemcore' 'specmemcore_ln0' <Predicate = true> <Delay = 0.00>
ST_40 : Operation 175 [1/1] (0.00ns)   --->   "%specmemcore_ln0 = specmemcore void @_ssdm_op_SpecMemCore, i8 %p_ZL13conv_0_w_fold_0_1_2, i64 666, i64 36, i64 18446744073709551615, i1 0"   --->   Operation 175 'specmemcore' 'specmemcore_ln0' <Predicate = true> <Delay = 0.00>
ST_40 : Operation 176 [1/1] (0.00ns)   --->   "%specmemcore_ln0 = specmemcore void @_ssdm_op_SpecMemCore, i8 %p_ZL13conv_0_w_fold_0_2_0, i64 666, i64 36, i64 18446744073709551615, i1 0"   --->   Operation 176 'specmemcore' 'specmemcore_ln0' <Predicate = true> <Delay = 0.00>
ST_40 : Operation 177 [1/1] (0.00ns)   --->   "%specmemcore_ln0 = specmemcore void @_ssdm_op_SpecMemCore, i8 %p_ZL13conv_0_w_fold_0_2_1, i64 666, i64 36, i64 18446744073709551615, i1 0"   --->   Operation 177 'specmemcore' 'specmemcore_ln0' <Predicate = true> <Delay = 0.00>
ST_40 : Operation 178 [1/1] (0.00ns)   --->   "%specmemcore_ln0 = specmemcore void @_ssdm_op_SpecMemCore, i8 %p_ZL13conv_0_w_fold_0_2_2, i64 666, i64 36, i64 18446744073709551615, i1 0"   --->   Operation 178 'specmemcore' 'specmemcore_ln0' <Predicate = true> <Delay = 0.00>
ST_40 : Operation 179 [1/1] (0.00ns)   --->   "%specmemcore_ln0 = specmemcore void @_ssdm_op_SpecMemCore, i6 %p_ZL13conv_0_w_fold_1_0_0, i64 666, i64 36, i64 18446744073709551615, i1 0"   --->   Operation 179 'specmemcore' 'specmemcore_ln0' <Predicate = true> <Delay = 0.00>
ST_40 : Operation 180 [1/1] (0.00ns)   --->   "%specmemcore_ln0 = specmemcore void @_ssdm_op_SpecMemCore, i7 %p_ZL13conv_0_w_fold_1_0_1, i64 666, i64 36, i64 18446744073709551615, i1 0"   --->   Operation 180 'specmemcore' 'specmemcore_ln0' <Predicate = true> <Delay = 0.00>
ST_40 : Operation 181 [1/1] (0.00ns)   --->   "%specmemcore_ln0 = specmemcore void @_ssdm_op_SpecMemCore, i7 %p_ZL13conv_0_w_fold_1_0_2, i64 666, i64 36, i64 18446744073709551615, i1 0"   --->   Operation 181 'specmemcore' 'specmemcore_ln0' <Predicate = true> <Delay = 0.00>
ST_40 : Operation 182 [1/1] (0.00ns)   --->   "%specmemcore_ln0 = specmemcore void @_ssdm_op_SpecMemCore, i8 %p_ZL13conv_0_w_fold_1_1_0, i64 666, i64 36, i64 18446744073709551615, i1 0"   --->   Operation 182 'specmemcore' 'specmemcore_ln0' <Predicate = true> <Delay = 0.00>
ST_40 : Operation 183 [1/1] (0.00ns)   --->   "%specmemcore_ln0 = specmemcore void @_ssdm_op_SpecMemCore, i8 %p_ZL13conv_0_w_fold_1_1_1, i64 666, i64 36, i64 18446744073709551615, i1 0"   --->   Operation 183 'specmemcore' 'specmemcore_ln0' <Predicate = true> <Delay = 0.00>
ST_40 : Operation 184 [1/1] (0.00ns)   --->   "%specmemcore_ln0 = specmemcore void @_ssdm_op_SpecMemCore, i8 %p_ZL13conv_0_w_fold_1_1_2, i64 666, i64 36, i64 18446744073709551615, i1 0"   --->   Operation 184 'specmemcore' 'specmemcore_ln0' <Predicate = true> <Delay = 0.00>
ST_40 : Operation 185 [1/1] (0.00ns)   --->   "%specmemcore_ln0 = specmemcore void @_ssdm_op_SpecMemCore, i7 %p_ZL13conv_0_w_fold_1_2_0, i64 666, i64 36, i64 18446744073709551615, i1 0"   --->   Operation 185 'specmemcore' 'specmemcore_ln0' <Predicate = true> <Delay = 0.00>
ST_40 : Operation 186 [1/1] (0.00ns)   --->   "%specmemcore_ln0 = specmemcore void @_ssdm_op_SpecMemCore, i7 %p_ZL13conv_0_w_fold_1_2_1, i64 666, i64 36, i64 18446744073709551615, i1 0"   --->   Operation 186 'specmemcore' 'specmemcore_ln0' <Predicate = true> <Delay = 0.00>
ST_40 : Operation 187 [1/1] (0.00ns)   --->   "%specmemcore_ln0 = specmemcore void @_ssdm_op_SpecMemCore, i8 %p_ZL13conv_0_w_fold_1_2_2, i64 666, i64 36, i64 18446744073709551615, i1 0"   --->   Operation 187 'specmemcore' 'specmemcore_ln0' <Predicate = true> <Delay = 0.00>
ST_40 : Operation 188 [1/1] (0.00ns)   --->   "%specmemcore_ln0 = specmemcore void @_ssdm_op_SpecMemCore, i6 %p_ZL13conv_0_w_fold_2_0_0, i64 666, i64 36, i64 18446744073709551615, i1 0"   --->   Operation 188 'specmemcore' 'specmemcore_ln0' <Predicate = true> <Delay = 0.00>
ST_40 : Operation 189 [1/1] (0.00ns)   --->   "%specmemcore_ln0 = specmemcore void @_ssdm_op_SpecMemCore, i8 %p_ZL13conv_0_w_fold_2_0_1, i64 666, i64 36, i64 18446744073709551615, i1 0"   --->   Operation 189 'specmemcore' 'specmemcore_ln0' <Predicate = true> <Delay = 0.00>
ST_40 : Operation 190 [1/1] (0.00ns)   --->   "%specmemcore_ln0 = specmemcore void @_ssdm_op_SpecMemCore, i8 %p_ZL13conv_0_w_fold_2_0_2, i64 666, i64 36, i64 18446744073709551615, i1 0"   --->   Operation 190 'specmemcore' 'specmemcore_ln0' <Predicate = true> <Delay = 0.00>
ST_40 : Operation 191 [1/1] (0.00ns)   --->   "%specmemcore_ln0 = specmemcore void @_ssdm_op_SpecMemCore, i7 %p_ZL13conv_0_w_fold_2_1_0, i64 666, i64 36, i64 18446744073709551615, i1 0"   --->   Operation 191 'specmemcore' 'specmemcore_ln0' <Predicate = true> <Delay = 0.00>
ST_40 : Operation 192 [1/1] (0.00ns)   --->   "%specmemcore_ln0 = specmemcore void @_ssdm_op_SpecMemCore, i7 %p_ZL13conv_0_w_fold_2_1_1, i64 666, i64 36, i64 18446744073709551615, i1 0"   --->   Operation 192 'specmemcore' 'specmemcore_ln0' <Predicate = true> <Delay = 0.00>
ST_40 : Operation 193 [1/1] (0.00ns)   --->   "%specmemcore_ln0 = specmemcore void @_ssdm_op_SpecMemCore, i8 %p_ZL13conv_0_w_fold_2_1_2, i64 666, i64 36, i64 18446744073709551615, i1 0"   --->   Operation 193 'specmemcore' 'specmemcore_ln0' <Predicate = true> <Delay = 0.00>
ST_40 : Operation 194 [1/1] (0.00ns)   --->   "%specmemcore_ln0 = specmemcore void @_ssdm_op_SpecMemCore, i7 %p_ZL13conv_0_w_fold_2_2_0, i64 666, i64 36, i64 18446744073709551615, i1 0"   --->   Operation 194 'specmemcore' 'specmemcore_ln0' <Predicate = true> <Delay = 0.00>
ST_40 : Operation 195 [1/1] (0.00ns)   --->   "%specmemcore_ln0 = specmemcore void @_ssdm_op_SpecMemCore, i6 %p_ZL13conv_0_w_fold_2_2_1, i64 666, i64 36, i64 18446744073709551615, i1 0"   --->   Operation 195 'specmemcore' 'specmemcore_ln0' <Predicate = true> <Delay = 0.00>
ST_40 : Operation 196 [1/1] (0.00ns)   --->   "%specmemcore_ln0 = specmemcore void @_ssdm_op_SpecMemCore, i7 %p_ZL13conv_0_w_fold_2_2_2, i64 666, i64 36, i64 18446744073709551615, i1 0"   --->   Operation 196 'specmemcore' 'specmemcore_ln0' <Predicate = true> <Delay = 0.00>
ST_40 : Operation 197 [1/1] (0.00ns)   --->   "%spectopmodule_ln4 = spectopmodule void @_ssdm_op_SpecTopModule, void @empty_9" [../QAT-Model/mobilenet_v1_qat.cpp:4]   --->   Operation 197 'spectopmodule' 'spectopmodule_ln4' <Predicate = true> <Delay = 0.00>
ST_40 : Operation 198 [1/1] (0.00ns)   --->   "%specinterface_ln0 = specinterface void @_ssdm_op_SpecInterface, i32 %gmem, void @empty_6, i32 0, i32 0, void @empty_10, i32 0, i32 3072, void @empty_2, void @empty_3, void @empty_10, i32 16, i32 16, i32 16, i32 16, void @empty_10, void @empty_10, i32 4294967295, i32 0, i32 0, i32 4"   --->   Operation 198 'specinterface' 'specinterface_ln0' <Predicate = true> <Delay = 0.00>
ST_40 : Operation 199 [1/1] (0.00ns)   --->   "%specbitsmap_ln0 = specbitsmap void @_ssdm_op_SpecBitsMap, i32 %gmem"   --->   Operation 199 'specbitsmap' 'specbitsmap_ln0' <Predicate = true> <Delay = 0.00>
ST_40 : Operation 200 [1/1] (0.00ns)   --->   "%specinterface_ln0 = specinterface void @_ssdm_op_SpecInterface, i64 %input_r, void @empty_4, i32 4294967295, i32 4294967295, void @empty_10, i32 0, i32 0, void @empty, void @empty_8, void @empty_10, i32 0, i32 0, i32 0, i32 0, void @empty_10, void @empty_0, i32 4294967295, i32 0, i32 0, i32 0"   --->   Operation 200 'specinterface' 'specinterface_ln0' <Predicate = true> <Delay = 0.00>
ST_40 : Operation 201 [1/1] (0.00ns)   --->   "%specinterface_ln0 = specinterface void @_ssdm_op_SpecInterface, i64 %input_r, void @empty_5, i32 0, i32 0, void @empty_10, i32 0, i32 0, void @empty_10, void @empty_10, void @empty_10, i32 0, i32 0, i32 0, i32 0, void @empty_10, void @empty_0, i32 4294967295, i32 0, i32 0, i32 0"   --->   Operation 201 'specinterface' 'specinterface_ln0' <Predicate = true> <Delay = 0.00>
ST_40 : Operation 202 [1/1] (0.00ns)   --->   "%specinterface_ln0 = specinterface void @_ssdm_op_SpecInterface, i64 %output_r, void @empty_4, i32 4294967295, i32 4294967295, void @empty_10, i32 0, i32 0, void @empty, void @empty_7, void @empty_10, i32 0, i32 0, i32 0, i32 0, void @empty_10, void @empty_0, i32 4294967295, i32 0, i32 0, i32 0"   --->   Operation 202 'specinterface' 'specinterface_ln0' <Predicate = true> <Delay = 0.00>
ST_40 : Operation 203 [1/1] (0.00ns)   --->   "%specinterface_ln0 = specinterface void @_ssdm_op_SpecInterface, i64 %output_r, void @empty_5, i32 0, i32 0, void @empty_10, i32 0, i32 0, void @empty_10, void @empty_10, void @empty_10, i32 0, i32 0, i32 0, i32 0, void @empty_10, void @empty_0, i32 4294967295, i32 0, i32 0, i32 0"   --->   Operation 203 'specinterface' 'specinterface_ln0' <Predicate = true> <Delay = 0.00>
ST_40 : Operation 204 [1/1] (0.00ns)   --->   "%specinterface_ln0 = specinterface void @_ssdm_op_SpecInterface, i32 0, void @empty_4, i32 0, i32 0, void @empty_10, i32 0, i32 0, void @empty, void @empty_10, void @empty_10, i32 0, i32 0, i32 0, i32 0, void @empty_10, void @empty_10, i32 0, i32 0, i32 0, i32 0"   --->   Operation 204 'specinterface' 'specinterface_ln0' <Predicate = true> <Delay = 0.00>
ST_40 : Operation 205 [1/1] (0.00ns)   --->   "%specmemcore_ln33 = specmemcore void @_ssdm_op_SpecMemCore, i7 %dw0_out_1, i64 666, i64 22, i64 18446744073709551615, i1 0" [../QAT-Model/mobilenet_v1_qat.cpp:33]   --->   Operation 205 'specmemcore' 'specmemcore_ln33' <Predicate = true> <Delay = 0.00>
ST_40 : Operation 206 [1/1] (0.00ns)   --->   "%specmemcore_ln33 = specmemcore void @_ssdm_op_SpecMemCore, i7 %dw0_out, i64 666, i64 22, i64 18446744073709551615, i1 0" [../QAT-Model/mobilenet_v1_qat.cpp:33]   --->   Operation 206 'specmemcore' 'specmemcore_ln33' <Predicate = true> <Delay = 0.00>
ST_40 : Operation 207 [1/1] (0.00ns)   --->   "%specmemcore_ln36 = specmemcore void @_ssdm_op_SpecMemCore, i7 %dw1_out_1, i64 666, i64 22, i64 18446744073709551615, i1 0" [../QAT-Model/mobilenet_v1_qat.cpp:36]   --->   Operation 207 'specmemcore' 'specmemcore_ln36' <Predicate = true> <Delay = 0.00>
ST_40 : Operation 208 [1/1] (0.00ns)   --->   "%specmemcore_ln36 = specmemcore void @_ssdm_op_SpecMemCore, i7 %dw1_out, i64 666, i64 22, i64 18446744073709551615, i1 0" [../QAT-Model/mobilenet_v1_qat.cpp:36]   --->   Operation 208 'specmemcore' 'specmemcore_ln36' <Predicate = true> <Delay = 0.00>
ST_40 : Operation 209 [1/1] (0.00ns)   --->   "%specmemcore_ln39 = specmemcore void @_ssdm_op_SpecMemCore, i7 %dw2_out_1, i64 666, i64 22, i64 18446744073709551615, i1 0" [../QAT-Model/mobilenet_v1_qat.cpp:39]   --->   Operation 209 'specmemcore' 'specmemcore_ln39' <Predicate = true> <Delay = 0.00>
ST_40 : Operation 210 [1/1] (0.00ns)   --->   "%specmemcore_ln39 = specmemcore void @_ssdm_op_SpecMemCore, i7 %dw2_out, i64 666, i64 22, i64 18446744073709551615, i1 0" [../QAT-Model/mobilenet_v1_qat.cpp:39]   --->   Operation 210 'specmemcore' 'specmemcore_ln39' <Predicate = true> <Delay = 0.00>
ST_40 : Operation 211 [1/1] (0.00ns)   --->   "%specmemcore_ln42 = specmemcore void @_ssdm_op_SpecMemCore, i7 %dw3_out_1, i64 666, i64 22, i64 18446744073709551615, i1 0" [../QAT-Model/mobilenet_v1_qat.cpp:42]   --->   Operation 211 'specmemcore' 'specmemcore_ln42' <Predicate = true> <Delay = 0.00>
ST_40 : Operation 212 [1/1] (0.00ns)   --->   "%specmemcore_ln42 = specmemcore void @_ssdm_op_SpecMemCore, i7 %dw3_out, i64 666, i64 22, i64 18446744073709551615, i1 0" [../QAT-Model/mobilenet_v1_qat.cpp:42]   --->   Operation 212 'specmemcore' 'specmemcore_ln42' <Predicate = true> <Delay = 0.00>
ST_40 : Operation 213 [1/5] ( I:7.30ns O:7.30ns )   --->   "%empty_39 = writeresp i1 @_ssdm_op_WriteResp.m_axi.p1i32, i32 %gmem_addr_1" [../QAT-Model/mobilenet_v1_qat.cpp:49]   --->   Operation 213 'writeresp' 'empty_39' <Predicate = true> <Delay = 7.30> <CoreInst = "m_axi">   --->   Core 111 'm_axi' <Latency = 3> <II = 1> <Delay = 1.00> <Adapter> <Opcode : 'readrequnaligned' 'writerequnaligned' 'read' 'write' 'readreq' 'writereq' 'writeresp'>
ST_40 : Operation 214 [1/1] (0.00ns)   --->   "%ret_ln49 = ret" [../QAT-Model/mobilenet_v1_qat.cpp:49]   --->   Operation 214 'ret' 'ret_ln49' <Predicate = true> <Delay = 0.00>


============================================================
+ Verbose Summary: Timing violations
============================================================
Target clock period: 10.000ns, clock uncertainty: 2.700ns.

 <State 1>: 1.000ns
The critical path consists of the following:
	s_axi read operation ('output_r_read') on port 'output_r' [131]  (1.000 ns)

 <State 2>: 7.300ns
The critical path consists of the following:
	'getelementptr' operation 32 bit ('gmem_addr', ../QAT-Model/transfer.cpp:11->../QAT-Model/mobilenet_v1_qat.cpp:28) [217]  (0.000 ns)
	bus request operation ('empty', ../QAT-Model/transfer.cpp:11->../QAT-Model/mobilenet_v1_qat.cpp:28) on port 'gmem' (../QAT-Model/transfer.cpp:11->../QAT-Model/mobilenet_v1_qat.cpp:28) [218]  (0.000 ns)
	blocking operation 7.3 ns on control path)

 <State 3>: 0.000ns
The critical path consists of the following:

 <State 4>: 0.000ns
The critical path consists of the following:

 <State 5>: 0.000ns
The critical path consists of the following:

 <State 6>: 0.000ns
The critical path consists of the following:

 <State 7>: 0.000ns
The critical path consists of the following:

 <State 8>: 0.000ns
The critical path consists of the following:

 <State 9>: 7.300ns
The critical path consists of the following:
	bus request operation ('empty', ../QAT-Model/transfer.cpp:11->../QAT-Model/mobilenet_v1_qat.cpp:28) on port 'gmem' (../QAT-Model/transfer.cpp:11->../QAT-Model/mobilenet_v1_qat.cpp:28) [218]  (7.300 ns)

 <State 10>: 0.000ns
The critical path consists of the following:

 <State 11>: 0.000ns
The critical path consists of the following:

 <State 12>: 0.000ns
The critical path consists of the following:

 <State 13>: 0.000ns
The critical path consists of the following:

 <State 14>: 0.000ns
The critical path consists of the following:

 <State 15>: 0.000ns
The critical path consists of the following:

 <State 16>: 0.000ns
The critical path consists of the following:

 <State 17>: 0.000ns
The critical path consists of the following:

 <State 18>: 0.000ns
The critical path consists of the following:

 <State 19>: 0.000ns
The critical path consists of the following:

 <State 20>: 0.000ns
The critical path consists of the following:

 <State 21>: 0.000ns
The critical path consists of the following:

 <State 22>: 0.000ns
The critical path consists of the following:

 <State 23>: 0.000ns
The critical path consists of the following:

 <State 24>: 0.000ns
The critical path consists of the following:

 <State 25>: 0.000ns
The critical path consists of the following:

 <State 26>: 0.000ns
The critical path consists of the following:

 <State 27>: 0.000ns
The critical path consists of the following:

 <State 28>: 0.000ns
The critical path consists of the following:

 <State 29>: 0.000ns
The critical path consists of the following:

 <State 30>: 0.000ns
The critical path consists of the following:

 <State 31>: 0.000ns
The critical path consists of the following:

 <State 32>: 0.000ns
The critical path consists of the following:

 <State 33>: 7.300ns
The critical path consists of the following:
	'getelementptr' operation 32 bit ('gmem_addr_1', ../QAT-Model/transfer.cpp:29->../QAT-Model/mobilenet_v1_qat.cpp:48) [241]  (0.000 ns)
	bus request operation ('empty_38', ../QAT-Model/transfer.cpp:29->../QAT-Model/mobilenet_v1_qat.cpp:48) on port 'gmem' (../QAT-Model/transfer.cpp:29->../QAT-Model/mobilenet_v1_qat.cpp:48) [242]  (7.300 ns)

 <State 34>: 0.000ns
The critical path consists of the following:

 <State 35>: 0.000ns
The critical path consists of the following:

 <State 36>: 0.000ns
The critical path consists of the following:

 <State 37>: 0.000ns
The critical path consists of the following:

 <State 38>: 0.000ns
The critical path consists of the following:

 <State 39>: 0.000ns
The critical path consists of the following:

 <State 40>: 7.300ns
The critical path consists of the following:
	bus response operation ('empty_39', ../QAT-Model/mobilenet_v1_qat.cpp:49) on port 'gmem' (../QAT-Model/mobilenet_v1_qat.cpp:49) [244]  (7.300 ns)


============================================================
+ Verbose Summary: Binding
============================================================
N/A
* FSMD analyzer results:
  - Output states:
 - Input state : 
  - Chain level:
	State 1
	State 2
	State 3
	State 4
	State 5
	State 6
	State 7
	State 8
	State 9
	State 10
	State 11
	State 12
	State 13
	State 14
	State 15
	State 16
	State 17
	State 18
	State 19
	State 20
	State 21
	State 22
	State 23
	State 24
	State 25
	State 26
	State 27
	State 28
	State 29
	State 30
	State 31
	State 32
	State 33
	State 34
	State 35
	State 36
	State 37
	State 38
	State 39
	State 40


============================================================
+ Verbose Summary: Datapath Resource usage 
============================================================
N/A
