

================================================================
== Vitis HLS Report for 'mobilenet_v1_qat_Pipeline_GAP_C'
================================================================
* Date:           Sat Jun 27 11:08:34 2026

* Version:        2025.2 (Build 6295257 on Nov 14 2025)
* Project:        QAT_HLS
* Solution:       hls (Vivado IP Flow Target)
* Product family: zynq
* Target device:  xc7z045-ffg900-2


================================================================
== Performance Estimates
================================================================
+ Timing: 
    * Summary: 
    +--------+----------+----------+------------+
    |  Clock |  Target  | Estimated| Uncertainty|
    +--------+----------+----------+------------+
    |ap_clk  |  10.00 ns|  7.080 ns|     2.70 ns|
    +--------+----------+----------+------------+

+ Latency: 
    * Summary: 
    +---------+---------+----------+----------+-----+-----+-------------------+
    |  Latency (cycles) |  Latency (absolute) |  Interval |      Pipeline     |
    |   min   |   max   |    min   |    max   | min | max |        Type       |
    +---------+---------+----------+----------+-----+-----+-------------------+
    |      259|      259|  2.590 us|  2.590 us|    0|    0|  loop pipeline stp|
    +---------+---------+----------+----------+-----+-----+-------------------+

    + Detail: 
        * Instance: 
        N/A

        * Loop: 
        +----------+---------+---------+----------+-----------+-----------+------+----------+
        |          |  Latency (cycles) | Iteration|  Initiation Interval  | Trip |          |
        | Loop Name|   min   |   max   |  Latency |  achieved |   target  | Count| Pipelined|
        +----------+---------+---------+----------+-----------+-----------+------+----------+
        |- GAP_C   |      257|      257|         3|          1|          1|   256|       yes|
        +----------+---------+---------+----------+-----------+-----------+------+----------+

============================================================
+ Verbose Summary: Synthesis Manager
============================================================
InlineROM: 1
ExposeGlobal: 0
============================================================
+ Verbose Summary: CDFG Model
============================================================
IsTopModel: 0
ResetActiveHigh: 1
IsCombinational: 0
IsDatapathOnly: 0
HasWiredReturn: 1
HasMFsm: 2
HasVarLatency: 1
IsPipeline: 0
IsRtlPipelined: 0
IsInstanceOverlapped: 0
IsDontTouch: 0
HasImplIP: 0
IsGatedGlobalClock: 0

+ Individual pipeline summary: 
  * Pipeline-0: initiation interval (II) = 1, depth = 3


============================================================
+ Verbose Summary: Schedule
============================================================
* Number of FSM states : 3
* Pipeline : 1
  Pipeline-0 : II = 1, D = 3, States = { 1 2 3 }
* Dataflow Pipeline: 0

* FSM state transitions: 
1 --> 2 
2 --> 3 
3 --> 

* FSM state operations: 

State 1 <SV = 0> <Delay = 4.06>
ST_1 : Operation 6 [1/1] (0.00ns)   --->   "%c = alloca i32 1" [../QAT-Model/gap.cpp:7->../QAT-Model/mobilenet_v1_qat.cpp:44]   --->   Operation 6 'alloca' 'c' <Predicate = true> <Delay = 0.00>
ST_1 : Operation 7 [1/1] (1.29ns)   --->   "%store_ln7 = store i9 0, i9 %c" [../QAT-Model/gap.cpp:7->../QAT-Model/mobilenet_v1_qat.cpp:44]   --->   Operation 7 'store' 'store_ln7' <Predicate = true> <Delay = 1.29>
ST_1 : Operation 8 [1/1] (0.00ns)   --->   "%br_ln0 = br void %GAP_H.i"   --->   Operation 8 'br' 'br_ln0' <Predicate = true> <Delay = 0.00>
ST_1 : Operation 9 [1/1] (0.00ns)   --->   "%c_1 = load i9 %c" [../QAT-Model/gap.cpp:7->../QAT-Model/mobilenet_v1_qat.cpp:44]   --->   Operation 9 'load' 'c_1' <Predicate = true> <Delay = 0.00>
ST_1 : Operation 10 [1/1] (1.36ns)   --->   "%icmp_ln7 = icmp_eq  i9 %c_1, i9 256" [../QAT-Model/gap.cpp:7->../QAT-Model/mobilenet_v1_qat.cpp:44]   --->   Operation 10 'icmp' 'icmp_ln7' <Predicate = true> <Delay = 1.36> <CoreInst = "Cmp">   --->   Core 9 'Cmp' <Latency = 0> <II = 1> <Delay = 1.36> <FuncUnit> <Opcode : 'seteq' 'setne' 'setle' 'setge' 'setlt' 'setgt'> <InPorts = 2> <OutPorts = 1>
ST_1 : Operation 11 [1/1] (1.36ns)   --->   "%add_ln7 = add i9 %c_1, i9 1" [../QAT-Model/gap.cpp:7->../QAT-Model/mobilenet_v1_qat.cpp:44]   --->   Operation 11 'add' 'add_ln7' <Predicate = true> <Delay = 1.36> <CoreInst = "Adder">   --->   Core 1 'Adder' <Latency = 0> <II = 1> <Delay = 1.36> <FuncUnit> <Opcode : 'add' 'sub'> <InPorts = 2> <OutPorts = 1>
ST_1 : Operation 12 [1/1] (0.00ns)   --->   "%br_ln7 = br i1 %icmp_ln7, void %GAP_H.i.split, void %_Z19global_avg_pool_qatPA2_A2_KaPa.exit.exitStub" [../QAT-Model/gap.cpp:7->../QAT-Model/mobilenet_v1_qat.cpp:44]   --->   Operation 12 'br' 'br_ln7' <Predicate = true> <Delay = 0.00>
ST_1 : Operation 13 [1/1] (0.00ns)   --->   "%trunc_ln7 = trunc i9 %c_1" [../QAT-Model/gap.cpp:7->../QAT-Model/mobilenet_v1_qat.cpp:44]   --->   Operation 13 'trunc' 'trunc_ln7' <Predicate = (!icmp_ln7)> <Delay = 0.00>
ST_1 : Operation 14 [1/1] (0.00ns)   --->   "%shl_ln14 = shl i9 %c_1, i9 1" [../QAT-Model/gap.cpp:14->../QAT-Model/mobilenet_v1_qat.cpp:44]   --->   Operation 14 'shl' 'shl_ln14' <Predicate = (!icmp_ln7)> <Delay = 0.00>
ST_1 : Operation 15 [1/1] (0.00ns)   --->   "%zext_ln14_1 = zext i9 %shl_ln14" [../QAT-Model/gap.cpp:14->../QAT-Model/mobilenet_v1_qat.cpp:44]   --->   Operation 15 'zext' 'zext_ln14_1' <Predicate = (!icmp_ln7)> <Delay = 0.00>
ST_1 : Operation 16 [1/1] (0.00ns)   --->   "%pw3_out_addr = getelementptr i7 %pw3_out, i64 0, i64 %zext_ln14_1" [../QAT-Model/gap.cpp:14->../QAT-Model/mobilenet_v1_qat.cpp:44]   --->   Operation 16 'getelementptr' 'pw3_out_addr' <Predicate = (!icmp_ln7)> <Delay = 0.00>
ST_1 : Operation 17 [1/1] (0.00ns)   --->   "%tmp_s = bitconcatenate i9 @_ssdm_op_BitConcatenate.i9.i8.i1, i8 %trunc_ln7, i1 1" [../QAT-Model/gap.cpp:14->../QAT-Model/mobilenet_v1_qat.cpp:44]   --->   Operation 17 'bitconcatenate' 'tmp_s' <Predicate = (!icmp_ln7)> <Delay = 0.00>
ST_1 : Operation 18 [1/1] (0.00ns)   --->   "%zext_ln14_3 = zext i9 %tmp_s" [../QAT-Model/gap.cpp:14->../QAT-Model/mobilenet_v1_qat.cpp:44]   --->   Operation 18 'zext' 'zext_ln14_3' <Predicate = (!icmp_ln7)> <Delay = 0.00>
ST_1 : Operation 19 [1/1] (0.00ns)   --->   "%pw3_out_addr_1 = getelementptr i7 %pw3_out, i64 0, i64 %zext_ln14_3" [../QAT-Model/gap.cpp:14->../QAT-Model/mobilenet_v1_qat.cpp:44]   --->   Operation 19 'getelementptr' 'pw3_out_addr_1' <Predicate = (!icmp_ln7)> <Delay = 0.00>
ST_1 : Operation 20 [1/1] (0.00ns)   --->   "%pw3_out_1_addr = getelementptr i7 %pw3_out_1, i64 0, i64 %zext_ln14_1" [../QAT-Model/gap.cpp:14->../QAT-Model/mobilenet_v1_qat.cpp:44]   --->   Operation 20 'getelementptr' 'pw3_out_1_addr' <Predicate = (!icmp_ln7)> <Delay = 0.00>
ST_1 : Operation 21 [1/1] (0.00ns)   --->   "%pw3_out_1_addr_1 = getelementptr i7 %pw3_out_1, i64 0, i64 %zext_ln14_3" [../QAT-Model/gap.cpp:14->../QAT-Model/mobilenet_v1_qat.cpp:44]   --->   Operation 21 'getelementptr' 'pw3_out_1_addr_1' <Predicate = (!icmp_ln7)> <Delay = 0.00>
ST_1 : Operation 22 [2/2] (2.77ns)   --->   "%sum = load i9 %pw3_out_addr" [../QAT-Model/gap.cpp:14->../QAT-Model/mobilenet_v1_qat.cpp:44]   --->   Operation 22 'load' 'sum' <Predicate = (!icmp_ln7)> <Delay = 2.77> <CoreInst = "RAM">   --->   Core 81 'RAM' <Latency = 1> <II = 1> <Delay = 2.77> <Storage> <Opcode : 'load' 'store'> <Ports = 2> <Width = 7> <Depth = 512> <RAM>
ST_1 : Operation 23 [2/2] (2.77ns)   --->   "%pw3_out_1_load = load i9 %pw3_out_1_addr" [../QAT-Model/gap.cpp:14->../QAT-Model/mobilenet_v1_qat.cpp:44]   --->   Operation 23 'load' 'pw3_out_1_load' <Predicate = (!icmp_ln7)> <Delay = 2.77> <CoreInst = "RAM">   --->   Core 81 'RAM' <Latency = 1> <II = 1> <Delay = 2.77> <Storage> <Opcode : 'load' 'store'> <Ports = 2> <Width = 7> <Depth = 512> <RAM>
ST_1 : Operation 24 [2/2] (2.77ns)   --->   "%pw3_out_load = load i9 %pw3_out_addr_1" [../QAT-Model/gap.cpp:14->../QAT-Model/mobilenet_v1_qat.cpp:44]   --->   Operation 24 'load' 'pw3_out_load' <Predicate = (!icmp_ln7)> <Delay = 2.77> <CoreInst = "RAM">   --->   Core 81 'RAM' <Latency = 1> <II = 1> <Delay = 2.77> <Storage> <Opcode : 'load' 'store'> <Ports = 2> <Width = 7> <Depth = 512> <RAM>
ST_1 : Operation 25 [2/2] (2.77ns)   --->   "%pw3_out_1_load_1 = load i9 %pw3_out_1_addr_1" [../QAT-Model/gap.cpp:14->../QAT-Model/mobilenet_v1_qat.cpp:44]   --->   Operation 25 'load' 'pw3_out_1_load_1' <Predicate = (!icmp_ln7)> <Delay = 2.77> <CoreInst = "RAM">   --->   Core 81 'RAM' <Latency = 1> <II = 1> <Delay = 2.77> <Storage> <Opcode : 'load' 'store'> <Ports = 2> <Width = 7> <Depth = 512> <RAM>
ST_1 : Operation 26 [1/1] (1.29ns)   --->   "%store_ln7 = store i9 %add_ln7, i9 %c" [../QAT-Model/gap.cpp:7->../QAT-Model/mobilenet_v1_qat.cpp:44]   --->   Operation 26 'store' 'store_ln7' <Predicate = (!icmp_ln7)> <Delay = 1.29>

State 2 <SV = 1> <Delay = 7.08>
ST_2 : Operation 27 [1/2] ( I:2.77ns O:2.77ns )   --->   "%sum = load i9 %pw3_out_addr" [../QAT-Model/gap.cpp:14->../QAT-Model/mobilenet_v1_qat.cpp:44]   --->   Operation 27 'load' 'sum' <Predicate = true> <Delay = 2.77> <CoreInst = "RAM">   --->   Core 81 'RAM' <Latency = 1> <II = 1> <Delay = 2.77> <Storage> <Opcode : 'load' 'store'> <Ports = 2> <Width = 7> <Depth = 512> <RAM>
ST_2 : Operation 28 [1/1] (0.00ns)   --->   "%zext_ln9 = zext i7 %sum" [../QAT-Model/gap.cpp:9->../QAT-Model/mobilenet_v1_qat.cpp:44]   --->   Operation 28 'zext' 'zext_ln9' <Predicate = true> <Delay = 0.00>
ST_2 : Operation 29 [1/2] ( I:2.77ns O:2.77ns )   --->   "%pw3_out_1_load = load i9 %pw3_out_1_addr" [../QAT-Model/gap.cpp:14->../QAT-Model/mobilenet_v1_qat.cpp:44]   --->   Operation 29 'load' 'pw3_out_1_load' <Predicate = true> <Delay = 2.77> <CoreInst = "RAM">   --->   Core 81 'RAM' <Latency = 1> <II = 1> <Delay = 2.77> <Storage> <Opcode : 'load' 'store'> <Ports = 2> <Width = 7> <Depth = 512> <RAM>
ST_2 : Operation 30 [1/1] (0.00ns)   --->   "%zext_ln14 = zext i7 %pw3_out_1_load" [../QAT-Model/gap.cpp:14->../QAT-Model/mobilenet_v1_qat.cpp:44]   --->   Operation 30 'zext' 'zext_ln14' <Predicate = true> <Delay = 0.00>
ST_2 : Operation 31 [1/2] ( I:2.77ns O:2.77ns )   --->   "%pw3_out_load = load i9 %pw3_out_addr_1" [../QAT-Model/gap.cpp:14->../QAT-Model/mobilenet_v1_qat.cpp:44]   --->   Operation 31 'load' 'pw3_out_load' <Predicate = true> <Delay = 2.77> <CoreInst = "RAM">   --->   Core 81 'RAM' <Latency = 1> <II = 1> <Delay = 2.77> <Storage> <Opcode : 'load' 'store'> <Ports = 2> <Width = 7> <Depth = 512> <RAM>
ST_2 : Operation 32 [1/1] (0.00ns)   --->   "%zext_ln14_2 = zext i7 %pw3_out_load" [../QAT-Model/gap.cpp:14->../QAT-Model/mobilenet_v1_qat.cpp:44]   --->   Operation 32 'zext' 'zext_ln14_2' <Predicate = true> <Delay = 0.00>
ST_2 : Operation 33 [1/2] ( I:2.77ns O:2.77ns )   --->   "%pw3_out_1_load_1 = load i9 %pw3_out_1_addr_1" [../QAT-Model/gap.cpp:14->../QAT-Model/mobilenet_v1_qat.cpp:44]   --->   Operation 33 'load' 'pw3_out_1_load_1' <Predicate = true> <Delay = 2.77> <CoreInst = "RAM">   --->   Core 81 'RAM' <Latency = 1> <II = 1> <Delay = 2.77> <Storage> <Opcode : 'load' 'store'> <Ports = 2> <Width = 7> <Depth = 512> <RAM>
ST_2 : Operation 34 [1/1] (0.00ns)   --->   "%zext_ln17 = zext i7 %pw3_out_1_load_1" [../QAT-Model/gap.cpp:17->../QAT-Model/mobilenet_v1_qat.cpp:44]   --->   Operation 34 'zext' 'zext_ln17' <Predicate = true> <Delay = 0.00>
ST_2 : Operation 35 [1/1] (1.31ns)   --->   "%add_ln17 = add i8 %zext_ln9, i8 %zext_ln14" [../QAT-Model/gap.cpp:17->../QAT-Model/mobilenet_v1_qat.cpp:44]   --->   Operation 35 'add' 'add_ln17' <Predicate = true> <Delay = 1.31> <CoreInst = "Adder">   --->   Core 1 'Adder' <Latency = 0> <II = 1> <Delay = 1.31> <FuncUnit> <Opcode : 'add' 'sub'> <InPorts = 2> <OutPorts = 1>
ST_2 : Operation 36 [1/1] (0.00ns)   --->   "%zext_ln17_1 = zext i8 %add_ln17" [../QAT-Model/gap.cpp:17->../QAT-Model/mobilenet_v1_qat.cpp:44]   --->   Operation 36 'zext' 'zext_ln17_1' <Predicate = true> <Delay = 0.00>
ST_2 : Operation 37 [1/1] (1.31ns)   --->   "%add_ln17_1 = add i8 %zext_ln17, i8 2" [../QAT-Model/gap.cpp:17->../QAT-Model/mobilenet_v1_qat.cpp:44]   --->   Operation 37 'add' 'add_ln17_1' <Predicate = true> <Delay = 1.31> <CoreInst = "Adder">   --->   Core 1 'Adder' <Latency = 0> <II = 1> <Delay = 1.31> <FuncUnit> <Opcode : 'add' 'sub'> <InPorts = 2> <OutPorts = 1>
ST_2 : Operation 38 [1/1] (0.00ns)   --->   "%zext_ln17_2 = zext i8 %add_ln17_1" [../QAT-Model/gap.cpp:17->../QAT-Model/mobilenet_v1_qat.cpp:44]   --->   Operation 38 'zext' 'zext_ln17_2' <Predicate = true> <Delay = 0.00>
ST_2 : Operation 39 [1/1] (0.00ns) (grouped into TernaryAdder)   --->   "%add_ln17_2 = add i9 %zext_ln17_2, i9 %zext_ln14_2" [../QAT-Model/gap.cpp:17->../QAT-Model/mobilenet_v1_qat.cpp:44]   --->   Operation 39 'add' 'add_ln17_2' <Predicate = true> <Delay = 0.00> <CoreInst = "TAddSub">   --->   Core 10 'TAddSub' <Latency = 0> <II = 1> <Delay = 1.49> <IPBlock> <Opcode : 'add' 'sub'> <InPorts = 3> <OutPorts = 1> <Sync> <CReg>
ST_2 : Operation 40 [1/1] (2.99ns) (root node of TernaryAdder)   --->   "%add_ln17_3 = add i9 %add_ln17_2, i9 %zext_ln17_1" [../QAT-Model/gap.cpp:17->../QAT-Model/mobilenet_v1_qat.cpp:44]   --->   Operation 40 'add' 'add_ln17_3' <Predicate = true> <Delay = 2.99> <CoreInst = "TAddSub">   --->   Core 10 'TAddSub' <Latency = 0> <II = 1> <Delay = 1.49> <IPBlock> <Opcode : 'add' 'sub'> <InPorts = 3> <OutPorts = 1> <Sync> <CReg>
ST_2 : Operation 41 [1/1] (0.00ns)   --->   "%trunc_ln = partselect i7 @_ssdm_op_PartSelect.i7.i9.i32.i32, i9 %add_ln17_3, i32 2, i32 8" [../QAT-Model/gap.cpp:20->../QAT-Model/mobilenet_v1_qat.cpp:44]   --->   Operation 41 'partselect' 'trunc_ln' <Predicate = true> <Delay = 0.00>
ST_2 : Operation 49 [1/1] (1.29ns)   --->   "%ret_ln0 = ret"   --->   Operation 49 'ret' 'ret_ln0' <Predicate = (icmp_ln7)> <Delay = 1.29>

State 3 <SV = 2> <Delay = 2.77>
ST_3 : Operation 42 [1/1] (0.00ns)   --->   "%zext_ln7 = zext i9 %c_1" [../QAT-Model/gap.cpp:7->../QAT-Model/mobilenet_v1_qat.cpp:44]   --->   Operation 42 'zext' 'zext_ln7' <Predicate = true> <Delay = 0.00>
ST_3 : Operation 43 [1/1] (0.00ns)   --->   "%specpipeline_ln8 = specpipeline void @_ssdm_op_SpecPipeline, i32 4294967295, i32 0, i32 0, i32 0, i32 4294967295, void @empty_10" [../QAT-Model/gap.cpp:8->../QAT-Model/mobilenet_v1_qat.cpp:44]   --->   Operation 43 'specpipeline' 'specpipeline_ln8' <Predicate = true> <Delay = 0.00>
ST_3 : Operation 44 [1/1] (0.00ns)   --->   "%speclooptripcount_ln7 = speclooptripcount void @_ssdm_op_SpecLoopTripCount, i64 256, i64 256, i64 256" [../QAT-Model/gap.cpp:7->../QAT-Model/mobilenet_v1_qat.cpp:44]   --->   Operation 44 'speclooptripcount' 'speclooptripcount_ln7' <Predicate = true> <Delay = 0.00>
ST_3 : Operation 45 [1/1] (0.00ns)   --->   "%specloopname_ln7 = specloopname void @_ssdm_op_SpecLoopName, void @empty_11" [../QAT-Model/gap.cpp:7->../QAT-Model/mobilenet_v1_qat.cpp:44]   --->   Operation 45 'specloopname' 'specloopname_ln7' <Predicate = true> <Delay = 0.00>
ST_3 : Operation 46 [1/1] (0.00ns)   --->   "%gap_out_addr = getelementptr i7 %gap_out, i64 0, i64 %zext_ln7" [../QAT-Model/gap.cpp:20->../QAT-Model/mobilenet_v1_qat.cpp:44]   --->   Operation 46 'getelementptr' 'gap_out_addr' <Predicate = true> <Delay = 0.00>
ST_3 : Operation 47 [1/1] ( I:2.77ns O:2.77ns )   --->   "%store_ln20 = store i7 %trunc_ln, i8 %gap_out_addr" [../QAT-Model/gap.cpp:20->../QAT-Model/mobilenet_v1_qat.cpp:44]   --->   Operation 47 'store' 'store_ln20' <Predicate = true> <Delay = 2.77> <CoreInst = "RAM">   --->   Core 81 'RAM' <Latency = 1> <II = 1> <Delay = 2.77> <Storage> <Opcode : 'load' 'store'> <Ports = 2> <Width = 7> <Depth = 256> <RAM>
ST_3 : Operation 48 [1/1] (0.00ns)   --->   "%br_ln7 = br void %GAP_H.i" [../QAT-Model/gap.cpp:7->../QAT-Model/mobilenet_v1_qat.cpp:44]   --->   Operation 48 'br' 'br_ln7' <Predicate = true> <Delay = 0.00>


============================================================
+ Verbose Summary: Binding
============================================================
STG Binding: 
---------------- STG Properties BEGIN ----------------
- Is combinational: 0
- Is one-state seq: 0
- Is datapath-only: 0
- Is pipelined: 0
- Is top level: 0
Port [ Return ] is wired: 1; IO mode=ap_ctrl_hs:ce=0
Port [ pw3_out]:  wired=1; compound=1; hidden=0; nouse=0; global=0; static=0; extern=0; dir=0; type=1; pingpong=0; private_global=0; MemPort=[11]; IO mode=ap_memory:ce=0
Port [ pw3_out_1]:  wired=1; compound=1; hidden=0; nouse=0; global=0; static=0; extern=0; dir=0; type=1; pingpong=0; private_global=0; MemPort=[11]; IO mode=ap_memory:ce=0
Port [ gap_out]:  wired=1; compound=1; hidden=0; nouse=0; global=0; static=0; extern=0; dir=1; type=1; pingpong=0; private_global=0; MemPort=[03]; IO mode=ap_memory:ce=0
---------------- STG Properties END ------------------

---------------- Datapath Model BEGIN ----------------

<LifeTime>
<method=bitvector/>
c                     (alloca           ) [ 0100]
store_ln7             (store            ) [ 0000]
br_ln0                (br               ) [ 0000]
c_1                   (load             ) [ 0111]
icmp_ln7              (icmp             ) [ 0110]
add_ln7               (add              ) [ 0000]
br_ln7                (br               ) [ 0000]
trunc_ln7             (trunc            ) [ 0000]
shl_ln14              (shl              ) [ 0000]
zext_ln14_1           (zext             ) [ 0000]
pw3_out_addr          (getelementptr    ) [ 0110]
tmp_s                 (bitconcatenate   ) [ 0000]
zext_ln14_3           (zext             ) [ 0000]
pw3_out_addr_1        (getelementptr    ) [ 0110]
pw3_out_1_addr        (getelementptr    ) [ 0110]
pw3_out_1_addr_1      (getelementptr    ) [ 0110]
store_ln7             (store            ) [ 0000]
sum                   (load             ) [ 0000]
zext_ln9              (zext             ) [ 0000]
pw3_out_1_load        (load             ) [ 0000]
zext_ln14             (zext             ) [ 0000]
pw3_out_load          (load             ) [ 0000]
zext_ln14_2           (zext             ) [ 0000]
pw3_out_1_load_1      (load             ) [ 0000]
zext_ln17             (zext             ) [ 0000]
add_ln17              (add              ) [ 0000]
zext_ln17_1           (zext             ) [ 0000]
add_ln17_1            (add              ) [ 0000]
zext_ln17_2           (zext             ) [ 0000]
add_ln17_2            (add              ) [ 0000]
add_ln17_3            (add              ) [ 0000]
trunc_ln              (partselect       ) [ 0101]
zext_ln7              (zext             ) [ 0000]
specpipeline_ln8      (specpipeline     ) [ 0000]
speclooptripcount_ln7 (speclooptripcount) [ 0000]
specloopname_ln7      (specloopname     ) [ 0000]
gap_out_addr          (getelementptr    ) [ 0000]
store_ln20            (store            ) [ 0000]
br_ln7                (br               ) [ 0000]
ret_ln0               (ret              ) [ 0000]
</LifeTime>

<model>

<comp_list>
<comp id="0" class="1000" name="pw3_out">
<pin_list>
<pin id="1" dir="1" index="0" bw="1" slack="0"/>
</pin_list>
<bind>
<StgValue><ssdm name="pw3_out"/><MemPortTyVec>1 1 </MemPortTyVec>
</StgValue>
</bind>
</comp>

<comp id="2" class="1000" name="pw3_out_1">
<pin_list>
<pin id="3" dir="1" index="0" bw="1" slack="0"/>
</pin_list>
<bind>
<StgValue><ssdm name="pw3_out_1"/><MemPortTyVec>1 1 </MemPortTyVec>
</StgValue>
</bind>
</comp>

<comp id="4" class="1000" name="gap_out">
<pin_list>
<pin id="5" dir="1" index="0" bw="1" slack="0"/>
</pin_list>
<bind>
<StgValue><ssdm name="gap_out"/><MemPortTyVec>0 3 </MemPortTyVec>
</StgValue>
</bind>
</comp>

<comp id="6" class="1001" name="const_6">
<pin_list>
<pin id="7" dir="1" index="0" bw="1" slack="0"/>
</pin_list>
<bind>
<StgValue><ssdm name=""/></StgValue>
</bind>
</comp>

<comp id="8" class="1001" name="const_8">
<pin_list>
<pin id="9" dir="1" index="0" bw="1" slack="0"/>
</pin_list>
<bind>
<StgValue><ssdm name=""/></StgValue>
</bind>
</comp>

<comp id="10" class="1001" name="const_10">
<pin_list>
<pin id="11" dir="1" index="0" bw="1" slack="0"/>
</pin_list>
<bind>
<StgValue><ssdm name=""/></StgValue>
</bind>
</comp>

<comp id="12" class="1001" name="const_12">
<pin_list>
<pin id="13" dir="1" index="0" bw="1" slack="0"/>
</pin_list>
<bind>
<StgValue><ssdm name=""/></StgValue>
</bind>
</comp>

<comp id="14" class="1001" name="const_14">
<pin_list>
<pin id="15" dir="1" index="0" bw="1" slack="0"/>
</pin_list>
<bind>
<StgValue><ssdm name=""/></StgValue>
</bind>
</comp>

<comp id="16" class="1001" name="const_16">
<pin_list>
<pin id="17" dir="1" index="0" bw="1" slack="0"/>
</pin_list>
<bind>
<StgValue><ssdm name="_ssdm_op_BitConcatenate.i9.i8.i1"/></StgValue>
</bind>
</comp>

<comp id="18" class="1001" name="const_18">
<pin_list>
<pin id="19" dir="1" index="0" bw="1" slack="0"/>
</pin_list>
<bind>
<StgValue><ssdm name=""/></StgValue>
</bind>
</comp>

<comp id="20" class="1001" name="const_20">
<pin_list>
<pin id="21" dir="1" index="0" bw="1" slack="0"/>
</pin_list>
<bind>
<StgValue><ssdm name=""/></StgValue>
</bind>
</comp>

<comp id="22" class="1001" name="const_22">
<pin_list>
<pin id="23" dir="1" index="0" bw="1" slack="0"/>
</pin_list>
<bind>
<StgValue><ssdm name="_ssdm_op_PartSelect.i7.i9.i32.i32"/></StgValue>
</bind>
</comp>

<comp id="24" class="1001" name="const_24">
<pin_list>
<pin id="25" dir="1" index="0" bw="1" slack="0"/>
</pin_list>
<bind>
<StgValue><ssdm name=""/></StgValue>
</bind>
</comp>

<comp id="26" class="1001" name="const_26">
<pin_list>
<pin id="27" dir="1" index="0" bw="1" slack="0"/>
</pin_list>
<bind>
<StgValue><ssdm name=""/></StgValue>
</bind>
</comp>

<comp id="28" class="1001" name="const_28">
<pin_list>
<pin id="29" dir="1" index="0" bw="1" slack="2147483647"/>
</pin_list>
<bind>
<StgValue><ssdm name="_ssdm_op_SpecPipeline"/></StgValue>
</bind>
</comp>

<comp id="30" class="1001" name="const_30">
<pin_list>
<pin id="31" dir="1" index="0" bw="1" slack="2147483647"/>
</pin_list>
<bind>
<StgValue><ssdm name=""/></StgValue>
</bind>
</comp>

<comp id="32" class="1001" name="const_32">
<pin_list>
<pin id="33" dir="1" index="0" bw="1" slack="2147483647"/>
</pin_list>
<bind>
<StgValue><ssdm name=""/></StgValue>
</bind>
</comp>

<comp id="34" class="1001" name="const_34">
<pin_list>
<pin id="35" dir="1" index="0" bw="1" slack="2147483647"/>
</pin_list>
<bind>
<StgValue><ssdm name="empty_10"/></StgValue>
</bind>
</comp>

<comp id="36" class="1001" name="const_36">
<pin_list>
<pin id="37" dir="1" index="0" bw="1" slack="2147483647"/>
</pin_list>
<bind>
<StgValue><ssdm name="_ssdm_op_SpecLoopTripCount"/></StgValue>
</bind>
</comp>

<comp id="38" class="1001" name="const_38">
<pin_list>
<pin id="39" dir="1" index="0" bw="1" slack="2147483647"/>
</pin_list>
<bind>
<StgValue><ssdm name=""/></StgValue>
</bind>
</comp>

<comp id="40" class="1001" name="const_40">
<pin_list>
<pin id="41" dir="1" index="0" bw="1" slack="2147483647"/>
</pin_list>
<bind>
<StgValue><ssdm name="_ssdm_op_SpecLoopName"/></StgValue>
</bind>
</comp>

<comp id="42" class="1001" name="const_42">
<pin_list>
<pin id="43" dir="1" index="0" bw="1" slack="2147483647"/>
</pin_list>
<bind>
<StgValue><ssdm name="empty_11"/></StgValue>
</bind>
</comp>

<comp id="44" class="1004" name="c_fu_44">
<pin_list>
<pin id="45" dir="0" index="0" bw="1" slack="0"/>
<pin id="46" dir="1" index="1" bw="9" slack="0"/>
</pin_list>
<bind>
<opcode="alloca(26) " fcode="alloca"/>
<opset="c/1 "/>
</bind>
</comp>

<comp id="48" class="1004" name="pw3_out_addr_gep_fu_48">
<pin_list>
<pin id="49" dir="0" index="0" bw="7" slack="0"/>
<pin id="50" dir="0" index="1" bw="1" slack="0"/>
<pin id="51" dir="0" index="2" bw="9" slack="0"/>
<pin id="52" dir="1" index="3" bw="9" slack="0"/>
</pin_list>
<bind>
<opcode="getelementptr(29) " fcode="getelementptr"/>
<opset="pw3_out_addr/1 "/>
</bind>
</comp>

<comp id="55" class="1004" name="pw3_out_addr_1_gep_fu_55">
<pin_list>
<pin id="56" dir="0" index="0" bw="7" slack="0"/>
<pin id="57" dir="0" index="1" bw="1" slack="0"/>
<pin id="58" dir="0" index="2" bw="9" slack="0"/>
<pin id="59" dir="1" index="3" bw="9" slack="0"/>
</pin_list>
<bind>
<opcode="getelementptr(29) " fcode="getelementptr"/>
<opset="pw3_out_addr_1/1 "/>
</bind>
</comp>

<comp id="62" class="1004" name="pw3_out_1_addr_gep_fu_62">
<pin_list>
<pin id="63" dir="0" index="0" bw="7" slack="0"/>
<pin id="64" dir="0" index="1" bw="1" slack="0"/>
<pin id="65" dir="0" index="2" bw="9" slack="0"/>
<pin id="66" dir="1" index="3" bw="9" slack="0"/>
</pin_list>
<bind>
<opcode="getelementptr(29) " fcode="getelementptr"/>
<opset="pw3_out_1_addr/1 "/>
</bind>
</comp>

<comp id="69" class="1004" name="pw3_out_1_addr_1_gep_fu_69">
<pin_list>
<pin id="70" dir="0" index="0" bw="7" slack="0"/>
<pin id="71" dir="0" index="1" bw="1" slack="0"/>
<pin id="72" dir="0" index="2" bw="9" slack="0"/>
<pin id="73" dir="1" index="3" bw="9" slack="0"/>
</pin_list>
<bind>
<opcode="getelementptr(29) " fcode="getelementptr"/>
<opset="pw3_out_1_addr_1/1 "/>
</bind>
</comp>

<comp id="76" class="1004" name="grp_access_fu_76">
<pin_list>
<pin id="77" dir="0" index="0" bw="9" slack="0"/>
<pin id="78" dir="0" index="1" bw="7" slack="2147483647"/>
<pin id="79" dir="0" index="2" bw="0" slack="0"/>
<pin id="81" dir="0" index="4" bw="9" slack="2147483647"/>
<pin id="82" dir="0" index="5" bw="7" slack="2147483647"/>
<pin id="83" dir="0" index="6" bw="0" slack="2147483647"/>
<pin id="80" dir="1" index="3" bw="7" slack="0"/>
<pin id="84" dir="1" index="7" bw="7" slack="0"/>
</pin_list>
<bind>
<opcode="load(27) " fcode="load"/>
<opset="sum/1 pw3_out_load/1 "/>
</bind>
</comp>

<comp id="86" class="1004" name="grp_access_fu_86">
<pin_list>
<pin id="87" dir="0" index="0" bw="9" slack="0"/>
<pin id="88" dir="0" index="1" bw="7" slack="2147483647"/>
<pin id="89" dir="0" index="2" bw="0" slack="0"/>
<pin id="91" dir="0" index="4" bw="9" slack="2147483647"/>
<pin id="92" dir="0" index="5" bw="7" slack="2147483647"/>
<pin id="93" dir="0" index="6" bw="0" slack="2147483647"/>
<pin id="90" dir="1" index="3" bw="7" slack="0"/>
<pin id="94" dir="1" index="7" bw="7" slack="0"/>
</pin_list>
<bind>
<opcode="load(27) " fcode="load"/>
<opset="pw3_out_1_load/1 pw3_out_1_load_1/1 "/>
</bind>
</comp>

<comp id="98" class="1004" name="gap_out_addr_gep_fu_98">
<pin_list>
<pin id="99" dir="0" index="0" bw="7" slack="0"/>
<pin id="100" dir="0" index="1" bw="1" slack="0"/>
<pin id="101" dir="0" index="2" bw="9" slack="0"/>
<pin id="102" dir="1" index="3" bw="8" slack="0"/>
</pin_list>
<bind>
<opcode="getelementptr(29) " fcode="getelementptr"/>
<opset="gap_out_addr/3 "/>
</bind>
</comp>

<comp id="105" class="1004" name="store_ln20_access_fu_105">
<pin_list>
<pin id="106" dir="0" index="0" bw="8" slack="0"/>
<pin id="107" dir="0" index="1" bw="7" slack="1"/>
<pin id="108" dir="0" index="2" bw="0" slack="2147483647"/>
<pin id="109" dir="1" index="3" bw="7" slack="2147483647"/>
</pin_list>
<bind>
<opcode="store(28) " fcode="store"/>
<opset="store_ln20/3 "/>
</bind>
</comp>

<comp id="111" class="1004" name="store_ln7_store_fu_111">
<pin_list>
<pin id="112" dir="0" index="0" bw="1" slack="0"/>
<pin id="113" dir="0" index="1" bw="9" slack="0"/>
<pin id="114" dir="1" index="2" bw="0" slack="2147483647"/>
</pin_list>
<bind>
<opcode="store(28) " fcode="store"/>
<opset="store_ln7/1 "/>
</bind>
</comp>

<comp id="116" class="1004" name="c_1_load_fu_116">
<pin_list>
<pin id="117" dir="0" index="0" bw="9" slack="0"/>
<pin id="118" dir="1" index="1" bw="9" slack="0"/>
</pin_list>
<bind>
<opcode="load(27) " fcode="load"/>
<opset="c_1/1 "/>
</bind>
</comp>

<comp id="119" class="1004" name="icmp_ln7_fu_119">
<pin_list>
<pin id="120" dir="0" index="0" bw="9" slack="0"/>
<pin id="121" dir="0" index="1" bw="9" slack="0"/>
<pin id="122" dir="1" index="2" bw="1" slack="1"/>
</pin_list>
<bind>
<opcode="icmp(45) " fcode="icmp"/>
<opset="icmp_ln7/1 "/>
</bind>
</comp>

<comp id="125" class="1004" name="add_ln7_fu_125">
<pin_list>
<pin id="126" dir="0" index="0" bw="9" slack="0"/>
<pin id="127" dir="0" index="1" bw="1" slack="0"/>
<pin id="128" dir="1" index="2" bw="9" slack="0"/>
</pin_list>
<bind>
<opcode="add(8) " fcode="add"/>
<opset="add_ln7/1 "/>
</bind>
</comp>

<comp id="131" class="1004" name="trunc_ln7_fu_131">
<pin_list>
<pin id="132" dir="0" index="0" bw="9" slack="0"/>
<pin id="133" dir="1" index="1" bw="8" slack="0"/>
</pin_list>
<bind>
<opcode="trunc(33) " fcode="trunc"/>
<opset="trunc_ln7/1 "/>
</bind>
</comp>

<comp id="135" class="1004" name="shl_ln14_fu_135">
<pin_list>
<pin id="136" dir="0" index="0" bw="9" slack="0"/>
<pin id="137" dir="0" index="1" bw="1" slack="0"/>
<pin id="138" dir="1" index="2" bw="9" slack="0"/>
</pin_list>
<bind>
<opcode="shl(20) " fcode="shl"/>
<opset="shl_ln14/1 "/>
</bind>
</comp>

<comp id="141" class="1004" name="zext_ln14_1_fu_141">
<pin_list>
<pin id="142" dir="0" index="0" bw="9" slack="0"/>
<pin id="143" dir="1" index="1" bw="64" slack="0"/>
</pin_list>
<bind>
<opcode="zext(34) " fcode="zext"/>
<opset="zext_ln14_1/1 "/>
</bind>
</comp>

<comp id="147" class="1004" name="tmp_s_fu_147">
<pin_list>
<pin id="148" dir="0" index="0" bw="9" slack="0"/>
<pin id="149" dir="0" index="1" bw="8" slack="0"/>
<pin id="150" dir="0" index="2" bw="1" slack="0"/>
<pin id="151" dir="1" index="3" bw="9" slack="0"/>
</pin_list>
<bind>
<opcode="bitconcatenate(1004) " fcode="bitconcatenate"/>
<opset="tmp_s/1 "/>
</bind>
</comp>

<comp id="155" class="1004" name="zext_ln14_3_fu_155">
<pin_list>
<pin id="156" dir="0" index="0" bw="9" slack="0"/>
<pin id="157" dir="1" index="1" bw="64" slack="0"/>
</pin_list>
<bind>
<opcode="zext(34) " fcode="zext"/>
<opset="zext_ln14_3/1 "/>
</bind>
</comp>

<comp id="161" class="1004" name="store_ln7_store_fu_161">
<pin_list>
<pin id="162" dir="0" index="0" bw="9" slack="0"/>
<pin id="163" dir="0" index="1" bw="9" slack="0"/>
<pin id="164" dir="1" index="2" bw="0" slack="2147483647"/>
</pin_list>
<bind>
<opcode="store(28) " fcode="store"/>
<opset="store_ln7/1 "/>
</bind>
</comp>

<comp id="166" class="1004" name="zext_ln9_fu_166">
<pin_list>
<pin id="167" dir="0" index="0" bw="7" slack="0"/>
<pin id="168" dir="1" index="1" bw="8" slack="0"/>
</pin_list>
<bind>
<opcode="zext(34) " fcode="zext"/>
<opset="zext_ln9/2 "/>
</bind>
</comp>

<comp id="170" class="1004" name="zext_ln14_fu_170">
<pin_list>
<pin id="171" dir="0" index="0" bw="7" slack="0"/>
<pin id="172" dir="1" index="1" bw="8" slack="0"/>
</pin_list>
<bind>
<opcode="zext(34) " fcode="zext"/>
<opset="zext_ln14/2 "/>
</bind>
</comp>

<comp id="174" class="1004" name="zext_ln14_2_fu_174">
<pin_list>
<pin id="175" dir="0" index="0" bw="7" slack="0"/>
<pin id="176" dir="1" index="1" bw="9" slack="0"/>
</pin_list>
<bind>
<opcode="zext(34) " fcode="zext"/>
<opset="zext_ln14_2/2 "/>
</bind>
</comp>

<comp id="178" class="1004" name="zext_ln17_fu_178">
<pin_list>
<pin id="179" dir="0" index="0" bw="7" slack="0"/>
<pin id="180" dir="1" index="1" bw="8" slack="0"/>
</pin_list>
<bind>
<opcode="zext(34) " fcode="zext"/>
<opset="zext_ln17/2 "/>
</bind>
</comp>

<comp id="182" class="1004" name="add_ln17_fu_182">
<pin_list>
<pin id="183" dir="0" index="0" bw="7" slack="0"/>
<pin id="184" dir="0" index="1" bw="7" slack="0"/>
<pin id="185" dir="1" index="2" bw="8" slack="0"/>
</pin_list>
<bind>
<opcode="add(8) " fcode="add"/>
<opset="add_ln17/2 "/>
</bind>
</comp>

<comp id="188" class="1004" name="zext_ln17_1_fu_188">
<pin_list>
<pin id="189" dir="0" index="0" bw="8" slack="0"/>
<pin id="190" dir="1" index="1" bw="9" slack="0"/>
</pin_list>
<bind>
<opcode="zext(34) " fcode="zext"/>
<opset="zext_ln17_1/2 "/>
</bind>
</comp>

<comp id="192" class="1004" name="add_ln17_1_fu_192">
<pin_list>
<pin id="193" dir="0" index="0" bw="7" slack="0"/>
<pin id="194" dir="0" index="1" bw="3" slack="0"/>
<pin id="195" dir="1" index="2" bw="8" slack="0"/>
</pin_list>
<bind>
<opcode="add(8) " fcode="add"/>
<opset="add_ln17_1/2 "/>
</bind>
</comp>

<comp id="198" class="1004" name="zext_ln17_2_fu_198">
<pin_list>
<pin id="199" dir="0" index="0" bw="8" slack="0"/>
<pin id="200" dir="1" index="1" bw="9" slack="0"/>
</pin_list>
<bind>
<opcode="zext(34) " fcode="zext"/>
<opset="zext_ln17_2/2 "/>
</bind>
</comp>

<comp id="202" class="1004" name="add_ln17_2_fu_202">
<pin_list>
<pin id="203" dir="0" index="0" bw="8" slack="0"/>
<pin id="204" dir="0" index="1" bw="7" slack="0"/>
<pin id="205" dir="1" index="2" bw="9" slack="0"/>
</pin_list>
<bind>
<opcode="add(8) " fcode="add"/>
<opset="add_ln17_2/2 "/>
</bind>
</comp>

<comp id="208" class="1004" name="add_ln17_3_fu_208">
<pin_list>
<pin id="209" dir="0" index="0" bw="9" slack="0"/>
<pin id="210" dir="0" index="1" bw="8" slack="0"/>
<pin id="211" dir="1" index="2" bw="9" slack="0"/>
</pin_list>
<bind>
<opcode="add(8) " fcode="add"/>
<opset="add_ln17_3/2 "/>
</bind>
</comp>

<comp id="214" class="1004" name="trunc_ln_fu_214">
<pin_list>
<pin id="215" dir="0" index="0" bw="7" slack="0"/>
<pin id="216" dir="0" index="1" bw="9" slack="0"/>
<pin id="217" dir="0" index="2" bw="3" slack="0"/>
<pin id="218" dir="0" index="3" bw="5" slack="0"/>
<pin id="219" dir="1" index="4" bw="7" slack="1"/>
</pin_list>
<bind>
<opcode="partselect(1002) " fcode="partselect"/>
<opset="trunc_ln/2 "/>
</bind>
</comp>

<comp id="224" class="1004" name="zext_ln7_fu_224">
<pin_list>
<pin id="225" dir="0" index="0" bw="9" slack="2"/>
<pin id="226" dir="1" index="1" bw="64" slack="0"/>
</pin_list>
<bind>
<opcode="zext(34) " fcode="zext"/>
<opset="zext_ln7/3 "/>
</bind>
</comp>

<comp id="228" class="1005" name="c_reg_228">
<pin_list>
<pin id="229" dir="0" index="0" bw="9" slack="0"/>
<pin id="230" dir="1" index="1" bw="9" slack="0"/>
</pin_list>
<bind>
<opset="c "/>
</bind>
</comp>

<comp id="235" class="1005" name="c_1_reg_235">
<pin_list>
<pin id="236" dir="0" index="0" bw="9" slack="2"/>
<pin id="237" dir="1" index="1" bw="9" slack="2"/>
</pin_list>
<bind>
<opset="c_1 "/>
</bind>
</comp>

<comp id="240" class="1005" name="icmp_ln7_reg_240">
<pin_list>
<pin id="241" dir="0" index="0" bw="1" slack="1"/>
<pin id="242" dir="1" index="1" bw="1" slack="2147483647"/>
</pin_list>
<bind>
<opset="icmp_ln7 "/>
</bind>
</comp>

<comp id="244" class="1005" name="pw3_out_addr_reg_244">
<pin_list>
<pin id="245" dir="0" index="0" bw="9" slack="1"/>
<pin id="246" dir="1" index="1" bw="9" slack="1"/>
</pin_list>
<bind>
<opset="pw3_out_addr "/>
</bind>
</comp>

<comp id="249" class="1005" name="pw3_out_addr_1_reg_249">
<pin_list>
<pin id="250" dir="0" index="0" bw="9" slack="1"/>
<pin id="251" dir="1" index="1" bw="9" slack="1"/>
</pin_list>
<bind>
<opset="pw3_out_addr_1 "/>
</bind>
</comp>

<comp id="254" class="1005" name="pw3_out_1_addr_reg_254">
<pin_list>
<pin id="255" dir="0" index="0" bw="9" slack="1"/>
<pin id="256" dir="1" index="1" bw="9" slack="1"/>
</pin_list>
<bind>
<opset="pw3_out_1_addr "/>
</bind>
</comp>

<comp id="259" class="1005" name="pw3_out_1_addr_1_reg_259">
<pin_list>
<pin id="260" dir="0" index="0" bw="9" slack="1"/>
<pin id="261" dir="1" index="1" bw="9" slack="1"/>
</pin_list>
<bind>
<opset="pw3_out_1_addr_1 "/>
</bind>
</comp>

<comp id="264" class="1005" name="trunc_ln_reg_264">
<pin_list>
<pin id="265" dir="0" index="0" bw="7" slack="1"/>
<pin id="266" dir="1" index="1" bw="7" slack="1"/>
</pin_list>
<bind>
<opset="trunc_ln "/>
</bind>
</comp>

</comp_list>

<net_list>
<net id="47"><net_src comp="6" pin="0"/><net_sink comp="44" pin=0"/></net>

<net id="53"><net_src comp="0" pin="0"/><net_sink comp="48" pin=0"/></net>

<net id="54"><net_src comp="14" pin="0"/><net_sink comp="48" pin=1"/></net>

<net id="60"><net_src comp="0" pin="0"/><net_sink comp="55" pin=0"/></net>

<net id="61"><net_src comp="14" pin="0"/><net_sink comp="55" pin=1"/></net>

<net id="67"><net_src comp="2" pin="0"/><net_sink comp="62" pin=0"/></net>

<net id="68"><net_src comp="14" pin="0"/><net_sink comp="62" pin=1"/></net>

<net id="74"><net_src comp="2" pin="0"/><net_sink comp="69" pin=0"/></net>

<net id="75"><net_src comp="14" pin="0"/><net_sink comp="69" pin=1"/></net>

<net id="85"><net_src comp="48" pin="3"/><net_sink comp="76" pin=2"/></net>

<net id="95"><net_src comp="62" pin="3"/><net_sink comp="86" pin=2"/></net>

<net id="96"><net_src comp="55" pin="3"/><net_sink comp="76" pin=0"/></net>

<net id="97"><net_src comp="69" pin="3"/><net_sink comp="86" pin=0"/></net>

<net id="103"><net_src comp="4" pin="0"/><net_sink comp="98" pin=0"/></net>

<net id="104"><net_src comp="14" pin="0"/><net_sink comp="98" pin=1"/></net>

<net id="110"><net_src comp="98" pin="3"/><net_sink comp="105" pin=0"/></net>

<net id="115"><net_src comp="8" pin="0"/><net_sink comp="111" pin=0"/></net>

<net id="123"><net_src comp="116" pin="1"/><net_sink comp="119" pin=0"/></net>

<net id="124"><net_src comp="10" pin="0"/><net_sink comp="119" pin=1"/></net>

<net id="129"><net_src comp="116" pin="1"/><net_sink comp="125" pin=0"/></net>

<net id="130"><net_src comp="12" pin="0"/><net_sink comp="125" pin=1"/></net>

<net id="134"><net_src comp="116" pin="1"/><net_sink comp="131" pin=0"/></net>

<net id="139"><net_src comp="116" pin="1"/><net_sink comp="135" pin=0"/></net>

<net id="140"><net_src comp="12" pin="0"/><net_sink comp="135" pin=1"/></net>

<net id="144"><net_src comp="135" pin="2"/><net_sink comp="141" pin=0"/></net>

<net id="145"><net_src comp="141" pin="1"/><net_sink comp="48" pin=2"/></net>

<net id="146"><net_src comp="141" pin="1"/><net_sink comp="62" pin=2"/></net>

<net id="152"><net_src comp="16" pin="0"/><net_sink comp="147" pin=0"/></net>

<net id="153"><net_src comp="131" pin="1"/><net_sink comp="147" pin=1"/></net>

<net id="154"><net_src comp="18" pin="0"/><net_sink comp="147" pin=2"/></net>

<net id="158"><net_src comp="147" pin="3"/><net_sink comp="155" pin=0"/></net>

<net id="159"><net_src comp="155" pin="1"/><net_sink comp="55" pin=2"/></net>

<net id="160"><net_src comp="155" pin="1"/><net_sink comp="69" pin=2"/></net>

<net id="165"><net_src comp="125" pin="2"/><net_sink comp="161" pin=0"/></net>

<net id="169"><net_src comp="76" pin="7"/><net_sink comp="166" pin=0"/></net>

<net id="173"><net_src comp="86" pin="7"/><net_sink comp="170" pin=0"/></net>

<net id="177"><net_src comp="76" pin="3"/><net_sink comp="174" pin=0"/></net>

<net id="181"><net_src comp="86" pin="3"/><net_sink comp="178" pin=0"/></net>

<net id="186"><net_src comp="166" pin="1"/><net_sink comp="182" pin=0"/></net>

<net id="187"><net_src comp="170" pin="1"/><net_sink comp="182" pin=1"/></net>

<net id="191"><net_src comp="182" pin="2"/><net_sink comp="188" pin=0"/></net>

<net id="196"><net_src comp="178" pin="1"/><net_sink comp="192" pin=0"/></net>

<net id="197"><net_src comp="20" pin="0"/><net_sink comp="192" pin=1"/></net>

<net id="201"><net_src comp="192" pin="2"/><net_sink comp="198" pin=0"/></net>

<net id="206"><net_src comp="198" pin="1"/><net_sink comp="202" pin=0"/></net>

<net id="207"><net_src comp="174" pin="1"/><net_sink comp="202" pin=1"/></net>

<net id="212"><net_src comp="202" pin="2"/><net_sink comp="208" pin=0"/></net>

<net id="213"><net_src comp="188" pin="1"/><net_sink comp="208" pin=1"/></net>

<net id="220"><net_src comp="22" pin="0"/><net_sink comp="214" pin=0"/></net>

<net id="221"><net_src comp="208" pin="2"/><net_sink comp="214" pin=1"/></net>

<net id="222"><net_src comp="24" pin="0"/><net_sink comp="214" pin=2"/></net>

<net id="223"><net_src comp="26" pin="0"/><net_sink comp="214" pin=3"/></net>

<net id="227"><net_src comp="224" pin="1"/><net_sink comp="98" pin=2"/></net>

<net id="231"><net_src comp="44" pin="1"/><net_sink comp="228" pin=0"/></net>

<net id="232"><net_src comp="228" pin="1"/><net_sink comp="111" pin=1"/></net>

<net id="233"><net_src comp="228" pin="1"/><net_sink comp="116" pin=0"/></net>

<net id="234"><net_src comp="228" pin="1"/><net_sink comp="161" pin=1"/></net>

<net id="238"><net_src comp="116" pin="1"/><net_sink comp="235" pin=0"/></net>

<net id="239"><net_src comp="235" pin="1"/><net_sink comp="224" pin=0"/></net>

<net id="243"><net_src comp="119" pin="2"/><net_sink comp="240" pin=0"/></net>

<net id="247"><net_src comp="48" pin="3"/><net_sink comp="244" pin=0"/></net>

<net id="248"><net_src comp="244" pin="1"/><net_sink comp="76" pin=2"/></net>

<net id="252"><net_src comp="55" pin="3"/><net_sink comp="249" pin=0"/></net>

<net id="253"><net_src comp="249" pin="1"/><net_sink comp="76" pin=0"/></net>

<net id="257"><net_src comp="62" pin="3"/><net_sink comp="254" pin=0"/></net>

<net id="258"><net_src comp="254" pin="1"/><net_sink comp="86" pin=2"/></net>

<net id="262"><net_src comp="69" pin="3"/><net_sink comp="259" pin=0"/></net>

<net id="263"><net_src comp="259" pin="1"/><net_sink comp="86" pin=0"/></net>

<net id="267"><net_src comp="214" pin="4"/><net_sink comp="264" pin=0"/></net>

<net id="268"><net_src comp="264" pin="1"/><net_sink comp="105" pin=1"/></net>

</net_list>

</model> 
---------------- Datapath Model END ------------------

* FSMD analyzer results:
  - Output states:
	Port: gap_out | {3 }
 - Input state : 
	Port: mobilenet_v1_qat_Pipeline_GAP_C : pw3_out | {1 2 }
	Port: mobilenet_v1_qat_Pipeline_GAP_C : pw3_out_1 | {1 2 }
  - Chain level:
	State 1
		store_ln7 : 1
		c_1 : 1
		icmp_ln7 : 2
		add_ln7 : 2
		br_ln7 : 3
		trunc_ln7 : 2
		shl_ln14 : 2
		zext_ln14_1 : 2
		pw3_out_addr : 3
		tmp_s : 3
		zext_ln14_3 : 4
		pw3_out_addr_1 : 5
		pw3_out_1_addr : 3
		pw3_out_1_addr_1 : 5
		sum : 4
		pw3_out_1_load : 4
		pw3_out_load : 6
		pw3_out_1_load_1 : 6
		store_ln7 : 3
	State 2
		zext_ln9 : 1
		zext_ln14 : 1
		zext_ln14_2 : 1
		zext_ln17 : 1
		add_ln17 : 2
		zext_ln17_1 : 3
		add_ln17_1 : 2
		zext_ln17_2 : 3
		add_ln17_2 : 4
		add_ln17_3 : 5
		trunc_ln : 6
	State 3
		gap_out_addr : 1
		store_ln20 : 2


============================================================
+ Verbose Summary: Datapath Resource usage 
============================================================

* Functional unit list:
|----------|--------------------|---------|---------|
| Operation|   Functional Unit  |    FF   |   LUT   |
|----------|--------------------|---------|---------|
|          |   add_ln7_fu_125   |    0    |    9    |
|          |   add_ln17_fu_182  |    0    |    7    |
|    add   |  add_ln17_1_fu_192 |    0    |    7    |
|          |  add_ln17_2_fu_202 |    0    |    8    |
|          |  add_ln17_3_fu_208 |    0    |    9    |
|----------|--------------------|---------|---------|
|   icmp   |   icmp_ln7_fu_119  |    0    |    9    |
|----------|--------------------|---------|---------|
|   trunc  |  trunc_ln7_fu_131  |    0    |    0    |
|----------|--------------------|---------|---------|
|    shl   |   shl_ln14_fu_135  |    0    |    0    |
|----------|--------------------|---------|---------|
|          | zext_ln14_1_fu_141 |    0    |    0    |
|          | zext_ln14_3_fu_155 |    0    |    0    |
|          |   zext_ln9_fu_166  |    0    |    0    |
|          |  zext_ln14_fu_170  |    0    |    0    |
|   zext   | zext_ln14_2_fu_174 |    0    |    0    |
|          |  zext_ln17_fu_178  |    0    |    0    |
|          | zext_ln17_1_fu_188 |    0    |    0    |
|          | zext_ln17_2_fu_198 |    0    |    0    |
|          |   zext_ln7_fu_224  |    0    |    0    |
|----------|--------------------|---------|---------|
|bitconcatenate|    tmp_s_fu_147    |    0    |    0    |
|----------|--------------------|---------|---------|
|partselect|   trunc_ln_fu_214  |    0    |    0    |
|----------|--------------------|---------|---------|
|   Total  |                    |    0    |    49   |
|----------|--------------------|---------|---------|

Memories:
N/A

* Register list:
+------------------------+--------+
|                        |   FF   |
+------------------------+--------+
|       c_1_reg_235      |    9   |
|        c_reg_228       |    9   |
|    icmp_ln7_reg_240    |    1   |
|pw3_out_1_addr_1_reg_259|    9   |
| pw3_out_1_addr_reg_254 |    9   |
| pw3_out_addr_1_reg_249 |    9   |
|  pw3_out_addr_reg_244  |    9   |
|    trunc_ln_reg_264    |    7   |
+------------------------+--------+
|          Total         |   62   |
+------------------------+--------+

* Multiplexer (MUX) list: 
|------------------|------|------|------|--------||---------||---------||---------|
|       Comp       |  Pin | Size |  BW  | S x BW ||  Delay  ||    FF   ||   LUT   |
|------------------|------|------|------|--------||---------||---------||---------|
| grp_access_fu_76 |  p0  |   2  |   9  |   18   ||    0    ||    9    |
| grp_access_fu_76 |  p2  |   2  |   0  |    0   ||    0    ||    9    |
| grp_access_fu_86 |  p0  |   2  |   9  |   18   ||    0    ||    9    |
| grp_access_fu_86 |  p2  |   2  |   0  |    0   ||    0    ||    9    |
|------------------|------|------|------|--------||---------||---------||---------|
|       Total      |      |      |      |   36   ||  5.192  ||    0    ||    36   |
|------------------|------|------|------|--------||---------||---------||---------|



* Summary:
+-----------+--------+--------+--------+
|           |  Delay |   FF   |   LUT  |
+-----------+--------+--------+--------+
|  Function |    -   |    0   |   49   |
|   Memory  |    -   |    -   |    -   |
|Multiplexer|    5   |    0   |   36   |
|  Register |    -   |   62   |    -   |
+-----------+--------+--------+--------+
|   Total   |    5   |   62   |   85   |
+-----------+--------+--------+--------+
