

Implementation tool: Xilinx Vivado v.2025.2
Project:             FP32_HLS
Solution:            hls
Device target:       xc7z045-ffg900-2
Report date:         Sat Jun 27 11:02:31 +07 2026

#=== Post-Implementation Resource usage ===
SLICE:        17346
LUT:          44654
FF:           49933
DSP:            194
BRAM:           546
URAM:             0
LATCH:            0
SRL:           5941
CLB:              0

#=== Final timing ===
CP required:                     10.000
CP achieved post-synthesis:      5.404
CP achieved post-implementation: 8.840
Timing met
