

Implementation tool: Xilinx Vivado v.2025.2
Project:             QAT_HLS
Solution:            hls
Device target:       xc7z045-ffg900-2
Report date:         Sat Jun 27 11:20:32 +07 2026

#=== Post-Implementation Resource usage ===
SLICE:         4225
LUT:          11114
FF:            8512
DSP:            266
BRAM:           166
URAM:             0
LATCH:            0
SRL:            542
CLB:              0

#=== Final timing ===
CP required:                     10.000
CP achieved post-synthesis:      5.936
CP achieved post-implementation: 8.750
Timing met
