Copyright 1986-2022 Xilinx, Inc. All Rights Reserved. Copyright 2022-2025 Advanced Micro Devices, Inc. All Rights Reserved.
---------------------------------------------------------------------------------------------------------------------------------------------
| Tool Version : Vivado v.2025.2 (lin64) Build 6299465 Fri Nov 14 12:34:56 MST 2025
| Date         : Sat Jun 27 11:01:28 2026
| Host         : NhanEnten running 64-bit Ubuntu 24.04.4 LTS
| Command      : report_utilization -hierarchical -hierarchical_depth 7 -file ./report/mobilenet_v1_utilization_hierarchical_routed.rpt
| Design       : bd_0_wrapper
| Device       : xc7z045ffg900-2
| Speed File   : -2
| Design State : Routed
---------------------------------------------------------------------------------------------------------------------------------------------

Utilization Design Information

Table of Contents
-----------------
1. Utilization by Hierarchy

1. Utilization by Hierarchy
---------------------------

+--------------------------------------------------------------------------+--------------------------------------------------------------------------------------+------------+------------+---------+------+-------+--------+--------+------------+
|                                 Instance                                 |                                        Module                                        | Total LUTs | Logic LUTs | LUTRAMs | SRLs |  FFs  | RAMB36 | RAMB18 | DSP Blocks |
+--------------------------------------------------------------------------+--------------------------------------------------------------------------------------+------------+------------+---------+------+-------+--------+--------+------------+
| bd_0_wrapper                                                             |                                                                                (top) |      44654 |      38681 |      32 | 5941 | 49933 |     94 |    358 |        194 |
|   bd_0_i                                                                 |                                                                                 bd_0 |      44654 |      38681 |      32 | 5941 | 49933 |     94 |    358 |        194 |
|     hls_inst                                                             |                                                                      bd_0_hls_inst_0 |      44654 |      38681 |      32 | 5941 | 49933 |     94 |    358 |        194 |
|       inst                                                               |                                                         bd_0_hls_inst_0_mobilenet_v1 |      44654 |      38681 |      32 | 5941 | 49933 |     94 |    358 |        194 |
|         (inst)                                                           |                                                         bd_0_hls_inst_0_mobilenet_v1 |          3 |          2 |       0 |    1 |   354 |      0 |      0 |          0 |
|         CTRL_BUS_s_axi_U                                                 |                                          bd_0_hls_inst_0_mobilenet_v1_CTRL_BUS_s_axi |        169 |        169 |       0 |    0 |   181 |      0 |      0 |          0 |
|         fadd_32ns_32ns_32_5_full_dsp_1_U1307                             |               bd_0_hls_inst_0_mobilenet_v1_fadd_32ns_32ns_32_5_full_dsp_1__xdcDup__1 |        200 |        200 |       0 |    0 |   206 |      0 |      0 |          2 |
|           (fadd_32ns_32ns_32_5_full_dsp_1_U1307)                         |               bd_0_hls_inst_0_mobilenet_v1_fadd_32ns_32ns_32_5_full_dsp_1__xdcDup__1 |         28 |         28 |       0 |    0 |    97 |      0 |      0 |          0 |
|           mobilenet_v1_fadd_32ns_32ns_32_5_full_dsp_1_ip_u               |                   bd_0_hls_inst_0_mobilenet_v1_fadd_32ns_32ns_32_5_full_dsp_1_ip__50 |        172 |        172 |       0 |    0 |   109 |      0 |      0 |          2 |
|             U0                                                           |                                           bd_0_hls_inst_0_floating_point_v7_1_21__50 |        172 |        172 |       0 |    0 |   109 |      0 |      0 |          2 |
|               i_synth                                                    |                                       bd_0_hls_inst_0_floating_point_v7_1_21_viv__50 |        172 |        172 |       0 |    0 |   109 |      0 |      0 |          2 |
|         fadd_32ns_32ns_32_5_full_dsp_1_U1308                             |               bd_0_hls_inst_0_mobilenet_v1_fadd_32ns_32ns_32_5_full_dsp_1__xdcDup__2 |        177 |        177 |       0 |    0 |   173 |      0 |      0 |          2 |
|           (fadd_32ns_32ns_32_5_full_dsp_1_U1308)                         |               bd_0_hls_inst_0_mobilenet_v1_fadd_32ns_32ns_32_5_full_dsp_1__xdcDup__2 |          5 |          5 |       0 |    0 |    64 |      0 |      0 |          0 |
|           mobilenet_v1_fadd_32ns_32ns_32_5_full_dsp_1_ip_u               |                   bd_0_hls_inst_0_mobilenet_v1_fadd_32ns_32ns_32_5_full_dsp_1_ip__51 |        172 |        172 |       0 |    0 |   109 |      0 |      0 |          2 |
|             U0                                                           |                                           bd_0_hls_inst_0_floating_point_v7_1_21__51 |        172 |        172 |       0 |    0 |   109 |      0 |      0 |          2 |
|               i_synth                                                    |                                       bd_0_hls_inst_0_floating_point_v7_1_21_viv__51 |        172 |        172 |       0 |    0 |   109 |      0 |      0 |          2 |
|         fadd_32ns_32ns_32_5_full_dsp_1_U1309                             |               bd_0_hls_inst_0_mobilenet_v1_fadd_32ns_32ns_32_5_full_dsp_1__xdcDup__3 |        336 |        336 |       0 |    0 |   205 |      0 |      0 |          2 |
|           (fadd_32ns_32ns_32_5_full_dsp_1_U1309)                         |               bd_0_hls_inst_0_mobilenet_v1_fadd_32ns_32ns_32_5_full_dsp_1__xdcDup__3 |        164 |        164 |       0 |    0 |    96 |      0 |      0 |          0 |
|           mobilenet_v1_fadd_32ns_32ns_32_5_full_dsp_1_ip_u               |                   bd_0_hls_inst_0_mobilenet_v1_fadd_32ns_32ns_32_5_full_dsp_1_ip__52 |        172 |        172 |       0 |    0 |   109 |      0 |      0 |          2 |
|             U0                                                           |                                           bd_0_hls_inst_0_floating_point_v7_1_21__52 |        172 |        172 |       0 |    0 |   109 |      0 |      0 |          2 |
|               i_synth                                                    |                                       bd_0_hls_inst_0_floating_point_v7_1_21_viv__52 |        172 |        172 |       0 |    0 |   109 |      0 |      0 |          2 |
|         fadd_32ns_32ns_32_5_full_dsp_1_U1310                             |               bd_0_hls_inst_0_mobilenet_v1_fadd_32ns_32ns_32_5_full_dsp_1__xdcDup__4 |        305 |        305 |       0 |    0 |   206 |      0 |      0 |          2 |
|           (fadd_32ns_32ns_32_5_full_dsp_1_U1310)                         |               bd_0_hls_inst_0_mobilenet_v1_fadd_32ns_32ns_32_5_full_dsp_1__xdcDup__4 |        133 |        133 |       0 |    0 |    97 |      0 |      0 |          0 |
|           mobilenet_v1_fadd_32ns_32ns_32_5_full_dsp_1_ip_u               |                   bd_0_hls_inst_0_mobilenet_v1_fadd_32ns_32ns_32_5_full_dsp_1_ip__53 |        172 |        172 |       0 |    0 |   109 |      0 |      0 |          2 |
|             U0                                                           |                                           bd_0_hls_inst_0_floating_point_v7_1_21__53 |        172 |        172 |       0 |    0 |   109 |      0 |      0 |          2 |
|               i_synth                                                    |                                       bd_0_hls_inst_0_floating_point_v7_1_21_viv__53 |        172 |        172 |       0 |    0 |   109 |      0 |      0 |          2 |
|         fadd_32ns_32ns_32_5_full_dsp_1_U1311                             |               bd_0_hls_inst_0_mobilenet_v1_fadd_32ns_32ns_32_5_full_dsp_1__xdcDup__5 |        190 |        190 |       0 |    0 |   205 |      0 |      0 |          2 |
|           (fadd_32ns_32ns_32_5_full_dsp_1_U1311)                         |               bd_0_hls_inst_0_mobilenet_v1_fadd_32ns_32ns_32_5_full_dsp_1__xdcDup__5 |         18 |         18 |       0 |    0 |    96 |      0 |      0 |          0 |
|           mobilenet_v1_fadd_32ns_32ns_32_5_full_dsp_1_ip_u               |                   bd_0_hls_inst_0_mobilenet_v1_fadd_32ns_32ns_32_5_full_dsp_1_ip__54 |        172 |        172 |       0 |    0 |   109 |      0 |      0 |          2 |
|             U0                                                           |                                           bd_0_hls_inst_0_floating_point_v7_1_21__54 |        172 |        172 |       0 |    0 |   109 |      0 |      0 |          2 |
|               i_synth                                                    |                                       bd_0_hls_inst_0_floating_point_v7_1_21_viv__54 |        172 |        172 |       0 |    0 |   109 |      0 |      0 |          2 |
|         fadd_32ns_32ns_32_5_full_dsp_1_U1312                             |               bd_0_hls_inst_0_mobilenet_v1_fadd_32ns_32ns_32_5_full_dsp_1__xdcDup__6 |        207 |        207 |       0 |    0 |   205 |      0 |      0 |          2 |
|           (fadd_32ns_32ns_32_5_full_dsp_1_U1312)                         |               bd_0_hls_inst_0_mobilenet_v1_fadd_32ns_32ns_32_5_full_dsp_1__xdcDup__6 |         35 |         35 |       0 |    0 |    96 |      0 |      0 |          0 |
|           mobilenet_v1_fadd_32ns_32ns_32_5_full_dsp_1_ip_u               |                   bd_0_hls_inst_0_mobilenet_v1_fadd_32ns_32ns_32_5_full_dsp_1_ip__55 |        172 |        172 |       0 |    0 |   109 |      0 |      0 |          2 |
|             U0                                                           |                                           bd_0_hls_inst_0_floating_point_v7_1_21__55 |        172 |        172 |       0 |    0 |   109 |      0 |      0 |          2 |
|               i_synth                                                    |                                       bd_0_hls_inst_0_floating_point_v7_1_21_viv__55 |        172 |        172 |       0 |    0 |   109 |      0 |      0 |          2 |
|         fadd_32ns_32ns_32_5_full_dsp_1_U1313                             |               bd_0_hls_inst_0_mobilenet_v1_fadd_32ns_32ns_32_5_full_dsp_1__xdcDup__7 |        273 |        273 |       0 |    0 |   206 |      0 |      0 |          2 |
|           (fadd_32ns_32ns_32_5_full_dsp_1_U1313)                         |               bd_0_hls_inst_0_mobilenet_v1_fadd_32ns_32ns_32_5_full_dsp_1__xdcDup__7 |        101 |        101 |       0 |    0 |    97 |      0 |      0 |          0 |
|           mobilenet_v1_fadd_32ns_32ns_32_5_full_dsp_1_ip_u               |                   bd_0_hls_inst_0_mobilenet_v1_fadd_32ns_32ns_32_5_full_dsp_1_ip__56 |        172 |        172 |       0 |    0 |   109 |      0 |      0 |          2 |
|             U0                                                           |                                           bd_0_hls_inst_0_floating_point_v7_1_21__56 |        172 |        172 |       0 |    0 |   109 |      0 |      0 |          2 |
|               i_synth                                                    |                                       bd_0_hls_inst_0_floating_point_v7_1_21_viv__56 |        172 |        172 |       0 |    0 |   109 |      0 |      0 |          2 |
|         fadd_32ns_32ns_32_5_full_dsp_1_U1314                             |               bd_0_hls_inst_0_mobilenet_v1_fadd_32ns_32ns_32_5_full_dsp_1__xdcDup__8 |        191 |        191 |       0 |    0 |   205 |      0 |      0 |          2 |
|           (fadd_32ns_32ns_32_5_full_dsp_1_U1314)                         |               bd_0_hls_inst_0_mobilenet_v1_fadd_32ns_32ns_32_5_full_dsp_1__xdcDup__8 |         19 |         19 |       0 |    0 |    96 |      0 |      0 |          0 |
|           mobilenet_v1_fadd_32ns_32ns_32_5_full_dsp_1_ip_u               |                   bd_0_hls_inst_0_mobilenet_v1_fadd_32ns_32ns_32_5_full_dsp_1_ip__49 |        172 |        172 |       0 |    0 |   109 |      0 |      0 |          2 |
|             U0                                                           |                                           bd_0_hls_inst_0_floating_point_v7_1_21__49 |        172 |        172 |       0 |    0 |   109 |      0 |      0 |          2 |
|               i_synth                                                    |                                       bd_0_hls_inst_0_floating_point_v7_1_21_viv__49 |        172 |        172 |       0 |    0 |   109 |      0 |      0 |          2 |
|         fadd_32ns_32ns_32_5_full_dsp_1_U1315                             |               bd_0_hls_inst_0_mobilenet_v1_fadd_32ns_32ns_32_5_full_dsp_1__xdcDup__9 |        174 |        174 |       0 |    0 |   173 |      0 |      0 |          2 |
|           (fadd_32ns_32ns_32_5_full_dsp_1_U1315)                         |               bd_0_hls_inst_0_mobilenet_v1_fadd_32ns_32ns_32_5_full_dsp_1__xdcDup__9 |          2 |          2 |       0 |    0 |    64 |      0 |      0 |          0 |
|           mobilenet_v1_fadd_32ns_32ns_32_5_full_dsp_1_ip_u               |                   bd_0_hls_inst_0_mobilenet_v1_fadd_32ns_32ns_32_5_full_dsp_1_ip__48 |        172 |        172 |       0 |    0 |   109 |      0 |      0 |          2 |
|             U0                                                           |                                           bd_0_hls_inst_0_floating_point_v7_1_21__48 |        172 |        172 |       0 |    0 |   109 |      0 |      0 |          2 |
|               i_synth                                                    |                                       bd_0_hls_inst_0_floating_point_v7_1_21_viv__48 |        172 |        172 |       0 |    0 |   109 |      0 |      0 |          2 |
|         fadd_32ns_32ns_32_5_full_dsp_1_U1316                             |              bd_0_hls_inst_0_mobilenet_v1_fadd_32ns_32ns_32_5_full_dsp_1__xdcDup__10 |        172 |        172 |       0 |    0 |   173 |      0 |      0 |          2 |
|           (fadd_32ns_32ns_32_5_full_dsp_1_U1316)                         |              bd_0_hls_inst_0_mobilenet_v1_fadd_32ns_32ns_32_5_full_dsp_1__xdcDup__10 |          0 |          0 |       0 |    0 |    64 |      0 |      0 |          0 |
|           mobilenet_v1_fadd_32ns_32ns_32_5_full_dsp_1_ip_u               |                       bd_0_hls_inst_0_mobilenet_v1_fadd_32ns_32ns_32_5_full_dsp_1_ip |        172 |        172 |       0 |    0 |   109 |      0 |      0 |          2 |
|             U0                                                           |                                               bd_0_hls_inst_0_floating_point_v7_1_21 |        172 |        172 |       0 |    0 |   109 |      0 |      0 |          2 |
|               i_synth                                                    |                                           bd_0_hls_inst_0_floating_point_v7_1_21_viv |        172 |        172 |       0 |    0 |   109 |      0 |      0 |          2 |
|         fadd_32ns_32ns_32_5_full_dsp_1_U1317                             |              bd_0_hls_inst_0_mobilenet_v1_fadd_32ns_32ns_32_5_full_dsp_1__xdcDup__11 |        172 |        172 |       0 |    0 |   173 |      0 |      0 |          2 |
|           (fadd_32ns_32ns_32_5_full_dsp_1_U1317)                         |              bd_0_hls_inst_0_mobilenet_v1_fadd_32ns_32ns_32_5_full_dsp_1__xdcDup__11 |          0 |          0 |       0 |    0 |    64 |      0 |      0 |          0 |
|           mobilenet_v1_fadd_32ns_32ns_32_5_full_dsp_1_ip_u               |                   bd_0_hls_inst_0_mobilenet_v1_fadd_32ns_32ns_32_5_full_dsp_1_ip__62 |        172 |        172 |       0 |    0 |   109 |      0 |      0 |          2 |
|             U0                                                           |                                           bd_0_hls_inst_0_floating_point_v7_1_21__62 |        172 |        172 |       0 |    0 |   109 |      0 |      0 |          2 |
|               i_synth                                                    |                                       bd_0_hls_inst_0_floating_point_v7_1_21_viv__62 |        172 |        172 |       0 |    0 |   109 |      0 |      0 |          2 |
|         fadd_32ns_32ns_32_5_full_dsp_1_U1318                             |              bd_0_hls_inst_0_mobilenet_v1_fadd_32ns_32ns_32_5_full_dsp_1__xdcDup__12 |        172 |        172 |       0 |    0 |   173 |      0 |      0 |          2 |
|           (fadd_32ns_32ns_32_5_full_dsp_1_U1318)                         |              bd_0_hls_inst_0_mobilenet_v1_fadd_32ns_32ns_32_5_full_dsp_1__xdcDup__12 |          0 |          0 |       0 |    0 |    64 |      0 |      0 |          0 |
|           mobilenet_v1_fadd_32ns_32ns_32_5_full_dsp_1_ip_u               |                   bd_0_hls_inst_0_mobilenet_v1_fadd_32ns_32ns_32_5_full_dsp_1_ip__61 |        172 |        172 |       0 |    0 |   109 |      0 |      0 |          2 |
|             U0                                                           |                                           bd_0_hls_inst_0_floating_point_v7_1_21__61 |        172 |        172 |       0 |    0 |   109 |      0 |      0 |          2 |
|               i_synth                                                    |                                       bd_0_hls_inst_0_floating_point_v7_1_21_viv__61 |        172 |        172 |       0 |    0 |   109 |      0 |      0 |          2 |
|         fadd_32ns_32ns_32_5_full_dsp_1_U1319                             |              bd_0_hls_inst_0_mobilenet_v1_fadd_32ns_32ns_32_5_full_dsp_1__xdcDup__13 |        172 |        172 |       0 |    0 |   173 |      0 |      0 |          2 |
|           (fadd_32ns_32ns_32_5_full_dsp_1_U1319)                         |              bd_0_hls_inst_0_mobilenet_v1_fadd_32ns_32ns_32_5_full_dsp_1__xdcDup__13 |          0 |          0 |       0 |    0 |    64 |      0 |      0 |          0 |
|           mobilenet_v1_fadd_32ns_32ns_32_5_full_dsp_1_ip_u               |                   bd_0_hls_inst_0_mobilenet_v1_fadd_32ns_32ns_32_5_full_dsp_1_ip__60 |        172 |        172 |       0 |    0 |   109 |      0 |      0 |          2 |
|             U0                                                           |                                           bd_0_hls_inst_0_floating_point_v7_1_21__60 |        172 |        172 |       0 |    0 |   109 |      0 |      0 |          2 |
|               i_synth                                                    |                                       bd_0_hls_inst_0_floating_point_v7_1_21_viv__60 |        172 |        172 |       0 |    0 |   109 |      0 |      0 |          2 |
|         fadd_32ns_32ns_32_5_full_dsp_1_U1320                             |              bd_0_hls_inst_0_mobilenet_v1_fadd_32ns_32ns_32_5_full_dsp_1__xdcDup__14 |        172 |        172 |       0 |    0 |   173 |      0 |      0 |          2 |
|           (fadd_32ns_32ns_32_5_full_dsp_1_U1320)                         |              bd_0_hls_inst_0_mobilenet_v1_fadd_32ns_32ns_32_5_full_dsp_1__xdcDup__14 |          0 |          0 |       0 |    0 |    64 |      0 |      0 |          0 |
|           mobilenet_v1_fadd_32ns_32ns_32_5_full_dsp_1_ip_u               |                   bd_0_hls_inst_0_mobilenet_v1_fadd_32ns_32ns_32_5_full_dsp_1_ip__59 |        172 |        172 |       0 |    0 |   109 |      0 |      0 |          2 |
|             U0                                                           |                                           bd_0_hls_inst_0_floating_point_v7_1_21__59 |        172 |        172 |       0 |    0 |   109 |      0 |      0 |          2 |
|               i_synth                                                    |                                       bd_0_hls_inst_0_floating_point_v7_1_21_viv__59 |        172 |        172 |       0 |    0 |   109 |      0 |      0 |          2 |
|         fadd_32ns_32ns_32_5_full_dsp_1_U1336                             |              bd_0_hls_inst_0_mobilenet_v1_fadd_32ns_32ns_32_5_full_dsp_1__xdcDup__15 |        171 |        171 |       0 |    0 |   166 |      0 |      0 |          2 |
|           (fadd_32ns_32ns_32_5_full_dsp_1_U1336)                         |              bd_0_hls_inst_0_mobilenet_v1_fadd_32ns_32ns_32_5_full_dsp_1__xdcDup__15 |          0 |          0 |       0 |    0 |    60 |      0 |      0 |          0 |
|           mobilenet_v1_fadd_32ns_32ns_32_5_full_dsp_1_ip_u               |                   bd_0_hls_inst_0_mobilenet_v1_fadd_32ns_32ns_32_5_full_dsp_1_ip__58 |        171 |        171 |       0 |    0 |   106 |      0 |      0 |          2 |
|             U0                                                           |                                           bd_0_hls_inst_0_floating_point_v7_1_21__58 |        171 |        171 |       0 |    0 |   106 |      0 |      0 |          2 |
|               i_synth                                                    |                                       bd_0_hls_inst_0_floating_point_v7_1_21_viv__58 |        171 |        171 |       0 |    0 |   106 |      0 |      0 |          2 |
|         fadd_32ns_32ns_32_5_full_dsp_1_U1337                             |              bd_0_hls_inst_0_mobilenet_v1_fadd_32ns_32ns_32_5_full_dsp_1__xdcDup__16 |        171 |        171 |       0 |    0 |   167 |      0 |      0 |          2 |
|           (fadd_32ns_32ns_32_5_full_dsp_1_U1337)                         |              bd_0_hls_inst_0_mobilenet_v1_fadd_32ns_32ns_32_5_full_dsp_1__xdcDup__16 |          0 |          0 |       0 |    0 |    61 |      0 |      0 |          0 |
|           mobilenet_v1_fadd_32ns_32ns_32_5_full_dsp_1_ip_u               |                   bd_0_hls_inst_0_mobilenet_v1_fadd_32ns_32ns_32_5_full_dsp_1_ip__57 |        171 |        171 |       0 |    0 |   106 |      0 |      0 |          2 |
|             U0                                                           |                                           bd_0_hls_inst_0_floating_point_v7_1_21__57 |        171 |        171 |       0 |    0 |   106 |      0 |      0 |          2 |
|               i_synth                                                    |                                       bd_0_hls_inst_0_floating_point_v7_1_21_viv__57 |        171 |        171 |       0 |    0 |   106 |      0 |      0 |          2 |
|         fmul_32ns_32ns_32_4_max_dsp_1_U1321                              |                bd_0_hls_inst_0_mobilenet_v1_fmul_32ns_32ns_32_4_max_dsp_1__xdcDup__1 |         94 |         94 |       0 |    0 |   143 |      0 |      0 |          3 |
|           (fmul_32ns_32ns_32_4_max_dsp_1_U1321)                          |                bd_0_hls_inst_0_mobilenet_v1_fmul_32ns_32ns_32_4_max_dsp_1__xdcDup__1 |         22 |         22 |       0 |    0 |    96 |      0 |      0 |          0 |
|           mobilenet_v1_fmul_32ns_32ns_32_4_max_dsp_1_ip_u                |                    bd_0_hls_inst_0_mobilenet_v1_fmul_32ns_32ns_32_4_max_dsp_1_ip__56 |         72 |         72 |       0 |    0 |    47 |      0 |      0 |          3 |
|             U0                                                           |                           bd_0_hls_inst_0_floating_point_v7_1_21__parameterized1__56 |         72 |         72 |       0 |    0 |    47 |      0 |      0 |          3 |
|               i_synth                                                    |                       bd_0_hls_inst_0_floating_point_v7_1_21_viv__parameterized1__56 |         72 |         72 |       0 |    0 |    47 |      0 |      0 |          3 |
|         fmul_32ns_32ns_32_4_max_dsp_1_U1322                              |                bd_0_hls_inst_0_mobilenet_v1_fmul_32ns_32ns_32_4_max_dsp_1__xdcDup__2 |         98 |         98 |       0 |    0 |   144 |      0 |      0 |          3 |
|           (fmul_32ns_32ns_32_4_max_dsp_1_U1322)                          |                bd_0_hls_inst_0_mobilenet_v1_fmul_32ns_32ns_32_4_max_dsp_1__xdcDup__2 |         26 |         26 |       0 |    0 |    97 |      0 |      0 |          0 |
|           mobilenet_v1_fmul_32ns_32ns_32_4_max_dsp_1_ip_u                |                    bd_0_hls_inst_0_mobilenet_v1_fmul_32ns_32ns_32_4_max_dsp_1_ip__57 |         72 |         72 |       0 |    0 |    47 |      0 |      0 |          3 |
|             U0                                                           |                           bd_0_hls_inst_0_floating_point_v7_1_21__parameterized1__57 |         72 |         72 |       0 |    0 |    47 |      0 |      0 |          3 |
|               i_synth                                                    |                       bd_0_hls_inst_0_floating_point_v7_1_21_viv__parameterized1__57 |         72 |         72 |       0 |    0 |    47 |      0 |      0 |          3 |
|         fmul_32ns_32ns_32_4_max_dsp_1_U1323                              |                bd_0_hls_inst_0_mobilenet_v1_fmul_32ns_32ns_32_4_max_dsp_1__xdcDup__3 |         75 |         75 |       0 |    0 |   111 |      0 |      0 |          3 |
|           (fmul_32ns_32ns_32_4_max_dsp_1_U1323)                          |                bd_0_hls_inst_0_mobilenet_v1_fmul_32ns_32ns_32_4_max_dsp_1__xdcDup__3 |          3 |          3 |       0 |    0 |    64 |      0 |      0 |          0 |
|           mobilenet_v1_fmul_32ns_32ns_32_4_max_dsp_1_ip_u                |                    bd_0_hls_inst_0_mobilenet_v1_fmul_32ns_32ns_32_4_max_dsp_1_ip__51 |         72 |         72 |       0 |    0 |    47 |      0 |      0 |          3 |
|             U0                                                           |                           bd_0_hls_inst_0_floating_point_v7_1_21__parameterized1__51 |         72 |         72 |       0 |    0 |    47 |      0 |      0 |          3 |
|               i_synth                                                    |                       bd_0_hls_inst_0_floating_point_v7_1_21_viv__parameterized1__51 |         72 |         72 |       0 |    0 |    47 |      0 |      0 |          3 |
|         fmul_32ns_32ns_32_4_max_dsp_1_U1324                              |                bd_0_hls_inst_0_mobilenet_v1_fmul_32ns_32ns_32_4_max_dsp_1__xdcDup__4 |         76 |         76 |       0 |    0 |   110 |      0 |      0 |          3 |
|           (fmul_32ns_32ns_32_4_max_dsp_1_U1324)                          |                bd_0_hls_inst_0_mobilenet_v1_fmul_32ns_32ns_32_4_max_dsp_1__xdcDup__4 |          5 |          5 |       0 |    0 |    63 |      0 |      0 |          0 |
|           mobilenet_v1_fmul_32ns_32ns_32_4_max_dsp_1_ip_u                |                    bd_0_hls_inst_0_mobilenet_v1_fmul_32ns_32ns_32_4_max_dsp_1_ip__52 |         71 |         71 |       0 |    0 |    47 |      0 |      0 |          3 |
|             U0                                                           |                           bd_0_hls_inst_0_floating_point_v7_1_21__parameterized1__52 |         71 |         71 |       0 |    0 |    47 |      0 |      0 |          3 |
|               i_synth                                                    |                       bd_0_hls_inst_0_floating_point_v7_1_21_viv__parameterized1__52 |         71 |         71 |       0 |    0 |    47 |      0 |      0 |          3 |
|         fmul_32ns_32ns_32_4_max_dsp_1_U1325                              |                bd_0_hls_inst_0_mobilenet_v1_fmul_32ns_32ns_32_4_max_dsp_1__xdcDup__5 |         89 |         89 |       0 |    0 |   141 |      0 |      0 |          3 |
|           (fmul_32ns_32ns_32_4_max_dsp_1_U1325)                          |                bd_0_hls_inst_0_mobilenet_v1_fmul_32ns_32ns_32_4_max_dsp_1__xdcDup__5 |         19 |         19 |       0 |    0 |    94 |      0 |      0 |          0 |
|           mobilenet_v1_fmul_32ns_32ns_32_4_max_dsp_1_ip_u                |                    bd_0_hls_inst_0_mobilenet_v1_fmul_32ns_32ns_32_4_max_dsp_1_ip__53 |         70 |         70 |       0 |    0 |    47 |      0 |      0 |          3 |
|             U0                                                           |                           bd_0_hls_inst_0_floating_point_v7_1_21__parameterized1__53 |         70 |         70 |       0 |    0 |    47 |      0 |      0 |          3 |
|               i_synth                                                    |                       bd_0_hls_inst_0_floating_point_v7_1_21_viv__parameterized1__53 |         70 |         70 |       0 |    0 |    47 |      0 |      0 |          3 |
|         fmul_32ns_32ns_32_4_max_dsp_1_U1326                              |                bd_0_hls_inst_0_mobilenet_v1_fmul_32ns_32ns_32_4_max_dsp_1__xdcDup__6 |         90 |         90 |       0 |    0 |   142 |      0 |      0 |          3 |
|           (fmul_32ns_32ns_32_4_max_dsp_1_U1326)                          |                bd_0_hls_inst_0_mobilenet_v1_fmul_32ns_32ns_32_4_max_dsp_1__xdcDup__6 |         19 |         19 |       0 |    0 |    95 |      0 |      0 |          0 |
|           mobilenet_v1_fmul_32ns_32ns_32_4_max_dsp_1_ip_u                |                    bd_0_hls_inst_0_mobilenet_v1_fmul_32ns_32ns_32_4_max_dsp_1_ip__48 |         71 |         71 |       0 |    0 |    47 |      0 |      0 |          3 |
|             U0                                                           |                           bd_0_hls_inst_0_floating_point_v7_1_21__parameterized1__48 |         71 |         71 |       0 |    0 |    47 |      0 |      0 |          3 |
|               i_synth                                                    |                       bd_0_hls_inst_0_floating_point_v7_1_21_viv__parameterized1__48 |         71 |         71 |       0 |    0 |    47 |      0 |      0 |          3 |
|         fmul_32ns_32ns_32_4_max_dsp_1_U1327                              |                bd_0_hls_inst_0_mobilenet_v1_fmul_32ns_32ns_32_4_max_dsp_1__xdcDup__7 |         86 |         86 |       0 |    0 |   141 |      0 |      0 |          3 |
|           (fmul_32ns_32ns_32_4_max_dsp_1_U1327)                          |                bd_0_hls_inst_0_mobilenet_v1_fmul_32ns_32ns_32_4_max_dsp_1__xdcDup__7 |         16 |         16 |       0 |    0 |    94 |      0 |      0 |          0 |
|           mobilenet_v1_fmul_32ns_32ns_32_4_max_dsp_1_ip_u                |                    bd_0_hls_inst_0_mobilenet_v1_fmul_32ns_32ns_32_4_max_dsp_1_ip__54 |         70 |         70 |       0 |    0 |    47 |      0 |      0 |          3 |
|             U0                                                           |                           bd_0_hls_inst_0_floating_point_v7_1_21__parameterized1__54 |         70 |         70 |       0 |    0 |    47 |      0 |      0 |          3 |
|               i_synth                                                    |                       bd_0_hls_inst_0_floating_point_v7_1_21_viv__parameterized1__54 |         70 |         70 |       0 |    0 |    47 |      0 |      0 |          3 |
|         fmul_32ns_32ns_32_4_max_dsp_1_U1328                              |                bd_0_hls_inst_0_mobilenet_v1_fmul_32ns_32ns_32_4_max_dsp_1__xdcDup__8 |         75 |         75 |       0 |    0 |   110 |      0 |      0 |          3 |
|           (fmul_32ns_32ns_32_4_max_dsp_1_U1328)                          |                bd_0_hls_inst_0_mobilenet_v1_fmul_32ns_32ns_32_4_max_dsp_1__xdcDup__8 |          4 |          4 |       0 |    0 |    63 |      0 |      0 |          0 |
|           mobilenet_v1_fmul_32ns_32ns_32_4_max_dsp_1_ip_u                |                    bd_0_hls_inst_0_mobilenet_v1_fmul_32ns_32ns_32_4_max_dsp_1_ip__55 |         71 |         71 |       0 |    0 |    47 |      0 |      0 |          3 |
|             U0                                                           |                           bd_0_hls_inst_0_floating_point_v7_1_21__parameterized1__55 |         71 |         71 |       0 |    0 |    47 |      0 |      0 |          3 |
|               i_synth                                                    |                       bd_0_hls_inst_0_floating_point_v7_1_21_viv__parameterized1__55 |         71 |         71 |       0 |    0 |    47 |      0 |      0 |          3 |
|         fmul_32ns_32ns_32_4_max_dsp_1_U1329                              |                bd_0_hls_inst_0_mobilenet_v1_fmul_32ns_32ns_32_4_max_dsp_1__xdcDup__9 |         73 |         73 |       0 |    0 |   110 |      0 |      0 |          3 |
|           (fmul_32ns_32ns_32_4_max_dsp_1_U1329)                          |                bd_0_hls_inst_0_mobilenet_v1_fmul_32ns_32ns_32_4_max_dsp_1__xdcDup__9 |          2 |          2 |       0 |    0 |    63 |      0 |      0 |          0 |
|           mobilenet_v1_fmul_32ns_32ns_32_4_max_dsp_1_ip_u                |                    bd_0_hls_inst_0_mobilenet_v1_fmul_32ns_32ns_32_4_max_dsp_1_ip__49 |         71 |         71 |       0 |    0 |    47 |      0 |      0 |          3 |
|             U0                                                           |                           bd_0_hls_inst_0_floating_point_v7_1_21__parameterized1__49 |         71 |         71 |       0 |    0 |    47 |      0 |      0 |          3 |
|               i_synth                                                    |                       bd_0_hls_inst_0_floating_point_v7_1_21_viv__parameterized1__49 |         71 |         71 |       0 |    0 |    47 |      0 |      0 |          3 |
|         fmul_32ns_32ns_32_4_max_dsp_1_U1330                              |               bd_0_hls_inst_0_mobilenet_v1_fmul_32ns_32ns_32_4_max_dsp_1__xdcDup__10 |         70 |         70 |       0 |    0 |   109 |      0 |      0 |          3 |
|           (fmul_32ns_32ns_32_4_max_dsp_1_U1330)                          |               bd_0_hls_inst_0_mobilenet_v1_fmul_32ns_32ns_32_4_max_dsp_1__xdcDup__10 |          0 |          0 |       0 |    0 |    62 |      0 |      0 |          0 |
|           mobilenet_v1_fmul_32ns_32ns_32_4_max_dsp_1_ip_u                |                        bd_0_hls_inst_0_mobilenet_v1_fmul_32ns_32ns_32_4_max_dsp_1_ip |         70 |         70 |       0 |    0 |    47 |      0 |      0 |          3 |
|             U0                                                           |                               bd_0_hls_inst_0_floating_point_v7_1_21__parameterized1 |         70 |         70 |       0 |    0 |    47 |      0 |      0 |          3 |
|               i_synth                                                    |                           bd_0_hls_inst_0_floating_point_v7_1_21_viv__parameterized1 |         70 |         70 |       0 |    0 |    47 |      0 |      0 |          3 |
|         fmul_32ns_32ns_32_4_max_dsp_1_U1331                              |               bd_0_hls_inst_0_mobilenet_v1_fmul_32ns_32ns_32_4_max_dsp_1__xdcDup__11 |         70 |         70 |       0 |    0 |   109 |      0 |      0 |          3 |
|           (fmul_32ns_32ns_32_4_max_dsp_1_U1331)                          |               bd_0_hls_inst_0_mobilenet_v1_fmul_32ns_32ns_32_4_max_dsp_1__xdcDup__11 |          0 |          0 |       0 |    0 |    62 |      0 |      0 |          0 |
|           mobilenet_v1_fmul_32ns_32ns_32_4_max_dsp_1_ip_u                |                    bd_0_hls_inst_0_mobilenet_v1_fmul_32ns_32ns_32_4_max_dsp_1_ip__62 |         70 |         70 |       0 |    0 |    47 |      0 |      0 |          3 |
|             U0                                                           |                           bd_0_hls_inst_0_floating_point_v7_1_21__parameterized1__62 |         70 |         70 |       0 |    0 |    47 |      0 |      0 |          3 |
|               i_synth                                                    |                       bd_0_hls_inst_0_floating_point_v7_1_21_viv__parameterized1__62 |         70 |         70 |       0 |    0 |    47 |      0 |      0 |          3 |
|         fmul_32ns_32ns_32_4_max_dsp_1_U1332                              |               bd_0_hls_inst_0_mobilenet_v1_fmul_32ns_32ns_32_4_max_dsp_1__xdcDup__12 |         70 |         70 |       0 |    0 |   108 |      0 |      0 |          3 |
|           (fmul_32ns_32ns_32_4_max_dsp_1_U1332)                          |               bd_0_hls_inst_0_mobilenet_v1_fmul_32ns_32ns_32_4_max_dsp_1__xdcDup__12 |          0 |          0 |       0 |    0 |    61 |      0 |      0 |          0 |
|           mobilenet_v1_fmul_32ns_32ns_32_4_max_dsp_1_ip_u                |                    bd_0_hls_inst_0_mobilenet_v1_fmul_32ns_32ns_32_4_max_dsp_1_ip__61 |         70 |         70 |       0 |    0 |    47 |      0 |      0 |          3 |
|             U0                                                           |                           bd_0_hls_inst_0_floating_point_v7_1_21__parameterized1__61 |         70 |         70 |       0 |    0 |    47 |      0 |      0 |          3 |
|               i_synth                                                    |                       bd_0_hls_inst_0_floating_point_v7_1_21_viv__parameterized1__61 |         70 |         70 |       0 |    0 |    47 |      0 |      0 |          3 |
|         fmul_32ns_32ns_32_4_max_dsp_1_U1333                              |               bd_0_hls_inst_0_mobilenet_v1_fmul_32ns_32ns_32_4_max_dsp_1__xdcDup__13 |         70 |         70 |       0 |    0 |   109 |      0 |      0 |          3 |
|           (fmul_32ns_32ns_32_4_max_dsp_1_U1333)                          |               bd_0_hls_inst_0_mobilenet_v1_fmul_32ns_32ns_32_4_max_dsp_1__xdcDup__13 |          0 |          0 |       0 |    0 |    62 |      0 |      0 |          0 |
|           mobilenet_v1_fmul_32ns_32ns_32_4_max_dsp_1_ip_u                |                    bd_0_hls_inst_0_mobilenet_v1_fmul_32ns_32ns_32_4_max_dsp_1_ip__60 |         70 |         70 |       0 |    0 |    47 |      0 |      0 |          3 |
|             U0                                                           |                           bd_0_hls_inst_0_floating_point_v7_1_21__parameterized1__60 |         70 |         70 |       0 |    0 |    47 |      0 |      0 |          3 |
|               i_synth                                                    |                       bd_0_hls_inst_0_floating_point_v7_1_21_viv__parameterized1__60 |         70 |         70 |       0 |    0 |    47 |      0 |      0 |          3 |
|         fmul_32ns_32ns_32_4_max_dsp_1_U1334                              |               bd_0_hls_inst_0_mobilenet_v1_fmul_32ns_32ns_32_4_max_dsp_1__xdcDup__14 |         70 |         70 |       0 |    0 |   108 |      0 |      0 |          3 |
|           (fmul_32ns_32ns_32_4_max_dsp_1_U1334)                          |               bd_0_hls_inst_0_mobilenet_v1_fmul_32ns_32ns_32_4_max_dsp_1__xdcDup__14 |          0 |          0 |       0 |    0 |    61 |      0 |      0 |          0 |
|           mobilenet_v1_fmul_32ns_32ns_32_4_max_dsp_1_ip_u                |                    bd_0_hls_inst_0_mobilenet_v1_fmul_32ns_32ns_32_4_max_dsp_1_ip__58 |         70 |         70 |       0 |    0 |    47 |      0 |      0 |          3 |
|             U0                                                           |                           bd_0_hls_inst_0_floating_point_v7_1_21__parameterized1__58 |         70 |         70 |       0 |    0 |    47 |      0 |      0 |          3 |
|               i_synth                                                    |                       bd_0_hls_inst_0_floating_point_v7_1_21_viv__parameterized1__58 |         70 |         70 |       0 |    0 |    47 |      0 |      0 |          3 |
|         fmul_32ns_32ns_32_4_max_dsp_1_U1338                              |               bd_0_hls_inst_0_mobilenet_v1_fmul_32ns_32ns_32_4_max_dsp_1__xdcDup__15 |         70 |         70 |       0 |    0 |   107 |      0 |      0 |          3 |
|           (fmul_32ns_32ns_32_4_max_dsp_1_U1338)                          |               bd_0_hls_inst_0_mobilenet_v1_fmul_32ns_32ns_32_4_max_dsp_1__xdcDup__15 |          0 |          0 |       0 |    0 |    60 |      0 |      0 |          0 |
|           mobilenet_v1_fmul_32ns_32ns_32_4_max_dsp_1_ip_u                |                    bd_0_hls_inst_0_mobilenet_v1_fmul_32ns_32ns_32_4_max_dsp_1_ip__59 |         70 |         70 |       0 |    0 |    47 |      0 |      0 |          3 |
|             U0                                                           |                           bd_0_hls_inst_0_floating_point_v7_1_21__parameterized1__59 |         70 |         70 |       0 |    0 |    47 |      0 |      0 |          3 |
|               i_synth                                                    |                       bd_0_hls_inst_0_floating_point_v7_1_21_viv__parameterized1__59 |         70 |         70 |       0 |    0 |    47 |      0 |      0 |          3 |
|         fmul_32ns_32ns_32_4_max_dsp_1_U1339                              |               bd_0_hls_inst_0_mobilenet_v1_fmul_32ns_32ns_32_4_max_dsp_1__xdcDup__16 |         70 |         70 |       0 |    0 |   107 |      0 |      0 |          3 |
|           (fmul_32ns_32ns_32_4_max_dsp_1_U1339)                          |               bd_0_hls_inst_0_mobilenet_v1_fmul_32ns_32ns_32_4_max_dsp_1__xdcDup__16 |          0 |          0 |       0 |    0 |    60 |      0 |      0 |          0 |
|           mobilenet_v1_fmul_32ns_32ns_32_4_max_dsp_1_ip_u                |                    bd_0_hls_inst_0_mobilenet_v1_fmul_32ns_32ns_32_4_max_dsp_1_ip__50 |         70 |         70 |       0 |    0 |    47 |      0 |      0 |          3 |
|             U0                                                           |                           bd_0_hls_inst_0_floating_point_v7_1_21__parameterized1__50 |         70 |         70 |       0 |    0 |    47 |      0 |      0 |          3 |
|               i_synth                                                    |                       bd_0_hls_inst_0_floating_point_v7_1_21_viv__parameterized1__50 |         70 |         70 |       0 |    0 |    47 |      0 |      0 |          3 |
|         gmem_m_axi_U                                                     |                                              bd_0_hls_inst_0_mobilenet_v1_gmem_m_axi |       1180 |       1038 |       0 |  142 |  1858 |      0 |      1 |          0 |
|           bus_read                                                       |                                         bd_0_hls_inst_0_mobilenet_v1_gmem_m_axi_read |        368 |        368 |       0 |    0 |   623 |      0 |      0 |          0 |
|             rreq_burst_conv                                              |                         bd_0_hls_inst_0_mobilenet_v1_gmem_m_axi_burst_converter_1996 |        291 |        291 |       0 |    0 |   521 |      0 |      0 |          0 |
|               burst_sequential                                           |                        bd_0_hls_inst_0_mobilenet_v1_gmem_m_axi_burst_sequential_1997 |        291 |        291 |       0 |    0 |   521 |      0 |      0 |          0 |
|             rs_rdata                                                     |                    bd_0_hls_inst_0_mobilenet_v1_gmem_m_axi_reg_slice__parameterized3 |         39 |         39 |       0 |    0 |    71 |      0 |      0 |          0 |
|           bus_write                                                      |                                        bd_0_hls_inst_0_mobilenet_v1_gmem_m_axi_write |        438 |        405 |       0 |   33 |   762 |      0 |      0 |          0 |
|             wreq_burst_conv                                              |                              bd_0_hls_inst_0_mobilenet_v1_gmem_m_axi_burst_converter |        261 |        261 |       0 |    0 |   463 |      0 |      0 |          0 |
|               burst_sequential                                           |                             bd_0_hls_inst_0_mobilenet_v1_gmem_m_axi_burst_sequential |        261 |        261 |       0 |    0 |   463 |      0 |      0 |          0 |
|             wreq_throttle                                                |                                     bd_0_hls_inst_0_mobilenet_v1_gmem_m_axi_throttle |        151 |        119 |       0 |   32 |   276 |      0 |      0 |          0 |
|               rs_req                                                     |                    bd_0_hls_inst_0_mobilenet_v1_gmem_m_axi_reg_slice__parameterized1 |         73 |         73 |       0 |    0 |   137 |      0 |      0 |          0 |
|               fifo_burst_gen[0].fifo_req                                 |                         bd_0_hls_inst_0_mobilenet_v1_gmem_m_axi_fifo__parameterized5 |         52 |         20 |       0 |   32 |    79 |      0 |      0 |          0 |
|           load_unit_0                                                    |                                         bd_0_hls_inst_0_mobilenet_v1_gmem_m_axi_load |        136 |        102 |       0 |   34 |   209 |      0 |      1 |          0 |
|             (load_unit_0)                                                |                                         bd_0_hls_inst_0_mobilenet_v1_gmem_m_axi_load |          1 |          1 |       0 |    0 |    94 |      0 |      0 |          0 |
|             fifo_rreq                                                    |                    bd_0_hls_inst_0_mobilenet_v1_gmem_m_axi_fifo__parameterized0_1990 |         89 |         55 |       0 |   34 |    78 |      0 |      0 |          0 |
|               U_fifo_srl                                                 |                     bd_0_hls_inst_0_mobilenet_v1_gmem_m_axi_srl__parameterized0_1991 |         71 |         37 |       0 |   34 |    64 |      0 |      0 |          0 |
|           store_unit_0                                                   |                                        bd_0_hls_inst_0_mobilenet_v1_gmem_m_axi_store |        239 |        164 |       0 |   75 |   264 |      0 |      0 |          0 |
|             (store_unit_0)                                               |                                        bd_0_hls_inst_0_mobilenet_v1_gmem_m_axi_store |          2 |          2 |       0 |    0 |    80 |      0 |      0 |          0 |
|             buff_wdata                                                   |                         bd_0_hls_inst_0_mobilenet_v1_gmem_m_axi_fifo__parameterized1 |         65 |         29 |       0 |   36 |    56 |      0 |      0 |          0 |
|             fifo_wreq                                                    |                         bd_0_hls_inst_0_mobilenet_v1_gmem_m_axi_fifo__parameterized0 |         89 |         55 |       0 |   34 |    78 |      0 |      0 |          0 |
|               U_fifo_srl                                                 |                          bd_0_hls_inst_0_mobilenet_v1_gmem_m_axi_srl__parameterized0 |         71 |         37 |       0 |   34 |    64 |      0 |      0 |          0 |
|         grp_batchnorm_conv0_fu_1658                                      |                                         bd_0_hls_inst_0_mobilenet_v1_batchnorm_conv0 |       4994 |       4976 |       0 |   18 |  5893 |      0 |      0 |         81 |
|           (grp_batchnorm_conv0_fu_1658)                                  |                                         bd_0_hls_inst_0_mobilenet_v1_batchnorm_conv0 |        749 |        737 |       0 |   12 |  1719 |      0 |      0 |          1 |
|           fadd_32ns_32ns_32_5_full_dsp_1_U194                            |              bd_0_hls_inst_0_mobilenet_v1_fadd_32ns_32ns_32_5_full_dsp_1__xdcDup__17 |        161 |        161 |       0 |    0 |   166 |      0 |      0 |          2 |
|             (fadd_32ns_32ns_32_5_full_dsp_1_U194)                        |              bd_0_hls_inst_0_mobilenet_v1_fadd_32ns_32ns_32_5_full_dsp_1__xdcDup__17 |          0 |          0 |       0 |    0 |    64 |      0 |      0 |          0 |
|             mobilenet_v1_fadd_32ns_32ns_32_5_full_dsp_1_ip_u             |                   bd_0_hls_inst_0_mobilenet_v1_fadd_32ns_32ns_32_5_full_dsp_1_ip__43 |        161 |        161 |       0 |    0 |   102 |      0 |      0 |          2 |
|               U0                                                         |                                           bd_0_hls_inst_0_floating_point_v7_1_21__43 |        161 |        161 |       0 |    0 |   102 |      0 |      0 |          2 |
|           fadd_32ns_32ns_32_5_full_dsp_1_U195                            |              bd_0_hls_inst_0_mobilenet_v1_fadd_32ns_32ns_32_5_full_dsp_1__xdcDup__18 |        161 |        161 |       0 |    0 |   166 |      0 |      0 |          2 |
|             (fadd_32ns_32ns_32_5_full_dsp_1_U195)                        |              bd_0_hls_inst_0_mobilenet_v1_fadd_32ns_32ns_32_5_full_dsp_1__xdcDup__18 |          0 |          0 |       0 |    0 |    64 |      0 |      0 |          0 |
|             mobilenet_v1_fadd_32ns_32ns_32_5_full_dsp_1_ip_u             |                   bd_0_hls_inst_0_mobilenet_v1_fadd_32ns_32ns_32_5_full_dsp_1_ip__44 |        161 |        161 |       0 |    0 |   102 |      0 |      0 |          2 |
|               U0                                                         |                                           bd_0_hls_inst_0_floating_point_v7_1_21__44 |        161 |        161 |       0 |    0 |   102 |      0 |      0 |          2 |
|           fadd_32ns_32ns_32_5_full_dsp_1_U196                            |              bd_0_hls_inst_0_mobilenet_v1_fadd_32ns_32ns_32_5_full_dsp_1__xdcDup__19 |        161 |        161 |       0 |    0 |   166 |      0 |      0 |          2 |
|             (fadd_32ns_32ns_32_5_full_dsp_1_U196)                        |              bd_0_hls_inst_0_mobilenet_v1_fadd_32ns_32ns_32_5_full_dsp_1__xdcDup__19 |          0 |          0 |       0 |    0 |    64 |      0 |      0 |          0 |
|             mobilenet_v1_fadd_32ns_32ns_32_5_full_dsp_1_ip_u             |                   bd_0_hls_inst_0_mobilenet_v1_fadd_32ns_32ns_32_5_full_dsp_1_ip__45 |        161 |        161 |       0 |    0 |   102 |      0 |      0 |          2 |
|               U0                                                         |                                           bd_0_hls_inst_0_floating_point_v7_1_21__45 |        161 |        161 |       0 |    0 |   102 |      0 |      0 |          2 |
|           fadd_32ns_32ns_32_5_full_dsp_1_U197                            |              bd_0_hls_inst_0_mobilenet_v1_fadd_32ns_32ns_32_5_full_dsp_1__xdcDup__20 |        162 |        162 |       0 |    0 |   166 |      0 |      0 |          2 |
|             (fadd_32ns_32ns_32_5_full_dsp_1_U197)                        |              bd_0_hls_inst_0_mobilenet_v1_fadd_32ns_32ns_32_5_full_dsp_1__xdcDup__20 |          0 |          0 |       0 |    0 |    64 |      0 |      0 |          0 |
|             mobilenet_v1_fadd_32ns_32ns_32_5_full_dsp_1_ip_u             |                   bd_0_hls_inst_0_mobilenet_v1_fadd_32ns_32ns_32_5_full_dsp_1_ip__46 |        162 |        162 |       0 |    0 |   102 |      0 |      0 |          2 |
|               U0                                                         |                                           bd_0_hls_inst_0_floating_point_v7_1_21__46 |        162 |        162 |       0 |    0 |   102 |      0 |      0 |          2 |
|           fadd_32ns_32ns_32_5_full_dsp_1_U198                            |              bd_0_hls_inst_0_mobilenet_v1_fadd_32ns_32ns_32_5_full_dsp_1__xdcDup__21 |        161 |        161 |       0 |    0 |   166 |      0 |      0 |          2 |
|             (fadd_32ns_32ns_32_5_full_dsp_1_U198)                        |              bd_0_hls_inst_0_mobilenet_v1_fadd_32ns_32ns_32_5_full_dsp_1__xdcDup__21 |          0 |          0 |       0 |    0 |    64 |      0 |      0 |          0 |
|             mobilenet_v1_fadd_32ns_32ns_32_5_full_dsp_1_ip_u             |                   bd_0_hls_inst_0_mobilenet_v1_fadd_32ns_32ns_32_5_full_dsp_1_ip__47 |        161 |        161 |       0 |    0 |   102 |      0 |      0 |          2 |
|               U0                                                         |                                           bd_0_hls_inst_0_floating_point_v7_1_21__47 |        161 |        161 |       0 |    0 |   102 |      0 |      0 |          2 |
|           fadd_32ns_32ns_32_5_full_dsp_1_U199                            |              bd_0_hls_inst_0_mobilenet_v1_fadd_32ns_32ns_32_5_full_dsp_1__xdcDup__22 |        161 |        161 |       0 |    0 |   134 |      0 |      0 |          2 |
|             mobilenet_v1_fadd_32ns_32ns_32_5_full_dsp_1_ip_u             |                   bd_0_hls_inst_0_mobilenet_v1_fadd_32ns_32ns_32_5_full_dsp_1_ip__42 |        161 |        161 |       0 |    0 |   102 |      0 |      0 |          2 |
|               U0                                                         |                                           bd_0_hls_inst_0_floating_point_v7_1_21__42 |        161 |        161 |       0 |    0 |   102 |      0 |      0 |          2 |
|           fadd_32ns_32ns_32_5_full_dsp_1_U200                            |              bd_0_hls_inst_0_mobilenet_v1_fadd_32ns_32ns_32_5_full_dsp_1__xdcDup__23 |        161 |        161 |       0 |    0 |   134 |      0 |      0 |          2 |
|             mobilenet_v1_fadd_32ns_32ns_32_5_full_dsp_1_ip_u             |                   bd_0_hls_inst_0_mobilenet_v1_fadd_32ns_32ns_32_5_full_dsp_1_ip__41 |        161 |        161 |       0 |    0 |   102 |      0 |      0 |          2 |
|               U0                                                         |                                           bd_0_hls_inst_0_floating_point_v7_1_21__41 |        161 |        161 |       0 |    0 |   102 |      0 |      0 |          2 |
|           fadd_32ns_32ns_32_5_full_dsp_1_U201                            |              bd_0_hls_inst_0_mobilenet_v1_fadd_32ns_32ns_32_5_full_dsp_1__xdcDup__24 |        161 |        161 |       0 |    0 |   134 |      0 |      0 |          2 |
|             mobilenet_v1_fadd_32ns_32ns_32_5_full_dsp_1_ip_u             |                   bd_0_hls_inst_0_mobilenet_v1_fadd_32ns_32ns_32_5_full_dsp_1_ip__40 |        161 |        161 |       0 |    0 |   102 |      0 |      0 |          2 |
|               U0                                                         |                                           bd_0_hls_inst_0_floating_point_v7_1_21__40 |        161 |        161 |       0 |    0 |   102 |      0 |      0 |          2 |
|           fadd_32ns_32ns_32_5_full_dsp_1_U202                            |              bd_0_hls_inst_0_mobilenet_v1_fadd_32ns_32ns_32_5_full_dsp_1__xdcDup__25 |        161 |        161 |       0 |    0 |   134 |      0 |      0 |          2 |
|             mobilenet_v1_fadd_32ns_32ns_32_5_full_dsp_1_ip_u             |                   bd_0_hls_inst_0_mobilenet_v1_fadd_32ns_32ns_32_5_full_dsp_1_ip__39 |        161 |        161 |       0 |    0 |   102 |      0 |      0 |          2 |
|               U0                                                         |                                           bd_0_hls_inst_0_floating_point_v7_1_21__39 |        161 |        161 |       0 |    0 |   102 |      0 |      0 |          2 |
|           fadd_32ns_32ns_32_5_full_dsp_1_U203                            |              bd_0_hls_inst_0_mobilenet_v1_fadd_32ns_32ns_32_5_full_dsp_1__xdcDup__26 |        161 |        161 |       0 |    0 |   134 |      0 |      0 |          2 |
|             mobilenet_v1_fadd_32ns_32ns_32_5_full_dsp_1_ip_u             |                   bd_0_hls_inst_0_mobilenet_v1_fadd_32ns_32ns_32_5_full_dsp_1_ip__38 |        161 |        161 |       0 |    0 |   102 |      0 |      0 |          2 |
|               U0                                                         |                                           bd_0_hls_inst_0_floating_point_v7_1_21__38 |        161 |        161 |       0 |    0 |   102 |      0 |      0 |          2 |
|           fadd_32ns_32ns_32_5_full_dsp_1_U204                            |              bd_0_hls_inst_0_mobilenet_v1_fadd_32ns_32ns_32_5_full_dsp_1__xdcDup__27 |        161 |        161 |       0 |    0 |   134 |      0 |      0 |          2 |
|             mobilenet_v1_fadd_32ns_32ns_32_5_full_dsp_1_ip_u             |                   bd_0_hls_inst_0_mobilenet_v1_fadd_32ns_32ns_32_5_full_dsp_1_ip__37 |        161 |        161 |       0 |    0 |   102 |      0 |      0 |          2 |
|               U0                                                         |                                           bd_0_hls_inst_0_floating_point_v7_1_21__37 |        161 |        161 |       0 |    0 |   102 |      0 |      0 |          2 |
|           fadd_32ns_32ns_32_5_full_dsp_1_U205                            |              bd_0_hls_inst_0_mobilenet_v1_fadd_32ns_32ns_32_5_full_dsp_1__xdcDup__28 |        161 |        161 |       0 |    0 |   134 |      0 |      0 |          2 |
|             mobilenet_v1_fadd_32ns_32ns_32_5_full_dsp_1_ip_u             |                   bd_0_hls_inst_0_mobilenet_v1_fadd_32ns_32ns_32_5_full_dsp_1_ip__36 |        161 |        161 |       0 |    0 |   102 |      0 |      0 |          2 |
|               U0                                                         |                                           bd_0_hls_inst_0_floating_point_v7_1_21__36 |        161 |        161 |       0 |    0 |   102 |      0 |      0 |          2 |
|           fadd_32ns_32ns_32_5_full_dsp_1_U206                            |              bd_0_hls_inst_0_mobilenet_v1_fadd_32ns_32ns_32_5_full_dsp_1__xdcDup__29 |        161 |        161 |       0 |    0 |   134 |      0 |      0 |          2 |
|             mobilenet_v1_fadd_32ns_32ns_32_5_full_dsp_1_ip_u             |                   bd_0_hls_inst_0_mobilenet_v1_fadd_32ns_32ns_32_5_full_dsp_1_ip__35 |        161 |        161 |       0 |    0 |   102 |      0 |      0 |          2 |
|               U0                                                         |                                           bd_0_hls_inst_0_floating_point_v7_1_21__35 |        161 |        161 |       0 |    0 |   102 |      0 |      0 |          2 |
|           fadd_32ns_32ns_32_5_full_dsp_1_U207                            |              bd_0_hls_inst_0_mobilenet_v1_fadd_32ns_32ns_32_5_full_dsp_1__xdcDup__30 |        161 |        161 |       0 |    0 |   134 |      0 |      0 |          2 |
|             mobilenet_v1_fadd_32ns_32ns_32_5_full_dsp_1_ip_u             |                   bd_0_hls_inst_0_mobilenet_v1_fadd_32ns_32ns_32_5_full_dsp_1_ip__34 |        161 |        161 |       0 |    0 |   102 |      0 |      0 |          2 |
|               U0                                                         |                                           bd_0_hls_inst_0_floating_point_v7_1_21__34 |        161 |        161 |       0 |    0 |   102 |      0 |      0 |          2 |
|           fadd_32ns_32ns_32_5_full_dsp_1_U208                            |              bd_0_hls_inst_0_mobilenet_v1_fadd_32ns_32ns_32_5_full_dsp_1__xdcDup__31 |        161 |        161 |       0 |    0 |   161 |      0 |      0 |          2 |
|             (fadd_32ns_32ns_32_5_full_dsp_1_U208)                        |              bd_0_hls_inst_0_mobilenet_v1_fadd_32ns_32ns_32_5_full_dsp_1__xdcDup__31 |          0 |          0 |       0 |    0 |    59 |      0 |      0 |          0 |
|             mobilenet_v1_fadd_32ns_32ns_32_5_full_dsp_1_ip_u             |                   bd_0_hls_inst_0_mobilenet_v1_fadd_32ns_32ns_32_5_full_dsp_1_ip__33 |        161 |        161 |       0 |    0 |   102 |      0 |      0 |          2 |
|               U0                                                         |                                           bd_0_hls_inst_0_floating_point_v7_1_21__33 |        161 |        161 |       0 |    0 |   102 |      0 |      0 |          2 |
|           fadd_32ns_32ns_32_5_full_dsp_1_U209                            |                          bd_0_hls_inst_0_mobilenet_v1_fadd_32ns_32ns_32_5_full_dsp_1 |        161 |        161 |       0 |    0 |   134 |      0 |      0 |          2 |
|             mobilenet_v1_fadd_32ns_32ns_32_5_full_dsp_1_ip_u             |                   bd_0_hls_inst_0_mobilenet_v1_fadd_32ns_32ns_32_5_full_dsp_1_ip__32 |        161 |        161 |       0 |    0 |   102 |      0 |      0 |          2 |
|               U0                                                         |                                           bd_0_hls_inst_0_floating_point_v7_1_21__32 |        161 |        161 |       0 |    0 |   102 |      0 |      0 |          2 |
|           fmul_32ns_32ns_32_4_max_dsp_1_U226                             |               bd_0_hls_inst_0_mobilenet_v1_fmul_32ns_32ns_32_4_max_dsp_1__xdcDup__17 |         70 |         70 |       0 |    0 |   111 |      0 |      0 |          3 |
|             (fmul_32ns_32ns_32_4_max_dsp_1_U226)                         |               bd_0_hls_inst_0_mobilenet_v1_fmul_32ns_32ns_32_4_max_dsp_1__xdcDup__17 |          0 |          0 |       0 |    0 |    64 |      0 |      0 |          0 |
|             mobilenet_v1_fmul_32ns_32ns_32_4_max_dsp_1_ip_u              |                    bd_0_hls_inst_0_mobilenet_v1_fmul_32ns_32ns_32_4_max_dsp_1_ip__43 |         70 |         70 |       0 |    0 |    47 |      0 |      0 |          3 |
|               U0                                                         |                           bd_0_hls_inst_0_floating_point_v7_1_21__parameterized1__43 |         70 |         70 |       0 |    0 |    47 |      0 |      0 |          3 |
|           fmul_32ns_32ns_32_4_max_dsp_1_U227                             |               bd_0_hls_inst_0_mobilenet_v1_fmul_32ns_32ns_32_4_max_dsp_1__xdcDup__18 |         70 |         70 |       0 |    0 |   111 |      0 |      0 |          3 |
|             (fmul_32ns_32ns_32_4_max_dsp_1_U227)                         |               bd_0_hls_inst_0_mobilenet_v1_fmul_32ns_32ns_32_4_max_dsp_1__xdcDup__18 |          0 |          0 |       0 |    0 |    64 |      0 |      0 |          0 |
|             mobilenet_v1_fmul_32ns_32ns_32_4_max_dsp_1_ip_u              |                    bd_0_hls_inst_0_mobilenet_v1_fmul_32ns_32ns_32_4_max_dsp_1_ip__44 |         70 |         70 |       0 |    0 |    47 |      0 |      0 |          3 |
|               U0                                                         |                           bd_0_hls_inst_0_floating_point_v7_1_21__parameterized1__44 |         70 |         70 |       0 |    0 |    47 |      0 |      0 |          3 |
|           fmul_32ns_32ns_32_4_max_dsp_1_U228                             |               bd_0_hls_inst_0_mobilenet_v1_fmul_32ns_32ns_32_4_max_dsp_1__xdcDup__19 |         70 |         70 |       0 |    0 |   111 |      0 |      0 |          3 |
|             (fmul_32ns_32ns_32_4_max_dsp_1_U228)                         |               bd_0_hls_inst_0_mobilenet_v1_fmul_32ns_32ns_32_4_max_dsp_1__xdcDup__19 |          0 |          0 |       0 |    0 |    64 |      0 |      0 |          0 |
|             mobilenet_v1_fmul_32ns_32ns_32_4_max_dsp_1_ip_u              |                    bd_0_hls_inst_0_mobilenet_v1_fmul_32ns_32ns_32_4_max_dsp_1_ip__45 |         70 |         70 |       0 |    0 |    47 |      0 |      0 |          3 |
|               U0                                                         |                           bd_0_hls_inst_0_floating_point_v7_1_21__parameterized1__45 |         70 |         70 |       0 |    0 |    47 |      0 |      0 |          3 |
|           fmul_32ns_32ns_32_4_max_dsp_1_U229                             |               bd_0_hls_inst_0_mobilenet_v1_fmul_32ns_32ns_32_4_max_dsp_1__xdcDup__20 |         70 |         70 |       0 |    0 |   111 |      0 |      0 |          3 |
|             (fmul_32ns_32ns_32_4_max_dsp_1_U229)                         |               bd_0_hls_inst_0_mobilenet_v1_fmul_32ns_32ns_32_4_max_dsp_1__xdcDup__20 |          0 |          0 |       0 |    0 |    64 |      0 |      0 |          0 |
|             mobilenet_v1_fmul_32ns_32ns_32_4_max_dsp_1_ip_u              |                    bd_0_hls_inst_0_mobilenet_v1_fmul_32ns_32ns_32_4_max_dsp_1_ip__46 |         70 |         70 |       0 |    0 |    47 |      0 |      0 |          3 |
|               U0                                                         |                           bd_0_hls_inst_0_floating_point_v7_1_21__parameterized1__46 |         70 |         70 |       0 |    0 |    47 |      0 |      0 |          3 |
|           fmul_32ns_32ns_32_4_max_dsp_1_U230                             |               bd_0_hls_inst_0_mobilenet_v1_fmul_32ns_32ns_32_4_max_dsp_1__xdcDup__21 |         70 |         70 |       0 |    0 |   111 |      0 |      0 |          3 |
|             (fmul_32ns_32ns_32_4_max_dsp_1_U230)                         |               bd_0_hls_inst_0_mobilenet_v1_fmul_32ns_32ns_32_4_max_dsp_1__xdcDup__21 |          0 |          0 |       0 |    0 |    64 |      0 |      0 |          0 |
|             mobilenet_v1_fmul_32ns_32ns_32_4_max_dsp_1_ip_u              |                    bd_0_hls_inst_0_mobilenet_v1_fmul_32ns_32ns_32_4_max_dsp_1_ip__47 |         70 |         70 |       0 |    0 |    47 |      0 |      0 |          3 |
|               U0                                                         |                           bd_0_hls_inst_0_floating_point_v7_1_21__parameterized1__47 |         70 |         70 |       0 |    0 |    47 |      0 |      0 |          3 |
|           fmul_32ns_32ns_32_4_max_dsp_1_U231                             |               bd_0_hls_inst_0_mobilenet_v1_fmul_32ns_32ns_32_4_max_dsp_1__xdcDup__22 |         69 |         69 |       0 |    0 |   107 |      0 |      0 |          3 |
|             (fmul_32ns_32ns_32_4_max_dsp_1_U231)                         |               bd_0_hls_inst_0_mobilenet_v1_fmul_32ns_32ns_32_4_max_dsp_1__xdcDup__22 |          0 |          0 |       0 |    0 |    60 |      0 |      0 |          0 |
|             mobilenet_v1_fmul_32ns_32ns_32_4_max_dsp_1_ip_u              |                    bd_0_hls_inst_0_mobilenet_v1_fmul_32ns_32ns_32_4_max_dsp_1_ip__42 |         69 |         69 |       0 |    0 |    47 |      0 |      0 |          3 |
|               U0                                                         |                           bd_0_hls_inst_0_floating_point_v7_1_21__parameterized1__42 |         69 |         69 |       0 |    0 |    47 |      0 |      0 |          3 |
|           fmul_32ns_32ns_32_4_max_dsp_1_U232                             |               bd_0_hls_inst_0_mobilenet_v1_fmul_32ns_32ns_32_4_max_dsp_1__xdcDup__23 |         69 |         69 |       0 |    0 |    79 |      0 |      0 |          3 |
|             mobilenet_v1_fmul_32ns_32ns_32_4_max_dsp_1_ip_u              |                    bd_0_hls_inst_0_mobilenet_v1_fmul_32ns_32ns_32_4_max_dsp_1_ip__41 |         69 |         69 |       0 |    0 |    47 |      0 |      0 |          3 |
|               U0                                                         |                           bd_0_hls_inst_0_floating_point_v7_1_21__parameterized1__41 |         69 |         69 |       0 |    0 |    47 |      0 |      0 |          3 |
|           fmul_32ns_32ns_32_4_max_dsp_1_U233                             |               bd_0_hls_inst_0_mobilenet_v1_fmul_32ns_32ns_32_4_max_dsp_1__xdcDup__24 |         69 |         69 |       0 |    0 |    79 |      0 |      0 |          3 |
|             mobilenet_v1_fmul_32ns_32ns_32_4_max_dsp_1_ip_u              |                    bd_0_hls_inst_0_mobilenet_v1_fmul_32ns_32ns_32_4_max_dsp_1_ip__40 |         69 |         69 |       0 |    0 |    47 |      0 |      0 |          3 |
|               U0                                                         |                           bd_0_hls_inst_0_floating_point_v7_1_21__parameterized1__40 |         69 |         69 |       0 |    0 |    47 |      0 |      0 |          3 |
|           fmul_32ns_32ns_32_4_max_dsp_1_U234                             |               bd_0_hls_inst_0_mobilenet_v1_fmul_32ns_32ns_32_4_max_dsp_1__xdcDup__25 |         69 |         69 |       0 |    0 |    79 |      0 |      0 |          3 |
|             mobilenet_v1_fmul_32ns_32ns_32_4_max_dsp_1_ip_u              |                    bd_0_hls_inst_0_mobilenet_v1_fmul_32ns_32ns_32_4_max_dsp_1_ip__39 |         69 |         69 |       0 |    0 |    47 |      0 |      0 |          3 |
|               U0                                                         |                           bd_0_hls_inst_0_floating_point_v7_1_21__parameterized1__39 |         69 |         69 |       0 |    0 |    47 |      0 |      0 |          3 |
|           fmul_32ns_32ns_32_4_max_dsp_1_U235                             |               bd_0_hls_inst_0_mobilenet_v1_fmul_32ns_32ns_32_4_max_dsp_1__xdcDup__26 |         69 |         69 |       0 |    0 |    79 |      0 |      0 |          3 |
|             mobilenet_v1_fmul_32ns_32ns_32_4_max_dsp_1_ip_u              |                    bd_0_hls_inst_0_mobilenet_v1_fmul_32ns_32ns_32_4_max_dsp_1_ip__38 |         69 |         69 |       0 |    0 |    47 |      0 |      0 |          3 |
|               U0                                                         |                           bd_0_hls_inst_0_floating_point_v7_1_21__parameterized1__38 |         69 |         69 |       0 |    0 |    47 |      0 |      0 |          3 |
|           fmul_32ns_32ns_32_4_max_dsp_1_U236                             |               bd_0_hls_inst_0_mobilenet_v1_fmul_32ns_32ns_32_4_max_dsp_1__xdcDup__27 |         69 |         69 |       0 |    0 |    79 |      0 |      0 |          3 |
|             mobilenet_v1_fmul_32ns_32ns_32_4_max_dsp_1_ip_u              |                    bd_0_hls_inst_0_mobilenet_v1_fmul_32ns_32ns_32_4_max_dsp_1_ip__37 |         69 |         69 |       0 |    0 |    47 |      0 |      0 |          3 |
|               U0                                                         |                           bd_0_hls_inst_0_floating_point_v7_1_21__parameterized1__37 |         69 |         69 |       0 |    0 |    47 |      0 |      0 |          3 |
|           fmul_32ns_32ns_32_4_max_dsp_1_U237                             |               bd_0_hls_inst_0_mobilenet_v1_fmul_32ns_32ns_32_4_max_dsp_1__xdcDup__28 |         69 |         69 |       0 |    0 |    79 |      0 |      0 |          3 |
|             mobilenet_v1_fmul_32ns_32ns_32_4_max_dsp_1_ip_u              |                    bd_0_hls_inst_0_mobilenet_v1_fmul_32ns_32ns_32_4_max_dsp_1_ip__36 |         69 |         69 |       0 |    0 |    47 |      0 |      0 |          3 |
|               U0                                                         |                           bd_0_hls_inst_0_floating_point_v7_1_21__parameterized1__36 |         69 |         69 |       0 |    0 |    47 |      0 |      0 |          3 |
|           fmul_32ns_32ns_32_4_max_dsp_1_U238                             |               bd_0_hls_inst_0_mobilenet_v1_fmul_32ns_32ns_32_4_max_dsp_1__xdcDup__29 |         69 |         69 |       0 |    0 |    79 |      0 |      0 |          3 |
|             mobilenet_v1_fmul_32ns_32ns_32_4_max_dsp_1_ip_u              |                    bd_0_hls_inst_0_mobilenet_v1_fmul_32ns_32ns_32_4_max_dsp_1_ip__35 |         69 |         69 |       0 |    0 |    47 |      0 |      0 |          3 |
|               U0                                                         |                           bd_0_hls_inst_0_floating_point_v7_1_21__parameterized1__35 |         69 |         69 |       0 |    0 |    47 |      0 |      0 |          3 |
|           fmul_32ns_32ns_32_4_max_dsp_1_U239                             |               bd_0_hls_inst_0_mobilenet_v1_fmul_32ns_32ns_32_4_max_dsp_1__xdcDup__30 |         69 |         69 |       0 |    0 |    79 |      0 |      0 |          3 |
|             mobilenet_v1_fmul_32ns_32ns_32_4_max_dsp_1_ip_u              |                    bd_0_hls_inst_0_mobilenet_v1_fmul_32ns_32ns_32_4_max_dsp_1_ip__34 |         69 |         69 |       0 |    0 |    47 |      0 |      0 |          3 |
|               U0                                                         |                           bd_0_hls_inst_0_floating_point_v7_1_21__parameterized1__34 |         69 |         69 |       0 |    0 |    47 |      0 |      0 |          3 |
|           fmul_32ns_32ns_32_4_max_dsp_1_U240                             |               bd_0_hls_inst_0_mobilenet_v1_fmul_32ns_32ns_32_4_max_dsp_1__xdcDup__31 |         69 |         69 |       0 |    0 |    79 |      0 |      0 |          3 |
|             mobilenet_v1_fmul_32ns_32ns_32_4_max_dsp_1_ip_u              |                    bd_0_hls_inst_0_mobilenet_v1_fmul_32ns_32ns_32_4_max_dsp_1_ip__33 |         69 |         69 |       0 |    0 |    47 |      0 |      0 |          3 |
|               U0                                                         |                           bd_0_hls_inst_0_floating_point_v7_1_21__parameterized1__33 |         69 |         69 |       0 |    0 |    47 |      0 |      0 |          3 |
|           fmul_32ns_32ns_32_4_max_dsp_1_U241                             |                           bd_0_hls_inst_0_mobilenet_v1_fmul_32ns_32ns_32_4_max_dsp_1 |         69 |         69 |       0 |    0 |    79 |      0 |      0 |          3 |
|             mobilenet_v1_fmul_32ns_32ns_32_4_max_dsp_1_ip_u              |                    bd_0_hls_inst_0_mobilenet_v1_fmul_32ns_32ns_32_4_max_dsp_1_ip__32 |         69 |         69 |       0 |    0 |    47 |      0 |      0 |          3 |
|               U0                                                         |                           bd_0_hls_inst_0_floating_point_v7_1_21__parameterized1__32 |         69 |         69 |       0 |    0 |    47 |      0 |      0 |          3 |
|         grp_batchnorm_pw0_fu_1942                                        |                                           bd_0_hls_inst_0_mobilenet_v1_batchnorm_pw0 |        910 |        895 |       0 |   15 |  1081 |      0 |      0 |          0 |
|           (grp_batchnorm_pw0_fu_1942)                                    |                                           bd_0_hls_inst_0_mobilenet_v1_batchnorm_pw0 |        854 |        842 |       0 |   12 |  1059 |      0 |      0 |          0 |
|         grp_conv0_fu_1568                                                |                                                   bd_0_hls_inst_0_mobilenet_v1_conv0 |       5835 |       4511 |       0 | 1324 |  4233 |      0 |     27 |         17 |
|           (grp_conv0_fu_1568)                                            |                                                   bd_0_hls_inst_0_mobilenet_v1_conv0 |       4515 |       3203 |       0 | 1312 |  4158 |      0 |      0 |          0 |
|           mul_64ns_66ns_129_5_1_U58                                      |                               bd_0_hls_inst_0_mobilenet_v1_mul_64ns_66ns_129_5_1_329 |         89 |         89 |       0 |    0 |    25 |      0 |      0 |         13 |
|           mul_6ns_8ns_13_1_1_U93                                         |                                  bd_0_hls_inst_0_mobilenet_v1_mul_6ns_8ns_13_1_1_332 |        438 |        438 |       0 |    0 |     0 |      0 |      0 |          1 |
|           mul_6ns_8ns_13_1_1_U94                                         |                                  bd_0_hls_inst_0_mobilenet_v1_mul_6ns_8ns_13_1_1_333 |        265 |        265 |       0 |    0 |     0 |      0 |      0 |          1 |
|           p_ZL13conv_0_weight_0_2_1_U                                    |          bd_0_hls_inst_0_mobilenet_v1_conv0_p_ZL13conv_0_weight_0_2_1_ROM_2P_BRAM_1R |         63 |         63 |       0 |    0 |     0 |      0 |      2 |          0 |
|           p_ZL13conv_0_weight_0_2_2_U                                    |          bd_0_hls_inst_0_mobilenet_v1_conv0_p_ZL13conv_0_weight_0_2_2_ROM_2P_BRAM_1R |         85 |         85 |       0 |    0 |     0 |      0 |      2 |          0 |
|           p_ZL13conv_0_weight_1_2_2_U                                    |          bd_0_hls_inst_0_mobilenet_v1_conv0_p_ZL13conv_0_weight_1_2_2_ROM_2P_BRAM_1R |         55 |         55 |       0 |    0 |     0 |      0 |      1 |          0 |
|         grp_dw0_fu_1790                                                  |                                                     bd_0_hls_inst_0_mobilenet_v1_dw0 |       2677 |       2566 |       0 |  111 |   709 |      0 |      9 |          0 |
|           (grp_dw0_fu_1790)                                              |                                                     bd_0_hls_inst_0_mobilenet_v1_dw0 |       2527 |       2419 |       0 |  108 |   697 |      0 |      0 |          0 |
|         grp_dw1_fu_2010                                                  |                                                     bd_0_hls_inst_0_mobilenet_v1_dw1 |       2489 |       2172 |       0 |  317 |  1071 |      0 |      9 |          0 |
|           (grp_dw1_fu_2010)                                              |                                                     bd_0_hls_inst_0_mobilenet_v1_dw1 |       2263 |       1949 |       0 |  314 |  1064 |      0 |      0 |          0 |
|           p_ZL26features_1_deepwise_weight_0_2_U                         | bd_0_hls_inst_0_mobilenet_v1_dw1_p_ZL26features_1_deepwise_weight_0_2_ROM_2P_BRAM_1R |         61 |         61 |       0 |    0 |     0 |      0 |      1 |          0 |
|           p_ZL26features_1_deepwise_weight_1_0_U                         | bd_0_hls_inst_0_mobilenet_v1_dw1_p_ZL26features_1_deepwise_weight_1_0_ROM_2P_BRAM_1R |         58 |         58 |       0 |    0 |     0 |      0 |      1 |          0 |
|         grp_dw2_fu_2184                                                  |                                                     bd_0_hls_inst_0_mobilenet_v1_dw2 |       1355 |       1201 |       0 |  154 |   637 |      0 |      9 |          0 |
|           (grp_dw2_fu_2184)                                              |                                                     bd_0_hls_inst_0_mobilenet_v1_dw2 |       1211 |       1059 |       0 |  152 |   633 |      0 |      0 |          0 |
|         grp_dw3_fu_2294                                                  |                                                     bd_0_hls_inst_0_mobilenet_v1_dw3 |       1820 |       1529 |       0 |  291 |  1034 |      0 |      9 |          0 |
|           (grp_dw3_fu_2294)                                              |                                                     bd_0_hls_inst_0_mobilenet_v1_dw3 |       1683 |       1392 |       0 |  291 |  1032 |      0 |      0 |          0 |
|           p_ZL26features_3_deepwise_weight_1_0_U                         | bd_0_hls_inst_0_mobilenet_v1_dw3_p_ZL26features_3_deepwise_weight_1_0_ROM_2P_BRAM_1R |         53 |         53 |       0 |    0 |     0 |      0 |      1 |          0 |
|         grp_fc_fu_2369                                                   |                                                      bd_0_hls_inst_0_mobilenet_v1_fc |        803 |        803 |       0 |    0 |  1071 |      0 |     10 |          0 |
|           grp_fc_Pipeline_FC_IC_fu_130                                   |                                       bd_0_hls_inst_0_mobilenet_v1_fc_Pipeline_FC_IC |        759 |        759 |       0 |    0 |   727 |      0 |     10 |          0 |
|             (grp_fc_Pipeline_FC_IC_fu_130)                               |                                       bd_0_hls_inst_0_mobilenet_v1_fc_Pipeline_FC_IC |        374 |        374 |       0 |    0 |   725 |      0 |      0 |          0 |
|             flow_control_loop_pipe_sequential_init_U                     |              bd_0_hls_inst_0_mobilenet_v1_flow_control_loop_pipe_sequential_init_315 |        213 |        213 |       0 |    0 |     2 |      0 |      0 |          0 |
|             p_ZL9fc_weight_6_U                                           |          bd_0_hls_inst_0_mobilenet_v1_fc_Pipeline_FC_IC_p_ZL9fc_weight_6_ROM_AUTO_1R |         56 |         56 |       0 |    0 |     0 |      0 |      1 |          0 |
|             p_ZL9fc_weight_7_U                                           |          bd_0_hls_inst_0_mobilenet_v1_fc_Pipeline_FC_IC_p_ZL9fc_weight_7_ROM_AUTO_1R |         55 |         55 |       0 |    0 |     0 |      0 |      1 |          0 |
|           grp_fc_Pipeline_FC_BIAS_fu_114                                 |                                     bd_0_hls_inst_0_mobilenet_v1_fc_Pipeline_FC_BIAS |         29 |         29 |       0 |    0 |   329 |      0 |      0 |          0 |
|             (grp_fc_Pipeline_FC_BIAS_fu_114)                             |                                     bd_0_hls_inst_0_mobilenet_v1_fc_Pipeline_FC_BIAS |          5 |          5 |       0 |    0 |   299 |      0 |      0 |          0 |
|         grp_mobilenet_v1_Pipeline_BN_DW0_C_BN_DW0_H_BN_DW0_W_fu_1909     |        bd_0_hls_inst_0_mobilenet_v1_mobilenet_v1_Pipeline_BN_DW0_C_BN_DW0_H_BN_DW0_W |        275 |        260 |       0 |   15 |   165 |      0 |      0 |          0 |
|           (grp_mobilenet_v1_Pipeline_BN_DW0_C_BN_DW0_H_BN_DW0_W_fu_1909) |        bd_0_hls_inst_0_mobilenet_v1_mobilenet_v1_Pipeline_BN_DW0_C_BN_DW0_H_BN_DW0_W |        271 |        256 |       0 |   15 |   163 |      0 |      0 |          0 |
|         grp_mobilenet_v1_Pipeline_BN_DW1_C_BN_DW1_H_fu_2088              |                 bd_0_hls_inst_0_mobilenet_v1_mobilenet_v1_Pipeline_BN_DW1_C_BN_DW1_H |        326 |        315 |       0 |   11 |   109 |      0 |      0 |          0 |
|           (grp_mobilenet_v1_Pipeline_BN_DW1_C_BN_DW1_H_fu_2088)          |                 bd_0_hls_inst_0_mobilenet_v1_mobilenet_v1_Pipeline_BN_DW1_C_BN_DW1_H |        310 |        299 |       0 |   11 |   107 |      0 |      0 |          0 |
|         grp_mobilenet_v1_Pipeline_BN_DW2_C_BN_DW2_H_fu_2234              |                 bd_0_hls_inst_0_mobilenet_v1_mobilenet_v1_Pipeline_BN_DW2_C_BN_DW2_H |        134 |        123 |       0 |   11 |    83 |      0 |      0 |          0 |
|           (grp_mobilenet_v1_Pipeline_BN_DW2_C_BN_DW2_H_fu_2234)          |                 bd_0_hls_inst_0_mobilenet_v1_mobilenet_v1_Pipeline_BN_DW2_C_BN_DW2_H |        120 |        109 |       0 |   11 |    81 |      0 |      0 |          0 |
|         grp_mobilenet_v1_Pipeline_BN_DW3_C_BN_DW3_H_fu_2333              |                 bd_0_hls_inst_0_mobilenet_v1_mobilenet_v1_Pipeline_BN_DW3_C_BN_DW3_H |        233 |        221 |       0 |   12 |   103 |      0 |      0 |          0 |
|           (grp_mobilenet_v1_Pipeline_BN_DW3_C_BN_DW3_H_fu_2333)          |                 bd_0_hls_inst_0_mobilenet_v1_mobilenet_v1_Pipeline_BN_DW3_C_BN_DW3_H |        210 |        198 |       0 |   12 |   101 |      0 |      0 |          0 |
|         grp_mobilenet_v1_Pipeline_BN_PW1_C_BN_PW1_H_fu_2148              |                 bd_0_hls_inst_0_mobilenet_v1_mobilenet_v1_Pipeline_BN_PW1_C_BN_PW1_H |        470 |        456 |       0 |   14 |   362 |      0 |      0 |          0 |
|           (grp_mobilenet_v1_Pipeline_BN_PW1_C_BN_PW1_H_fu_2148)          |                 bd_0_hls_inst_0_mobilenet_v1_mobilenet_v1_Pipeline_BN_PW1_C_BN_PW1_H |        423 |        411 |       0 |   12 |   345 |      0 |      0 |          0 |
|         grp_mobilenet_v1_Pipeline_BN_PW2_C_BN_PW2_H_fu_2270              |                 bd_0_hls_inst_0_mobilenet_v1_mobilenet_v1_Pipeline_BN_PW2_C_BN_PW2_H |        253 |        241 |       0 |   12 |   137 |      0 |      0 |          0 |
|           (grp_mobilenet_v1_Pipeline_BN_PW2_C_BN_PW2_H_fu_2270)          |                 bd_0_hls_inst_0_mobilenet_v1_mobilenet_v1_Pipeline_BN_PW2_C_BN_PW2_H |        226 |        214 |       0 |   12 |   135 |      0 |      0 |          0 |
|         grp_mobilenet_v1_Pipeline_BN_PW3_C_BN_PW3_H_fu_2355              |                 bd_0_hls_inst_0_mobilenet_v1_mobilenet_v1_Pipeline_BN_PW3_C_BN_PW3_H |        104 |         93 |       0 |   11 |   149 |      0 |      2 |          0 |
|           (grp_mobilenet_v1_Pipeline_BN_PW3_C_BN_PW3_H_fu_2355)          |                 bd_0_hls_inst_0_mobilenet_v1_mobilenet_v1_Pipeline_BN_PW3_C_BN_PW3_H |         79 |         68 |       0 |   11 |   147 |      0 |      2 |          0 |
|         grp_mobilenet_v1_Pipeline_GAP_C_fu_2362                          |                             bd_0_hls_inst_0_mobilenet_v1_mobilenet_v1_Pipeline_GAP_C |        132 |        110 |       0 |   22 |   127 |      0 |      0 |          0 |
|           (grp_mobilenet_v1_Pipeline_GAP_C_fu_2362)                      |                             bd_0_hls_inst_0_mobilenet_v1_mobilenet_v1_Pipeline_GAP_C |        115 |         93 |       0 |   22 |   125 |      0 |      0 |          0 |
|         grp_mobilenet_v1_Pipeline_LOAD_INC_LOAD_INH_LOAD_INW_fu_1543     |        bd_0_hls_inst_0_mobilenet_v1_mobilenet_v1_Pipeline_LOAD_INC_LOAD_INH_LOAD_INW |        119 |         99 |       0 |   20 |   149 |      0 |      0 |          3 |
|           (grp_mobilenet_v1_Pipeline_LOAD_INC_LOAD_INH_LOAD_INW_fu_1543) |        bd_0_hls_inst_0_mobilenet_v1_mobilenet_v1_Pipeline_LOAD_INC_LOAD_INH_LOAD_INW |         28 |         20 |       0 |    8 |    99 |      0 |      0 |          1 |
|         grp_pw0_fu_1916                                                  |                                                     bd_0_hls_inst_0_mobilenet_v1_pw0 |       1572 |       1334 |       0 |  238 |  2721 |      0 |      4 |          0 |
|           (grp_pw0_fu_1916)                                              |                                                     bd_0_hls_inst_0_mobilenet_v1_pw0 |       1554 |       1316 |       0 |  238 |  2719 |      0 |      0 |          0 |
|         grp_pw1_fu_2116                                                  |                                                     bd_0_hls_inst_0_mobilenet_v1_pw1 |       3269 |       2808 |       0 |  461 |  4874 |      2 |      0 |          0 |
|           (grp_pw1_fu_2116)                                              |                                                     bd_0_hls_inst_0_mobilenet_v1_pw1 |       3208 |       2747 |       0 |  461 |  4872 |      0 |      0 |          0 |
|           flow_control_loop_pipe_sequential_init_U                       |              bd_0_hls_inst_0_mobilenet_v1_flow_control_loop_pipe_sequential_init_300 |         54 |         54 |       0 |    0 |     2 |      0 |      0 |          0 |
|         grp_pw2_fu_2250                                                  |                                                     bd_0_hls_inst_0_mobilenet_v1_pw2 |       3565 |       2641 |       0 |  924 |  6445 |      8 |      0 |          0 |
|           (grp_pw2_fu_2250)                                              |                                                     bd_0_hls_inst_0_mobilenet_v1_pw2 |       3503 |       2579 |       0 |  924 |  6443 |      0 |      0 |          0 |
|         grp_pw3_fu_2342                                                  |                                                     bd_0_hls_inst_0_mobilenet_v1_pw3 |       5779 |       3960 |       0 | 1819 | 10880 |     44 |      3 |          0 |
|           (grp_pw3_fu_2342)                                              |                                                     bd_0_hls_inst_0_mobilenet_v1_pw3 |       5700 |       3881 |       0 | 1819 | 10878 |      0 |      0 |          0 |
|         ifmap_dw3_5_U                                                    |                             bd_0_hls_inst_0_mobilenet_v1_ifmap_dw3_RAM_AUTO_1R1W_175 |         83 |         83 |       0 |    0 |     0 |      0 |      1 |          0 |
|         mul_64ns_66ns_129_5_1_U1335                                      |                                   bd_0_hls_inst_0_mobilenet_v1_mul_64ns_66ns_129_5_1 |         92 |         92 |       0 |    0 |    31 |      0 |      0 |         13 |
|         ofmap_conv0_5_U                                                  |                           bd_0_hls_inst_0_mobilenet_v1_ofmap_conv0_RAM_AUTO_1R1W_252 |         64 |         64 |       0 |    0 |     0 |      0 |      1 |          0 |
|         ofmap_dw0_U                                                      |                                 bd_0_hls_inst_0_mobilenet_v1_ofmap_dw0_RAM_AUTO_1R1W |         56 |         56 |       0 |    0 |     0 |      4 |      0 |          0 |
|         ofmap_dw1_2_U                                                    |                             bd_0_hls_inst_0_mobilenet_v1_ofmap_dw1_RAM_AUTO_1R1W_258 |         60 |         60 |       0 |    0 |     0 |      0 |      1 |          0 |
|         ofmap_gap_U                                                      |                             bd_0_hls_inst_0_mobilenet_v1_ofmap_dw1_RAM_AUTO_1R1W_270 |         57 |         57 |       0 |    0 |     0 |      0 |      1 |          0 |
|         ofmap_pw0_7_U                                                    |                           bd_0_hls_inst_0_mobilenet_v1_ofmap_conv0_RAM_AUTO_1R1W_283 |         51 |         51 |       0 |    0 |     0 |      0 |      1 |          0 |
|         ofmap_pw0_8_U                                                    |                           bd_0_hls_inst_0_mobilenet_v1_ofmap_conv0_RAM_AUTO_1R1W_284 |         64 |         64 |       0 |    0 |     0 |      0 |      1 |          0 |
+--------------------------------------------------------------------------+--------------------------------------------------------------------------------------+------------+------------+---------+------+-------+--------+--------+------------+
* Note: The sum of lower-level cells may be larger than their parent cells total, due to cross-hierarchy LUT combining


