Copyright 1986-2022 Xilinx, Inc. All Rights Reserved. Copyright 2022-2025 Advanced Micro Devices, Inc. All Rights Reserved.
---------------------------------------------------------------------------------------------------------------------------------------------
| Tool Version : Vivado v.2025.2 (lin64) Build 6299465 Fri Nov 14 12:34:56 MST 2025
| Date         : Sat Jun 27 11:01:42 2026
| Host         : NhanEnten running 64-bit Ubuntu 24.04.4 LTS
| Command      : report_timing_summary -file ./report/mobilenet_v1_timing_routed.rpt
| Design       : bd_0_wrapper
| Device       : 7z045-ffg900
| Speed File   : -2  PRODUCTION 1.12 2019-11-22
| Design State : Routed
---------------------------------------------------------------------------------------------------------------------------------------------

Timing Summary Report

------------------------------------------------------------------------------------------------
| Timer Settings
| --------------
------------------------------------------------------------------------------------------------

  Enable Multi Corner Analysis               :  Yes
  Enable Pessimism Removal                   :  Yes
  Pessimism Removal Resolution               :  Nearest Common Node
  Enable Input Delay Default Clock           :  No
  Enable Preset / Clear Arcs                 :  No
  Disable Flight Delays                      :  No
  Ignore I/O Paths                           :  No
  Timing Early Launch at Borrowing Latches   :  No
  Borrow Time for Max Delay Exceptions       :  Yes
  Merge Timing Exceptions                    :  Yes
  Inter-SLR Compensation                     :  Conservative

  Corner  Analyze    Analyze    
  Name    Max Paths  Min Paths  
  ------  ---------  ---------  
  Slow    Yes        Yes        
  Fast    Yes        Yes        


------------------------------------------------------------------------------------------------
| Report Methodology
| ------------------
------------------------------------------------------------------------------------------------

Rule       Severity  Description                    Violations  
---------  --------  -----------------------------  ----------  
TIMING-18  Warning   Missing input or output delay  316         

Note: This report is based on the most recent report_methodology run and may not be up-to-date. Run report_methodology on the current design for the latest report.



check_timing report

Table of Contents
-----------------
1. checking no_clock (0)
2. checking constant_clock (0)
3. checking pulse_width_clock (0)
4. checking unconstrained_internal_endpoints (0)
5. checking no_input_delay (90)
6. checking no_output_delay (212)
7. checking multiple_clock (0)
8. checking generated_clocks (0)
9. checking loops (0)
10. checking partial_input_delay (0)
11. checking partial_output_delay (0)
12. checking latch_loops (0)

1. checking no_clock (0)
------------------------
 There are 0 register/latch pins with no clock.


2. checking constant_clock (0)
------------------------------
 There are 0 register/latch pins with constant_clock.


3. checking pulse_width_clock (0)
---------------------------------
 There are 0 register/latch pins which need pulse_width check


4. checking unconstrained_internal_endpoints (0)
------------------------------------------------
 There are 0 pins that are not constrained for maximum delay.

 There are 0 pins that are not constrained for maximum delay due to constant clock.


5. checking no_input_delay (90)
-------------------------------
 There are 90 input ports with no input delay specified. (HIGH)

 There are 0 input ports with no input delay but user has a false path constraint.


6. checking no_output_delay (212)
---------------------------------
 There are 212 ports with no output delay specified. (HIGH)

 There are 0 ports with no output delay but user has a false path constraint

 There are 0 ports with no output delay but with a timing clock defined on it or propagating through it


7. checking multiple_clock (0)
------------------------------
 There are 0 register/latch pins with multiple clocks.


8. checking generated_clocks (0)
--------------------------------
 There are 0 generated clocks that are not connected to a clock source.


9. checking loops (0)
---------------------
 There are 0 combinational loops in the design.


10. checking partial_input_delay (0)
------------------------------------
 There are 0 input ports with partial input delay specified.


11. checking partial_output_delay (0)
-------------------------------------
 There are 0 ports with partial output delay specified.


12. checking latch_loops (0)
----------------------------
 There are 0 combinational latch loops in the design through latch input



------------------------------------------------------------------------------------------------
| Design Timing Summary
| ---------------------
------------------------------------------------------------------------------------------------

    WNS(ns)      TNS(ns)  TNS Failing Endpoints  TNS Total Endpoints      WHS(ns)      THS(ns)  THS Failing Endpoints  THS Total Endpoints     WPWS(ns)     TPWS(ns)  TPWS Failing Endpoints  TPWS Total Endpoints  
    -------      -------  ---------------------  -------------------      -------      -------  ---------------------  -------------------     --------     --------  ----------------------  --------------------  
      1.160        0.000                      0               130813        0.055        0.000                      0               130813        4.232        0.000                       0                 60627  


All user specified timing constraints are met.


------------------------------------------------------------------------------------------------
| Clock Summary
| -------------
------------------------------------------------------------------------------------------------

Clock   Waveform(ns)       Period(ns)      Frequency(MHz)
-----   ------------       ----------      --------------
ap_clk  {0.000 5.000}      10.000          100.000         


------------------------------------------------------------------------------------------------
| Intra Clock Table
| -----------------
------------------------------------------------------------------------------------------------

Clock             WNS(ns)      TNS(ns)  TNS Failing Endpoints  TNS Total Endpoints      WHS(ns)      THS(ns)  THS Failing Endpoints  THS Total Endpoints     WPWS(ns)     TPWS(ns)  TPWS Failing Endpoints  TPWS Total Endpoints  
-----             -------      -------  ---------------------  -------------------      -------      -------  ---------------------  -------------------     --------     --------  ----------------------  --------------------  
ap_clk              1.160        0.000                      0               130813        0.055        0.000                      0               130813        4.232        0.000                       0                 60627  


------------------------------------------------------------------------------------------------
| Inter Clock Table
| -----------------
------------------------------------------------------------------------------------------------

From Clock    To Clock          WNS(ns)      TNS(ns)  TNS Failing Endpoints  TNS Total Endpoints      WHS(ns)      THS(ns)  THS Failing Endpoints  THS Total Endpoints  
----------    --------          -------      -------  ---------------------  -------------------      -------      -------  ---------------------  -------------------  


------------------------------------------------------------------------------------------------
| Other Path Groups Table
| -----------------------
------------------------------------------------------------------------------------------------

Path Group    From Clock    To Clock          WNS(ns)      TNS(ns)  TNS Failing Endpoints  TNS Total Endpoints      WHS(ns)      THS(ns)  THS Failing Endpoints  THS Total Endpoints  
----------    ----------    --------          -------      -------  ---------------------  -------------------      -------      -------  ---------------------  -------------------  


------------------------------------------------------------------------------------------------
| Timing Details
| --------------
------------------------------------------------------------------------------------------------


---------------------------------------------------------------------------------------------------
From Clock:  ap_clk
  To Clock:  ap_clk

Setup :            0  Failing Endpoints,  Worst Slack        1.160ns,  Total Violation        0.000ns
Hold  :            0  Failing Endpoints,  Worst Slack        0.055ns,  Total Violation        0.000ns
PW    :            0  Failing Endpoints,  Worst Slack        4.232ns,  Total Violation        0.000ns
---------------------------------------------------------------------------------------------------


Max Delay Paths
--------------------------------------------------------------------------------------
Slack (MET) :             1.160ns  (required time - arrival time)
  Source:                 bd_0_i/hls_inst/inst/grp_conv0_fu_1568/acc_327_reg_7167_reg[30]/C
                            (rising edge-triggered cell FDRE clocked by ap_clk  {rise@0.000ns fall@5.000ns period=10.000ns})
  Destination:            bd_0_i/hls_inst/inst/ofmap_conv0_27_U/ram_reg/DIBDI[12]
                            (rising edge-triggered cell RAMB18E1 clocked by ap_clk  {rise@0.000ns fall@5.000ns period=10.000ns})
  Path Group:             ap_clk
  Path Type:              Setup (Max at Slow Process Corner)
  Requirement:            10.000ns  (ap_clk rise@10.000ns - ap_clk rise@0.000ns)
  Data Path Delay:        8.596ns  (logic 0.223ns (2.594%)  route 8.373ns (97.406%))
  Logic Levels:           0  
  Clock Path Skew:        -0.027ns (DCD - SCD + CPR)
    Destination Clock Delay (DCD):    0.510ns = ( 10.510 - 10.000 ) 
    Source Clock Delay      (SCD):    0.537ns
    Clock Pessimism Removal (CPR):    0.000ns
  Clock Uncertainty:      0.035ns  ((TSJ^2 + TIJ^2)^1/2 + DJ) / 2 + PE
    Total System Jitter     (TSJ):    0.071ns
    Total Input Jitter      (TIJ):    0.000ns
    Discrete Jitter          (DJ):    0.000ns
    Phase Error              (PE):    0.000ns

    Location             Delay type                Incr(ns)  Path(ns)    Netlist Resource(s)
  -------------------------------------------------------------------    -------------------
                         (clock ap_clk rise edge)     0.000     0.000 r  
                                                      0.000     0.000 r  ap_clk (IN)
                         net (fo=60723, unset)        0.537     0.537    bd_0_i/hls_inst/inst/grp_conv0_fu_1568/ap_clk
    SLICE_X103Y34        FDRE                                         r  bd_0_i/hls_inst/inst/grp_conv0_fu_1568/acc_327_reg_7167_reg[30]/C
  -------------------------------------------------------------------    -------------------
    SLICE_X103Y34        FDRE (Prop_fdre_C_Q)         0.223     0.760 r  bd_0_i/hls_inst/inst/grp_conv0_fu_1568/acc_327_reg_7167_reg[30]/Q
                         net (fo=32, routed)          8.373     9.133    bd_0_i/hls_inst/inst/ofmap_conv0_27_U/ram_reg_0[30]
    RAMB18_X3Y44         RAMB18E1                                     r  bd_0_i/hls_inst/inst/ofmap_conv0_27_U/ram_reg/DIBDI[12]
  -------------------------------------------------------------------    -------------------

                         (clock ap_clk rise edge)    10.000    10.000 r  
                                                      0.000    10.000 r  ap_clk (IN)
                         net (fo=60723, unset)        0.510    10.510    bd_0_i/hls_inst/inst/ofmap_conv0_27_U/ap_clk
    RAMB18_X3Y44         RAMB18E1                                     r  bd_0_i/hls_inst/inst/ofmap_conv0_27_U/ram_reg/CLKBWRCLK
                         clock pessimism              0.000    10.510    
                         clock uncertainty           -0.035    10.475    
    RAMB18_X3Y44         RAMB18E1 (Setup_ramb18e1_CLKBWRCLK_DIBDI[12])
                                                     -0.182    10.293    bd_0_i/hls_inst/inst/ofmap_conv0_27_U/ram_reg
  -------------------------------------------------------------------
                         required time                         10.293    
                         arrival time                          -9.133    
  -------------------------------------------------------------------
                         slack                                  1.160    





Min Delay Paths
--------------------------------------------------------------------------------------
Slack (MET) :             0.055ns  (arrival time - required time)
  Source:                 bd_0_i/hls_inst/inst/grp_conv0_fu_1568/mul42_1_reg_6920_reg[9]/C
                            (rising edge-triggered cell FDRE clocked by ap_clk  {rise@0.000ns fall@5.000ns period=10.000ns})
  Destination:            bd_0_i/hls_inst/inst/grp_conv0_fu_1568/mul42_1_reg_6920_pp0_iter30_reg_reg[9]_srl21/D
                            (rising edge-triggered cell SRLC32E clocked by ap_clk  {rise@0.000ns fall@5.000ns period=10.000ns})
  Path Group:             ap_clk
  Path Type:              Hold (Min at Fast Process Corner)
  Requirement:            0.000ns  (ap_clk rise@0.000ns - ap_clk rise@0.000ns)
  Data Path Delay:        0.187ns  (logic 0.091ns (48.725%)  route 0.096ns (51.275%))
  Logic Levels:           0  
  Clock Path Skew:        0.014ns (DCD - SCD - CPR)
    Destination Clock Delay (DCD):    0.280ns
    Source Clock Delay      (SCD):    0.266ns
    Clock Pessimism Removal (CPR):    -0.000ns

    Location             Delay type                Incr(ns)  Path(ns)    Netlist Resource(s)
  -------------------------------------------------------------------    -------------------
                         (clock ap_clk rise edge)     0.000     0.000 r  
                                                      0.000     0.000 r  ap_clk (IN)
                         net (fo=60723, unset)        0.266     0.266    bd_0_i/hls_inst/inst/grp_conv0_fu_1568/ap_clk
    SLICE_X81Y53         FDRE                                         r  bd_0_i/hls_inst/inst/grp_conv0_fu_1568/mul42_1_reg_6920_reg[9]/C
  -------------------------------------------------------------------    -------------------
    SLICE_X81Y53         FDRE (Prop_fdre_C_Q)         0.091     0.357 r  bd_0_i/hls_inst/inst/grp_conv0_fu_1568/mul42_1_reg_6920_reg[9]/Q
                         net (fo=1, routed)           0.096     0.453    bd_0_i/hls_inst/inst/grp_conv0_fu_1568/mul42_1_reg_6920[9]
    SLICE_X82Y54         SRLC32E                                      r  bd_0_i/hls_inst/inst/grp_conv0_fu_1568/mul42_1_reg_6920_pp0_iter30_reg_reg[9]_srl21/D
  -------------------------------------------------------------------    -------------------

                         (clock ap_clk rise edge)     0.000     0.000 r  
                                                      0.000     0.000 r  ap_clk (IN)
                         net (fo=60723, unset)        0.280     0.280    bd_0_i/hls_inst/inst/grp_conv0_fu_1568/ap_clk
    SLICE_X82Y54         SRLC32E                                      r  bd_0_i/hls_inst/inst/grp_conv0_fu_1568/mul42_1_reg_6920_pp0_iter30_reg_reg[9]_srl21/CLK
                         clock pessimism              0.000     0.280    
    SLICE_X82Y54         SRLC32E (Hold_srlc32e_CLK_D)
                                                      0.118     0.398    bd_0_i/hls_inst/inst/grp_conv0_fu_1568/mul42_1_reg_6920_pp0_iter30_reg_reg[9]_srl21
  -------------------------------------------------------------------
                         required time                         -0.398    
                         arrival time                           0.453    
  -------------------------------------------------------------------
                         slack                                  0.055    





Pulse Width Checks
--------------------------------------------------------------------------------------
Clock Name:         ap_clk
Waveform(ns):       { 0.000 5.000 }
Period(ns):         10.000
Sources:            { ap_clk }

Check Type        Corner  Lib Pin      Reference Pin  Required(ns)  Actual(ns)  Slack(ns)  Location       Pin
Min Period        n/a     DSP48E1/CLK  n/a            2.772         10.000      7.228      DSP48_X6Y10    bd_0_i/hls_inst/inst/grp_conv0_fu_1568/mul_64ns_66ns_129_5_1_U58/buff0_reg__0/CLK
Low Pulse Width   Slow    RAMS32/CLK   n/a            0.768         5.000       4.232      SLICE_X102Y93  bd_0_i/hls_inst/inst/out_buf_U/ram_reg_0_15_0_0/SP/CLK
High Pulse Width  Slow    RAMS32/CLK   n/a            0.768         5.000       4.232      SLICE_X102Y93  bd_0_i/hls_inst/inst/out_buf_U/ram_reg_0_15_0_0/SP/CLK



