Copyright 1986-2022 Xilinx, Inc. All Rights Reserved. Copyright 2022-2025 Advanced Micro Devices, Inc. All Rights Reserved.
---------------------------------------------------------------------------------------------------------------------------------------------
| Tool Version : Vivado v.2025.2 (lin64) Build 6299465 Fri Nov 14 12:34:56 MST 2025
| Date         : Sat Jun 27 10:53:17 2026
| Host         : NhanEnten running 64-bit Ubuntu 24.04.4 LTS
| Command      : report_utilization -hierarchical -hierarchical_depth 7 -file ./report/mobilenet_v1_utilization_hierarchical_synth.rpt
| Design       : bd_0_wrapper
| Device       : xc7z045ffg900-2
| Speed File   : -2
| Design State : Synthesized
---------------------------------------------------------------------------------------------------------------------------------------------

Utilization Design Information

Table of Contents
-----------------
1. Utilization by Hierarchy

1. Utilization by Hierarchy
---------------------------

+--------------------------------------------------------------------------+--------------------------------------------------------------------------------------+------------+------------+---------+------+-------+--------+--------+------------+
|                                 Instance                                 |                                        Module                                        | Total LUTs | Logic LUTs | LUTRAMs | SRLs |  FFs  | RAMB36 | RAMB18 | DSP Blocks |
+--------------------------------------------------------------------------+--------------------------------------------------------------------------------------+------------+------------+---------+------+-------+--------+--------+------------+
| bd_0_wrapper                                                             |                                                                                (top) |      51834 |      42075 |      32 | 9727 | 50131 |     94 |    358 |        194 |
|   bd_0_i                                                                 |                                                                                 bd_0 |      51834 |      42075 |      32 | 9727 | 50131 |     94 |    358 |        194 |
|     hls_inst                                                             |                                                                      bd_0_hls_inst_0 |      51834 |      42075 |      32 | 9727 | 50131 |     94 |    358 |        194 |
|       inst                                                               |                                                         bd_0_hls_inst_0_mobilenet_v1 |      51834 |      42075 |      32 | 9727 | 50131 |     94 |    358 |        194 |
|         (inst)                                                           |                                                         bd_0_hls_inst_0_mobilenet_v1 |          3 |          2 |       0 |    1 |   354 |      0 |      0 |          0 |
|         CTRL_BUS_s_axi_U                                                 |                                          bd_0_hls_inst_0_mobilenet_v1_CTRL_BUS_s_axi |        170 |        170 |       0 |    0 |   181 |      0 |      0 |          0 |
|         fadd_32ns_32ns_32_5_full_dsp_1_U1307                             |               bd_0_hls_inst_0_mobilenet_v1_fadd_32ns_32ns_32_5_full_dsp_1__xdcDup__1 |        253 |        253 |       0 |    0 |   208 |      0 |      0 |          2 |
|           (fadd_32ns_32ns_32_5_full_dsp_1_U1307)                         |               bd_0_hls_inst_0_mobilenet_v1_fadd_32ns_32ns_32_5_full_dsp_1__xdcDup__1 |         28 |         28 |       0 |    0 |    97 |      0 |      0 |          0 |
|           mobilenet_v1_fadd_32ns_32ns_32_5_full_dsp_1_ip_u               |                   bd_0_hls_inst_0_mobilenet_v1_fadd_32ns_32ns_32_5_full_dsp_1_ip__50 |        225 |        225 |       0 |    0 |   111 |      0 |      0 |          2 |
|             U0                                                           |                                           bd_0_hls_inst_0_floating_point_v7_1_21__50 |        225 |        225 |       0 |    0 |   111 |      0 |      0 |          2 |
|               i_synth                                                    |                                       bd_0_hls_inst_0_floating_point_v7_1_21_viv__50 |        225 |        225 |       0 |    0 |   111 |      0 |      0 |          2 |
|         fadd_32ns_32ns_32_5_full_dsp_1_U1308                             |               bd_0_hls_inst_0_mobilenet_v1_fadd_32ns_32ns_32_5_full_dsp_1__xdcDup__2 |        230 |        230 |       0 |    0 |   175 |      0 |      0 |          2 |
|           (fadd_32ns_32ns_32_5_full_dsp_1_U1308)                         |               bd_0_hls_inst_0_mobilenet_v1_fadd_32ns_32ns_32_5_full_dsp_1__xdcDup__2 |          5 |          5 |       0 |    0 |    64 |      0 |      0 |          0 |
|           mobilenet_v1_fadd_32ns_32ns_32_5_full_dsp_1_ip_u               |                   bd_0_hls_inst_0_mobilenet_v1_fadd_32ns_32ns_32_5_full_dsp_1_ip__51 |        225 |        225 |       0 |    0 |   111 |      0 |      0 |          2 |
|             U0                                                           |                                           bd_0_hls_inst_0_floating_point_v7_1_21__51 |        225 |        225 |       0 |    0 |   111 |      0 |      0 |          2 |
|               i_synth                                                    |                                       bd_0_hls_inst_0_floating_point_v7_1_21_viv__51 |        225 |        225 |       0 |    0 |   111 |      0 |      0 |          2 |
|         fadd_32ns_32ns_32_5_full_dsp_1_U1309                             |               bd_0_hls_inst_0_mobilenet_v1_fadd_32ns_32ns_32_5_full_dsp_1__xdcDup__3 |        389 |        389 |       0 |    0 |   207 |      0 |      0 |          2 |
|           (fadd_32ns_32ns_32_5_full_dsp_1_U1309)                         |               bd_0_hls_inst_0_mobilenet_v1_fadd_32ns_32ns_32_5_full_dsp_1__xdcDup__3 |        164 |        164 |       0 |    0 |    96 |      0 |      0 |          0 |
|           mobilenet_v1_fadd_32ns_32ns_32_5_full_dsp_1_ip_u               |                   bd_0_hls_inst_0_mobilenet_v1_fadd_32ns_32ns_32_5_full_dsp_1_ip__52 |        225 |        225 |       0 |    0 |   111 |      0 |      0 |          2 |
|             U0                                                           |                                           bd_0_hls_inst_0_floating_point_v7_1_21__52 |        225 |        225 |       0 |    0 |   111 |      0 |      0 |          2 |
|               i_synth                                                    |                                       bd_0_hls_inst_0_floating_point_v7_1_21_viv__52 |        225 |        225 |       0 |    0 |   111 |      0 |      0 |          2 |
|         fadd_32ns_32ns_32_5_full_dsp_1_U1310                             |               bd_0_hls_inst_0_mobilenet_v1_fadd_32ns_32ns_32_5_full_dsp_1__xdcDup__4 |        358 |        358 |       0 |    0 |   208 |      0 |      0 |          2 |
|           (fadd_32ns_32ns_32_5_full_dsp_1_U1310)                         |               bd_0_hls_inst_0_mobilenet_v1_fadd_32ns_32ns_32_5_full_dsp_1__xdcDup__4 |        133 |        133 |       0 |    0 |    97 |      0 |      0 |          0 |
|           mobilenet_v1_fadd_32ns_32ns_32_5_full_dsp_1_ip_u               |                   bd_0_hls_inst_0_mobilenet_v1_fadd_32ns_32ns_32_5_full_dsp_1_ip__53 |        225 |        225 |       0 |    0 |   111 |      0 |      0 |          2 |
|             U0                                                           |                                           bd_0_hls_inst_0_floating_point_v7_1_21__53 |        225 |        225 |       0 |    0 |   111 |      0 |      0 |          2 |
|               i_synth                                                    |                                       bd_0_hls_inst_0_floating_point_v7_1_21_viv__53 |        225 |        225 |       0 |    0 |   111 |      0 |      0 |          2 |
|         fadd_32ns_32ns_32_5_full_dsp_1_U1311                             |               bd_0_hls_inst_0_mobilenet_v1_fadd_32ns_32ns_32_5_full_dsp_1__xdcDup__5 |        243 |        243 |       0 |    0 |   207 |      0 |      0 |          2 |
|           (fadd_32ns_32ns_32_5_full_dsp_1_U1311)                         |               bd_0_hls_inst_0_mobilenet_v1_fadd_32ns_32ns_32_5_full_dsp_1__xdcDup__5 |         18 |         18 |       0 |    0 |    96 |      0 |      0 |          0 |
|           mobilenet_v1_fadd_32ns_32ns_32_5_full_dsp_1_ip_u               |                   bd_0_hls_inst_0_mobilenet_v1_fadd_32ns_32ns_32_5_full_dsp_1_ip__54 |        225 |        225 |       0 |    0 |   111 |      0 |      0 |          2 |
|             U0                                                           |                                           bd_0_hls_inst_0_floating_point_v7_1_21__54 |        225 |        225 |       0 |    0 |   111 |      0 |      0 |          2 |
|               i_synth                                                    |                                       bd_0_hls_inst_0_floating_point_v7_1_21_viv__54 |        225 |        225 |       0 |    0 |   111 |      0 |      0 |          2 |
|         fadd_32ns_32ns_32_5_full_dsp_1_U1312                             |               bd_0_hls_inst_0_mobilenet_v1_fadd_32ns_32ns_32_5_full_dsp_1__xdcDup__6 |        260 |        260 |       0 |    0 |   207 |      0 |      0 |          2 |
|           (fadd_32ns_32ns_32_5_full_dsp_1_U1312)                         |               bd_0_hls_inst_0_mobilenet_v1_fadd_32ns_32ns_32_5_full_dsp_1__xdcDup__6 |         35 |         35 |       0 |    0 |    96 |      0 |      0 |          0 |
|           mobilenet_v1_fadd_32ns_32ns_32_5_full_dsp_1_ip_u               |                   bd_0_hls_inst_0_mobilenet_v1_fadd_32ns_32ns_32_5_full_dsp_1_ip__55 |        225 |        225 |       0 |    0 |   111 |      0 |      0 |          2 |
|             U0                                                           |                                           bd_0_hls_inst_0_floating_point_v7_1_21__55 |        225 |        225 |       0 |    0 |   111 |      0 |      0 |          2 |
|               i_synth                                                    |                                       bd_0_hls_inst_0_floating_point_v7_1_21_viv__55 |        225 |        225 |       0 |    0 |   111 |      0 |      0 |          2 |
|         fadd_32ns_32ns_32_5_full_dsp_1_U1313                             |               bd_0_hls_inst_0_mobilenet_v1_fadd_32ns_32ns_32_5_full_dsp_1__xdcDup__7 |        326 |        326 |       0 |    0 |   208 |      0 |      0 |          2 |
|           (fadd_32ns_32ns_32_5_full_dsp_1_U1313)                         |               bd_0_hls_inst_0_mobilenet_v1_fadd_32ns_32ns_32_5_full_dsp_1__xdcDup__7 |        101 |        101 |       0 |    0 |    97 |      0 |      0 |          0 |
|           mobilenet_v1_fadd_32ns_32ns_32_5_full_dsp_1_ip_u               |                   bd_0_hls_inst_0_mobilenet_v1_fadd_32ns_32ns_32_5_full_dsp_1_ip__56 |        225 |        225 |       0 |    0 |   111 |      0 |      0 |          2 |
|             U0                                                           |                                           bd_0_hls_inst_0_floating_point_v7_1_21__56 |        225 |        225 |       0 |    0 |   111 |      0 |      0 |          2 |
|               i_synth                                                    |                                       bd_0_hls_inst_0_floating_point_v7_1_21_viv__56 |        225 |        225 |       0 |    0 |   111 |      0 |      0 |          2 |
|         fadd_32ns_32ns_32_5_full_dsp_1_U1314                             |               bd_0_hls_inst_0_mobilenet_v1_fadd_32ns_32ns_32_5_full_dsp_1__xdcDup__8 |        244 |        244 |       0 |    0 |   207 |      0 |      0 |          2 |
|           (fadd_32ns_32ns_32_5_full_dsp_1_U1314)                         |               bd_0_hls_inst_0_mobilenet_v1_fadd_32ns_32ns_32_5_full_dsp_1__xdcDup__8 |         19 |         19 |       0 |    0 |    96 |      0 |      0 |          0 |
|           mobilenet_v1_fadd_32ns_32ns_32_5_full_dsp_1_ip_u               |                   bd_0_hls_inst_0_mobilenet_v1_fadd_32ns_32ns_32_5_full_dsp_1_ip__49 |        225 |        225 |       0 |    0 |   111 |      0 |      0 |          2 |
|             U0                                                           |                                           bd_0_hls_inst_0_floating_point_v7_1_21__49 |        225 |        225 |       0 |    0 |   111 |      0 |      0 |          2 |
|               i_synth                                                    |                                       bd_0_hls_inst_0_floating_point_v7_1_21_viv__49 |        225 |        225 |       0 |    0 |   111 |      0 |      0 |          2 |
|         fadd_32ns_32ns_32_5_full_dsp_1_U1315                             |               bd_0_hls_inst_0_mobilenet_v1_fadd_32ns_32ns_32_5_full_dsp_1__xdcDup__9 |        229 |        229 |       0 |    0 |   175 |      0 |      0 |          2 |
|           (fadd_32ns_32ns_32_5_full_dsp_1_U1315)                         |               bd_0_hls_inst_0_mobilenet_v1_fadd_32ns_32ns_32_5_full_dsp_1__xdcDup__9 |          4 |          4 |       0 |    0 |    64 |      0 |      0 |          0 |
|           mobilenet_v1_fadd_32ns_32ns_32_5_full_dsp_1_ip_u               |                   bd_0_hls_inst_0_mobilenet_v1_fadd_32ns_32ns_32_5_full_dsp_1_ip__48 |        225 |        225 |       0 |    0 |   111 |      0 |      0 |          2 |
|             U0                                                           |                                           bd_0_hls_inst_0_floating_point_v7_1_21__48 |        225 |        225 |       0 |    0 |   111 |      0 |      0 |          2 |
|               i_synth                                                    |                                       bd_0_hls_inst_0_floating_point_v7_1_21_viv__48 |        225 |        225 |       0 |    0 |   111 |      0 |      0 |          2 |
|         fadd_32ns_32ns_32_5_full_dsp_1_U1316                             |              bd_0_hls_inst_0_mobilenet_v1_fadd_32ns_32ns_32_5_full_dsp_1__xdcDup__10 |        225 |        225 |       0 |    0 |   175 |      0 |      0 |          2 |
|           (fadd_32ns_32ns_32_5_full_dsp_1_U1316)                         |              bd_0_hls_inst_0_mobilenet_v1_fadd_32ns_32ns_32_5_full_dsp_1__xdcDup__10 |          0 |          0 |       0 |    0 |    64 |      0 |      0 |          0 |
|           mobilenet_v1_fadd_32ns_32ns_32_5_full_dsp_1_ip_u               |                       bd_0_hls_inst_0_mobilenet_v1_fadd_32ns_32ns_32_5_full_dsp_1_ip |        225 |        225 |       0 |    0 |   111 |      0 |      0 |          2 |
|             U0                                                           |                                               bd_0_hls_inst_0_floating_point_v7_1_21 |        225 |        225 |       0 |    0 |   111 |      0 |      0 |          2 |
|               i_synth                                                    |                                           bd_0_hls_inst_0_floating_point_v7_1_21_viv |        225 |        225 |       0 |    0 |   111 |      0 |      0 |          2 |
|         fadd_32ns_32ns_32_5_full_dsp_1_U1317                             |              bd_0_hls_inst_0_mobilenet_v1_fadd_32ns_32ns_32_5_full_dsp_1__xdcDup__11 |        225 |        225 |       0 |    0 |   175 |      0 |      0 |          2 |
|           (fadd_32ns_32ns_32_5_full_dsp_1_U1317)                         |              bd_0_hls_inst_0_mobilenet_v1_fadd_32ns_32ns_32_5_full_dsp_1__xdcDup__11 |          0 |          0 |       0 |    0 |    64 |      0 |      0 |          0 |
|           mobilenet_v1_fadd_32ns_32ns_32_5_full_dsp_1_ip_u               |                   bd_0_hls_inst_0_mobilenet_v1_fadd_32ns_32ns_32_5_full_dsp_1_ip__62 |        225 |        225 |       0 |    0 |   111 |      0 |      0 |          2 |
|             U0                                                           |                                           bd_0_hls_inst_0_floating_point_v7_1_21__62 |        225 |        225 |       0 |    0 |   111 |      0 |      0 |          2 |
|               i_synth                                                    |                                       bd_0_hls_inst_0_floating_point_v7_1_21_viv__62 |        225 |        225 |       0 |    0 |   111 |      0 |      0 |          2 |
|         fadd_32ns_32ns_32_5_full_dsp_1_U1318                             |              bd_0_hls_inst_0_mobilenet_v1_fadd_32ns_32ns_32_5_full_dsp_1__xdcDup__12 |        225 |        225 |       0 |    0 |   175 |      0 |      0 |          2 |
|           (fadd_32ns_32ns_32_5_full_dsp_1_U1318)                         |              bd_0_hls_inst_0_mobilenet_v1_fadd_32ns_32ns_32_5_full_dsp_1__xdcDup__12 |          0 |          0 |       0 |    0 |    64 |      0 |      0 |          0 |
|           mobilenet_v1_fadd_32ns_32ns_32_5_full_dsp_1_ip_u               |                   bd_0_hls_inst_0_mobilenet_v1_fadd_32ns_32ns_32_5_full_dsp_1_ip__61 |        225 |        225 |       0 |    0 |   111 |      0 |      0 |          2 |
|             U0                                                           |                                           bd_0_hls_inst_0_floating_point_v7_1_21__61 |        225 |        225 |       0 |    0 |   111 |      0 |      0 |          2 |
|               i_synth                                                    |                                       bd_0_hls_inst_0_floating_point_v7_1_21_viv__61 |        225 |        225 |       0 |    0 |   111 |      0 |      0 |          2 |
|         fadd_32ns_32ns_32_5_full_dsp_1_U1319                             |              bd_0_hls_inst_0_mobilenet_v1_fadd_32ns_32ns_32_5_full_dsp_1__xdcDup__13 |        225 |        225 |       0 |    0 |   175 |      0 |      0 |          2 |
|           (fadd_32ns_32ns_32_5_full_dsp_1_U1319)                         |              bd_0_hls_inst_0_mobilenet_v1_fadd_32ns_32ns_32_5_full_dsp_1__xdcDup__13 |          0 |          0 |       0 |    0 |    64 |      0 |      0 |          0 |
|           mobilenet_v1_fadd_32ns_32ns_32_5_full_dsp_1_ip_u               |                   bd_0_hls_inst_0_mobilenet_v1_fadd_32ns_32ns_32_5_full_dsp_1_ip__60 |        225 |        225 |       0 |    0 |   111 |      0 |      0 |          2 |
|             U0                                                           |                                           bd_0_hls_inst_0_floating_point_v7_1_21__60 |        225 |        225 |       0 |    0 |   111 |      0 |      0 |          2 |
|               i_synth                                                    |                                       bd_0_hls_inst_0_floating_point_v7_1_21_viv__60 |        225 |        225 |       0 |    0 |   111 |      0 |      0 |          2 |
|         fadd_32ns_32ns_32_5_full_dsp_1_U1320                             |              bd_0_hls_inst_0_mobilenet_v1_fadd_32ns_32ns_32_5_full_dsp_1__xdcDup__14 |        225 |        225 |       0 |    0 |   175 |      0 |      0 |          2 |
|           (fadd_32ns_32ns_32_5_full_dsp_1_U1320)                         |              bd_0_hls_inst_0_mobilenet_v1_fadd_32ns_32ns_32_5_full_dsp_1__xdcDup__14 |          0 |          0 |       0 |    0 |    64 |      0 |      0 |          0 |
|           mobilenet_v1_fadd_32ns_32ns_32_5_full_dsp_1_ip_u               |                   bd_0_hls_inst_0_mobilenet_v1_fadd_32ns_32ns_32_5_full_dsp_1_ip__59 |        225 |        225 |       0 |    0 |   111 |      0 |      0 |          2 |
|             U0                                                           |                                           bd_0_hls_inst_0_floating_point_v7_1_21__59 |        225 |        225 |       0 |    0 |   111 |      0 |      0 |          2 |
|               i_synth                                                    |                                       bd_0_hls_inst_0_floating_point_v7_1_21_viv__59 |        225 |        225 |       0 |    0 |   111 |      0 |      0 |          2 |
|         fadd_32ns_32ns_32_5_full_dsp_1_U1336                             |              bd_0_hls_inst_0_mobilenet_v1_fadd_32ns_32ns_32_5_full_dsp_1__xdcDup__15 |        223 |        223 |       0 |    0 |   168 |      0 |      0 |          2 |
|           (fadd_32ns_32ns_32_5_full_dsp_1_U1336)                         |              bd_0_hls_inst_0_mobilenet_v1_fadd_32ns_32ns_32_5_full_dsp_1__xdcDup__15 |          0 |          0 |       0 |    0 |    60 |      0 |      0 |          0 |
|           mobilenet_v1_fadd_32ns_32ns_32_5_full_dsp_1_ip_u               |                   bd_0_hls_inst_0_mobilenet_v1_fadd_32ns_32ns_32_5_full_dsp_1_ip__58 |        223 |        223 |       0 |    0 |   108 |      0 |      0 |          2 |
|             U0                                                           |                                           bd_0_hls_inst_0_floating_point_v7_1_21__58 |        223 |        223 |       0 |    0 |   108 |      0 |      0 |          2 |
|               i_synth                                                    |                                       bd_0_hls_inst_0_floating_point_v7_1_21_viv__58 |        223 |        223 |       0 |    0 |   108 |      0 |      0 |          2 |
|         fadd_32ns_32ns_32_5_full_dsp_1_U1337                             |              bd_0_hls_inst_0_mobilenet_v1_fadd_32ns_32ns_32_5_full_dsp_1__xdcDup__16 |        223 |        223 |       0 |    0 |   169 |      0 |      0 |          2 |
|           (fadd_32ns_32ns_32_5_full_dsp_1_U1337)                         |              bd_0_hls_inst_0_mobilenet_v1_fadd_32ns_32ns_32_5_full_dsp_1__xdcDup__16 |          0 |          0 |       0 |    0 |    61 |      0 |      0 |          0 |
|           mobilenet_v1_fadd_32ns_32ns_32_5_full_dsp_1_ip_u               |                   bd_0_hls_inst_0_mobilenet_v1_fadd_32ns_32ns_32_5_full_dsp_1_ip__57 |        223 |        223 |       0 |    0 |   108 |      0 |      0 |          2 |
|             U0                                                           |                                           bd_0_hls_inst_0_floating_point_v7_1_21__57 |        223 |        223 |       0 |    0 |   108 |      0 |      0 |          2 |
|               i_synth                                                    |                                       bd_0_hls_inst_0_floating_point_v7_1_21_viv__57 |        223 |        223 |       0 |    0 |   108 |      0 |      0 |          2 |
|         fmul_32ns_32ns_32_4_max_dsp_1_U1321                              |                bd_0_hls_inst_0_mobilenet_v1_fmul_32ns_32ns_32_4_max_dsp_1__xdcDup__1 |         96 |         96 |       0 |    0 |   145 |      0 |      0 |          3 |
|           (fmul_32ns_32ns_32_4_max_dsp_1_U1321)                          |                bd_0_hls_inst_0_mobilenet_v1_fmul_32ns_32ns_32_4_max_dsp_1__xdcDup__1 |         22 |         22 |       0 |    0 |    96 |      0 |      0 |          0 |
|           mobilenet_v1_fmul_32ns_32ns_32_4_max_dsp_1_ip_u                |                    bd_0_hls_inst_0_mobilenet_v1_fmul_32ns_32ns_32_4_max_dsp_1_ip__56 |         74 |         74 |       0 |    0 |    49 |      0 |      0 |          3 |
|             U0                                                           |                           bd_0_hls_inst_0_floating_point_v7_1_21__parameterized1__56 |         74 |         74 |       0 |    0 |    49 |      0 |      0 |          3 |
|               i_synth                                                    |                       bd_0_hls_inst_0_floating_point_v7_1_21_viv__parameterized1__56 |         74 |         74 |       0 |    0 |    49 |      0 |      0 |          3 |
|         fmul_32ns_32ns_32_4_max_dsp_1_U1322                              |                bd_0_hls_inst_0_mobilenet_v1_fmul_32ns_32ns_32_4_max_dsp_1__xdcDup__2 |        100 |        100 |       0 |    0 |   146 |      0 |      0 |          3 |
|           (fmul_32ns_32ns_32_4_max_dsp_1_U1322)                          |                bd_0_hls_inst_0_mobilenet_v1_fmul_32ns_32ns_32_4_max_dsp_1__xdcDup__2 |         26 |         26 |       0 |    0 |    97 |      0 |      0 |          0 |
|           mobilenet_v1_fmul_32ns_32ns_32_4_max_dsp_1_ip_u                |                    bd_0_hls_inst_0_mobilenet_v1_fmul_32ns_32ns_32_4_max_dsp_1_ip__57 |         74 |         74 |       0 |    0 |    49 |      0 |      0 |          3 |
|             U0                                                           |                           bd_0_hls_inst_0_floating_point_v7_1_21__parameterized1__57 |         74 |         74 |       0 |    0 |    49 |      0 |      0 |          3 |
|               i_synth                                                    |                       bd_0_hls_inst_0_floating_point_v7_1_21_viv__parameterized1__57 |         74 |         74 |       0 |    0 |    49 |      0 |      0 |          3 |
|         fmul_32ns_32ns_32_4_max_dsp_1_U1323                              |                bd_0_hls_inst_0_mobilenet_v1_fmul_32ns_32ns_32_4_max_dsp_1__xdcDup__3 |         78 |         78 |       0 |    0 |   113 |      0 |      0 |          3 |
|           (fmul_32ns_32ns_32_4_max_dsp_1_U1323)                          |                bd_0_hls_inst_0_mobilenet_v1_fmul_32ns_32ns_32_4_max_dsp_1__xdcDup__3 |          3 |          3 |       0 |    0 |    64 |      0 |      0 |          0 |
|           mobilenet_v1_fmul_32ns_32ns_32_4_max_dsp_1_ip_u                |                    bd_0_hls_inst_0_mobilenet_v1_fmul_32ns_32ns_32_4_max_dsp_1_ip__51 |         75 |         75 |       0 |    0 |    49 |      0 |      0 |          3 |
|             U0                                                           |                           bd_0_hls_inst_0_floating_point_v7_1_21__parameterized1__51 |         75 |         75 |       0 |    0 |    49 |      0 |      0 |          3 |
|               i_synth                                                    |                       bd_0_hls_inst_0_floating_point_v7_1_21_viv__parameterized1__51 |         75 |         75 |       0 |    0 |    49 |      0 |      0 |          3 |
|         fmul_32ns_32ns_32_4_max_dsp_1_U1324                              |                bd_0_hls_inst_0_mobilenet_v1_fmul_32ns_32ns_32_4_max_dsp_1__xdcDup__4 |         79 |         79 |       0 |    0 |   112 |      0 |      0 |          3 |
|           (fmul_32ns_32ns_32_4_max_dsp_1_U1324)                          |                bd_0_hls_inst_0_mobilenet_v1_fmul_32ns_32ns_32_4_max_dsp_1__xdcDup__4 |          5 |          5 |       0 |    0 |    63 |      0 |      0 |          0 |
|           mobilenet_v1_fmul_32ns_32ns_32_4_max_dsp_1_ip_u                |                    bd_0_hls_inst_0_mobilenet_v1_fmul_32ns_32ns_32_4_max_dsp_1_ip__52 |         74 |         74 |       0 |    0 |    49 |      0 |      0 |          3 |
|             U0                                                           |                           bd_0_hls_inst_0_floating_point_v7_1_21__parameterized1__52 |         74 |         74 |       0 |    0 |    49 |      0 |      0 |          3 |
|               i_synth                                                    |                       bd_0_hls_inst_0_floating_point_v7_1_21_viv__parameterized1__52 |         74 |         74 |       0 |    0 |    49 |      0 |      0 |          3 |
|         fmul_32ns_32ns_32_4_max_dsp_1_U1325                              |                bd_0_hls_inst_0_mobilenet_v1_fmul_32ns_32ns_32_4_max_dsp_1__xdcDup__5 |         91 |         91 |       0 |    0 |   143 |      0 |      0 |          3 |
|           (fmul_32ns_32ns_32_4_max_dsp_1_U1325)                          |                bd_0_hls_inst_0_mobilenet_v1_fmul_32ns_32ns_32_4_max_dsp_1__xdcDup__5 |         19 |         19 |       0 |    0 |    94 |      0 |      0 |          0 |
|           mobilenet_v1_fmul_32ns_32ns_32_4_max_dsp_1_ip_u                |                    bd_0_hls_inst_0_mobilenet_v1_fmul_32ns_32ns_32_4_max_dsp_1_ip__53 |         72 |         72 |       0 |    0 |    49 |      0 |      0 |          3 |
|             U0                                                           |                           bd_0_hls_inst_0_floating_point_v7_1_21__parameterized1__53 |         72 |         72 |       0 |    0 |    49 |      0 |      0 |          3 |
|               i_synth                                                    |                       bd_0_hls_inst_0_floating_point_v7_1_21_viv__parameterized1__53 |         72 |         72 |       0 |    0 |    49 |      0 |      0 |          3 |
|         fmul_32ns_32ns_32_4_max_dsp_1_U1326                              |                bd_0_hls_inst_0_mobilenet_v1_fmul_32ns_32ns_32_4_max_dsp_1__xdcDup__6 |         93 |         93 |       0 |    0 |   144 |      0 |      0 |          3 |
|           (fmul_32ns_32ns_32_4_max_dsp_1_U1326)                          |                bd_0_hls_inst_0_mobilenet_v1_fmul_32ns_32ns_32_4_max_dsp_1__xdcDup__6 |         20 |         20 |       0 |    0 |    95 |      0 |      0 |          0 |
|           mobilenet_v1_fmul_32ns_32ns_32_4_max_dsp_1_ip_u                |                    bd_0_hls_inst_0_mobilenet_v1_fmul_32ns_32ns_32_4_max_dsp_1_ip__48 |         73 |         73 |       0 |    0 |    49 |      0 |      0 |          3 |
|             U0                                                           |                           bd_0_hls_inst_0_floating_point_v7_1_21__parameterized1__48 |         73 |         73 |       0 |    0 |    49 |      0 |      0 |          3 |
|               i_synth                                                    |                       bd_0_hls_inst_0_floating_point_v7_1_21_viv__parameterized1__48 |         73 |         73 |       0 |    0 |    49 |      0 |      0 |          3 |
|         fmul_32ns_32ns_32_4_max_dsp_1_U1327                              |                bd_0_hls_inst_0_mobilenet_v1_fmul_32ns_32ns_32_4_max_dsp_1__xdcDup__7 |         88 |         88 |       0 |    0 |   143 |      0 |      0 |          3 |
|           (fmul_32ns_32ns_32_4_max_dsp_1_U1327)                          |                bd_0_hls_inst_0_mobilenet_v1_fmul_32ns_32ns_32_4_max_dsp_1__xdcDup__7 |         16 |         16 |       0 |    0 |    94 |      0 |      0 |          0 |
|           mobilenet_v1_fmul_32ns_32ns_32_4_max_dsp_1_ip_u                |                    bd_0_hls_inst_0_mobilenet_v1_fmul_32ns_32ns_32_4_max_dsp_1_ip__54 |         72 |         72 |       0 |    0 |    49 |      0 |      0 |          3 |
|             U0                                                           |                           bd_0_hls_inst_0_floating_point_v7_1_21__parameterized1__54 |         72 |         72 |       0 |    0 |    49 |      0 |      0 |          3 |
|               i_synth                                                    |                       bd_0_hls_inst_0_floating_point_v7_1_21_viv__parameterized1__54 |         72 |         72 |       0 |    0 |    49 |      0 |      0 |          3 |
|         fmul_32ns_32ns_32_4_max_dsp_1_U1328                              |                bd_0_hls_inst_0_mobilenet_v1_fmul_32ns_32ns_32_4_max_dsp_1__xdcDup__8 |         78 |         78 |       0 |    0 |   112 |      0 |      0 |          3 |
|           (fmul_32ns_32ns_32_4_max_dsp_1_U1328)                          |                bd_0_hls_inst_0_mobilenet_v1_fmul_32ns_32ns_32_4_max_dsp_1__xdcDup__8 |          4 |          4 |       0 |    0 |    63 |      0 |      0 |          0 |
|           mobilenet_v1_fmul_32ns_32ns_32_4_max_dsp_1_ip_u                |                    bd_0_hls_inst_0_mobilenet_v1_fmul_32ns_32ns_32_4_max_dsp_1_ip__55 |         74 |         74 |       0 |    0 |    49 |      0 |      0 |          3 |
|             U0                                                           |                           bd_0_hls_inst_0_floating_point_v7_1_21__parameterized1__55 |         74 |         74 |       0 |    0 |    49 |      0 |      0 |          3 |
|               i_synth                                                    |                       bd_0_hls_inst_0_floating_point_v7_1_21_viv__parameterized1__55 |         74 |         74 |       0 |    0 |    49 |      0 |      0 |          3 |
|         fmul_32ns_32ns_32_4_max_dsp_1_U1329                              |                bd_0_hls_inst_0_mobilenet_v1_fmul_32ns_32ns_32_4_max_dsp_1__xdcDup__9 |         76 |         76 |       0 |    0 |   112 |      0 |      0 |          3 |
|           (fmul_32ns_32ns_32_4_max_dsp_1_U1329)                          |                bd_0_hls_inst_0_mobilenet_v1_fmul_32ns_32ns_32_4_max_dsp_1__xdcDup__9 |          2 |          2 |       0 |    0 |    63 |      0 |      0 |          0 |
|           mobilenet_v1_fmul_32ns_32ns_32_4_max_dsp_1_ip_u                |                    bd_0_hls_inst_0_mobilenet_v1_fmul_32ns_32ns_32_4_max_dsp_1_ip__49 |         74 |         74 |       0 |    0 |    49 |      0 |      0 |          3 |
|             U0                                                           |                           bd_0_hls_inst_0_floating_point_v7_1_21__parameterized1__49 |         74 |         74 |       0 |    0 |    49 |      0 |      0 |          3 |
|               i_synth                                                    |                       bd_0_hls_inst_0_floating_point_v7_1_21_viv__parameterized1__49 |         74 |         74 |       0 |    0 |    49 |      0 |      0 |          3 |
|         fmul_32ns_32ns_32_4_max_dsp_1_U1330                              |               bd_0_hls_inst_0_mobilenet_v1_fmul_32ns_32ns_32_4_max_dsp_1__xdcDup__10 |         73 |         73 |       0 |    0 |   111 |      0 |      0 |          3 |
|           (fmul_32ns_32ns_32_4_max_dsp_1_U1330)                          |               bd_0_hls_inst_0_mobilenet_v1_fmul_32ns_32ns_32_4_max_dsp_1__xdcDup__10 |          0 |          0 |       0 |    0 |    62 |      0 |      0 |          0 |
|           mobilenet_v1_fmul_32ns_32ns_32_4_max_dsp_1_ip_u                |                        bd_0_hls_inst_0_mobilenet_v1_fmul_32ns_32ns_32_4_max_dsp_1_ip |         73 |         73 |       0 |    0 |    49 |      0 |      0 |          3 |
|             U0                                                           |                               bd_0_hls_inst_0_floating_point_v7_1_21__parameterized1 |         73 |         73 |       0 |    0 |    49 |      0 |      0 |          3 |
|               i_synth                                                    |                           bd_0_hls_inst_0_floating_point_v7_1_21_viv__parameterized1 |         73 |         73 |       0 |    0 |    49 |      0 |      0 |          3 |
|         fmul_32ns_32ns_32_4_max_dsp_1_U1331                              |               bd_0_hls_inst_0_mobilenet_v1_fmul_32ns_32ns_32_4_max_dsp_1__xdcDup__11 |         73 |         73 |       0 |    0 |   111 |      0 |      0 |          3 |
|           (fmul_32ns_32ns_32_4_max_dsp_1_U1331)                          |               bd_0_hls_inst_0_mobilenet_v1_fmul_32ns_32ns_32_4_max_dsp_1__xdcDup__11 |          0 |          0 |       0 |    0 |    62 |      0 |      0 |          0 |
|           mobilenet_v1_fmul_32ns_32ns_32_4_max_dsp_1_ip_u                |                    bd_0_hls_inst_0_mobilenet_v1_fmul_32ns_32ns_32_4_max_dsp_1_ip__62 |         73 |         73 |       0 |    0 |    49 |      0 |      0 |          3 |
|             U0                                                           |                           bd_0_hls_inst_0_floating_point_v7_1_21__parameterized1__62 |         73 |         73 |       0 |    0 |    49 |      0 |      0 |          3 |
|               i_synth                                                    |                       bd_0_hls_inst_0_floating_point_v7_1_21_viv__parameterized1__62 |         73 |         73 |       0 |    0 |    49 |      0 |      0 |          3 |
|         fmul_32ns_32ns_32_4_max_dsp_1_U1332                              |               bd_0_hls_inst_0_mobilenet_v1_fmul_32ns_32ns_32_4_max_dsp_1__xdcDup__12 |         73 |         73 |       0 |    0 |   110 |      0 |      0 |          3 |
|           (fmul_32ns_32ns_32_4_max_dsp_1_U1332)                          |               bd_0_hls_inst_0_mobilenet_v1_fmul_32ns_32ns_32_4_max_dsp_1__xdcDup__12 |          0 |          0 |       0 |    0 |    61 |      0 |      0 |          0 |
|           mobilenet_v1_fmul_32ns_32ns_32_4_max_dsp_1_ip_u                |                    bd_0_hls_inst_0_mobilenet_v1_fmul_32ns_32ns_32_4_max_dsp_1_ip__61 |         73 |         73 |       0 |    0 |    49 |      0 |      0 |          3 |
|             U0                                                           |                           bd_0_hls_inst_0_floating_point_v7_1_21__parameterized1__61 |         73 |         73 |       0 |    0 |    49 |      0 |      0 |          3 |
|               i_synth                                                    |                       bd_0_hls_inst_0_floating_point_v7_1_21_viv__parameterized1__61 |         73 |         73 |       0 |    0 |    49 |      0 |      0 |          3 |
|         fmul_32ns_32ns_32_4_max_dsp_1_U1333                              |               bd_0_hls_inst_0_mobilenet_v1_fmul_32ns_32ns_32_4_max_dsp_1__xdcDup__13 |         73 |         73 |       0 |    0 |   111 |      0 |      0 |          3 |
|           (fmul_32ns_32ns_32_4_max_dsp_1_U1333)                          |               bd_0_hls_inst_0_mobilenet_v1_fmul_32ns_32ns_32_4_max_dsp_1__xdcDup__13 |          0 |          0 |       0 |    0 |    62 |      0 |      0 |          0 |
|           mobilenet_v1_fmul_32ns_32ns_32_4_max_dsp_1_ip_u                |                    bd_0_hls_inst_0_mobilenet_v1_fmul_32ns_32ns_32_4_max_dsp_1_ip__60 |         73 |         73 |       0 |    0 |    49 |      0 |      0 |          3 |
|             U0                                                           |                           bd_0_hls_inst_0_floating_point_v7_1_21__parameterized1__60 |         73 |         73 |       0 |    0 |    49 |      0 |      0 |          3 |
|               i_synth                                                    |                       bd_0_hls_inst_0_floating_point_v7_1_21_viv__parameterized1__60 |         73 |         73 |       0 |    0 |    49 |      0 |      0 |          3 |
|         fmul_32ns_32ns_32_4_max_dsp_1_U1334                              |               bd_0_hls_inst_0_mobilenet_v1_fmul_32ns_32ns_32_4_max_dsp_1__xdcDup__14 |         73 |         73 |       0 |    0 |   110 |      0 |      0 |          3 |
|           (fmul_32ns_32ns_32_4_max_dsp_1_U1334)                          |               bd_0_hls_inst_0_mobilenet_v1_fmul_32ns_32ns_32_4_max_dsp_1__xdcDup__14 |          0 |          0 |       0 |    0 |    61 |      0 |      0 |          0 |
|           mobilenet_v1_fmul_32ns_32ns_32_4_max_dsp_1_ip_u                |                    bd_0_hls_inst_0_mobilenet_v1_fmul_32ns_32ns_32_4_max_dsp_1_ip__58 |         73 |         73 |       0 |    0 |    49 |      0 |      0 |          3 |
|             U0                                                           |                           bd_0_hls_inst_0_floating_point_v7_1_21__parameterized1__58 |         73 |         73 |       0 |    0 |    49 |      0 |      0 |          3 |
|               i_synth                                                    |                       bd_0_hls_inst_0_floating_point_v7_1_21_viv__parameterized1__58 |         73 |         73 |       0 |    0 |    49 |      0 |      0 |          3 |
|         fmul_32ns_32ns_32_4_max_dsp_1_U1338                              |               bd_0_hls_inst_0_mobilenet_v1_fmul_32ns_32ns_32_4_max_dsp_1__xdcDup__15 |         74 |         74 |       0 |    0 |   109 |      0 |      0 |          3 |
|           (fmul_32ns_32ns_32_4_max_dsp_1_U1338)                          |               bd_0_hls_inst_0_mobilenet_v1_fmul_32ns_32ns_32_4_max_dsp_1__xdcDup__15 |          0 |          0 |       0 |    0 |    60 |      0 |      0 |          0 |
|           mobilenet_v1_fmul_32ns_32ns_32_4_max_dsp_1_ip_u                |                    bd_0_hls_inst_0_mobilenet_v1_fmul_32ns_32ns_32_4_max_dsp_1_ip__59 |         74 |         74 |       0 |    0 |    49 |      0 |      0 |          3 |
|             U0                                                           |                           bd_0_hls_inst_0_floating_point_v7_1_21__parameterized1__59 |         74 |         74 |       0 |    0 |    49 |      0 |      0 |          3 |
|               i_synth                                                    |                       bd_0_hls_inst_0_floating_point_v7_1_21_viv__parameterized1__59 |         74 |         74 |       0 |    0 |    49 |      0 |      0 |          3 |
|         fmul_32ns_32ns_32_4_max_dsp_1_U1339                              |               bd_0_hls_inst_0_mobilenet_v1_fmul_32ns_32ns_32_4_max_dsp_1__xdcDup__16 |         74 |         74 |       0 |    0 |   109 |      0 |      0 |          3 |
|           (fmul_32ns_32ns_32_4_max_dsp_1_U1339)                          |               bd_0_hls_inst_0_mobilenet_v1_fmul_32ns_32ns_32_4_max_dsp_1__xdcDup__16 |          0 |          0 |       0 |    0 |    60 |      0 |      0 |          0 |
|           mobilenet_v1_fmul_32ns_32ns_32_4_max_dsp_1_ip_u                |                    bd_0_hls_inst_0_mobilenet_v1_fmul_32ns_32ns_32_4_max_dsp_1_ip__50 |         74 |         74 |       0 |    0 |    49 |      0 |      0 |          3 |
|             U0                                                           |                           bd_0_hls_inst_0_floating_point_v7_1_21__parameterized1__50 |         74 |         74 |       0 |    0 |    49 |      0 |      0 |          3 |
|               i_synth                                                    |                       bd_0_hls_inst_0_floating_point_v7_1_21_viv__parameterized1__50 |         74 |         74 |       0 |    0 |    49 |      0 |      0 |          3 |
|         gmem_m_axi_U                                                     |                                              bd_0_hls_inst_0_mobilenet_v1_gmem_m_axi |       1358 |       1096 |       0 |  262 |  1888 |      0 |      1 |          0 |
|           bus_read                                                       |                                         bd_0_hls_inst_0_mobilenet_v1_gmem_m_axi_read |        371 |        371 |       0 |    0 |   623 |      0 |      0 |          0 |
|             rreq_burst_conv                                              |                         bd_0_hls_inst_0_mobilenet_v1_gmem_m_axi_burst_converter_1996 |        293 |        293 |       0 |    0 |   521 |      0 |      0 |          0 |
|               burst_sequential                                           |                        bd_0_hls_inst_0_mobilenet_v1_gmem_m_axi_burst_sequential_1997 |        293 |        293 |       0 |    0 |   521 |      0 |      0 |          0 |
|             rs_rdata                                                     |                    bd_0_hls_inst_0_mobilenet_v1_gmem_m_axi_reg_slice__parameterized3 |         40 |         40 |       0 |    0 |    71 |      0 |      0 |          0 |
|           bus_write                                                      |                                        bd_0_hls_inst_0_mobilenet_v1_gmem_m_axi_write |        474 |        411 |       0 |   63 |   762 |      0 |      0 |          0 |
|             wreq_burst_conv                                              |                              bd_0_hls_inst_0_mobilenet_v1_gmem_m_axi_burst_converter |        264 |        264 |       0 |    0 |   463 |      0 |      0 |          0 |
|               burst_sequential                                           |                             bd_0_hls_inst_0_mobilenet_v1_gmem_m_axi_burst_sequential |        264 |        264 |       0 |    0 |   463 |      0 |      0 |          0 |
|             wreq_throttle                                                |                                     bd_0_hls_inst_0_mobilenet_v1_gmem_m_axi_throttle |        183 |        121 |       0 |   62 |   276 |      0 |      0 |          0 |
|               rs_req                                                     |                    bd_0_hls_inst_0_mobilenet_v1_gmem_m_axi_reg_slice__parameterized1 |         73 |         73 |       0 |    0 |   137 |      0 |      0 |          0 |
|               fifo_burst_gen[0].fifo_req                                 |                         bd_0_hls_inst_0_mobilenet_v1_gmem_m_axi_fifo__parameterized5 |         84 |         22 |       0 |   62 |    79 |      0 |      0 |          0 |
|           load_unit_0                                                    |                                         bd_0_hls_inst_0_mobilenet_v1_gmem_m_axi_load |        237 |        143 |       0 |   94 |   239 |      0 |      1 |          0 |
|             (load_unit_0)                                                |                                         bd_0_hls_inst_0_mobilenet_v1_gmem_m_axi_load |          1 |          1 |       0 |    0 |    94 |      0 |      0 |          0 |
|             buff_rdata                                                   |                         bd_0_hls_inst_0_mobilenet_v1_gmem_m_axi_fifo__parameterized4 |         50 |         50 |       0 |    0 |    37 |      0 |      1 |          0 |
|             fifo_rreq                                                    |                    bd_0_hls_inst_0_mobilenet_v1_gmem_m_axi_fifo__parameterized0_1990 |        186 |         92 |       0 |   94 |   108 |      0 |      0 |          0 |
|               U_fifo_srl                                                 |                     bd_0_hls_inst_0_mobilenet_v1_gmem_m_axi_srl__parameterized0_1991 |        167 |         73 |       0 |   94 |    94 |      0 |      0 |          0 |
|           store_unit_0                                                   |                                        bd_0_hls_inst_0_mobilenet_v1_gmem_m_axi_store |        276 |        171 |       0 |  105 |   264 |      0 |      0 |          0 |
|             (store_unit_0)                                               |                                        bd_0_hls_inst_0_mobilenet_v1_gmem_m_axi_store |          2 |          2 |       0 |    0 |    80 |      0 |      0 |          0 |
|             buff_wdata                                                   |                         bd_0_hls_inst_0_mobilenet_v1_gmem_m_axi_fifo__parameterized1 |         67 |         31 |       0 |   36 |    56 |      0 |      0 |          0 |
|             fifo_wreq                                                    |                         bd_0_hls_inst_0_mobilenet_v1_gmem_m_axi_fifo__parameterized0 |        121 |         57 |       0 |   64 |    78 |      0 |      0 |          0 |
|               U_fifo_srl                                                 |                          bd_0_hls_inst_0_mobilenet_v1_gmem_m_axi_srl__parameterized0 |        101 |         37 |       0 |   64 |    64 |      0 |      0 |          0 |
|         grp_batchnorm_conv0_fu_1658                                      |                                         bd_0_hls_inst_0_mobilenet_v1_batchnorm_conv0 |       6054 |       6032 |       0 |   22 |  6005 |      0 |      0 |         81 |
|           (grp_batchnorm_conv0_fu_1658)                                  |                                         bd_0_hls_inst_0_mobilenet_v1_batchnorm_conv0 |        780 |        764 |       0 |   16 |  1719 |      0 |      0 |          1 |
|           fadd_32ns_32ns_32_5_full_dsp_1_U194                            |              bd_0_hls_inst_0_mobilenet_v1_fadd_32ns_32ns_32_5_full_dsp_1__xdcDup__17 |        221 |        221 |       0 |    0 |   171 |      0 |      0 |          2 |
|             (fadd_32ns_32ns_32_5_full_dsp_1_U194)                        |              bd_0_hls_inst_0_mobilenet_v1_fadd_32ns_32ns_32_5_full_dsp_1__xdcDup__17 |          0 |          0 |       0 |    0 |    64 |      0 |      0 |          0 |
|             mobilenet_v1_fadd_32ns_32ns_32_5_full_dsp_1_ip_u             |                   bd_0_hls_inst_0_mobilenet_v1_fadd_32ns_32ns_32_5_full_dsp_1_ip__43 |        221 |        221 |       0 |    0 |   107 |      0 |      0 |          2 |
|               U0                                                         |                                           bd_0_hls_inst_0_floating_point_v7_1_21__43 |        221 |        221 |       0 |    0 |   107 |      0 |      0 |          2 |
|           fadd_32ns_32ns_32_5_full_dsp_1_U195                            |              bd_0_hls_inst_0_mobilenet_v1_fadd_32ns_32ns_32_5_full_dsp_1__xdcDup__18 |        221 |        221 |       0 |    0 |   171 |      0 |      0 |          2 |
|             (fadd_32ns_32ns_32_5_full_dsp_1_U195)                        |              bd_0_hls_inst_0_mobilenet_v1_fadd_32ns_32ns_32_5_full_dsp_1__xdcDup__18 |          0 |          0 |       0 |    0 |    64 |      0 |      0 |          0 |
|             mobilenet_v1_fadd_32ns_32ns_32_5_full_dsp_1_ip_u             |                   bd_0_hls_inst_0_mobilenet_v1_fadd_32ns_32ns_32_5_full_dsp_1_ip__44 |        221 |        221 |       0 |    0 |   107 |      0 |      0 |          2 |
|               U0                                                         |                                           bd_0_hls_inst_0_floating_point_v7_1_21__44 |        221 |        221 |       0 |    0 |   107 |      0 |      0 |          2 |
|           fadd_32ns_32ns_32_5_full_dsp_1_U196                            |              bd_0_hls_inst_0_mobilenet_v1_fadd_32ns_32ns_32_5_full_dsp_1__xdcDup__19 |        221 |        221 |       0 |    0 |   171 |      0 |      0 |          2 |
|             (fadd_32ns_32ns_32_5_full_dsp_1_U196)                        |              bd_0_hls_inst_0_mobilenet_v1_fadd_32ns_32ns_32_5_full_dsp_1__xdcDup__19 |          0 |          0 |       0 |    0 |    64 |      0 |      0 |          0 |
|             mobilenet_v1_fadd_32ns_32ns_32_5_full_dsp_1_ip_u             |                   bd_0_hls_inst_0_mobilenet_v1_fadd_32ns_32ns_32_5_full_dsp_1_ip__45 |        221 |        221 |       0 |    0 |   107 |      0 |      0 |          2 |
|               U0                                                         |                                           bd_0_hls_inst_0_floating_point_v7_1_21__45 |        221 |        221 |       0 |    0 |   107 |      0 |      0 |          2 |
|           fadd_32ns_32ns_32_5_full_dsp_1_U197                            |              bd_0_hls_inst_0_mobilenet_v1_fadd_32ns_32ns_32_5_full_dsp_1__xdcDup__20 |        221 |        221 |       0 |    0 |   171 |      0 |      0 |          2 |
|             (fadd_32ns_32ns_32_5_full_dsp_1_U197)                        |              bd_0_hls_inst_0_mobilenet_v1_fadd_32ns_32ns_32_5_full_dsp_1__xdcDup__20 |          0 |          0 |       0 |    0 |    64 |      0 |      0 |          0 |
|             mobilenet_v1_fadd_32ns_32ns_32_5_full_dsp_1_ip_u             |                   bd_0_hls_inst_0_mobilenet_v1_fadd_32ns_32ns_32_5_full_dsp_1_ip__46 |        221 |        221 |       0 |    0 |   107 |      0 |      0 |          2 |
|               U0                                                         |                                           bd_0_hls_inst_0_floating_point_v7_1_21__46 |        221 |        221 |       0 |    0 |   107 |      0 |      0 |          2 |
|           fadd_32ns_32ns_32_5_full_dsp_1_U198                            |              bd_0_hls_inst_0_mobilenet_v1_fadd_32ns_32ns_32_5_full_dsp_1__xdcDup__21 |        221 |        221 |       0 |    0 |   171 |      0 |      0 |          2 |
|             (fadd_32ns_32ns_32_5_full_dsp_1_U198)                        |              bd_0_hls_inst_0_mobilenet_v1_fadd_32ns_32ns_32_5_full_dsp_1__xdcDup__21 |          0 |          0 |       0 |    0 |    64 |      0 |      0 |          0 |
|             mobilenet_v1_fadd_32ns_32ns_32_5_full_dsp_1_ip_u             |                   bd_0_hls_inst_0_mobilenet_v1_fadd_32ns_32ns_32_5_full_dsp_1_ip__47 |        221 |        221 |       0 |    0 |   107 |      0 |      0 |          2 |
|               U0                                                         |                                           bd_0_hls_inst_0_floating_point_v7_1_21__47 |        221 |        221 |       0 |    0 |   107 |      0 |      0 |          2 |
|           fadd_32ns_32ns_32_5_full_dsp_1_U199                            |              bd_0_hls_inst_0_mobilenet_v1_fadd_32ns_32ns_32_5_full_dsp_1__xdcDup__22 |        221 |        221 |       0 |    0 |   139 |      0 |      0 |          2 |
|             mobilenet_v1_fadd_32ns_32ns_32_5_full_dsp_1_ip_u             |                   bd_0_hls_inst_0_mobilenet_v1_fadd_32ns_32ns_32_5_full_dsp_1_ip__42 |        221 |        221 |       0 |    0 |   107 |      0 |      0 |          2 |
|               U0                                                         |                                           bd_0_hls_inst_0_floating_point_v7_1_21__42 |        221 |        221 |       0 |    0 |   107 |      0 |      0 |          2 |
|           fadd_32ns_32ns_32_5_full_dsp_1_U200                            |              bd_0_hls_inst_0_mobilenet_v1_fadd_32ns_32ns_32_5_full_dsp_1__xdcDup__23 |        221 |        221 |       0 |    0 |   139 |      0 |      0 |          2 |
|             mobilenet_v1_fadd_32ns_32ns_32_5_full_dsp_1_ip_u             |                   bd_0_hls_inst_0_mobilenet_v1_fadd_32ns_32ns_32_5_full_dsp_1_ip__41 |        221 |        221 |       0 |    0 |   107 |      0 |      0 |          2 |
|               U0                                                         |                                           bd_0_hls_inst_0_floating_point_v7_1_21__41 |        221 |        221 |       0 |    0 |   107 |      0 |      0 |          2 |
|           fadd_32ns_32ns_32_5_full_dsp_1_U201                            |              bd_0_hls_inst_0_mobilenet_v1_fadd_32ns_32ns_32_5_full_dsp_1__xdcDup__24 |        221 |        221 |       0 |    0 |   139 |      0 |      0 |          2 |
|             mobilenet_v1_fadd_32ns_32ns_32_5_full_dsp_1_ip_u             |                   bd_0_hls_inst_0_mobilenet_v1_fadd_32ns_32ns_32_5_full_dsp_1_ip__40 |        221 |        221 |       0 |    0 |   107 |      0 |      0 |          2 |
|               U0                                                         |                                           bd_0_hls_inst_0_floating_point_v7_1_21__40 |        221 |        221 |       0 |    0 |   107 |      0 |      0 |          2 |
|           fadd_32ns_32ns_32_5_full_dsp_1_U202                            |              bd_0_hls_inst_0_mobilenet_v1_fadd_32ns_32ns_32_5_full_dsp_1__xdcDup__25 |        221 |        221 |       0 |    0 |   139 |      0 |      0 |          2 |
|             mobilenet_v1_fadd_32ns_32ns_32_5_full_dsp_1_ip_u             |                   bd_0_hls_inst_0_mobilenet_v1_fadd_32ns_32ns_32_5_full_dsp_1_ip__39 |        221 |        221 |       0 |    0 |   107 |      0 |      0 |          2 |
|               U0                                                         |                                           bd_0_hls_inst_0_floating_point_v7_1_21__39 |        221 |        221 |       0 |    0 |   107 |      0 |      0 |          2 |
|           fadd_32ns_32ns_32_5_full_dsp_1_U203                            |              bd_0_hls_inst_0_mobilenet_v1_fadd_32ns_32ns_32_5_full_dsp_1__xdcDup__26 |        221 |        221 |       0 |    0 |   139 |      0 |      0 |          2 |
|             mobilenet_v1_fadd_32ns_32ns_32_5_full_dsp_1_ip_u             |                   bd_0_hls_inst_0_mobilenet_v1_fadd_32ns_32ns_32_5_full_dsp_1_ip__38 |        221 |        221 |       0 |    0 |   107 |      0 |      0 |          2 |
|               U0                                                         |                                           bd_0_hls_inst_0_floating_point_v7_1_21__38 |        221 |        221 |       0 |    0 |   107 |      0 |      0 |          2 |
|           fadd_32ns_32ns_32_5_full_dsp_1_U204                            |              bd_0_hls_inst_0_mobilenet_v1_fadd_32ns_32ns_32_5_full_dsp_1__xdcDup__27 |        221 |        221 |       0 |    0 |   139 |      0 |      0 |          2 |
|             mobilenet_v1_fadd_32ns_32ns_32_5_full_dsp_1_ip_u             |                   bd_0_hls_inst_0_mobilenet_v1_fadd_32ns_32ns_32_5_full_dsp_1_ip__37 |        221 |        221 |       0 |    0 |   107 |      0 |      0 |          2 |
|               U0                                                         |                                           bd_0_hls_inst_0_floating_point_v7_1_21__37 |        221 |        221 |       0 |    0 |   107 |      0 |      0 |          2 |
|           fadd_32ns_32ns_32_5_full_dsp_1_U205                            |              bd_0_hls_inst_0_mobilenet_v1_fadd_32ns_32ns_32_5_full_dsp_1__xdcDup__28 |        221 |        221 |       0 |    0 |   139 |      0 |      0 |          2 |
|             mobilenet_v1_fadd_32ns_32ns_32_5_full_dsp_1_ip_u             |                   bd_0_hls_inst_0_mobilenet_v1_fadd_32ns_32ns_32_5_full_dsp_1_ip__36 |        221 |        221 |       0 |    0 |   107 |      0 |      0 |          2 |
|               U0                                                         |                                           bd_0_hls_inst_0_floating_point_v7_1_21__36 |        221 |        221 |       0 |    0 |   107 |      0 |      0 |          2 |
|           fadd_32ns_32ns_32_5_full_dsp_1_U206                            |              bd_0_hls_inst_0_mobilenet_v1_fadd_32ns_32ns_32_5_full_dsp_1__xdcDup__29 |        221 |        221 |       0 |    0 |   139 |      0 |      0 |          2 |
|             mobilenet_v1_fadd_32ns_32ns_32_5_full_dsp_1_ip_u             |                   bd_0_hls_inst_0_mobilenet_v1_fadd_32ns_32ns_32_5_full_dsp_1_ip__35 |        221 |        221 |       0 |    0 |   107 |      0 |      0 |          2 |
|               U0                                                         |                                           bd_0_hls_inst_0_floating_point_v7_1_21__35 |        221 |        221 |       0 |    0 |   107 |      0 |      0 |          2 |
|           fadd_32ns_32ns_32_5_full_dsp_1_U207                            |              bd_0_hls_inst_0_mobilenet_v1_fadd_32ns_32ns_32_5_full_dsp_1__xdcDup__30 |        221 |        221 |       0 |    0 |   139 |      0 |      0 |          2 |
|             mobilenet_v1_fadd_32ns_32ns_32_5_full_dsp_1_ip_u             |                   bd_0_hls_inst_0_mobilenet_v1_fadd_32ns_32ns_32_5_full_dsp_1_ip__34 |        221 |        221 |       0 |    0 |   107 |      0 |      0 |          2 |
|               U0                                                         |                                           bd_0_hls_inst_0_floating_point_v7_1_21__34 |        221 |        221 |       0 |    0 |   107 |      0 |      0 |          2 |
|           fadd_32ns_32ns_32_5_full_dsp_1_U208                            |              bd_0_hls_inst_0_mobilenet_v1_fadd_32ns_32ns_32_5_full_dsp_1__xdcDup__31 |        221 |        221 |       0 |    0 |   166 |      0 |      0 |          2 |
|             (fadd_32ns_32ns_32_5_full_dsp_1_U208)                        |              bd_0_hls_inst_0_mobilenet_v1_fadd_32ns_32ns_32_5_full_dsp_1__xdcDup__31 |          0 |          0 |       0 |    0 |    59 |      0 |      0 |          0 |
|             mobilenet_v1_fadd_32ns_32ns_32_5_full_dsp_1_ip_u             |                   bd_0_hls_inst_0_mobilenet_v1_fadd_32ns_32ns_32_5_full_dsp_1_ip__33 |        221 |        221 |       0 |    0 |   107 |      0 |      0 |          2 |
|               U0                                                         |                                           bd_0_hls_inst_0_floating_point_v7_1_21__33 |        221 |        221 |       0 |    0 |   107 |      0 |      0 |          2 |
|           fadd_32ns_32ns_32_5_full_dsp_1_U209                            |                          bd_0_hls_inst_0_mobilenet_v1_fadd_32ns_32ns_32_5_full_dsp_1 |        221 |        221 |       0 |    0 |   139 |      0 |      0 |          2 |
|             mobilenet_v1_fadd_32ns_32ns_32_5_full_dsp_1_ip_u             |                   bd_0_hls_inst_0_mobilenet_v1_fadd_32ns_32ns_32_5_full_dsp_1_ip__32 |        221 |        221 |       0 |    0 |   107 |      0 |      0 |          2 |
|               U0                                                         |                                           bd_0_hls_inst_0_floating_point_v7_1_21__32 |        221 |        221 |       0 |    0 |   107 |      0 |      0 |          2 |
|           fmul_32ns_32ns_32_4_max_dsp_1_U226                             |               bd_0_hls_inst_0_mobilenet_v1_fmul_32ns_32ns_32_4_max_dsp_1__xdcDup__17 |         74 |         74 |       0 |    0 |   113 |      0 |      0 |          3 |
|             (fmul_32ns_32ns_32_4_max_dsp_1_U226)                         |               bd_0_hls_inst_0_mobilenet_v1_fmul_32ns_32ns_32_4_max_dsp_1__xdcDup__17 |          0 |          0 |       0 |    0 |    64 |      0 |      0 |          0 |
|             mobilenet_v1_fmul_32ns_32ns_32_4_max_dsp_1_ip_u              |                    bd_0_hls_inst_0_mobilenet_v1_fmul_32ns_32ns_32_4_max_dsp_1_ip__43 |         74 |         74 |       0 |    0 |    49 |      0 |      0 |          3 |
|               U0                                                         |                           bd_0_hls_inst_0_floating_point_v7_1_21__parameterized1__43 |         74 |         74 |       0 |    0 |    49 |      0 |      0 |          3 |
|           fmul_32ns_32ns_32_4_max_dsp_1_U227                             |               bd_0_hls_inst_0_mobilenet_v1_fmul_32ns_32ns_32_4_max_dsp_1__xdcDup__18 |         74 |         74 |       0 |    0 |   113 |      0 |      0 |          3 |
|             (fmul_32ns_32ns_32_4_max_dsp_1_U227)                         |               bd_0_hls_inst_0_mobilenet_v1_fmul_32ns_32ns_32_4_max_dsp_1__xdcDup__18 |          0 |          0 |       0 |    0 |    64 |      0 |      0 |          0 |
|             mobilenet_v1_fmul_32ns_32ns_32_4_max_dsp_1_ip_u              |                    bd_0_hls_inst_0_mobilenet_v1_fmul_32ns_32ns_32_4_max_dsp_1_ip__44 |         74 |         74 |       0 |    0 |    49 |      0 |      0 |          3 |
|               U0                                                         |                           bd_0_hls_inst_0_floating_point_v7_1_21__parameterized1__44 |         74 |         74 |       0 |    0 |    49 |      0 |      0 |          3 |
|           fmul_32ns_32ns_32_4_max_dsp_1_U228                             |               bd_0_hls_inst_0_mobilenet_v1_fmul_32ns_32ns_32_4_max_dsp_1__xdcDup__19 |         74 |         74 |       0 |    0 |   113 |      0 |      0 |          3 |
|             (fmul_32ns_32ns_32_4_max_dsp_1_U228)                         |               bd_0_hls_inst_0_mobilenet_v1_fmul_32ns_32ns_32_4_max_dsp_1__xdcDup__19 |          0 |          0 |       0 |    0 |    64 |      0 |      0 |          0 |
|             mobilenet_v1_fmul_32ns_32ns_32_4_max_dsp_1_ip_u              |                    bd_0_hls_inst_0_mobilenet_v1_fmul_32ns_32ns_32_4_max_dsp_1_ip__45 |         74 |         74 |       0 |    0 |    49 |      0 |      0 |          3 |
|               U0                                                         |                           bd_0_hls_inst_0_floating_point_v7_1_21__parameterized1__45 |         74 |         74 |       0 |    0 |    49 |      0 |      0 |          3 |
|           fmul_32ns_32ns_32_4_max_dsp_1_U229                             |               bd_0_hls_inst_0_mobilenet_v1_fmul_32ns_32ns_32_4_max_dsp_1__xdcDup__20 |         74 |         74 |       0 |    0 |   113 |      0 |      0 |          3 |
|             (fmul_32ns_32ns_32_4_max_dsp_1_U229)                         |               bd_0_hls_inst_0_mobilenet_v1_fmul_32ns_32ns_32_4_max_dsp_1__xdcDup__20 |          0 |          0 |       0 |    0 |    64 |      0 |      0 |          0 |
|             mobilenet_v1_fmul_32ns_32ns_32_4_max_dsp_1_ip_u              |                    bd_0_hls_inst_0_mobilenet_v1_fmul_32ns_32ns_32_4_max_dsp_1_ip__46 |         74 |         74 |       0 |    0 |    49 |      0 |      0 |          3 |
|               U0                                                         |                           bd_0_hls_inst_0_floating_point_v7_1_21__parameterized1__46 |         74 |         74 |       0 |    0 |    49 |      0 |      0 |          3 |
|           fmul_32ns_32ns_32_4_max_dsp_1_U230                             |               bd_0_hls_inst_0_mobilenet_v1_fmul_32ns_32ns_32_4_max_dsp_1__xdcDup__21 |         74 |         74 |       0 |    0 |   113 |      0 |      0 |          3 |
|             (fmul_32ns_32ns_32_4_max_dsp_1_U230)                         |               bd_0_hls_inst_0_mobilenet_v1_fmul_32ns_32ns_32_4_max_dsp_1__xdcDup__21 |          0 |          0 |       0 |    0 |    64 |      0 |      0 |          0 |
|             mobilenet_v1_fmul_32ns_32ns_32_4_max_dsp_1_ip_u              |                    bd_0_hls_inst_0_mobilenet_v1_fmul_32ns_32ns_32_4_max_dsp_1_ip__47 |         74 |         74 |       0 |    0 |    49 |      0 |      0 |          3 |
|               U0                                                         |                           bd_0_hls_inst_0_floating_point_v7_1_21__parameterized1__47 |         74 |         74 |       0 |    0 |    49 |      0 |      0 |          3 |
|           fmul_32ns_32ns_32_4_max_dsp_1_U231                             |               bd_0_hls_inst_0_mobilenet_v1_fmul_32ns_32ns_32_4_max_dsp_1__xdcDup__22 |         73 |         73 |       0 |    0 |   109 |      0 |      0 |          3 |
|             (fmul_32ns_32ns_32_4_max_dsp_1_U231)                         |               bd_0_hls_inst_0_mobilenet_v1_fmul_32ns_32ns_32_4_max_dsp_1__xdcDup__22 |          0 |          0 |       0 |    0 |    60 |      0 |      0 |          0 |
|             mobilenet_v1_fmul_32ns_32ns_32_4_max_dsp_1_ip_u              |                    bd_0_hls_inst_0_mobilenet_v1_fmul_32ns_32ns_32_4_max_dsp_1_ip__42 |         73 |         73 |       0 |    0 |    49 |      0 |      0 |          3 |
|               U0                                                         |                           bd_0_hls_inst_0_floating_point_v7_1_21__parameterized1__42 |         73 |         73 |       0 |    0 |    49 |      0 |      0 |          3 |
|           fmul_32ns_32ns_32_4_max_dsp_1_U232                             |               bd_0_hls_inst_0_mobilenet_v1_fmul_32ns_32ns_32_4_max_dsp_1__xdcDup__23 |         73 |         73 |       0 |    0 |    81 |      0 |      0 |          3 |
|             mobilenet_v1_fmul_32ns_32ns_32_4_max_dsp_1_ip_u              |                    bd_0_hls_inst_0_mobilenet_v1_fmul_32ns_32ns_32_4_max_dsp_1_ip__41 |         73 |         73 |       0 |    0 |    49 |      0 |      0 |          3 |
|               U0                                                         |                           bd_0_hls_inst_0_floating_point_v7_1_21__parameterized1__41 |         73 |         73 |       0 |    0 |    49 |      0 |      0 |          3 |
|           fmul_32ns_32ns_32_4_max_dsp_1_U233                             |               bd_0_hls_inst_0_mobilenet_v1_fmul_32ns_32ns_32_4_max_dsp_1__xdcDup__24 |         73 |         73 |       0 |    0 |    81 |      0 |      0 |          3 |
|             mobilenet_v1_fmul_32ns_32ns_32_4_max_dsp_1_ip_u              |                    bd_0_hls_inst_0_mobilenet_v1_fmul_32ns_32ns_32_4_max_dsp_1_ip__40 |         73 |         73 |       0 |    0 |    49 |      0 |      0 |          3 |
|               U0                                                         |                           bd_0_hls_inst_0_floating_point_v7_1_21__parameterized1__40 |         73 |         73 |       0 |    0 |    49 |      0 |      0 |          3 |
|           fmul_32ns_32ns_32_4_max_dsp_1_U234                             |               bd_0_hls_inst_0_mobilenet_v1_fmul_32ns_32ns_32_4_max_dsp_1__xdcDup__25 |         73 |         73 |       0 |    0 |    81 |      0 |      0 |          3 |
|             mobilenet_v1_fmul_32ns_32ns_32_4_max_dsp_1_ip_u              |                    bd_0_hls_inst_0_mobilenet_v1_fmul_32ns_32ns_32_4_max_dsp_1_ip__39 |         73 |         73 |       0 |    0 |    49 |      0 |      0 |          3 |
|               U0                                                         |                           bd_0_hls_inst_0_floating_point_v7_1_21__parameterized1__39 |         73 |         73 |       0 |    0 |    49 |      0 |      0 |          3 |
|           fmul_32ns_32ns_32_4_max_dsp_1_U235                             |               bd_0_hls_inst_0_mobilenet_v1_fmul_32ns_32ns_32_4_max_dsp_1__xdcDup__26 |         73 |         73 |       0 |    0 |    81 |      0 |      0 |          3 |
|             mobilenet_v1_fmul_32ns_32ns_32_4_max_dsp_1_ip_u              |                    bd_0_hls_inst_0_mobilenet_v1_fmul_32ns_32ns_32_4_max_dsp_1_ip__38 |         73 |         73 |       0 |    0 |    49 |      0 |      0 |          3 |
|               U0                                                         |                           bd_0_hls_inst_0_floating_point_v7_1_21__parameterized1__38 |         73 |         73 |       0 |    0 |    49 |      0 |      0 |          3 |
|           fmul_32ns_32ns_32_4_max_dsp_1_U236                             |               bd_0_hls_inst_0_mobilenet_v1_fmul_32ns_32ns_32_4_max_dsp_1__xdcDup__27 |         73 |         73 |       0 |    0 |    81 |      0 |      0 |          3 |
|             mobilenet_v1_fmul_32ns_32ns_32_4_max_dsp_1_ip_u              |                    bd_0_hls_inst_0_mobilenet_v1_fmul_32ns_32ns_32_4_max_dsp_1_ip__37 |         73 |         73 |       0 |    0 |    49 |      0 |      0 |          3 |
|               U0                                                         |                           bd_0_hls_inst_0_floating_point_v7_1_21__parameterized1__37 |         73 |         73 |       0 |    0 |    49 |      0 |      0 |          3 |
|           fmul_32ns_32ns_32_4_max_dsp_1_U237                             |               bd_0_hls_inst_0_mobilenet_v1_fmul_32ns_32ns_32_4_max_dsp_1__xdcDup__28 |         73 |         73 |       0 |    0 |    81 |      0 |      0 |          3 |
|             mobilenet_v1_fmul_32ns_32ns_32_4_max_dsp_1_ip_u              |                    bd_0_hls_inst_0_mobilenet_v1_fmul_32ns_32ns_32_4_max_dsp_1_ip__36 |         73 |         73 |       0 |    0 |    49 |      0 |      0 |          3 |
|               U0                                                         |                           bd_0_hls_inst_0_floating_point_v7_1_21__parameterized1__36 |         73 |         73 |       0 |    0 |    49 |      0 |      0 |          3 |
|           fmul_32ns_32ns_32_4_max_dsp_1_U238                             |               bd_0_hls_inst_0_mobilenet_v1_fmul_32ns_32ns_32_4_max_dsp_1__xdcDup__29 |         73 |         73 |       0 |    0 |    81 |      0 |      0 |          3 |
|             mobilenet_v1_fmul_32ns_32ns_32_4_max_dsp_1_ip_u              |                    bd_0_hls_inst_0_mobilenet_v1_fmul_32ns_32ns_32_4_max_dsp_1_ip__35 |         73 |         73 |       0 |    0 |    49 |      0 |      0 |          3 |
|               U0                                                         |                           bd_0_hls_inst_0_floating_point_v7_1_21__parameterized1__35 |         73 |         73 |       0 |    0 |    49 |      0 |      0 |          3 |
|           fmul_32ns_32ns_32_4_max_dsp_1_U239                             |               bd_0_hls_inst_0_mobilenet_v1_fmul_32ns_32ns_32_4_max_dsp_1__xdcDup__30 |         73 |         73 |       0 |    0 |    81 |      0 |      0 |          3 |
|             mobilenet_v1_fmul_32ns_32ns_32_4_max_dsp_1_ip_u              |                    bd_0_hls_inst_0_mobilenet_v1_fmul_32ns_32ns_32_4_max_dsp_1_ip__34 |         73 |         73 |       0 |    0 |    49 |      0 |      0 |          3 |
|               U0                                                         |                           bd_0_hls_inst_0_floating_point_v7_1_21__parameterized1__34 |         73 |         73 |       0 |    0 |    49 |      0 |      0 |          3 |
|           fmul_32ns_32ns_32_4_max_dsp_1_U240                             |               bd_0_hls_inst_0_mobilenet_v1_fmul_32ns_32ns_32_4_max_dsp_1__xdcDup__31 |         73 |         73 |       0 |    0 |    81 |      0 |      0 |          3 |
|             mobilenet_v1_fmul_32ns_32ns_32_4_max_dsp_1_ip_u              |                    bd_0_hls_inst_0_mobilenet_v1_fmul_32ns_32ns_32_4_max_dsp_1_ip__33 |         73 |         73 |       0 |    0 |    49 |      0 |      0 |          3 |
|               U0                                                         |                           bd_0_hls_inst_0_floating_point_v7_1_21__parameterized1__33 |         73 |         73 |       0 |    0 |    49 |      0 |      0 |          3 |
|           fmul_32ns_32ns_32_4_max_dsp_1_U241                             |                           bd_0_hls_inst_0_mobilenet_v1_fmul_32ns_32ns_32_4_max_dsp_1 |         73 |         73 |       0 |    0 |    81 |      0 |      0 |          3 |
|             mobilenet_v1_fmul_32ns_32ns_32_4_max_dsp_1_ip_u              |                    bd_0_hls_inst_0_mobilenet_v1_fmul_32ns_32ns_32_4_max_dsp_1_ip__32 |         73 |         73 |       0 |    0 |    49 |      0 |      0 |          3 |
|               U0                                                         |                           bd_0_hls_inst_0_floating_point_v7_1_21__parameterized1__32 |         73 |         73 |       0 |    0 |    49 |      0 |      0 |          3 |
|         grp_batchnorm_pw0_fu_1942                                        |                                           bd_0_hls_inst_0_mobilenet_v1_batchnorm_pw0 |       1215 |       1195 |       0 |   20 |  1081 |      0 |      0 |          0 |
|           (grp_batchnorm_pw0_fu_1942)                                    |                                           bd_0_hls_inst_0_mobilenet_v1_batchnorm_pw0 |       1151 |       1134 |       0 |   17 |  1059 |      0 |      0 |          0 |
|         grp_conv0_fu_1568                                                |                                                   bd_0_hls_inst_0_mobilenet_v1_conv0 |       6174 |       4634 |       0 | 1540 |  4232 |      0 |     27 |         17 |
|           (grp_conv0_fu_1568)                                            |                                                   bd_0_hls_inst_0_mobilenet_v1_conv0 |       4772 |       3244 |       0 | 1528 |  4157 |      0 |      0 |          0 |
|           mul_64ns_66ns_129_5_1_U58                                      |                               bd_0_hls_inst_0_mobilenet_v1_mul_64ns_66ns_129_5_1_329 |         92 |         92 |       0 |    0 |    25 |      0 |      0 |         13 |
|           mul_6ns_8ns_13_1_1_U93                                         |                                  bd_0_hls_inst_0_mobilenet_v1_mul_6ns_8ns_13_1_1_332 |        464 |        464 |       0 |    0 |     0 |      0 |      0 |          1 |
|           mul_6ns_8ns_13_1_1_U94                                         |                                  bd_0_hls_inst_0_mobilenet_v1_mul_6ns_8ns_13_1_1_333 |        278 |        278 |       0 |    0 |     0 |      0 |      0 |          1 |
|           p_ZL13conv_0_weight_0_2_1_U                                    |          bd_0_hls_inst_0_mobilenet_v1_conv0_p_ZL13conv_0_weight_0_2_1_ROM_2P_BRAM_1R |         63 |         63 |       0 |    0 |     0 |      0 |      2 |          0 |
|           p_ZL13conv_0_weight_0_2_2_U                                    |          bd_0_hls_inst_0_mobilenet_v1_conv0_p_ZL13conv_0_weight_0_2_2_ROM_2P_BRAM_1R |         85 |         85 |       0 |    0 |     0 |      0 |      2 |          0 |
|           p_ZL13conv_0_weight_1_2_2_U                                    |          bd_0_hls_inst_0_mobilenet_v1_conv0_p_ZL13conv_0_weight_1_2_2_ROM_2P_BRAM_1R |         55 |         55 |       0 |    0 |     0 |      0 |      1 |          0 |
|         grp_dw0_fu_1790                                                  |                                                     bd_0_hls_inst_0_mobilenet_v1_dw0 |       2950 |       2791 |       0 |  159 |   709 |      0 |      9 |          0 |
|           (grp_dw0_fu_1790)                                              |                                                     bd_0_hls_inst_0_mobilenet_v1_dw0 |       2798 |       2642 |       0 |  156 |   697 |      0 |      0 |          0 |
|         grp_dw1_fu_2010                                                  |                                                     bd_0_hls_inst_0_mobilenet_v1_dw1 |       2753 |       2328 |       0 |  425 |  1071 |      0 |      9 |          0 |
|           (grp_dw1_fu_2010)                                              |                                                     bd_0_hls_inst_0_mobilenet_v1_dw1 |       2523 |       2101 |       0 |  422 |  1064 |      0 |      0 |          0 |
|           flow_control_loop_pipe_sequential_init_U                       |              bd_0_hls_inst_0_mobilenet_v1_flow_control_loop_pipe_sequential_init_319 |         53 |         53 |       0 |    0 |     2 |      0 |      0 |          0 |
|           p_ZL26features_1_deepwise_weight_0_2_U                         | bd_0_hls_inst_0_mobilenet_v1_dw1_p_ZL26features_1_deepwise_weight_0_2_ROM_2P_BRAM_1R |         61 |         61 |       0 |    0 |     0 |      0 |      1 |          0 |
|           p_ZL26features_1_deepwise_weight_1_0_U                         | bd_0_hls_inst_0_mobilenet_v1_dw1_p_ZL26features_1_deepwise_weight_1_0_ROM_2P_BRAM_1R |         58 |         58 |       0 |    0 |     0 |      0 |      1 |          0 |
|         grp_dw2_fu_2184                                                  |                                                     bd_0_hls_inst_0_mobilenet_v1_dw2 |       1492 |       1290 |       0 |  202 |   637 |      0 |      9 |          0 |
|           (grp_dw2_fu_2184)                                              |                                                     bd_0_hls_inst_0_mobilenet_v1_dw2 |       1342 |       1142 |       0 |  200 |   633 |      0 |      0 |          0 |
|         grp_dw3_fu_2294                                                  |                                                     bd_0_hls_inst_0_mobilenet_v1_dw3 |       2027 |       1597 |       0 |  430 |  1034 |      0 |      9 |          0 |
|           (grp_dw3_fu_2294)                                              |                                                     bd_0_hls_inst_0_mobilenet_v1_dw3 |       1882 |       1452 |       0 |  430 |  1032 |      0 |      0 |          0 |
|           p_ZL26features_3_deepwise_weight_1_0_U                         | bd_0_hls_inst_0_mobilenet_v1_dw3_p_ZL26features_3_deepwise_weight_1_0_ROM_2P_BRAM_1R |         53 |         53 |       0 |    0 |     0 |      0 |      1 |          0 |
|         grp_fc_fu_2369                                                   |                                                      bd_0_hls_inst_0_mobilenet_v1_fc |        819 |        819 |       0 |    0 |  1071 |      0 |     10 |          0 |
|           grp_fc_Pipeline_FC_IC_fu_130                                   |                                       bd_0_hls_inst_0_mobilenet_v1_fc_Pipeline_FC_IC |        768 |        768 |       0 |    0 |   727 |      0 |     10 |          0 |
|             (grp_fc_Pipeline_FC_IC_fu_130)                               |                                       bd_0_hls_inst_0_mobilenet_v1_fc_Pipeline_FC_IC |        378 |        378 |       0 |    0 |   725 |      0 |      0 |          0 |
|             flow_control_loop_pipe_sequential_init_U                     |              bd_0_hls_inst_0_mobilenet_v1_flow_control_loop_pipe_sequential_init_315 |        218 |        218 |       0 |    0 |     2 |      0 |      0 |          0 |
|             p_ZL9fc_weight_6_U                                           |          bd_0_hls_inst_0_mobilenet_v1_fc_Pipeline_FC_IC_p_ZL9fc_weight_6_ROM_AUTO_1R |         56 |         56 |       0 |    0 |     0 |      0 |      1 |          0 |
|             p_ZL9fc_weight_7_U                                           |          bd_0_hls_inst_0_mobilenet_v1_fc_Pipeline_FC_IC_p_ZL9fc_weight_7_ROM_AUTO_1R |         55 |         55 |       0 |    0 |     0 |      0 |      1 |          0 |
|           grp_fc_Pipeline_FC_BIAS_fu_114                                 |                                     bd_0_hls_inst_0_mobilenet_v1_fc_Pipeline_FC_BIAS |         35 |         35 |       0 |    0 |   329 |      0 |      0 |          0 |
|             (grp_fc_Pipeline_FC_BIAS_fu_114)                             |                                     bd_0_hls_inst_0_mobilenet_v1_fc_Pipeline_FC_BIAS |         10 |         10 |       0 |    0 |   299 |      0 |      0 |          0 |
|         grp_mobilenet_v1_Pipeline_BN_DW0_C_BN_DW0_H_BN_DW0_W_fu_1909     |        bd_0_hls_inst_0_mobilenet_v1_mobilenet_v1_Pipeline_BN_DW0_C_BN_DW0_H_BN_DW0_W |        289 |        271 |       0 |   18 |   165 |      0 |      0 |          0 |
|           (grp_mobilenet_v1_Pipeline_BN_DW0_C_BN_DW0_H_BN_DW0_W_fu_1909) |        bd_0_hls_inst_0_mobilenet_v1_mobilenet_v1_Pipeline_BN_DW0_C_BN_DW0_H_BN_DW0_W |        285 |        267 |       0 |   18 |   163 |      0 |      0 |          0 |
|         grp_mobilenet_v1_Pipeline_BN_DW1_C_BN_DW1_H_fu_2088              |                 bd_0_hls_inst_0_mobilenet_v1_mobilenet_v1_Pipeline_BN_DW1_C_BN_DW1_H |        339 |        324 |       0 |   15 |   109 |      0 |      0 |          0 |
|           (grp_mobilenet_v1_Pipeline_BN_DW1_C_BN_DW1_H_fu_2088)          |                 bd_0_hls_inst_0_mobilenet_v1_mobilenet_v1_Pipeline_BN_DW1_C_BN_DW1_H |        318 |        303 |       0 |   15 |   107 |      0 |      0 |          0 |
|         grp_mobilenet_v1_Pipeline_BN_DW2_C_BN_DW2_H_fu_2234              |                 bd_0_hls_inst_0_mobilenet_v1_mobilenet_v1_Pipeline_BN_DW2_C_BN_DW2_H |        144 |        128 |       0 |   16 |    83 |      0 |      0 |          0 |
|           (grp_mobilenet_v1_Pipeline_BN_DW2_C_BN_DW2_H_fu_2234)          |                 bd_0_hls_inst_0_mobilenet_v1_mobilenet_v1_Pipeline_BN_DW2_C_BN_DW2_H |        128 |        112 |       0 |   16 |    81 |      0 |      0 |          0 |
|         grp_mobilenet_v1_Pipeline_BN_DW3_C_BN_DW3_H_fu_2333              |                 bd_0_hls_inst_0_mobilenet_v1_mobilenet_v1_Pipeline_BN_DW3_C_BN_DW3_H |        246 |        229 |       0 |   17 |   103 |      0 |      0 |          0 |
|           (grp_mobilenet_v1_Pipeline_BN_DW3_C_BN_DW3_H_fu_2333)          |                 bd_0_hls_inst_0_mobilenet_v1_mobilenet_v1_Pipeline_BN_DW3_C_BN_DW3_H |        216 |        199 |       0 |   17 |   101 |      0 |      0 |          0 |
|         grp_mobilenet_v1_Pipeline_BN_PW1_C_BN_PW1_H_fu_2148              |                 bd_0_hls_inst_0_mobilenet_v1_mobilenet_v1_Pipeline_BN_PW1_C_BN_PW1_H |        484 |        464 |       0 |   20 |   362 |      0 |      0 |          0 |
|           (grp_mobilenet_v1_Pipeline_BN_PW1_C_BN_PW1_H_fu_2148)          |                 bd_0_hls_inst_0_mobilenet_v1_mobilenet_v1_Pipeline_BN_PW1_C_BN_PW1_H |        431 |        413 |       0 |   18 |   345 |      0 |      0 |          0 |
|         grp_mobilenet_v1_Pipeline_BN_PW2_C_BN_PW2_H_fu_2270              |                 bd_0_hls_inst_0_mobilenet_v1_mobilenet_v1_Pipeline_BN_PW2_C_BN_PW2_H |        265 |        247 |       0 |   18 |   137 |      0 |      0 |          0 |
|           (grp_mobilenet_v1_Pipeline_BN_PW2_C_BN_PW2_H_fu_2270)          |                 bd_0_hls_inst_0_mobilenet_v1_mobilenet_v1_Pipeline_BN_PW2_C_BN_PW2_H |        234 |        216 |       0 |   18 |   135 |      0 |      0 |          0 |
|         grp_mobilenet_v1_Pipeline_BN_PW3_C_BN_PW3_H_fu_2355              |                 bd_0_hls_inst_0_mobilenet_v1_mobilenet_v1_Pipeline_BN_PW3_C_BN_PW3_H |        121 |        102 |       0 |   19 |   149 |      0 |      2 |          0 |
|           (grp_mobilenet_v1_Pipeline_BN_PW3_C_BN_PW3_H_fu_2355)          |                 bd_0_hls_inst_0_mobilenet_v1_mobilenet_v1_Pipeline_BN_PW3_C_BN_PW3_H |         88 |         69 |       0 |   19 |   147 |      0 |      2 |          0 |
|         grp_mobilenet_v1_Pipeline_GAP_C_fu_2362                          |                             bd_0_hls_inst_0_mobilenet_v1_mobilenet_v1_Pipeline_GAP_C |        256 |        219 |       0 |   37 |   127 |      0 |      0 |          0 |
|           (grp_mobilenet_v1_Pipeline_GAP_C_fu_2362)                      |                             bd_0_hls_inst_0_mobilenet_v1_mobilenet_v1_Pipeline_GAP_C |        234 |        197 |       0 |   37 |   125 |      0 |      0 |          0 |
|         grp_mobilenet_v1_Pipeline_LOAD_INC_LOAD_INH_LOAD_INW_fu_1543     |        bd_0_hls_inst_0_mobilenet_v1_mobilenet_v1_Pipeline_LOAD_INC_LOAD_INH_LOAD_INW |        135 |        111 |       0 |   24 |   149 |      0 |      0 |          3 |
|           (grp_mobilenet_v1_Pipeline_LOAD_INC_LOAD_INH_LOAD_INW_fu_1543) |        bd_0_hls_inst_0_mobilenet_v1_mobilenet_v1_Pipeline_LOAD_INC_LOAD_INH_LOAD_INW |         33 |         21 |       0 |   12 |    99 |      0 |      0 |          1 |
|         grp_pw0_fu_1916                                                  |                                                     bd_0_hls_inst_0_mobilenet_v1_pw0 |       1786 |       1356 |       0 |  430 |  2714 |      0 |      4 |          0 |
|           (grp_pw0_fu_1916)                                              |                                                     bd_0_hls_inst_0_mobilenet_v1_pw0 |       1764 |       1334 |       0 |  430 |  2712 |      0 |      0 |          0 |
|         grp_pw1_fu_2116                                                  |                                                     bd_0_hls_inst_0_mobilenet_v1_pw1 |       3724 |       2847 |       0 |  877 |  4874 |      2 |      0 |          0 |
|           (grp_pw1_fu_2116)                                              |                                                     bd_0_hls_inst_0_mobilenet_v1_pw1 |       3660 |       2783 |       0 |  877 |  4872 |      0 |      0 |          0 |
|           flow_control_loop_pipe_sequential_init_U                       |              bd_0_hls_inst_0_mobilenet_v1_flow_control_loop_pipe_sequential_init_300 |         54 |         54 |       0 |    0 |     2 |      0 |      0 |          0 |
|         grp_pw2_fu_2250                                                  |                                                     bd_0_hls_inst_0_mobilenet_v1_pw2 |       4416 |       2676 |       0 | 1740 |  6445 |      8 |      0 |          0 |
|           (grp_pw2_fu_2250)                                              |                                                     bd_0_hls_inst_0_mobilenet_v1_pw2 |       4351 |       2611 |       0 | 1740 |  6443 |      0 |      0 |          0 |
|         grp_pw3_fu_2342                                                  |                                                     bd_0_hls_inst_0_mobilenet_v1_pw3 |       7478 |       4043 |       0 | 3435 | 10880 |     44 |      3 |          0 |
|           (grp_pw3_fu_2342)                                              |                                                     bd_0_hls_inst_0_mobilenet_v1_pw3 |       7393 |       3958 |       0 | 3435 | 10878 |      0 |      0 |          0 |
|         ifmap_dw3_5_U                                                    |                             bd_0_hls_inst_0_mobilenet_v1_ifmap_dw3_RAM_AUTO_1R1W_175 |         83 |         83 |       0 |    0 |     0 |      0 |      1 |          0 |
|         mul_64ns_66ns_129_5_1_U1335                                      |                                   bd_0_hls_inst_0_mobilenet_v1_mul_64ns_66ns_129_5_1 |         93 |         93 |       0 |    0 |    31 |      0 |      0 |         13 |
|         ofmap_conv0_5_U                                                  |                           bd_0_hls_inst_0_mobilenet_v1_ofmap_conv0_RAM_AUTO_1R1W_252 |         64 |         64 |       0 |    0 |     0 |      0 |      1 |          0 |
|         ofmap_dw0_U                                                      |                                 bd_0_hls_inst_0_mobilenet_v1_ofmap_dw0_RAM_AUTO_1R1W |         56 |         56 |       0 |    0 |     0 |      4 |      0 |          0 |
|         ofmap_dw1_2_U                                                    |                             bd_0_hls_inst_0_mobilenet_v1_ofmap_dw1_RAM_AUTO_1R1W_258 |         60 |         60 |       0 |    0 |     0 |      0 |      1 |          0 |
|         ofmap_gap_U                                                      |                             bd_0_hls_inst_0_mobilenet_v1_ofmap_dw1_RAM_AUTO_1R1W_270 |         57 |         57 |       0 |    0 |     0 |      0 |      1 |          0 |
|         ofmap_pw0_7_U                                                    |                           bd_0_hls_inst_0_mobilenet_v1_ofmap_conv0_RAM_AUTO_1R1W_283 |         51 |         51 |       0 |    0 |     0 |      0 |      1 |          0 |
|         ofmap_pw0_8_U                                                    |                           bd_0_hls_inst_0_mobilenet_v1_ofmap_conv0_RAM_AUTO_1R1W_284 |         64 |         64 |       0 |    0 |     0 |      0 |      1 |          0 |
+--------------------------------------------------------------------------+--------------------------------------------------------------------------------------+------------+------------+---------+------+-------+--------+--------+------------+


